2022-05-13 17:33:14.620 INFO  [acme.Launcher@main] Starting Launcher using Java 1.8.0_281 on DESKTOP-B7M6F9V with PID 4320 (P:\Workspace-22.0\Frameworks\Acme-Framework-22.5.1\target\classes started by pabli in P:\Workspace-22.0\Projects\Acme-Toolkits-E3.08) 
2022-05-13 17:33:14.621 DEBUG [acme.Launcher@main] Running with Spring Boot v2.4.2, Spring v5.3.3 
2022-05-13 17:33:14.622 INFO  [acme.Launcher@main] The following profiles are active: development,default 
2022-05-13 17:33:17.891 DEBUG [org.apache.jasper.servlet.JasperInitializer@main] Initializing Jasper for context [application] 
2022-05-13 17:33:24.707 DEBUG [org.apache.jasper.servlet.JspServlet@main] Scratch dir for the JSP engine is: [C:\Users\pabli\AppData\Local\Temp\tomcat.8080.2720963707163621329\work\Tomcat\localhost\acme-toolkits-e3.08-1.0] 
2022-05-13 17:33:24.712 DEBUG [org.apache.jasper.servlet.JspServlet@main] IMPORTANT: Do not modify the generated servlets 
2022-05-13 17:33:24.721 INFO  [acme.Launcher@main] Started Launcher in 10.941 seconds (JVM running for 11.567) 
2022-05-13 17:33:24.726 DEBUG [acme.Launcher@main] Found classpath entry '/P:/Workspace-22.0/Projects/Acme-Toolkits-E3.08/target/test-classes/' 
2022-05-13 17:33:24.726 DEBUG [acme.Launcher@main] Found classpath entry '/P:/Workspace-22.0/Projects/Acme-Toolkits-E3.08/target/classes/' 
2022-05-13 17:33:24.726 DEBUG [acme.Launcher@main] Found classpath entry '/P:/Workspace-22.0/Frameworks/Acme-Framework-22.5.1/target/classes/' 
2022-05-13 17:33:24.726 DEBUG [acme.Launcher@main] Found classpath entry '/P:/Workspace-22.0/Frameworks/Acme-Framework-22.5.1/target/test-classes/' 
2022-05-13 17:33:24.727 DEBUG [acme.Launcher@main] Found classpath entry '/C:/Users/pabli/.m2/repository/org/springframework/boot/spring-boot-starter-tomcat/2.4.2/spring-boot-starter-tomcat-2.4.2.jar' 
2022-05-13 17:33:24.727 DEBUG [acme.Launcher@main] Found classpath entry '/C:/Users/pabli/.m2/repository/jakarta/annotation/jakarta.annotation-api/1.3.5/jakarta.annotation-api-1.3.5.jar' 
2022-05-13 17:33:24.728 DEBUG [acme.Launcher@main] Found classpath entry '/C:/Users/pabli/.m2/repository/org/apache/tomcat/embed/tomcat-embed-core/9.0.41/tomcat-embed-core-9.0.41.jar' 
2022-05-13 17:33:24.728 DEBUG [acme.Launcher@main] Found classpath entry '/C:/Users/pabli/.m2/repository/org/glassfish/jakarta.el/3.0.3/jakarta.el-3.0.3.jar' 
2022-05-13 17:33:24.728 DEBUG [acme.Launcher@main] Found classpath entry '/C:/Users/pabli/.m2/repository/org/apache/tomcat/embed/tomcat-embed-websocket/9.0.41/tomcat-embed-websocket-9.0.41.jar' 
2022-05-13 17:33:24.729 DEBUG [acme.Launcher@main] Found classpath entry '/C:/Users/pabli/.m2/repository/org/apache/tomcat/embed/tomcat-embed-jasper/9.0.41/tomcat-embed-jasper-9.0.41.jar' 
2022-05-13 17:33:24.729 DEBUG [acme.Launcher@main] Found classpath entry '/C:/Users/pabli/.m2/repository/org/apache/tomcat/embed/tomcat-embed-el/9.0.41/tomcat-embed-el-9.0.41.jar' 
2022-05-13 17:33:24.729 DEBUG [acme.Launcher@main] Found classpath entry '/C:/Users/pabli/.m2/repository/org/eclipse/jdt/ecj/3.18.0/ecj-3.18.0.jar' 
2022-05-13 17:33:24.729 DEBUG [acme.Launcher@main] Found classpath entry '/C:/Users/pabli/.m2/repository/javax/servlet/jstl/1.2/jstl-1.2.jar' 
2022-05-13 17:33:24.729 DEBUG [acme.Launcher@main] Found classpath entry '/C:/Users/pabli/.m2/repository/org/springframework/boot/spring-boot-starter-test/2.4.2/spring-boot-starter-test-2.4.2.jar' 
2022-05-13 17:33:24.729 DEBUG [acme.Launcher@main] Found classpath entry '/C:/Users/pabli/.m2/repository/org/springframework/boot/spring-boot-starter/2.4.2/spring-boot-starter-2.4.2.jar' 
2022-05-13 17:33:24.729 DEBUG [acme.Launcher@main] Found classpath entry '/C:/Users/pabli/.m2/repository/org/springframework/boot/spring-boot/2.4.2/spring-boot-2.4.2.jar' 
2022-05-13 17:33:24.731 DEBUG [acme.Launcher@main] Found classpath entry '/C:/Users/pabli/.m2/repository/org/springframework/boot/spring-boot-autoconfigure/2.4.2/spring-boot-autoconfigure-2.4.2.jar' 
2022-05-13 17:33:24.731 DEBUG [acme.Launcher@main] Found classpath entry '/C:/Users/pabli/.m2/repository/org/springframework/boot/spring-boot-starter-logging/2.4.2/spring-boot-starter-logging-2.4.2.jar' 
2022-05-13 17:33:24.731 DEBUG [acme.Launcher@main] Found classpath entry '/C:/Users/pabli/.m2/repository/ch/qos/logback/logback-classic/1.2.3/logback-classic-1.2.3.jar' 
2022-05-13 17:33:24.731 DEBUG [acme.Launcher@main] Found classpath entry '/C:/Users/pabli/.m2/repository/ch/qos/logback/logback-core/1.2.3/logback-core-1.2.3.jar' 
2022-05-13 17:33:24.731 DEBUG [acme.Launcher@main] Found classpath entry '/C:/Users/pabli/.m2/repository/org/apache/logging/log4j/log4j-to-slf4j/2.13.3/log4j-to-slf4j-2.13.3.jar' 
2022-05-13 17:33:24.731 DEBUG [acme.Launcher@main] Found classpath entry '/C:/Users/pabli/.m2/repository/org/apache/logging/log4j/log4j-api/2.13.3/log4j-api-2.13.3.jar' 
2022-05-13 17:33:24.732 DEBUG [acme.Launcher@main] Found classpath entry '/C:/Users/pabli/.m2/repository/org/slf4j/jul-to-slf4j/1.7.30/jul-to-slf4j-1.7.30.jar' 
2022-05-13 17:33:24.732 DEBUG [acme.Launcher@main] Found classpath entry '/C:/Users/pabli/.m2/repository/org/yaml/snakeyaml/1.27/snakeyaml-1.27.jar' 
2022-05-13 17:33:24.732 DEBUG [acme.Launcher@main] Found classpath entry '/C:/Users/pabli/.m2/repository/org/springframework/boot/spring-boot-test/2.4.2/spring-boot-test-2.4.2.jar' 
2022-05-13 17:33:24.732 DEBUG [acme.Launcher@main] Found classpath entry '/C:/Users/pabli/.m2/repository/org/springframework/boot/spring-boot-test-autoconfigure/2.4.2/spring-boot-test-autoconfigure-2.4.2.jar' 
2022-05-13 17:33:24.732 DEBUG [acme.Launcher@main] Found classpath entry '/C:/Users/pabli/.m2/repository/com/jayway/jsonpath/json-path/2.4.0/json-path-2.4.0.jar' 
2022-05-13 17:33:24.733 DEBUG [acme.Launcher@main] Found classpath entry '/C:/Users/pabli/.m2/repository/net/minidev/json-smart/2.3/json-smart-2.3.jar' 
2022-05-13 17:33:24.733 DEBUG [acme.Launcher@main] Found classpath entry '/C:/Users/pabli/.m2/repository/net/minidev/accessors-smart/1.2/accessors-smart-1.2.jar' 
2022-05-13 17:33:24.733 DEBUG [acme.Launcher@main] Found classpath entry '/C:/Users/pabli/.m2/repository/org/ow2/asm/asm/5.0.4/asm-5.0.4.jar' 
2022-05-13 17:33:24.733 DEBUG [acme.Launcher@main] Found classpath entry '/C:/Users/pabli/.m2/repository/jakarta/xml/bind/jakarta.xml.bind-api/2.3.3/jakarta.xml.bind-api-2.3.3.jar' 
2022-05-13 17:33:24.734 DEBUG [acme.Launcher@main] Found classpath entry '/C:/Users/pabli/.m2/repository/jakarta/activation/jakarta.activation-api/1.2.2/jakarta.activation-api-1.2.2.jar' 
2022-05-13 17:33:24.734 DEBUG [acme.Launcher@main] Found classpath entry '/C:/Users/pabli/.m2/repository/org/assertj/assertj-core/3.18.1/assertj-core-3.18.1.jar' 
2022-05-13 17:33:24.734 DEBUG [acme.Launcher@main] Found classpath entry '/C:/Users/pabli/.m2/repository/org/hamcrest/hamcrest/2.2/hamcrest-2.2.jar' 
2022-05-13 17:33:24.734 DEBUG [acme.Launcher@main] Found classpath entry '/C:/Users/pabli/.m2/repository/org/junit/jupiter/junit-jupiter/5.7.0/junit-jupiter-5.7.0.jar' 
2022-05-13 17:33:24.734 DEBUG [acme.Launcher@main] Found classpath entry '/C:/Users/pabli/.m2/repository/org/mockito/mockito-core/3.6.28/mockito-core-3.6.28.jar' 
2022-05-13 17:33:24.734 DEBUG [acme.Launcher@main] Found classpath entry '/C:/Users/pabli/.m2/repository/net/bytebuddy/byte-buddy-agent/1.10.19/byte-buddy-agent-1.10.19.jar' 
2022-05-13 17:33:24.734 DEBUG [acme.Launcher@main] Found classpath entry '/C:/Users/pabli/.m2/repository/org/objenesis/objenesis/3.1/objenesis-3.1.jar' 
2022-05-13 17:33:24.734 DEBUG [acme.Launcher@main] Found classpath entry '/C:/Users/pabli/.m2/repository/org/mockito/mockito-junit-jupiter/3.6.28/mockito-junit-jupiter-3.6.28.jar' 
2022-05-13 17:33:24.735 DEBUG [acme.Launcher@main] Found classpath entry '/C:/Users/pabli/.m2/repository/org/skyscreamer/jsonassert/1.5.0/jsonassert-1.5.0.jar' 
2022-05-13 17:33:24.735 DEBUG [acme.Launcher@main] Found classpath entry '/C:/Users/pabli/.m2/repository/com/vaadin/external/google/android-json/0.0.20131108.vaadin1/android-json-0.0.20131108.vaadin1.jar' 
2022-05-13 17:33:24.735 DEBUG [acme.Launcher@main] Found classpath entry '/C:/Users/pabli/.m2/repository/org/springframework/spring-core/5.3.3/spring-core-5.3.3.jar' 
2022-05-13 17:33:24.735 DEBUG [acme.Launcher@main] Found classpath entry '/C:/Users/pabli/.m2/repository/org/springframework/spring-jcl/5.3.3/spring-jcl-5.3.3.jar' 
2022-05-13 17:33:24.735 DEBUG [acme.Launcher@main] Found classpath entry '/C:/Users/pabli/.m2/repository/org/springframework/spring-test/5.3.3/spring-test-5.3.3.jar' 
2022-05-13 17:33:24.735 DEBUG [acme.Launcher@main] Found classpath entry '/C:/Users/pabli/.m2/repository/org/xmlunit/xmlunit-core/2.7.0/xmlunit-core-2.7.0.jar' 
2022-05-13 17:33:24.735 DEBUG [acme.Launcher@main] Found classpath entry '/C:/Users/pabli/.m2/repository/org/springframework/boot/spring-boot-starter-security/2.4.2/spring-boot-starter-security-2.4.2.jar' 
2022-05-13 17:33:24.736 DEBUG [acme.Launcher@main] Found classpath entry '/C:/Users/pabli/.m2/repository/org/springframework/spring-aop/5.3.3/spring-aop-5.3.3.jar' 
2022-05-13 17:33:24.736 DEBUG [acme.Launcher@main] Found classpath entry '/C:/Users/pabli/.m2/repository/org/springframework/security/spring-security-web/5.4.2/spring-security-web-5.4.2.jar' 
2022-05-13 17:33:24.736 DEBUG [acme.Launcher@main] Found classpath entry '/C:/Users/pabli/.m2/repository/org/springframework/security/spring-security-core/5.4.2/spring-security-core-5.4.2.jar' 
2022-05-13 17:33:24.736 DEBUG [acme.Launcher@main] Found classpath entry '/C:/Users/pabli/.m2/repository/org/springframework/spring-beans/5.3.3/spring-beans-5.3.3.jar' 
2022-05-13 17:33:24.736 DEBUG [acme.Launcher@main] Found classpath entry '/C:/Users/pabli/.m2/repository/org/springframework/spring-context/5.3.3/spring-context-5.3.3.jar' 
2022-05-13 17:33:24.736 DEBUG [acme.Launcher@main] Found classpath entry '/C:/Users/pabli/.m2/repository/org/springframework/spring-expression/5.3.3/spring-expression-5.3.3.jar' 
2022-05-13 17:33:24.737 DEBUG [acme.Launcher@main] Found classpath entry '/C:/Users/pabli/.m2/repository/org/springframework/spring-web/5.3.3/spring-web-5.3.3.jar' 
2022-05-13 17:33:24.737 DEBUG [acme.Launcher@main] Found classpath entry '/C:/Users/pabli/.m2/repository/org/springframework/security/spring-security-config/5.4.2/spring-security-config-5.4.2.jar' 
2022-05-13 17:33:24.737 DEBUG [acme.Launcher@main] Found classpath entry '/C:/Users/pabli/.m2/repository/org/springframework/security/spring-security-taglibs/5.4.2/spring-security-taglibs-5.4.2.jar' 
2022-05-13 17:33:24.737 DEBUG [acme.Launcher@main] Found classpath entry '/C:/Users/pabli/.m2/repository/org/springframework/security/spring-security-acl/5.4.2/spring-security-acl-5.4.2.jar' 
2022-05-13 17:33:24.737 DEBUG [acme.Launcher@main] Found classpath entry '/C:/Users/pabli/.m2/repository/org/springframework/spring-jdbc/5.3.3/spring-jdbc-5.3.3.jar' 
2022-05-13 17:33:24.737 DEBUG [acme.Launcher@main] Found classpath entry '/C:/Users/pabli/.m2/repository/org/springframework/spring-tx/5.3.3/spring-tx-5.3.3.jar' 
2022-05-13 17:33:24.737 DEBUG [acme.Launcher@main] Found classpath entry '/C:/Users/pabli/.m2/repository/org/springframework/boot/spring-boot-starter-web/2.4.2/spring-boot-starter-web-2.4.2.jar' 
2022-05-13 17:33:24.738 DEBUG [acme.Launcher@main] Found classpath entry '/C:/Users/pabli/.m2/repository/org/springframework/boot/spring-boot-starter-json/2.4.2/spring-boot-starter-json-2.4.2.jar' 
2022-05-13 17:33:24.738 DEBUG [acme.Launcher@main] Found classpath entry '/C:/Users/pabli/.m2/repository/com/fasterxml/jackson/core/jackson-databind/2.11.4/jackson-databind-2.11.4.jar' 
2022-05-13 17:33:24.738 DEBUG [acme.Launcher@main] Found classpath entry '/C:/Users/pabli/.m2/repository/com/fasterxml/jackson/core/jackson-annotations/2.11.4/jackson-annotations-2.11.4.jar' 
2022-05-13 17:33:24.738 DEBUG [acme.Launcher@main] Found classpath entry '/C:/Users/pabli/.m2/repository/com/fasterxml/jackson/core/jackson-core/2.11.4/jackson-core-2.11.4.jar' 
2022-05-13 17:33:24.738 DEBUG [acme.Launcher@main] Found classpath entry '/C:/Users/pabli/.m2/repository/com/fasterxml/jackson/datatype/jackson-datatype-jdk8/2.11.4/jackson-datatype-jdk8-2.11.4.jar' 
2022-05-13 17:33:24.738 DEBUG [acme.Launcher@main] Found classpath entry '/C:/Users/pabli/.m2/repository/com/fasterxml/jackson/datatype/jackson-datatype-jsr310/2.11.4/jackson-datatype-jsr310-2.11.4.jar' 
2022-05-13 17:33:24.738 DEBUG [acme.Launcher@main] Found classpath entry '/C:/Users/pabli/.m2/repository/com/fasterxml/jackson/module/jackson-module-parameter-names/2.11.4/jackson-module-parameter-names-2.11.4.jar' 
2022-05-13 17:33:24.739 DEBUG [acme.Launcher@main] Found classpath entry '/C:/Users/pabli/.m2/repository/org/springframework/spring-webmvc/5.3.3/spring-webmvc-5.3.3.jar' 
2022-05-13 17:33:24.739 DEBUG [acme.Launcher@main] Found classpath entry '/C:/Users/pabli/.m2/repository/org/apache/tiles/tiles-jsp/3.0.8/tiles-jsp-3.0.8.jar' 
2022-05-13 17:33:24.739 DEBUG [acme.Launcher@main] Found classpath entry '/C:/Users/pabli/.m2/repository/org/apache/tiles/tiles-servlet/3.0.8/tiles-servlet-3.0.8.jar' 
2022-05-13 17:33:24.739 DEBUG [acme.Launcher@main] Found classpath entry '/C:/Users/pabli/.m2/repository/org/apache/tiles/tiles-core/3.0.8/tiles-core-3.0.8.jar' 
2022-05-13 17:33:24.739 DEBUG [acme.Launcher@main] Found classpath entry '/C:/Users/pabli/.m2/repository/commons-digester/commons-digester/2.0/commons-digester-2.0.jar' 
2022-05-13 17:33:24.739 DEBUG [acme.Launcher@main] Found classpath entry '/C:/Users/pabli/.m2/repository/org/slf4j/jcl-over-slf4j/1.7.30/jcl-over-slf4j-1.7.30.jar' 
2022-05-13 17:33:24.739 DEBUG [acme.Launcher@main] Found classpath entry '/C:/Users/pabli/.m2/repository/org/apache/tiles/tiles-request-servlet/1.0.7/tiles-request-servlet-1.0.7.jar' 
2022-05-13 17:33:24.740 DEBUG [acme.Launcher@main] Found classpath entry '/C:/Users/pabli/.m2/repository/org/apache/tiles/tiles-template/3.0.8/tiles-template-3.0.8.jar' 
2022-05-13 17:33:24.740 DEBUG [acme.Launcher@main] Found classpath entry '/C:/Users/pabli/.m2/repository/org/apache/tiles/tiles-api/3.0.8/tiles-api-3.0.8.jar' 
2022-05-13 17:33:24.740 DEBUG [acme.Launcher@main] Found classpath entry '/C:/Users/pabli/.m2/repository/org/apache/tiles/tiles-autotag-core-runtime/1.2/tiles-autotag-core-runtime-1.2.jar' 
2022-05-13 17:33:24.740 DEBUG [acme.Launcher@main] Found classpath entry '/C:/Users/pabli/.m2/repository/org/slf4j/slf4j-api/1.7.30/slf4j-api-1.7.30.jar' 
2022-05-13 17:33:24.740 DEBUG [acme.Launcher@main] Found classpath entry '/C:/Users/pabli/.m2/repository/org/apache/tiles/tiles-request-jsp/1.0.7/tiles-request-jsp-1.0.7.jar' 
2022-05-13 17:33:24.740 DEBUG [acme.Launcher@main] Found classpath entry '/C:/Users/pabli/.m2/repository/org/apache/tiles/tiles-request-api/1.0.7/tiles-request-api-1.0.7.jar' 
2022-05-13 17:33:24.740 DEBUG [acme.Launcher@main] Found classpath entry '/C:/Users/pabli/.m2/repository/org/springframework/boot/spring-boot-starter-data-jpa/2.4.2/spring-boot-starter-data-jpa-2.4.2.jar' 
2022-05-13 17:33:24.741 DEBUG [acme.Launcher@main] Found classpath entry '/C:/Users/pabli/.m2/repository/org/springframework/boot/spring-boot-starter-aop/2.4.2/spring-boot-starter-aop-2.4.2.jar' 
2022-05-13 17:33:24.741 DEBUG [acme.Launcher@main] Found classpath entry '/C:/Users/pabli/.m2/repository/org/aspectj/aspectjweaver/1.9.6/aspectjweaver-1.9.6.jar' 
2022-05-13 17:33:24.741 DEBUG [acme.Launcher@main] Found classpath entry '/C:/Users/pabli/.m2/repository/org/springframework/boot/spring-boot-starter-jdbc/2.4.2/spring-boot-starter-jdbc-2.4.2.jar' 
2022-05-13 17:33:24.741 DEBUG [acme.Launcher@main] Found classpath entry '/C:/Users/pabli/.m2/repository/jakarta/transaction/jakarta.transaction-api/1.3.3/jakarta.transaction-api-1.3.3.jar' 
2022-05-13 17:33:24.741 DEBUG [acme.Launcher@main] Found classpath entry '/C:/Users/pabli/.m2/repository/jakarta/persistence/jakarta.persistence-api/2.2.3/jakarta.persistence-api-2.2.3.jar' 
2022-05-13 17:33:24.741 DEBUG [acme.Launcher@main] Found classpath entry '/C:/Users/pabli/.m2/repository/org/hibernate/hibernate-core/5.4.27.Final/hibernate-core-5.4.27.Final.jar' 
2022-05-13 17:33:24.741 DEBUG [acme.Launcher@main] Found classpath entry '/C:/Users/pabli/.m2/repository/org/jboss/logging/jboss-logging/3.4.1.Final/jboss-logging-3.4.1.Final.jar' 
2022-05-13 17:33:24.742 DEBUG [acme.Launcher@main] Found classpath entry '/C:/Users/pabli/.m2/repository/org/javassist/javassist/3.27.0-GA/javassist-3.27.0-GA.jar' 
2022-05-13 17:33:24.742 DEBUG [acme.Launcher@main] Found classpath entry '/C:/Users/pabli/.m2/repository/antlr/antlr/2.7.7/antlr-2.7.7.jar' 
2022-05-13 17:33:24.742 DEBUG [acme.Launcher@main] Found classpath entry '/C:/Users/pabli/.m2/repository/org/jboss/jandex/2.1.3.Final/jandex-2.1.3.Final.jar' 
2022-05-13 17:33:24.742 DEBUG [acme.Launcher@main] Found classpath entry '/C:/Users/pabli/.m2/repository/com/fasterxml/classmate/1.5.1/classmate-1.5.1.jar' 
2022-05-13 17:33:24.742 DEBUG [acme.Launcher@main] Found classpath entry '/C:/Users/pabli/.m2/repository/org/dom4j/dom4j/2.1.3/dom4j-2.1.3.jar' 
2022-05-13 17:33:24.742 DEBUG [acme.Launcher@main] Found classpath entry '/C:/Users/pabli/.m2/repository/org/hibernate/common/hibernate-commons-annotations/5.1.2.Final/hibernate-commons-annotations-5.1.2.Final.jar' 
2022-05-13 17:33:24.742 DEBUG [acme.Launcher@main] Found classpath entry '/C:/Users/pabli/.m2/repository/org/glassfish/jaxb/jaxb-runtime/2.3.3/jaxb-runtime-2.3.3.jar' 
2022-05-13 17:33:24.743 DEBUG [acme.Launcher@main] Found classpath entry '/C:/Users/pabli/.m2/repository/org/glassfish/jaxb/txw2/2.3.3/txw2-2.3.3.jar' 
2022-05-13 17:33:24.743 DEBUG [acme.Launcher@main] Found classpath entry '/C:/Users/pabli/.m2/repository/com/sun/istack/istack-commons-runtime/3.0.11/istack-commons-runtime-3.0.11.jar' 
2022-05-13 17:33:24.743 DEBUG [acme.Launcher@main] Found classpath entry '/C:/Users/pabli/.m2/repository/com/sun/activation/jakarta.activation/1.2.2/jakarta.activation-1.2.2.jar' 
2022-05-13 17:33:24.743 DEBUG [acme.Launcher@main] Found classpath entry '/C:/Users/pabli/.m2/repository/org/springframework/data/spring-data-jpa/2.4.3/spring-data-jpa-2.4.3.jar' 
2022-05-13 17:33:24.743 DEBUG [acme.Launcher@main] Found classpath entry '/C:/Users/pabli/.m2/repository/org/springframework/data/spring-data-commons/2.4.3/spring-data-commons-2.4.3.jar' 
2022-05-13 17:33:24.743 DEBUG [acme.Launcher@main] Found classpath entry '/C:/Users/pabli/.m2/repository/org/springframework/spring-orm/5.3.3/spring-orm-5.3.3.jar' 
2022-05-13 17:33:24.743 DEBUG [acme.Launcher@main] Found classpath entry '/C:/Users/pabli/.m2/repository/org/springframework/spring-aspects/5.3.3/spring-aspects-5.3.3.jar' 
2022-05-13 17:33:24.744 DEBUG [acme.Launcher@main] Found classpath entry '/C:/Users/pabli/.m2/repository/org/springframework/boot/spring-boot-starter-validation/2.4.2/spring-boot-starter-validation-2.4.2.jar' 
2022-05-13 17:33:24.744 DEBUG [acme.Launcher@main] Found classpath entry '/C:/Users/pabli/.m2/repository/org/hibernate/validator/hibernate-validator/6.1.7.Final/hibernate-validator-6.1.7.Final.jar' 
2022-05-13 17:33:24.744 DEBUG [acme.Launcher@main] Found classpath entry '/C:/Users/pabli/.m2/repository/jakarta/validation/jakarta.validation-api/2.0.2/jakarta.validation-api-2.0.2.jar' 
2022-05-13 17:33:24.744 DEBUG [acme.Launcher@main] Found classpath entry '/C:/Users/pabli/.m2/repository/mysql/mysql-connector-java/8.0.22/mysql-connector-java-8.0.22.jar' 
2022-05-13 17:33:24.745 DEBUG [acme.Launcher@main] Found classpath entry '/C:/Users/pabli/.m2/repository/com/zaxxer/HikariCP/3.4.5/HikariCP-3.4.5.jar' 
2022-05-13 17:33:24.745 DEBUG [acme.Launcher@main] Found classpath entry '/C:/Users/pabli/.m2/repository/org/junit/jupiter/junit-jupiter-engine/5.7.0/junit-jupiter-engine-5.7.0.jar' 
2022-05-13 17:33:24.745 DEBUG [acme.Launcher@main] Found classpath entry '/C:/Users/pabli/.m2/repository/org/apiguardian/apiguardian-api/1.1.0/apiguardian-api-1.1.0.jar' 
2022-05-13 17:33:24.746 DEBUG [acme.Launcher@main] Found classpath entry '/C:/Users/pabli/.m2/repository/org/junit/platform/junit-platform-engine/1.7.0/junit-platform-engine-1.7.0.jar' 
2022-05-13 17:33:24.746 DEBUG [acme.Launcher@main] Found classpath entry '/C:/Users/pabli/.m2/repository/org/junit/jupiter/junit-jupiter-api/5.7.0/junit-jupiter-api-5.7.0.jar' 
2022-05-13 17:33:24.746 DEBUG [acme.Launcher@main] Found classpath entry '/C:/Users/pabli/.m2/repository/org/opentest4j/opentest4j/1.2.0/opentest4j-1.2.0.jar' 
2022-05-13 17:33:24.746 DEBUG [acme.Launcher@main] Found classpath entry '/C:/Users/pabli/.m2/repository/org/junit/platform/junit-platform-commons/1.7.0/junit-platform-commons-1.7.0.jar' 
2022-05-13 17:33:24.746 DEBUG [acme.Launcher@main] Found classpath entry '/C:/Users/pabli/.m2/repository/org/junit/jupiter/junit-jupiter-params/5.7.0/junit-jupiter-params-5.7.0.jar' 
2022-05-13 17:33:24.746 DEBUG [acme.Launcher@main] Found classpath entry '/C:/Users/pabli/.m2/repository/org/junit/platform/junit-platform-launcher/1.7.0/junit-platform-launcher-1.7.0.jar' 
2022-05-13 17:33:24.747 DEBUG [acme.Launcher@main] Found classpath entry '/C:/Users/pabli/.m2/repository/org/seleniumhq/selenium/selenium-java/3.141.59/selenium-java-3.141.59.jar' 
2022-05-13 17:33:24.747 DEBUG [acme.Launcher@main] Found classpath entry '/C:/Users/pabli/.m2/repository/org/seleniumhq/selenium/selenium-api/3.141.59/selenium-api-3.141.59.jar' 
2022-05-13 17:33:24.747 DEBUG [acme.Launcher@main] Found classpath entry '/C:/Users/pabli/.m2/repository/org/seleniumhq/selenium/selenium-chrome-driver/3.141.59/selenium-chrome-driver-3.141.59.jar' 
2022-05-13 17:33:24.747 DEBUG [acme.Launcher@main] Found classpath entry '/C:/Users/pabli/.m2/repository/org/seleniumhq/selenium/selenium-edge-driver/3.141.59/selenium-edge-driver-3.141.59.jar' 
2022-05-13 17:33:24.747 DEBUG [acme.Launcher@main] Found classpath entry '/C:/Users/pabli/.m2/repository/org/seleniumhq/selenium/selenium-firefox-driver/3.141.59/selenium-firefox-driver-3.141.59.jar' 
2022-05-13 17:33:24.747 DEBUG [acme.Launcher@main] Found classpath entry '/C:/Users/pabli/.m2/repository/org/seleniumhq/selenium/selenium-ie-driver/3.141.59/selenium-ie-driver-3.141.59.jar' 
2022-05-13 17:33:24.747 DEBUG [acme.Launcher@main] Found classpath entry '/C:/Users/pabli/.m2/repository/org/seleniumhq/selenium/selenium-opera-driver/3.141.59/selenium-opera-driver-3.141.59.jar' 
2022-05-13 17:33:24.748 DEBUG [acme.Launcher@main] Found classpath entry '/C:/Users/pabli/.m2/repository/org/seleniumhq/selenium/selenium-remote-driver/3.141.59/selenium-remote-driver-3.141.59.jar' 
2022-05-13 17:33:24.748 DEBUG [acme.Launcher@main] Found classpath entry '/C:/Users/pabli/.m2/repository/org/seleniumhq/selenium/selenium-safari-driver/3.141.59/selenium-safari-driver-3.141.59.jar' 
2022-05-13 17:33:24.748 DEBUG [acme.Launcher@main] Found classpath entry '/C:/Users/pabli/.m2/repository/org/seleniumhq/selenium/selenium-support/3.141.59/selenium-support-3.141.59.jar' 
2022-05-13 17:33:24.748 DEBUG [acme.Launcher@main] Found classpath entry '/C:/Users/pabli/.m2/repository/net/bytebuddy/byte-buddy/1.10.19/byte-buddy-1.10.19.jar' 
2022-05-13 17:33:24.748 DEBUG [acme.Launcher@main] Found classpath entry '/C:/Users/pabli/.m2/repository/org/apache/commons/commons-exec/1.3/commons-exec-1.3.jar' 
2022-05-13 17:33:24.748 DEBUG [acme.Launcher@main] Found classpath entry '/C:/Users/pabli/.m2/repository/com/google/guava/guava/25.0-jre/guava-25.0-jre.jar' 
2022-05-13 17:33:24.748 DEBUG [acme.Launcher@main] Found classpath entry '/C:/Users/pabli/.m2/repository/com/google/code/findbugs/jsr305/1.3.9/jsr305-1.3.9.jar' 
2022-05-13 17:33:24.748 DEBUG [acme.Launcher@main] Found classpath entry '/C:/Users/pabli/.m2/repository/org/checkerframework/checker-compat-qual/2.0.0/checker-compat-qual-2.0.0.jar' 
2022-05-13 17:33:24.748 DEBUG [acme.Launcher@main] Found classpath entry '/C:/Users/pabli/.m2/repository/com/google/errorprone/error_prone_annotations/2.1.3/error_prone_annotations-2.1.3.jar' 
2022-05-13 17:33:24.748 DEBUG [acme.Launcher@main] Found classpath entry '/C:/Users/pabli/.m2/repository/com/google/j2objc/j2objc-annotations/1.1/j2objc-annotations-1.1.jar' 
2022-05-13 17:33:24.748 DEBUG [acme.Launcher@main] Found classpath entry '/C:/Users/pabli/.m2/repository/org/codehaus/mojo/animal-sniffer-annotations/1.14/animal-sniffer-annotations-1.14.jar' 
2022-05-13 17:33:24.749 DEBUG [acme.Launcher@main] Found classpath entry '/C:/Users/pabli/.m2/repository/com/squareup/okhttp3/okhttp/3.14.9/okhttp-3.14.9.jar' 
2022-05-13 17:33:24.749 DEBUG [acme.Launcher@main] Found classpath entry '/C:/Users/pabli/.m2/repository/com/squareup/okio/okio/1.14.0/okio-1.14.0.jar' 
2022-05-13 17:33:24.749 DEBUG [acme.Launcher@main] Found classpath entry '/C:/Users/pabli/.m2/repository/org/apache/commons/commons-lang3/3.11/commons-lang3-3.11.jar' 
2022-05-13 17:33:24.749 DEBUG [acme.Launcher@main] Found classpath entry '/C:/Users/pabli/.m2/repository/org/apache/commons/commons-text/1.8/commons-text-1.8.jar' 
2022-05-13 17:33:24.749 DEBUG [acme.Launcher@main] Found classpath entry '/C:/Users/pabli/.m2/repository/commons-io/commons-io/2.6/commons-io-2.6.jar' 
2022-05-13 17:33:24.749 DEBUG [acme.Launcher@main] Found classpath entry '/C:/Users/pabli/.m2/repository/commons-cli/commons-cli/1.4/commons-cli-1.4.jar' 
2022-05-13 17:33:24.749 DEBUG [acme.Launcher@main] Found classpath entry '/C:/Users/pabli/.m2/repository/org/projectlombok/lombok/1.18.16/lombok-1.18.16.jar' 
2022-05-13 17:33:24.749 DEBUG [acme.Launcher@main] Found classpath entry '/C:/Users/pabli/.m2/repository/com/opencsv/opencsv/5.4/opencsv-5.4.jar' 
2022-05-13 17:33:24.749 DEBUG [acme.Launcher@main] Found classpath entry '/C:/Users/pabli/.m2/repository/commons-beanutils/commons-beanutils/1.9.4/commons-beanutils-1.9.4.jar' 
2022-05-13 17:33:24.749 DEBUG [acme.Launcher@main] Found classpath entry '/C:/Users/pabli/.m2/repository/commons-logging/commons-logging/1.2/commons-logging-1.2.jar' 
2022-05-13 17:33:24.749 DEBUG [acme.Launcher@main] Found classpath entry '/C:/Users/pabli/.m2/repository/commons-collections/commons-collections/3.2.2/commons-collections-3.2.2.jar' 
2022-05-13 17:33:24.749 DEBUG [acme.Launcher@main] Found classpath entry '/C:/Users/pabli/.m2/repository/org/apache/commons/commons-collections4/4.4/commons-collections4-4.4.jar' 
2022-05-13 17:33:24.840 DEBUG [acme.Launcher@main] Found entity class 'acme.entities.Announcement 
2022-05-13 17:33:24.840 DEBUG [acme.Launcher@main] Found entity class 'acme.entities.Chirp 
2022-05-13 17:33:24.841 DEBUG [acme.Launcher@main] Found entity class 'acme.entities.Item 
2022-05-13 17:33:24.841 DEBUG [acme.Launcher@main] Found entity class 'acme.entities.Patronage 
2022-05-13 17:33:24.841 DEBUG [acme.Launcher@main] Found entity class 'acme.entities.PatronageReport 
2022-05-13 17:33:24.841 DEBUG [acme.Launcher@main] Found entity class 'acme.entities.Quantity 
2022-05-13 17:33:24.841 DEBUG [acme.Launcher@main] Found entity class 'acme.entities.SystemConfiguration 
2022-05-13 17:33:24.841 DEBUG [acme.Launcher@main] Found entity class 'acme.entities.Toolkit 
2022-05-13 17:33:24.841 DEBUG [acme.Launcher@main] Found entity class 'acme.roles.Consumer 
2022-05-13 17:33:24.842 DEBUG [acme.Launcher@main] Found entity class 'acme.roles.Inventor 
2022-05-13 17:33:24.842 DEBUG [acme.Launcher@main] Found entity class 'acme.roles.Patron 
2022-05-13 17:33:24.842 DEBUG [acme.Launcher@main] Found entity class 'acme.roles.Provider 
2022-05-13 17:33:24.843 DEBUG [acme.Launcher@main] Found entity class 'acme.framework.entities.UserAccount 
2022-05-13 17:33:24.843 DEBUG [acme.Launcher@main] Found entity class 'acme.framework.roles.Administrator 
2022-05-13 17:33:24.843 DEBUG [acme.Launcher@main] Found entity class 'acme.framework.roles.Anonymous 
2022-05-13 17:33:24.843 DEBUG [acme.Launcher@main] Found entity class 'acme.framework.roles.Any 
2022-05-13 17:33:24.843 DEBUG [acme.Launcher@main] Found entity class 'acme.framework.roles.Authenticated 
2022-05-13 17:33:24.849 INFO  [acme.Launcher@main] Running application (Standalone) 
2022-05-13 17:33:33.366 DEBUG [org.hibernate.SQL@http-nio-8080-exec-1] select useraccoun0_.id as id1_0_, useraccoun0_.version as version2_0_, useraccoun0_.enabled as enabled1_17_, useraccoun0_.identity as identity2_17_, useraccoun0_.password as password3_17_, useraccoun0_.username as username4_17_ from user_account useraccoun0_ where useraccoun0_.username=? 
2022-05-13 17:33:33.385 TRACE [org.hibernate.type.descriptor.sql.BasicBinder@http-nio-8080-exec-1] binding parameter [1] as [VARCHAR] - [inventor1] 
2022-05-13 17:33:33.437 DEBUG [org.hibernate.SQL@http-nio-8080-exec-1] select roles0_.user_account_id as user_acc1_18_0_, roles0_.id as id1_18_0_, roles0_.id as id1_0_1_, roles0_.version as version2_0_1_, roles0_.user_account_id as user_acc1_18_1_, roles0_.company as company1_7_1_, roles0_.sector as sector2_7_1_, roles0_.company as company1_8_1_, roles0_.info as info2_8_1_, roles0_.statement as statemen3_8_1_, roles0_.company as company1_10_1_, roles0_.info as info2_10_1_, roles0_.statement as statemen3_10_1_, roles0_.company as company1_13_1_, roles0_.sector as sector2_13_1_, roles0_.clazz_ as clazz_1_ from ( select id, version, user_account_id, company, sector, null as info, null as statement, 10 as clazz_ from consumer union all select id, version, user_account_id, company, null as sector, info, statement, 11 as clazz_ from inventor union all select id, version, user_account_id, company, null as sector, info, statement, 12 as clazz_ from patron union all select id, version, user_account_id, company, sector, null as info, null as statement, 13 as clazz_ from provider union all select id, version, user_account_id, null as company, null as sector, null as info, null as statement, 15 as clazz_ from administrator union all select id, version, user_account_id, null as company, null as sector, null as info, null as statement, 16 as clazz_ from anonymous union all select id, version, user_account_id, null as company, null as sector, null as info, null as statement, 17 as clazz_ from any union all select id, version, user_account_id, null as company, null as sector, null as info, null as statement, 18 as clazz_ from authenticated ) roles0_ where roles0_.user_account_id=? 
2022-05-13 17:33:33.439 TRACE [org.hibernate.type.descriptor.sql.BasicBinder@http-nio-8080-exec-1] binding parameter [1] as [INTEGER] - [12] 
2022-05-13 17:33:33.530 DEBUG [acme.framework.controllers.AbstractController@http-nio-8080-exec-1] DISPATCHING GET /acme-toolkits-e3.08-1.0/any/item/show 
2022-05-13 17:33:33.531 DEBUG [acme.framework.controllers.AbstractController@http-nio-8080-exec-1] Command: show 
2022-05-13 17:33:33.531 DEBUG [acme.framework.controllers.AbstractController@http-nio-8080-exec-1] Model:   {id=46} 
2022-05-13 17:33:33.531 DEBUG [acme.framework.controllers.AbstractController@http-nio-8080-exec-1] Locale:  en 
2022-05-13 17:33:33.557 DEBUG [org.hibernate.SQL@http-nio-8080-exec-1] select item0_.id as id1_0_, item0_.version as version2_0_, item0_.code as code1_9_, item0_.description as descript2_9_, item0_.inventor_id as invento10_9_, item0_.item_type as item_typ3_9_, item0_.link as link4_9_, item0_.name as name5_9_, item0_.published as publishe6_9_, item0_.retail_price_amount as retail_p7_9_, item0_.retail_price_currency as retail_p8_9_, item0_.technology as technolo9_9_ from item item0_ where item0_.id=? 
2022-05-13 17:33:33.560 TRACE [org.hibernate.type.descriptor.sql.BasicBinder@http-nio-8080-exec-1] binding parameter [1] as [INTEGER] - [46] 
2022-05-13 17:33:33.563 DEBUG [org.hibernate.SQL@http-nio-8080-exec-1] select inventor0_.id as id1_0_0_, inventor0_.version as version2_0_0_, inventor0_.user_account_id as user_acc1_18_0_, inventor0_.company as company1_8_0_, inventor0_.info as info2_8_0_, inventor0_.statement as statemen3_8_0_, useraccoun1_.id as id1_0_1_, useraccoun1_.version as version2_0_1_, useraccoun1_.enabled as enabled1_17_1_, useraccoun1_.identity as identity2_17_1_, useraccoun1_.password as password3_17_1_, useraccoun1_.username as username4_17_1_ from inventor inventor0_ inner join user_account useraccoun1_ on inventor0_.user_account_id=useraccoun1_.id where inventor0_.id=? 
2022-05-13 17:33:33.563 TRACE [org.hibernate.type.descriptor.sql.BasicBinder@http-nio-8080-exec-1] binding parameter [1] as [INTEGER] - [26] 
2022-05-13 17:33:33.581 DEBUG [org.hibernate.SQL@http-nio-8080-exec-1] select systemconf0_.id as id1_0_, systemconf0_.version as version2_0_, systemconf0_.accepted_currencies as accepted1_15_, systemconf0_.strong_spam_terms as strong_s2_15_, systemconf0_.strong_spam_threshold as strong_s3_15_, systemconf0_.system_currency as system_c4_15_, systemconf0_.weak_spam_terms as weak_spa5_15_, systemconf0_.weak_spam_threshold as weak_spa6_15_ from system_configuration systemconf0_ 
2022-05-13 17:33:34.453 DEBUG [acme.framework.controllers.AbstractController@http-nio-8080-exec-1] SERVING GET /acme-toolkits-e3.08-1.0/any/item/show 
2022-05-13 17:33:34.456 DEBUG [acme.framework.controllers.AbstractController@http-nio-8080-exec-1] Result: ModelAndView [view="any/item/form"; model={code=ADC-123-U, moneyExchange=<<EUR 115.62>>, name=ertete, link=http://www.gdg.com, description=GDFGSGBSD, technology=MADERA, id=46, retailPrice=<<USD 120.20>>, version=1, command=show, principal=acme.framework.entities.Principal@ec907a}] 
2022-05-13 17:33:34.481 DEBUG [acme.framework.components.tiles.DynamicTilesView@http-nio-8080-exec-1] View name 'any/item/form', model {code=ADC-123-U, moneyExchange=<<EUR 115.62>>, name=ertete, link=http://www.gdg.com, description=GDFGSGBSD, technology=MADERA, id=46, retailPrice=<<USD 120.20>>, version=1, command=show, principal=acme.framework.entities.Principal@ec907a, org.springframework.validation.BindingResult.moneyExchange=org.springframework.validation.BeanPropertyBindingResult: 0 errors, org.springframework.validation.BindingResult.retailPrice=org.springframework.validation.BeanPropertyBindingResult: 0 errors, org.springframework.validation.BindingResult.principal=org.springframework.validation.BeanPropertyBindingResult: 0 errors} 
2022-05-13 17:33:34.506 DEBUG [org.apache.tiles.definition.dao.BaseLocaleUrlDefinitionDAO@http-nio-8080-exec-1] File Resource file:/P:/Workspace-22.0/Projects/Acme-Toolkits-E3.08/target/classes/WEB-INF/views/master/tiles_en.xml at file:/P:/Workspace-22.0/Projects/Acme-Toolkits-E3.08/target/classes/WEB-INF/views/master/tiles_en.xml not found, continue 
2022-05-13 17:33:34.517 DEBUG [org.apache.jasper.servlet.JspServlet@http-nio-8080-exec-1] JspEngine --> /WEB-INF/views/master/page.jsp 
2022-05-13 17:33:34.517 DEBUG [org.apache.jasper.servlet.JspServlet@http-nio-8080-exec-1] ServletPath: /WEB-INF/views/master/page.jsp 
2022-05-13 17:33:34.518 DEBUG [org.apache.jasper.servlet.JspServlet@http-nio-8080-exec-1] PathInfo: null 
2022-05-13 17:33:34.521 DEBUG [org.apache.jasper.servlet.JspServlet@http-nio-8080-exec-1] RealPath: P:\Workspace-22.0\Projects\Acme-Toolkits-E3.08\target\classes\WEB-INF\views\master\page.jsp 
2022-05-13 17:33:34.524 DEBUG [org.apache.jasper.servlet.JspServlet@http-nio-8080-exec-1] RequestURI: /acme-toolkits-e3.08-1.0/WEB-INF/views/master/page.jsp 
2022-05-13 17:33:34.526 DEBUG [org.apache.jasper.servlet.JspServlet@http-nio-8080-exec-1] QueryString: id=46 
2022-05-13 17:33:39.969 DEBUG [acme.framework.configuration.ExtendedMessageSource@http-nio-8080-exec-1] Loading properties [P:\Workspace-22.0\Projects\Acme-Toolkits-E3.08\target\classes\WEB-INF\views\administrator\administrator-dashboard\messages-en.i18n] with encoding 'utf-8' 
2022-05-13 17:33:39.974 DEBUG [acme.framework.configuration.ExtendedMessageSource@http-nio-8080-exec-1] Loading properties [P:\Workspace-22.0\Projects\Acme-Toolkits-E3.08\target\classes\WEB-INF\views\administrator\announcement\messages-en.i18n] with encoding 'utf-8' 
2022-05-13 17:33:39.975 DEBUG [acme.framework.configuration.ExtendedMessageSource@http-nio-8080-exec-1] Loading properties [P:\Workspace-22.0\Projects\Acme-Toolkits-E3.08\target\classes\WEB-INF\views\administrator\system-configuration\messsages-en.i18n] with encoding 'utf-8' 
2022-05-13 17:33:39.976 DEBUG [acme.framework.configuration.ExtendedMessageSource@http-nio-8080-exec-1] Loading properties [P:\Workspace-22.0\Projects\Acme-Toolkits-E3.08\target\classes\WEB-INF\views\administrator\user-account\messages-en.i18n] with encoding 'utf-8' 
2022-05-13 17:33:39.977 DEBUG [acme.framework.configuration.ExtendedMessageSource@http-nio-8080-exec-1] Loading properties [P:\Workspace-22.0\Projects\Acme-Toolkits-E3.08\target\classes\WEB-INF\views\anonymous\user-account\messages-en.i18n] with encoding 'utf-8' 
2022-05-13 17:33:39.978 DEBUG [acme.framework.configuration.ExtendedMessageSource@http-nio-8080-exec-1] Loading properties [P:\Workspace-22.0\Projects\Acme-Toolkits-E3.08\target\classes\WEB-INF\views\any\chirp\messsages-en.i18n] with encoding 'utf-8' 
2022-05-13 17:33:39.979 DEBUG [acme.framework.configuration.ExtendedMessageSource@http-nio-8080-exec-1] Loading properties [P:\Workspace-22.0\Projects\Acme-Toolkits-E3.08\target\classes\WEB-INF\views\any\item\messsages-en.i18n] with encoding 'utf-8' 
2022-05-13 17:33:39.980 DEBUG [acme.framework.configuration.ExtendedMessageSource@http-nio-8080-exec-1] Loading properties [P:\Workspace-22.0\Projects\Acme-Toolkits-E3.08\target\classes\WEB-INF\views\any\toolkit\messsages-en.i18n] with encoding 'utf-8' 
2022-05-13 17:33:39.980 DEBUG [acme.framework.configuration.ExtendedMessageSource@http-nio-8080-exec-1] Loading properties [P:\Workspace-22.0\Projects\Acme-Toolkits-E3.08\target\classes\WEB-INF\views\any\user-account\messsages-en.i18n] with encoding 'utf-8' 
2022-05-13 17:33:39.981 DEBUG [acme.framework.configuration.ExtendedMessageSource@http-nio-8080-exec-1] Loading properties [P:\Workspace-22.0\Projects\Acme-Toolkits-E3.08\target\classes\WEB-INF\views\authenticated\announcement\messsages-en.i18n] with encoding 'utf-8' 
2022-05-13 17:33:39.982 DEBUG [acme.framework.configuration.ExtendedMessageSource@http-nio-8080-exec-1] Loading properties [P:\Workspace-22.0\Projects\Acme-Toolkits-E3.08\target\classes\WEB-INF\views\authenticated\consumer\messsages-en.i18n] with encoding 'utf-8' 
2022-05-13 17:33:39.983 DEBUG [acme.framework.configuration.ExtendedMessageSource@http-nio-8080-exec-1] Loading properties [P:\Workspace-22.0\Projects\Acme-Toolkits-E3.08\target\classes\WEB-INF\views\authenticated\inventor\messsages-en.i18n] with encoding 'utf-8' 
2022-05-13 17:33:39.984 DEBUG [acme.framework.configuration.ExtendedMessageSource@http-nio-8080-exec-1] Loading properties [P:\Workspace-22.0\Projects\Acme-Toolkits-E3.08\target\classes\WEB-INF\views\authenticated\patron\messsages-en.i18n] with encoding 'utf-8' 
2022-05-13 17:33:39.985 DEBUG [acme.framework.configuration.ExtendedMessageSource@http-nio-8080-exec-1] Loading properties [P:\Workspace-22.0\Projects\Acme-Toolkits-E3.08\target\classes\WEB-INF\views\authenticated\provider\messsages-en.i18n] with encoding 'utf-8' 
2022-05-13 17:33:39.988 DEBUG [acme.framework.configuration.ExtendedMessageSource@http-nio-8080-exec-1] Loading properties [P:\Workspace-22.0\Projects\Acme-Toolkits-E3.08\target\classes\WEB-INF\views\authenticated\system-configuration\messsages-en.i18n] with encoding 'utf-8' 
2022-05-13 17:33:39.989 DEBUG [acme.framework.configuration.ExtendedMessageSource@http-nio-8080-exec-1] Loading properties [P:\Workspace-22.0\Projects\Acme-Toolkits-E3.08\target\classes\WEB-INF\views\authenticated\user-account\messages-en.i18n] with encoding 'utf-8' 
2022-05-13 17:33:39.989 DEBUG [acme.framework.configuration.ExtendedMessageSource@http-nio-8080-exec-1] Loading properties [P:\Workspace-22.0\Projects\Acme-Toolkits-E3.08\target\classes\WEB-INF\views\fragments\banner-en.i18n] with encoding 'utf-8' 
2022-05-13 17:33:39.991 DEBUG [acme.framework.configuration.ExtendedMessageSource@http-nio-8080-exec-1] Loading properties [P:\Workspace-22.0\Projects\Acme-Toolkits-E3.08\target\classes\WEB-INF\views\fragments\company-en.i18n] with encoding 'utf-8' 
2022-05-13 17:33:39.991 DEBUG [acme.framework.configuration.ExtendedMessageSource@http-nio-8080-exec-1] Loading properties [P:\Workspace-22.0\Projects\Acme-Toolkits-E3.08\target\classes\WEB-INF\views\fragments\footer-en.i18n] with encoding 'utf-8' 
2022-05-13 17:33:39.992 DEBUG [acme.framework.configuration.ExtendedMessageSource@http-nio-8080-exec-1] Loading properties [P:\Workspace-22.0\Projects\Acme-Toolkits-E3.08\target\classes\WEB-INF\views\fragments\license-en.i18n] with encoding 'utf-8' 
2022-05-13 17:33:39.993 DEBUG [acme.framework.configuration.ExtendedMessageSource@http-nio-8080-exec-1] Loading properties [P:\Workspace-22.0\Projects\Acme-Toolkits-E3.08\target\classes\WEB-INF\views\fragments\menu-en.i18n] with encoding 'utf-8' 
2022-05-13 17:33:39.995 DEBUG [acme.framework.configuration.ExtendedMessageSource@http-nio-8080-exec-1] Loading properties [P:\Workspace-22.0\Projects\Acme-Toolkits-E3.08\target\classes\WEB-INF\views\fragments\messsages-en.i18n] with encoding 'utf-8' 
2022-05-13 17:33:39.996 DEBUG [acme.framework.configuration.ExtendedMessageSource@http-nio-8080-exec-1] Loading properties [P:\Workspace-22.0\Projects\Acme-Toolkits-E3.08\target\classes\WEB-INF\views\fragments\title-en.i18n] with encoding 'utf-8' 
2022-05-13 17:33:39.997 DEBUG [acme.framework.configuration.ExtendedMessageSource@http-nio-8080-exec-1] Loading properties [P:\Workspace-22.0\Projects\Acme-Toolkits-E3.08\target\classes\WEB-INF\views\fragments\welcome-en.i18n] with encoding 'utf-8' 
2022-05-13 17:33:39.998 DEBUG [acme.framework.configuration.ExtendedMessageSource@http-nio-8080-exec-1] Loading properties [P:\Workspace-22.0\Projects\Acme-Toolkits-E3.08\target\classes\WEB-INF\views\inventor\item\messsages-en.i18n] with encoding 'utf-8' 
2022-05-13 17:33:39.998 DEBUG [acme.framework.configuration.ExtendedMessageSource@http-nio-8080-exec-1] Loading properties [P:\Workspace-22.0\Projects\Acme-Toolkits-E3.08\target\classes\WEB-INF\views\inventor\patronage\messsages-en.i18n] with encoding 'utf-8' 
2022-05-13 17:33:39.999 DEBUG [acme.framework.configuration.ExtendedMessageSource@http-nio-8080-exec-1] Loading properties [P:\Workspace-22.0\Projects\Acme-Toolkits-E3.08\target\classes\WEB-INF\views\inventor\patronage-report\messages-en.i18n] with encoding 'utf-8' 
2022-05-13 17:33:40 DEBUG [acme.framework.configuration.ExtendedMessageSource@http-nio-8080-exec-1] Loading properties [P:\Workspace-22.0\Projects\Acme-Toolkits-E3.08\target\classes\WEB-INF\views\inventor\toolkit\messsages-en.i18n] with encoding 'utf-8' 
2022-05-13 17:33:40.001 DEBUG [acme.framework.configuration.ExtendedMessageSource@http-nio-8080-exec-1] Loading properties [P:\Workspace-22.0\Projects\Acme-Toolkits-E3.08\target\classes\WEB-INF\views\master\defaults-en.i18n] with encoding 'utf-8' 
2022-05-13 17:33:40.001 DEBUG [acme.framework.configuration.ExtendedMessageSource@http-nio-8080-exec-1] Loading properties [P:\Workspace-22.0\Projects\Acme-Toolkits-E3.08\target\classes\WEB-INF\views\master\master-en.i18n] with encoding 'utf-8' 
2022-05-13 17:33:40.003 DEBUG [acme.framework.configuration.ExtendedMessageSource@http-nio-8080-exec-1] Loading properties [P:\Workspace-22.0\Projects\Acme-Toolkits-E3.08\target\classes\WEB-INF\views\master\throwables-en.i18n] with encoding 'utf-8' 
2022-05-13 17:33:40.004 DEBUG [acme.framework.configuration.ExtendedMessageSource@http-nio-8080-exec-1] Loading properties [P:\Workspace-22.0\Projects\Acme-Toolkits-E3.08\target\classes\WEB-INF\views\master\validation-en.i18n] with encoding 'utf-8' 
2022-05-13 17:33:40.006 DEBUG [acme.framework.configuration.ExtendedMessageSource@http-nio-8080-exec-1] Loading properties [P:\Workspace-22.0\Projects\Acme-Toolkits-E3.08\target\classes\WEB-INF\views\patron\patron-dashboard\messages-en.i18n] with encoding 'utf-8' 
2022-05-13 17:33:40.007 DEBUG [acme.framework.configuration.ExtendedMessageSource@http-nio-8080-exec-1] Loading properties [P:\Workspace-22.0\Projects\Acme-Toolkits-E3.08\target\classes\WEB-INF\views\patron\patronage\messsages-en.i18n] with encoding 'utf-8' 
2022-05-13 17:33:40.008 DEBUG [acme.framework.configuration.ExtendedMessageSource@http-nio-8080-exec-1] Loading properties [P:\Workspace-22.0\Projects\Acme-Toolkits-E3.08\target\classes\WEB-INF\views\patron\patronage-report\messsages-en.i18n] with encoding 'utf-8' 
2022-05-13 17:33:40.364 DEBUG [org.apache.jasper.servlet.JspServlet@http-nio-8080-exec-1] JspEngine --> /WEB-INF/views/any/item/form.jsp 
2022-05-13 17:33:40.365 DEBUG [org.apache.jasper.servlet.JspServlet@http-nio-8080-exec-1] ServletPath: /WEB-INF/views/master/page.jsp 
2022-05-13 17:33:40.365 DEBUG [org.apache.jasper.servlet.JspServlet@http-nio-8080-exec-1] PathInfo: null 
2022-05-13 17:33:40.367 DEBUG [org.apache.jasper.servlet.JspServlet@http-nio-8080-exec-1] RealPath: P:\Workspace-22.0\Projects\Acme-Toolkits-E3.08\target\classes\WEB-INF\views\any\item\form.jsp 
2022-05-13 17:33:40.368 DEBUG [org.apache.jasper.servlet.JspServlet@http-nio-8080-exec-1] RequestURI: /acme-toolkits-e3.08-1.0/WEB-INF/views/master/page.jsp 
2022-05-13 17:33:40.369 DEBUG [org.apache.jasper.servlet.JspServlet@http-nio-8080-exec-1] QueryString: id=46 
2022-05-13 17:33:57.186 DEBUG [acme.framework.components.tiles.DynamicTilesView@http-nio-8080-exec-3] View name 'fragments/welcome', model {} 
2022-05-13 17:33:57.192 DEBUG [org.apache.tiles.definition.dao.BaseLocaleUrlDefinitionDAO@http-nio-8080-exec-3] File Resource file:/P:/Workspace-22.0/Projects/Acme-Toolkits-E3.08/target/classes/WEB-INF/views/master/tiles_es.xml at file:/P:/Workspace-22.0/Projects/Acme-Toolkits-E3.08/target/classes/WEB-INF/views/master/tiles_es.xml not found, continue 
2022-05-13 17:33:57.193 DEBUG [org.apache.jasper.servlet.JspServlet@http-nio-8080-exec-3] JspEngine --> /WEB-INF/views/master/page.jsp 
2022-05-13 17:33:57.194 DEBUG [org.apache.jasper.servlet.JspServlet@http-nio-8080-exec-3] ServletPath: /WEB-INF/views/master/page.jsp 
2022-05-13 17:33:57.196 DEBUG [org.apache.jasper.servlet.JspServlet@http-nio-8080-exec-3] PathInfo: null 
2022-05-13 17:33:57.200 DEBUG [org.apache.jasper.servlet.JspServlet@http-nio-8080-exec-3] RealPath: P:\Workspace-22.0\Projects\Acme-Toolkits-E3.08\target\classes\WEB-INF\views\master\page.jsp 
2022-05-13 17:33:57.200 DEBUG [org.apache.jasper.servlet.JspServlet@http-nio-8080-exec-3] RequestURI: /acme-toolkits-e3.08-1.0/WEB-INF/views/master/page.jsp 
2022-05-13 17:33:57.201 DEBUG [org.apache.jasper.servlet.JspServlet@http-nio-8080-exec-3] QueryString: null 
2022-05-13 17:33:57.218 DEBUG [acme.framework.configuration.ExtendedMessageSource@http-nio-8080-exec-3] Loading properties [P:\Workspace-22.0\Projects\Acme-Toolkits-E3.08\target\classes\WEB-INF\views\administrator\administrator-dashboard\messages-en.i18n] with encoding 'utf-8' 
2022-05-13 17:33:57.218 DEBUG [acme.framework.configuration.ExtendedMessageSource@http-nio-8080-exec-3] Loading properties [P:\Workspace-22.0\Projects\Acme-Toolkits-E3.08\target\classes\WEB-INF\views\administrator\announcement\messages-en.i18n] with encoding 'utf-8' 
2022-05-13 17:33:57.219 DEBUG [acme.framework.configuration.ExtendedMessageSource@http-nio-8080-exec-3] Loading properties [P:\Workspace-22.0\Projects\Acme-Toolkits-E3.08\target\classes\WEB-INF\views\administrator\system-configuration\messsages-en.i18n] with encoding 'utf-8' 
2022-05-13 17:33:57.219 DEBUG [acme.framework.configuration.ExtendedMessageSource@http-nio-8080-exec-3] Loading properties [P:\Workspace-22.0\Projects\Acme-Toolkits-E3.08\target\classes\WEB-INF\views\administrator\user-account\messages-en.i18n] with encoding 'utf-8' 
2022-05-13 17:33:57.220 DEBUG [acme.framework.configuration.ExtendedMessageSource@http-nio-8080-exec-3] Loading properties [P:\Workspace-22.0\Projects\Acme-Toolkits-E3.08\target\classes\WEB-INF\views\anonymous\user-account\messages-en.i18n] with encoding 'utf-8' 
2022-05-13 17:33:57.221 DEBUG [acme.framework.configuration.ExtendedMessageSource@http-nio-8080-exec-3] Loading properties [P:\Workspace-22.0\Projects\Acme-Toolkits-E3.08\target\classes\WEB-INF\views\any\chirp\messsages-en.i18n] with encoding 'utf-8' 
2022-05-13 17:33:57.221 DEBUG [acme.framework.configuration.ExtendedMessageSource@http-nio-8080-exec-3] Loading properties [P:\Workspace-22.0\Projects\Acme-Toolkits-E3.08\target\classes\WEB-INF\views\any\item\messsages-en.i18n] with encoding 'utf-8' 
2022-05-13 17:33:57.222 DEBUG [acme.framework.configuration.ExtendedMessageSource@http-nio-8080-exec-3] Loading properties [P:\Workspace-22.0\Projects\Acme-Toolkits-E3.08\target\classes\WEB-INF\views\any\toolkit\messsages-en.i18n] with encoding 'utf-8' 
2022-05-13 17:33:57.223 DEBUG [acme.framework.configuration.ExtendedMessageSource@http-nio-8080-exec-3] Loading properties [P:\Workspace-22.0\Projects\Acme-Toolkits-E3.08\target\classes\WEB-INF\views\any\user-account\messsages-en.i18n] with encoding 'utf-8' 
2022-05-13 17:33:57.223 DEBUG [acme.framework.configuration.ExtendedMessageSource@http-nio-8080-exec-3] Loading properties [P:\Workspace-22.0\Projects\Acme-Toolkits-E3.08\target\classes\WEB-INF\views\authenticated\announcement\messsages-en.i18n] with encoding 'utf-8' 
2022-05-13 17:33:57.224 DEBUG [acme.framework.configuration.ExtendedMessageSource@http-nio-8080-exec-3] Loading properties [P:\Workspace-22.0\Projects\Acme-Toolkits-E3.08\target\classes\WEB-INF\views\authenticated\consumer\messsages-en.i18n] with encoding 'utf-8' 
2022-05-13 17:33:57.225 DEBUG [acme.framework.configuration.ExtendedMessageSource@http-nio-8080-exec-3] Loading properties [P:\Workspace-22.0\Projects\Acme-Toolkits-E3.08\target\classes\WEB-INF\views\authenticated\inventor\messsages-en.i18n] with encoding 'utf-8' 
2022-05-13 17:33:57.226 DEBUG [acme.framework.configuration.ExtendedMessageSource@http-nio-8080-exec-3] Loading properties [P:\Workspace-22.0\Projects\Acme-Toolkits-E3.08\target\classes\WEB-INF\views\authenticated\patron\messsages-en.i18n] with encoding 'utf-8' 
2022-05-13 17:33:57.229 DEBUG [acme.framework.configuration.ExtendedMessageSource@http-nio-8080-exec-3] Loading properties [P:\Workspace-22.0\Projects\Acme-Toolkits-E3.08\target\classes\WEB-INF\views\authenticated\provider\messsages-en.i18n] with encoding 'utf-8' 
2022-05-13 17:33:57.232 DEBUG [acme.framework.configuration.ExtendedMessageSource@http-nio-8080-exec-3] Loading properties [P:\Workspace-22.0\Projects\Acme-Toolkits-E3.08\target\classes\WEB-INF\views\authenticated\system-configuration\messsages-en.i18n] with encoding 'utf-8' 
2022-05-13 17:33:57.233 DEBUG [acme.framework.configuration.ExtendedMessageSource@http-nio-8080-exec-3] Loading properties [P:\Workspace-22.0\Projects\Acme-Toolkits-E3.08\target\classes\WEB-INF\views\authenticated\user-account\messages-en.i18n] with encoding 'utf-8' 
2022-05-13 17:33:57.233 DEBUG [acme.framework.configuration.ExtendedMessageSource@http-nio-8080-exec-3] Loading properties [P:\Workspace-22.0\Projects\Acme-Toolkits-E3.08\target\classes\WEB-INF\views\fragments\banner-en.i18n] with encoding 'utf-8' 
2022-05-13 17:33:57.234 DEBUG [acme.framework.configuration.ExtendedMessageSource@http-nio-8080-exec-3] Loading properties [P:\Workspace-22.0\Projects\Acme-Toolkits-E3.08\target\classes\WEB-INF\views\fragments\company-en.i18n] with encoding 'utf-8' 
2022-05-13 17:33:57.234 DEBUG [acme.framework.configuration.ExtendedMessageSource@http-nio-8080-exec-3] Loading properties [P:\Workspace-22.0\Projects\Acme-Toolkits-E3.08\target\classes\WEB-INF\views\fragments\footer-en.i18n] with encoding 'utf-8' 
2022-05-13 17:33:57.235 DEBUG [acme.framework.configuration.ExtendedMessageSource@http-nio-8080-exec-3] Loading properties [P:\Workspace-22.0\Projects\Acme-Toolkits-E3.08\target\classes\WEB-INF\views\fragments\license-en.i18n] with encoding 'utf-8' 
2022-05-13 17:33:57.235 DEBUG [acme.framework.configuration.ExtendedMessageSource@http-nio-8080-exec-3] Loading properties [P:\Workspace-22.0\Projects\Acme-Toolkits-E3.08\target\classes\WEB-INF\views\fragments\menu-en.i18n] with encoding 'utf-8' 
2022-05-13 17:33:57.236 DEBUG [acme.framework.configuration.ExtendedMessageSource@http-nio-8080-exec-3] Loading properties [P:\Workspace-22.0\Projects\Acme-Toolkits-E3.08\target\classes\WEB-INF\views\fragments\messsages-en.i18n] with encoding 'utf-8' 
2022-05-13 17:33:57.236 DEBUG [acme.framework.configuration.ExtendedMessageSource@http-nio-8080-exec-3] Loading properties [P:\Workspace-22.0\Projects\Acme-Toolkits-E3.08\target\classes\WEB-INF\views\fragments\title-en.i18n] with encoding 'utf-8' 
2022-05-13 17:33:57.237 DEBUG [acme.framework.configuration.ExtendedMessageSource@http-nio-8080-exec-3] Loading properties [P:\Workspace-22.0\Projects\Acme-Toolkits-E3.08\target\classes\WEB-INF\views\fragments\welcome-en.i18n] with encoding 'utf-8' 
2022-05-13 17:33:57.237 DEBUG [acme.framework.configuration.ExtendedMessageSource@http-nio-8080-exec-3] Loading properties [P:\Workspace-22.0\Projects\Acme-Toolkits-E3.08\target\classes\WEB-INF\views\inventor\item\messsages-en.i18n] with encoding 'utf-8' 
2022-05-13 17:33:57.237 DEBUG [acme.framework.configuration.ExtendedMessageSource@http-nio-8080-exec-3] Loading properties [P:\Workspace-22.0\Projects\Acme-Toolkits-E3.08\target\classes\WEB-INF\views\inventor\patronage\messsages-en.i18n] with encoding 'utf-8' 
2022-05-13 17:33:57.238 DEBUG [acme.framework.configuration.ExtendedMessageSource@http-nio-8080-exec-3] Loading properties [P:\Workspace-22.0\Projects\Acme-Toolkits-E3.08\target\classes\WEB-INF\views\inventor\patronage-report\messages-en.i18n] with encoding 'utf-8' 
2022-05-13 17:33:57.238 DEBUG [acme.framework.configuration.ExtendedMessageSource@http-nio-8080-exec-3] Loading properties [P:\Workspace-22.0\Projects\Acme-Toolkits-E3.08\target\classes\WEB-INF\views\inventor\toolkit\messsages-en.i18n] with encoding 'utf-8' 
2022-05-13 17:33:57.239 DEBUG [acme.framework.configuration.ExtendedMessageSource@http-nio-8080-exec-3] Loading properties [P:\Workspace-22.0\Projects\Acme-Toolkits-E3.08\target\classes\WEB-INF\views\master\defaults-en.i18n] with encoding 'utf-8' 
2022-05-13 17:33:57.240 DEBUG [acme.framework.configuration.ExtendedMessageSource@http-nio-8080-exec-3] Loading properties [P:\Workspace-22.0\Projects\Acme-Toolkits-E3.08\target\classes\WEB-INF\views\master\master-en.i18n] with encoding 'utf-8' 
2022-05-13 17:33:57.242 DEBUG [acme.framework.configuration.ExtendedMessageSource@http-nio-8080-exec-3] Loading properties [P:\Workspace-22.0\Projects\Acme-Toolkits-E3.08\target\classes\WEB-INF\views\master\throwables-en.i18n] with encoding 'utf-8' 
2022-05-13 17:33:57.242 DEBUG [acme.framework.configuration.ExtendedMessageSource@http-nio-8080-exec-3] Loading properties [P:\Workspace-22.0\Projects\Acme-Toolkits-E3.08\target\classes\WEB-INF\views\master\validation-en.i18n] with encoding 'utf-8' 
2022-05-13 17:33:57.242 DEBUG [acme.framework.configuration.ExtendedMessageSource@http-nio-8080-exec-3] Loading properties [P:\Workspace-22.0\Projects\Acme-Toolkits-E3.08\target\classes\WEB-INF\views\patron\patron-dashboard\messages-en.i18n] with encoding 'utf-8' 
2022-05-13 17:33:57.243 DEBUG [acme.framework.configuration.ExtendedMessageSource@http-nio-8080-exec-3] Loading properties [P:\Workspace-22.0\Projects\Acme-Toolkits-E3.08\target\classes\WEB-INF\views\patron\patronage\messsages-en.i18n] with encoding 'utf-8' 
2022-05-13 17:33:57.245 DEBUG [acme.framework.configuration.ExtendedMessageSource@http-nio-8080-exec-3] Loading properties [P:\Workspace-22.0\Projects\Acme-Toolkits-E3.08\target\classes\WEB-INF\views\patron\patronage-report\messsages-en.i18n] with encoding 'utf-8' 
2022-05-13 17:33:57.254 DEBUG [acme.framework.configuration.ExtendedMessageSource@http-nio-8080-exec-3] Loading properties [P:\Workspace-22.0\Projects\Acme-Toolkits-E3.08\target\classes\WEB-INF\views\administrator\administrator-dashboard\messages-es.i18n] with encoding 'utf-8' 
2022-05-13 17:33:57.282 DEBUG [acme.framework.configuration.ExtendedMessageSource@http-nio-8080-exec-3] Loading properties [P:\Workspace-22.0\Projects\Acme-Toolkits-E3.08\target\classes\WEB-INF\views\administrator\announcement\messages-es.i18n] with encoding 'utf-8' 
2022-05-13 17:33:57.289 DEBUG [acme.framework.configuration.ExtendedMessageSource@http-nio-8080-exec-3] Loading properties [P:\Workspace-22.0\Projects\Acme-Toolkits-E3.08\target\classes\WEB-INF\views\administrator\system-configuration\messsages-es.i18n] with encoding 'utf-8' 
2022-05-13 17:33:57.297 DEBUG [acme.framework.configuration.ExtendedMessageSource@http-nio-8080-exec-3] Loading properties [P:\Workspace-22.0\Projects\Acme-Toolkits-E3.08\target\classes\WEB-INF\views\administrator\user-account\messages-es.i18n] with encoding 'utf-8' 
2022-05-13 17:33:57.315 DEBUG [acme.framework.configuration.ExtendedMessageSource@http-nio-8080-exec-3] Loading properties [P:\Workspace-22.0\Projects\Acme-Toolkits-E3.08\target\classes\WEB-INF\views\anonymous\user-account\messages-es.i18n] with encoding 'utf-8' 
2022-05-13 17:33:57.332 DEBUG [acme.framework.configuration.ExtendedMessageSource@http-nio-8080-exec-3] Loading properties [P:\Workspace-22.0\Projects\Acme-Toolkits-E3.08\target\classes\WEB-INF\views\any\chirp\messsages-es.i18n] with encoding 'utf-8' 
2022-05-13 17:33:57.333 DEBUG [acme.framework.configuration.ExtendedMessageSource@http-nio-8080-exec-3] Loading properties [P:\Workspace-22.0\Projects\Acme-Toolkits-E3.08\target\classes\WEB-INF\views\any\item\messsages-es.i18n] with encoding 'utf-8' 
2022-05-13 17:33:57.334 DEBUG [acme.framework.configuration.ExtendedMessageSource@http-nio-8080-exec-3] Loading properties [P:\Workspace-22.0\Projects\Acme-Toolkits-E3.08\target\classes\WEB-INF\views\any\toolkit\messsages-es.i18n] with encoding 'utf-8' 
2022-05-13 17:33:57.352 DEBUG [acme.framework.configuration.ExtendedMessageSource@http-nio-8080-exec-3] Loading properties [P:\Workspace-22.0\Projects\Acme-Toolkits-E3.08\target\classes\WEB-INF\views\any\user-account\messsages-es.i18n] with encoding 'utf-8' 
2022-05-13 17:33:57.366 DEBUG [acme.framework.configuration.ExtendedMessageSource@http-nio-8080-exec-3] Loading properties [P:\Workspace-22.0\Projects\Acme-Toolkits-E3.08\target\classes\WEB-INF\views\authenticated\announcement\messsages-es.i18n] with encoding 'utf-8' 
2022-05-13 17:33:57.378 DEBUG [acme.framework.configuration.ExtendedMessageSource@http-nio-8080-exec-3] Loading properties [P:\Workspace-22.0\Projects\Acme-Toolkits-E3.08\target\classes\WEB-INF\views\authenticated\consumer\messsages-es.i18n] with encoding 'utf-8' 
2022-05-13 17:33:57.388 DEBUG [acme.framework.configuration.ExtendedMessageSource@http-nio-8080-exec-3] Loading properties [P:\Workspace-22.0\Projects\Acme-Toolkits-E3.08\target\classes\WEB-INF\views\authenticated\inventor\messsages-es.i18n] with encoding 'utf-8' 
2022-05-13 17:33:57.407 DEBUG [acme.framework.configuration.ExtendedMessageSource@http-nio-8080-exec-3] Loading properties [P:\Workspace-22.0\Projects\Acme-Toolkits-E3.08\target\classes\WEB-INF\views\authenticated\patron\messsages-es.i18n] with encoding 'utf-8' 
2022-05-13 17:33:57.408 DEBUG [acme.framework.configuration.ExtendedMessageSource@http-nio-8080-exec-3] Loading properties [P:\Workspace-22.0\Projects\Acme-Toolkits-E3.08\target\classes\WEB-INF\views\authenticated\provider\messsages-es.i18n] with encoding 'utf-8' 
2022-05-13 17:33:57.420 DEBUG [acme.framework.configuration.ExtendedMessageSource@http-nio-8080-exec-3] Loading properties [P:\Workspace-22.0\Projects\Acme-Toolkits-E3.08\target\classes\WEB-INF\views\authenticated\system-configuration\messsages-es.i18n] with encoding 'utf-8' 
2022-05-13 17:33:57.420 DEBUG [acme.framework.configuration.ExtendedMessageSource@http-nio-8080-exec-3] Loading properties [P:\Workspace-22.0\Projects\Acme-Toolkits-E3.08\target\classes\WEB-INF\views\authenticated\user-account\messages-es.i18n] with encoding 'utf-8' 
2022-05-13 17:33:57.435 DEBUG [acme.framework.configuration.ExtendedMessageSource@http-nio-8080-exec-3] Loading properties [P:\Workspace-22.0\Projects\Acme-Toolkits-E3.08\target\classes\WEB-INF\views\fragments\banner-es.i18n] with encoding 'utf-8' 
2022-05-13 17:33:57.435 DEBUG [acme.framework.configuration.ExtendedMessageSource@http-nio-8080-exec-3] Loading properties [P:\Workspace-22.0\Projects\Acme-Toolkits-E3.08\target\classes\WEB-INF\views\fragments\company-es.i18n] with encoding 'utf-8' 
2022-05-13 17:33:57.446 DEBUG [acme.framework.configuration.ExtendedMessageSource@http-nio-8080-exec-3] Loading properties [P:\Workspace-22.0\Projects\Acme-Toolkits-E3.08\target\classes\WEB-INF\views\fragments\footer-es.i18n] with encoding 'utf-8' 
2022-05-13 17:33:57.456 DEBUG [acme.framework.configuration.ExtendedMessageSource@http-nio-8080-exec-3] Loading properties [P:\Workspace-22.0\Projects\Acme-Toolkits-E3.08\target\classes\WEB-INF\views\fragments\license-es.i18n] with encoding 'utf-8' 
2022-05-13 17:33:57.465 DEBUG [acme.framework.configuration.ExtendedMessageSource@http-nio-8080-exec-3] Loading properties [P:\Workspace-22.0\Projects\Acme-Toolkits-E3.08\target\classes\WEB-INF\views\fragments\menu-es.i18n] with encoding 'utf-8' 
2022-05-13 17:33:57.470 DEBUG [acme.framework.configuration.ExtendedMessageSource@http-nio-8080-exec-3] Loading properties [P:\Workspace-22.0\Projects\Acme-Toolkits-E3.08\target\classes\WEB-INF\views\fragments\messsages-es.i18n] with encoding 'utf-8' 
2022-05-13 17:33:57.482 DEBUG [acme.framework.configuration.ExtendedMessageSource@http-nio-8080-exec-3] Loading properties [P:\Workspace-22.0\Projects\Acme-Toolkits-E3.08\target\classes\WEB-INF\views\fragments\title-es.i18n] with encoding 'utf-8' 
2022-05-13 17:33:57.483 DEBUG [acme.framework.configuration.ExtendedMessageSource@http-nio-8080-exec-3] Loading properties [P:\Workspace-22.0\Projects\Acme-Toolkits-E3.08\target\classes\WEB-INF\views\fragments\welcome-es.i18n] with encoding 'utf-8' 
2022-05-13 17:33:57.484 DEBUG [acme.framework.configuration.ExtendedMessageSource@http-nio-8080-exec-3] Loading properties [P:\Workspace-22.0\Projects\Acme-Toolkits-E3.08\target\classes\WEB-INF\views\inventor\item\messsages-es.i18n] with encoding 'utf-8' 
2022-05-13 17:33:57.498 DEBUG [acme.framework.configuration.ExtendedMessageSource@http-nio-8080-exec-3] Loading properties [P:\Workspace-22.0\Projects\Acme-Toolkits-E3.08\target\classes\WEB-INF\views\inventor\patronage\messsages-es.i18n] with encoding 'utf-8' 
2022-05-13 17:33:57.515 DEBUG [acme.framework.configuration.ExtendedMessageSource@http-nio-8080-exec-3] Loading properties [P:\Workspace-22.0\Projects\Acme-Toolkits-E3.08\target\classes\WEB-INF\views\inventor\patronage-report\messages-es.i18n] with encoding 'utf-8' 
2022-05-13 17:33:57.515 DEBUG [acme.framework.configuration.ExtendedMessageSource@http-nio-8080-exec-3] Loading properties [P:\Workspace-22.0\Projects\Acme-Toolkits-E3.08\target\classes\WEB-INF\views\inventor\toolkit\messsages-es.i18n] with encoding 'utf-8' 
2022-05-13 17:33:57.528 DEBUG [acme.framework.configuration.ExtendedMessageSource@http-nio-8080-exec-3] Loading properties [P:\Workspace-22.0\Projects\Acme-Toolkits-E3.08\target\classes\WEB-INF\views\master\defaults-es.i18n] with encoding 'utf-8' 
2022-05-13 17:33:57.571 DEBUG [acme.framework.configuration.ExtendedMessageSource@http-nio-8080-exec-3] Loading properties [P:\Workspace-22.0\Projects\Acme-Toolkits-E3.08\target\classes\WEB-INF\views\master\master-es.i18n] with encoding 'utf-8' 
2022-05-13 17:33:57.572 DEBUG [acme.framework.configuration.ExtendedMessageSource@http-nio-8080-exec-3] Loading properties [P:\Workspace-22.0\Projects\Acme-Toolkits-E3.08\target\classes\WEB-INF\views\master\throwables-es.i18n] with encoding 'utf-8' 
2022-05-13 17:33:57.572 DEBUG [acme.framework.configuration.ExtendedMessageSource@http-nio-8080-exec-3] Loading properties [P:\Workspace-22.0\Projects\Acme-Toolkits-E3.08\target\classes\WEB-INF\views\master\validation-es.i18n] with encoding 'utf-8' 
2022-05-13 17:33:57.594 DEBUG [acme.framework.configuration.ExtendedMessageSource@http-nio-8080-exec-3] Loading properties [P:\Workspace-22.0\Projects\Acme-Toolkits-E3.08\target\classes\WEB-INF\views\patron\patron-dashboard\messages-es.i18n] with encoding 'utf-8' 
2022-05-13 17:33:57.595 DEBUG [acme.framework.configuration.ExtendedMessageSource@http-nio-8080-exec-3] Loading properties [P:\Workspace-22.0\Projects\Acme-Toolkits-E3.08\target\classes\WEB-INF\views\patron\patronage\messsages-es.i18n] with encoding 'utf-8' 
2022-05-13 17:33:57.598 DEBUG [acme.framework.configuration.ExtendedMessageSource@http-nio-8080-exec-3] Loading properties [P:\Workspace-22.0\Projects\Acme-Toolkits-E3.08\target\classes\WEB-INF\views\patron\patronage-report\messsages-es.i18n] with encoding 'utf-8' 
2022-05-13 17:33:57.719 DEBUG [org.apache.jasper.servlet.JspServlet@http-nio-8080-exec-3] JspEngine --> /WEB-INF/views/fragments/welcome.jsp 
2022-05-13 17:33:57.719 DEBUG [org.apache.jasper.servlet.JspServlet@http-nio-8080-exec-3] ServletPath: /WEB-INF/views/master/page.jsp 
2022-05-13 17:33:57.719 DEBUG [org.apache.jasper.servlet.JspServlet@http-nio-8080-exec-3] PathInfo: null 
2022-05-13 17:33:57.721 DEBUG [org.apache.jasper.servlet.JspServlet@http-nio-8080-exec-3] RealPath: P:\Workspace-22.0\Projects\Acme-Toolkits-E3.08\target\classes\WEB-INF\views\fragments\welcome.jsp 
2022-05-13 17:33:57.721 DEBUG [org.apache.jasper.servlet.JspServlet@http-nio-8080-exec-3] RequestURI: /acme-toolkits-e3.08-1.0/WEB-INF/views/master/page.jsp 
2022-05-13 17:33:57.721 DEBUG [org.apache.jasper.servlet.JspServlet@http-nio-8080-exec-3] QueryString: null 
2022-05-13 17:34:01.529 DEBUG [acme.framework.controllers.AbstractController@http-nio-8080-exec-5] DISPATCHING GET /acme-toolkits-e3.08-1.0/any/item/components 
2022-05-13 17:34:01.530 DEBUG [acme.framework.controllers.AbstractController@http-nio-8080-exec-5] Command: components 
2022-05-13 17:34:01.530 DEBUG [acme.framework.controllers.AbstractController@http-nio-8080-exec-5] Model:   {} 
2022-05-13 17:34:01.530 DEBUG [acme.framework.controllers.AbstractController@http-nio-8080-exec-5] Locale:  es 
2022-05-13 17:34:01.549 DEBUG [org.hibernate.SQL@http-nio-8080-exec-5] select item0_.id as id1_0_, item0_.version as version2_0_, item0_.code as code1_9_, item0_.description as descript2_9_, item0_.inventor_id as invento10_9_, item0_.item_type as item_typ3_9_, item0_.link as link4_9_, item0_.name as name5_9_, item0_.published as publishe6_9_, item0_.retail_price_amount as retail_p7_9_, item0_.retail_price_currency as retail_p8_9_, item0_.technology as technolo9_9_ from item item0_ where item0_.item_type=? and item0_.published=? 
2022-05-13 17:34:01.550 TRACE [org.hibernate.type.descriptor.sql.BasicBinder@http-nio-8080-exec-5] binding parameter [1] as [INTEGER] - [0] 
2022-05-13 17:34:01.552 TRACE [org.hibernate.type.descriptor.sql.BasicBinder@http-nio-8080-exec-5] binding parameter [2] as [BOOLEAN] - [true] 
2022-05-13 17:34:01.554 DEBUG [org.hibernate.SQL@http-nio-8080-exec-5] select inventor0_.id as id1_0_0_, inventor0_.version as version2_0_0_, inventor0_.user_account_id as user_acc1_18_0_, inventor0_.company as company1_8_0_, inventor0_.info as info2_8_0_, inventor0_.statement as statemen3_8_0_, useraccoun1_.id as id1_0_1_, useraccoun1_.version as version2_0_1_, useraccoun1_.enabled as enabled1_17_1_, useraccoun1_.identity as identity2_17_1_, useraccoun1_.password as password3_17_1_, useraccoun1_.username as username4_17_1_ from inventor inventor0_ inner join user_account useraccoun1_ on inventor0_.user_account_id=useraccoun1_.id where inventor0_.id=? 
2022-05-13 17:34:01.554 TRACE [org.hibernate.type.descriptor.sql.BasicBinder@http-nio-8080-exec-5] binding parameter [1] as [INTEGER] - [26] 
2022-05-13 17:34:01.562 DEBUG [acme.framework.controllers.AbstractController@http-nio-8080-exec-5] SERVING GET /acme-toolkits-e3.08-1.0/any/item/components 
2022-05-13 17:34:01.564 DEBUG [acme.framework.controllers.AbstractController@http-nio-8080-exec-5] Result: ModelAndView [view="any/item/list"; model={description[1]=Madera impresa Inspire Happy Place. Ideal para decorar cualquier estancia de tu casa gracias a su mensaje inspirador. La madera cuenta con certificado FSC que asegura su procedencia de bosques sostenibles. Medidas: 30 x 30 cm (ancho x alto)., link[2]=http://www.gdg.com, link[0]=https://www.leroymerlin.es/fp/15673406/40-clavo-standers-de-acero-de-55-mm, version[1]=0, technology[0]=technology, retailPrice[2]=<<USD 120.20>>, list$size=3, retailPrice[0]=<<EUR 1.89>>, technology[2]=MADERA, code[0]=NAI-112, id[1]=32, code[2]=ADC-123-U, name[1]=Madera impresa 30x30 cm, link[1]=https://www.leroymerlin.es/fp/84867736/madera-impresa-happy-place-30-x-30-cm-inspire, description[2]=GDFGSGBSD, version[2]=1, description[0]=40 clavo STANDERS de acero de 55 mm, retailPrice[1]=<<EUR 12.29>>, technology[1]=madera, version[0]=0, code[1]=OAK-013, name[2]=ertete, id[0]=29, id[2]=46, name[0]=Clavos STANDERS 55mm, command=components, principal=acme.framework.entities.Principal@ec907a}] 
2022-05-13 17:34:01.565 DEBUG [acme.framework.components.tiles.DynamicTilesView@http-nio-8080-exec-5] View name 'any/item/list', model {description[1]=Madera impresa Inspire Happy Place. Ideal para decorar cualquier estancia de tu casa gracias a su mensaje inspirador. La madera cuenta con certificado FSC que asegura su procedencia de bosques sostenibles. Medidas: 30 x 30 cm (ancho x alto)., link[2]=http://www.gdg.com, link[0]=https://www.leroymerlin.es/fp/15673406/40-clavo-standers-de-acero-de-55-mm, version[1]=0, technology[0]=technology, retailPrice[2]=<<USD 120.20>>, list$size=3, retailPrice[0]=<<EUR 1.89>>, technology[2]=MADERA, code[0]=NAI-112, id[1]=32, code[2]=ADC-123-U, name[1]=Madera impresa 30x30 cm, link[1]=https://www.leroymerlin.es/fp/84867736/madera-impresa-happy-place-30-x-30-cm-inspire, description[2]=GDFGSGBSD, version[2]=1, description[0]=40 clavo STANDERS de acero de 55 mm, retailPrice[1]=<<EUR 12.29>>, technology[1]=madera, version[0]=0, code[1]=OAK-013, name[2]=ertete, id[0]=29, id[2]=46, name[0]=Clavos STANDERS 55mm, command=components, principal=acme.framework.entities.Principal@ec907a, org.springframework.validation.BindingResult.retailPrice[2]=org.springframework.validation.BeanPropertyBindingResult: 0 errors, org.springframework.validation.BindingResult.retailPrice[0]=org.springframework.validation.BeanPropertyBindingResult: 0 errors, org.springframework.validation.BindingResult.retailPrice[1]=org.springframework.validation.BeanPropertyBindingResult: 0 errors, org.springframework.validation.BindingResult.principal=org.springframework.validation.BeanPropertyBindingResult: 0 errors} 
2022-05-13 17:34:01.567 DEBUG [org.apache.jasper.servlet.JspServlet@http-nio-8080-exec-5] JspEngine --> /WEB-INF/views/master/page.jsp 
2022-05-13 17:34:01.567 DEBUG [org.apache.jasper.servlet.JspServlet@http-nio-8080-exec-5] ServletPath: /WEB-INF/views/master/page.jsp 
2022-05-13 17:34:01.567 DEBUG [org.apache.jasper.servlet.JspServlet@http-nio-8080-exec-5] PathInfo: null 
2022-05-13 17:34:01.569 DEBUG [org.apache.jasper.servlet.JspServlet@http-nio-8080-exec-5] RealPath: P:\Workspace-22.0\Projects\Acme-Toolkits-E3.08\target\classes\WEB-INF\views\master\page.jsp 
2022-05-13 17:34:01.569 DEBUG [org.apache.jasper.servlet.JspServlet@http-nio-8080-exec-5] RequestURI: /acme-toolkits-e3.08-1.0/WEB-INF/views/master/page.jsp 
2022-05-13 17:34:01.570 DEBUG [org.apache.jasper.servlet.JspServlet@http-nio-8080-exec-5] QueryString: null 
2022-05-13 17:34:01.687 DEBUG [org.apache.jasper.servlet.JspServlet@http-nio-8080-exec-5] JspEngine --> /WEB-INF/views/any/item/list.jsp 
2022-05-13 17:34:01.688 DEBUG [org.apache.jasper.servlet.JspServlet@http-nio-8080-exec-5] ServletPath: /WEB-INF/views/master/page.jsp 
2022-05-13 17:34:01.688 DEBUG [org.apache.jasper.servlet.JspServlet@http-nio-8080-exec-5] PathInfo: null 
2022-05-13 17:34:01.690 DEBUG [org.apache.jasper.servlet.JspServlet@http-nio-8080-exec-5] RealPath: P:\Workspace-22.0\Projects\Acme-Toolkits-E3.08\target\classes\WEB-INF\views\any\item\list.jsp 
2022-05-13 17:34:01.690 DEBUG [org.apache.jasper.servlet.JspServlet@http-nio-8080-exec-5] RequestURI: /acme-toolkits-e3.08-1.0/WEB-INF/views/master/page.jsp 
2022-05-13 17:34:01.691 DEBUG [org.apache.jasper.servlet.JspServlet@http-nio-8080-exec-5] QueryString: null 
2022-05-13 17:34:12.568 DEBUG [acme.framework.controllers.AbstractController@http-nio-8080-exec-8] DISPATCHING GET /acme-toolkits-e3.08-1.0/any/item/show 
2022-05-13 17:34:12.568 DEBUG [acme.framework.controllers.AbstractController@http-nio-8080-exec-8] Command: show 
2022-05-13 17:34:12.568 DEBUG [acme.framework.controllers.AbstractController@http-nio-8080-exec-8] Model:   {id=46} 
2022-05-13 17:34:12.568 DEBUG [acme.framework.controllers.AbstractController@http-nio-8080-exec-8] Locale:  es 
2022-05-13 17:34:12.571 DEBUG [org.hibernate.SQL@http-nio-8080-exec-8] select item0_.id as id1_0_, item0_.version as version2_0_, item0_.code as code1_9_, item0_.description as descript2_9_, item0_.inventor_id as invento10_9_, item0_.item_type as item_typ3_9_, item0_.link as link4_9_, item0_.name as name5_9_, item0_.published as publishe6_9_, item0_.retail_price_amount as retail_p7_9_, item0_.retail_price_currency as retail_p8_9_, item0_.technology as technolo9_9_ from item item0_ where item0_.id=? 
2022-05-13 17:34:12.572 TRACE [org.hibernate.type.descriptor.sql.BasicBinder@http-nio-8080-exec-8] binding parameter [1] as [INTEGER] - [46] 
2022-05-13 17:34:12.573 DEBUG [org.hibernate.SQL@http-nio-8080-exec-8] select inventor0_.id as id1_0_0_, inventor0_.version as version2_0_0_, inventor0_.user_account_id as user_acc1_18_0_, inventor0_.company as company1_8_0_, inventor0_.info as info2_8_0_, inventor0_.statement as statemen3_8_0_, useraccoun1_.id as id1_0_1_, useraccoun1_.version as version2_0_1_, useraccoun1_.enabled as enabled1_17_1_, useraccoun1_.identity as identity2_17_1_, useraccoun1_.password as password3_17_1_, useraccoun1_.username as username4_17_1_ from inventor inventor0_ inner join user_account useraccoun1_ on inventor0_.user_account_id=useraccoun1_.id where inventor0_.id=? 
2022-05-13 17:34:12.574 TRACE [org.hibernate.type.descriptor.sql.BasicBinder@http-nio-8080-exec-8] binding parameter [1] as [INTEGER] - [26] 
2022-05-13 17:34:12.577 DEBUG [org.hibernate.SQL@http-nio-8080-exec-8] select systemconf0_.id as id1_0_, systemconf0_.version as version2_0_, systemconf0_.accepted_currencies as accepted1_15_, systemconf0_.strong_spam_terms as strong_s2_15_, systemconf0_.strong_spam_threshold as strong_s3_15_, systemconf0_.system_currency as system_c4_15_, systemconf0_.weak_spam_terms as weak_spa5_15_, systemconf0_.weak_spam_threshold as weak_spa6_15_ from system_configuration systemconf0_ 
2022-05-13 17:34:12.692 DEBUG [acme.framework.controllers.AbstractController@http-nio-8080-exec-8] SERVING GET /acme-toolkits-e3.08-1.0/any/item/show 
2022-05-13 17:34:12.693 DEBUG [acme.framework.controllers.AbstractController@http-nio-8080-exec-8] Result: ModelAndView [view="any/item/form"; model={code=ADC-123-U, moneyExchange=<<EUR 115.62>>, name=ertete, link=http://www.gdg.com, description=GDFGSGBSD, technology=MADERA, id=46, retailPrice=<<USD 120.20>>, version=1, command=show, principal=acme.framework.entities.Principal@ec907a}] 
2022-05-13 17:34:12.693 DEBUG [acme.framework.components.tiles.DynamicTilesView@http-nio-8080-exec-8] View name 'any/item/form', model {code=ADC-123-U, moneyExchange=<<EUR 115.62>>, name=ertete, link=http://www.gdg.com, description=GDFGSGBSD, technology=MADERA, id=46, retailPrice=<<USD 120.20>>, version=1, command=show, principal=acme.framework.entities.Principal@ec907a, org.springframework.validation.BindingResult.moneyExchange=org.springframework.validation.BeanPropertyBindingResult: 0 errors, org.springframework.validation.BindingResult.retailPrice=org.springframework.validation.BeanPropertyBindingResult: 0 errors, org.springframework.validation.BindingResult.principal=org.springframework.validation.BeanPropertyBindingResult: 0 errors} 
2022-05-13 17:34:12.694 DEBUG [org.apache.jasper.servlet.JspServlet@http-nio-8080-exec-8] JspEngine --> /WEB-INF/views/master/page.jsp 
2022-05-13 17:34:12.695 DEBUG [org.apache.jasper.servlet.JspServlet@http-nio-8080-exec-8] ServletPath: /WEB-INF/views/master/page.jsp 
2022-05-13 17:34:12.695 DEBUG [org.apache.jasper.servlet.JspServlet@http-nio-8080-exec-8] PathInfo: null 
2022-05-13 17:34:12.696 DEBUG [org.apache.jasper.servlet.JspServlet@http-nio-8080-exec-8] RealPath: P:\Workspace-22.0\Projects\Acme-Toolkits-E3.08\target\classes\WEB-INF\views\master\page.jsp 
2022-05-13 17:34:12.696 DEBUG [org.apache.jasper.servlet.JspServlet@http-nio-8080-exec-8] RequestURI: /acme-toolkits-e3.08-1.0/WEB-INF/views/master/page.jsp 
2022-05-13 17:34:12.696 DEBUG [org.apache.jasper.servlet.JspServlet@http-nio-8080-exec-8] QueryString: id=46 
2022-05-13 17:34:12.801 DEBUG [org.apache.jasper.servlet.JspServlet@http-nio-8080-exec-8] JspEngine --> /WEB-INF/views/any/item/form.jsp 
2022-05-13 17:34:12.802 DEBUG [org.apache.jasper.servlet.JspServlet@http-nio-8080-exec-8] ServletPath: /WEB-INF/views/master/page.jsp 
2022-05-13 17:34:12.802 DEBUG [org.apache.jasper.servlet.JspServlet@http-nio-8080-exec-8] PathInfo: null 
2022-05-13 17:34:12.804 DEBUG [org.apache.jasper.servlet.JspServlet@http-nio-8080-exec-8] RealPath: P:\Workspace-22.0\Projects\Acme-Toolkits-E3.08\target\classes\WEB-INF\views\any\item\form.jsp 
2022-05-13 17:34:12.804 DEBUG [org.apache.jasper.servlet.JspServlet@http-nio-8080-exec-8] RequestURI: /acme-toolkits-e3.08-1.0/WEB-INF/views/master/page.jsp 
2022-05-13 17:34:12.805 DEBUG [org.apache.jasper.servlet.JspServlet@http-nio-8080-exec-8] QueryString: id=46 
