2022-05-15 19:10:42.362 INFO  [acme.Launcher@main] Starting Launcher using Java 1.8.0_281 on DESKTOP-6R5AMBF with PID 16652 (C:\Users\USUARIO\OneDrive - UNIVERSIDAD DE SEVILLA\Escritorio\Workspace-22.0\Frameworks\Acme-Framework-22.5.1\target\classes started by USUARIO in C:\Users\USUARIO\OneDrive - UNIVERSIDAD DE SEVILLA\Escritorio\Workspace-22.0\Projects\Acme-Toolkits-E3.08) 
2022-05-15 19:10:42.363 DEBUG [acme.Launcher@main] Running with Spring Boot v2.4.2, Spring v5.3.3 
2022-05-15 19:10:42.364 INFO  [acme.Launcher@main] The following profiles are active: development,default 
2022-05-15 19:10:47.251 DEBUG [org.apache.jasper.servlet.JasperInitializer@main] Initializing Jasper for context [application] 
2022-05-15 19:10:56.004 DEBUG [org.apache.jasper.servlet.JspServlet@main] Scratch dir for the JSP engine is: [C:\Users\USUARIO\AppData\Local\Temp\tomcat.8080.8805138923703281922\work\Tomcat\localhost\acme-toolkits-e3.08-1.0] 
2022-05-15 19:10:56.044 DEBUG [org.apache.jasper.servlet.JspServlet@main] IMPORTANT: Do not modify the generated servlets 
2022-05-15 19:10:56.080 INFO  [acme.Launcher@main] Started Launcher in 14.805 seconds (JVM running for 16.039) 
2022-05-15 19:10:56.093 DEBUG [acme.Launcher@main] Found classpath entry '/C:/Users/USUARIO/OneDrive%20-%20UNIVERSIDAD%20DE%20SEVILLA/Escritorio/Workspace-22.0/Projects/Acme-Toolkits-E3.08/target/test-classes/' 
2022-05-15 19:10:56.096 DEBUG [acme.Launcher@main] Found classpath entry '/C:/Users/USUARIO/OneDrive%20-%20UNIVERSIDAD%20DE%20SEVILLA/Escritorio/Workspace-22.0/Projects/Acme-Toolkits-E3.08/target/classes/' 
2022-05-15 19:10:56.097 DEBUG [acme.Launcher@main] Found classpath entry '/C:/Users/USUARIO/OneDrive%20-%20UNIVERSIDAD%20DE%20SEVILLA/Escritorio/Workspace-22.0/Frameworks/Acme-Framework-22.5.1/target/classes/' 
2022-05-15 19:10:56.098 DEBUG [acme.Launcher@main] Found classpath entry '/C:/Users/USUARIO/OneDrive%20-%20UNIVERSIDAD%20DE%20SEVILLA/Escritorio/Workspace-22.0/Frameworks/Acme-Framework-22.5.1/target/test-classes/' 
2022-05-15 19:10:56.098 DEBUG [acme.Launcher@main] Found classpath entry '/C:/Users/USUARIO/.m2/repository/org/springframework/boot/spring-boot-starter-tomcat/2.4.2/spring-boot-starter-tomcat-2.4.2.jar' 
2022-05-15 19:10:56.098 DEBUG [acme.Launcher@main] Found classpath entry '/C:/Users/USUARIO/.m2/repository/jakarta/annotation/jakarta.annotation-api/1.3.5/jakarta.annotation-api-1.3.5.jar' 
2022-05-15 19:10:56.098 DEBUG [acme.Launcher@main] Found classpath entry '/C:/Users/USUARIO/.m2/repository/org/apache/tomcat/embed/tomcat-embed-core/9.0.41/tomcat-embed-core-9.0.41.jar' 
2022-05-15 19:10:56.099 DEBUG [acme.Launcher@main] Found classpath entry '/C:/Users/USUARIO/.m2/repository/org/glassfish/jakarta.el/3.0.3/jakarta.el-3.0.3.jar' 
2022-05-15 19:10:56.099 DEBUG [acme.Launcher@main] Found classpath entry '/C:/Users/USUARIO/.m2/repository/org/apache/tomcat/embed/tomcat-embed-websocket/9.0.41/tomcat-embed-websocket-9.0.41.jar' 
2022-05-15 19:10:56.099 DEBUG [acme.Launcher@main] Found classpath entry '/C:/Users/USUARIO/.m2/repository/org/apache/tomcat/embed/tomcat-embed-jasper/9.0.41/tomcat-embed-jasper-9.0.41.jar' 
2022-05-15 19:10:56.099 DEBUG [acme.Launcher@main] Found classpath entry '/C:/Users/USUARIO/.m2/repository/org/apache/tomcat/embed/tomcat-embed-el/9.0.41/tomcat-embed-el-9.0.41.jar' 
2022-05-15 19:10:56.100 DEBUG [acme.Launcher@main] Found classpath entry '/C:/Users/USUARIO/.m2/repository/org/eclipse/jdt/ecj/3.18.0/ecj-3.18.0.jar' 
2022-05-15 19:10:56.100 DEBUG [acme.Launcher@main] Found classpath entry '/C:/Users/USUARIO/.m2/repository/javax/servlet/jstl/1.2/jstl-1.2.jar' 
2022-05-15 19:10:56.100 DEBUG [acme.Launcher@main] Found classpath entry '/C:/Users/USUARIO/.m2/repository/org/springframework/boot/spring-boot-starter-test/2.4.2/spring-boot-starter-test-2.4.2.jar' 
2022-05-15 19:10:56.100 DEBUG [acme.Launcher@main] Found classpath entry '/C:/Users/USUARIO/.m2/repository/org/springframework/boot/spring-boot-starter/2.4.2/spring-boot-starter-2.4.2.jar' 
2022-05-15 19:10:56.100 DEBUG [acme.Launcher@main] Found classpath entry '/C:/Users/USUARIO/.m2/repository/org/springframework/boot/spring-boot/2.4.2/spring-boot-2.4.2.jar' 
2022-05-15 19:10:56.101 DEBUG [acme.Launcher@main] Found classpath entry '/C:/Users/USUARIO/.m2/repository/org/springframework/boot/spring-boot-autoconfigure/2.4.2/spring-boot-autoconfigure-2.4.2.jar' 
2022-05-15 19:10:56.101 DEBUG [acme.Launcher@main] Found classpath entry '/C:/Users/USUARIO/.m2/repository/org/springframework/boot/spring-boot-starter-logging/2.4.2/spring-boot-starter-logging-2.4.2.jar' 
2022-05-15 19:10:56.101 DEBUG [acme.Launcher@main] Found classpath entry '/C:/Users/USUARIO/.m2/repository/ch/qos/logback/logback-classic/1.2.3/logback-classic-1.2.3.jar' 
2022-05-15 19:10:56.102 DEBUG [acme.Launcher@main] Found classpath entry '/C:/Users/USUARIO/.m2/repository/ch/qos/logback/logback-core/1.2.3/logback-core-1.2.3.jar' 
2022-05-15 19:10:56.102 DEBUG [acme.Launcher@main] Found classpath entry '/C:/Users/USUARIO/.m2/repository/org/apache/logging/log4j/log4j-to-slf4j/2.13.3/log4j-to-slf4j-2.13.3.jar' 
2022-05-15 19:10:56.102 DEBUG [acme.Launcher@main] Found classpath entry '/C:/Users/USUARIO/.m2/repository/org/apache/logging/log4j/log4j-api/2.13.3/log4j-api-2.13.3.jar' 
2022-05-15 19:10:56.102 DEBUG [acme.Launcher@main] Found classpath entry '/C:/Users/USUARIO/.m2/repository/org/slf4j/jul-to-slf4j/1.7.30/jul-to-slf4j-1.7.30.jar' 
2022-05-15 19:10:56.102 DEBUG [acme.Launcher@main] Found classpath entry '/C:/Users/USUARIO/.m2/repository/org/yaml/snakeyaml/1.27/snakeyaml-1.27.jar' 
2022-05-15 19:10:56.103 DEBUG [acme.Launcher@main] Found classpath entry '/C:/Users/USUARIO/.m2/repository/org/springframework/boot/spring-boot-test/2.4.2/spring-boot-test-2.4.2.jar' 
2022-05-15 19:10:56.103 DEBUG [acme.Launcher@main] Found classpath entry '/C:/Users/USUARIO/.m2/repository/org/springframework/boot/spring-boot-test-autoconfigure/2.4.2/spring-boot-test-autoconfigure-2.4.2.jar' 
2022-05-15 19:10:56.103 DEBUG [acme.Launcher@main] Found classpath entry '/C:/Users/USUARIO/.m2/repository/com/jayway/jsonpath/json-path/2.4.0/json-path-2.4.0.jar' 
2022-05-15 19:10:56.103 DEBUG [acme.Launcher@main] Found classpath entry '/C:/Users/USUARIO/.m2/repository/net/minidev/json-smart/2.3/json-smart-2.3.jar' 
2022-05-15 19:10:56.104 DEBUG [acme.Launcher@main] Found classpath entry '/C:/Users/USUARIO/.m2/repository/net/minidev/accessors-smart/1.2/accessors-smart-1.2.jar' 
2022-05-15 19:10:56.104 DEBUG [acme.Launcher@main] Found classpath entry '/C:/Users/USUARIO/.m2/repository/org/ow2/asm/asm/5.0.4/asm-5.0.4.jar' 
2022-05-15 19:10:56.104 DEBUG [acme.Launcher@main] Found classpath entry '/C:/Users/USUARIO/.m2/repository/jakarta/xml/bind/jakarta.xml.bind-api/2.3.3/jakarta.xml.bind-api-2.3.3.jar' 
2022-05-15 19:10:56.104 DEBUG [acme.Launcher@main] Found classpath entry '/C:/Users/USUARIO/.m2/repository/jakarta/activation/jakarta.activation-api/1.2.2/jakarta.activation-api-1.2.2.jar' 
2022-05-15 19:10:56.104 DEBUG [acme.Launcher@main] Found classpath entry '/C:/Users/USUARIO/.m2/repository/org/assertj/assertj-core/3.18.1/assertj-core-3.18.1.jar' 
2022-05-15 19:10:56.108 DEBUG [acme.Launcher@main] Found classpath entry '/C:/Users/USUARIO/.m2/repository/org/hamcrest/hamcrest/2.2/hamcrest-2.2.jar' 
2022-05-15 19:10:56.108 DEBUG [acme.Launcher@main] Found classpath entry '/C:/Users/USUARIO/.m2/repository/org/junit/jupiter/junit-jupiter/5.7.0/junit-jupiter-5.7.0.jar' 
2022-05-15 19:10:56.108 DEBUG [acme.Launcher@main] Found classpath entry '/C:/Users/USUARIO/.m2/repository/org/mockito/mockito-core/3.6.28/mockito-core-3.6.28.jar' 
2022-05-15 19:10:56.109 DEBUG [acme.Launcher@main] Found classpath entry '/C:/Users/USUARIO/.m2/repository/net/bytebuddy/byte-buddy-agent/1.10.19/byte-buddy-agent-1.10.19.jar' 
2022-05-15 19:10:56.109 DEBUG [acme.Launcher@main] Found classpath entry '/C:/Users/USUARIO/.m2/repository/org/objenesis/objenesis/3.1/objenesis-3.1.jar' 
2022-05-15 19:10:56.109 DEBUG [acme.Launcher@main] Found classpath entry '/C:/Users/USUARIO/.m2/repository/org/mockito/mockito-junit-jupiter/3.6.28/mockito-junit-jupiter-3.6.28.jar' 
2022-05-15 19:10:56.109 DEBUG [acme.Launcher@main] Found classpath entry '/C:/Users/USUARIO/.m2/repository/org/skyscreamer/jsonassert/1.5.0/jsonassert-1.5.0.jar' 
2022-05-15 19:10:56.110 DEBUG [acme.Launcher@main] Found classpath entry '/C:/Users/USUARIO/.m2/repository/com/vaadin/external/google/android-json/0.0.20131108.vaadin1/android-json-0.0.20131108.vaadin1.jar' 
2022-05-15 19:10:56.110 DEBUG [acme.Launcher@main] Found classpath entry '/C:/Users/USUARIO/.m2/repository/org/springframework/spring-core/5.3.3/spring-core-5.3.3.jar' 
2022-05-15 19:10:56.110 DEBUG [acme.Launcher@main] Found classpath entry '/C:/Users/USUARIO/.m2/repository/org/springframework/spring-jcl/5.3.3/spring-jcl-5.3.3.jar' 
2022-05-15 19:10:56.110 DEBUG [acme.Launcher@main] Found classpath entry '/C:/Users/USUARIO/.m2/repository/org/springframework/spring-test/5.3.3/spring-test-5.3.3.jar' 
2022-05-15 19:10:56.110 DEBUG [acme.Launcher@main] Found classpath entry '/C:/Users/USUARIO/.m2/repository/org/xmlunit/xmlunit-core/2.7.0/xmlunit-core-2.7.0.jar' 
2022-05-15 19:10:56.110 DEBUG [acme.Launcher@main] Found classpath entry '/C:/Users/USUARIO/.m2/repository/org/springframework/boot/spring-boot-starter-security/2.4.2/spring-boot-starter-security-2.4.2.jar' 
2022-05-15 19:10:56.112 DEBUG [acme.Launcher@main] Found classpath entry '/C:/Users/USUARIO/.m2/repository/org/springframework/spring-aop/5.3.3/spring-aop-5.3.3.jar' 
2022-05-15 19:10:56.112 DEBUG [acme.Launcher@main] Found classpath entry '/C:/Users/USUARIO/.m2/repository/org/springframework/security/spring-security-web/5.4.2/spring-security-web-5.4.2.jar' 
2022-05-15 19:10:56.112 DEBUG [acme.Launcher@main] Found classpath entry '/C:/Users/USUARIO/.m2/repository/org/springframework/security/spring-security-core/5.4.2/spring-security-core-5.4.2.jar' 
2022-05-15 19:10:56.113 DEBUG [acme.Launcher@main] Found classpath entry '/C:/Users/USUARIO/.m2/repository/org/springframework/spring-beans/5.3.3/spring-beans-5.3.3.jar' 
2022-05-15 19:10:56.113 DEBUG [acme.Launcher@main] Found classpath entry '/C:/Users/USUARIO/.m2/repository/org/springframework/spring-context/5.3.3/spring-context-5.3.3.jar' 
2022-05-15 19:10:56.113 DEBUG [acme.Launcher@main] Found classpath entry '/C:/Users/USUARIO/.m2/repository/org/springframework/spring-expression/5.3.3/spring-expression-5.3.3.jar' 
2022-05-15 19:10:56.114 DEBUG [acme.Launcher@main] Found classpath entry '/C:/Users/USUARIO/.m2/repository/org/springframework/spring-web/5.3.3/spring-web-5.3.3.jar' 
2022-05-15 19:10:56.114 DEBUG [acme.Launcher@main] Found classpath entry '/C:/Users/USUARIO/.m2/repository/org/springframework/security/spring-security-config/5.4.2/spring-security-config-5.4.2.jar' 
2022-05-15 19:10:56.114 DEBUG [acme.Launcher@main] Found classpath entry '/C:/Users/USUARIO/.m2/repository/org/springframework/security/spring-security-taglibs/5.4.2/spring-security-taglibs-5.4.2.jar' 
2022-05-15 19:10:56.115 DEBUG [acme.Launcher@main] Found classpath entry '/C:/Users/USUARIO/.m2/repository/org/springframework/security/spring-security-acl/5.4.2/spring-security-acl-5.4.2.jar' 
2022-05-15 19:10:56.115 DEBUG [acme.Launcher@main] Found classpath entry '/C:/Users/USUARIO/.m2/repository/org/springframework/spring-jdbc/5.3.3/spring-jdbc-5.3.3.jar' 
2022-05-15 19:10:56.115 DEBUG [acme.Launcher@main] Found classpath entry '/C:/Users/USUARIO/.m2/repository/org/springframework/spring-tx/5.3.3/spring-tx-5.3.3.jar' 
2022-05-15 19:10:56.115 DEBUG [acme.Launcher@main] Found classpath entry '/C:/Users/USUARIO/.m2/repository/org/springframework/boot/spring-boot-starter-web/2.4.2/spring-boot-starter-web-2.4.2.jar' 
2022-05-15 19:10:56.116 DEBUG [acme.Launcher@main] Found classpath entry '/C:/Users/USUARIO/.m2/repository/org/springframework/boot/spring-boot-starter-json/2.4.2/spring-boot-starter-json-2.4.2.jar' 
2022-05-15 19:10:56.116 DEBUG [acme.Launcher@main] Found classpath entry '/C:/Users/USUARIO/.m2/repository/com/fasterxml/jackson/core/jackson-databind/2.11.4/jackson-databind-2.11.4.jar' 
2022-05-15 19:10:56.116 DEBUG [acme.Launcher@main] Found classpath entry '/C:/Users/USUARIO/.m2/repository/com/fasterxml/jackson/core/jackson-annotations/2.11.4/jackson-annotations-2.11.4.jar' 
2022-05-15 19:10:56.116 DEBUG [acme.Launcher@main] Found classpath entry '/C:/Users/USUARIO/.m2/repository/com/fasterxml/jackson/core/jackson-core/2.11.4/jackson-core-2.11.4.jar' 
2022-05-15 19:10:56.117 DEBUG [acme.Launcher@main] Found classpath entry '/C:/Users/USUARIO/.m2/repository/com/fasterxml/jackson/datatype/jackson-datatype-jdk8/2.11.4/jackson-datatype-jdk8-2.11.4.jar' 
2022-05-15 19:10:56.117 DEBUG [acme.Launcher@main] Found classpath entry '/C:/Users/USUARIO/.m2/repository/com/fasterxml/jackson/datatype/jackson-datatype-jsr310/2.11.4/jackson-datatype-jsr310-2.11.4.jar' 
2022-05-15 19:10:56.117 DEBUG [acme.Launcher@main] Found classpath entry '/C:/Users/USUARIO/.m2/repository/com/fasterxml/jackson/module/jackson-module-parameter-names/2.11.4/jackson-module-parameter-names-2.11.4.jar' 
2022-05-15 19:10:56.117 DEBUG [acme.Launcher@main] Found classpath entry '/C:/Users/USUARIO/.m2/repository/org/springframework/spring-webmvc/5.3.3/spring-webmvc-5.3.3.jar' 
2022-05-15 19:10:56.117 DEBUG [acme.Launcher@main] Found classpath entry '/C:/Users/USUARIO/.m2/repository/org/apache/tiles/tiles-jsp/3.0.8/tiles-jsp-3.0.8.jar' 
2022-05-15 19:10:56.117 DEBUG [acme.Launcher@main] Found classpath entry '/C:/Users/USUARIO/.m2/repository/org/apache/tiles/tiles-servlet/3.0.8/tiles-servlet-3.0.8.jar' 
2022-05-15 19:10:56.118 DEBUG [acme.Launcher@main] Found classpath entry '/C:/Users/USUARIO/.m2/repository/org/apache/tiles/tiles-core/3.0.8/tiles-core-3.0.8.jar' 
2022-05-15 19:10:56.118 DEBUG [acme.Launcher@main] Found classpath entry '/C:/Users/USUARIO/.m2/repository/commons-digester/commons-digester/2.0/commons-digester-2.0.jar' 
2022-05-15 19:10:56.118 DEBUG [acme.Launcher@main] Found classpath entry '/C:/Users/USUARIO/.m2/repository/org/slf4j/jcl-over-slf4j/1.7.30/jcl-over-slf4j-1.7.30.jar' 
2022-05-15 19:10:56.118 DEBUG [acme.Launcher@main] Found classpath entry '/C:/Users/USUARIO/.m2/repository/org/apache/tiles/tiles-request-servlet/1.0.7/tiles-request-servlet-1.0.7.jar' 
2022-05-15 19:10:56.118 DEBUG [acme.Launcher@main] Found classpath entry '/C:/Users/USUARIO/.m2/repository/org/apache/tiles/tiles-template/3.0.8/tiles-template-3.0.8.jar' 
2022-05-15 19:10:56.119 DEBUG [acme.Launcher@main] Found classpath entry '/C:/Users/USUARIO/.m2/repository/org/apache/tiles/tiles-api/3.0.8/tiles-api-3.0.8.jar' 
2022-05-15 19:10:56.119 DEBUG [acme.Launcher@main] Found classpath entry '/C:/Users/USUARIO/.m2/repository/org/apache/tiles/tiles-autotag-core-runtime/1.2/tiles-autotag-core-runtime-1.2.jar' 
2022-05-15 19:10:56.119 DEBUG [acme.Launcher@main] Found classpath entry '/C:/Users/USUARIO/.m2/repository/org/slf4j/slf4j-api/1.7.30/slf4j-api-1.7.30.jar' 
2022-05-15 19:10:56.119 DEBUG [acme.Launcher@main] Found classpath entry '/C:/Users/USUARIO/.m2/repository/org/apache/tiles/tiles-request-jsp/1.0.7/tiles-request-jsp-1.0.7.jar' 
2022-05-15 19:10:56.120 DEBUG [acme.Launcher@main] Found classpath entry '/C:/Users/USUARIO/.m2/repository/org/apache/tiles/tiles-request-api/1.0.7/tiles-request-api-1.0.7.jar' 
2022-05-15 19:10:56.120 DEBUG [acme.Launcher@main] Found classpath entry '/C:/Users/USUARIO/.m2/repository/org/springframework/boot/spring-boot-starter-data-jpa/2.4.2/spring-boot-starter-data-jpa-2.4.2.jar' 
2022-05-15 19:10:56.120 DEBUG [acme.Launcher@main] Found classpath entry '/C:/Users/USUARIO/.m2/repository/org/springframework/boot/spring-boot-starter-aop/2.4.2/spring-boot-starter-aop-2.4.2.jar' 
2022-05-15 19:10:56.120 DEBUG [acme.Launcher@main] Found classpath entry '/C:/Users/USUARIO/.m2/repository/org/aspectj/aspectjweaver/1.9.6/aspectjweaver-1.9.6.jar' 
2022-05-15 19:10:56.120 DEBUG [acme.Launcher@main] Found classpath entry '/C:/Users/USUARIO/.m2/repository/org/springframework/boot/spring-boot-starter-jdbc/2.4.2/spring-boot-starter-jdbc-2.4.2.jar' 
2022-05-15 19:10:56.120 DEBUG [acme.Launcher@main] Found classpath entry '/C:/Users/USUARIO/.m2/repository/jakarta/transaction/jakarta.transaction-api/1.3.3/jakarta.transaction-api-1.3.3.jar' 
2022-05-15 19:10:56.121 DEBUG [acme.Launcher@main] Found classpath entry '/C:/Users/USUARIO/.m2/repository/jakarta/persistence/jakarta.persistence-api/2.2.3/jakarta.persistence-api-2.2.3.jar' 
2022-05-15 19:10:56.121 DEBUG [acme.Launcher@main] Found classpath entry '/C:/Users/USUARIO/.m2/repository/org/hibernate/hibernate-core/5.4.27.Final/hibernate-core-5.4.27.Final.jar' 
2022-05-15 19:10:56.121 DEBUG [acme.Launcher@main] Found classpath entry '/C:/Users/USUARIO/.m2/repository/org/jboss/logging/jboss-logging/3.4.1.Final/jboss-logging-3.4.1.Final.jar' 
2022-05-15 19:10:56.121 DEBUG [acme.Launcher@main] Found classpath entry '/C:/Users/USUARIO/.m2/repository/org/javassist/javassist/3.27.0-GA/javassist-3.27.0-GA.jar' 
2022-05-15 19:10:56.122 DEBUG [acme.Launcher@main] Found classpath entry '/C:/Users/USUARIO/.m2/repository/antlr/antlr/2.7.7/antlr-2.7.7.jar' 
2022-05-15 19:10:56.122 DEBUG [acme.Launcher@main] Found classpath entry '/C:/Users/USUARIO/.m2/repository/org/jboss/jandex/2.1.3.Final/jandex-2.1.3.Final.jar' 
2022-05-15 19:10:56.122 DEBUG [acme.Launcher@main] Found classpath entry '/C:/Users/USUARIO/.m2/repository/com/fasterxml/classmate/1.5.1/classmate-1.5.1.jar' 
2022-05-15 19:10:56.122 DEBUG [acme.Launcher@main] Found classpath entry '/C:/Users/USUARIO/.m2/repository/org/dom4j/dom4j/2.1.3/dom4j-2.1.3.jar' 
2022-05-15 19:10:56.122 DEBUG [acme.Launcher@main] Found classpath entry '/C:/Users/USUARIO/.m2/repository/org/hibernate/common/hibernate-commons-annotations/5.1.2.Final/hibernate-commons-annotations-5.1.2.Final.jar' 
2022-05-15 19:10:56.122 DEBUG [acme.Launcher@main] Found classpath entry '/C:/Users/USUARIO/.m2/repository/org/glassfish/jaxb/jaxb-runtime/2.3.3/jaxb-runtime-2.3.3.jar' 
2022-05-15 19:10:56.123 DEBUG [acme.Launcher@main] Found classpath entry '/C:/Users/USUARIO/.m2/repository/org/glassfish/jaxb/txw2/2.3.3/txw2-2.3.3.jar' 
2022-05-15 19:10:56.123 DEBUG [acme.Launcher@main] Found classpath entry '/C:/Users/USUARIO/.m2/repository/com/sun/istack/istack-commons-runtime/3.0.11/istack-commons-runtime-3.0.11.jar' 
2022-05-15 19:10:56.123 DEBUG [acme.Launcher@main] Found classpath entry '/C:/Users/USUARIO/.m2/repository/com/sun/activation/jakarta.activation/1.2.2/jakarta.activation-1.2.2.jar' 
2022-05-15 19:10:56.123 DEBUG [acme.Launcher@main] Found classpath entry '/C:/Users/USUARIO/.m2/repository/org/springframework/data/spring-data-jpa/2.4.3/spring-data-jpa-2.4.3.jar' 
2022-05-15 19:10:56.123 DEBUG [acme.Launcher@main] Found classpath entry '/C:/Users/USUARIO/.m2/repository/org/springframework/data/spring-data-commons/2.4.3/spring-data-commons-2.4.3.jar' 
2022-05-15 19:10:56.123 DEBUG [acme.Launcher@main] Found classpath entry '/C:/Users/USUARIO/.m2/repository/org/springframework/spring-orm/5.3.3/spring-orm-5.3.3.jar' 
2022-05-15 19:10:56.124 DEBUG [acme.Launcher@main] Found classpath entry '/C:/Users/USUARIO/.m2/repository/org/springframework/spring-aspects/5.3.3/spring-aspects-5.3.3.jar' 
2022-05-15 19:10:56.124 DEBUG [acme.Launcher@main] Found classpath entry '/C:/Users/USUARIO/.m2/repository/org/springframework/boot/spring-boot-starter-validation/2.4.2/spring-boot-starter-validation-2.4.2.jar' 
2022-05-15 19:10:56.124 DEBUG [acme.Launcher@main] Found classpath entry '/C:/Users/USUARIO/.m2/repository/org/hibernate/validator/hibernate-validator/6.1.7.Final/hibernate-validator-6.1.7.Final.jar' 
2022-05-15 19:10:56.124 DEBUG [acme.Launcher@main] Found classpath entry '/C:/Users/USUARIO/.m2/repository/jakarta/validation/jakarta.validation-api/2.0.2/jakarta.validation-api-2.0.2.jar' 
2022-05-15 19:10:56.124 DEBUG [acme.Launcher@main] Found classpath entry '/C:/Users/USUARIO/.m2/repository/mysql/mysql-connector-java/8.0.22/mysql-connector-java-8.0.22.jar' 
2022-05-15 19:10:56.124 DEBUG [acme.Launcher@main] Found classpath entry '/C:/Users/USUARIO/.m2/repository/com/zaxxer/HikariCP/3.4.5/HikariCP-3.4.5.jar' 
2022-05-15 19:10:56.124 DEBUG [acme.Launcher@main] Found classpath entry '/C:/Users/USUARIO/.m2/repository/org/junit/jupiter/junit-jupiter-engine/5.7.0/junit-jupiter-engine-5.7.0.jar' 
2022-05-15 19:10:56.125 DEBUG [acme.Launcher@main] Found classpath entry '/C:/Users/USUARIO/.m2/repository/org/apiguardian/apiguardian-api/1.1.0/apiguardian-api-1.1.0.jar' 
2022-05-15 19:10:56.125 DEBUG [acme.Launcher@main] Found classpath entry '/C:/Users/USUARIO/.m2/repository/org/junit/platform/junit-platform-engine/1.7.0/junit-platform-engine-1.7.0.jar' 
2022-05-15 19:10:56.125 DEBUG [acme.Launcher@main] Found classpath entry '/C:/Users/USUARIO/.m2/repository/org/junit/jupiter/junit-jupiter-api/5.7.0/junit-jupiter-api-5.7.0.jar' 
2022-05-15 19:10:56.125 DEBUG [acme.Launcher@main] Found classpath entry '/C:/Users/USUARIO/.m2/repository/org/opentest4j/opentest4j/1.2.0/opentest4j-1.2.0.jar' 
2022-05-15 19:10:56.125 DEBUG [acme.Launcher@main] Found classpath entry '/C:/Users/USUARIO/.m2/repository/org/junit/platform/junit-platform-commons/1.7.0/junit-platform-commons-1.7.0.jar' 
2022-05-15 19:10:56.125 DEBUG [acme.Launcher@main] Found classpath entry '/C:/Users/USUARIO/.m2/repository/org/junit/jupiter/junit-jupiter-params/5.7.0/junit-jupiter-params-5.7.0.jar' 
2022-05-15 19:10:56.126 DEBUG [acme.Launcher@main] Found classpath entry '/C:/Users/USUARIO/.m2/repository/org/junit/platform/junit-platform-launcher/1.7.0/junit-platform-launcher-1.7.0.jar' 
2022-05-15 19:10:56.126 DEBUG [acme.Launcher@main] Found classpath entry '/C:/Users/USUARIO/.m2/repository/org/seleniumhq/selenium/selenium-java/3.141.59/selenium-java-3.141.59.jar' 
2022-05-15 19:10:56.126 DEBUG [acme.Launcher@main] Found classpath entry '/C:/Users/USUARIO/.m2/repository/org/seleniumhq/selenium/selenium-api/3.141.59/selenium-api-3.141.59.jar' 
2022-05-15 19:10:56.126 DEBUG [acme.Launcher@main] Found classpath entry '/C:/Users/USUARIO/.m2/repository/org/seleniumhq/selenium/selenium-chrome-driver/3.141.59/selenium-chrome-driver-3.141.59.jar' 
2022-05-15 19:10:56.126 DEBUG [acme.Launcher@main] Found classpath entry '/C:/Users/USUARIO/.m2/repository/org/seleniumhq/selenium/selenium-edge-driver/3.141.59/selenium-edge-driver-3.141.59.jar' 
2022-05-15 19:10:56.126 DEBUG [acme.Launcher@main] Found classpath entry '/C:/Users/USUARIO/.m2/repository/org/seleniumhq/selenium/selenium-firefox-driver/3.141.59/selenium-firefox-driver-3.141.59.jar' 
2022-05-15 19:10:56.126 DEBUG [acme.Launcher@main] Found classpath entry '/C:/Users/USUARIO/.m2/repository/org/seleniumhq/selenium/selenium-ie-driver/3.141.59/selenium-ie-driver-3.141.59.jar' 
2022-05-15 19:10:56.127 DEBUG [acme.Launcher@main] Found classpath entry '/C:/Users/USUARIO/.m2/repository/org/seleniumhq/selenium/selenium-opera-driver/3.141.59/selenium-opera-driver-3.141.59.jar' 
2022-05-15 19:10:56.127 DEBUG [acme.Launcher@main] Found classpath entry '/C:/Users/USUARIO/.m2/repository/org/seleniumhq/selenium/selenium-remote-driver/3.141.59/selenium-remote-driver-3.141.59.jar' 
2022-05-15 19:10:56.127 DEBUG [acme.Launcher@main] Found classpath entry '/C:/Users/USUARIO/.m2/repository/org/seleniumhq/selenium/selenium-safari-driver/3.141.59/selenium-safari-driver-3.141.59.jar' 
2022-05-15 19:10:56.127 DEBUG [acme.Launcher@main] Found classpath entry '/C:/Users/USUARIO/.m2/repository/org/seleniumhq/selenium/selenium-support/3.141.59/selenium-support-3.141.59.jar' 
2022-05-15 19:10:56.129 DEBUG [acme.Launcher@main] Found classpath entry '/C:/Users/USUARIO/.m2/repository/net/bytebuddy/byte-buddy/1.10.19/byte-buddy-1.10.19.jar' 
2022-05-15 19:10:56.129 DEBUG [acme.Launcher@main] Found classpath entry '/C:/Users/USUARIO/.m2/repository/org/apache/commons/commons-exec/1.3/commons-exec-1.3.jar' 
2022-05-15 19:10:56.129 DEBUG [acme.Launcher@main] Found classpath entry '/C:/Users/USUARIO/.m2/repository/com/google/guava/guava/25.0-jre/guava-25.0-jre.jar' 
2022-05-15 19:10:56.129 DEBUG [acme.Launcher@main] Found classpath entry '/C:/Users/USUARIO/.m2/repository/com/google/code/findbugs/jsr305/1.3.9/jsr305-1.3.9.jar' 
2022-05-15 19:10:56.130 DEBUG [acme.Launcher@main] Found classpath entry '/C:/Users/USUARIO/.m2/repository/org/checkerframework/checker-compat-qual/2.0.0/checker-compat-qual-2.0.0.jar' 
2022-05-15 19:10:56.130 DEBUG [acme.Launcher@main] Found classpath entry '/C:/Users/USUARIO/.m2/repository/com/google/errorprone/error_prone_annotations/2.1.3/error_prone_annotations-2.1.3.jar' 
2022-05-15 19:10:56.130 DEBUG [acme.Launcher@main] Found classpath entry '/C:/Users/USUARIO/.m2/repository/com/google/j2objc/j2objc-annotations/1.1/j2objc-annotations-1.1.jar' 
2022-05-15 19:10:56.130 DEBUG [acme.Launcher@main] Found classpath entry '/C:/Users/USUARIO/.m2/repository/org/codehaus/mojo/animal-sniffer-annotations/1.14/animal-sniffer-annotations-1.14.jar' 
2022-05-15 19:10:56.130 DEBUG [acme.Launcher@main] Found classpath entry '/C:/Users/USUARIO/.m2/repository/com/squareup/okhttp3/okhttp/3.14.9/okhttp-3.14.9.jar' 
2022-05-15 19:10:56.131 DEBUG [acme.Launcher@main] Found classpath entry '/C:/Users/USUARIO/.m2/repository/com/squareup/okio/okio/1.14.0/okio-1.14.0.jar' 
2022-05-15 19:10:56.131 DEBUG [acme.Launcher@main] Found classpath entry '/C:/Users/USUARIO/.m2/repository/org/apache/commons/commons-lang3/3.11/commons-lang3-3.11.jar' 
2022-05-15 19:10:56.131 DEBUG [acme.Launcher@main] Found classpath entry '/C:/Users/USUARIO/.m2/repository/org/apache/commons/commons-text/1.8/commons-text-1.8.jar' 
2022-05-15 19:10:56.131 DEBUG [acme.Launcher@main] Found classpath entry '/C:/Users/USUARIO/.m2/repository/commons-io/commons-io/2.6/commons-io-2.6.jar' 
2022-05-15 19:10:56.131 DEBUG [acme.Launcher@main] Found classpath entry '/C:/Users/USUARIO/.m2/repository/commons-cli/commons-cli/1.4/commons-cli-1.4.jar' 
2022-05-15 19:10:56.132 DEBUG [acme.Launcher@main] Found classpath entry '/C:/Users/USUARIO/.m2/repository/org/projectlombok/lombok/1.18.16/lombok-1.18.16.jar' 
2022-05-15 19:10:56.132 DEBUG [acme.Launcher@main] Found classpath entry '/C:/Users/USUARIO/.m2/repository/com/opencsv/opencsv/5.4/opencsv-5.4.jar' 
2022-05-15 19:10:56.132 DEBUG [acme.Launcher@main] Found classpath entry '/C:/Users/USUARIO/.m2/repository/commons-beanutils/commons-beanutils/1.9.4/commons-beanutils-1.9.4.jar' 
2022-05-15 19:10:56.132 DEBUG [acme.Launcher@main] Found classpath entry '/C:/Users/USUARIO/.m2/repository/commons-logging/commons-logging/1.2/commons-logging-1.2.jar' 
2022-05-15 19:10:56.132 DEBUG [acme.Launcher@main] Found classpath entry '/C:/Users/USUARIO/.m2/repository/commons-collections/commons-collections/3.2.2/commons-collections-3.2.2.jar' 
2022-05-15 19:10:56.132 DEBUG [acme.Launcher@main] Found classpath entry '/C:/Users/USUARIO/.m2/repository/org/apache/commons/commons-collections4/4.4/commons-collections4-4.4.jar' 
2022-05-15 19:10:56.133 DEBUG [acme.Launcher@main] Found classpath entry '/C:/Users/USUARIO/OneDrive%20-%20UNIVERSIDAD%20DE%20SEVILLA/Escritorio/Workspace-22.0/Tools/IDEs/eclipse-jee-2021-12-R/configuration/org.eclipse.osgi/418/0/.cp/lib/javaagent-shaded.jar' 
2022-05-15 19:10:56.285 DEBUG [acme.Launcher@main] Found entity class 'acme.entities.Announcement 
2022-05-15 19:10:56.285 DEBUG [acme.Launcher@main] Found entity class 'acme.entities.Chirp 
2022-05-15 19:10:56.285 DEBUG [acme.Launcher@main] Found entity class 'acme.entities.Item 
2022-05-15 19:10:56.285 DEBUG [acme.Launcher@main] Found entity class 'acme.entities.Patronage 
2022-05-15 19:10:56.286 DEBUG [acme.Launcher@main] Found entity class 'acme.entities.PatronageReport 
2022-05-15 19:10:56.286 DEBUG [acme.Launcher@main] Found entity class 'acme.entities.Quantity 
2022-05-15 19:10:56.286 DEBUG [acme.Launcher@main] Found entity class 'acme.entities.SystemConfiguration 
2022-05-15 19:10:56.286 DEBUG [acme.Launcher@main] Found entity class 'acme.entities.Toolkit 
2022-05-15 19:10:56.286 DEBUG [acme.Launcher@main] Found entity class 'acme.roles.Consumer 
2022-05-15 19:10:56.286 DEBUG [acme.Launcher@main] Found entity class 'acme.roles.Inventor 
2022-05-15 19:10:56.286 DEBUG [acme.Launcher@main] Found entity class 'acme.roles.Patron 
2022-05-15 19:10:56.286 DEBUG [acme.Launcher@main] Found entity class 'acme.roles.Provider 
2022-05-15 19:10:56.286 DEBUG [acme.Launcher@main] Found entity class 'acme.framework.entities.UserAccount 
2022-05-15 19:10:56.286 DEBUG [acme.Launcher@main] Found entity class 'acme.framework.roles.Administrator 
2022-05-15 19:10:56.286 DEBUG [acme.Launcher@main] Found entity class 'acme.framework.roles.Anonymous 
2022-05-15 19:10:56.286 DEBUG [acme.Launcher@main] Found entity class 'acme.framework.roles.Any 
2022-05-15 19:10:56.286 DEBUG [acme.Launcher@main] Found entity class 'acme.framework.roles.Authenticated 
2022-05-15 19:10:56.291 INFO  [acme.Launcher@main] Running application (Standalone) 
2022-05-15 19:11:22.905 DEBUG [org.hibernate.SQL@http-nio-8080-exec-1] select useraccoun0_.id as id1_0_, useraccoun0_.version as version2_0_, useraccoun0_.enabled as enabled1_17_, useraccoun0_.identity as identity2_17_, useraccoun0_.password as password3_17_, useraccoun0_.username as username4_17_ from user_account useraccoun0_ where useraccoun0_.username=? 
2022-05-15 19:11:22.948 TRACE [org.hibernate.type.descriptor.sql.BasicBinder@http-nio-8080-exec-1] binding parameter [1] as [VARCHAR] - [inventor1] 
2022-05-15 19:11:23.033 DEBUG [org.hibernate.SQL@http-nio-8080-exec-1] select roles0_.user_account_id as user_acc1_18_0_, roles0_.id as id1_18_0_, roles0_.id as id1_0_1_, roles0_.version as version2_0_1_, roles0_.user_account_id as user_acc1_18_1_, roles0_.company as company1_7_1_, roles0_.sector as sector2_7_1_, roles0_.company as company1_8_1_, roles0_.info as info2_8_1_, roles0_.statement as statemen3_8_1_, roles0_.company as company1_10_1_, roles0_.info as info2_10_1_, roles0_.statement as statemen3_10_1_, roles0_.company as company1_13_1_, roles0_.sector as sector2_13_1_, roles0_.clazz_ as clazz_1_ from ( select id, version, user_account_id, company, sector, null as info, null as statement, 10 as clazz_ from consumer union all select id, version, user_account_id, company, null as sector, info, statement, 11 as clazz_ from inventor union all select id, version, user_account_id, company, null as sector, info, statement, 12 as clazz_ from patron union all select id, version, user_account_id, company, sector, null as info, null as statement, 13 as clazz_ from provider union all select id, version, user_account_id, null as company, null as sector, null as info, null as statement, 15 as clazz_ from administrator union all select id, version, user_account_id, null as company, null as sector, null as info, null as statement, 16 as clazz_ from anonymous union all select id, version, user_account_id, null as company, null as sector, null as info, null as statement, 17 as clazz_ from any union all select id, version, user_account_id, null as company, null as sector, null as info, null as statement, 18 as clazz_ from authenticated ) roles0_ where roles0_.user_account_id=? 
2022-05-15 19:11:23.033 TRACE [org.hibernate.type.descriptor.sql.BasicBinder@http-nio-8080-exec-1] binding parameter [1] as [INTEGER] - [12] 
2022-05-15 19:11:23.182 DEBUG [acme.framework.controllers.AbstractController@http-nio-8080-exec-1] DISPATCHING GET /acme-toolkits-e3.08-1.0/inventor/toolkit/show 
2022-05-15 19:11:23.183 DEBUG [acme.framework.controllers.AbstractController@http-nio-8080-exec-1] Command: show 
2022-05-15 19:11:23.183 DEBUG [acme.framework.controllers.AbstractController@http-nio-8080-exec-1] Model:   {id=46} 
2022-05-15 19:11:23.183 DEBUG [acme.framework.controllers.AbstractController@http-nio-8080-exec-1] Locale:  es 
2022-05-15 19:11:23.219 DEBUG [org.hibernate.SQL@http-nio-8080-exec-1] select toolkit0_.id as id1_0_, toolkit0_.version as version2_0_, toolkit0_.code as code1_16_, toolkit0_.description as descript2_16_, toolkit0_.inventor_id as inventor8_16_, toolkit0_.link as link3_16_, toolkit0_.notes as notes4_16_, toolkit0_.published as publishe5_16_, toolkit0_.retail_price as retail_p6_16_, toolkit0_.title as title7_16_ from toolkit toolkit0_ where toolkit0_.id=? 
2022-05-15 19:11:23.220 TRACE [org.hibernate.type.descriptor.sql.BasicBinder@http-nio-8080-exec-1] binding parameter [1] as [INTEGER] - [46] 
2022-05-15 19:11:23.224 DEBUG [org.hibernate.SQL@http-nio-8080-exec-1] select inventor0_.id as id1_0_0_, inventor0_.version as version2_0_0_, inventor0_.user_account_id as user_acc1_18_0_, inventor0_.company as company1_8_0_, inventor0_.info as info2_8_0_, inventor0_.statement as statemen3_8_0_, useraccoun1_.id as id1_0_1_, useraccoun1_.version as version2_0_1_, useraccoun1_.enabled as enabled1_17_1_, useraccoun1_.identity as identity2_17_1_, useraccoun1_.password as password3_17_1_, useraccoun1_.username as username4_17_1_ from inventor inventor0_ inner join user_account useraccoun1_ on inventor0_.user_account_id=useraccoun1_.id where inventor0_.id=? 
2022-05-15 19:11:23.225 TRACE [org.hibernate.type.descriptor.sql.BasicBinder@http-nio-8080-exec-1] binding parameter [1] as [INTEGER] - [17] 
2022-05-15 19:11:23.265 DEBUG [org.hibernate.SQL@http-nio-8080-exec-1] select sum(item1_.retail_price_amount*quantity0_.items_number) as col_0_0_ from quantity quantity0_ cross join item item1_ where quantity0_.item_id=item1_.id and quantity0_.toolkit_id=? 
2022-05-15 19:11:23.266 TRACE [org.hibernate.type.descriptor.sql.BasicBinder@http-nio-8080-exec-1] binding parameter [1] as [INTEGER] - [46] 
2022-05-15 19:11:23.273 DEBUG [org.hibernate.SQL@http-nio-8080-exec-1] select item1_.id as id1_0_, item1_.version as version2_0_, item1_.code as code1_9_, item1_.description as descript2_9_, item1_.inventor_id as invento10_9_, item1_.item_type as item_typ3_9_, item1_.link as link4_9_, item1_.name as name5_9_, item1_.published as publishe6_9_, item1_.retail_price_amount as retail_p7_9_, item1_.retail_price_currency as retail_p8_9_, item1_.technology as technolo9_9_ from quantity quantity0_ inner join item item1_ on quantity0_.item_id=item1_.id where quantity0_.toolkit_id=? 
2022-05-15 19:11:23.273 TRACE [org.hibernate.type.descriptor.sql.BasicBinder@http-nio-8080-exec-1] binding parameter [1] as [INTEGER] - [46] 
2022-05-15 19:11:23.306 DEBUG [acme.framework.controllers.AbstractController@http-nio-8080-exec-1] SERVING GET /acme-toolkits-e3.08-1.0/inventor/toolkit/show 
2022-05-15 19:11:23.306 DEBUG [acme.framework.controllers.AbstractController@http-nio-8080-exec-1] Result: ModelAndView [view="inventor/toolkit/form"; model={toolkitPrice=null, code=ASD-045, notes=dqwdqw, readonly=true, link=http://www.chuhdhd.es, description=dddwqdqw, published=false, id=46, confirmation=false, title=abdc, items=[], version=0, command=show, principal=acme.framework.entities.Principal@37613569}] 
2022-05-15 19:11:23.335 DEBUG [acme.framework.components.tiles.DynamicTilesView@http-nio-8080-exec-1] View name 'inventor/toolkit/form', model {toolkitPrice=null, code=ASD-045, notes=dqwdqw, readonly=true, link=http://www.chuhdhd.es, description=dddwqdqw, published=false, id=46, confirmation=false, title=abdc, items=[], version=0, command=show, principal=acme.framework.entities.Principal@37613569, org.springframework.validation.BindingResult.principal=org.springframework.validation.BeanPropertyBindingResult: 0 errors} 
2022-05-15 19:11:23.366 DEBUG [org.apache.tiles.definition.dao.BaseLocaleUrlDefinitionDAO@http-nio-8080-exec-1] File Resource file:/C:/Users/USUARIO/OneDrive%20-%20UNIVERSIDAD%20DE%20SEVILLA/Escritorio/Workspace-22.0/Projects/Acme-Toolkits-E3.08/target/classes/WEB-INF/views/master/tiles_es.xml at file:/C:/Users/USUARIO/OneDrive%20-%20UNIVERSIDAD%20DE%20SEVILLA/Escritorio/Workspace-22.0/Projects/Acme-Toolkits-E3.08/target/classes/WEB-INF/views/master/tiles_es.xml not found, continue 
2022-05-15 19:11:23.380 DEBUG [org.apache.jasper.servlet.JspServlet@http-nio-8080-exec-1] JspEngine --> /WEB-INF/views/master/page.jsp 
2022-05-15 19:11:23.383 DEBUG [org.apache.jasper.servlet.JspServlet@http-nio-8080-exec-1] ServletPath: /WEB-INF/views/master/page.jsp 
2022-05-15 19:11:23.384 DEBUG [org.apache.jasper.servlet.JspServlet@http-nio-8080-exec-1] PathInfo: null 
2022-05-15 19:11:23.388 DEBUG [org.apache.jasper.servlet.JspServlet@http-nio-8080-exec-1] RealPath: C:\Users\USUARIO\OneDrive - UNIVERSIDAD DE SEVILLA\Escritorio\Workspace-22.0\Projects\Acme-Toolkits-E3.08\target\classes\WEB-INF\views\master\page.jsp 
2022-05-15 19:11:23.388 DEBUG [org.apache.jasper.servlet.JspServlet@http-nio-8080-exec-1] RequestURI: /acme-toolkits-e3.08-1.0/WEB-INF/views/master/page.jsp 
2022-05-15 19:11:23.389 DEBUG [org.apache.jasper.servlet.JspServlet@http-nio-8080-exec-1] QueryString: id=46 
2022-05-15 19:11:32.748 DEBUG [acme.framework.configuration.ExtendedMessageSource@http-nio-8080-exec-1] Loading properties [C:\Users\USUARIO\OneDrive - UNIVERSIDAD DE SEVILLA\Escritorio\Workspace-22.0\Projects\Acme-Toolkits-E3.08\target\classes\WEB-INF\views\administrator\administrator-dashboard\messages-en.i18n] with encoding 'utf-8' 
2022-05-15 19:11:32.750 DEBUG [acme.framework.configuration.ExtendedMessageSource@http-nio-8080-exec-1] Loading properties [C:\Users\USUARIO\OneDrive - UNIVERSIDAD DE SEVILLA\Escritorio\Workspace-22.0\Projects\Acme-Toolkits-E3.08\target\classes\WEB-INF\views\administrator\system-configuration\messsages-en.i18n] with encoding 'utf-8' 
2022-05-15 19:11:32.752 DEBUG [acme.framework.configuration.ExtendedMessageSource@http-nio-8080-exec-1] Loading properties [C:\Users\USUARIO\OneDrive - UNIVERSIDAD DE SEVILLA\Escritorio\Workspace-22.0\Projects\Acme-Toolkits-E3.08\target\classes\WEB-INF\views\administrator\user-account\messages-en.i18n] with encoding 'utf-8' 
2022-05-15 19:11:32.754 DEBUG [acme.framework.configuration.ExtendedMessageSource@http-nio-8080-exec-1] Loading properties [C:\Users\USUARIO\OneDrive - UNIVERSIDAD DE SEVILLA\Escritorio\Workspace-22.0\Projects\Acme-Toolkits-E3.08\target\classes\WEB-INF\views\anonymous\user-account\messages-en.i18n] with encoding 'utf-8' 
2022-05-15 19:11:32.755 DEBUG [acme.framework.configuration.ExtendedMessageSource@http-nio-8080-exec-1] Loading properties [C:\Users\USUARIO\OneDrive - UNIVERSIDAD DE SEVILLA\Escritorio\Workspace-22.0\Projects\Acme-Toolkits-E3.08\target\classes\WEB-INF\views\any\chirp\messsages-en.i18n] with encoding 'utf-8' 
2022-05-15 19:11:32.756 DEBUG [acme.framework.configuration.ExtendedMessageSource@http-nio-8080-exec-1] Loading properties [C:\Users\USUARIO\OneDrive - UNIVERSIDAD DE SEVILLA\Escritorio\Workspace-22.0\Projects\Acme-Toolkits-E3.08\target\classes\WEB-INF\views\any\item\messsages-en.i18n] with encoding 'utf-8' 
2022-05-15 19:11:32.765 DEBUG [acme.framework.configuration.ExtendedMessageSource@http-nio-8080-exec-1] Loading properties [C:\Users\USUARIO\OneDrive - UNIVERSIDAD DE SEVILLA\Escritorio\Workspace-22.0\Projects\Acme-Toolkits-E3.08\target\classes\WEB-INF\views\any\toolkit\messsages-en.i18n] with encoding 'utf-8' 
2022-05-15 19:11:32.767 DEBUG [acme.framework.configuration.ExtendedMessageSource@http-nio-8080-exec-1] Loading properties [C:\Users\USUARIO\OneDrive - UNIVERSIDAD DE SEVILLA\Escritorio\Workspace-22.0\Projects\Acme-Toolkits-E3.08\target\classes\WEB-INF\views\any\user-account\messsages-en.i18n] with encoding 'utf-8' 
2022-05-15 19:11:32.767 DEBUG [acme.framework.configuration.ExtendedMessageSource@http-nio-8080-exec-1] Loading properties [C:\Users\USUARIO\OneDrive - UNIVERSIDAD DE SEVILLA\Escritorio\Workspace-22.0\Projects\Acme-Toolkits-E3.08\target\classes\WEB-INF\views\authenticated\announcement\messsages-en.i18n] with encoding 'utf-8' 
2022-05-15 19:11:32.768 DEBUG [acme.framework.configuration.ExtendedMessageSource@http-nio-8080-exec-1] Loading properties [C:\Users\USUARIO\OneDrive - UNIVERSIDAD DE SEVILLA\Escritorio\Workspace-22.0\Projects\Acme-Toolkits-E3.08\target\classes\WEB-INF\views\authenticated\consumer\messsages-en.i18n] with encoding 'utf-8' 
2022-05-15 19:11:32.769 DEBUG [acme.framework.configuration.ExtendedMessageSource@http-nio-8080-exec-1] Loading properties [C:\Users\USUARIO\OneDrive - UNIVERSIDAD DE SEVILLA\Escritorio\Workspace-22.0\Projects\Acme-Toolkits-E3.08\target\classes\WEB-INF\views\authenticated\inventor\messsages-en.i18n] with encoding 'utf-8' 
2022-05-15 19:11:32.770 DEBUG [acme.framework.configuration.ExtendedMessageSource@http-nio-8080-exec-1] Loading properties [C:\Users\USUARIO\OneDrive - UNIVERSIDAD DE SEVILLA\Escritorio\Workspace-22.0\Projects\Acme-Toolkits-E3.08\target\classes\WEB-INF\views\authenticated\patron\messsages-en.i18n] with encoding 'utf-8' 
2022-05-15 19:11:32.771 DEBUG [acme.framework.configuration.ExtendedMessageSource@http-nio-8080-exec-1] Loading properties [C:\Users\USUARIO\OneDrive - UNIVERSIDAD DE SEVILLA\Escritorio\Workspace-22.0\Projects\Acme-Toolkits-E3.08\target\classes\WEB-INF\views\authenticated\provider\messsages-en.i18n] with encoding 'utf-8' 
2022-05-15 19:11:32.772 DEBUG [acme.framework.configuration.ExtendedMessageSource@http-nio-8080-exec-1] Loading properties [C:\Users\USUARIO\OneDrive - UNIVERSIDAD DE SEVILLA\Escritorio\Workspace-22.0\Projects\Acme-Toolkits-E3.08\target\classes\WEB-INF\views\authenticated\system-configuration\messsages-en.i18n] with encoding 'utf-8' 
2022-05-15 19:11:32.774 DEBUG [acme.framework.configuration.ExtendedMessageSource@http-nio-8080-exec-1] Loading properties [C:\Users\USUARIO\OneDrive - UNIVERSIDAD DE SEVILLA\Escritorio\Workspace-22.0\Projects\Acme-Toolkits-E3.08\target\classes\WEB-INF\views\authenticated\user-account\messages-en.i18n] with encoding 'utf-8' 
2022-05-15 19:11:32.775 DEBUG [acme.framework.configuration.ExtendedMessageSource@http-nio-8080-exec-1] Loading properties [C:\Users\USUARIO\OneDrive - UNIVERSIDAD DE SEVILLA\Escritorio\Workspace-22.0\Projects\Acme-Toolkits-E3.08\target\classes\WEB-INF\views\fragments\banner-en.i18n] with encoding 'utf-8' 
2022-05-15 19:11:32.780 DEBUG [acme.framework.configuration.ExtendedMessageSource@http-nio-8080-exec-1] Loading properties [C:\Users\USUARIO\OneDrive - UNIVERSIDAD DE SEVILLA\Escritorio\Workspace-22.0\Projects\Acme-Toolkits-E3.08\target\classes\WEB-INF\views\fragments\company-en.i18n] with encoding 'utf-8' 
2022-05-15 19:11:32.781 DEBUG [acme.framework.configuration.ExtendedMessageSource@http-nio-8080-exec-1] Loading properties [C:\Users\USUARIO\OneDrive - UNIVERSIDAD DE SEVILLA\Escritorio\Workspace-22.0\Projects\Acme-Toolkits-E3.08\target\classes\WEB-INF\views\fragments\footer-en.i18n] with encoding 'utf-8' 
2022-05-15 19:11:32.782 DEBUG [acme.framework.configuration.ExtendedMessageSource@http-nio-8080-exec-1] Loading properties [C:\Users\USUARIO\OneDrive - UNIVERSIDAD DE SEVILLA\Escritorio\Workspace-22.0\Projects\Acme-Toolkits-E3.08\target\classes\WEB-INF\views\fragments\license-en.i18n] with encoding 'utf-8' 
2022-05-15 19:11:32.784 DEBUG [acme.framework.configuration.ExtendedMessageSource@http-nio-8080-exec-1] Loading properties [C:\Users\USUARIO\OneDrive - UNIVERSIDAD DE SEVILLA\Escritorio\Workspace-22.0\Projects\Acme-Toolkits-E3.08\target\classes\WEB-INF\views\fragments\menu-en.i18n] with encoding 'utf-8' 
2022-05-15 19:11:32.785 DEBUG [acme.framework.configuration.ExtendedMessageSource@http-nio-8080-exec-1] Loading properties [C:\Users\USUARIO\OneDrive - UNIVERSIDAD DE SEVILLA\Escritorio\Workspace-22.0\Projects\Acme-Toolkits-E3.08\target\classes\WEB-INF\views\fragments\messsages-en.i18n] with encoding 'utf-8' 
2022-05-15 19:11:32.786 DEBUG [acme.framework.configuration.ExtendedMessageSource@http-nio-8080-exec-1] Loading properties [C:\Users\USUARIO\OneDrive - UNIVERSIDAD DE SEVILLA\Escritorio\Workspace-22.0\Projects\Acme-Toolkits-E3.08\target\classes\WEB-INF\views\fragments\title-en.i18n] with encoding 'utf-8' 
2022-05-15 19:11:32.787 DEBUG [acme.framework.configuration.ExtendedMessageSource@http-nio-8080-exec-1] Loading properties [C:\Users\USUARIO\OneDrive - UNIVERSIDAD DE SEVILLA\Escritorio\Workspace-22.0\Projects\Acme-Toolkits-E3.08\target\classes\WEB-INF\views\fragments\welcome-en.i18n] with encoding 'utf-8' 
2022-05-15 19:11:32.788 DEBUG [acme.framework.configuration.ExtendedMessageSource@http-nio-8080-exec-1] Loading properties [C:\Users\USUARIO\OneDrive - UNIVERSIDAD DE SEVILLA\Escritorio\Workspace-22.0\Projects\Acme-Toolkits-E3.08\target\classes\WEB-INF\views\inventor\item\messsages-en.i18n] with encoding 'utf-8' 
2022-05-15 19:11:32.789 DEBUG [acme.framework.configuration.ExtendedMessageSource@http-nio-8080-exec-1] Loading properties [C:\Users\USUARIO\OneDrive - UNIVERSIDAD DE SEVILLA\Escritorio\Workspace-22.0\Projects\Acme-Toolkits-E3.08\target\classes\WEB-INF\views\inventor\patronage\messsages-en.i18n] with encoding 'utf-8' 
2022-05-15 19:11:32.790 DEBUG [acme.framework.configuration.ExtendedMessageSource@http-nio-8080-exec-1] Loading properties [C:\Users\USUARIO\OneDrive - UNIVERSIDAD DE SEVILLA\Escritorio\Workspace-22.0\Projects\Acme-Toolkits-E3.08\target\classes\WEB-INF\views\inventor\patronage-report\messages-en.i18n] with encoding 'utf-8' 
2022-05-15 19:11:32.791 DEBUG [acme.framework.configuration.ExtendedMessageSource@http-nio-8080-exec-1] Loading properties [C:\Users\USUARIO\OneDrive - UNIVERSIDAD DE SEVILLA\Escritorio\Workspace-22.0\Projects\Acme-Toolkits-E3.08\target\classes\WEB-INF\views\inventor\toolkit\messsages-en.i18n] with encoding 'utf-8' 
2022-05-15 19:11:32.791 DEBUG [acme.framework.configuration.ExtendedMessageSource@http-nio-8080-exec-1] Loading properties [C:\Users\USUARIO\OneDrive - UNIVERSIDAD DE SEVILLA\Escritorio\Workspace-22.0\Projects\Acme-Toolkits-E3.08\target\classes\WEB-INF\views\master\defaults-en.i18n] with encoding 'utf-8' 
2022-05-15 19:11:32.792 DEBUG [acme.framework.configuration.ExtendedMessageSource@http-nio-8080-exec-1] Loading properties [C:\Users\USUARIO\OneDrive - UNIVERSIDAD DE SEVILLA\Escritorio\Workspace-22.0\Projects\Acme-Toolkits-E3.08\target\classes\WEB-INF\views\master\master-en.i18n] with encoding 'utf-8' 
2022-05-15 19:11:32.795 DEBUG [acme.framework.configuration.ExtendedMessageSource@http-nio-8080-exec-1] Loading properties [C:\Users\USUARIO\OneDrive - UNIVERSIDAD DE SEVILLA\Escritorio\Workspace-22.0\Projects\Acme-Toolkits-E3.08\target\classes\WEB-INF\views\master\throwables-en.i18n] with encoding 'utf-8' 
2022-05-15 19:11:32.798 DEBUG [acme.framework.configuration.ExtendedMessageSource@http-nio-8080-exec-1] Loading properties [C:\Users\USUARIO\OneDrive - UNIVERSIDAD DE SEVILLA\Escritorio\Workspace-22.0\Projects\Acme-Toolkits-E3.08\target\classes\WEB-INF\views\master\validation-en.i18n] with encoding 'utf-8' 
2022-05-15 19:11:32.799 DEBUG [acme.framework.configuration.ExtendedMessageSource@http-nio-8080-exec-1] Loading properties [C:\Users\USUARIO\OneDrive - UNIVERSIDAD DE SEVILLA\Escritorio\Workspace-22.0\Projects\Acme-Toolkits-E3.08\target\classes\WEB-INF\views\patron\patron-dashboard\messages-en.i18n] with encoding 'utf-8' 
2022-05-15 19:11:32.800 DEBUG [acme.framework.configuration.ExtendedMessageSource@http-nio-8080-exec-1] Loading properties [C:\Users\USUARIO\OneDrive - UNIVERSIDAD DE SEVILLA\Escritorio\Workspace-22.0\Projects\Acme-Toolkits-E3.08\target\classes\WEB-INF\views\patron\patronage\messsages-en.i18n] with encoding 'utf-8' 
2022-05-15 19:11:32.800 DEBUG [acme.framework.configuration.ExtendedMessageSource@http-nio-8080-exec-1] Loading properties [C:\Users\USUARIO\OneDrive - UNIVERSIDAD DE SEVILLA\Escritorio\Workspace-22.0\Projects\Acme-Toolkits-E3.08\target\classes\WEB-INF\views\patron\patronage-report\messsages-en.i18n] with encoding 'utf-8' 
2022-05-15 19:11:32.834 DEBUG [acme.framework.configuration.ExtendedMessageSource@http-nio-8080-exec-1] Loading properties [C:\Users\USUARIO\OneDrive - UNIVERSIDAD DE SEVILLA\Escritorio\Workspace-22.0\Projects\Acme-Toolkits-E3.08\target\classes\WEB-INF\views\administrator\administrator-dashboard\messages-es.i18n] with encoding 'utf-8' 
2022-05-15 19:11:32.835 DEBUG [acme.framework.configuration.ExtendedMessageSource@http-nio-8080-exec-1] Loading properties [C:\Users\USUARIO\OneDrive - UNIVERSIDAD DE SEVILLA\Escritorio\Workspace-22.0\Projects\Acme-Toolkits-E3.08\target\classes\WEB-INF\views\administrator\system-configuration\messsages-es.i18n] with encoding 'utf-8' 
2022-05-15 19:11:32.841 DEBUG [acme.framework.configuration.ExtendedMessageSource@http-nio-8080-exec-1] Loading properties [C:\Users\USUARIO\OneDrive - UNIVERSIDAD DE SEVILLA\Escritorio\Workspace-22.0\Projects\Acme-Toolkits-E3.08\target\classes\WEB-INF\views\administrator\user-account\messages-es.i18n] with encoding 'utf-8' 
2022-05-15 19:11:32.842 DEBUG [acme.framework.configuration.ExtendedMessageSource@http-nio-8080-exec-1] Loading properties [C:\Users\USUARIO\OneDrive - UNIVERSIDAD DE SEVILLA\Escritorio\Workspace-22.0\Projects\Acme-Toolkits-E3.08\target\classes\WEB-INF\views\anonymous\user-account\messages-es.i18n] with encoding 'utf-8' 
2022-05-15 19:11:32.849 DEBUG [acme.framework.configuration.ExtendedMessageSource@http-nio-8080-exec-1] Loading properties [C:\Users\USUARIO\OneDrive - UNIVERSIDAD DE SEVILLA\Escritorio\Workspace-22.0\Projects\Acme-Toolkits-E3.08\target\classes\WEB-INF\views\any\chirp\messsages-es.i18n] with encoding 'utf-8' 
2022-05-15 19:11:32.850 DEBUG [acme.framework.configuration.ExtendedMessageSource@http-nio-8080-exec-1] Loading properties [C:\Users\USUARIO\OneDrive - UNIVERSIDAD DE SEVILLA\Escritorio\Workspace-22.0\Projects\Acme-Toolkits-E3.08\target\classes\WEB-INF\views\any\item\messsages-es.i18n] with encoding 'utf-8' 
2022-05-15 19:11:32.850 DEBUG [acme.framework.configuration.ExtendedMessageSource@http-nio-8080-exec-1] Loading properties [C:\Users\USUARIO\OneDrive - UNIVERSIDAD DE SEVILLA\Escritorio\Workspace-22.0\Projects\Acme-Toolkits-E3.08\target\classes\WEB-INF\views\any\toolkit\messsages-es.i18n] with encoding 'utf-8' 
2022-05-15 19:11:32.852 DEBUG [acme.framework.configuration.ExtendedMessageSource@http-nio-8080-exec-1] Loading properties [C:\Users\USUARIO\OneDrive - UNIVERSIDAD DE SEVILLA\Escritorio\Workspace-22.0\Projects\Acme-Toolkits-E3.08\target\classes\WEB-INF\views\any\user-account\messsages-es.i18n] with encoding 'utf-8' 
2022-05-15 19:11:32.855 DEBUG [acme.framework.configuration.ExtendedMessageSource@http-nio-8080-exec-1] Loading properties [C:\Users\USUARIO\OneDrive - UNIVERSIDAD DE SEVILLA\Escritorio\Workspace-22.0\Projects\Acme-Toolkits-E3.08\target\classes\WEB-INF\views\authenticated\announcement\messsages-es.i18n] with encoding 'utf-8' 
2022-05-15 19:11:32.856 DEBUG [acme.framework.configuration.ExtendedMessageSource@http-nio-8080-exec-1] Loading properties [C:\Users\USUARIO\OneDrive - UNIVERSIDAD DE SEVILLA\Escritorio\Workspace-22.0\Projects\Acme-Toolkits-E3.08\target\classes\WEB-INF\views\authenticated\consumer\messsages-es.i18n] with encoding 'utf-8' 
2022-05-15 19:11:32.858 DEBUG [acme.framework.configuration.ExtendedMessageSource@http-nio-8080-exec-1] Loading properties [C:\Users\USUARIO\OneDrive - UNIVERSIDAD DE SEVILLA\Escritorio\Workspace-22.0\Projects\Acme-Toolkits-E3.08\target\classes\WEB-INF\views\authenticated\inventor\messsages-es.i18n] with encoding 'utf-8' 
2022-05-15 19:11:32.862 DEBUG [acme.framework.configuration.ExtendedMessageSource@http-nio-8080-exec-1] Loading properties [C:\Users\USUARIO\OneDrive - UNIVERSIDAD DE SEVILLA\Escritorio\Workspace-22.0\Projects\Acme-Toolkits-E3.08\target\classes\WEB-INF\views\authenticated\patron\messsages-es.i18n] with encoding 'utf-8' 
2022-05-15 19:11:32.866 DEBUG [acme.framework.configuration.ExtendedMessageSource@http-nio-8080-exec-1] Loading properties [C:\Users\USUARIO\OneDrive - UNIVERSIDAD DE SEVILLA\Escritorio\Workspace-22.0\Projects\Acme-Toolkits-E3.08\target\classes\WEB-INF\views\authenticated\provider\messsages-es.i18n] with encoding 'utf-8' 
2022-05-15 19:11:32.867 DEBUG [acme.framework.configuration.ExtendedMessageSource@http-nio-8080-exec-1] Loading properties [C:\Users\USUARIO\OneDrive - UNIVERSIDAD DE SEVILLA\Escritorio\Workspace-22.0\Projects\Acme-Toolkits-E3.08\target\classes\WEB-INF\views\authenticated\system-configuration\messsages-es.i18n] with encoding 'utf-8' 
2022-05-15 19:11:32.868 DEBUG [acme.framework.configuration.ExtendedMessageSource@http-nio-8080-exec-1] Loading properties [C:\Users\USUARIO\OneDrive - UNIVERSIDAD DE SEVILLA\Escritorio\Workspace-22.0\Projects\Acme-Toolkits-E3.08\target\classes\WEB-INF\views\authenticated\user-account\messages-es.i18n] with encoding 'utf-8' 
2022-05-15 19:11:32.869 DEBUG [acme.framework.configuration.ExtendedMessageSource@http-nio-8080-exec-1] Loading properties [C:\Users\USUARIO\OneDrive - UNIVERSIDAD DE SEVILLA\Escritorio\Workspace-22.0\Projects\Acme-Toolkits-E3.08\target\classes\WEB-INF\views\fragments\banner-es.i18n] with encoding 'utf-8' 
2022-05-15 19:11:32.870 DEBUG [acme.framework.configuration.ExtendedMessageSource@http-nio-8080-exec-1] Loading properties [C:\Users\USUARIO\OneDrive - UNIVERSIDAD DE SEVILLA\Escritorio\Workspace-22.0\Projects\Acme-Toolkits-E3.08\target\classes\WEB-INF\views\fragments\company-es.i18n] with encoding 'utf-8' 
2022-05-15 19:11:32.871 DEBUG [acme.framework.configuration.ExtendedMessageSource@http-nio-8080-exec-1] Loading properties [C:\Users\USUARIO\OneDrive - UNIVERSIDAD DE SEVILLA\Escritorio\Workspace-22.0\Projects\Acme-Toolkits-E3.08\target\classes\WEB-INF\views\fragments\footer-es.i18n] with encoding 'utf-8' 
2022-05-15 19:11:32.871 DEBUG [acme.framework.configuration.ExtendedMessageSource@http-nio-8080-exec-1] Loading properties [C:\Users\USUARIO\OneDrive - UNIVERSIDAD DE SEVILLA\Escritorio\Workspace-22.0\Projects\Acme-Toolkits-E3.08\target\classes\WEB-INF\views\fragments\license-es.i18n] with encoding 'utf-8' 
2022-05-15 19:11:32.872 DEBUG [acme.framework.configuration.ExtendedMessageSource@http-nio-8080-exec-1] Loading properties [C:\Users\USUARIO\OneDrive - UNIVERSIDAD DE SEVILLA\Escritorio\Workspace-22.0\Projects\Acme-Toolkits-E3.08\target\classes\WEB-INF\views\fragments\menu-es.i18n] with encoding 'utf-8' 
2022-05-15 19:11:32.873 DEBUG [acme.framework.configuration.ExtendedMessageSource@http-nio-8080-exec-1] Loading properties [C:\Users\USUARIO\OneDrive - UNIVERSIDAD DE SEVILLA\Escritorio\Workspace-22.0\Projects\Acme-Toolkits-E3.08\target\classes\WEB-INF\views\fragments\messsages-es.i18n] with encoding 'utf-8' 
2022-05-15 19:11:32.874 DEBUG [acme.framework.configuration.ExtendedMessageSource@http-nio-8080-exec-1] Loading properties [C:\Users\USUARIO\OneDrive - UNIVERSIDAD DE SEVILLA\Escritorio\Workspace-22.0\Projects\Acme-Toolkits-E3.08\target\classes\WEB-INF\views\fragments\title-es.i18n] with encoding 'utf-8' 
2022-05-15 19:11:32.874 DEBUG [acme.framework.configuration.ExtendedMessageSource@http-nio-8080-exec-1] Loading properties [C:\Users\USUARIO\OneDrive - UNIVERSIDAD DE SEVILLA\Escritorio\Workspace-22.0\Projects\Acme-Toolkits-E3.08\target\classes\WEB-INF\views\fragments\welcome-es.i18n] with encoding 'utf-8' 
2022-05-15 19:11:32.875 DEBUG [acme.framework.configuration.ExtendedMessageSource@http-nio-8080-exec-1] Loading properties [C:\Users\USUARIO\OneDrive - UNIVERSIDAD DE SEVILLA\Escritorio\Workspace-22.0\Projects\Acme-Toolkits-E3.08\target\classes\WEB-INF\views\inventor\item\messsages-es.i18n] with encoding 'utf-8' 
2022-05-15 19:11:32.878 DEBUG [acme.framework.configuration.ExtendedMessageSource@http-nio-8080-exec-1] Loading properties [C:\Users\USUARIO\OneDrive - UNIVERSIDAD DE SEVILLA\Escritorio\Workspace-22.0\Projects\Acme-Toolkits-E3.08\target\classes\WEB-INF\views\inventor\patronage\messsages-es.i18n] with encoding 'utf-8' 
2022-05-15 19:11:32.880 DEBUG [acme.framework.configuration.ExtendedMessageSource@http-nio-8080-exec-1] Loading properties [C:\Users\USUARIO\OneDrive - UNIVERSIDAD DE SEVILLA\Escritorio\Workspace-22.0\Projects\Acme-Toolkits-E3.08\target\classes\WEB-INF\views\inventor\patronage-report\messages-es.i18n] with encoding 'utf-8' 
2022-05-15 19:11:32.881 DEBUG [acme.framework.configuration.ExtendedMessageSource@http-nio-8080-exec-1] Loading properties [C:\Users\USUARIO\OneDrive - UNIVERSIDAD DE SEVILLA\Escritorio\Workspace-22.0\Projects\Acme-Toolkits-E3.08\target\classes\WEB-INF\views\inventor\toolkit\messsages-es.i18n] with encoding 'utf-8' 
2022-05-15 19:11:32.882 DEBUG [acme.framework.configuration.ExtendedMessageSource@http-nio-8080-exec-1] Loading properties [C:\Users\USUARIO\OneDrive - UNIVERSIDAD DE SEVILLA\Escritorio\Workspace-22.0\Projects\Acme-Toolkits-E3.08\target\classes\WEB-INF\views\master\defaults-es.i18n] with encoding 'utf-8' 
2022-05-15 19:11:32.883 DEBUG [acme.framework.configuration.ExtendedMessageSource@http-nio-8080-exec-1] Loading properties [C:\Users\USUARIO\OneDrive - UNIVERSIDAD DE SEVILLA\Escritorio\Workspace-22.0\Projects\Acme-Toolkits-E3.08\target\classes\WEB-INF\views\master\master-es.i18n] with encoding 'utf-8' 
2022-05-15 19:11:32.883 DEBUG [acme.framework.configuration.ExtendedMessageSource@http-nio-8080-exec-1] Loading properties [C:\Users\USUARIO\OneDrive - UNIVERSIDAD DE SEVILLA\Escritorio\Workspace-22.0\Projects\Acme-Toolkits-E3.08\target\classes\WEB-INF\views\master\throwables-es.i18n] with encoding 'utf-8' 
2022-05-15 19:11:32.884 DEBUG [acme.framework.configuration.ExtendedMessageSource@http-nio-8080-exec-1] Loading properties [C:\Users\USUARIO\OneDrive - UNIVERSIDAD DE SEVILLA\Escritorio\Workspace-22.0\Projects\Acme-Toolkits-E3.08\target\classes\WEB-INF\views\master\validation-es.i18n] with encoding 'utf-8' 
2022-05-15 19:11:32.884 DEBUG [acme.framework.configuration.ExtendedMessageSource@http-nio-8080-exec-1] Loading properties [C:\Users\USUARIO\OneDrive - UNIVERSIDAD DE SEVILLA\Escritorio\Workspace-22.0\Projects\Acme-Toolkits-E3.08\target\classes\WEB-INF\views\patron\patron-dashboard\messages-es.i18n] with encoding 'utf-8' 
2022-05-15 19:11:32.885 DEBUG [acme.framework.configuration.ExtendedMessageSource@http-nio-8080-exec-1] Loading properties [C:\Users\USUARIO\OneDrive - UNIVERSIDAD DE SEVILLA\Escritorio\Workspace-22.0\Projects\Acme-Toolkits-E3.08\target\classes\WEB-INF\views\patron\patronage\messsages-es.i18n] with encoding 'utf-8' 
2022-05-15 19:11:32.885 DEBUG [acme.framework.configuration.ExtendedMessageSource@http-nio-8080-exec-1] Loading properties [C:\Users\USUARIO\OneDrive - UNIVERSIDAD DE SEVILLA\Escritorio\Workspace-22.0\Projects\Acme-Toolkits-E3.08\target\classes\WEB-INF\views\patron\patronage-report\messsages-es.i18n] with encoding 'utf-8' 
2022-05-15 19:11:33.300 DEBUG [org.apache.jasper.servlet.JspServlet@http-nio-8080-exec-1] JspEngine --> /WEB-INF/views/inventor/toolkit/form.jsp 
2022-05-15 19:11:33.301 DEBUG [org.apache.jasper.servlet.JspServlet@http-nio-8080-exec-1] ServletPath: /WEB-INF/views/master/page.jsp 
2022-05-15 19:11:33.301 DEBUG [org.apache.jasper.servlet.JspServlet@http-nio-8080-exec-1] PathInfo: null 
2022-05-15 19:11:33.303 DEBUG [org.apache.jasper.servlet.JspServlet@http-nio-8080-exec-1] RealPath: C:\Users\USUARIO\OneDrive - UNIVERSIDAD DE SEVILLA\Escritorio\Workspace-22.0\Projects\Acme-Toolkits-E3.08\target\classes\WEB-INF\views\inventor\toolkit\form.jsp 
2022-05-15 19:11:33.303 DEBUG [org.apache.jasper.servlet.JspServlet@http-nio-8080-exec-1] RequestURI: /acme-toolkits-e3.08-1.0/WEB-INF/views/master/page.jsp 
2022-05-15 19:11:33.304 DEBUG [org.apache.jasper.servlet.JspServlet@http-nio-8080-exec-1] QueryString: id=46 
2022-05-15 19:11:45.837 DEBUG [acme.framework.controllers.AbstractController@http-nio-8080-exec-10] DISPATCHING POST /acme-toolkits-e3.08-1.0/inventor/toolkit/publish 
2022-05-15 19:11:45.837 DEBUG [acme.framework.controllers.AbstractController@http-nio-8080-exec-10] Command: publish 
2022-05-15 19:11:45.838 DEBUG [acme.framework.controllers.AbstractController@http-nio-8080-exec-10] Model:   {id=46, version=0, _csrf=807d429f-7501-4f47-860c-c59e47954f25, published=false} 
2022-05-15 19:11:45.838 DEBUG [acme.framework.controllers.AbstractController@http-nio-8080-exec-10] Locale:  es 
2022-05-15 19:11:45.848 DEBUG [org.hibernate.SQL@http-nio-8080-exec-10] select toolkit0_.id as id1_0_, toolkit0_.version as version2_0_, toolkit0_.code as code1_16_, toolkit0_.description as descript2_16_, toolkit0_.inventor_id as inventor8_16_, toolkit0_.link as link3_16_, toolkit0_.notes as notes4_16_, toolkit0_.published as publishe5_16_, toolkit0_.retail_price as retail_p6_16_, toolkit0_.title as title7_16_ from toolkit toolkit0_ where toolkit0_.id=? 
2022-05-15 19:11:45.849 TRACE [org.hibernate.type.descriptor.sql.BasicBinder@http-nio-8080-exec-10] binding parameter [1] as [INTEGER] - [46] 
2022-05-15 19:11:45.850 DEBUG [org.hibernate.SQL@http-nio-8080-exec-10] select inventor0_.id as id1_0_0_, inventor0_.version as version2_0_0_, inventor0_.user_account_id as user_acc1_18_0_, inventor0_.company as company1_8_0_, inventor0_.info as info2_8_0_, inventor0_.statement as statemen3_8_0_, useraccoun1_.id as id1_0_1_, useraccoun1_.version as version2_0_1_, useraccoun1_.enabled as enabled1_17_1_, useraccoun1_.identity as identity2_17_1_, useraccoun1_.password as password3_17_1_, useraccoun1_.username as username4_17_1_ from inventor inventor0_ inner join user_account useraccoun1_ on inventor0_.user_account_id=useraccoun1_.id where inventor0_.id=? 
2022-05-15 19:11:45.850 TRACE [org.hibernate.type.descriptor.sql.BasicBinder@http-nio-8080-exec-10] binding parameter [1] as [INTEGER] - [17] 
2022-05-15 19:11:45.871 DEBUG [org.hibernate.SQL@http-nio-8080-exec-10] select toolkit0_.id as id1_0_, toolkit0_.version as version2_0_, toolkit0_.code as code1_16_, toolkit0_.description as descript2_16_, toolkit0_.inventor_id as inventor8_16_, toolkit0_.link as link3_16_, toolkit0_.notes as notes4_16_, toolkit0_.published as publishe5_16_, toolkit0_.retail_price as retail_p6_16_, toolkit0_.title as title7_16_ from toolkit toolkit0_ where toolkit0_.id=? 
2022-05-15 19:11:45.871 TRACE [org.hibernate.type.descriptor.sql.BasicBinder@http-nio-8080-exec-10] binding parameter [1] as [INTEGER] - [46] 
2022-05-15 19:11:45.886 DEBUG [acme.framework.controllers.AbstractController@http-nio-8080-exec-10] SERVING POST /acme-toolkits-e3.08-1.0/inventor/toolkit/publish 
2022-05-15 19:11:45.886 DEBUG [acme.framework.controllers.AbstractController@http-nio-8080-exec-10] Result: ModelAndView [view="master/panic"; model={oops=java.lang.AssertionError: Attribute 'code' is missing in your model}] 
2022-05-15 19:11:45.887 DEBUG [acme.framework.components.tiles.DynamicTilesView@http-nio-8080-exec-10] View name 'master/panic', model {oops=java.lang.AssertionError: Attribute 'code' is missing in your model, org.springframework.validation.BindingResult.oops=org.springframework.validation.BeanPropertyBindingResult: 0 errors} 
2022-05-15 19:11:45.889 DEBUG [org.apache.jasper.servlet.JspServlet@http-nio-8080-exec-10] JspEngine --> /WEB-INF/views/master/page.jsp 
2022-05-15 19:11:45.890 DEBUG [org.apache.jasper.servlet.JspServlet@http-nio-8080-exec-10] ServletPath: /WEB-INF/views/master/page.jsp 
2022-05-15 19:11:45.891 DEBUG [org.apache.jasper.servlet.JspServlet@http-nio-8080-exec-10] PathInfo: null 
2022-05-15 19:11:45.896 DEBUG [org.apache.jasper.servlet.JspServlet@http-nio-8080-exec-10] RealPath: C:\Users\USUARIO\OneDrive - UNIVERSIDAD DE SEVILLA\Escritorio\Workspace-22.0\Projects\Acme-Toolkits-E3.08\target\classes\WEB-INF\views\master\page.jsp 
2022-05-15 19:11:45.896 DEBUG [org.apache.jasper.servlet.JspServlet@http-nio-8080-exec-10] RequestURI: /acme-toolkits-e3.08-1.0/WEB-INF/views/master/page.jsp 
2022-05-15 19:11:45.897 DEBUG [org.apache.jasper.servlet.JspServlet@http-nio-8080-exec-10] QueryString: id=46 
2022-05-15 19:11:46.274 DEBUG [org.apache.jasper.servlet.JspServlet@http-nio-8080-exec-10] JspEngine --> /WEB-INF/views/master/panic.jsp 
2022-05-15 19:11:46.277 DEBUG [org.apache.jasper.servlet.JspServlet@http-nio-8080-exec-10] ServletPath: /WEB-INF/views/master/page.jsp 
2022-05-15 19:11:46.278 DEBUG [org.apache.jasper.servlet.JspServlet@http-nio-8080-exec-10] PathInfo: null 
2022-05-15 19:11:46.280 DEBUG [org.apache.jasper.servlet.JspServlet@http-nio-8080-exec-10] RealPath: C:\Users\USUARIO\OneDrive - UNIVERSIDAD DE SEVILLA\Escritorio\Workspace-22.0\Projects\Acme-Toolkits-E3.08\target\classes\WEB-INF\views\master\panic.jsp 
2022-05-15 19:11:46.281 DEBUG [org.apache.jasper.servlet.JspServlet@http-nio-8080-exec-10] RequestURI: /acme-toolkits-e3.08-1.0/WEB-INF/views/master/page.jsp 
2022-05-15 19:11:46.282 DEBUG [org.apache.jasper.servlet.JspServlet@http-nio-8080-exec-10] QueryString: id=46 
2022-05-15 19:11:46.706 ERROR [org.apache.jsp.WEB_002dINF.views.master.panic_jsp@http-nio-8080-exec-10] HTTP POST /acme-toolkits-e3.08-1.0/WEB-INF/views/master/page.jsp HTTP/1.1 
2022-05-15 19:11:46.707 ERROR [org.apache.jsp.WEB_002dINF.views.master.panic_jsp@http-nio-8080-exec-10] Status: 500 
2022-05-15 19:11:46.708 ERROR [org.apache.jsp.WEB_002dINF.views.master.panic_jsp@http-nio-8080-exec-10] Exception: acme.framework.components.models.Model.getAttribute(Model.java:135): Attribute 'code' is missing in your model 
2022-05-15 19:12:31.603 DEBUG [acme.framework.controllers.AbstractController@http-nio-8080-exec-9] DISPATCHING GET /acme-toolkits-e3.08-1.0/inventor/toolkit/show 
2022-05-15 19:12:31.603 DEBUG [acme.framework.controllers.AbstractController@http-nio-8080-exec-9] Command: show 
2022-05-15 19:12:31.604 DEBUG [acme.framework.controllers.AbstractController@http-nio-8080-exec-9] Model:   {id=46} 
2022-05-15 19:12:31.604 DEBUG [acme.framework.controllers.AbstractController@http-nio-8080-exec-9] Locale:  es 
2022-05-15 19:12:31.605 DEBUG [org.hibernate.SQL@http-nio-8080-exec-9] select toolkit0_.id as id1_0_, toolkit0_.version as version2_0_, toolkit0_.code as code1_16_, toolkit0_.description as descript2_16_, toolkit0_.inventor_id as inventor8_16_, toolkit0_.link as link3_16_, toolkit0_.notes as notes4_16_, toolkit0_.published as publishe5_16_, toolkit0_.retail_price as retail_p6_16_, toolkit0_.title as title7_16_ from toolkit toolkit0_ where toolkit0_.id=? 
2022-05-15 19:12:31.606 TRACE [org.hibernate.type.descriptor.sql.BasicBinder@http-nio-8080-exec-9] binding parameter [1] as [INTEGER] - [46] 
2022-05-15 19:12:31.609 DEBUG [org.hibernate.SQL@http-nio-8080-exec-9] select inventor0_.id as id1_0_0_, inventor0_.version as version2_0_0_, inventor0_.user_account_id as user_acc1_18_0_, inventor0_.company as company1_8_0_, inventor0_.info as info2_8_0_, inventor0_.statement as statemen3_8_0_, useraccoun1_.id as id1_0_1_, useraccoun1_.version as version2_0_1_, useraccoun1_.enabled as enabled1_17_1_, useraccoun1_.identity as identity2_17_1_, useraccoun1_.password as password3_17_1_, useraccoun1_.username as username4_17_1_ from inventor inventor0_ inner join user_account useraccoun1_ on inventor0_.user_account_id=useraccoun1_.id where inventor0_.id=? 
2022-05-15 19:12:31.609 TRACE [org.hibernate.type.descriptor.sql.BasicBinder@http-nio-8080-exec-9] binding parameter [1] as [INTEGER] - [17] 
2022-05-15 19:12:31.611 DEBUG [org.hibernate.SQL@http-nio-8080-exec-9] select sum(item1_.retail_price_amount*quantity0_.items_number) as col_0_0_ from quantity quantity0_ cross join item item1_ where quantity0_.item_id=item1_.id and quantity0_.toolkit_id=? 
2022-05-15 19:12:31.612 TRACE [org.hibernate.type.descriptor.sql.BasicBinder@http-nio-8080-exec-9] binding parameter [1] as [INTEGER] - [46] 
2022-05-15 19:12:31.613 DEBUG [org.hibernate.SQL@http-nio-8080-exec-9] select item1_.id as id1_0_, item1_.version as version2_0_, item1_.code as code1_9_, item1_.description as descript2_9_, item1_.inventor_id as invento10_9_, item1_.item_type as item_typ3_9_, item1_.link as link4_9_, item1_.name as name5_9_, item1_.published as publishe6_9_, item1_.retail_price_amount as retail_p7_9_, item1_.retail_price_currency as retail_p8_9_, item1_.technology as technolo9_9_ from quantity quantity0_ inner join item item1_ on quantity0_.item_id=item1_.id where quantity0_.toolkit_id=? 
2022-05-15 19:12:31.613 TRACE [org.hibernate.type.descriptor.sql.BasicBinder@http-nio-8080-exec-9] binding parameter [1] as [INTEGER] - [46] 
2022-05-15 19:12:31.616 DEBUG [acme.framework.controllers.AbstractController@http-nio-8080-exec-9] SERVING GET /acme-toolkits-e3.08-1.0/inventor/toolkit/show 
2022-05-15 19:12:31.616 DEBUG [acme.framework.controllers.AbstractController@http-nio-8080-exec-9] Result: ModelAndView [view="inventor/toolkit/form"; model={toolkitPrice=null, code=ASD-045, notes=dqwdqw, readonly=true, link=http://www.chuhdhd.es, description=dddwqdqw, published=false, id=46, confirmation=false, title=abdc, items=[], version=0, command=show, principal=acme.framework.entities.Principal@37613569}] 
2022-05-15 19:12:31.616 DEBUG [acme.framework.components.tiles.DynamicTilesView@http-nio-8080-exec-9] View name 'inventor/toolkit/form', model {toolkitPrice=null, code=ASD-045, notes=dqwdqw, readonly=true, link=http://www.chuhdhd.es, description=dddwqdqw, published=false, id=46, confirmation=false, title=abdc, items=[], version=0, command=show, principal=acme.framework.entities.Principal@37613569, org.springframework.validation.BindingResult.principal=org.springframework.validation.BeanPropertyBindingResult: 0 errors} 
2022-05-15 19:12:31.617 DEBUG [org.apache.jasper.servlet.JspServlet@http-nio-8080-exec-9] JspEngine --> /WEB-INF/views/master/page.jsp 
2022-05-15 19:12:31.617 DEBUG [org.apache.jasper.servlet.JspServlet@http-nio-8080-exec-9] ServletPath: /WEB-INF/views/master/page.jsp 
2022-05-15 19:12:31.617 DEBUG [org.apache.jasper.servlet.JspServlet@http-nio-8080-exec-9] PathInfo: null 
2022-05-15 19:12:31.619 DEBUG [org.apache.jasper.servlet.JspServlet@http-nio-8080-exec-9] RealPath: C:\Users\USUARIO\OneDrive - UNIVERSIDAD DE SEVILLA\Escritorio\Workspace-22.0\Projects\Acme-Toolkits-E3.08\target\classes\WEB-INF\views\master\page.jsp 
2022-05-15 19:12:31.619 DEBUG [org.apache.jasper.servlet.JspServlet@http-nio-8080-exec-9] RequestURI: /acme-toolkits-e3.08-1.0/WEB-INF/views/master/page.jsp 
2022-05-15 19:12:31.620 DEBUG [org.apache.jasper.servlet.JspServlet@http-nio-8080-exec-9] QueryString: id=46 
2022-05-15 19:12:31.881 DEBUG [org.apache.jasper.servlet.JspServlet@http-nio-8080-exec-9] JspEngine --> /WEB-INF/views/inventor/toolkit/form.jsp 
2022-05-15 19:12:31.881 DEBUG [org.apache.jasper.servlet.JspServlet@http-nio-8080-exec-9] ServletPath: /WEB-INF/views/master/page.jsp 
2022-05-15 19:12:31.882 DEBUG [org.apache.jasper.servlet.JspServlet@http-nio-8080-exec-9] PathInfo: null 
2022-05-15 19:12:31.884 DEBUG [org.apache.jasper.servlet.JspServlet@http-nio-8080-exec-9] RealPath: C:\Users\USUARIO\OneDrive - UNIVERSIDAD DE SEVILLA\Escritorio\Workspace-22.0\Projects\Acme-Toolkits-E3.08\target\classes\WEB-INF\views\inventor\toolkit\form.jsp 
2022-05-15 19:12:31.884 DEBUG [org.apache.jasper.servlet.JspServlet@http-nio-8080-exec-9] RequestURI: /acme-toolkits-e3.08-1.0/WEB-INF/views/master/page.jsp 
2022-05-15 19:12:31.885 DEBUG [org.apache.jasper.servlet.JspServlet@http-nio-8080-exec-9] QueryString: id=46 
2022-05-15 19:12:36.517 DEBUG [acme.framework.controllers.AbstractController@http-nio-8080-exec-8] DISPATCHING POST /acme-toolkits-e3.08-1.0/inventor/toolkit/update 
2022-05-15 19:12:36.517 DEBUG [acme.framework.controllers.AbstractController@http-nio-8080-exec-8] Command: update 
2022-05-15 19:12:36.517 DEBUG [acme.framework.controllers.AbstractController@http-nio-8080-exec-8] Model:   {id=46, version=0, _csrf=807d429f-7501-4f47-860c-c59e47954f25, published=false} 
2022-05-15 19:12:36.517 DEBUG [acme.framework.controllers.AbstractController@http-nio-8080-exec-8] Locale:  es 
2022-05-15 19:12:36.524 DEBUG [org.hibernate.SQL@http-nio-8080-exec-8] select toolkit0_.id as id1_0_, toolkit0_.version as version2_0_, toolkit0_.code as code1_16_, toolkit0_.description as descript2_16_, toolkit0_.inventor_id as inventor8_16_, toolkit0_.link as link3_16_, toolkit0_.notes as notes4_16_, toolkit0_.published as publishe5_16_, toolkit0_.retail_price as retail_p6_16_, toolkit0_.title as title7_16_ from toolkit toolkit0_ where toolkit0_.id=? 
2022-05-15 19:12:36.524 TRACE [org.hibernate.type.descriptor.sql.BasicBinder@http-nio-8080-exec-8] binding parameter [1] as [INTEGER] - [46] 
2022-05-15 19:12:36.527 DEBUG [org.hibernate.SQL@http-nio-8080-exec-8] select inventor0_.id as id1_0_0_, inventor0_.version as version2_0_0_, inventor0_.user_account_id as user_acc1_18_0_, inventor0_.company as company1_8_0_, inventor0_.info as info2_8_0_, inventor0_.statement as statemen3_8_0_, useraccoun1_.id as id1_0_1_, useraccoun1_.version as version2_0_1_, useraccoun1_.enabled as enabled1_17_1_, useraccoun1_.identity as identity2_17_1_, useraccoun1_.password as password3_17_1_, useraccoun1_.username as username4_17_1_ from inventor inventor0_ inner join user_account useraccoun1_ on inventor0_.user_account_id=useraccoun1_.id where inventor0_.id=? 
2022-05-15 19:12:36.527 TRACE [org.hibernate.type.descriptor.sql.BasicBinder@http-nio-8080-exec-8] binding parameter [1] as [INTEGER] - [17] 
2022-05-15 19:12:36.532 DEBUG [org.hibernate.SQL@http-nio-8080-exec-8] select toolkit0_.id as id1_0_, toolkit0_.version as version2_0_, toolkit0_.code as code1_16_, toolkit0_.description as descript2_16_, toolkit0_.inventor_id as inventor8_16_, toolkit0_.link as link3_16_, toolkit0_.notes as notes4_16_, toolkit0_.published as publishe5_16_, toolkit0_.retail_price as retail_p6_16_, toolkit0_.title as title7_16_ from toolkit toolkit0_ where toolkit0_.id=? 
2022-05-15 19:12:36.532 TRACE [org.hibernate.type.descriptor.sql.BasicBinder@http-nio-8080-exec-8] binding parameter [1] as [INTEGER] - [46] 
2022-05-15 19:12:36.538 DEBUG [acme.framework.controllers.AbstractController@http-nio-8080-exec-8] SERVING POST /acme-toolkits-e3.08-1.0/inventor/toolkit/update 
2022-05-15 19:12:36.538 DEBUG [acme.framework.controllers.AbstractController@http-nio-8080-exec-8] Result: ModelAndView [view="master/panic"; model={oops=java.lang.AssertionError: Attribute 'code' is missing in your model}] 
2022-05-15 19:12:36.538 DEBUG [acme.framework.components.tiles.DynamicTilesView@http-nio-8080-exec-8] View name 'master/panic', model {oops=java.lang.AssertionError: Attribute 'code' is missing in your model, org.springframework.validation.BindingResult.oops=org.springframework.validation.BeanPropertyBindingResult: 0 errors} 
2022-05-15 19:12:36.539 DEBUG [org.apache.jasper.servlet.JspServlet@http-nio-8080-exec-8] JspEngine --> /WEB-INF/views/master/page.jsp 
2022-05-15 19:12:36.540 DEBUG [org.apache.jasper.servlet.JspServlet@http-nio-8080-exec-8] ServletPath: /WEB-INF/views/master/page.jsp 
2022-05-15 19:12:36.540 DEBUG [org.apache.jasper.servlet.JspServlet@http-nio-8080-exec-8] PathInfo: null 
2022-05-15 19:12:36.541 DEBUG [org.apache.jasper.servlet.JspServlet@http-nio-8080-exec-8] RealPath: C:\Users\USUARIO\OneDrive - UNIVERSIDAD DE SEVILLA\Escritorio\Workspace-22.0\Projects\Acme-Toolkits-E3.08\target\classes\WEB-INF\views\master\page.jsp 
2022-05-15 19:12:36.541 DEBUG [org.apache.jasper.servlet.JspServlet@http-nio-8080-exec-8] RequestURI: /acme-toolkits-e3.08-1.0/WEB-INF/views/master/page.jsp 
2022-05-15 19:12:36.542 DEBUG [org.apache.jasper.servlet.JspServlet@http-nio-8080-exec-8] QueryString: id=46 
2022-05-15 19:12:36.848 DEBUG [org.apache.jasper.servlet.JspServlet@http-nio-8080-exec-8] JspEngine --> /WEB-INF/views/master/panic.jsp 
2022-05-15 19:12:36.849 DEBUG [org.apache.jasper.servlet.JspServlet@http-nio-8080-exec-8] ServletPath: /WEB-INF/views/master/page.jsp 
2022-05-15 19:12:36.849 DEBUG [org.apache.jasper.servlet.JspServlet@http-nio-8080-exec-8] PathInfo: null 
2022-05-15 19:12:36.851 DEBUG [org.apache.jasper.servlet.JspServlet@http-nio-8080-exec-8] RealPath: C:\Users\USUARIO\OneDrive - UNIVERSIDAD DE SEVILLA\Escritorio\Workspace-22.0\Projects\Acme-Toolkits-E3.08\target\classes\WEB-INF\views\master\panic.jsp 
2022-05-15 19:12:36.851 DEBUG [org.apache.jasper.servlet.JspServlet@http-nio-8080-exec-8] RequestURI: /acme-toolkits-e3.08-1.0/WEB-INF/views/master/page.jsp 
2022-05-15 19:12:36.852 DEBUG [org.apache.jasper.servlet.JspServlet@http-nio-8080-exec-8] QueryString: id=46 
2022-05-15 19:12:36.852 ERROR [org.apache.jsp.WEB_002dINF.views.master.panic_jsp@http-nio-8080-exec-8] HTTP POST /acme-toolkits-e3.08-1.0/WEB-INF/views/master/page.jsp HTTP/1.1 
2022-05-15 19:12:36.852 ERROR [org.apache.jsp.WEB_002dINF.views.master.panic_jsp@http-nio-8080-exec-8] Status: 500 
2022-05-15 19:12:36.852 ERROR [org.apache.jsp.WEB_002dINF.views.master.panic_jsp@http-nio-8080-exec-8] Exception: acme.framework.components.models.Model.getAttribute(Model.java:135): Attribute 'code' is missing in your model 
