2022-05-17 17:32:56.625 INFO  [acme.Launcher@main] Starting Launcher using Java 1.8.0_281 on PC-Joserra with PID 18044 (C:\Users\Joserrita\Desktop\UNI\TERCERO\SEGUNDO CUATRI\MVG\Workspace-22.0\Frameworks\Acme-Framework-22.5.1\target\classes started by Joserrita in C:\Users\Joserrita\Desktop\UNI\TERCERO\SEGUNDO CUATRI\MVG\Workspace-22.0\Projects\Acme-Toolkits-E3.08) 
2022-05-17 17:32:56.626 DEBUG [acme.Launcher@main] Running with Spring Boot v2.4.2, Spring v5.3.3 
2022-05-17 17:32:56.627 INFO  [acme.Launcher@main] The following profiles are active: development,default 
2022-05-17 17:32:59.560 DEBUG [org.apache.jasper.servlet.JasperInitializer@main] Initializing Jasper for context [application] 
2022-05-17 17:33:04.821 DEBUG [org.apache.jasper.servlet.JspServlet@main] Scratch dir for the JSP engine is: [C:\Users\Joserrita\AppData\Local\Temp\tomcat.8080.313035066669316871\work\Tomcat\localhost\acme-toolkits-e3.08-1.0] 
2022-05-17 17:33:04.821 DEBUG [org.apache.jasper.servlet.JspServlet@main] IMPORTANT: Do not modify the generated servlets 
2022-05-17 17:33:04.830 INFO  [acme.Launcher@main] Started Launcher in 8.947 seconds (JVM running for 9.732) 
2022-05-17 17:33:04.836 DEBUG [acme.Launcher@main] Found classpath entry '/C:/Users/Joserrita/Desktop/UNI/TERCERO/SEGUNDO%20CUATRI/MVG/Workspace-22.0/Projects/Acme-Toolkits-E3.08/target/test-classes/' 
2022-05-17 17:33:04.836 DEBUG [acme.Launcher@main] Found classpath entry '/C:/Users/Joserrita/Desktop/UNI/TERCERO/SEGUNDO%20CUATRI/MVG/Workspace-22.0/Projects/Acme-Toolkits-E3.08/target/classes/' 
2022-05-17 17:33:04.836 DEBUG [acme.Launcher@main] Found classpath entry '/C:/Users/Joserrita/Desktop/UNI/TERCERO/SEGUNDO%20CUATRI/MVG/Workspace-22.0/Frameworks/Acme-Framework-22.5.1/target/classes/' 
2022-05-17 17:33:04.836 DEBUG [acme.Launcher@main] Found classpath entry '/C:/Users/Joserrita/Desktop/UNI/TERCERO/SEGUNDO%20CUATRI/MVG/Workspace-22.0/Frameworks/Acme-Framework-22.5.1/target/test-classes/' 
2022-05-17 17:33:04.836 DEBUG [acme.Launcher@main] Found classpath entry '/C:/Users/Joserrita/.m2/repository/org/springframework/boot/spring-boot-starter-tomcat/2.4.2/spring-boot-starter-tomcat-2.4.2.jar' 
2022-05-17 17:33:04.836 DEBUG [acme.Launcher@main] Found classpath entry '/C:/Users/Joserrita/.m2/repository/jakarta/annotation/jakarta.annotation-api/1.3.5/jakarta.annotation-api-1.3.5.jar' 
2022-05-17 17:33:04.836 DEBUG [acme.Launcher@main] Found classpath entry '/C:/Users/Joserrita/.m2/repository/org/apache/tomcat/embed/tomcat-embed-core/9.0.41/tomcat-embed-core-9.0.41.jar' 
2022-05-17 17:33:04.836 DEBUG [acme.Launcher@main] Found classpath entry '/C:/Users/Joserrita/.m2/repository/org/glassfish/jakarta.el/3.0.3/jakarta.el-3.0.3.jar' 
2022-05-17 17:33:04.837 DEBUG [acme.Launcher@main] Found classpath entry '/C:/Users/Joserrita/.m2/repository/org/apache/tomcat/embed/tomcat-embed-websocket/9.0.41/tomcat-embed-websocket-9.0.41.jar' 
2022-05-17 17:33:04.837 DEBUG [acme.Launcher@main] Found classpath entry '/C:/Users/Joserrita/.m2/repository/org/apache/tomcat/embed/tomcat-embed-jasper/9.0.41/tomcat-embed-jasper-9.0.41.jar' 
2022-05-17 17:33:04.837 DEBUG [acme.Launcher@main] Found classpath entry '/C:/Users/Joserrita/.m2/repository/org/apache/tomcat/embed/tomcat-embed-el/9.0.41/tomcat-embed-el-9.0.41.jar' 
2022-05-17 17:33:04.837 DEBUG [acme.Launcher@main] Found classpath entry '/C:/Users/Joserrita/.m2/repository/org/eclipse/jdt/ecj/3.18.0/ecj-3.18.0.jar' 
2022-05-17 17:33:04.837 DEBUG [acme.Launcher@main] Found classpath entry '/C:/Users/Joserrita/.m2/repository/javax/servlet/jstl/1.2/jstl-1.2.jar' 
2022-05-17 17:33:04.837 DEBUG [acme.Launcher@main] Found classpath entry '/C:/Users/Joserrita/.m2/repository/org/springframework/boot/spring-boot-starter-test/2.4.2/spring-boot-starter-test-2.4.2.jar' 
2022-05-17 17:33:04.837 DEBUG [acme.Launcher@main] Found classpath entry '/C:/Users/Joserrita/.m2/repository/org/springframework/boot/spring-boot-starter/2.4.2/spring-boot-starter-2.4.2.jar' 
2022-05-17 17:33:04.837 DEBUG [acme.Launcher@main] Found classpath entry '/C:/Users/Joserrita/.m2/repository/org/springframework/boot/spring-boot/2.4.2/spring-boot-2.4.2.jar' 
2022-05-17 17:33:04.837 DEBUG [acme.Launcher@main] Found classpath entry '/C:/Users/Joserrita/.m2/repository/org/springframework/boot/spring-boot-autoconfigure/2.4.2/spring-boot-autoconfigure-2.4.2.jar' 
2022-05-17 17:33:04.838 DEBUG [acme.Launcher@main] Found classpath entry '/C:/Users/Joserrita/.m2/repository/org/springframework/boot/spring-boot-starter-logging/2.4.2/spring-boot-starter-logging-2.4.2.jar' 
2022-05-17 17:33:04.838 DEBUG [acme.Launcher@main] Found classpath entry '/C:/Users/Joserrita/.m2/repository/ch/qos/logback/logback-classic/1.2.3/logback-classic-1.2.3.jar' 
2022-05-17 17:33:04.838 DEBUG [acme.Launcher@main] Found classpath entry '/C:/Users/Joserrita/.m2/repository/ch/qos/logback/logback-core/1.2.3/logback-core-1.2.3.jar' 
2022-05-17 17:33:04.838 DEBUG [acme.Launcher@main] Found classpath entry '/C:/Users/Joserrita/.m2/repository/org/apache/logging/log4j/log4j-to-slf4j/2.13.3/log4j-to-slf4j-2.13.3.jar' 
2022-05-17 17:33:04.838 DEBUG [acme.Launcher@main] Found classpath entry '/C:/Users/Joserrita/.m2/repository/org/apache/logging/log4j/log4j-api/2.13.3/log4j-api-2.13.3.jar' 
2022-05-17 17:33:04.838 DEBUG [acme.Launcher@main] Found classpath entry '/C:/Users/Joserrita/.m2/repository/org/slf4j/jul-to-slf4j/1.7.30/jul-to-slf4j-1.7.30.jar' 
2022-05-17 17:33:04.838 DEBUG [acme.Launcher@main] Found classpath entry '/C:/Users/Joserrita/.m2/repository/org/yaml/snakeyaml/1.27/snakeyaml-1.27.jar' 
2022-05-17 17:33:04.838 DEBUG [acme.Launcher@main] Found classpath entry '/C:/Users/Joserrita/.m2/repository/org/springframework/boot/spring-boot-test/2.4.2/spring-boot-test-2.4.2.jar' 
2022-05-17 17:33:04.839 DEBUG [acme.Launcher@main] Found classpath entry '/C:/Users/Joserrita/.m2/repository/org/springframework/boot/spring-boot-test-autoconfigure/2.4.2/spring-boot-test-autoconfigure-2.4.2.jar' 
2022-05-17 17:33:04.839 DEBUG [acme.Launcher@main] Found classpath entry '/C:/Users/Joserrita/.m2/repository/com/jayway/jsonpath/json-path/2.4.0/json-path-2.4.0.jar' 
2022-05-17 17:33:04.839 DEBUG [acme.Launcher@main] Found classpath entry '/C:/Users/Joserrita/.m2/repository/net/minidev/json-smart/2.3/json-smart-2.3.jar' 
2022-05-17 17:33:04.839 DEBUG [acme.Launcher@main] Found classpath entry '/C:/Users/Joserrita/.m2/repository/net/minidev/accessors-smart/1.2/accessors-smart-1.2.jar' 
2022-05-17 17:33:04.839 DEBUG [acme.Launcher@main] Found classpath entry '/C:/Users/Joserrita/.m2/repository/org/ow2/asm/asm/5.0.4/asm-5.0.4.jar' 
2022-05-17 17:33:04.839 DEBUG [acme.Launcher@main] Found classpath entry '/C:/Users/Joserrita/.m2/repository/jakarta/xml/bind/jakarta.xml.bind-api/2.3.3/jakarta.xml.bind-api-2.3.3.jar' 
2022-05-17 17:33:04.839 DEBUG [acme.Launcher@main] Found classpath entry '/C:/Users/Joserrita/.m2/repository/jakarta/activation/jakarta.activation-api/1.2.2/jakarta.activation-api-1.2.2.jar' 
2022-05-17 17:33:04.839 DEBUG [acme.Launcher@main] Found classpath entry '/C:/Users/Joserrita/.m2/repository/org/assertj/assertj-core/3.18.1/assertj-core-3.18.1.jar' 
2022-05-17 17:33:04.839 DEBUG [acme.Launcher@main] Found classpath entry '/C:/Users/Joserrita/.m2/repository/org/hamcrest/hamcrest/2.2/hamcrest-2.2.jar' 
2022-05-17 17:33:04.839 DEBUG [acme.Launcher@main] Found classpath entry '/C:/Users/Joserrita/.m2/repository/org/junit/jupiter/junit-jupiter/5.7.0/junit-jupiter-5.7.0.jar' 
2022-05-17 17:33:04.840 DEBUG [acme.Launcher@main] Found classpath entry '/C:/Users/Joserrita/.m2/repository/org/mockito/mockito-core/3.6.28/mockito-core-3.6.28.jar' 
2022-05-17 17:33:04.840 DEBUG [acme.Launcher@main] Found classpath entry '/C:/Users/Joserrita/.m2/repository/net/bytebuddy/byte-buddy-agent/1.10.19/byte-buddy-agent-1.10.19.jar' 
2022-05-17 17:33:04.840 DEBUG [acme.Launcher@main] Found classpath entry '/C:/Users/Joserrita/.m2/repository/org/objenesis/objenesis/3.1/objenesis-3.1.jar' 
2022-05-17 17:33:04.840 DEBUG [acme.Launcher@main] Found classpath entry '/C:/Users/Joserrita/.m2/repository/org/mockito/mockito-junit-jupiter/3.6.28/mockito-junit-jupiter-3.6.28.jar' 
2022-05-17 17:33:04.840 DEBUG [acme.Launcher@main] Found classpath entry '/C:/Users/Joserrita/.m2/repository/org/skyscreamer/jsonassert/1.5.0/jsonassert-1.5.0.jar' 
2022-05-17 17:33:04.840 DEBUG [acme.Launcher@main] Found classpath entry '/C:/Users/Joserrita/.m2/repository/com/vaadin/external/google/android-json/0.0.20131108.vaadin1/android-json-0.0.20131108.vaadin1.jar' 
2022-05-17 17:33:04.840 DEBUG [acme.Launcher@main] Found classpath entry '/C:/Users/Joserrita/.m2/repository/org/springframework/spring-core/5.3.3/spring-core-5.3.3.jar' 
2022-05-17 17:33:04.840 DEBUG [acme.Launcher@main] Found classpath entry '/C:/Users/Joserrita/.m2/repository/org/springframework/spring-jcl/5.3.3/spring-jcl-5.3.3.jar' 
2022-05-17 17:33:04.841 DEBUG [acme.Launcher@main] Found classpath entry '/C:/Users/Joserrita/.m2/repository/org/springframework/spring-test/5.3.3/spring-test-5.3.3.jar' 
2022-05-17 17:33:04.841 DEBUG [acme.Launcher@main] Found classpath entry '/C:/Users/Joserrita/.m2/repository/org/xmlunit/xmlunit-core/2.7.0/xmlunit-core-2.7.0.jar' 
2022-05-17 17:33:04.841 DEBUG [acme.Launcher@main] Found classpath entry '/C:/Users/Joserrita/.m2/repository/org/springframework/boot/spring-boot-starter-security/2.4.2/spring-boot-starter-security-2.4.2.jar' 
2022-05-17 17:33:04.841 DEBUG [acme.Launcher@main] Found classpath entry '/C:/Users/Joserrita/.m2/repository/org/springframework/spring-aop/5.3.3/spring-aop-5.3.3.jar' 
2022-05-17 17:33:04.841 DEBUG [acme.Launcher@main] Found classpath entry '/C:/Users/Joserrita/.m2/repository/org/springframework/security/spring-security-web/5.4.2/spring-security-web-5.4.2.jar' 
2022-05-17 17:33:04.841 DEBUG [acme.Launcher@main] Found classpath entry '/C:/Users/Joserrita/.m2/repository/org/springframework/security/spring-security-core/5.4.2/spring-security-core-5.4.2.jar' 
2022-05-17 17:33:04.841 DEBUG [acme.Launcher@main] Found classpath entry '/C:/Users/Joserrita/.m2/repository/org/springframework/spring-beans/5.3.3/spring-beans-5.3.3.jar' 
2022-05-17 17:33:04.841 DEBUG [acme.Launcher@main] Found classpath entry '/C:/Users/Joserrita/.m2/repository/org/springframework/spring-context/5.3.3/spring-context-5.3.3.jar' 
2022-05-17 17:33:04.841 DEBUG [acme.Launcher@main] Found classpath entry '/C:/Users/Joserrita/.m2/repository/org/springframework/spring-expression/5.3.3/spring-expression-5.3.3.jar' 
2022-05-17 17:33:04.841 DEBUG [acme.Launcher@main] Found classpath entry '/C:/Users/Joserrita/.m2/repository/org/springframework/spring-web/5.3.3/spring-web-5.3.3.jar' 
2022-05-17 17:33:04.841 DEBUG [acme.Launcher@main] Found classpath entry '/C:/Users/Joserrita/.m2/repository/org/springframework/security/spring-security-config/5.4.2/spring-security-config-5.4.2.jar' 
2022-05-17 17:33:04.842 DEBUG [acme.Launcher@main] Found classpath entry '/C:/Users/Joserrita/.m2/repository/org/springframework/security/spring-security-taglibs/5.4.2/spring-security-taglibs-5.4.2.jar' 
2022-05-17 17:33:04.842 DEBUG [acme.Launcher@main] Found classpath entry '/C:/Users/Joserrita/.m2/repository/org/springframework/security/spring-security-acl/5.4.2/spring-security-acl-5.4.2.jar' 
2022-05-17 17:33:04.842 DEBUG [acme.Launcher@main] Found classpath entry '/C:/Users/Joserrita/.m2/repository/org/springframework/spring-jdbc/5.3.3/spring-jdbc-5.3.3.jar' 
2022-05-17 17:33:04.842 DEBUG [acme.Launcher@main] Found classpath entry '/C:/Users/Joserrita/.m2/repository/org/springframework/spring-tx/5.3.3/spring-tx-5.3.3.jar' 
2022-05-17 17:33:04.842 DEBUG [acme.Launcher@main] Found classpath entry '/C:/Users/Joserrita/.m2/repository/org/springframework/boot/spring-boot-starter-web/2.4.2/spring-boot-starter-web-2.4.2.jar' 
2022-05-17 17:33:04.842 DEBUG [acme.Launcher@main] Found classpath entry '/C:/Users/Joserrita/.m2/repository/org/springframework/boot/spring-boot-starter-json/2.4.2/spring-boot-starter-json-2.4.2.jar' 
2022-05-17 17:33:04.842 DEBUG [acme.Launcher@main] Found classpath entry '/C:/Users/Joserrita/.m2/repository/com/fasterxml/jackson/core/jackson-databind/2.11.4/jackson-databind-2.11.4.jar' 
2022-05-17 17:33:04.842 DEBUG [acme.Launcher@main] Found classpath entry '/C:/Users/Joserrita/.m2/repository/com/fasterxml/jackson/core/jackson-annotations/2.11.4/jackson-annotations-2.11.4.jar' 
2022-05-17 17:33:04.842 DEBUG [acme.Launcher@main] Found classpath entry '/C:/Users/Joserrita/.m2/repository/com/fasterxml/jackson/core/jackson-core/2.11.4/jackson-core-2.11.4.jar' 
2022-05-17 17:33:04.842 DEBUG [acme.Launcher@main] Found classpath entry '/C:/Users/Joserrita/.m2/repository/com/fasterxml/jackson/datatype/jackson-datatype-jdk8/2.11.4/jackson-datatype-jdk8-2.11.4.jar' 
2022-05-17 17:33:04.842 DEBUG [acme.Launcher@main] Found classpath entry '/C:/Users/Joserrita/.m2/repository/com/fasterxml/jackson/datatype/jackson-datatype-jsr310/2.11.4/jackson-datatype-jsr310-2.11.4.jar' 
2022-05-17 17:33:04.843 DEBUG [acme.Launcher@main] Found classpath entry '/C:/Users/Joserrita/.m2/repository/com/fasterxml/jackson/module/jackson-module-parameter-names/2.11.4/jackson-module-parameter-names-2.11.4.jar' 
2022-05-17 17:33:04.843 DEBUG [acme.Launcher@main] Found classpath entry '/C:/Users/Joserrita/.m2/repository/org/springframework/spring-webmvc/5.3.3/spring-webmvc-5.3.3.jar' 
2022-05-17 17:33:04.843 DEBUG [acme.Launcher@main] Found classpath entry '/C:/Users/Joserrita/.m2/repository/org/apache/tiles/tiles-jsp/3.0.8/tiles-jsp-3.0.8.jar' 
2022-05-17 17:33:04.843 DEBUG [acme.Launcher@main] Found classpath entry '/C:/Users/Joserrita/.m2/repository/org/apache/tiles/tiles-servlet/3.0.8/tiles-servlet-3.0.8.jar' 
2022-05-17 17:33:04.843 DEBUG [acme.Launcher@main] Found classpath entry '/C:/Users/Joserrita/.m2/repository/org/apache/tiles/tiles-core/3.0.8/tiles-core-3.0.8.jar' 
2022-05-17 17:33:04.843 DEBUG [acme.Launcher@main] Found classpath entry '/C:/Users/Joserrita/.m2/repository/commons-digester/commons-digester/2.0/commons-digester-2.0.jar' 
2022-05-17 17:33:04.843 DEBUG [acme.Launcher@main] Found classpath entry '/C:/Users/Joserrita/.m2/repository/org/slf4j/jcl-over-slf4j/1.7.30/jcl-over-slf4j-1.7.30.jar' 
2022-05-17 17:33:04.843 DEBUG [acme.Launcher@main] Found classpath entry '/C:/Users/Joserrita/.m2/repository/org/apache/tiles/tiles-request-servlet/1.0.7/tiles-request-servlet-1.0.7.jar' 
2022-05-17 17:33:04.843 DEBUG [acme.Launcher@main] Found classpath entry '/C:/Users/Joserrita/.m2/repository/org/apache/tiles/tiles-template/3.0.8/tiles-template-3.0.8.jar' 
2022-05-17 17:33:04.843 DEBUG [acme.Launcher@main] Found classpath entry '/C:/Users/Joserrita/.m2/repository/org/apache/tiles/tiles-api/3.0.8/tiles-api-3.0.8.jar' 
2022-05-17 17:33:04.843 DEBUG [acme.Launcher@main] Found classpath entry '/C:/Users/Joserrita/.m2/repository/org/apache/tiles/tiles-autotag-core-runtime/1.2/tiles-autotag-core-runtime-1.2.jar' 
2022-05-17 17:33:04.843 DEBUG [acme.Launcher@main] Found classpath entry '/C:/Users/Joserrita/.m2/repository/org/slf4j/slf4j-api/1.7.30/slf4j-api-1.7.30.jar' 
2022-05-17 17:33:04.843 DEBUG [acme.Launcher@main] Found classpath entry '/C:/Users/Joserrita/.m2/repository/org/apache/tiles/tiles-request-jsp/1.0.7/tiles-request-jsp-1.0.7.jar' 
2022-05-17 17:33:04.844 DEBUG [acme.Launcher@main] Found classpath entry '/C:/Users/Joserrita/.m2/repository/org/apache/tiles/tiles-request-api/1.0.7/tiles-request-api-1.0.7.jar' 
2022-05-17 17:33:04.844 DEBUG [acme.Launcher@main] Found classpath entry '/C:/Users/Joserrita/.m2/repository/org/springframework/boot/spring-boot-starter-data-jpa/2.4.2/spring-boot-starter-data-jpa-2.4.2.jar' 
2022-05-17 17:33:04.844 DEBUG [acme.Launcher@main] Found classpath entry '/C:/Users/Joserrita/.m2/repository/org/springframework/boot/spring-boot-starter-aop/2.4.2/spring-boot-starter-aop-2.4.2.jar' 
2022-05-17 17:33:04.844 DEBUG [acme.Launcher@main] Found classpath entry '/C:/Users/Joserrita/.m2/repository/org/aspectj/aspectjweaver/1.9.6/aspectjweaver-1.9.6.jar' 
2022-05-17 17:33:04.844 DEBUG [acme.Launcher@main] Found classpath entry '/C:/Users/Joserrita/.m2/repository/org/springframework/boot/spring-boot-starter-jdbc/2.4.2/spring-boot-starter-jdbc-2.4.2.jar' 
2022-05-17 17:33:04.844 DEBUG [acme.Launcher@main] Found classpath entry '/C:/Users/Joserrita/.m2/repository/jakarta/transaction/jakarta.transaction-api/1.3.3/jakarta.transaction-api-1.3.3.jar' 
2022-05-17 17:33:04.844 DEBUG [acme.Launcher@main] Found classpath entry '/C:/Users/Joserrita/.m2/repository/jakarta/persistence/jakarta.persistence-api/2.2.3/jakarta.persistence-api-2.2.3.jar' 
2022-05-17 17:33:04.844 DEBUG [acme.Launcher@main] Found classpath entry '/C:/Users/Joserrita/.m2/repository/org/hibernate/hibernate-core/5.4.27.Final/hibernate-core-5.4.27.Final.jar' 
2022-05-17 17:33:04.844 DEBUG [acme.Launcher@main] Found classpath entry '/C:/Users/Joserrita/.m2/repository/org/jboss/logging/jboss-logging/3.4.1.Final/jboss-logging-3.4.1.Final.jar' 
2022-05-17 17:33:04.844 DEBUG [acme.Launcher@main] Found classpath entry '/C:/Users/Joserrita/.m2/repository/org/javassist/javassist/3.27.0-GA/javassist-3.27.0-GA.jar' 
2022-05-17 17:33:04.844 DEBUG [acme.Launcher@main] Found classpath entry '/C:/Users/Joserrita/.m2/repository/antlr/antlr/2.7.7/antlr-2.7.7.jar' 
2022-05-17 17:33:04.844 DEBUG [acme.Launcher@main] Found classpath entry '/C:/Users/Joserrita/.m2/repository/org/jboss/jandex/2.1.3.Final/jandex-2.1.3.Final.jar' 
2022-05-17 17:33:04.844 DEBUG [acme.Launcher@main] Found classpath entry '/C:/Users/Joserrita/.m2/repository/com/fasterxml/classmate/1.5.1/classmate-1.5.1.jar' 
2022-05-17 17:33:04.845 DEBUG [acme.Launcher@main] Found classpath entry '/C:/Users/Joserrita/.m2/repository/org/dom4j/dom4j/2.1.3/dom4j-2.1.3.jar' 
2022-05-17 17:33:04.845 DEBUG [acme.Launcher@main] Found classpath entry '/C:/Users/Joserrita/.m2/repository/org/hibernate/common/hibernate-commons-annotations/5.1.2.Final/hibernate-commons-annotations-5.1.2.Final.jar' 
2022-05-17 17:33:04.845 DEBUG [acme.Launcher@main] Found classpath entry '/C:/Users/Joserrita/.m2/repository/org/glassfish/jaxb/jaxb-runtime/2.3.3/jaxb-runtime-2.3.3.jar' 
2022-05-17 17:33:04.845 DEBUG [acme.Launcher@main] Found classpath entry '/C:/Users/Joserrita/.m2/repository/org/glassfish/jaxb/txw2/2.3.3/txw2-2.3.3.jar' 
2022-05-17 17:33:04.845 DEBUG [acme.Launcher@main] Found classpath entry '/C:/Users/Joserrita/.m2/repository/com/sun/istack/istack-commons-runtime/3.0.11/istack-commons-runtime-3.0.11.jar' 
2022-05-17 17:33:04.845 DEBUG [acme.Launcher@main] Found classpath entry '/C:/Users/Joserrita/.m2/repository/com/sun/activation/jakarta.activation/1.2.2/jakarta.activation-1.2.2.jar' 
2022-05-17 17:33:04.845 DEBUG [acme.Launcher@main] Found classpath entry '/C:/Users/Joserrita/.m2/repository/org/springframework/data/spring-data-jpa/2.4.3/spring-data-jpa-2.4.3.jar' 
2022-05-17 17:33:04.845 DEBUG [acme.Launcher@main] Found classpath entry '/C:/Users/Joserrita/.m2/repository/org/springframework/data/spring-data-commons/2.4.3/spring-data-commons-2.4.3.jar' 
2022-05-17 17:33:04.845 DEBUG [acme.Launcher@main] Found classpath entry '/C:/Users/Joserrita/.m2/repository/org/springframework/spring-orm/5.3.3/spring-orm-5.3.3.jar' 
2022-05-17 17:33:04.845 DEBUG [acme.Launcher@main] Found classpath entry '/C:/Users/Joserrita/.m2/repository/org/springframework/spring-aspects/5.3.3/spring-aspects-5.3.3.jar' 
2022-05-17 17:33:04.845 DEBUG [acme.Launcher@main] Found classpath entry '/C:/Users/Joserrita/.m2/repository/org/springframework/boot/spring-boot-starter-validation/2.4.2/spring-boot-starter-validation-2.4.2.jar' 
2022-05-17 17:33:04.845 DEBUG [acme.Launcher@main] Found classpath entry '/C:/Users/Joserrita/.m2/repository/org/hibernate/validator/hibernate-validator/6.1.7.Final/hibernate-validator-6.1.7.Final.jar' 
2022-05-17 17:33:04.845 DEBUG [acme.Launcher@main] Found classpath entry '/C:/Users/Joserrita/.m2/repository/jakarta/validation/jakarta.validation-api/2.0.2/jakarta.validation-api-2.0.2.jar' 
2022-05-17 17:33:04.845 DEBUG [acme.Launcher@main] Found classpath entry '/C:/Users/Joserrita/.m2/repository/mysql/mysql-connector-java/8.0.22/mysql-connector-java-8.0.22.jar' 
2022-05-17 17:33:04.846 DEBUG [acme.Launcher@main] Found classpath entry '/C:/Users/Joserrita/.m2/repository/com/zaxxer/HikariCP/3.4.5/HikariCP-3.4.5.jar' 
2022-05-17 17:33:04.846 DEBUG [acme.Launcher@main] Found classpath entry '/C:/Users/Joserrita/.m2/repository/org/junit/jupiter/junit-jupiter-engine/5.7.0/junit-jupiter-engine-5.7.0.jar' 
2022-05-17 17:33:04.846 DEBUG [acme.Launcher@main] Found classpath entry '/C:/Users/Joserrita/.m2/repository/org/apiguardian/apiguardian-api/1.1.0/apiguardian-api-1.1.0.jar' 
2022-05-17 17:33:04.846 DEBUG [acme.Launcher@main] Found classpath entry '/C:/Users/Joserrita/.m2/repository/org/junit/platform/junit-platform-engine/1.7.0/junit-platform-engine-1.7.0.jar' 
2022-05-17 17:33:04.846 DEBUG [acme.Launcher@main] Found classpath entry '/C:/Users/Joserrita/.m2/repository/org/junit/jupiter/junit-jupiter-api/5.7.0/junit-jupiter-api-5.7.0.jar' 
2022-05-17 17:33:04.846 DEBUG [acme.Launcher@main] Found classpath entry '/C:/Users/Joserrita/.m2/repository/org/opentest4j/opentest4j/1.2.0/opentest4j-1.2.0.jar' 
2022-05-17 17:33:04.846 DEBUG [acme.Launcher@main] Found classpath entry '/C:/Users/Joserrita/.m2/repository/org/junit/platform/junit-platform-commons/1.7.0/junit-platform-commons-1.7.0.jar' 
2022-05-17 17:33:04.846 DEBUG [acme.Launcher@main] Found classpath entry '/C:/Users/Joserrita/.m2/repository/org/junit/jupiter/junit-jupiter-params/5.7.0/junit-jupiter-params-5.7.0.jar' 
2022-05-17 17:33:04.846 DEBUG [acme.Launcher@main] Found classpath entry '/C:/Users/Joserrita/.m2/repository/org/junit/platform/junit-platform-launcher/1.7.0/junit-platform-launcher-1.7.0.jar' 
2022-05-17 17:33:04.846 DEBUG [acme.Launcher@main] Found classpath entry '/C:/Users/Joserrita/.m2/repository/org/seleniumhq/selenium/selenium-java/3.141.59/selenium-java-3.141.59.jar' 
2022-05-17 17:33:04.846 DEBUG [acme.Launcher@main] Found classpath entry '/C:/Users/Joserrita/.m2/repository/org/seleniumhq/selenium/selenium-api/3.141.59/selenium-api-3.141.59.jar' 
2022-05-17 17:33:04.846 DEBUG [acme.Launcher@main] Found classpath entry '/C:/Users/Joserrita/.m2/repository/org/seleniumhq/selenium/selenium-chrome-driver/3.141.59/selenium-chrome-driver-3.141.59.jar' 
2022-05-17 17:33:04.846 DEBUG [acme.Launcher@main] Found classpath entry '/C:/Users/Joserrita/.m2/repository/org/seleniumhq/selenium/selenium-edge-driver/3.141.59/selenium-edge-driver-3.141.59.jar' 
2022-05-17 17:33:04.846 DEBUG [acme.Launcher@main] Found classpath entry '/C:/Users/Joserrita/.m2/repository/org/seleniumhq/selenium/selenium-firefox-driver/3.141.59/selenium-firefox-driver-3.141.59.jar' 
2022-05-17 17:33:04.847 DEBUG [acme.Launcher@main] Found classpath entry '/C:/Users/Joserrita/.m2/repository/org/seleniumhq/selenium/selenium-ie-driver/3.141.59/selenium-ie-driver-3.141.59.jar' 
2022-05-17 17:33:04.847 DEBUG [acme.Launcher@main] Found classpath entry '/C:/Users/Joserrita/.m2/repository/org/seleniumhq/selenium/selenium-opera-driver/3.141.59/selenium-opera-driver-3.141.59.jar' 
2022-05-17 17:33:04.847 DEBUG [acme.Launcher@main] Found classpath entry '/C:/Users/Joserrita/.m2/repository/org/seleniumhq/selenium/selenium-remote-driver/3.141.59/selenium-remote-driver-3.141.59.jar' 
2022-05-17 17:33:04.847 DEBUG [acme.Launcher@main] Found classpath entry '/C:/Users/Joserrita/.m2/repository/org/seleniumhq/selenium/selenium-safari-driver/3.141.59/selenium-safari-driver-3.141.59.jar' 
2022-05-17 17:33:04.847 DEBUG [acme.Launcher@main] Found classpath entry '/C:/Users/Joserrita/.m2/repository/org/seleniumhq/selenium/selenium-support/3.141.59/selenium-support-3.141.59.jar' 
2022-05-17 17:33:04.847 DEBUG [acme.Launcher@main] Found classpath entry '/C:/Users/Joserrita/.m2/repository/net/bytebuddy/byte-buddy/1.10.19/byte-buddy-1.10.19.jar' 
2022-05-17 17:33:04.847 DEBUG [acme.Launcher@main] Found classpath entry '/C:/Users/Joserrita/.m2/repository/org/apache/commons/commons-exec/1.3/commons-exec-1.3.jar' 
2022-05-17 17:33:04.847 DEBUG [acme.Launcher@main] Found classpath entry '/C:/Users/Joserrita/.m2/repository/com/google/guava/guava/25.0-jre/guava-25.0-jre.jar' 
2022-05-17 17:33:04.847 DEBUG [acme.Launcher@main] Found classpath entry '/C:/Users/Joserrita/.m2/repository/com/google/code/findbugs/jsr305/1.3.9/jsr305-1.3.9.jar' 
2022-05-17 17:33:04.847 DEBUG [acme.Launcher@main] Found classpath entry '/C:/Users/Joserrita/.m2/repository/org/checkerframework/checker-compat-qual/2.0.0/checker-compat-qual-2.0.0.jar' 
2022-05-17 17:33:04.847 DEBUG [acme.Launcher@main] Found classpath entry '/C:/Users/Joserrita/.m2/repository/com/google/errorprone/error_prone_annotations/2.1.3/error_prone_annotations-2.1.3.jar' 
2022-05-17 17:33:04.847 DEBUG [acme.Launcher@main] Found classpath entry '/C:/Users/Joserrita/.m2/repository/com/google/j2objc/j2objc-annotations/1.1/j2objc-annotations-1.1.jar' 
2022-05-17 17:33:04.847 DEBUG [acme.Launcher@main] Found classpath entry '/C:/Users/Joserrita/.m2/repository/org/codehaus/mojo/animal-sniffer-annotations/1.14/animal-sniffer-annotations-1.14.jar' 
2022-05-17 17:33:04.847 DEBUG [acme.Launcher@main] Found classpath entry '/C:/Users/Joserrita/.m2/repository/com/squareup/okhttp3/okhttp/3.14.9/okhttp-3.14.9.jar' 
2022-05-17 17:33:04.847 DEBUG [acme.Launcher@main] Found classpath entry '/C:/Users/Joserrita/.m2/repository/com/squareup/okio/okio/1.14.0/okio-1.14.0.jar' 
2022-05-17 17:33:04.848 DEBUG [acme.Launcher@main] Found classpath entry '/C:/Users/Joserrita/.m2/repository/org/apache/commons/commons-lang3/3.11/commons-lang3-3.11.jar' 
2022-05-17 17:33:04.848 DEBUG [acme.Launcher@main] Found classpath entry '/C:/Users/Joserrita/.m2/repository/org/apache/commons/commons-text/1.8/commons-text-1.8.jar' 
2022-05-17 17:33:04.848 DEBUG [acme.Launcher@main] Found classpath entry '/C:/Users/Joserrita/.m2/repository/commons-io/commons-io/2.6/commons-io-2.6.jar' 
2022-05-17 17:33:04.848 DEBUG [acme.Launcher@main] Found classpath entry '/C:/Users/Joserrita/.m2/repository/commons-cli/commons-cli/1.4/commons-cli-1.4.jar' 
2022-05-17 17:33:04.848 DEBUG [acme.Launcher@main] Found classpath entry '/C:/Users/Joserrita/.m2/repository/org/projectlombok/lombok/1.18.16/lombok-1.18.16.jar' 
2022-05-17 17:33:04.848 DEBUG [acme.Launcher@main] Found classpath entry '/C:/Users/Joserrita/.m2/repository/com/opencsv/opencsv/5.4/opencsv-5.4.jar' 
2022-05-17 17:33:04.848 DEBUG [acme.Launcher@main] Found classpath entry '/C:/Users/Joserrita/.m2/repository/commons-beanutils/commons-beanutils/1.9.4/commons-beanutils-1.9.4.jar' 
2022-05-17 17:33:04.848 DEBUG [acme.Launcher@main] Found classpath entry '/C:/Users/Joserrita/.m2/repository/commons-logging/commons-logging/1.2/commons-logging-1.2.jar' 
2022-05-17 17:33:04.848 DEBUG [acme.Launcher@main] Found classpath entry '/C:/Users/Joserrita/.m2/repository/commons-collections/commons-collections/3.2.2/commons-collections-3.2.2.jar' 
2022-05-17 17:33:04.848 DEBUG [acme.Launcher@main] Found classpath entry '/C:/Users/Joserrita/.m2/repository/org/apache/commons/commons-collections4/4.4/commons-collections4-4.4.jar' 
2022-05-17 17:33:04.848 DEBUG [acme.Launcher@main] Found classpath entry '/C:/Users/Joserrita/Desktop/UNI/TERCERO/SEGUNDO%20CUATRI/MVG/Workspace-22.0/Tools/IDEs/eclipse-jee-2021-12-R/configuration/org.eclipse.osgi/418/0/.cp/lib/javaagent-shaded.jar' 
2022-05-17 17:33:04.954 DEBUG [acme.Launcher@main] Found entity class 'acme.entities.Announcement 
2022-05-17 17:33:04.954 DEBUG [acme.Launcher@main] Found entity class 'acme.entities.Chirp 
2022-05-17 17:33:04.954 DEBUG [acme.Launcher@main] Found entity class 'acme.entities.Item 
2022-05-17 17:33:04.954 DEBUG [acme.Launcher@main] Found entity class 'acme.entities.Patronage 
2022-05-17 17:33:04.954 DEBUG [acme.Launcher@main] Found entity class 'acme.entities.PatronageReport 
2022-05-17 17:33:04.954 DEBUG [acme.Launcher@main] Found entity class 'acme.entities.Quantity 
2022-05-17 17:33:04.955 DEBUG [acme.Launcher@main] Found entity class 'acme.entities.SystemConfiguration 
2022-05-17 17:33:04.955 DEBUG [acme.Launcher@main] Found entity class 'acme.entities.Toolkit 
2022-05-17 17:33:04.955 DEBUG [acme.Launcher@main] Found entity class 'acme.roles.Consumer 
2022-05-17 17:33:04.955 DEBUG [acme.Launcher@main] Found entity class 'acme.roles.Inventor 
2022-05-17 17:33:04.955 DEBUG [acme.Launcher@main] Found entity class 'acme.roles.Patron 
2022-05-17 17:33:04.955 DEBUG [acme.Launcher@main] Found entity class 'acme.roles.Provider 
2022-05-17 17:33:04.955 DEBUG [acme.Launcher@main] Found entity class 'acme.framework.entities.UserAccount 
2022-05-17 17:33:04.955 DEBUG [acme.Launcher@main] Found entity class 'acme.framework.roles.Administrator 
2022-05-17 17:33:04.956 DEBUG [acme.Launcher@main] Found entity class 'acme.framework.roles.Anonymous 
2022-05-17 17:33:04.956 DEBUG [acme.Launcher@main] Found entity class 'acme.framework.roles.Any 
2022-05-17 17:33:04.956 DEBUG [acme.Launcher@main] Found entity class 'acme.framework.roles.Authenticated 
2022-05-17 17:33:04.961 INFO  [acme.Launcher@main] Running application (Standalone) 
2022-05-17 17:33:05.948 DEBUG [org.hibernate.SQL@http-nio-8080-exec-1] select useraccoun0_.id as id1_0_, useraccoun0_.version as version2_0_, useraccoun0_.enabled as enabled1_17_, useraccoun0_.identity as identity2_17_, useraccoun0_.password as password3_17_, useraccoun0_.username as username4_17_ from user_account useraccoun0_ where useraccoun0_.username=? 
2022-05-17 17:33:05.966 TRACE [org.hibernate.type.descriptor.sql.BasicBinder@http-nio-8080-exec-1] binding parameter [1] as [VARCHAR] - [patron2] 
2022-05-17 17:33:06.023 DEBUG [org.hibernate.SQL@http-nio-8080-exec-1] select roles0_.user_account_id as user_acc1_18_0_, roles0_.id as id1_18_0_, roles0_.id as id1_0_1_, roles0_.version as version2_0_1_, roles0_.user_account_id as user_acc1_18_1_, roles0_.company as company1_7_1_, roles0_.sector as sector2_7_1_, roles0_.company as company1_8_1_, roles0_.info as info2_8_1_, roles0_.statement as statemen3_8_1_, roles0_.company as company1_10_1_, roles0_.info as info2_10_1_, roles0_.statement as statemen3_10_1_, roles0_.company as company1_13_1_, roles0_.sector as sector2_13_1_, roles0_.clazz_ as clazz_1_ from ( select id, version, user_account_id, company, sector, null as info, null as statement, 10 as clazz_ from consumer union all select id, version, user_account_id, company, null as sector, info, statement, 11 as clazz_ from inventor union all select id, version, user_account_id, company, null as sector, info, statement, 12 as clazz_ from patron union all select id, version, user_account_id, company, sector, null as info, null as statement, 13 as clazz_ from provider union all select id, version, user_account_id, null as company, null as sector, null as info, null as statement, 15 as clazz_ from administrator union all select id, version, user_account_id, null as company, null as sector, null as info, null as statement, 16 as clazz_ from anonymous union all select id, version, user_account_id, null as company, null as sector, null as info, null as statement, 17 as clazz_ from any union all select id, version, user_account_id, null as company, null as sector, null as info, null as statement, 18 as clazz_ from authenticated ) roles0_ where roles0_.user_account_id=? 
2022-05-17 17:33:06.024 TRACE [org.hibernate.type.descriptor.sql.BasicBinder@http-nio-8080-exec-1] binding parameter [1] as [INTEGER] - [3] 
2022-05-17 17:33:06.089 DEBUG [acme.framework.components.tiles.DynamicTilesView@http-nio-8080-exec-1] View name 'master/panic', model {oops=org.springframework.web.HttpRequestMethodNotSupportedException: Request method 'POST' not supported} 
2022-05-17 17:33:06.106 DEBUG [org.apache.tiles.definition.dao.BaseLocaleUrlDefinitionDAO@http-nio-8080-exec-1] File Resource file:/C:/Users/Joserrita/Desktop/UNI/TERCERO/SEGUNDO%20CUATRI/MVG/Workspace-22.0/Projects/Acme-Toolkits-E3.08/target/classes/WEB-INF/views/master/tiles_en.xml at file:/C:/Users/Joserrita/Desktop/UNI/TERCERO/SEGUNDO%20CUATRI/MVG/Workspace-22.0/Projects/Acme-Toolkits-E3.08/target/classes/WEB-INF/views/master/tiles_en.xml not found, continue 
2022-05-17 17:33:06.111 DEBUG [org.apache.jasper.servlet.JspServlet@http-nio-8080-exec-1] JspEngine --> /WEB-INF/views/master/page.jsp 
2022-05-17 17:33:06.111 DEBUG [org.apache.jasper.servlet.JspServlet@http-nio-8080-exec-1] ServletPath: /WEB-INF/views/master/page.jsp 
2022-05-17 17:33:06.111 DEBUG [org.apache.jasper.servlet.JspServlet@http-nio-8080-exec-1] PathInfo: null 
2022-05-17 17:33:06.113 DEBUG [org.apache.jasper.servlet.JspServlet@http-nio-8080-exec-1] RealPath: C:\Users\Joserrita\Desktop\UNI\TERCERO\SEGUNDO CUATRI\MVG\Workspace-22.0\Projects\Acme-Toolkits-E3.08\target\classes\WEB-INF\views\master\page.jsp 
2022-05-17 17:33:06.113 DEBUG [org.apache.jasper.servlet.JspServlet@http-nio-8080-exec-1] RequestURI: /acme-toolkits-e3.08-1.0/WEB-INF/views/master/page.jsp 
2022-05-17 17:33:06.113 DEBUG [org.apache.jasper.servlet.JspServlet@http-nio-8080-exec-1] QueryString: id=27 
2022-05-17 17:33:09.141 DEBUG [acme.framework.configuration.ExtendedMessageSource@http-nio-8080-exec-1] Loading properties [C:\Users\Joserrita\Desktop\UNI\TERCERO\SEGUNDO CUATRI\MVG\Workspace-22.0\Projects\Acme-Toolkits-E3.08\target\classes\WEB-INF\views\administrator\administrator-dashboard\messages-en.i18n] with encoding 'utf-8' 
2022-05-17 17:33:09.143 DEBUG [acme.framework.configuration.ExtendedMessageSource@http-nio-8080-exec-1] Loading properties [C:\Users\Joserrita\Desktop\UNI\TERCERO\SEGUNDO CUATRI\MVG\Workspace-22.0\Projects\Acme-Toolkits-E3.08\target\classes\WEB-INF\views\administrator\announcement\messages-en.i18n] with encoding 'utf-8' 
2022-05-17 17:33:09.143 DEBUG [acme.framework.configuration.ExtendedMessageSource@http-nio-8080-exec-1] Loading properties [C:\Users\Joserrita\Desktop\UNI\TERCERO\SEGUNDO CUATRI\MVG\Workspace-22.0\Projects\Acme-Toolkits-E3.08\target\classes\WEB-INF\views\administrator\system-configuration\messsages-en.i18n] with encoding 'utf-8' 
2022-05-17 17:33:09.144 DEBUG [acme.framework.configuration.ExtendedMessageSource@http-nio-8080-exec-1] Loading properties [C:\Users\Joserrita\Desktop\UNI\TERCERO\SEGUNDO CUATRI\MVG\Workspace-22.0\Projects\Acme-Toolkits-E3.08\target\classes\WEB-INF\views\administrator\user-account\messages-en.i18n] with encoding 'utf-8' 
2022-05-17 17:33:09.145 DEBUG [acme.framework.configuration.ExtendedMessageSource@http-nio-8080-exec-1] Loading properties [C:\Users\Joserrita\Desktop\UNI\TERCERO\SEGUNDO CUATRI\MVG\Workspace-22.0\Projects\Acme-Toolkits-E3.08\target\classes\WEB-INF\views\anonymous\user-account\messages-en.i18n] with encoding 'utf-8' 
2022-05-17 17:33:09.146 DEBUG [acme.framework.configuration.ExtendedMessageSource@http-nio-8080-exec-1] Loading properties [C:\Users\Joserrita\Desktop\UNI\TERCERO\SEGUNDO CUATRI\MVG\Workspace-22.0\Projects\Acme-Toolkits-E3.08\target\classes\WEB-INF\views\any\chirp\messsages-en.i18n] with encoding 'utf-8' 
2022-05-17 17:33:09.147 DEBUG [acme.framework.configuration.ExtendedMessageSource@http-nio-8080-exec-1] Loading properties [C:\Users\Joserrita\Desktop\UNI\TERCERO\SEGUNDO CUATRI\MVG\Workspace-22.0\Projects\Acme-Toolkits-E3.08\target\classes\WEB-INF\views\any\item\messsages-en.i18n] with encoding 'utf-8' 
2022-05-17 17:33:09.148 DEBUG [acme.framework.configuration.ExtendedMessageSource@http-nio-8080-exec-1] Loading properties [C:\Users\Joserrita\Desktop\UNI\TERCERO\SEGUNDO CUATRI\MVG\Workspace-22.0\Projects\Acme-Toolkits-E3.08\target\classes\WEB-INF\views\any\toolkit\messsages-en.i18n] with encoding 'utf-8' 
2022-05-17 17:33:09.149 DEBUG [acme.framework.configuration.ExtendedMessageSource@http-nio-8080-exec-1] Loading properties [C:\Users\Joserrita\Desktop\UNI\TERCERO\SEGUNDO CUATRI\MVG\Workspace-22.0\Projects\Acme-Toolkits-E3.08\target\classes\WEB-INF\views\any\user-account\messsages-en.i18n] with encoding 'utf-8' 
2022-05-17 17:33:09.150 DEBUG [acme.framework.configuration.ExtendedMessageSource@http-nio-8080-exec-1] Loading properties [C:\Users\Joserrita\Desktop\UNI\TERCERO\SEGUNDO CUATRI\MVG\Workspace-22.0\Projects\Acme-Toolkits-E3.08\target\classes\WEB-INF\views\authenticated\announcement\messsages-en.i18n] with encoding 'utf-8' 
2022-05-17 17:33:09.150 DEBUG [acme.framework.configuration.ExtendedMessageSource@http-nio-8080-exec-1] Loading properties [C:\Users\Joserrita\Desktop\UNI\TERCERO\SEGUNDO CUATRI\MVG\Workspace-22.0\Projects\Acme-Toolkits-E3.08\target\classes\WEB-INF\views\authenticated\consumer\messsages-en.i18n] with encoding 'utf-8' 
2022-05-17 17:33:09.152 DEBUG [acme.framework.configuration.ExtendedMessageSource@http-nio-8080-exec-1] Loading properties [C:\Users\Joserrita\Desktop\UNI\TERCERO\SEGUNDO CUATRI\MVG\Workspace-22.0\Projects\Acme-Toolkits-E3.08\target\classes\WEB-INF\views\authenticated\inventor\messsages-en.i18n] with encoding 'utf-8' 
2022-05-17 17:33:09.153 DEBUG [acme.framework.configuration.ExtendedMessageSource@http-nio-8080-exec-1] Loading properties [C:\Users\Joserrita\Desktop\UNI\TERCERO\SEGUNDO CUATRI\MVG\Workspace-22.0\Projects\Acme-Toolkits-E3.08\target\classes\WEB-INF\views\authenticated\patron\messsages-en.i18n] with encoding 'utf-8' 
2022-05-17 17:33:09.155 DEBUG [acme.framework.configuration.ExtendedMessageSource@http-nio-8080-exec-1] Loading properties [C:\Users\Joserrita\Desktop\UNI\TERCERO\SEGUNDO CUATRI\MVG\Workspace-22.0\Projects\Acme-Toolkits-E3.08\target\classes\WEB-INF\views\authenticated\provider\messsages-en.i18n] with encoding 'utf-8' 
2022-05-17 17:33:09.156 DEBUG [acme.framework.configuration.ExtendedMessageSource@http-nio-8080-exec-1] Loading properties [C:\Users\Joserrita\Desktop\UNI\TERCERO\SEGUNDO CUATRI\MVG\Workspace-22.0\Projects\Acme-Toolkits-E3.08\target\classes\WEB-INF\views\authenticated\system-configuration\messsages-en.i18n] with encoding 'utf-8' 
2022-05-17 17:33:09.156 DEBUG [acme.framework.configuration.ExtendedMessageSource@http-nio-8080-exec-1] Loading properties [C:\Users\Joserrita\Desktop\UNI\TERCERO\SEGUNDO CUATRI\MVG\Workspace-22.0\Projects\Acme-Toolkits-E3.08\target\classes\WEB-INF\views\authenticated\user-account\messages-en.i18n] with encoding 'utf-8' 
2022-05-17 17:33:09.157 DEBUG [acme.framework.configuration.ExtendedMessageSource@http-nio-8080-exec-1] Loading properties [C:\Users\Joserrita\Desktop\UNI\TERCERO\SEGUNDO CUATRI\MVG\Workspace-22.0\Projects\Acme-Toolkits-E3.08\target\classes\WEB-INF\views\fragments\banner-en.i18n] with encoding 'utf-8' 
2022-05-17 17:33:09.158 DEBUG [acme.framework.configuration.ExtendedMessageSource@http-nio-8080-exec-1] Loading properties [C:\Users\Joserrita\Desktop\UNI\TERCERO\SEGUNDO CUATRI\MVG\Workspace-22.0\Projects\Acme-Toolkits-E3.08\target\classes\WEB-INF\views\fragments\company-en.i18n] with encoding 'utf-8' 
2022-05-17 17:33:09.158 DEBUG [acme.framework.configuration.ExtendedMessageSource@http-nio-8080-exec-1] Loading properties [C:\Users\Joserrita\Desktop\UNI\TERCERO\SEGUNDO CUATRI\MVG\Workspace-22.0\Projects\Acme-Toolkits-E3.08\target\classes\WEB-INF\views\fragments\footer-en.i18n] with encoding 'utf-8' 
2022-05-17 17:33:09.159 DEBUG [acme.framework.configuration.ExtendedMessageSource@http-nio-8080-exec-1] Loading properties [C:\Users\Joserrita\Desktop\UNI\TERCERO\SEGUNDO CUATRI\MVG\Workspace-22.0\Projects\Acme-Toolkits-E3.08\target\classes\WEB-INF\views\fragments\license-en.i18n] with encoding 'utf-8' 
2022-05-17 17:33:09.160 DEBUG [acme.framework.configuration.ExtendedMessageSource@http-nio-8080-exec-1] Loading properties [C:\Users\Joserrita\Desktop\UNI\TERCERO\SEGUNDO CUATRI\MVG\Workspace-22.0\Projects\Acme-Toolkits-E3.08\target\classes\WEB-INF\views\fragments\menu-en.i18n] with encoding 'utf-8' 
2022-05-17 17:33:09.161 DEBUG [acme.framework.configuration.ExtendedMessageSource@http-nio-8080-exec-1] Loading properties [C:\Users\Joserrita\Desktop\UNI\TERCERO\SEGUNDO CUATRI\MVG\Workspace-22.0\Projects\Acme-Toolkits-E3.08\target\classes\WEB-INF\views\fragments\messsages-en.i18n] with encoding 'utf-8' 
2022-05-17 17:33:09.162 DEBUG [acme.framework.configuration.ExtendedMessageSource@http-nio-8080-exec-1] Loading properties [C:\Users\Joserrita\Desktop\UNI\TERCERO\SEGUNDO CUATRI\MVG\Workspace-22.0\Projects\Acme-Toolkits-E3.08\target\classes\WEB-INF\views\fragments\title-en.i18n] with encoding 'utf-8' 
2022-05-17 17:33:09.163 DEBUG [acme.framework.configuration.ExtendedMessageSource@http-nio-8080-exec-1] Loading properties [C:\Users\Joserrita\Desktop\UNI\TERCERO\SEGUNDO CUATRI\MVG\Workspace-22.0\Projects\Acme-Toolkits-E3.08\target\classes\WEB-INF\views\fragments\welcome-en.i18n] with encoding 'utf-8' 
2022-05-17 17:33:09.163 DEBUG [acme.framework.configuration.ExtendedMessageSource@http-nio-8080-exec-1] Loading properties [C:\Users\Joserrita\Desktop\UNI\TERCERO\SEGUNDO CUATRI\MVG\Workspace-22.0\Projects\Acme-Toolkits-E3.08\target\classes\WEB-INF\views\inventor\item\messsages-en.i18n] with encoding 'utf-8' 
2022-05-17 17:33:09.164 DEBUG [acme.framework.configuration.ExtendedMessageSource@http-nio-8080-exec-1] Loading properties [C:\Users\Joserrita\Desktop\UNI\TERCERO\SEGUNDO CUATRI\MVG\Workspace-22.0\Projects\Acme-Toolkits-E3.08\target\classes\WEB-INF\views\inventor\patronage\messsages-en.i18n] with encoding 'utf-8' 
2022-05-17 17:33:09.165 DEBUG [acme.framework.configuration.ExtendedMessageSource@http-nio-8080-exec-1] Loading properties [C:\Users\Joserrita\Desktop\UNI\TERCERO\SEGUNDO CUATRI\MVG\Workspace-22.0\Projects\Acme-Toolkits-E3.08\target\classes\WEB-INF\views\inventor\patronage-report\messages-en.i18n] with encoding 'utf-8' 
2022-05-17 17:33:09.165 DEBUG [acme.framework.configuration.ExtendedMessageSource@http-nio-8080-exec-1] Loading properties [C:\Users\Joserrita\Desktop\UNI\TERCERO\SEGUNDO CUATRI\MVG\Workspace-22.0\Projects\Acme-Toolkits-E3.08\target\classes\WEB-INF\views\inventor\toolkit\messsages-en.i18n] with encoding 'utf-8' 
2022-05-17 17:33:09.166 DEBUG [acme.framework.configuration.ExtendedMessageSource@http-nio-8080-exec-1] Loading properties [C:\Users\Joserrita\Desktop\UNI\TERCERO\SEGUNDO CUATRI\MVG\Workspace-22.0\Projects\Acme-Toolkits-E3.08\target\classes\WEB-INF\views\master\defaults-en.i18n] with encoding 'utf-8' 
2022-05-17 17:33:09.166 DEBUG [acme.framework.configuration.ExtendedMessageSource@http-nio-8080-exec-1] Loading properties [C:\Users\Joserrita\Desktop\UNI\TERCERO\SEGUNDO CUATRI\MVG\Workspace-22.0\Projects\Acme-Toolkits-E3.08\target\classes\WEB-INF\views\master\master-en.i18n] with encoding 'utf-8' 
2022-05-17 17:33:09.167 DEBUG [acme.framework.configuration.ExtendedMessageSource@http-nio-8080-exec-1] Loading properties [C:\Users\Joserrita\Desktop\UNI\TERCERO\SEGUNDO CUATRI\MVG\Workspace-22.0\Projects\Acme-Toolkits-E3.08\target\classes\WEB-INF\views\master\throwables-en.i18n] with encoding 'utf-8' 
2022-05-17 17:33:09.168 DEBUG [acme.framework.configuration.ExtendedMessageSource@http-nio-8080-exec-1] Loading properties [C:\Users\Joserrita\Desktop\UNI\TERCERO\SEGUNDO CUATRI\MVG\Workspace-22.0\Projects\Acme-Toolkits-E3.08\target\classes\WEB-INF\views\master\validation-en.i18n] with encoding 'utf-8' 
2022-05-17 17:33:09.168 DEBUG [acme.framework.configuration.ExtendedMessageSource@http-nio-8080-exec-1] Loading properties [C:\Users\Joserrita\Desktop\UNI\TERCERO\SEGUNDO CUATRI\MVG\Workspace-22.0\Projects\Acme-Toolkits-E3.08\target\classes\WEB-INF\views\patron\patron-dashboard\messages-en.i18n] with encoding 'utf-8' 
2022-05-17 17:33:09.169 DEBUG [acme.framework.configuration.ExtendedMessageSource@http-nio-8080-exec-1] Loading properties [C:\Users\Joserrita\Desktop\UNI\TERCERO\SEGUNDO CUATRI\MVG\Workspace-22.0\Projects\Acme-Toolkits-E3.08\target\classes\WEB-INF\views\patron\patronage\messsages-en.i18n] with encoding 'utf-8' 
2022-05-17 17:33:09.169 DEBUG [acme.framework.configuration.ExtendedMessageSource@http-nio-8080-exec-1] Loading properties [C:\Users\Joserrita\Desktop\UNI\TERCERO\SEGUNDO CUATRI\MVG\Workspace-22.0\Projects\Acme-Toolkits-E3.08\target\classes\WEB-INF\views\patron\patronage-report\messsages-en.i18n] with encoding 'utf-8' 
2022-05-17 17:33:09.393 DEBUG [org.apache.jasper.servlet.JspServlet@http-nio-8080-exec-1] JspEngine --> /WEB-INF/views/master/panic.jsp 
2022-05-17 17:33:09.393 DEBUG [org.apache.jasper.servlet.JspServlet@http-nio-8080-exec-1] ServletPath: /WEB-INF/views/master/page.jsp 
2022-05-17 17:33:09.393 DEBUG [org.apache.jasper.servlet.JspServlet@http-nio-8080-exec-1] PathInfo: null 
2022-05-17 17:33:09.395 DEBUG [org.apache.jasper.servlet.JspServlet@http-nio-8080-exec-1] RealPath: C:\Users\Joserrita\Desktop\UNI\TERCERO\SEGUNDO CUATRI\MVG\Workspace-22.0\Projects\Acme-Toolkits-E3.08\target\classes\WEB-INF\views\master\panic.jsp 
2022-05-17 17:33:09.395 DEBUG [org.apache.jasper.servlet.JspServlet@http-nio-8080-exec-1] RequestURI: /acme-toolkits-e3.08-1.0/WEB-INF/views/master/page.jsp 
2022-05-17 17:33:09.396 DEBUG [org.apache.jasper.servlet.JspServlet@http-nio-8080-exec-1] QueryString: id=27 
2022-05-17 17:33:09.604 ERROR [org.apache.jsp.WEB_002dINF.views.master.panic_jsp@http-nio-8080-exec-1] HTTP POST /acme-toolkits-e3.08-1.0/WEB-INF/views/master/page.jsp HTTP/1.1 
2022-05-17 17:33:09.605 ERROR [org.apache.jsp.WEB_002dINF.views.master.panic_jsp@http-nio-8080-exec-1] Status: 500 
2022-05-17 17:33:09.606 ERROR [org.apache.jsp.WEB_002dINF.views.master.panic_jsp@http-nio-8080-exec-1] Exception: org.springframework.web.servlet.mvc.method.RequestMappingInfoHandlerMapping.handleNoMatch(RequestMappingInfoHandlerMapping.java:250): Request method 'POST' not supported 
2022-05-17 17:33:16.941 DEBUG [acme.framework.controllers.AbstractController@http-nio-8080-exec-2] DISPATCHING GET /acme-toolkits-e3.08-1.0/patron/patronage/list 
2022-05-17 17:33:16.941 DEBUG [acme.framework.controllers.AbstractController@http-nio-8080-exec-2] Command: list 
2022-05-17 17:33:16.941 DEBUG [acme.framework.controllers.AbstractController@http-nio-8080-exec-2] Model:   {} 
2022-05-17 17:33:16.941 DEBUG [acme.framework.controllers.AbstractController@http-nio-8080-exec-2] Locale:  en 
2022-05-17 17:33:16.959 DEBUG [org.hibernate.SQL@http-nio-8080-exec-2] select patronage0_.id as id1_0_, patronage0_.version as version2_0_, patronage0_.budget_amount as budget_a1_11_, patronage0_.budget_currency as budget_c2_11_, patronage0_.code as code3_11_, patronage0_.creation_date as creation4_11_, patronage0_.deadline as deadline5_11_, patronage0_.info as info6_11_, patronage0_.inventor_id as invento11_11_, patronage0_.legal_stuff as legal_st7_11_, patronage0_.patron_id as patron_12_11_, patronage0_.published as publishe8_11_, patronage0_.start_date as start_da9_11_, patronage0_.status as status10_11_ from patronage patronage0_ where patronage0_.patron_id=? 
2022-05-17 17:33:16.960 TRACE [org.hibernate.type.descriptor.sql.BasicBinder@http-nio-8080-exec-2] binding parameter [1] as [INTEGER] - [24] 
2022-05-17 17:33:16.963 DEBUG [org.hibernate.SQL@http-nio-8080-exec-2] select inventor0_.id as id1_0_0_, inventor0_.version as version2_0_0_, inventor0_.user_account_id as user_acc1_18_0_, inventor0_.company as company1_8_0_, inventor0_.info as info2_8_0_, inventor0_.statement as statemen3_8_0_, useraccoun1_.id as id1_0_1_, useraccoun1_.version as version2_0_1_, useraccoun1_.enabled as enabled1_17_1_, useraccoun1_.identity as identity2_17_1_, useraccoun1_.password as password3_17_1_, useraccoun1_.username as username4_17_1_ from inventor inventor0_ inner join user_account useraccoun1_ on inventor0_.user_account_id=useraccoun1_.id where inventor0_.id=? 
2022-05-17 17:33:16.964 TRACE [org.hibernate.type.descriptor.sql.BasicBinder@http-nio-8080-exec-2] binding parameter [1] as [INTEGER] - [21] 
2022-05-17 17:33:16.966 DEBUG [org.hibernate.SQL@http-nio-8080-exec-2] select patron0_.id as id1_0_0_, patron0_.version as version2_0_0_, patron0_.user_account_id as user_acc1_18_0_, patron0_.company as company1_10_0_, patron0_.info as info2_10_0_, patron0_.statement as statemen3_10_0_, useraccoun1_.id as id1_0_1_, useraccoun1_.version as version2_0_1_, useraccoun1_.enabled as enabled1_17_1_, useraccoun1_.identity as identity2_17_1_, useraccoun1_.password as password3_17_1_, useraccoun1_.username as username4_17_1_ from patron patron0_ inner join user_account useraccoun1_ on patron0_.user_account_id=useraccoun1_.id where patron0_.id=? 
2022-05-17 17:33:16.966 TRACE [org.hibernate.type.descriptor.sql.BasicBinder@http-nio-8080-exec-2] binding parameter [1] as [INTEGER] - [24] 
2022-05-17 17:33:16.990 DEBUG [acme.framework.controllers.AbstractController@http-nio-8080-exec-2] SERVING GET /acme-toolkits-e3.08-1.0/patron/patronage/list 
2022-05-17 17:33:16.991 DEBUG [acme.framework.controllers.AbstractController@http-nio-8080-exec-2] Result: ModelAndView [view="patron/patronage/list"; model={budget[0]=<<EUR 47765.00>>, published[0]=false, creationDate[0]=2022-03-15 10:00:00.0, code[0]=XDP-121-E, version[0]=7, id[0]=27, status[0]=PROPOSED, list$size=1, command=list, principal=acme.framework.entities.Principal@6ef87fbd}] 
2022-05-17 17:33:16.995 DEBUG [acme.framework.components.tiles.DynamicTilesView@http-nio-8080-exec-2] View name 'patron/patronage/list', model {budget[0]=<<EUR 47765.00>>, published[0]=false, creationDate[0]=2022-03-15 10:00:00.0, code[0]=XDP-121-E, version[0]=7, id[0]=27, status[0]=PROPOSED, list$size=1, command=list, principal=acme.framework.entities.Principal@6ef87fbd, org.springframework.validation.BindingResult.budget[0]=org.springframework.validation.BeanPropertyBindingResult: 0 errors, org.springframework.validation.BindingResult.principal=org.springframework.validation.BeanPropertyBindingResult: 0 errors} 
2022-05-17 17:33:16.997 DEBUG [org.apache.jasper.servlet.JspServlet@http-nio-8080-exec-2] JspEngine --> /WEB-INF/views/master/page.jsp 
2022-05-17 17:33:16.997 DEBUG [org.apache.jasper.servlet.JspServlet@http-nio-8080-exec-2] ServletPath: /WEB-INF/views/master/page.jsp 
2022-05-17 17:33:16.997 DEBUG [org.apache.jasper.servlet.JspServlet@http-nio-8080-exec-2] PathInfo: null 
2022-05-17 17:33:16.999 DEBUG [org.apache.jasper.servlet.JspServlet@http-nio-8080-exec-2] RealPath: C:\Users\Joserrita\Desktop\UNI\TERCERO\SEGUNDO CUATRI\MVG\Workspace-22.0\Projects\Acme-Toolkits-E3.08\target\classes\WEB-INF\views\master\page.jsp 
2022-05-17 17:33:16.999 DEBUG [org.apache.jasper.servlet.JspServlet@http-nio-8080-exec-2] RequestURI: /acme-toolkits-e3.08-1.0/WEB-INF/views/master/page.jsp 
2022-05-17 17:33:16.999 DEBUG [org.apache.jasper.servlet.JspServlet@http-nio-8080-exec-2] QueryString: null 
2022-05-17 17:33:17.153 DEBUG [org.apache.jasper.servlet.JspServlet@http-nio-8080-exec-2] JspEngine --> /WEB-INF/views/patron/patronage/list.jsp 
2022-05-17 17:33:17.153 DEBUG [org.apache.jasper.servlet.JspServlet@http-nio-8080-exec-2] ServletPath: /WEB-INF/views/master/page.jsp 
2022-05-17 17:33:17.153 DEBUG [org.apache.jasper.servlet.JspServlet@http-nio-8080-exec-2] PathInfo: null 
2022-05-17 17:33:17.155 DEBUG [org.apache.jasper.servlet.JspServlet@http-nio-8080-exec-2] RealPath: C:\Users\Joserrita\Desktop\UNI\TERCERO\SEGUNDO CUATRI\MVG\Workspace-22.0\Projects\Acme-Toolkits-E3.08\target\classes\WEB-INF\views\patron\patronage\list.jsp 
2022-05-17 17:33:17.155 DEBUG [org.apache.jasper.servlet.JspServlet@http-nio-8080-exec-2] RequestURI: /acme-toolkits-e3.08-1.0/WEB-INF/views/master/page.jsp 
2022-05-17 17:33:17.155 DEBUG [org.apache.jasper.servlet.JspServlet@http-nio-8080-exec-2] QueryString: null 
2022-05-17 17:33:19.148 DEBUG [acme.framework.controllers.AbstractController@http-nio-8080-exec-1] DISPATCHING GET /acme-toolkits-e3.08-1.0/patron/patronage/show 
2022-05-17 17:33:19.148 DEBUG [acme.framework.controllers.AbstractController@http-nio-8080-exec-1] Command: show 
2022-05-17 17:33:19.148 DEBUG [acme.framework.controllers.AbstractController@http-nio-8080-exec-1] Model:   {id=27} 
2022-05-17 17:33:19.148 DEBUG [acme.framework.controllers.AbstractController@http-nio-8080-exec-1] Locale:  en 
2022-05-17 17:33:19.154 DEBUG [org.hibernate.SQL@http-nio-8080-exec-1] select patronage0_.id as id1_0_, patronage0_.version as version2_0_, patronage0_.budget_amount as budget_a1_11_, patronage0_.budget_currency as budget_c2_11_, patronage0_.code as code3_11_, patronage0_.creation_date as creation4_11_, patronage0_.deadline as deadline5_11_, patronage0_.info as info6_11_, patronage0_.inventor_id as invento11_11_, patronage0_.legal_stuff as legal_st7_11_, patronage0_.patron_id as patron_12_11_, patronage0_.published as publishe8_11_, patronage0_.start_date as start_da9_11_, patronage0_.status as status10_11_ from patronage patronage0_ where patronage0_.id=? 
2022-05-17 17:33:19.154 TRACE [org.hibernate.type.descriptor.sql.BasicBinder@http-nio-8080-exec-1] binding parameter [1] as [INTEGER] - [27] 
2022-05-17 17:33:19.156 DEBUG [org.hibernate.SQL@http-nio-8080-exec-1] select inventor0_.id as id1_0_0_, inventor0_.version as version2_0_0_, inventor0_.user_account_id as user_acc1_18_0_, inventor0_.company as company1_8_0_, inventor0_.info as info2_8_0_, inventor0_.statement as statemen3_8_0_, useraccoun1_.id as id1_0_1_, useraccoun1_.version as version2_0_1_, useraccoun1_.enabled as enabled1_17_1_, useraccoun1_.identity as identity2_17_1_, useraccoun1_.password as password3_17_1_, useraccoun1_.username as username4_17_1_ from inventor inventor0_ inner join user_account useraccoun1_ on inventor0_.user_account_id=useraccoun1_.id where inventor0_.id=? 
2022-05-17 17:33:19.156 TRACE [org.hibernate.type.descriptor.sql.BasicBinder@http-nio-8080-exec-1] binding parameter [1] as [INTEGER] - [21] 
2022-05-17 17:33:19.158 DEBUG [org.hibernate.SQL@http-nio-8080-exec-1] select patron0_.id as id1_0_0_, patron0_.version as version2_0_0_, patron0_.user_account_id as user_acc1_18_0_, patron0_.company as company1_10_0_, patron0_.info as info2_10_0_, patron0_.statement as statemen3_10_0_, useraccoun1_.id as id1_0_1_, useraccoun1_.version as version2_0_1_, useraccoun1_.enabled as enabled1_17_1_, useraccoun1_.identity as identity2_17_1_, useraccoun1_.password as password3_17_1_, useraccoun1_.username as username4_17_1_ from patron patron0_ inner join user_account useraccoun1_ on patron0_.user_account_id=useraccoun1_.id where patron0_.id=? 
2022-05-17 17:33:19.158 TRACE [org.hibernate.type.descriptor.sql.BasicBinder@http-nio-8080-exec-1] binding parameter [1] as [INTEGER] - [24] 
2022-05-17 17:33:19.172 DEBUG [org.hibernate.SQL@http-nio-8080-exec-1] select patronage0_.id as id1_0_, patronage0_.version as version2_0_, patronage0_.budget_amount as budget_a1_11_, patronage0_.budget_currency as budget_c2_11_, patronage0_.code as code3_11_, patronage0_.creation_date as creation4_11_, patronage0_.deadline as deadline5_11_, patronage0_.info as info6_11_, patronage0_.inventor_id as invento11_11_, patronage0_.legal_stuff as legal_st7_11_, patronage0_.patron_id as patron_12_11_, patronage0_.published as publishe8_11_, patronage0_.start_date as start_da9_11_, patronage0_.status as status10_11_ from patronage patronage0_ where patronage0_.id=? 
2022-05-17 17:33:19.172 TRACE [org.hibernate.type.descriptor.sql.BasicBinder@http-nio-8080-exec-1] binding parameter [1] as [INTEGER] - [27] 
2022-05-17 17:33:19.173 DEBUG [org.hibernate.SQL@http-nio-8080-exec-1] select inventor0_.id as id1_0_, inventor0_.version as version2_0_, inventor0_.user_account_id as user_acc1_18_, inventor0_.company as company1_8_, inventor0_.info as info2_8_, inventor0_.statement as statemen3_8_ from inventor inventor0_ 
2022-05-17 17:33:19.174 DEBUG [org.hibernate.SQL@http-nio-8080-exec-1] select useraccoun0_.id as id1_0_0_, useraccoun0_.version as version2_0_0_, useraccoun0_.enabled as enabled1_17_0_, useraccoun0_.identity as identity2_17_0_, useraccoun0_.password as password3_17_0_, useraccoun0_.username as username4_17_0_ from user_account useraccoun0_ where useraccoun0_.id=? 
2022-05-17 17:33:19.175 TRACE [org.hibernate.type.descriptor.sql.BasicBinder@http-nio-8080-exec-1] binding parameter [1] as [INTEGER] - [8] 
2022-05-17 17:33:19.176 DEBUG [org.hibernate.SQL@http-nio-8080-exec-1] select useraccoun0_.id as id1_0_0_, useraccoun0_.version as version2_0_0_, useraccoun0_.enabled as enabled1_17_0_, useraccoun0_.identity as identity2_17_0_, useraccoun0_.password as password3_17_0_, useraccoun0_.username as username4_17_0_ from user_account useraccoun0_ where useraccoun0_.id=? 
2022-05-17 17:33:19.176 TRACE [org.hibernate.type.descriptor.sql.BasicBinder@http-nio-8080-exec-1] binding parameter [1] as [INTEGER] - [9] 
2022-05-17 17:33:19.180 DEBUG [acme.framework.controllers.AbstractController@http-nio-8080-exec-1] SERVING GET /acme-toolkits-e3.08-1.0/patron/patronage/show 
2022-05-17 17:33:19.181 DEBUG [acme.framework.controllers.AbstractController@http-nio-8080-exec-1] Result: ModelAndView [view="patron/patronage/form"; model={patron=patron2, code=XDP-121-E, inventors=[UserRole(userAccount=UserAccount(username=inventor2)), UserRole(userAccount=UserAccount(username=inventor1))], published=false, confirmation=false, creationDate=2022-03-15 10:00:00.0, version=7, inventor=inventor2, id=27, deadline=2022-11-01 20:30:00.0, startDate=2022-04-01 10:30:00.0, status=PROPOSED, legalStuff=No tiene trminos legales, budget=<<EUR 47765.00>>, info=https://www.google.es/, command=show, principal=acme.framework.entities.Principal@6ef87fbd}] 
2022-05-17 17:33:19.181 DEBUG [acme.framework.components.tiles.DynamicTilesView@http-nio-8080-exec-1] View name 'patron/patronage/form', model {patron=patron2, code=XDP-121-E, inventors=[UserRole(userAccount=UserAccount(username=inventor2)), UserRole(userAccount=UserAccount(username=inventor1))], published=false, confirmation=false, creationDate=2022-03-15 10:00:00.0, version=7, inventor=inventor2, id=27, deadline=2022-11-01 20:30:00.0, startDate=2022-04-01 10:30:00.0, status=PROPOSED, legalStuff=No tiene trminos legales, budget=<<EUR 47765.00>>, info=https://www.google.es/, command=show, principal=acme.framework.entities.Principal@6ef87fbd, org.springframework.validation.BindingResult.budget=org.springframework.validation.BeanPropertyBindingResult: 0 errors, org.springframework.validation.BindingResult.principal=org.springframework.validation.BeanPropertyBindingResult: 0 errors} 
2022-05-17 17:33:19.182 DEBUG [org.apache.jasper.servlet.JspServlet@http-nio-8080-exec-1] JspEngine --> /WEB-INF/views/master/page.jsp 
2022-05-17 17:33:19.182 DEBUG [org.apache.jasper.servlet.JspServlet@http-nio-8080-exec-1] ServletPath: /WEB-INF/views/master/page.jsp 
2022-05-17 17:33:19.182 DEBUG [org.apache.jasper.servlet.JspServlet@http-nio-8080-exec-1] PathInfo: null 
2022-05-17 17:33:19.183 DEBUG [org.apache.jasper.servlet.JspServlet@http-nio-8080-exec-1] RealPath: C:\Users\Joserrita\Desktop\UNI\TERCERO\SEGUNDO CUATRI\MVG\Workspace-22.0\Projects\Acme-Toolkits-E3.08\target\classes\WEB-INF\views\master\page.jsp 
2022-05-17 17:33:19.184 DEBUG [org.apache.jasper.servlet.JspServlet@http-nio-8080-exec-1] RequestURI: /acme-toolkits-e3.08-1.0/WEB-INF/views/master/page.jsp 
2022-05-17 17:33:19.184 DEBUG [org.apache.jasper.servlet.JspServlet@http-nio-8080-exec-1] QueryString: id=27 
2022-05-17 17:33:19.316 DEBUG [org.apache.jasper.servlet.JspServlet@http-nio-8080-exec-1] JspEngine --> /WEB-INF/views/patron/patronage/form.jsp 
2022-05-17 17:33:19.317 DEBUG [org.apache.jasper.servlet.JspServlet@http-nio-8080-exec-1] ServletPath: /WEB-INF/views/master/page.jsp 
2022-05-17 17:33:19.317 DEBUG [org.apache.jasper.servlet.JspServlet@http-nio-8080-exec-1] PathInfo: null 
2022-05-17 17:33:19.319 DEBUG [org.apache.jasper.servlet.JspServlet@http-nio-8080-exec-1] RealPath: C:\Users\Joserrita\Desktop\UNI\TERCERO\SEGUNDO CUATRI\MVG\Workspace-22.0\Projects\Acme-Toolkits-E3.08\target\classes\WEB-INF\views\patron\patronage\form.jsp 
2022-05-17 17:33:19.320 DEBUG [org.apache.jasper.servlet.JspServlet@http-nio-8080-exec-1] RequestURI: /acme-toolkits-e3.08-1.0/WEB-INF/views/master/page.jsp 
2022-05-17 17:33:19.320 DEBUG [org.apache.jasper.servlet.JspServlet@http-nio-8080-exec-1] QueryString: id=27 
2022-05-17 17:33:23.785 DEBUG [acme.framework.controllers.AbstractController@http-nio-8080-exec-10] DISPATCHING POST /acme-toolkits-e3.08-1.0/patron/patronage/update 
2022-05-17 17:33:23.785 DEBUG [acme.framework.controllers.AbstractController@http-nio-8080-exec-10] Command: update 
2022-05-17 17:33:23.785 DEBUG [acme.framework.controllers.AbstractController@http-nio-8080-exec-10] Model:   {id=27, version=7, _csrf=bd5cb37c-bf48-457a-8e73-b8d84c21be5f, status=PROPOSED, code=XDP-121-E, legalStuff=No tiene trminos legales, budget=EUR 47,765.00, creationDate=2022/03/15 10:00, startDate=2022/04/01 10:30, deadline=2022/11/01 20:30, info=https://www.google.es/, patron=patron2, inventor=UserRole(userAccount=UserAccount(username=inventor1))} 
2022-05-17 17:33:23.785 DEBUG [acme.framework.controllers.AbstractController@http-nio-8080-exec-10] Locale:  en 
2022-05-17 17:33:23.790 DEBUG [org.hibernate.SQL@http-nio-8080-exec-10] select patronage0_.id as id1_0_, patronage0_.version as version2_0_, patronage0_.budget_amount as budget_a1_11_, patronage0_.budget_currency as budget_c2_11_, patronage0_.code as code3_11_, patronage0_.creation_date as creation4_11_, patronage0_.deadline as deadline5_11_, patronage0_.info as info6_11_, patronage0_.inventor_id as invento11_11_, patronage0_.legal_stuff as legal_st7_11_, patronage0_.patron_id as patron_12_11_, patronage0_.published as publishe8_11_, patronage0_.start_date as start_da9_11_, patronage0_.status as status10_11_ from patronage patronage0_ where patronage0_.id=? 
2022-05-17 17:33:23.791 TRACE [org.hibernate.type.descriptor.sql.BasicBinder@http-nio-8080-exec-10] binding parameter [1] as [INTEGER] - [27] 
2022-05-17 17:33:23.791 DEBUG [org.hibernate.SQL@http-nio-8080-exec-10] select inventor0_.id as id1_0_0_, inventor0_.version as version2_0_0_, inventor0_.user_account_id as user_acc1_18_0_, inventor0_.company as company1_8_0_, inventor0_.info as info2_8_0_, inventor0_.statement as statemen3_8_0_, useraccoun1_.id as id1_0_1_, useraccoun1_.version as version2_0_1_, useraccoun1_.enabled as enabled1_17_1_, useraccoun1_.identity as identity2_17_1_, useraccoun1_.password as password3_17_1_, useraccoun1_.username as username4_17_1_ from inventor inventor0_ inner join user_account useraccoun1_ on inventor0_.user_account_id=useraccoun1_.id where inventor0_.id=? 
2022-05-17 17:33:23.792 TRACE [org.hibernate.type.descriptor.sql.BasicBinder@http-nio-8080-exec-10] binding parameter [1] as [INTEGER] - [21] 
2022-05-17 17:33:23.794 DEBUG [org.hibernate.SQL@http-nio-8080-exec-10] select patron0_.id as id1_0_0_, patron0_.version as version2_0_0_, patron0_.user_account_id as user_acc1_18_0_, patron0_.company as company1_10_0_, patron0_.info as info2_10_0_, patron0_.statement as statemen3_10_0_, useraccoun1_.id as id1_0_1_, useraccoun1_.version as version2_0_1_, useraccoun1_.enabled as enabled1_17_1_, useraccoun1_.identity as identity2_17_1_, useraccoun1_.password as password3_17_1_, useraccoun1_.username as username4_17_1_ from patron patron0_ inner join user_account useraccoun1_ on patron0_.user_account_id=useraccoun1_.id where patron0_.id=? 
2022-05-17 17:33:23.794 TRACE [org.hibernate.type.descriptor.sql.BasicBinder@http-nio-8080-exec-10] binding parameter [1] as [INTEGER] - [24] 
2022-05-17 17:33:23.796 DEBUG [org.hibernate.SQL@http-nio-8080-exec-10] select patronage0_.id as id1_0_, patronage0_.version as version2_0_, patronage0_.budget_amount as budget_a1_11_, patronage0_.budget_currency as budget_c2_11_, patronage0_.code as code3_11_, patronage0_.creation_date as creation4_11_, patronage0_.deadline as deadline5_11_, patronage0_.info as info6_11_, patronage0_.inventor_id as invento11_11_, patronage0_.legal_stuff as legal_st7_11_, patronage0_.patron_id as patron_12_11_, patronage0_.published as publishe8_11_, patronage0_.start_date as start_da9_11_, patronage0_.status as status10_11_ from patronage patronage0_ where patronage0_.id=? 
2022-05-17 17:33:23.796 TRACE [org.hibernate.type.descriptor.sql.BasicBinder@http-nio-8080-exec-10] binding parameter [1] as [INTEGER] - [27] 
2022-05-17 17:33:23.887 DEBUG [org.hibernate.SQL@http-nio-8080-exec-10] select patronage0_.id as id1_0_, patronage0_.version as version2_0_, patronage0_.budget_amount as budget_a1_11_, patronage0_.budget_currency as budget_c2_11_, patronage0_.code as code3_11_, patronage0_.creation_date as creation4_11_, patronage0_.deadline as deadline5_11_, patronage0_.info as info6_11_, patronage0_.inventor_id as invento11_11_, patronage0_.legal_stuff as legal_st7_11_, patronage0_.patron_id as patron_12_11_, patronage0_.published as publishe8_11_, patronage0_.start_date as start_da9_11_, patronage0_.status as status10_11_ from patronage patronage0_ where patronage0_.code=? 
2022-05-17 17:33:23.888 TRACE [org.hibernate.type.descriptor.sql.BasicBinder@http-nio-8080-exec-10] binding parameter [1] as [VARCHAR] - [XDP-121-E] 
2022-05-17 17:33:23.889 DEBUG [org.hibernate.SQL@http-nio-8080-exec-10] select inventor0_.id as id1_0_0_, inventor0_.version as version2_0_0_, inventor0_.user_account_id as user_acc1_18_0_, inventor0_.company as company1_8_0_, inventor0_.info as info2_8_0_, inventor0_.statement as statemen3_8_0_, useraccoun1_.id as id1_0_1_, useraccoun1_.version as version2_0_1_, useraccoun1_.enabled as enabled1_17_1_, useraccoun1_.identity as identity2_17_1_, useraccoun1_.password as password3_17_1_, useraccoun1_.username as username4_17_1_ from inventor inventor0_ inner join user_account useraccoun1_ on inventor0_.user_account_id=useraccoun1_.id where inventor0_.id=? 
2022-05-17 17:33:23.890 TRACE [org.hibernate.type.descriptor.sql.BasicBinder@http-nio-8080-exec-10] binding parameter [1] as [INTEGER] - [21] 
2022-05-17 17:33:23.891 DEBUG [org.hibernate.SQL@http-nio-8080-exec-10] select patron0_.id as id1_0_0_, patron0_.version as version2_0_0_, patron0_.user_account_id as user_acc1_18_0_, patron0_.company as company1_10_0_, patron0_.info as info2_10_0_, patron0_.statement as statemen3_10_0_, useraccoun1_.id as id1_0_1_, useraccoun1_.version as version2_0_1_, useraccoun1_.enabled as enabled1_17_1_, useraccoun1_.identity as identity2_17_1_, useraccoun1_.password as password3_17_1_, useraccoun1_.username as username4_17_1_ from patron patron0_ inner join user_account useraccoun1_ on patron0_.user_account_id=useraccoun1_.id where patron0_.id=? 
2022-05-17 17:33:23.892 TRACE [org.hibernate.type.descriptor.sql.BasicBinder@http-nio-8080-exec-10] binding parameter [1] as [INTEGER] - [24] 
2022-05-17 17:33:23.894 DEBUG [org.hibernate.SQL@http-nio-8080-exec-10] select inventor0_.id as id1_0_, inventor0_.version as version2_0_, inventor0_.user_account_id as user_acc1_18_, inventor0_.company as company1_8_, inventor0_.info as info2_8_, inventor0_.statement as statemen3_8_ from inventor inventor0_ 
2022-05-17 17:33:23.896 DEBUG [org.hibernate.SQL@http-nio-8080-exec-10] select useraccoun0_.id as id1_0_0_, useraccoun0_.version as version2_0_0_, useraccoun0_.enabled as enabled1_17_0_, useraccoun0_.identity as identity2_17_0_, useraccoun0_.password as password3_17_0_, useraccoun0_.username as username4_17_0_ from user_account useraccoun0_ where useraccoun0_.id=? 
2022-05-17 17:33:23.896 TRACE [org.hibernate.type.descriptor.sql.BasicBinder@http-nio-8080-exec-10] binding parameter [1] as [INTEGER] - [9] 
2022-05-17 17:33:23.900 DEBUG [acme.framework.controllers.AbstractController@http-nio-8080-exec-10] SERVING POST /acme-toolkits-e3.08-1.0/patron/patronage/update 
2022-05-17 17:33:23.900 DEBUG [acme.framework.controllers.AbstractController@http-nio-8080-exec-10] Result: ModelAndView [view="patron/patronage/form"; model={patron=patron2, code=XDP-121-E, inventors=[UserRole(userAccount=UserAccount(username=inventor2)), UserRole(userAccount=UserAccount(username=inventor1))], published=false, creationDate=Tue Mar 15 10:00:00 CET 2022, version=7, inventor=UserRole(userAccount=UserAccount(username=inventor1)), id=27, deadline=Tue Nov 01 20:30:00 CET 2022, startDate=Fri Apr 01 10:30:00 CEST 2022, status=PROPOSED, legalStuff=No tiene trminos legales, budget=<<EUR 47765.00>>, info=https://www.google.es/, inventor$error=Invalid value., command=update, principal=acme.framework.entities.Principal@6ef87fbd}] 
2022-05-17 17:33:23.901 DEBUG [acme.framework.components.tiles.DynamicTilesView@http-nio-8080-exec-10] View name 'patron/patronage/form', model {patron=patron2, code=XDP-121-E, inventors=[UserRole(userAccount=UserAccount(username=inventor2)), UserRole(userAccount=UserAccount(username=inventor1))], published=false, creationDate=Tue Mar 15 10:00:00 CET 2022, version=7, inventor=UserRole(userAccount=UserAccount(username=inventor1)), id=27, deadline=Tue Nov 01 20:30:00 CET 2022, startDate=Fri Apr 01 10:30:00 CEST 2022, status=PROPOSED, legalStuff=No tiene trminos legales, budget=<<EUR 47765.00>>, info=https://www.google.es/, inventor$error=Invalid value., command=update, principal=acme.framework.entities.Principal@6ef87fbd, org.springframework.validation.BindingResult.budget=org.springframework.validation.BeanPropertyBindingResult: 0 errors, org.springframework.validation.BindingResult.principal=org.springframework.validation.BeanPropertyBindingResult: 0 errors} 
2022-05-17 17:33:23.902 DEBUG [org.apache.jasper.servlet.JspServlet@http-nio-8080-exec-10] JspEngine --> /WEB-INF/views/master/page.jsp 
2022-05-17 17:33:23.902 DEBUG [org.apache.jasper.servlet.JspServlet@http-nio-8080-exec-10] ServletPath: /WEB-INF/views/master/page.jsp 
2022-05-17 17:33:23.903 DEBUG [org.apache.jasper.servlet.JspServlet@http-nio-8080-exec-10] PathInfo: null 
2022-05-17 17:33:23.904 DEBUG [org.apache.jasper.servlet.JspServlet@http-nio-8080-exec-10] RealPath: C:\Users\Joserrita\Desktop\UNI\TERCERO\SEGUNDO CUATRI\MVG\Workspace-22.0\Projects\Acme-Toolkits-E3.08\target\classes\WEB-INF\views\master\page.jsp 
2022-05-17 17:33:23.904 DEBUG [org.apache.jasper.servlet.JspServlet@http-nio-8080-exec-10] RequestURI: /acme-toolkits-e3.08-1.0/WEB-INF/views/master/page.jsp 
2022-05-17 17:33:23.904 DEBUG [org.apache.jasper.servlet.JspServlet@http-nio-8080-exec-10] QueryString: id=27 
2022-05-17 17:33:24.063 DEBUG [org.apache.jasper.servlet.JspServlet@http-nio-8080-exec-10] JspEngine --> /WEB-INF/views/patron/patronage/form.jsp 
2022-05-17 17:33:24.063 DEBUG [org.apache.jasper.servlet.JspServlet@http-nio-8080-exec-10] ServletPath: /WEB-INF/views/master/page.jsp 
2022-05-17 17:33:24.064 DEBUG [org.apache.jasper.servlet.JspServlet@http-nio-8080-exec-10] PathInfo: null 
2022-05-17 17:33:24.064 DEBUG [org.apache.jasper.servlet.JspServlet@http-nio-8080-exec-10] RealPath: C:\Users\Joserrita\Desktop\UNI\TERCERO\SEGUNDO CUATRI\MVG\Workspace-22.0\Projects\Acme-Toolkits-E3.08\target\classes\WEB-INF\views\patron\patronage\form.jsp 
2022-05-17 17:33:24.065 DEBUG [org.apache.jasper.servlet.JspServlet@http-nio-8080-exec-10] RequestURI: /acme-toolkits-e3.08-1.0/WEB-INF/views/master/page.jsp 
2022-05-17 17:33:24.065 DEBUG [org.apache.jasper.servlet.JspServlet@http-nio-8080-exec-10] QueryString: id=27 
2022-05-17 17:36:16.975 DEBUG [acme.framework.controllers.AbstractController@http-nio-8080-exec-8] DISPATCHING GET /acme-toolkits-e3.08-1.0/patron/patronage/list 
2022-05-17 17:36:16.976 DEBUG [acme.framework.controllers.AbstractController@http-nio-8080-exec-8] Command: list 
2022-05-17 17:36:16.976 DEBUG [acme.framework.controllers.AbstractController@http-nio-8080-exec-8] Model:   {} 
2022-05-17 17:36:16.976 DEBUG [acme.framework.controllers.AbstractController@http-nio-8080-exec-8] Locale:  en 
2022-05-17 17:36:17.142 DEBUG [org.hibernate.SQL@http-nio-8080-exec-8] select patronage0_.id as id1_0_, patronage0_.version as version2_0_, patronage0_.budget_amount as budget_a1_11_, patronage0_.budget_currency as budget_c2_11_, patronage0_.code as code3_11_, patronage0_.creation_date as creation4_11_, patronage0_.deadline as deadline5_11_, patronage0_.info as info6_11_, patronage0_.inventor_id as invento11_11_, patronage0_.legal_stuff as legal_st7_11_, patronage0_.patron_id as patron_12_11_, patronage0_.published as publishe8_11_, patronage0_.start_date as start_da9_11_, patronage0_.status as status10_11_ from patronage patronage0_ where patronage0_.patron_id=? 
2022-05-17 17:36:17.143 TRACE [org.hibernate.type.descriptor.sql.BasicBinder@http-nio-8080-exec-8] binding parameter [1] as [INTEGER] - [24] 
2022-05-17 17:36:17.145 DEBUG [org.hibernate.SQL@http-nio-8080-exec-8] select inventor0_.id as id1_0_0_, inventor0_.version as version2_0_0_, inventor0_.user_account_id as user_acc1_18_0_, inventor0_.company as company1_8_0_, inventor0_.info as info2_8_0_, inventor0_.statement as statemen3_8_0_, useraccoun1_.id as id1_0_1_, useraccoun1_.version as version2_0_1_, useraccoun1_.enabled as enabled1_17_1_, useraccoun1_.identity as identity2_17_1_, useraccoun1_.password as password3_17_1_, useraccoun1_.username as username4_17_1_ from inventor inventor0_ inner join user_account useraccoun1_ on inventor0_.user_account_id=useraccoun1_.id where inventor0_.id=? 
2022-05-17 17:36:17.145 TRACE [org.hibernate.type.descriptor.sql.BasicBinder@http-nio-8080-exec-8] binding parameter [1] as [INTEGER] - [21] 
2022-05-17 17:36:17.148 DEBUG [org.hibernate.SQL@http-nio-8080-exec-8] select patron0_.id as id1_0_0_, patron0_.version as version2_0_0_, patron0_.user_account_id as user_acc1_18_0_, patron0_.company as company1_10_0_, patron0_.info as info2_10_0_, patron0_.statement as statemen3_10_0_, useraccoun1_.id as id1_0_1_, useraccoun1_.version as version2_0_1_, useraccoun1_.enabled as enabled1_17_1_, useraccoun1_.identity as identity2_17_1_, useraccoun1_.password as password3_17_1_, useraccoun1_.username as username4_17_1_ from patron patron0_ inner join user_account useraccoun1_ on patron0_.user_account_id=useraccoun1_.id where patron0_.id=? 
2022-05-17 17:36:17.148 TRACE [org.hibernate.type.descriptor.sql.BasicBinder@http-nio-8080-exec-8] binding parameter [1] as [INTEGER] - [24] 
2022-05-17 17:36:17.154 DEBUG [acme.framework.controllers.AbstractController@http-nio-8080-exec-8] SERVING GET /acme-toolkits-e3.08-1.0/patron/patronage/list 
2022-05-17 17:36:17.155 DEBUG [acme.framework.controllers.AbstractController@http-nio-8080-exec-8] Result: ModelAndView [view="patron/patronage/list"; model={budget[0]=<<EUR 47765.00>>, published[0]=false, creationDate[0]=2022-03-15 10:00:00.0, code[0]=XDP-121-E, version[0]=7, id[0]=27, status[0]=PROPOSED, list$size=1, command=list, principal=acme.framework.entities.Principal@6ef87fbd}] 
2022-05-17 17:36:17.155 DEBUG [acme.framework.components.tiles.DynamicTilesView@http-nio-8080-exec-8] View name 'patron/patronage/list', model {budget[0]=<<EUR 47765.00>>, published[0]=false, creationDate[0]=2022-03-15 10:00:00.0, code[0]=XDP-121-E, version[0]=7, id[0]=27, status[0]=PROPOSED, list$size=1, command=list, principal=acme.framework.entities.Principal@6ef87fbd, org.springframework.validation.BindingResult.budget[0]=org.springframework.validation.BeanPropertyBindingResult: 0 errors, org.springframework.validation.BindingResult.principal=org.springframework.validation.BeanPropertyBindingResult: 0 errors} 
2022-05-17 17:36:17.156 DEBUG [org.apache.jasper.servlet.JspServlet@http-nio-8080-exec-8] JspEngine --> /WEB-INF/views/master/page.jsp 
2022-05-17 17:36:17.156 DEBUG [org.apache.jasper.servlet.JspServlet@http-nio-8080-exec-8] ServletPath: /WEB-INF/views/master/page.jsp 
2022-05-17 17:36:17.157 DEBUG [org.apache.jasper.servlet.JspServlet@http-nio-8080-exec-8] PathInfo: null 
2022-05-17 17:36:17.158 DEBUG [org.apache.jasper.servlet.JspServlet@http-nio-8080-exec-8] RealPath: C:\Users\Joserrita\Desktop\UNI\TERCERO\SEGUNDO CUATRI\MVG\Workspace-22.0\Projects\Acme-Toolkits-E3.08\target\classes\WEB-INF\views\master\page.jsp 
2022-05-17 17:36:17.158 DEBUG [org.apache.jasper.servlet.JspServlet@http-nio-8080-exec-8] RequestURI: /acme-toolkits-e3.08-1.0/WEB-INF/views/master/page.jsp 
2022-05-17 17:36:17.159 DEBUG [org.apache.jasper.servlet.JspServlet@http-nio-8080-exec-8] QueryString: null 
2022-05-17 17:36:17.302 DEBUG [org.apache.jasper.servlet.JspServlet@http-nio-8080-exec-8] JspEngine --> /WEB-INF/views/patron/patronage/list.jsp 
2022-05-17 17:36:17.302 DEBUG [org.apache.jasper.servlet.JspServlet@http-nio-8080-exec-8] ServletPath: /WEB-INF/views/master/page.jsp 
2022-05-17 17:36:17.303 DEBUG [org.apache.jasper.servlet.JspServlet@http-nio-8080-exec-8] PathInfo: null 
2022-05-17 17:36:17.304 DEBUG [org.apache.jasper.servlet.JspServlet@http-nio-8080-exec-8] RealPath: C:\Users\Joserrita\Desktop\UNI\TERCERO\SEGUNDO CUATRI\MVG\Workspace-22.0\Projects\Acme-Toolkits-E3.08\target\classes\WEB-INF\views\patron\patronage\list.jsp 
2022-05-17 17:36:17.304 DEBUG [org.apache.jasper.servlet.JspServlet@http-nio-8080-exec-8] RequestURI: /acme-toolkits-e3.08-1.0/WEB-INF/views/master/page.jsp 
2022-05-17 17:36:17.304 DEBUG [org.apache.jasper.servlet.JspServlet@http-nio-8080-exec-8] QueryString: null 
2022-05-17 17:36:18.357 DEBUG [acme.framework.controllers.AbstractController@http-nio-8080-exec-2] DISPATCHING GET /acme-toolkits-e3.08-1.0/patron/patronage/show 
2022-05-17 17:36:18.357 DEBUG [acme.framework.controllers.AbstractController@http-nio-8080-exec-2] Command: show 
2022-05-17 17:36:18.357 DEBUG [acme.framework.controllers.AbstractController@http-nio-8080-exec-2] Model:   {id=27} 
2022-05-17 17:36:18.357 DEBUG [acme.framework.controllers.AbstractController@http-nio-8080-exec-2] Locale:  en 
2022-05-17 17:36:18.358 DEBUG [org.hibernate.SQL@http-nio-8080-exec-2] select patronage0_.id as id1_0_, patronage0_.version as version2_0_, patronage0_.budget_amount as budget_a1_11_, patronage0_.budget_currency as budget_c2_11_, patronage0_.code as code3_11_, patronage0_.creation_date as creation4_11_, patronage0_.deadline as deadline5_11_, patronage0_.info as info6_11_, patronage0_.inventor_id as invento11_11_, patronage0_.legal_stuff as legal_st7_11_, patronage0_.patron_id as patron_12_11_, patronage0_.published as publishe8_11_, patronage0_.start_date as start_da9_11_, patronage0_.status as status10_11_ from patronage patronage0_ where patronage0_.id=? 
2022-05-17 17:36:18.359 TRACE [org.hibernate.type.descriptor.sql.BasicBinder@http-nio-8080-exec-2] binding parameter [1] as [INTEGER] - [27] 
2022-05-17 17:36:18.361 DEBUG [org.hibernate.SQL@http-nio-8080-exec-2] select inventor0_.id as id1_0_0_, inventor0_.version as version2_0_0_, inventor0_.user_account_id as user_acc1_18_0_, inventor0_.company as company1_8_0_, inventor0_.info as info2_8_0_, inventor0_.statement as statemen3_8_0_, useraccoun1_.id as id1_0_1_, useraccoun1_.version as version2_0_1_, useraccoun1_.enabled as enabled1_17_1_, useraccoun1_.identity as identity2_17_1_, useraccoun1_.password as password3_17_1_, useraccoun1_.username as username4_17_1_ from inventor inventor0_ inner join user_account useraccoun1_ on inventor0_.user_account_id=useraccoun1_.id where inventor0_.id=? 
2022-05-17 17:36:18.361 TRACE [org.hibernate.type.descriptor.sql.BasicBinder@http-nio-8080-exec-2] binding parameter [1] as [INTEGER] - [21] 
2022-05-17 17:36:18.363 DEBUG [org.hibernate.SQL@http-nio-8080-exec-2] select patron0_.id as id1_0_0_, patron0_.version as version2_0_0_, patron0_.user_account_id as user_acc1_18_0_, patron0_.company as company1_10_0_, patron0_.info as info2_10_0_, patron0_.statement as statemen3_10_0_, useraccoun1_.id as id1_0_1_, useraccoun1_.version as version2_0_1_, useraccoun1_.enabled as enabled1_17_1_, useraccoun1_.identity as identity2_17_1_, useraccoun1_.password as password3_17_1_, useraccoun1_.username as username4_17_1_ from patron patron0_ inner join user_account useraccoun1_ on patron0_.user_account_id=useraccoun1_.id where patron0_.id=? 
2022-05-17 17:36:18.363 TRACE [org.hibernate.type.descriptor.sql.BasicBinder@http-nio-8080-exec-2] binding parameter [1] as [INTEGER] - [24] 
2022-05-17 17:36:18.366 DEBUG [org.hibernate.SQL@http-nio-8080-exec-2] select patronage0_.id as id1_0_, patronage0_.version as version2_0_, patronage0_.budget_amount as budget_a1_11_, patronage0_.budget_currency as budget_c2_11_, patronage0_.code as code3_11_, patronage0_.creation_date as creation4_11_, patronage0_.deadline as deadline5_11_, patronage0_.info as info6_11_, patronage0_.inventor_id as invento11_11_, patronage0_.legal_stuff as legal_st7_11_, patronage0_.patron_id as patron_12_11_, patronage0_.published as publishe8_11_, patronage0_.start_date as start_da9_11_, patronage0_.status as status10_11_ from patronage patronage0_ where patronage0_.id=? 
2022-05-17 17:36:18.367 TRACE [org.hibernate.type.descriptor.sql.BasicBinder@http-nio-8080-exec-2] binding parameter [1] as [INTEGER] - [27] 
2022-05-17 17:36:18.368 DEBUG [org.hibernate.SQL@http-nio-8080-exec-2] select inventor0_.id as id1_0_, inventor0_.version as version2_0_, inventor0_.user_account_id as user_acc1_18_, inventor0_.company as company1_8_, inventor0_.info as info2_8_, inventor0_.statement as statemen3_8_ from inventor inventor0_ 
2022-05-17 17:36:18.368 DEBUG [org.hibernate.SQL@http-nio-8080-exec-2] select useraccoun0_.id as id1_0_0_, useraccoun0_.version as version2_0_0_, useraccoun0_.enabled as enabled1_17_0_, useraccoun0_.identity as identity2_17_0_, useraccoun0_.password as password3_17_0_, useraccoun0_.username as username4_17_0_ from user_account useraccoun0_ where useraccoun0_.id=? 
2022-05-17 17:36:18.369 TRACE [org.hibernate.type.descriptor.sql.BasicBinder@http-nio-8080-exec-2] binding parameter [1] as [INTEGER] - [8] 
2022-05-17 17:36:18.370 DEBUG [org.hibernate.SQL@http-nio-8080-exec-2] select useraccoun0_.id as id1_0_0_, useraccoun0_.version as version2_0_0_, useraccoun0_.enabled as enabled1_17_0_, useraccoun0_.identity as identity2_17_0_, useraccoun0_.password as password3_17_0_, useraccoun0_.username as username4_17_0_ from user_account useraccoun0_ where useraccoun0_.id=? 
2022-05-17 17:36:18.370 TRACE [org.hibernate.type.descriptor.sql.BasicBinder@http-nio-8080-exec-2] binding parameter [1] as [INTEGER] - [9] 
2022-05-17 17:36:18.373 DEBUG [acme.framework.controllers.AbstractController@http-nio-8080-exec-2] SERVING GET /acme-toolkits-e3.08-1.0/patron/patronage/show 
2022-05-17 17:36:18.373 DEBUG [acme.framework.controllers.AbstractController@http-nio-8080-exec-2] Result: ModelAndView [view="patron/patronage/form"; model={patron=patron2, code=XDP-121-E, inventors=[UserRole(userAccount=UserAccount(username=inventor2)), UserRole(userAccount=UserAccount(username=inventor1))], published=false, confirmation=false, creationDate=2022-03-15 10:00:00.0, version=7, inventor=inventor2, id=27, deadline=2022-11-01 20:30:00.0, startDate=2022-04-01 10:30:00.0, status=PROPOSED, legalStuff=No tiene trminos legales, budget=<<EUR 47765.00>>, info=https://www.google.es/, command=show, principal=acme.framework.entities.Principal@6ef87fbd}] 
2022-05-17 17:36:18.374 DEBUG [acme.framework.components.tiles.DynamicTilesView@http-nio-8080-exec-2] View name 'patron/patronage/form', model {patron=patron2, code=XDP-121-E, inventors=[UserRole(userAccount=UserAccount(username=inventor2)), UserRole(userAccount=UserAccount(username=inventor1))], published=false, confirmation=false, creationDate=2022-03-15 10:00:00.0, version=7, inventor=inventor2, id=27, deadline=2022-11-01 20:30:00.0, startDate=2022-04-01 10:30:00.0, status=PROPOSED, legalStuff=No tiene trminos legales, budget=<<EUR 47765.00>>, info=https://www.google.es/, command=show, principal=acme.framework.entities.Principal@6ef87fbd, org.springframework.validation.BindingResult.budget=org.springframework.validation.BeanPropertyBindingResult: 0 errors, org.springframework.validation.BindingResult.principal=org.springframework.validation.BeanPropertyBindingResult: 0 errors} 
2022-05-17 17:36:18.374 DEBUG [org.apache.jasper.servlet.JspServlet@http-nio-8080-exec-2] JspEngine --> /WEB-INF/views/master/page.jsp 
2022-05-17 17:36:18.375 DEBUG [org.apache.jasper.servlet.JspServlet@http-nio-8080-exec-2] ServletPath: /WEB-INF/views/master/page.jsp 
2022-05-17 17:36:18.375 DEBUG [org.apache.jasper.servlet.JspServlet@http-nio-8080-exec-2] PathInfo: null 
2022-05-17 17:36:18.375 DEBUG [org.apache.jasper.servlet.JspServlet@http-nio-8080-exec-2] RealPath: C:\Users\Joserrita\Desktop\UNI\TERCERO\SEGUNDO CUATRI\MVG\Workspace-22.0\Projects\Acme-Toolkits-E3.08\target\classes\WEB-INF\views\master\page.jsp 
2022-05-17 17:36:18.375 DEBUG [org.apache.jasper.servlet.JspServlet@http-nio-8080-exec-2] RequestURI: /acme-toolkits-e3.08-1.0/WEB-INF/views/master/page.jsp 
2022-05-17 17:36:18.375 DEBUG [org.apache.jasper.servlet.JspServlet@http-nio-8080-exec-2] QueryString: id=27 
2022-05-17 17:36:18.499 DEBUG [org.apache.jasper.servlet.JspServlet@http-nio-8080-exec-2] JspEngine --> /WEB-INF/views/patron/patronage/form.jsp 
2022-05-17 17:36:18.499 DEBUG [org.apache.jasper.servlet.JspServlet@http-nio-8080-exec-2] ServletPath: /WEB-INF/views/master/page.jsp 
2022-05-17 17:36:18.499 DEBUG [org.apache.jasper.servlet.JspServlet@http-nio-8080-exec-2] PathInfo: null 
2022-05-17 17:36:18.500 DEBUG [org.apache.jasper.servlet.JspServlet@http-nio-8080-exec-2] RealPath: C:\Users\Joserrita\Desktop\UNI\TERCERO\SEGUNDO CUATRI\MVG\Workspace-22.0\Projects\Acme-Toolkits-E3.08\target\classes\WEB-INF\views\patron\patronage\form.jsp 
2022-05-17 17:36:18.500 DEBUG [org.apache.jasper.servlet.JspServlet@http-nio-8080-exec-2] RequestURI: /acme-toolkits-e3.08-1.0/WEB-INF/views/master/page.jsp 
2022-05-17 17:36:18.501 DEBUG [org.apache.jasper.servlet.JspServlet@http-nio-8080-exec-2] QueryString: id=27 
