2022-05-30 02:09:46.244 INFO  [acme.Launcher@main] Starting Launcher using Java 1.8.0_281 on DESKTOP-B7M6F9V with PID 8736 (P:\Workspace-22.0\Frameworks\Acme-Framework-22.7\target\classes started by pabli in P:\Workspace-22.0\Projects\Acme-Toolkits-E3.08) 
2022-05-30 02:09:46.245 DEBUG [acme.Launcher@main] Running with Spring Boot v2.4.2, Spring v5.3.3 
2022-05-30 02:09:46.246 INFO  [acme.Launcher@main] The following profiles are active: development,default 
2022-05-30 02:09:48.864 DEBUG [org.apache.jasper.servlet.JasperInitializer@main] Initializing Jasper for context [application] 
2022-05-30 02:09:53.812 DEBUG [org.apache.jasper.servlet.JspServlet@main] Scratch dir for the JSP engine is: [C:\Users\pabli\AppData\Local\Temp\tomcat.8080.4393590697375531059\work\Tomcat\localhost\acme-toolkits-e3.08-1.0] 
2022-05-30 02:09:53.813 DEBUG [org.apache.jasper.servlet.JspServlet@main] IMPORTANT: Do not modify the generated servlets 
2022-05-30 02:09:53.826 INFO  [acme.Launcher@main] Started Launcher in 8.146 seconds (JVM running for 8.644) 
2022-05-30 02:09:53.832 DEBUG [acme.Launcher@main] Found classpath entry '/P:/Workspace-22.0/Projects/Acme-Toolkits-E3.08/target/test-classes/' 
2022-05-30 02:09:53.832 DEBUG [acme.Launcher@main] Found classpath entry '/P:/Workspace-22.0/Projects/Acme-Toolkits-E3.08/target/classes/' 
2022-05-30 02:09:53.832 DEBUG [acme.Launcher@main] Found classpath entry '/P:/Workspace-22.0/Projects/Acme-Toolkits-E3.08/spam-detector/project.jar' 
2022-05-30 02:09:53.833 DEBUG [acme.Launcher@main] Found classpath entry '/P:/Workspace-22.0/Frameworks/Acme-Framework-22.7/target/classes/' 
2022-05-30 02:09:53.833 DEBUG [acme.Launcher@main] Found classpath entry '/P:/Workspace-22.0/Frameworks/Acme-Framework-22.7/target/test-classes/' 
2022-05-30 02:09:53.833 DEBUG [acme.Launcher@main] Found classpath entry '/C:/Users/pabli/.m2/repository/org/springframework/boot/spring-boot-starter-tomcat/2.4.2/spring-boot-starter-tomcat-2.4.2.jar' 
2022-05-30 02:09:53.833 DEBUG [acme.Launcher@main] Found classpath entry '/C:/Users/pabli/.m2/repository/jakarta/annotation/jakarta.annotation-api/1.3.5/jakarta.annotation-api-1.3.5.jar' 
2022-05-30 02:09:53.833 DEBUG [acme.Launcher@main] Found classpath entry '/C:/Users/pabli/.m2/repository/org/apache/tomcat/embed/tomcat-embed-core/9.0.41/tomcat-embed-core-9.0.41.jar' 
2022-05-30 02:09:53.833 DEBUG [acme.Launcher@main] Found classpath entry '/C:/Users/pabli/.m2/repository/org/glassfish/jakarta.el/3.0.3/jakarta.el-3.0.3.jar' 
2022-05-30 02:09:53.833 DEBUG [acme.Launcher@main] Found classpath entry '/C:/Users/pabli/.m2/repository/org/apache/tomcat/embed/tomcat-embed-websocket/9.0.41/tomcat-embed-websocket-9.0.41.jar' 
2022-05-30 02:09:53.833 DEBUG [acme.Launcher@main] Found classpath entry '/C:/Users/pabli/.m2/repository/org/apache/tomcat/embed/tomcat-embed-jasper/9.0.41/tomcat-embed-jasper-9.0.41.jar' 
2022-05-30 02:09:53.833 DEBUG [acme.Launcher@main] Found classpath entry '/C:/Users/pabli/.m2/repository/org/apache/tomcat/embed/tomcat-embed-el/9.0.41/tomcat-embed-el-9.0.41.jar' 
2022-05-30 02:09:53.834 DEBUG [acme.Launcher@main] Found classpath entry '/C:/Users/pabli/.m2/repository/org/eclipse/jdt/ecj/3.18.0/ecj-3.18.0.jar' 
2022-05-30 02:09:53.834 DEBUG [acme.Launcher@main] Found classpath entry '/C:/Users/pabli/.m2/repository/javax/servlet/jstl/1.2/jstl-1.2.jar' 
2022-05-30 02:09:53.834 DEBUG [acme.Launcher@main] Found classpath entry '/C:/Users/pabli/.m2/repository/org/springframework/boot/spring-boot-starter-security/2.4.2/spring-boot-starter-security-2.4.2.jar' 
2022-05-30 02:09:53.834 DEBUG [acme.Launcher@main] Found classpath entry '/C:/Users/pabli/.m2/repository/org/springframework/boot/spring-boot-starter/2.4.2/spring-boot-starter-2.4.2.jar' 
2022-05-30 02:09:53.834 DEBUG [acme.Launcher@main] Found classpath entry '/C:/Users/pabli/.m2/repository/org/springframework/boot/spring-boot/2.4.2/spring-boot-2.4.2.jar' 
2022-05-30 02:09:53.835 DEBUG [acme.Launcher@main] Found classpath entry '/C:/Users/pabli/.m2/repository/org/springframework/boot/spring-boot-autoconfigure/2.4.2/spring-boot-autoconfigure-2.4.2.jar' 
2022-05-30 02:09:53.835 DEBUG [acme.Launcher@main] Found classpath entry '/C:/Users/pabli/.m2/repository/org/springframework/boot/spring-boot-starter-logging/2.4.2/spring-boot-starter-logging-2.4.2.jar' 
2022-05-30 02:09:53.835 DEBUG [acme.Launcher@main] Found classpath entry '/C:/Users/pabli/.m2/repository/ch/qos/logback/logback-classic/1.2.3/logback-classic-1.2.3.jar' 
2022-05-30 02:09:53.835 DEBUG [acme.Launcher@main] Found classpath entry '/C:/Users/pabli/.m2/repository/ch/qos/logback/logback-core/1.2.3/logback-core-1.2.3.jar' 
2022-05-30 02:09:53.835 DEBUG [acme.Launcher@main] Found classpath entry '/C:/Users/pabli/.m2/repository/org/apache/logging/log4j/log4j-to-slf4j/2.13.3/log4j-to-slf4j-2.13.3.jar' 
2022-05-30 02:09:53.835 DEBUG [acme.Launcher@main] Found classpath entry '/C:/Users/pabli/.m2/repository/org/apache/logging/log4j/log4j-api/2.13.3/log4j-api-2.13.3.jar' 
2022-05-30 02:09:53.835 DEBUG [acme.Launcher@main] Found classpath entry '/C:/Users/pabli/.m2/repository/org/slf4j/jul-to-slf4j/1.7.30/jul-to-slf4j-1.7.30.jar' 
2022-05-30 02:09:53.836 DEBUG [acme.Launcher@main] Found classpath entry '/C:/Users/pabli/.m2/repository/org/yaml/snakeyaml/1.27/snakeyaml-1.27.jar' 
2022-05-30 02:09:53.836 DEBUG [acme.Launcher@main] Found classpath entry '/C:/Users/pabli/.m2/repository/org/springframework/spring-aop/5.3.3/spring-aop-5.3.3.jar' 
2022-05-30 02:09:53.836 DEBUG [acme.Launcher@main] Found classpath entry '/C:/Users/pabli/.m2/repository/org/springframework/security/spring-security-web/5.4.2/spring-security-web-5.4.2.jar' 
2022-05-30 02:09:53.836 DEBUG [acme.Launcher@main] Found classpath entry '/C:/Users/pabli/.m2/repository/org/springframework/security/spring-security-core/5.4.2/spring-security-core-5.4.2.jar' 
2022-05-30 02:09:53.836 DEBUG [acme.Launcher@main] Found classpath entry '/C:/Users/pabli/.m2/repository/org/springframework/spring-beans/5.3.3/spring-beans-5.3.3.jar' 
2022-05-30 02:09:53.836 DEBUG [acme.Launcher@main] Found classpath entry '/C:/Users/pabli/.m2/repository/org/springframework/spring-context/5.3.3/spring-context-5.3.3.jar' 
2022-05-30 02:09:53.836 DEBUG [acme.Launcher@main] Found classpath entry '/C:/Users/pabli/.m2/repository/org/springframework/spring-core/5.3.3/spring-core-5.3.3.jar' 
2022-05-30 02:09:53.836 DEBUG [acme.Launcher@main] Found classpath entry '/C:/Users/pabli/.m2/repository/org/springframework/spring-jcl/5.3.3/spring-jcl-5.3.3.jar' 
2022-05-30 02:09:53.836 DEBUG [acme.Launcher@main] Found classpath entry '/C:/Users/pabli/.m2/repository/org/springframework/spring-expression/5.3.3/spring-expression-5.3.3.jar' 
2022-05-30 02:09:53.837 DEBUG [acme.Launcher@main] Found classpath entry '/C:/Users/pabli/.m2/repository/org/springframework/spring-web/5.3.3/spring-web-5.3.3.jar' 
2022-05-30 02:09:53.837 DEBUG [acme.Launcher@main] Found classpath entry '/C:/Users/pabli/.m2/repository/org/springframework/security/spring-security-config/5.4.2/spring-security-config-5.4.2.jar' 
2022-05-30 02:09:53.837 DEBUG [acme.Launcher@main] Found classpath entry '/C:/Users/pabli/.m2/repository/org/springframework/security/spring-security-taglibs/5.4.2/spring-security-taglibs-5.4.2.jar' 
2022-05-30 02:09:53.837 DEBUG [acme.Launcher@main] Found classpath entry '/C:/Users/pabli/.m2/repository/org/springframework/security/spring-security-acl/5.4.2/spring-security-acl-5.4.2.jar' 
2022-05-30 02:09:53.837 DEBUG [acme.Launcher@main] Found classpath entry '/C:/Users/pabli/.m2/repository/org/springframework/spring-jdbc/5.3.3/spring-jdbc-5.3.3.jar' 
2022-05-30 02:09:53.837 DEBUG [acme.Launcher@main] Found classpath entry '/C:/Users/pabli/.m2/repository/org/springframework/spring-tx/5.3.3/spring-tx-5.3.3.jar' 
2022-05-30 02:09:53.837 DEBUG [acme.Launcher@main] Found classpath entry '/C:/Users/pabli/.m2/repository/org/springframework/boot/spring-boot-starter-web/2.4.2/spring-boot-starter-web-2.4.2.jar' 
2022-05-30 02:09:53.837 DEBUG [acme.Launcher@main] Found classpath entry '/C:/Users/pabli/.m2/repository/org/springframework/boot/spring-boot-starter-json/2.4.2/spring-boot-starter-json-2.4.2.jar' 
2022-05-30 02:09:53.838 DEBUG [acme.Launcher@main] Found classpath entry '/C:/Users/pabli/.m2/repository/com/fasterxml/jackson/core/jackson-databind/2.11.4/jackson-databind-2.11.4.jar' 
2022-05-30 02:09:53.838 DEBUG [acme.Launcher@main] Found classpath entry '/C:/Users/pabli/.m2/repository/com/fasterxml/jackson/core/jackson-annotations/2.11.4/jackson-annotations-2.11.4.jar' 
2022-05-30 02:09:53.838 DEBUG [acme.Launcher@main] Found classpath entry '/C:/Users/pabli/.m2/repository/com/fasterxml/jackson/core/jackson-core/2.11.4/jackson-core-2.11.4.jar' 
2022-05-30 02:09:53.838 DEBUG [acme.Launcher@main] Found classpath entry '/C:/Users/pabli/.m2/repository/com/fasterxml/jackson/datatype/jackson-datatype-jdk8/2.11.4/jackson-datatype-jdk8-2.11.4.jar' 
2022-05-30 02:09:53.838 DEBUG [acme.Launcher@main] Found classpath entry '/C:/Users/pabli/.m2/repository/com/fasterxml/jackson/datatype/jackson-datatype-jsr310/2.11.4/jackson-datatype-jsr310-2.11.4.jar' 
2022-05-30 02:09:53.838 DEBUG [acme.Launcher@main] Found classpath entry '/C:/Users/pabli/.m2/repository/com/fasterxml/jackson/module/jackson-module-parameter-names/2.11.4/jackson-module-parameter-names-2.11.4.jar' 
2022-05-30 02:09:53.838 DEBUG [acme.Launcher@main] Found classpath entry '/C:/Users/pabli/.m2/repository/org/springframework/spring-webmvc/5.3.3/spring-webmvc-5.3.3.jar' 
2022-05-30 02:09:53.838 DEBUG [acme.Launcher@main] Found classpath entry '/C:/Users/pabli/.m2/repository/org/apache/tiles/tiles-jsp/3.0.8/tiles-jsp-3.0.8.jar' 
2022-05-30 02:09:53.838 DEBUG [acme.Launcher@main] Found classpath entry '/C:/Users/pabli/.m2/repository/org/apache/tiles/tiles-servlet/3.0.8/tiles-servlet-3.0.8.jar' 
2022-05-30 02:09:53.839 DEBUG [acme.Launcher@main] Found classpath entry '/C:/Users/pabli/.m2/repository/org/apache/tiles/tiles-core/3.0.8/tiles-core-3.0.8.jar' 
2022-05-30 02:09:53.839 DEBUG [acme.Launcher@main] Found classpath entry '/C:/Users/pabli/.m2/repository/commons-digester/commons-digester/2.0/commons-digester-2.0.jar' 
2022-05-30 02:09:53.839 DEBUG [acme.Launcher@main] Found classpath entry '/C:/Users/pabli/.m2/repository/org/slf4j/jcl-over-slf4j/1.7.30/jcl-over-slf4j-1.7.30.jar' 
2022-05-30 02:09:53.839 DEBUG [acme.Launcher@main] Found classpath entry '/C:/Users/pabli/.m2/repository/org/apache/tiles/tiles-request-servlet/1.0.7/tiles-request-servlet-1.0.7.jar' 
2022-05-30 02:09:53.839 DEBUG [acme.Launcher@main] Found classpath entry '/C:/Users/pabli/.m2/repository/org/apache/tiles/tiles-template/3.0.8/tiles-template-3.0.8.jar' 
2022-05-30 02:09:53.839 DEBUG [acme.Launcher@main] Found classpath entry '/C:/Users/pabli/.m2/repository/org/apache/tiles/tiles-api/3.0.8/tiles-api-3.0.8.jar' 
2022-05-30 02:09:53.839 DEBUG [acme.Launcher@main] Found classpath entry '/C:/Users/pabli/.m2/repository/org/apache/tiles/tiles-autotag-core-runtime/1.2/tiles-autotag-core-runtime-1.2.jar' 
2022-05-30 02:09:53.839 DEBUG [acme.Launcher@main] Found classpath entry '/C:/Users/pabli/.m2/repository/org/slf4j/slf4j-api/1.7.30/slf4j-api-1.7.30.jar' 
2022-05-30 02:09:53.840 DEBUG [acme.Launcher@main] Found classpath entry '/C:/Users/pabli/.m2/repository/org/apache/tiles/tiles-request-jsp/1.0.7/tiles-request-jsp-1.0.7.jar' 
2022-05-30 02:09:53.840 DEBUG [acme.Launcher@main] Found classpath entry '/C:/Users/pabli/.m2/repository/org/apache/tiles/tiles-request-api/1.0.7/tiles-request-api-1.0.7.jar' 
2022-05-30 02:09:53.840 DEBUG [acme.Launcher@main] Found classpath entry '/C:/Users/pabli/.m2/repository/org/springframework/boot/spring-boot-starter-data-jpa/2.4.2/spring-boot-starter-data-jpa-2.4.2.jar' 
2022-05-30 02:09:53.840 DEBUG [acme.Launcher@main] Found classpath entry '/C:/Users/pabli/.m2/repository/org/springframework/boot/spring-boot-starter-aop/2.4.2/spring-boot-starter-aop-2.4.2.jar' 
2022-05-30 02:09:53.840 DEBUG [acme.Launcher@main] Found classpath entry '/C:/Users/pabli/.m2/repository/org/aspectj/aspectjweaver/1.9.6/aspectjweaver-1.9.6.jar' 
2022-05-30 02:09:53.840 DEBUG [acme.Launcher@main] Found classpath entry '/C:/Users/pabli/.m2/repository/org/springframework/boot/spring-boot-starter-jdbc/2.4.2/spring-boot-starter-jdbc-2.4.2.jar' 
2022-05-30 02:09:53.840 DEBUG [acme.Launcher@main] Found classpath entry '/C:/Users/pabli/.m2/repository/jakarta/transaction/jakarta.transaction-api/1.3.3/jakarta.transaction-api-1.3.3.jar' 
2022-05-30 02:09:53.840 DEBUG [acme.Launcher@main] Found classpath entry '/C:/Users/pabli/.m2/repository/jakarta/persistence/jakarta.persistence-api/2.2.3/jakarta.persistence-api-2.2.3.jar' 
2022-05-30 02:09:53.840 DEBUG [acme.Launcher@main] Found classpath entry '/C:/Users/pabli/.m2/repository/org/hibernate/hibernate-core/5.4.27.Final/hibernate-core-5.4.27.Final.jar' 
2022-05-30 02:09:53.840 DEBUG [acme.Launcher@main] Found classpath entry '/C:/Users/pabli/.m2/repository/org/jboss/logging/jboss-logging/3.4.1.Final/jboss-logging-3.4.1.Final.jar' 
2022-05-30 02:09:53.841 DEBUG [acme.Launcher@main] Found classpath entry '/C:/Users/pabli/.m2/repository/org/javassist/javassist/3.27.0-GA/javassist-3.27.0-GA.jar' 
2022-05-30 02:09:53.841 DEBUG [acme.Launcher@main] Found classpath entry '/C:/Users/pabli/.m2/repository/antlr/antlr/2.7.7/antlr-2.7.7.jar' 
2022-05-30 02:09:53.841 DEBUG [acme.Launcher@main] Found classpath entry '/C:/Users/pabli/.m2/repository/org/jboss/jandex/2.1.3.Final/jandex-2.1.3.Final.jar' 
2022-05-30 02:09:53.841 DEBUG [acme.Launcher@main] Found classpath entry '/C:/Users/pabli/.m2/repository/com/fasterxml/classmate/1.5.1/classmate-1.5.1.jar' 
2022-05-30 02:09:53.841 DEBUG [acme.Launcher@main] Found classpath entry '/C:/Users/pabli/.m2/repository/org/dom4j/dom4j/2.1.3/dom4j-2.1.3.jar' 
2022-05-30 02:09:53.841 DEBUG [acme.Launcher@main] Found classpath entry '/C:/Users/pabli/.m2/repository/org/hibernate/common/hibernate-commons-annotations/5.1.2.Final/hibernate-commons-annotations-5.1.2.Final.jar' 
2022-05-30 02:09:53.841 DEBUG [acme.Launcher@main] Found classpath entry '/C:/Users/pabli/.m2/repository/org/glassfish/jaxb/jaxb-runtime/2.3.3/jaxb-runtime-2.3.3.jar' 
2022-05-30 02:09:53.841 DEBUG [acme.Launcher@main] Found classpath entry '/C:/Users/pabli/.m2/repository/org/glassfish/jaxb/txw2/2.3.3/txw2-2.3.3.jar' 
2022-05-30 02:09:53.841 DEBUG [acme.Launcher@main] Found classpath entry '/C:/Users/pabli/.m2/repository/com/sun/istack/istack-commons-runtime/3.0.11/istack-commons-runtime-3.0.11.jar' 
2022-05-30 02:09:53.841 DEBUG [acme.Launcher@main] Found classpath entry '/C:/Users/pabli/.m2/repository/com/sun/activation/jakarta.activation/1.2.2/jakarta.activation-1.2.2.jar' 
2022-05-30 02:09:53.842 DEBUG [acme.Launcher@main] Found classpath entry '/C:/Users/pabli/.m2/repository/org/springframework/data/spring-data-jpa/2.4.3/spring-data-jpa-2.4.3.jar' 
2022-05-30 02:09:53.842 DEBUG [acme.Launcher@main] Found classpath entry '/C:/Users/pabli/.m2/repository/org/springframework/data/spring-data-commons/2.4.3/spring-data-commons-2.4.3.jar' 
2022-05-30 02:09:53.842 DEBUG [acme.Launcher@main] Found classpath entry '/C:/Users/pabli/.m2/repository/org/springframework/spring-orm/5.3.3/spring-orm-5.3.3.jar' 
2022-05-30 02:09:53.842 DEBUG [acme.Launcher@main] Found classpath entry '/C:/Users/pabli/.m2/repository/org/springframework/spring-aspects/5.3.3/spring-aspects-5.3.3.jar' 
2022-05-30 02:09:53.842 DEBUG [acme.Launcher@main] Found classpath entry '/C:/Users/pabli/.m2/repository/org/springframework/boot/spring-boot-starter-validation/2.4.2/spring-boot-starter-validation-2.4.2.jar' 
2022-05-30 02:09:53.842 DEBUG [acme.Launcher@main] Found classpath entry '/C:/Users/pabli/.m2/repository/org/hibernate/validator/hibernate-validator/6.1.7.Final/hibernate-validator-6.1.7.Final.jar' 
2022-05-30 02:09:53.842 DEBUG [acme.Launcher@main] Found classpath entry '/C:/Users/pabli/.m2/repository/jakarta/validation/jakarta.validation-api/2.0.2/jakarta.validation-api-2.0.2.jar' 
2022-05-30 02:09:53.842 DEBUG [acme.Launcher@main] Found classpath entry '/C:/Users/pabli/.m2/repository/mysql/mysql-connector-java/8.0.22/mysql-connector-java-8.0.22.jar' 
2022-05-30 02:09:53.842 DEBUG [acme.Launcher@main] Found classpath entry '/C:/Users/pabli/.m2/repository/com/zaxxer/HikariCP/3.4.5/HikariCP-3.4.5.jar' 
2022-05-30 02:09:53.843 DEBUG [acme.Launcher@main] Found classpath entry '/C:/Users/pabli/.m2/repository/org/springframework/boot/spring-boot-starter-test/2.4.2/spring-boot-starter-test-2.4.2.jar' 
2022-05-30 02:09:53.843 DEBUG [acme.Launcher@main] Found classpath entry '/C:/Users/pabli/.m2/repository/org/springframework/boot/spring-boot-test/2.4.2/spring-boot-test-2.4.2.jar' 
2022-05-30 02:09:53.843 DEBUG [acme.Launcher@main] Found classpath entry '/C:/Users/pabli/.m2/repository/org/springframework/boot/spring-boot-test-autoconfigure/2.4.2/spring-boot-test-autoconfigure-2.4.2.jar' 
2022-05-30 02:09:53.843 DEBUG [acme.Launcher@main] Found classpath entry '/C:/Users/pabli/.m2/repository/com/jayway/jsonpath/json-path/2.4.0/json-path-2.4.0.jar' 
2022-05-30 02:09:53.843 DEBUG [acme.Launcher@main] Found classpath entry '/C:/Users/pabli/.m2/repository/net/minidev/json-smart/2.3/json-smart-2.3.jar' 
2022-05-30 02:09:53.843 DEBUG [acme.Launcher@main] Found classpath entry '/C:/Users/pabli/.m2/repository/net/minidev/accessors-smart/1.2/accessors-smart-1.2.jar' 
2022-05-30 02:09:53.843 DEBUG [acme.Launcher@main] Found classpath entry '/C:/Users/pabli/.m2/repository/org/ow2/asm/asm/5.0.4/asm-5.0.4.jar' 
2022-05-30 02:09:53.843 DEBUG [acme.Launcher@main] Found classpath entry '/C:/Users/pabli/.m2/repository/jakarta/xml/bind/jakarta.xml.bind-api/2.3.3/jakarta.xml.bind-api-2.3.3.jar' 
2022-05-30 02:09:53.843 DEBUG [acme.Launcher@main] Found classpath entry '/C:/Users/pabli/.m2/repository/jakarta/activation/jakarta.activation-api/1.2.2/jakarta.activation-api-1.2.2.jar' 
2022-05-30 02:09:53.843 DEBUG [acme.Launcher@main] Found classpath entry '/C:/Users/pabli/.m2/repository/org/assertj/assertj-core/3.18.1/assertj-core-3.18.1.jar' 
2022-05-30 02:09:53.844 DEBUG [acme.Launcher@main] Found classpath entry '/C:/Users/pabli/.m2/repository/org/hamcrest/hamcrest/2.2/hamcrest-2.2.jar' 
2022-05-30 02:09:53.844 DEBUG [acme.Launcher@main] Found classpath entry '/C:/Users/pabli/.m2/repository/org/junit/jupiter/junit-jupiter/5.7.0/junit-jupiter-5.7.0.jar' 
2022-05-30 02:09:53.844 DEBUG [acme.Launcher@main] Found classpath entry '/C:/Users/pabli/.m2/repository/org/mockito/mockito-core/3.6.28/mockito-core-3.6.28.jar' 
2022-05-30 02:09:53.844 DEBUG [acme.Launcher@main] Found classpath entry '/C:/Users/pabli/.m2/repository/net/bytebuddy/byte-buddy-agent/1.10.19/byte-buddy-agent-1.10.19.jar' 
2022-05-30 02:09:53.844 DEBUG [acme.Launcher@main] Found classpath entry '/C:/Users/pabli/.m2/repository/org/objenesis/objenesis/3.1/objenesis-3.1.jar' 
2022-05-30 02:09:53.844 DEBUG [acme.Launcher@main] Found classpath entry '/C:/Users/pabli/.m2/repository/org/mockito/mockito-junit-jupiter/3.6.28/mockito-junit-jupiter-3.6.28.jar' 
2022-05-30 02:09:53.844 DEBUG [acme.Launcher@main] Found classpath entry '/C:/Users/pabli/.m2/repository/org/skyscreamer/jsonassert/1.5.0/jsonassert-1.5.0.jar' 
2022-05-30 02:09:53.844 DEBUG [acme.Launcher@main] Found classpath entry '/C:/Users/pabli/.m2/repository/com/vaadin/external/google/android-json/0.0.20131108.vaadin1/android-json-0.0.20131108.vaadin1.jar' 
2022-05-30 02:09:53.844 DEBUG [acme.Launcher@main] Found classpath entry '/C:/Users/pabli/.m2/repository/org/springframework/spring-test/5.3.3/spring-test-5.3.3.jar' 
2022-05-30 02:09:53.845 DEBUG [acme.Launcher@main] Found classpath entry '/C:/Users/pabli/.m2/repository/org/xmlunit/xmlunit-core/2.7.0/xmlunit-core-2.7.0.jar' 
2022-05-30 02:09:53.845 DEBUG [acme.Launcher@main] Found classpath entry '/C:/Users/pabli/.m2/repository/org/junit/jupiter/junit-jupiter-engine/5.7.0/junit-jupiter-engine-5.7.0.jar' 
2022-05-30 02:09:53.845 DEBUG [acme.Launcher@main] Found classpath entry '/C:/Users/pabli/.m2/repository/org/apiguardian/apiguardian-api/1.1.0/apiguardian-api-1.1.0.jar' 
2022-05-30 02:09:53.845 DEBUG [acme.Launcher@main] Found classpath entry '/C:/Users/pabli/.m2/repository/org/junit/platform/junit-platform-engine/1.7.0/junit-platform-engine-1.7.0.jar' 
2022-05-30 02:09:53.845 DEBUG [acme.Launcher@main] Found classpath entry '/C:/Users/pabli/.m2/repository/org/junit/jupiter/junit-jupiter-api/5.7.0/junit-jupiter-api-5.7.0.jar' 
2022-05-30 02:09:53.845 DEBUG [acme.Launcher@main] Found classpath entry '/C:/Users/pabli/.m2/repository/org/opentest4j/opentest4j/1.2.0/opentest4j-1.2.0.jar' 
2022-05-30 02:09:53.845 DEBUG [acme.Launcher@main] Found classpath entry '/C:/Users/pabli/.m2/repository/org/junit/platform/junit-platform-commons/1.7.0/junit-platform-commons-1.7.0.jar' 
2022-05-30 02:09:53.845 DEBUG [acme.Launcher@main] Found classpath entry '/C:/Users/pabli/.m2/repository/org/junit/jupiter/junit-jupiter-params/5.7.0/junit-jupiter-params-5.7.0.jar' 
2022-05-30 02:09:53.845 DEBUG [acme.Launcher@main] Found classpath entry '/C:/Users/pabli/.m2/repository/org/junit/platform/junit-platform-launcher/1.7.0/junit-platform-launcher-1.7.0.jar' 
2022-05-30 02:09:53.845 DEBUG [acme.Launcher@main] Found classpath entry '/C:/Users/pabli/.m2/repository/org/seleniumhq/selenium/selenium-java/3.141.59/selenium-java-3.141.59.jar' 
2022-05-30 02:09:53.846 DEBUG [acme.Launcher@main] Found classpath entry '/C:/Users/pabli/.m2/repository/org/seleniumhq/selenium/selenium-api/3.141.59/selenium-api-3.141.59.jar' 
2022-05-30 02:09:53.846 DEBUG [acme.Launcher@main] Found classpath entry '/C:/Users/pabli/.m2/repository/org/seleniumhq/selenium/selenium-chrome-driver/3.141.59/selenium-chrome-driver-3.141.59.jar' 
2022-05-30 02:09:53.846 DEBUG [acme.Launcher@main] Found classpath entry '/C:/Users/pabli/.m2/repository/org/seleniumhq/selenium/selenium-edge-driver/3.141.59/selenium-edge-driver-3.141.59.jar' 
2022-05-30 02:09:53.846 DEBUG [acme.Launcher@main] Found classpath entry '/C:/Users/pabli/.m2/repository/org/seleniumhq/selenium/selenium-firefox-driver/3.141.59/selenium-firefox-driver-3.141.59.jar' 
2022-05-30 02:09:53.846 DEBUG [acme.Launcher@main] Found classpath entry '/C:/Users/pabli/.m2/repository/org/seleniumhq/selenium/selenium-ie-driver/3.141.59/selenium-ie-driver-3.141.59.jar' 
2022-05-30 02:09:53.846 DEBUG [acme.Launcher@main] Found classpath entry '/C:/Users/pabli/.m2/repository/org/seleniumhq/selenium/selenium-opera-driver/3.141.59/selenium-opera-driver-3.141.59.jar' 
2022-05-30 02:09:53.846 DEBUG [acme.Launcher@main] Found classpath entry '/C:/Users/pabli/.m2/repository/org/seleniumhq/selenium/selenium-remote-driver/3.141.59/selenium-remote-driver-3.141.59.jar' 
2022-05-30 02:09:53.846 DEBUG [acme.Launcher@main] Found classpath entry '/C:/Users/pabli/.m2/repository/org/seleniumhq/selenium/selenium-safari-driver/3.141.59/selenium-safari-driver-3.141.59.jar' 
2022-05-30 02:09:53.846 DEBUG [acme.Launcher@main] Found classpath entry '/C:/Users/pabli/.m2/repository/org/seleniumhq/selenium/selenium-support/3.141.59/selenium-support-3.141.59.jar' 
2022-05-30 02:09:53.846 DEBUG [acme.Launcher@main] Found classpath entry '/C:/Users/pabli/.m2/repository/net/bytebuddy/byte-buddy/1.10.19/byte-buddy-1.10.19.jar' 
2022-05-30 02:09:53.846 DEBUG [acme.Launcher@main] Found classpath entry '/C:/Users/pabli/.m2/repository/org/apache/commons/commons-exec/1.3/commons-exec-1.3.jar' 
2022-05-30 02:09:53.846 DEBUG [acme.Launcher@main] Found classpath entry '/C:/Users/pabli/.m2/repository/com/google/guava/guava/25.0-jre/guava-25.0-jre.jar' 
2022-05-30 02:09:53.846 DEBUG [acme.Launcher@main] Found classpath entry '/C:/Users/pabli/.m2/repository/com/google/code/findbugs/jsr305/1.3.9/jsr305-1.3.9.jar' 
2022-05-30 02:09:53.846 DEBUG [acme.Launcher@main] Found classpath entry '/C:/Users/pabli/.m2/repository/org/checkerframework/checker-compat-qual/2.0.0/checker-compat-qual-2.0.0.jar' 
2022-05-30 02:09:53.847 DEBUG [acme.Launcher@main] Found classpath entry '/C:/Users/pabli/.m2/repository/com/google/errorprone/error_prone_annotations/2.1.3/error_prone_annotations-2.1.3.jar' 
2022-05-30 02:09:53.847 DEBUG [acme.Launcher@main] Found classpath entry '/C:/Users/pabli/.m2/repository/com/google/j2objc/j2objc-annotations/1.1/j2objc-annotations-1.1.jar' 
2022-05-30 02:09:53.847 DEBUG [acme.Launcher@main] Found classpath entry '/C:/Users/pabli/.m2/repository/org/codehaus/mojo/animal-sniffer-annotations/1.14/animal-sniffer-annotations-1.14.jar' 
2022-05-30 02:09:53.847 DEBUG [acme.Launcher@main] Found classpath entry '/C:/Users/pabli/.m2/repository/com/squareup/okhttp3/okhttp/3.14.9/okhttp-3.14.9.jar' 
2022-05-30 02:09:53.847 DEBUG [acme.Launcher@main] Found classpath entry '/C:/Users/pabli/.m2/repository/com/squareup/okio/okio/1.14.0/okio-1.14.0.jar' 
2022-05-30 02:09:53.847 DEBUG [acme.Launcher@main] Found classpath entry '/C:/Users/pabli/.m2/repository/org/apache/commons/commons-lang3/3.11/commons-lang3-3.11.jar' 
2022-05-30 02:09:53.847 DEBUG [acme.Launcher@main] Found classpath entry '/C:/Users/pabli/.m2/repository/org/apache/commons/commons-text/1.8/commons-text-1.8.jar' 
2022-05-30 02:09:53.847 DEBUG [acme.Launcher@main] Found classpath entry '/C:/Users/pabli/.m2/repository/commons-io/commons-io/2.6/commons-io-2.6.jar' 
2022-05-30 02:09:53.847 DEBUG [acme.Launcher@main] Found classpath entry '/C:/Users/pabli/.m2/repository/commons-cli/commons-cli/1.4/commons-cli-1.4.jar' 
2022-05-30 02:09:53.847 DEBUG [acme.Launcher@main] Found classpath entry '/C:/Users/pabli/.m2/repository/org/projectlombok/lombok/1.18.16/lombok-1.18.16.jar' 
2022-05-30 02:09:53.847 DEBUG [acme.Launcher@main] Found classpath entry '/C:/Users/pabli/.m2/repository/com/opencsv/opencsv/5.4/opencsv-5.4.jar' 
2022-05-30 02:09:53.847 DEBUG [acme.Launcher@main] Found classpath entry '/C:/Users/pabli/.m2/repository/commons-beanutils/commons-beanutils/1.9.4/commons-beanutils-1.9.4.jar' 
2022-05-30 02:09:53.847 DEBUG [acme.Launcher@main] Found classpath entry '/C:/Users/pabli/.m2/repository/commons-logging/commons-logging/1.2/commons-logging-1.2.jar' 
2022-05-30 02:09:53.847 DEBUG [acme.Launcher@main] Found classpath entry '/C:/Users/pabli/.m2/repository/commons-collections/commons-collections/3.2.2/commons-collections-3.2.2.jar' 
2022-05-30 02:09:53.847 DEBUG [acme.Launcher@main] Found classpath entry '/C:/Users/pabli/.m2/repository/org/apache/commons/commons-collections4/4.4/commons-collections4-4.4.jar' 
2022-05-30 02:09:54.034 DEBUG [acme.Launcher@main] Found entity class 'acme.entities.Announcement 
2022-05-30 02:09:54.034 DEBUG [acme.Launcher@main] Found entity class 'acme.entities.Chimpum 
2022-05-30 02:09:54.034 DEBUG [acme.Launcher@main] Found entity class 'acme.entities.Chirp 
2022-05-30 02:09:54.034 DEBUG [acme.Launcher@main] Found entity class 'acme.entities.Item 
2022-05-30 02:09:54.034 DEBUG [acme.Launcher@main] Found entity class 'acme.entities.Patronage 
2022-05-30 02:09:54.034 DEBUG [acme.Launcher@main] Found entity class 'acme.entities.PatronageReport 
2022-05-30 02:09:54.034 DEBUG [acme.Launcher@main] Found entity class 'acme.entities.Quantity 
2022-05-30 02:09:54.034 DEBUG [acme.Launcher@main] Found entity class 'acme.entities.SystemConfiguration 
2022-05-30 02:09:54.034 DEBUG [acme.Launcher@main] Found entity class 'acme.entities.Toolkit 
2022-05-30 02:09:54.034 DEBUG [acme.Launcher@main] Found entity class 'acme.roles.Consumer 
2022-05-30 02:09:54.035 DEBUG [acme.Launcher@main] Found entity class 'acme.roles.Inventor 
2022-05-30 02:09:54.035 DEBUG [acme.Launcher@main] Found entity class 'acme.roles.Patron 
2022-05-30 02:09:54.035 DEBUG [acme.Launcher@main] Found entity class 'acme.roles.Provider 
2022-05-30 02:09:54.035 DEBUG [acme.Launcher@main] Found entity class 'acme.framework.entities.UserAccount 
2022-05-30 02:09:54.035 DEBUG [acme.Launcher@main] Found entity class 'acme.framework.roles.Administrator 
2022-05-30 02:09:54.035 DEBUG [acme.Launcher@main] Found entity class 'acme.framework.roles.Anonymous 
2022-05-30 02:09:54.035 DEBUG [acme.Launcher@main] Found entity class 'acme.framework.roles.Any 
2022-05-30 02:09:54.035 DEBUG [acme.Launcher@main] Found entity class 'acme.framework.roles.Authenticated 
2022-05-30 02:09:54.039 INFO  [acme.Launcher@main] Running application (Standalone) 
2022-05-30 02:09:56.367 DEBUG [org.hibernate.SQL@http-nio-8080-exec-1] select useraccoun0_.id as id1_0_, useraccoun0_.version as version2_0_, useraccoun0_.enabled as enabled1_18_, useraccoun0_.identity as identity2_18_, useraccoun0_.password as password3_18_, useraccoun0_.username as username4_18_ from user_account useraccoun0_ where useraccoun0_.username=? 
2022-05-30 02:09:56.393 TRACE [org.hibernate.type.descriptor.sql.BasicBinder@http-nio-8080-exec-1] binding parameter [1] as [VARCHAR] - [inventor1] 
2022-05-30 02:09:56.433 DEBUG [org.hibernate.SQL@http-nio-8080-exec-1] select roles0_.user_account_id as user_acc1_19_0_, roles0_.id as id1_19_0_, roles0_.id as id1_0_1_, roles0_.version as version2_0_1_, roles0_.user_account_id as user_acc1_19_1_, roles0_.company as company1_8_1_, roles0_.sector as sector2_8_1_, roles0_.company as company1_9_1_, roles0_.info as info2_9_1_, roles0_.statement as statemen3_9_1_, roles0_.company as company1_11_1_, roles0_.info as info2_11_1_, roles0_.statement as statemen3_11_1_, roles0_.company as company1_14_1_, roles0_.sector as sector2_14_1_, roles0_.clazz_ as clazz_1_ from ( select id, version, user_account_id, company, sector, null as info, null as statement, 11 as clazz_ from consumer union all select id, version, user_account_id, company, null as sector, info, statement, 12 as clazz_ from inventor union all select id, version, user_account_id, company, null as sector, info, statement, 13 as clazz_ from patron union all select id, version, user_account_id, company, sector, null as info, null as statement, 14 as clazz_ from provider union all select id, version, user_account_id, null as company, null as sector, null as info, null as statement, 16 as clazz_ from administrator union all select id, version, user_account_id, null as company, null as sector, null as info, null as statement, 17 as clazz_ from anonymous union all select id, version, user_account_id, null as company, null as sector, null as info, null as statement, 18 as clazz_ from any union all select id, version, user_account_id, null as company, null as sector, null as info, null as statement, 19 as clazz_ from authenticated ) roles0_ where roles0_.user_account_id=? 
2022-05-30 02:09:56.434 TRACE [org.hibernate.type.descriptor.sql.BasicBinder@http-nio-8080-exec-1] binding parameter [1] as [INTEGER] - [9] 
2022-05-30 02:09:56.500 DEBUG [acme.framework.controllers.AbstractController@http-nio-8080-exec-1] DISPATCHING GET /acme-toolkits-e3.08-1.0/inventor/item/my-tools 
2022-05-30 02:09:56.500 DEBUG [acme.framework.controllers.AbstractController@http-nio-8080-exec-1] Command: my-tools 
2022-05-30 02:09:56.500 DEBUG [acme.framework.controllers.AbstractController@http-nio-8080-exec-1] Model:   {} 
2022-05-30 02:09:56.500 DEBUG [acme.framework.controllers.AbstractController@http-nio-8080-exec-1] Locale:  en 
2022-05-30 02:09:56.500 DEBUG [acme.framework.controllers.AbstractController@http-nio-8080-exec-1] Starting transaction 70aa12d6-2346-4e29-bd98-8af9136b3ddd 
2022-05-30 02:09:56.510 DEBUG [org.hibernate.SQL@http-nio-8080-exec-1] select item0_.id as id1_0_, item0_.version as version2_0_, item0_.code as code1_10_, item0_.description as descript2_10_, item0_.inventor_id as invento12_10_, item0_.item_type as item_typ3_10_, item0_.link as link4_10_, item0_.name as name5_10_, item0_.published as publishe6_10_, item0_.retail_price_amount as retail_p7_10_, item0_.retail_price_currency as retail_p8_10_, item0_.system_retail_price_amount as system_r9_10_, item0_.system_retail_price_currency as system_10_10_, item0_.technology as technol11_10_ from item item0_ where item0_.item_type=? and item0_.inventor_id=? 
2022-05-30 02:09:56.510 TRACE [org.hibernate.type.descriptor.sql.BasicBinder@http-nio-8080-exec-1] binding parameter [1] as [INTEGER] - [1] 
2022-05-30 02:09:56.510 TRACE [org.hibernate.type.descriptor.sql.BasicBinder@http-nio-8080-exec-1] binding parameter [2] as [INTEGER] - [12] 
2022-05-30 02:09:56.513 DEBUG [org.hibernate.SQL@http-nio-8080-exec-1] select inventor0_.id as id1_0_0_, inventor0_.version as version2_0_0_, inventor0_.user_account_id as user_acc1_19_0_, inventor0_.company as company1_9_0_, inventor0_.info as info2_9_0_, inventor0_.statement as statemen3_9_0_, useraccoun1_.id as id1_0_1_, useraccoun1_.version as version2_0_1_, useraccoun1_.enabled as enabled1_18_1_, useraccoun1_.identity as identity2_18_1_, useraccoun1_.password as password3_18_1_, useraccoun1_.username as username4_18_1_ from inventor inventor0_ inner join user_account useraccoun1_ on inventor0_.user_account_id=useraccoun1_.id where inventor0_.id=? 
2022-05-30 02:09:56.514 TRACE [org.hibernate.type.descriptor.sql.BasicBinder@http-nio-8080-exec-1] binding parameter [1] as [INTEGER] - [12] 
2022-05-30 02:09:56.532 DEBUG [acme.framework.controllers.AbstractController@http-nio-8080-exec-1] Committing transaction 70aa12d6-2346-4e29-bd98-8af9136b3ddd 
2022-05-30 02:09:56.534 DEBUG [acme.framework.controllers.AbstractController@http-nio-8080-exec-1] Starting transaction b0783d4e-9aea-41b8-8707-49da82bbb0a3 
2022-05-30 02:09:56.534 DEBUG [acme.framework.controllers.AbstractController@http-nio-8080-exec-1] Committing transaction b0783d4e-9aea-41b8-8707-49da82bbb0a3 
2022-05-30 02:09:56.535 DEBUG [acme.framework.controllers.AbstractController@http-nio-8080-exec-1] SERVING GET /acme-toolkits-e3.08-1.0/inventor/item/my-tools 
2022-05-30 02:09:56.535 DEBUG [acme.framework.controllers.AbstractController@http-nio-8080-exec-1] Result: ModelAndView [view="inventor/item/list"; model={description[1]=Sierra circular con cable DEWALT de 1350 w y 5.332 kg de peso, published[1]=false, link[2]=https://www.leroymerlin.es/fp/83611937/escalera-madera-extensible-villar, link[0]=https://www.leroymerlin.es/fp/81968467/maceta-3-8-cm, version[1]=0, technology[0]=Acero, itemType[1]=TOOL, retailPrice[2]=<<EUR 309.00>>, list$size=3, retailPrice[0]=<<EUR 12.00>>, technology[2]=Pintura, code[0]=ASD-123, id[1]=15, code[2]=PAI-432, name[1]=Sierra Electrica, link[1]=https://www.leroymerlin.es/fp/80145657/sierra-circular-con-cable-dewalt-de-1350-w-y-5-332-kg-de-peso, published[2]=true, description[2]=Escalera de madera extensible indicada para mantenimiento industrial y telecomunicaciones fabricada en pino y peldaño de haya., published[0]=true, version[2]=0, description[0]=dshjhds, itemType[0]=TOOL, itemType[2]=TOOL, retailPrice[1]=<<EUR 163.00>>, technology[1]=Electrico, version[0]=1, code[1]=JAY-715, name[2]=Escalera madera extensible VILLAR, id[0]=13, id[2]=16, name[0]=Martillo, command=my-tools, principal=acme.framework.entities.Principal@19697319}] 
2022-05-30 02:09:56.547 DEBUG [acme.framework.components.tiles.DynamicTilesView@http-nio-8080-exec-1] View name 'inventor/item/list', model {description[1]=Sierra circular con cable DEWALT de 1350 w y 5.332 kg de peso, published[1]=false, link[2]=https://www.leroymerlin.es/fp/83611937/escalera-madera-extensible-villar, link[0]=https://www.leroymerlin.es/fp/81968467/maceta-3-8-cm, version[1]=0, technology[0]=Acero, itemType[1]=TOOL, retailPrice[2]=<<EUR 309.00>>, list$size=3, retailPrice[0]=<<EUR 12.00>>, technology[2]=Pintura, code[0]=ASD-123, id[1]=15, code[2]=PAI-432, name[1]=Sierra Electrica, link[1]=https://www.leroymerlin.es/fp/80145657/sierra-circular-con-cable-dewalt-de-1350-w-y-5-332-kg-de-peso, published[2]=true, description[2]=Escalera de madera extensible indicada para mantenimiento industrial y telecomunicaciones fabricada en pino y peldaño de haya., published[0]=true, version[2]=0, description[0]=dshjhds, itemType[0]=TOOL, itemType[2]=TOOL, retailPrice[1]=<<EUR 163.00>>, technology[1]=Electrico, version[0]=1, code[1]=JAY-715, name[2]=Escalera madera extensible VILLAR, id[0]=13, id[2]=16, name[0]=Martillo, command=my-tools, principal=acme.framework.entities.Principal@19697319, org.springframework.validation.BindingResult.retailPrice[2]=org.springframework.validation.BeanPropertyBindingResult: 0 errors, org.springframework.validation.BindingResult.retailPrice[0]=org.springframework.validation.BeanPropertyBindingResult: 0 errors, org.springframework.validation.BindingResult.retailPrice[1]=org.springframework.validation.BeanPropertyBindingResult: 0 errors, org.springframework.validation.BindingResult.principal=org.springframework.validation.BeanPropertyBindingResult: 0 errors} 
2022-05-30 02:09:56.563 DEBUG [org.apache.tiles.definition.dao.BaseLocaleUrlDefinitionDAO@http-nio-8080-exec-1] File Resource file:/P:/Workspace-22.0/Projects/Acme-Toolkits-E3.08/target/classes/WEB-INF/views/master/tiles_en.xml at file:/P:/Workspace-22.0/Projects/Acme-Toolkits-E3.08/target/classes/WEB-INF/views/master/tiles_en.xml not found, continue 
2022-05-30 02:09:56.570 DEBUG [org.apache.jasper.servlet.JspServlet@http-nio-8080-exec-1] JspEngine --> /WEB-INF/views/master/page.jsp 
2022-05-30 02:09:56.570 DEBUG [org.apache.jasper.servlet.JspServlet@http-nio-8080-exec-1] ServletPath: /WEB-INF/views/master/page.jsp 
2022-05-30 02:09:56.570 DEBUG [org.apache.jasper.servlet.JspServlet@http-nio-8080-exec-1] PathInfo: null 
2022-05-30 02:09:56.572 DEBUG [org.apache.jasper.servlet.JspServlet@http-nio-8080-exec-1] RealPath: P:\Workspace-22.0\Projects\Acme-Toolkits-E3.08\target\classes\WEB-INF\views\master\page.jsp 
2022-05-30 02:09:56.572 DEBUG [org.apache.jasper.servlet.JspServlet@http-nio-8080-exec-1] RequestURI: /acme-toolkits-e3.08-1.0/WEB-INF/views/master/page.jsp 
2022-05-30 02:09:56.572 DEBUG [org.apache.jasper.servlet.JspServlet@http-nio-8080-exec-1] QueryString: null 
2022-05-30 02:09:59.955 DEBUG [acme.framework.configuration.ExtendedMessageSource@http-nio-8080-exec-1] Loading properties [P:\Workspace-22.0\Projects\Acme-Toolkits-E3.08\target\classes\WEB-INF\views\administrator\administrator-dashboard\messages-en.i18n] with encoding 'utf-8' 
2022-05-30 02:09:59.956 DEBUG [acme.framework.configuration.ExtendedMessageSource@http-nio-8080-exec-1] Loading properties [P:\Workspace-22.0\Projects\Acme-Toolkits-E3.08\target\classes\WEB-INF\views\administrator\announcement\messages-en.i18n] with encoding 'utf-8' 
2022-05-30 02:09:59.957 DEBUG [acme.framework.configuration.ExtendedMessageSource@http-nio-8080-exec-1] Loading properties [P:\Workspace-22.0\Projects\Acme-Toolkits-E3.08\target\classes\WEB-INF\views\administrator\system-configuration\messsages-en.i18n] with encoding 'utf-8' 
2022-05-30 02:09:59.958 DEBUG [acme.framework.configuration.ExtendedMessageSource@http-nio-8080-exec-1] Loading properties [P:\Workspace-22.0\Projects\Acme-Toolkits-E3.08\target\classes\WEB-INF\views\administrator\user-account\messages-en.i18n] with encoding 'utf-8' 
2022-05-30 02:09:59.959 DEBUG [acme.framework.configuration.ExtendedMessageSource@http-nio-8080-exec-1] Loading properties [P:\Workspace-22.0\Projects\Acme-Toolkits-E3.08\target\classes\WEB-INF\views\anonymous\user-account\messages-en.i18n] with encoding 'utf-8' 
2022-05-30 02:09:59.960 DEBUG [acme.framework.configuration.ExtendedMessageSource@http-nio-8080-exec-1] Loading properties [P:\Workspace-22.0\Projects\Acme-Toolkits-E3.08\target\classes\WEB-INF\views\any\chirp\messsages-en.i18n] with encoding 'utf-8' 
2022-05-30 02:09:59.961 DEBUG [acme.framework.configuration.ExtendedMessageSource@http-nio-8080-exec-1] Loading properties [P:\Workspace-22.0\Projects\Acme-Toolkits-E3.08\target\classes\WEB-INF\views\any\item\messsages-en.i18n] with encoding 'utf-8' 
2022-05-30 02:09:59.961 DEBUG [acme.framework.configuration.ExtendedMessageSource@http-nio-8080-exec-1] Loading properties [P:\Workspace-22.0\Projects\Acme-Toolkits-E3.08\target\classes\WEB-INF\views\any\toolkit\messsages-en.i18n] with encoding 'utf-8' 
2022-05-30 02:09:59.962 DEBUG [acme.framework.configuration.ExtendedMessageSource@http-nio-8080-exec-1] Loading properties [P:\Workspace-22.0\Projects\Acme-Toolkits-E3.08\target\classes\WEB-INF\views\any\user-account\messsages-en.i18n] with encoding 'utf-8' 
2022-05-30 02:09:59.962 DEBUG [acme.framework.configuration.ExtendedMessageSource@http-nio-8080-exec-1] Loading properties [P:\Workspace-22.0\Projects\Acme-Toolkits-E3.08\target\classes\WEB-INF\views\authenticated\announcement\messsages-en.i18n] with encoding 'utf-8' 
2022-05-30 02:09:59.963 DEBUG [acme.framework.configuration.ExtendedMessageSource@http-nio-8080-exec-1] Loading properties [P:\Workspace-22.0\Projects\Acme-Toolkits-E3.08\target\classes\WEB-INF\views\authenticated\consumer\messsages-en.i18n] with encoding 'utf-8' 
2022-05-30 02:09:59.964 DEBUG [acme.framework.configuration.ExtendedMessageSource@http-nio-8080-exec-1] Loading properties [P:\Workspace-22.0\Projects\Acme-Toolkits-E3.08\target\classes\WEB-INF\views\authenticated\inventor\messsages-en.i18n] with encoding 'utf-8' 
2022-05-30 02:09:59.964 DEBUG [acme.framework.configuration.ExtendedMessageSource@http-nio-8080-exec-1] Loading properties [P:\Workspace-22.0\Projects\Acme-Toolkits-E3.08\target\classes\WEB-INF\views\authenticated\patron\messsages-en.i18n] with encoding 'utf-8' 
2022-05-30 02:09:59.965 DEBUG [acme.framework.configuration.ExtendedMessageSource@http-nio-8080-exec-1] Loading properties [P:\Workspace-22.0\Projects\Acme-Toolkits-E3.08\target\classes\WEB-INF\views\authenticated\provider\messsages-en.i18n] with encoding 'utf-8' 
2022-05-30 02:09:59.965 DEBUG [acme.framework.configuration.ExtendedMessageSource@http-nio-8080-exec-1] Loading properties [P:\Workspace-22.0\Projects\Acme-Toolkits-E3.08\target\classes\WEB-INF\views\authenticated\system-configuration\messsages-en.i18n] with encoding 'utf-8' 
2022-05-30 02:09:59.966 DEBUG [acme.framework.configuration.ExtendedMessageSource@http-nio-8080-exec-1] Loading properties [P:\Workspace-22.0\Projects\Acme-Toolkits-E3.08\target\classes\WEB-INF\views\authenticated\user-account\messages-en.i18n] with encoding 'utf-8' 
2022-05-30 02:09:59.967 DEBUG [acme.framework.configuration.ExtendedMessageSource@http-nio-8080-exec-1] Loading properties [P:\Workspace-22.0\Projects\Acme-Toolkits-E3.08\target\classes\WEB-INF\views\fragments\banner-en.i18n] with encoding 'utf-8' 
2022-05-30 02:09:59.967 DEBUG [acme.framework.configuration.ExtendedMessageSource@http-nio-8080-exec-1] Loading properties [P:\Workspace-22.0\Projects\Acme-Toolkits-E3.08\target\classes\WEB-INF\views\fragments\company-en.i18n] with encoding 'utf-8' 
2022-05-30 02:09:59.968 DEBUG [acme.framework.configuration.ExtendedMessageSource@http-nio-8080-exec-1] Loading properties [P:\Workspace-22.0\Projects\Acme-Toolkits-E3.08\target\classes\WEB-INF\views\fragments\footer-en.i18n] with encoding 'utf-8' 
2022-05-30 02:09:59.968 DEBUG [acme.framework.configuration.ExtendedMessageSource@http-nio-8080-exec-1] Loading properties [P:\Workspace-22.0\Projects\Acme-Toolkits-E3.08\target\classes\WEB-INF\views\fragments\license-en.i18n] with encoding 'utf-8' 
2022-05-30 02:09:59.969 DEBUG [acme.framework.configuration.ExtendedMessageSource@http-nio-8080-exec-1] Loading properties [P:\Workspace-22.0\Projects\Acme-Toolkits-E3.08\target\classes\WEB-INF\views\fragments\menu-en.i18n] with encoding 'utf-8' 
2022-05-30 02:09:59.969 DEBUG [acme.framework.configuration.ExtendedMessageSource@http-nio-8080-exec-1] Loading properties [P:\Workspace-22.0\Projects\Acme-Toolkits-E3.08\target\classes\WEB-INF\views\fragments\messsages-en.i18n] with encoding 'utf-8' 
2022-05-30 02:09:59.970 DEBUG [acme.framework.configuration.ExtendedMessageSource@http-nio-8080-exec-1] Loading properties [P:\Workspace-22.0\Projects\Acme-Toolkits-E3.08\target\classes\WEB-INF\views\fragments\title-en.i18n] with encoding 'utf-8' 
2022-05-30 02:09:59.971 DEBUG [acme.framework.configuration.ExtendedMessageSource@http-nio-8080-exec-1] Loading properties [P:\Workspace-22.0\Projects\Acme-Toolkits-E3.08\target\classes\WEB-INF\views\fragments\welcome-en.i18n] with encoding 'utf-8' 
2022-05-30 02:09:59.971 DEBUG [acme.framework.configuration.ExtendedMessageSource@http-nio-8080-exec-1] Loading properties [P:\Workspace-22.0\Projects\Acme-Toolkits-E3.08\target\classes\WEB-INF\views\inventor\chimpum\messsages-en.i18n] with encoding 'utf-8' 
2022-05-30 02:09:59.972 DEBUG [acme.framework.configuration.ExtendedMessageSource@http-nio-8080-exec-1] Loading properties [P:\Workspace-22.0\Projects\Acme-Toolkits-E3.08\target\classes\WEB-INF\views\inventor\item\messsages-en.i18n] with encoding 'utf-8' 
2022-05-30 02:09:59.972 DEBUG [acme.framework.configuration.ExtendedMessageSource@http-nio-8080-exec-1] Loading properties [P:\Workspace-22.0\Projects\Acme-Toolkits-E3.08\target\classes\WEB-INF\views\inventor\patronage\messsages-en.i18n] with encoding 'utf-8' 
2022-05-30 02:09:59.973 DEBUG [acme.framework.configuration.ExtendedMessageSource@http-nio-8080-exec-1] Loading properties [P:\Workspace-22.0\Projects\Acme-Toolkits-E3.08\target\classes\WEB-INF\views\inventor\patronage-report\messages-en.i18n] with encoding 'utf-8' 
2022-05-30 02:09:59.973 DEBUG [acme.framework.configuration.ExtendedMessageSource@http-nio-8080-exec-1] Loading properties [P:\Workspace-22.0\Projects\Acme-Toolkits-E3.08\target\classes\WEB-INF\views\inventor\quantity\messsages-en.i18n] with encoding 'utf-8' 
2022-05-30 02:09:59.974 DEBUG [acme.framework.configuration.ExtendedMessageSource@http-nio-8080-exec-1] Loading properties [P:\Workspace-22.0\Projects\Acme-Toolkits-E3.08\target\classes\WEB-INF\views\inventor\toolkit\messsages-en.i18n] with encoding 'utf-8' 
2022-05-30 02:09:59.975 DEBUG [acme.framework.configuration.ExtendedMessageSource@http-nio-8080-exec-1] Loading properties [P:\Workspace-22.0\Projects\Acme-Toolkits-E3.08\target\classes\WEB-INF\views\master\defaults-en.i18n] with encoding 'utf-8' 
2022-05-30 02:09:59.976 DEBUG [acme.framework.configuration.ExtendedMessageSource@http-nio-8080-exec-1] Loading properties [P:\Workspace-22.0\Projects\Acme-Toolkits-E3.08\target\classes\WEB-INF\views\master\master-en.i18n] with encoding 'utf-8' 
2022-05-30 02:09:59.977 DEBUG [acme.framework.configuration.ExtendedMessageSource@http-nio-8080-exec-1] Loading properties [P:\Workspace-22.0\Projects\Acme-Toolkits-E3.08\target\classes\WEB-INF\views\master\throwables-en.i18n] with encoding 'utf-8' 
2022-05-30 02:09:59.977 DEBUG [acme.framework.configuration.ExtendedMessageSource@http-nio-8080-exec-1] Loading properties [P:\Workspace-22.0\Projects\Acme-Toolkits-E3.08\target\classes\WEB-INF\views\master\validation-en.i18n] with encoding 'utf-8' 
2022-05-30 02:09:59.978 DEBUG [acme.framework.configuration.ExtendedMessageSource@http-nio-8080-exec-1] Loading properties [P:\Workspace-22.0\Projects\Acme-Toolkits-E3.08\target\classes\WEB-INF\views\patron\patron-dashboard\messages-en.i18n] with encoding 'utf-8' 
2022-05-30 02:09:59.979 DEBUG [acme.framework.configuration.ExtendedMessageSource@http-nio-8080-exec-1] Loading properties [P:\Workspace-22.0\Projects\Acme-Toolkits-E3.08\target\classes\WEB-INF\views\patron\patronage\messsages-en.i18n] with encoding 'utf-8' 
2022-05-30 02:09:59.980 DEBUG [acme.framework.configuration.ExtendedMessageSource@http-nio-8080-exec-1] Loading properties [P:\Workspace-22.0\Projects\Acme-Toolkits-E3.08\target\classes\WEB-INF\views\patron\patronage-report\messsages-en.i18n] with encoding 'utf-8' 
2022-05-30 02:10:00.157 DEBUG [org.apache.jasper.servlet.JspServlet@http-nio-8080-exec-1] JspEngine --> /WEB-INF/views/inventor/item/list.jsp 
2022-05-30 02:10:00.158 DEBUG [org.apache.jasper.servlet.JspServlet@http-nio-8080-exec-1] ServletPath: /WEB-INF/views/master/page.jsp 
2022-05-30 02:10:00.158 DEBUG [org.apache.jasper.servlet.JspServlet@http-nio-8080-exec-1] PathInfo: null 
2022-05-30 02:10:00.160 DEBUG [org.apache.jasper.servlet.JspServlet@http-nio-8080-exec-1] RealPath: P:\Workspace-22.0\Projects\Acme-Toolkits-E3.08\target\classes\WEB-INF\views\inventor\item\list.jsp 
2022-05-30 02:10:00.161 DEBUG [org.apache.jasper.servlet.JspServlet@http-nio-8080-exec-1] RequestURI: /acme-toolkits-e3.08-1.0/WEB-INF/views/master/page.jsp 
2022-05-30 02:10:00.161 DEBUG [org.apache.jasper.servlet.JspServlet@http-nio-8080-exec-1] QueryString: null 
2022-05-30 02:10:03.675 DEBUG [acme.framework.controllers.AbstractController@http-nio-8080-exec-9] DISPATCHING GET /acme-toolkits-e3.08-1.0/inventor/item/show 
2022-05-30 02:10:03.676 DEBUG [acme.framework.controllers.AbstractController@http-nio-8080-exec-9] Command: show 
2022-05-30 02:10:03.676 DEBUG [acme.framework.controllers.AbstractController@http-nio-8080-exec-9] Model:   {id=13} 
2022-05-30 02:10:03.676 DEBUG [acme.framework.controllers.AbstractController@http-nio-8080-exec-9] Locale:  en 
2022-05-30 02:10:03.676 DEBUG [acme.framework.controllers.AbstractController@http-nio-8080-exec-9] Starting transaction 5fb98030-84b0-4d5a-bb1f-863eb1eb29a6 
2022-05-30 02:10:03.679 DEBUG [org.hibernate.SQL@http-nio-8080-exec-9] select item0_.id as id1_0_, item0_.version as version2_0_, item0_.code as code1_10_, item0_.description as descript2_10_, item0_.inventor_id as invento12_10_, item0_.item_type as item_typ3_10_, item0_.link as link4_10_, item0_.name as name5_10_, item0_.published as publishe6_10_, item0_.retail_price_amount as retail_p7_10_, item0_.retail_price_currency as retail_p8_10_, item0_.system_retail_price_amount as system_r9_10_, item0_.system_retail_price_currency as system_10_10_, item0_.technology as technol11_10_ from item item0_ where item0_.id=? 
2022-05-30 02:10:03.680 TRACE [org.hibernate.type.descriptor.sql.BasicBinder@http-nio-8080-exec-9] binding parameter [1] as [INTEGER] - [13] 
2022-05-30 02:10:03.682 DEBUG [org.hibernate.SQL@http-nio-8080-exec-9] select inventor0_.id as id1_0_0_, inventor0_.version as version2_0_0_, inventor0_.user_account_id as user_acc1_19_0_, inventor0_.company as company1_9_0_, inventor0_.info as info2_9_0_, inventor0_.statement as statemen3_9_0_, useraccoun1_.id as id1_0_1_, useraccoun1_.version as version2_0_1_, useraccoun1_.enabled as enabled1_18_1_, useraccoun1_.identity as identity2_18_1_, useraccoun1_.password as password3_18_1_, useraccoun1_.username as username4_18_1_ from inventor inventor0_ inner join user_account useraccoun1_ on inventor0_.user_account_id=useraccoun1_.id where inventor0_.id=? 
2022-05-30 02:10:03.683 TRACE [org.hibernate.type.descriptor.sql.BasicBinder@http-nio-8080-exec-9] binding parameter [1] as [INTEGER] - [12] 
2022-05-30 02:10:03.698 DEBUG [org.hibernate.SQL@http-nio-8080-exec-9] select item0_.id as id1_0_, item0_.version as version2_0_, item0_.code as code1_10_, item0_.description as descript2_10_, item0_.inventor_id as invento12_10_, item0_.item_type as item_typ3_10_, item0_.link as link4_10_, item0_.name as name5_10_, item0_.published as publishe6_10_, item0_.retail_price_amount as retail_p7_10_, item0_.retail_price_currency as retail_p8_10_, item0_.system_retail_price_amount as system_r9_10_, item0_.system_retail_price_currency as system_10_10_, item0_.technology as technol11_10_ from item item0_ where item0_.id=? 
2022-05-30 02:10:03.698 TRACE [org.hibernate.type.descriptor.sql.BasicBinder@http-nio-8080-exec-9] binding parameter [1] as [INTEGER] - [13] 
2022-05-30 02:10:03.700 DEBUG [org.hibernate.SQL@http-nio-8080-exec-9] select systemconf0_.id as id1_0_, systemconf0_.version as version2_0_, systemconf0_.accepted_currencies as accepted1_16_, systemconf0_.strong_spam_terms as strong_s2_16_, systemconf0_.strong_spam_threshold as strong_s3_16_, systemconf0_.system_currency as system_c4_16_, systemconf0_.weak_spam_terms as weak_spa5_16_, systemconf0_.weak_spam_threshold as weak_spa6_16_ from system_configuration systemconf0_ 
2022-05-30 02:10:04.328 DEBUG [acme.framework.controllers.AbstractController@http-nio-8080-exec-9] Committing transaction 5fb98030-84b0-4d5a-bb1f-863eb1eb29a6 
2022-05-30 02:10:04.331 DEBUG [acme.framework.controllers.AbstractController@http-nio-8080-exec-9] Starting transaction bd87eb89-8151-44c5-916d-b3f85d87051f 
2022-05-30 02:10:04.331 DEBUG [acme.framework.controllers.AbstractController@http-nio-8080-exec-9] Committing transaction bd87eb89-8151-44c5-916d-b3f85d87051f 
2022-05-30 02:10:04.332 DEBUG [acme.framework.controllers.AbstractController@http-nio-8080-exec-9] SERVING GET /acme-toolkits-e3.08-1.0/inventor/item/show 
2022-05-30 02:10:04.332 DEBUG [acme.framework.controllers.AbstractController@http-nio-8080-exec-9] Result: ModelAndView [view="inventor/item/form"; model={itemId=13, itemType=TOOL, code=ASD-123, name=Martillo, link=https://www.leroymerlin.es/fp/81968467/maceta-3-8-cm, description=dshjhds, technology=Acero, published=true, id=13, systemRetailPrice=<<EUR 12.00>>, retailPrice=<<EUR 12.00>>, version=1, command=show, principal=acme.framework.entities.Principal@19697319}] 
2022-05-30 02:10:04.333 DEBUG [acme.framework.components.tiles.DynamicTilesView@http-nio-8080-exec-9] View name 'inventor/item/form', model {itemId=13, itemType=TOOL, code=ASD-123, name=Martillo, link=https://www.leroymerlin.es/fp/81968467/maceta-3-8-cm, description=dshjhds, technology=Acero, published=true, id=13, systemRetailPrice=<<EUR 12.00>>, retailPrice=<<EUR 12.00>>, version=1, command=show, principal=acme.framework.entities.Principal@19697319, org.springframework.validation.BindingResult.systemRetailPrice=org.springframework.validation.BeanPropertyBindingResult: 0 errors, org.springframework.validation.BindingResult.retailPrice=org.springframework.validation.BeanPropertyBindingResult: 0 errors, org.springframework.validation.BindingResult.principal=org.springframework.validation.BeanPropertyBindingResult: 0 errors} 
2022-05-30 02:10:04.334 DEBUG [org.apache.jasper.servlet.JspServlet@http-nio-8080-exec-9] JspEngine --> /WEB-INF/views/master/page.jsp 
2022-05-30 02:10:04.334 DEBUG [org.apache.jasper.servlet.JspServlet@http-nio-8080-exec-9] ServletPath: /WEB-INF/views/master/page.jsp 
2022-05-30 02:10:04.334 DEBUG [org.apache.jasper.servlet.JspServlet@http-nio-8080-exec-9] PathInfo: null 
2022-05-30 02:10:04.336 DEBUG [org.apache.jasper.servlet.JspServlet@http-nio-8080-exec-9] RealPath: P:\Workspace-22.0\Projects\Acme-Toolkits-E3.08\target\classes\WEB-INF\views\master\page.jsp 
2022-05-30 02:10:04.336 DEBUG [org.apache.jasper.servlet.JspServlet@http-nio-8080-exec-9] RequestURI: /acme-toolkits-e3.08-1.0/WEB-INF/views/master/page.jsp 
2022-05-30 02:10:04.336 DEBUG [org.apache.jasper.servlet.JspServlet@http-nio-8080-exec-9] QueryString: id=13 
2022-05-30 02:10:04.434 DEBUG [org.apache.jasper.servlet.JspServlet@http-nio-8080-exec-9] JspEngine --> /WEB-INF/views/inventor/item/form.jsp 
2022-05-30 02:10:04.434 DEBUG [org.apache.jasper.servlet.JspServlet@http-nio-8080-exec-9] ServletPath: /WEB-INF/views/master/page.jsp 
2022-05-30 02:10:04.434 DEBUG [org.apache.jasper.servlet.JspServlet@http-nio-8080-exec-9] PathInfo: null 
2022-05-30 02:10:04.436 DEBUG [org.apache.jasper.servlet.JspServlet@http-nio-8080-exec-9] RealPath: P:\Workspace-22.0\Projects\Acme-Toolkits-E3.08\target\classes\WEB-INF\views\inventor\item\form.jsp 
2022-05-30 02:10:04.436 DEBUG [org.apache.jasper.servlet.JspServlet@http-nio-8080-exec-9] RequestURI: /acme-toolkits-e3.08-1.0/WEB-INF/views/master/page.jsp 
2022-05-30 02:10:04.436 DEBUG [org.apache.jasper.servlet.JspServlet@http-nio-8080-exec-9] QueryString: id=13 
2022-05-30 02:10:04.852 DEBUG [acme.framework.controllers.AbstractController@http-nio-8080-exec-1] DISPATCHING GET /acme-toolkits-e3.08-1.0/inventor/item/show 
2022-05-30 02:10:04.852 DEBUG [acme.framework.controllers.AbstractController@http-nio-8080-exec-1] Command: show 
2022-05-30 02:10:04.852 DEBUG [acme.framework.controllers.AbstractController@http-nio-8080-exec-1] Model:   {id=13} 
2022-05-30 02:10:04.852 DEBUG [acme.framework.controllers.AbstractController@http-nio-8080-exec-1] Locale:  en 
2022-05-30 02:10:04.852 DEBUG [acme.framework.controllers.AbstractController@http-nio-8080-exec-1] Starting transaction 058b1c5e-8e0f-459b-8134-0a7f45c07c09 
2022-05-30 02:10:04.853 DEBUG [org.hibernate.SQL@http-nio-8080-exec-1] select item0_.id as id1_0_, item0_.version as version2_0_, item0_.code as code1_10_, item0_.description as descript2_10_, item0_.inventor_id as invento12_10_, item0_.item_type as item_typ3_10_, item0_.link as link4_10_, item0_.name as name5_10_, item0_.published as publishe6_10_, item0_.retail_price_amount as retail_p7_10_, item0_.retail_price_currency as retail_p8_10_, item0_.system_retail_price_amount as system_r9_10_, item0_.system_retail_price_currency as system_10_10_, item0_.technology as technol11_10_ from item item0_ where item0_.id=? 
2022-05-30 02:10:04.854 TRACE [org.hibernate.type.descriptor.sql.BasicBinder@http-nio-8080-exec-1] binding parameter [1] as [INTEGER] - [13] 
2022-05-30 02:10:04.858 DEBUG [org.hibernate.SQL@http-nio-8080-exec-1] select inventor0_.id as id1_0_0_, inventor0_.version as version2_0_0_, inventor0_.user_account_id as user_acc1_19_0_, inventor0_.company as company1_9_0_, inventor0_.info as info2_9_0_, inventor0_.statement as statemen3_9_0_, useraccoun1_.id as id1_0_1_, useraccoun1_.version as version2_0_1_, useraccoun1_.enabled as enabled1_18_1_, useraccoun1_.identity as identity2_18_1_, useraccoun1_.password as password3_18_1_, useraccoun1_.username as username4_18_1_ from inventor inventor0_ inner join user_account useraccoun1_ on inventor0_.user_account_id=useraccoun1_.id where inventor0_.id=? 
2022-05-30 02:10:04.859 TRACE [org.hibernate.type.descriptor.sql.BasicBinder@http-nio-8080-exec-1] binding parameter [1] as [INTEGER] - [12] 
2022-05-30 02:10:04.862 DEBUG [org.hibernate.SQL@http-nio-8080-exec-1] select item0_.id as id1_0_, item0_.version as version2_0_, item0_.code as code1_10_, item0_.description as descript2_10_, item0_.inventor_id as invento12_10_, item0_.item_type as item_typ3_10_, item0_.link as link4_10_, item0_.name as name5_10_, item0_.published as publishe6_10_, item0_.retail_price_amount as retail_p7_10_, item0_.retail_price_currency as retail_p8_10_, item0_.system_retail_price_amount as system_r9_10_, item0_.system_retail_price_currency as system_10_10_, item0_.technology as technol11_10_ from item item0_ where item0_.id=? 
2022-05-30 02:10:04.863 TRACE [org.hibernate.type.descriptor.sql.BasicBinder@http-nio-8080-exec-1] binding parameter [1] as [INTEGER] - [13] 
2022-05-30 02:10:04.865 DEBUG [org.hibernate.SQL@http-nio-8080-exec-1] select systemconf0_.id as id1_0_, systemconf0_.version as version2_0_, systemconf0_.accepted_currencies as accepted1_16_, systemconf0_.strong_spam_terms as strong_s2_16_, systemconf0_.strong_spam_threshold as strong_s3_16_, systemconf0_.system_currency as system_c4_16_, systemconf0_.weak_spam_terms as weak_spa5_16_, systemconf0_.weak_spam_threshold as weak_spa6_16_ from system_configuration systemconf0_ 
2022-05-30 02:10:04.906 DEBUG [acme.framework.controllers.AbstractController@http-nio-8080-exec-1] Committing transaction 058b1c5e-8e0f-459b-8134-0a7f45c07c09 
2022-05-30 02:10:04.907 DEBUG [acme.framework.controllers.AbstractController@http-nio-8080-exec-1] Starting transaction 9276ce6a-e4d7-41a4-9755-dae8691036a4 
2022-05-30 02:10:04.908 DEBUG [acme.framework.controllers.AbstractController@http-nio-8080-exec-1] Committing transaction 9276ce6a-e4d7-41a4-9755-dae8691036a4 
2022-05-30 02:10:04.909 DEBUG [acme.framework.controllers.AbstractController@http-nio-8080-exec-1] SERVING GET /acme-toolkits-e3.08-1.0/inventor/item/show 
2022-05-30 02:10:04.909 DEBUG [acme.framework.controllers.AbstractController@http-nio-8080-exec-1] Result: ModelAndView [view="inventor/item/form"; model={itemId=13, itemType=TOOL, code=ASD-123, name=Martillo, link=https://www.leroymerlin.es/fp/81968467/maceta-3-8-cm, description=dshjhds, technology=Acero, published=true, id=13, systemRetailPrice=<<EUR 12.00>>, retailPrice=<<EUR 12.00>>, version=1, command=show, principal=acme.framework.entities.Principal@19697319}] 
2022-05-30 02:10:04.909 DEBUG [acme.framework.components.tiles.DynamicTilesView@http-nio-8080-exec-1] View name 'inventor/item/form', model {itemId=13, itemType=TOOL, code=ASD-123, name=Martillo, link=https://www.leroymerlin.es/fp/81968467/maceta-3-8-cm, description=dshjhds, technology=Acero, published=true, id=13, systemRetailPrice=<<EUR 12.00>>, retailPrice=<<EUR 12.00>>, version=1, command=show, principal=acme.framework.entities.Principal@19697319, org.springframework.validation.BindingResult.systemRetailPrice=org.springframework.validation.BeanPropertyBindingResult: 0 errors, org.springframework.validation.BindingResult.retailPrice=org.springframework.validation.BeanPropertyBindingResult: 0 errors, org.springframework.validation.BindingResult.principal=org.springframework.validation.BeanPropertyBindingResult: 0 errors} 
2022-05-30 02:10:04.911 DEBUG [org.apache.jasper.servlet.JspServlet@http-nio-8080-exec-1] JspEngine --> /WEB-INF/views/master/page.jsp 
2022-05-30 02:10:04.911 DEBUG [org.apache.jasper.servlet.JspServlet@http-nio-8080-exec-1] ServletPath: /WEB-INF/views/master/page.jsp 
2022-05-30 02:10:04.911 DEBUG [org.apache.jasper.servlet.JspServlet@http-nio-8080-exec-1] PathInfo: null 
2022-05-30 02:10:04.913 DEBUG [org.apache.jasper.servlet.JspServlet@http-nio-8080-exec-1] RealPath: P:\Workspace-22.0\Projects\Acme-Toolkits-E3.08\target\classes\WEB-INF\views\master\page.jsp 
2022-05-30 02:10:04.913 DEBUG [org.apache.jasper.servlet.JspServlet@http-nio-8080-exec-1] RequestURI: /acme-toolkits-e3.08-1.0/WEB-INF/views/master/page.jsp 
2022-05-30 02:10:04.913 DEBUG [org.apache.jasper.servlet.JspServlet@http-nio-8080-exec-1] QueryString: id=13 
2022-05-30 02:10:05.078 DEBUG [org.apache.jasper.servlet.JspServlet@http-nio-8080-exec-1] JspEngine --> /WEB-INF/views/inventor/item/form.jsp 
2022-05-30 02:10:05.079 DEBUG [org.apache.jasper.servlet.JspServlet@http-nio-8080-exec-1] ServletPath: /WEB-INF/views/master/page.jsp 
2022-05-30 02:10:05.079 DEBUG [org.apache.jasper.servlet.JspServlet@http-nio-8080-exec-1] PathInfo: null 
2022-05-30 02:10:05.080 DEBUG [org.apache.jasper.servlet.JspServlet@http-nio-8080-exec-1] RealPath: P:\Workspace-22.0\Projects\Acme-Toolkits-E3.08\target\classes\WEB-INF\views\inventor\item\form.jsp 
2022-05-30 02:10:05.081 DEBUG [org.apache.jasper.servlet.JspServlet@http-nio-8080-exec-1] RequestURI: /acme-toolkits-e3.08-1.0/WEB-INF/views/master/page.jsp 
2022-05-30 02:10:05.081 DEBUG [org.apache.jasper.servlet.JspServlet@http-nio-8080-exec-1] QueryString: id=13 
2022-05-30 02:10:08.474 DEBUG [acme.framework.controllers.AbstractController@http-nio-8080-exec-10] DISPATCHING GET /acme-toolkits-e3.08-1.0/inventor/chimpum/create 
2022-05-30 02:10:08.474 DEBUG [acme.framework.controllers.AbstractController@http-nio-8080-exec-10] Command: create 
2022-05-30 02:10:08.474 DEBUG [acme.framework.controllers.AbstractController@http-nio-8080-exec-10] Model:   {id=13} 
2022-05-30 02:10:08.474 DEBUG [acme.framework.controllers.AbstractController@http-nio-8080-exec-10] Locale:  en 
2022-05-30 02:10:08.475 DEBUG [acme.framework.controllers.AbstractController@http-nio-8080-exec-10] Starting transaction ad2c87e8-f572-466d-b58c-1d71d488e502 
2022-05-30 02:10:08.480 DEBUG [acme.framework.controllers.AbstractController@http-nio-8080-exec-10] Committing transaction ad2c87e8-f572-466d-b58c-1d71d488e502 
2022-05-30 02:10:08.480 DEBUG [acme.framework.controllers.AbstractController@http-nio-8080-exec-10] Starting transaction cbc80b32-5c3e-4d5c-b6df-bfddd37da73b 
2022-05-30 02:10:08.481 DEBUG [acme.framework.controllers.AbstractController@http-nio-8080-exec-10] Committing transaction cbc80b32-5c3e-4d5c-b6df-bfddd37da73b 
2022-05-30 02:10:08.481 DEBUG [acme.framework.controllers.AbstractController@http-nio-8080-exec-10] SERVING GET /acme-toolkits-e3.08-1.0/inventor/chimpum/create 
2022-05-30 02:10:08.481 DEBUG [acme.framework.controllers.AbstractController@http-nio-8080-exec-10] Result: ModelAndView [view="inventor/chimpum/form"; model={itemId=13, initialPeriod=null, finalPeriod=null, creationMoment=Mon May 30 02:10:08 CEST 2022, pattern=, link=null, description=, id=0, title=, version=0, budget=null, command=create, principal=acme.framework.entities.Principal@19697319}] 
2022-05-30 02:10:08.481 DEBUG [acme.framework.components.tiles.DynamicTilesView@http-nio-8080-exec-10] View name 'inventor/chimpum/form', model {itemId=13, initialPeriod=null, finalPeriod=null, creationMoment=Mon May 30 02:10:08 CEST 2022, pattern=, link=null, description=, id=0, title=, version=0, budget=null, command=create, principal=acme.framework.entities.Principal@19697319, org.springframework.validation.BindingResult.principal=org.springframework.validation.BeanPropertyBindingResult: 0 errors} 
2022-05-30 02:10:08.482 DEBUG [org.apache.jasper.servlet.JspServlet@http-nio-8080-exec-10] JspEngine --> /WEB-INF/views/master/page.jsp 
2022-05-30 02:10:08.483 DEBUG [org.apache.jasper.servlet.JspServlet@http-nio-8080-exec-10] ServletPath: /WEB-INF/views/master/page.jsp 
2022-05-30 02:10:08.483 DEBUG [org.apache.jasper.servlet.JspServlet@http-nio-8080-exec-10] PathInfo: null 
2022-05-30 02:10:08.484 DEBUG [org.apache.jasper.servlet.JspServlet@http-nio-8080-exec-10] RealPath: P:\Workspace-22.0\Projects\Acme-Toolkits-E3.08\target\classes\WEB-INF\views\master\page.jsp 
2022-05-30 02:10:08.484 DEBUG [org.apache.jasper.servlet.JspServlet@http-nio-8080-exec-10] RequestURI: /acme-toolkits-e3.08-1.0/WEB-INF/views/master/page.jsp 
2022-05-30 02:10:08.484 DEBUG [org.apache.jasper.servlet.JspServlet@http-nio-8080-exec-10] QueryString: id=13 
2022-05-30 02:10:08.569 DEBUG [org.apache.jasper.servlet.JspServlet@http-nio-8080-exec-10] JspEngine --> /WEB-INF/views/inventor/chimpum/form.jsp 
2022-05-30 02:10:08.569 DEBUG [org.apache.jasper.servlet.JspServlet@http-nio-8080-exec-10] ServletPath: /WEB-INF/views/master/page.jsp 
2022-05-30 02:10:08.570 DEBUG [org.apache.jasper.servlet.JspServlet@http-nio-8080-exec-10] PathInfo: null 
2022-05-30 02:10:08.571 DEBUG [org.apache.jasper.servlet.JspServlet@http-nio-8080-exec-10] RealPath: P:\Workspace-22.0\Projects\Acme-Toolkits-E3.08\target\classes\WEB-INF\views\inventor\chimpum\form.jsp 
2022-05-30 02:10:08.572 DEBUG [org.apache.jasper.servlet.JspServlet@http-nio-8080-exec-10] RequestURI: /acme-toolkits-e3.08-1.0/WEB-INF/views/master/page.jsp 
2022-05-30 02:10:08.572 DEBUG [org.apache.jasper.servlet.JspServlet@http-nio-8080-exec-10] QueryString: id=13 
2022-05-30 02:10:23.918 DEBUG [acme.framework.controllers.AbstractController@http-nio-8080-exec-6] DISPATCHING POST /acme-toolkits-e3.08-1.0/inventor/chimpum/create 
2022-05-30 02:10:23.918 DEBUG [acme.framework.controllers.AbstractController@http-nio-8080-exec-6] Command: create 
2022-05-30 02:10:23.918 DEBUG [acme.framework.controllers.AbstractController@http-nio-8080-exec-6] Model:   {id=0, version=0, _csrf=6e710a63-2859-4c8b-80d4-bb2bbd88b4b9, itemName=, pattern=fgdt, creationMoment=2022/05/30 02:10, title=dhdg, description=sgsz, initialPeriod=2022/07/30 01:15, finalPeriod=2022/09/30 01:15, budget=EUR 12.00, link=} 
2022-05-30 02:10:23.918 DEBUG [acme.framework.controllers.AbstractController@http-nio-8080-exec-6] Locale:  en 
2022-05-30 02:10:23.918 DEBUG [acme.framework.controllers.AbstractController@http-nio-8080-exec-6] Starting transaction b732babf-1993-48d6-8129-27f58fbb7a57 
2022-05-30 02:10:23.920 DEBUG [acme.framework.controllers.AbstractController@http-nio-8080-exec-6] Rolling transaction b732babf-1993-48d6-8129-27f58fbb7a57 back 
2022-05-30 02:10:23.921 DEBUG [acme.framework.controllers.AbstractController@http-nio-8080-exec-6] Starting transaction 0d9df926-c336-45fd-8d6b-8ef15fd75d99 
2022-05-30 02:10:23.922 DEBUG [acme.framework.controllers.AbstractController@http-nio-8080-exec-6] Committing transaction 0d9df926-c336-45fd-8d6b-8ef15fd75d99 
2022-05-30 02:10:23.922 DEBUG [acme.framework.controllers.AbstractController@http-nio-8080-exec-6] SERVING POST /acme-toolkits-e3.08-1.0/inventor/chimpum/create 
2022-05-30 02:10:23.922 DEBUG [acme.framework.controllers.AbstractController@http-nio-8080-exec-6] Result: ModelAndView [view="master/panic"; model={oops=java.lang.AssertionError: Attribute 'itemId' is missing in your model}] 
2022-05-30 02:10:23.923 DEBUG [acme.framework.components.tiles.DynamicTilesView@http-nio-8080-exec-6] View name 'master/panic', model {oops=java.lang.AssertionError: Attribute 'itemId' is missing in your model, org.springframework.validation.BindingResult.oops=org.springframework.validation.BeanPropertyBindingResult: 0 errors} 
2022-05-30 02:10:23.923 DEBUG [org.apache.jasper.servlet.JspServlet@http-nio-8080-exec-6] JspEngine --> /WEB-INF/views/master/page.jsp 
2022-05-30 02:10:23.924 DEBUG [org.apache.jasper.servlet.JspServlet@http-nio-8080-exec-6] ServletPath: /WEB-INF/views/master/page.jsp 
2022-05-30 02:10:23.924 DEBUG [org.apache.jasper.servlet.JspServlet@http-nio-8080-exec-6] PathInfo: null 
2022-05-30 02:10:23.925 DEBUG [org.apache.jasper.servlet.JspServlet@http-nio-8080-exec-6] RealPath: P:\Workspace-22.0\Projects\Acme-Toolkits-E3.08\target\classes\WEB-INF\views\master\page.jsp 
2022-05-30 02:10:23.925 DEBUG [org.apache.jasper.servlet.JspServlet@http-nio-8080-exec-6] RequestURI: /acme-toolkits-e3.08-1.0/WEB-INF/views/master/page.jsp 
2022-05-30 02:10:23.925 DEBUG [org.apache.jasper.servlet.JspServlet@http-nio-8080-exec-6] QueryString: null 
2022-05-30 02:10:23.996 DEBUG [org.apache.jasper.servlet.JspServlet@http-nio-8080-exec-6] JspEngine --> /WEB-INF/views/master/panic.jsp 
2022-05-30 02:10:23.997 DEBUG [org.apache.jasper.servlet.JspServlet@http-nio-8080-exec-6] ServletPath: /WEB-INF/views/master/page.jsp 
2022-05-30 02:10:23.997 DEBUG [org.apache.jasper.servlet.JspServlet@http-nio-8080-exec-6] PathInfo: null 
2022-05-30 02:10:23.997 DEBUG [org.apache.jasper.servlet.JspServlet@http-nio-8080-exec-6] RealPath: P:\Workspace-22.0\Projects\Acme-Toolkits-E3.08\target\classes\WEB-INF\views\master\panic.jsp 
2022-05-30 02:10:23.997 DEBUG [org.apache.jasper.servlet.JspServlet@http-nio-8080-exec-6] RequestURI: /acme-toolkits-e3.08-1.0/WEB-INF/views/master/page.jsp 
2022-05-30 02:10:23.998 DEBUG [org.apache.jasper.servlet.JspServlet@http-nio-8080-exec-6] QueryString: null 
2022-05-30 02:10:24.175 ERROR [org.apache.jsp.WEB_002dINF.views.master.panic_jsp@http-nio-8080-exec-6] HTTP POST /acme-toolkits-e3.08-1.0/WEB-INF/views/master/page.jsp HTTP/1.1 
2022-05-30 02:10:24.176 ERROR [org.apache.jsp.WEB_002dINF.views.master.panic_jsp@http-nio-8080-exec-6] Status: 500 
2022-05-30 02:10:24.180 ERROR [org.apache.jsp.WEB_002dINF.views.master.panic_jsp@http-nio-8080-exec-6] Exception: acme.framework.components.models.Model.getInteger(Model.java:177): Attribute 'itemId' is missing in your model 
