2022-05-29 14:06:03.913 INFO  [acme.Launcher@main] Starting Launcher using Java 1.8.0_281 on DESKTOP-B7M6F9V with PID 12868 (P:\Workspace-22.0\Frameworks\Acme-Framework-22.7\target\classes started by pabli in P:\Workspace-22.0\Projects\Acme-Toolkits-E3.08) 
2022-05-29 14:06:03.915 DEBUG [acme.Launcher@main] Running with Spring Boot v2.4.2, Spring v5.3.3 
2022-05-29 14:06:03.916 INFO  [acme.Launcher@main] The following profiles are active: development,default 
2022-05-29 14:06:06.284 DEBUG [org.apache.jasper.servlet.JasperInitializer@main] Initializing Jasper for context [application] 
2022-05-29 14:06:10.557 DEBUG [org.apache.jasper.servlet.JspServlet@main] Scratch dir for the JSP engine is: [C:\Users\pabli\AppData\Local\Temp\tomcat.8080.2982209982201312219\work\Tomcat\localhost\acme-toolkits-e3.08-1.0] 
2022-05-29 14:06:10.558 DEBUG [org.apache.jasper.servlet.JspServlet@main] IMPORTANT: Do not modify the generated servlets 
2022-05-29 14:06:10.566 INFO  [acme.Launcher@main] Started Launcher in 7.23 seconds (JVM running for 7.73) 
2022-05-29 14:06:10.570 DEBUG [acme.Launcher@main] Found classpath entry '/P:/Workspace-22.0/Projects/Acme-Toolkits-E3.08/target/test-classes/' 
2022-05-29 14:06:10.570 DEBUG [acme.Launcher@main] Found classpath entry '/P:/Workspace-22.0/Projects/Acme-Toolkits-E3.08/target/classes/' 
2022-05-29 14:06:10.570 DEBUG [acme.Launcher@main] Found classpath entry '/P:/Workspace-22.0/Projects/Acme-Toolkits-E3.08/spam-detector/project.jar' 
2022-05-29 14:06:10.570 DEBUG [acme.Launcher@main] Found classpath entry '/P:/Workspace-22.0/Frameworks/Acme-Framework-22.7/target/classes/' 
2022-05-29 14:06:10.570 DEBUG [acme.Launcher@main] Found classpath entry '/P:/Workspace-22.0/Frameworks/Acme-Framework-22.7/target/test-classes/' 
2022-05-29 14:06:10.570 DEBUG [acme.Launcher@main] Found classpath entry '/C:/Users/pabli/.m2/repository/org/springframework/boot/spring-boot-starter-tomcat/2.4.2/spring-boot-starter-tomcat-2.4.2.jar' 
2022-05-29 14:06:10.571 DEBUG [acme.Launcher@main] Found classpath entry '/C:/Users/pabli/.m2/repository/jakarta/annotation/jakarta.annotation-api/1.3.5/jakarta.annotation-api-1.3.5.jar' 
2022-05-29 14:06:10.571 DEBUG [acme.Launcher@main] Found classpath entry '/C:/Users/pabli/.m2/repository/org/apache/tomcat/embed/tomcat-embed-core/9.0.41/tomcat-embed-core-9.0.41.jar' 
2022-05-29 14:06:10.571 DEBUG [acme.Launcher@main] Found classpath entry '/C:/Users/pabli/.m2/repository/org/glassfish/jakarta.el/3.0.3/jakarta.el-3.0.3.jar' 
2022-05-29 14:06:10.571 DEBUG [acme.Launcher@main] Found classpath entry '/C:/Users/pabli/.m2/repository/org/apache/tomcat/embed/tomcat-embed-websocket/9.0.41/tomcat-embed-websocket-9.0.41.jar' 
2022-05-29 14:06:10.571 DEBUG [acme.Launcher@main] Found classpath entry '/C:/Users/pabli/.m2/repository/org/apache/tomcat/embed/tomcat-embed-jasper/9.0.41/tomcat-embed-jasper-9.0.41.jar' 
2022-05-29 14:06:10.571 DEBUG [acme.Launcher@main] Found classpath entry '/C:/Users/pabli/.m2/repository/org/apache/tomcat/embed/tomcat-embed-el/9.0.41/tomcat-embed-el-9.0.41.jar' 
2022-05-29 14:06:10.571 DEBUG [acme.Launcher@main] Found classpath entry '/C:/Users/pabli/.m2/repository/org/eclipse/jdt/ecj/3.18.0/ecj-3.18.0.jar' 
2022-05-29 14:06:10.572 DEBUG [acme.Launcher@main] Found classpath entry '/C:/Users/pabli/.m2/repository/javax/servlet/jstl/1.2/jstl-1.2.jar' 
2022-05-29 14:06:10.572 DEBUG [acme.Launcher@main] Found classpath entry '/C:/Users/pabli/.m2/repository/org/springframework/boot/spring-boot-starter-security/2.4.2/spring-boot-starter-security-2.4.2.jar' 
2022-05-29 14:06:10.572 DEBUG [acme.Launcher@main] Found classpath entry '/C:/Users/pabli/.m2/repository/org/springframework/boot/spring-boot-starter/2.4.2/spring-boot-starter-2.4.2.jar' 
2022-05-29 14:06:10.572 DEBUG [acme.Launcher@main] Found classpath entry '/C:/Users/pabli/.m2/repository/org/springframework/boot/spring-boot/2.4.2/spring-boot-2.4.2.jar' 
2022-05-29 14:06:10.572 DEBUG [acme.Launcher@main] Found classpath entry '/C:/Users/pabli/.m2/repository/org/springframework/boot/spring-boot-autoconfigure/2.4.2/spring-boot-autoconfigure-2.4.2.jar' 
2022-05-29 14:06:10.572 DEBUG [acme.Launcher@main] Found classpath entry '/C:/Users/pabli/.m2/repository/org/springframework/boot/spring-boot-starter-logging/2.4.2/spring-boot-starter-logging-2.4.2.jar' 
2022-05-29 14:06:10.572 DEBUG [acme.Launcher@main] Found classpath entry '/C:/Users/pabli/.m2/repository/ch/qos/logback/logback-classic/1.2.3/logback-classic-1.2.3.jar' 
2022-05-29 14:06:10.572 DEBUG [acme.Launcher@main] Found classpath entry '/C:/Users/pabli/.m2/repository/ch/qos/logback/logback-core/1.2.3/logback-core-1.2.3.jar' 
2022-05-29 14:06:10.572 DEBUG [acme.Launcher@main] Found classpath entry '/C:/Users/pabli/.m2/repository/org/apache/logging/log4j/log4j-to-slf4j/2.13.3/log4j-to-slf4j-2.13.3.jar' 
2022-05-29 14:06:10.573 DEBUG [acme.Launcher@main] Found classpath entry '/C:/Users/pabli/.m2/repository/org/apache/logging/log4j/log4j-api/2.13.3/log4j-api-2.13.3.jar' 
2022-05-29 14:06:10.573 DEBUG [acme.Launcher@main] Found classpath entry '/C:/Users/pabli/.m2/repository/org/slf4j/jul-to-slf4j/1.7.30/jul-to-slf4j-1.7.30.jar' 
2022-05-29 14:06:10.573 DEBUG [acme.Launcher@main] Found classpath entry '/C:/Users/pabli/.m2/repository/org/yaml/snakeyaml/1.27/snakeyaml-1.27.jar' 
2022-05-29 14:06:10.573 DEBUG [acme.Launcher@main] Found classpath entry '/C:/Users/pabli/.m2/repository/org/springframework/spring-aop/5.3.3/spring-aop-5.3.3.jar' 
2022-05-29 14:06:10.573 DEBUG [acme.Launcher@main] Found classpath entry '/C:/Users/pabli/.m2/repository/org/springframework/security/spring-security-web/5.4.2/spring-security-web-5.4.2.jar' 
2022-05-29 14:06:10.573 DEBUG [acme.Launcher@main] Found classpath entry '/C:/Users/pabli/.m2/repository/org/springframework/security/spring-security-core/5.4.2/spring-security-core-5.4.2.jar' 
2022-05-29 14:06:10.573 DEBUG [acme.Launcher@main] Found classpath entry '/C:/Users/pabli/.m2/repository/org/springframework/spring-beans/5.3.3/spring-beans-5.3.3.jar' 
2022-05-29 14:06:10.574 DEBUG [acme.Launcher@main] Found classpath entry '/C:/Users/pabli/.m2/repository/org/springframework/spring-context/5.3.3/spring-context-5.3.3.jar' 
2022-05-29 14:06:10.574 DEBUG [acme.Launcher@main] Found classpath entry '/C:/Users/pabli/.m2/repository/org/springframework/spring-core/5.3.3/spring-core-5.3.3.jar' 
2022-05-29 14:06:10.574 DEBUG [acme.Launcher@main] Found classpath entry '/C:/Users/pabli/.m2/repository/org/springframework/spring-jcl/5.3.3/spring-jcl-5.3.3.jar' 
2022-05-29 14:06:10.574 DEBUG [acme.Launcher@main] Found classpath entry '/C:/Users/pabli/.m2/repository/org/springframework/spring-expression/5.3.3/spring-expression-5.3.3.jar' 
2022-05-29 14:06:10.574 DEBUG [acme.Launcher@main] Found classpath entry '/C:/Users/pabli/.m2/repository/org/springframework/spring-web/5.3.3/spring-web-5.3.3.jar' 
2022-05-29 14:06:10.574 DEBUG [acme.Launcher@main] Found classpath entry '/C:/Users/pabli/.m2/repository/org/springframework/security/spring-security-config/5.4.2/spring-security-config-5.4.2.jar' 
2022-05-29 14:06:10.574 DEBUG [acme.Launcher@main] Found classpath entry '/C:/Users/pabli/.m2/repository/org/springframework/security/spring-security-taglibs/5.4.2/spring-security-taglibs-5.4.2.jar' 
2022-05-29 14:06:10.574 DEBUG [acme.Launcher@main] Found classpath entry '/C:/Users/pabli/.m2/repository/org/springframework/security/spring-security-acl/5.4.2/spring-security-acl-5.4.2.jar' 
2022-05-29 14:06:10.575 DEBUG [acme.Launcher@main] Found classpath entry '/C:/Users/pabli/.m2/repository/org/springframework/spring-jdbc/5.3.3/spring-jdbc-5.3.3.jar' 
2022-05-29 14:06:10.575 DEBUG [acme.Launcher@main] Found classpath entry '/C:/Users/pabli/.m2/repository/org/springframework/spring-tx/5.3.3/spring-tx-5.3.3.jar' 
2022-05-29 14:06:10.575 DEBUG [acme.Launcher@main] Found classpath entry '/C:/Users/pabli/.m2/repository/org/springframework/boot/spring-boot-starter-web/2.4.2/spring-boot-starter-web-2.4.2.jar' 
2022-05-29 14:06:10.575 DEBUG [acme.Launcher@main] Found classpath entry '/C:/Users/pabli/.m2/repository/org/springframework/boot/spring-boot-starter-json/2.4.2/spring-boot-starter-json-2.4.2.jar' 
2022-05-29 14:06:10.575 DEBUG [acme.Launcher@main] Found classpath entry '/C:/Users/pabli/.m2/repository/com/fasterxml/jackson/core/jackson-databind/2.11.4/jackson-databind-2.11.4.jar' 
2022-05-29 14:06:10.575 DEBUG [acme.Launcher@main] Found classpath entry '/C:/Users/pabli/.m2/repository/com/fasterxml/jackson/core/jackson-annotations/2.11.4/jackson-annotations-2.11.4.jar' 
2022-05-29 14:06:10.575 DEBUG [acme.Launcher@main] Found classpath entry '/C:/Users/pabli/.m2/repository/com/fasterxml/jackson/core/jackson-core/2.11.4/jackson-core-2.11.4.jar' 
2022-05-29 14:06:10.576 DEBUG [acme.Launcher@main] Found classpath entry '/C:/Users/pabli/.m2/repository/com/fasterxml/jackson/datatype/jackson-datatype-jdk8/2.11.4/jackson-datatype-jdk8-2.11.4.jar' 
2022-05-29 14:06:10.576 DEBUG [acme.Launcher@main] Found classpath entry '/C:/Users/pabli/.m2/repository/com/fasterxml/jackson/datatype/jackson-datatype-jsr310/2.11.4/jackson-datatype-jsr310-2.11.4.jar' 
2022-05-29 14:06:10.576 DEBUG [acme.Launcher@main] Found classpath entry '/C:/Users/pabli/.m2/repository/com/fasterxml/jackson/module/jackson-module-parameter-names/2.11.4/jackson-module-parameter-names-2.11.4.jar' 
2022-05-29 14:06:10.576 DEBUG [acme.Launcher@main] Found classpath entry '/C:/Users/pabli/.m2/repository/org/springframework/spring-webmvc/5.3.3/spring-webmvc-5.3.3.jar' 
2022-05-29 14:06:10.576 DEBUG [acme.Launcher@main] Found classpath entry '/C:/Users/pabli/.m2/repository/org/apache/tiles/tiles-jsp/3.0.8/tiles-jsp-3.0.8.jar' 
2022-05-29 14:06:10.576 DEBUG [acme.Launcher@main] Found classpath entry '/C:/Users/pabli/.m2/repository/org/apache/tiles/tiles-servlet/3.0.8/tiles-servlet-3.0.8.jar' 
2022-05-29 14:06:10.576 DEBUG [acme.Launcher@main] Found classpath entry '/C:/Users/pabli/.m2/repository/org/apache/tiles/tiles-core/3.0.8/tiles-core-3.0.8.jar' 
2022-05-29 14:06:10.576 DEBUG [acme.Launcher@main] Found classpath entry '/C:/Users/pabli/.m2/repository/commons-digester/commons-digester/2.0/commons-digester-2.0.jar' 
2022-05-29 14:06:10.577 DEBUG [acme.Launcher@main] Found classpath entry '/C:/Users/pabli/.m2/repository/org/slf4j/jcl-over-slf4j/1.7.30/jcl-over-slf4j-1.7.30.jar' 
2022-05-29 14:06:10.577 DEBUG [acme.Launcher@main] Found classpath entry '/C:/Users/pabli/.m2/repository/org/apache/tiles/tiles-request-servlet/1.0.7/tiles-request-servlet-1.0.7.jar' 
2022-05-29 14:06:10.577 DEBUG [acme.Launcher@main] Found classpath entry '/C:/Users/pabli/.m2/repository/org/apache/tiles/tiles-template/3.0.8/tiles-template-3.0.8.jar' 
2022-05-29 14:06:10.577 DEBUG [acme.Launcher@main] Found classpath entry '/C:/Users/pabli/.m2/repository/org/apache/tiles/tiles-api/3.0.8/tiles-api-3.0.8.jar' 
2022-05-29 14:06:10.577 DEBUG [acme.Launcher@main] Found classpath entry '/C:/Users/pabli/.m2/repository/org/apache/tiles/tiles-autotag-core-runtime/1.2/tiles-autotag-core-runtime-1.2.jar' 
2022-05-29 14:06:10.578 DEBUG [acme.Launcher@main] Found classpath entry '/C:/Users/pabli/.m2/repository/org/slf4j/slf4j-api/1.7.30/slf4j-api-1.7.30.jar' 
2022-05-29 14:06:10.578 DEBUG [acme.Launcher@main] Found classpath entry '/C:/Users/pabli/.m2/repository/org/apache/tiles/tiles-request-jsp/1.0.7/tiles-request-jsp-1.0.7.jar' 
2022-05-29 14:06:10.578 DEBUG [acme.Launcher@main] Found classpath entry '/C:/Users/pabli/.m2/repository/org/apache/tiles/tiles-request-api/1.0.7/tiles-request-api-1.0.7.jar' 
2022-05-29 14:06:10.578 DEBUG [acme.Launcher@main] Found classpath entry '/C:/Users/pabli/.m2/repository/org/springframework/boot/spring-boot-starter-data-jpa/2.4.2/spring-boot-starter-data-jpa-2.4.2.jar' 
2022-05-29 14:06:10.578 DEBUG [acme.Launcher@main] Found classpath entry '/C:/Users/pabli/.m2/repository/org/springframework/boot/spring-boot-starter-aop/2.4.2/spring-boot-starter-aop-2.4.2.jar' 
2022-05-29 14:06:10.578 DEBUG [acme.Launcher@main] Found classpath entry '/C:/Users/pabli/.m2/repository/org/aspectj/aspectjweaver/1.9.6/aspectjweaver-1.9.6.jar' 
2022-05-29 14:06:10.578 DEBUG [acme.Launcher@main] Found classpath entry '/C:/Users/pabli/.m2/repository/org/springframework/boot/spring-boot-starter-jdbc/2.4.2/spring-boot-starter-jdbc-2.4.2.jar' 
2022-05-29 14:06:10.578 DEBUG [acme.Launcher@main] Found classpath entry '/C:/Users/pabli/.m2/repository/jakarta/transaction/jakarta.transaction-api/1.3.3/jakarta.transaction-api-1.3.3.jar' 
2022-05-29 14:06:10.578 DEBUG [acme.Launcher@main] Found classpath entry '/C:/Users/pabli/.m2/repository/jakarta/persistence/jakarta.persistence-api/2.2.3/jakarta.persistence-api-2.2.3.jar' 
2022-05-29 14:06:10.578 DEBUG [acme.Launcher@main] Found classpath entry '/C:/Users/pabli/.m2/repository/org/hibernate/hibernate-core/5.4.27.Final/hibernate-core-5.4.27.Final.jar' 
2022-05-29 14:06:10.579 DEBUG [acme.Launcher@main] Found classpath entry '/C:/Users/pabli/.m2/repository/org/jboss/logging/jboss-logging/3.4.1.Final/jboss-logging-3.4.1.Final.jar' 
2022-05-29 14:06:10.579 DEBUG [acme.Launcher@main] Found classpath entry '/C:/Users/pabli/.m2/repository/org/javassist/javassist/3.27.0-GA/javassist-3.27.0-GA.jar' 
2022-05-29 14:06:10.579 DEBUG [acme.Launcher@main] Found classpath entry '/C:/Users/pabli/.m2/repository/antlr/antlr/2.7.7/antlr-2.7.7.jar' 
2022-05-29 14:06:10.579 DEBUG [acme.Launcher@main] Found classpath entry '/C:/Users/pabli/.m2/repository/org/jboss/jandex/2.1.3.Final/jandex-2.1.3.Final.jar' 
2022-05-29 14:06:10.579 DEBUG [acme.Launcher@main] Found classpath entry '/C:/Users/pabli/.m2/repository/com/fasterxml/classmate/1.5.1/classmate-1.5.1.jar' 
2022-05-29 14:06:10.579 DEBUG [acme.Launcher@main] Found classpath entry '/C:/Users/pabli/.m2/repository/org/dom4j/dom4j/2.1.3/dom4j-2.1.3.jar' 
2022-05-29 14:06:10.579 DEBUG [acme.Launcher@main] Found classpath entry '/C:/Users/pabli/.m2/repository/org/hibernate/common/hibernate-commons-annotations/5.1.2.Final/hibernate-commons-annotations-5.1.2.Final.jar' 
2022-05-29 14:06:10.579 DEBUG [acme.Launcher@main] Found classpath entry '/C:/Users/pabli/.m2/repository/org/glassfish/jaxb/jaxb-runtime/2.3.3/jaxb-runtime-2.3.3.jar' 
2022-05-29 14:06:10.579 DEBUG [acme.Launcher@main] Found classpath entry '/C:/Users/pabli/.m2/repository/org/glassfish/jaxb/txw2/2.3.3/txw2-2.3.3.jar' 
2022-05-29 14:06:10.580 DEBUG [acme.Launcher@main] Found classpath entry '/C:/Users/pabli/.m2/repository/com/sun/istack/istack-commons-runtime/3.0.11/istack-commons-runtime-3.0.11.jar' 
2022-05-29 14:06:10.580 DEBUG [acme.Launcher@main] Found classpath entry '/C:/Users/pabli/.m2/repository/com/sun/activation/jakarta.activation/1.2.2/jakarta.activation-1.2.2.jar' 
2022-05-29 14:06:10.580 DEBUG [acme.Launcher@main] Found classpath entry '/C:/Users/pabli/.m2/repository/org/springframework/data/spring-data-jpa/2.4.3/spring-data-jpa-2.4.3.jar' 
2022-05-29 14:06:10.580 DEBUG [acme.Launcher@main] Found classpath entry '/C:/Users/pabli/.m2/repository/org/springframework/data/spring-data-commons/2.4.3/spring-data-commons-2.4.3.jar' 
2022-05-29 14:06:10.580 DEBUG [acme.Launcher@main] Found classpath entry '/C:/Users/pabli/.m2/repository/org/springframework/spring-orm/5.3.3/spring-orm-5.3.3.jar' 
2022-05-29 14:06:10.580 DEBUG [acme.Launcher@main] Found classpath entry '/C:/Users/pabli/.m2/repository/org/springframework/spring-aspects/5.3.3/spring-aspects-5.3.3.jar' 
2022-05-29 14:06:10.581 DEBUG [acme.Launcher@main] Found classpath entry '/C:/Users/pabli/.m2/repository/org/springframework/boot/spring-boot-starter-validation/2.4.2/spring-boot-starter-validation-2.4.2.jar' 
2022-05-29 14:06:10.581 DEBUG [acme.Launcher@main] Found classpath entry '/C:/Users/pabli/.m2/repository/org/hibernate/validator/hibernate-validator/6.1.7.Final/hibernate-validator-6.1.7.Final.jar' 
2022-05-29 14:06:10.581 DEBUG [acme.Launcher@main] Found classpath entry '/C:/Users/pabli/.m2/repository/jakarta/validation/jakarta.validation-api/2.0.2/jakarta.validation-api-2.0.2.jar' 
2022-05-29 14:06:10.581 DEBUG [acme.Launcher@main] Found classpath entry '/C:/Users/pabli/.m2/repository/mysql/mysql-connector-java/8.0.22/mysql-connector-java-8.0.22.jar' 
2022-05-29 14:06:10.581 DEBUG [acme.Launcher@main] Found classpath entry '/C:/Users/pabli/.m2/repository/com/zaxxer/HikariCP/3.4.5/HikariCP-3.4.5.jar' 
2022-05-29 14:06:10.581 DEBUG [acme.Launcher@main] Found classpath entry '/C:/Users/pabli/.m2/repository/org/springframework/boot/spring-boot-starter-test/2.4.2/spring-boot-starter-test-2.4.2.jar' 
2022-05-29 14:06:10.581 DEBUG [acme.Launcher@main] Found classpath entry '/C:/Users/pabli/.m2/repository/org/springframework/boot/spring-boot-test/2.4.2/spring-boot-test-2.4.2.jar' 
2022-05-29 14:06:10.581 DEBUG [acme.Launcher@main] Found classpath entry '/C:/Users/pabli/.m2/repository/org/springframework/boot/spring-boot-test-autoconfigure/2.4.2/spring-boot-test-autoconfigure-2.4.2.jar' 
2022-05-29 14:06:10.581 DEBUG [acme.Launcher@main] Found classpath entry '/C:/Users/pabli/.m2/repository/com/jayway/jsonpath/json-path/2.4.0/json-path-2.4.0.jar' 
2022-05-29 14:06:10.582 DEBUG [acme.Launcher@main] Found classpath entry '/C:/Users/pabli/.m2/repository/net/minidev/json-smart/2.3/json-smart-2.3.jar' 
2022-05-29 14:06:10.582 DEBUG [acme.Launcher@main] Found classpath entry '/C:/Users/pabli/.m2/repository/net/minidev/accessors-smart/1.2/accessors-smart-1.2.jar' 
2022-05-29 14:06:10.582 DEBUG [acme.Launcher@main] Found classpath entry '/C:/Users/pabli/.m2/repository/org/ow2/asm/asm/5.0.4/asm-5.0.4.jar' 
2022-05-29 14:06:10.582 DEBUG [acme.Launcher@main] Found classpath entry '/C:/Users/pabli/.m2/repository/jakarta/xml/bind/jakarta.xml.bind-api/2.3.3/jakarta.xml.bind-api-2.3.3.jar' 
2022-05-29 14:06:10.582 DEBUG [acme.Launcher@main] Found classpath entry '/C:/Users/pabli/.m2/repository/jakarta/activation/jakarta.activation-api/1.2.2/jakarta.activation-api-1.2.2.jar' 
2022-05-29 14:06:10.582 DEBUG [acme.Launcher@main] Found classpath entry '/C:/Users/pabli/.m2/repository/org/assertj/assertj-core/3.18.1/assertj-core-3.18.1.jar' 
2022-05-29 14:06:10.582 DEBUG [acme.Launcher@main] Found classpath entry '/C:/Users/pabli/.m2/repository/org/hamcrest/hamcrest/2.2/hamcrest-2.2.jar' 
2022-05-29 14:06:10.582 DEBUG [acme.Launcher@main] Found classpath entry '/C:/Users/pabli/.m2/repository/org/junit/jupiter/junit-jupiter/5.7.0/junit-jupiter-5.7.0.jar' 
2022-05-29 14:06:10.582 DEBUG [acme.Launcher@main] Found classpath entry '/C:/Users/pabli/.m2/repository/org/mockito/mockito-core/3.6.28/mockito-core-3.6.28.jar' 
2022-05-29 14:06:10.583 DEBUG [acme.Launcher@main] Found classpath entry '/C:/Users/pabli/.m2/repository/net/bytebuddy/byte-buddy-agent/1.10.19/byte-buddy-agent-1.10.19.jar' 
2022-05-29 14:06:10.583 DEBUG [acme.Launcher@main] Found classpath entry '/C:/Users/pabli/.m2/repository/org/objenesis/objenesis/3.1/objenesis-3.1.jar' 
2022-05-29 14:06:10.583 DEBUG [acme.Launcher@main] Found classpath entry '/C:/Users/pabli/.m2/repository/org/mockito/mockito-junit-jupiter/3.6.28/mockito-junit-jupiter-3.6.28.jar' 
2022-05-29 14:06:10.583 DEBUG [acme.Launcher@main] Found classpath entry '/C:/Users/pabli/.m2/repository/org/skyscreamer/jsonassert/1.5.0/jsonassert-1.5.0.jar' 
2022-05-29 14:06:10.583 DEBUG [acme.Launcher@main] Found classpath entry '/C:/Users/pabli/.m2/repository/com/vaadin/external/google/android-json/0.0.20131108.vaadin1/android-json-0.0.20131108.vaadin1.jar' 
2022-05-29 14:06:10.583 DEBUG [acme.Launcher@main] Found classpath entry '/C:/Users/pabli/.m2/repository/org/springframework/spring-test/5.3.3/spring-test-5.3.3.jar' 
2022-05-29 14:06:10.583 DEBUG [acme.Launcher@main] Found classpath entry '/C:/Users/pabli/.m2/repository/org/xmlunit/xmlunit-core/2.7.0/xmlunit-core-2.7.0.jar' 
2022-05-29 14:06:10.583 DEBUG [acme.Launcher@main] Found classpath entry '/C:/Users/pabli/.m2/repository/org/junit/jupiter/junit-jupiter-engine/5.7.0/junit-jupiter-engine-5.7.0.jar' 
2022-05-29 14:06:10.583 DEBUG [acme.Launcher@main] Found classpath entry '/C:/Users/pabli/.m2/repository/org/apiguardian/apiguardian-api/1.1.0/apiguardian-api-1.1.0.jar' 
2022-05-29 14:06:10.584 DEBUG [acme.Launcher@main] Found classpath entry '/C:/Users/pabli/.m2/repository/org/junit/platform/junit-platform-engine/1.7.0/junit-platform-engine-1.7.0.jar' 
2022-05-29 14:06:10.584 DEBUG [acme.Launcher@main] Found classpath entry '/C:/Users/pabli/.m2/repository/org/junit/jupiter/junit-jupiter-api/5.7.0/junit-jupiter-api-5.7.0.jar' 
2022-05-29 14:06:10.584 DEBUG [acme.Launcher@main] Found classpath entry '/C:/Users/pabli/.m2/repository/org/opentest4j/opentest4j/1.2.0/opentest4j-1.2.0.jar' 
2022-05-29 14:06:10.584 DEBUG [acme.Launcher@main] Found classpath entry '/C:/Users/pabli/.m2/repository/org/junit/platform/junit-platform-commons/1.7.0/junit-platform-commons-1.7.0.jar' 
2022-05-29 14:06:10.584 DEBUG [acme.Launcher@main] Found classpath entry '/C:/Users/pabli/.m2/repository/org/junit/jupiter/junit-jupiter-params/5.7.0/junit-jupiter-params-5.7.0.jar' 
2022-05-29 14:06:10.584 DEBUG [acme.Launcher@main] Found classpath entry '/C:/Users/pabli/.m2/repository/org/junit/platform/junit-platform-launcher/1.7.0/junit-platform-launcher-1.7.0.jar' 
2022-05-29 14:06:10.584 DEBUG [acme.Launcher@main] Found classpath entry '/C:/Users/pabli/.m2/repository/org/seleniumhq/selenium/selenium-java/3.141.59/selenium-java-3.141.59.jar' 
2022-05-29 14:06:10.584 DEBUG [acme.Launcher@main] Found classpath entry '/C:/Users/pabli/.m2/repository/org/seleniumhq/selenium/selenium-api/3.141.59/selenium-api-3.141.59.jar' 
2022-05-29 14:06:10.585 DEBUG [acme.Launcher@main] Found classpath entry '/C:/Users/pabli/.m2/repository/org/seleniumhq/selenium/selenium-chrome-driver/3.141.59/selenium-chrome-driver-3.141.59.jar' 
2022-05-29 14:06:10.585 DEBUG [acme.Launcher@main] Found classpath entry '/C:/Users/pabli/.m2/repository/org/seleniumhq/selenium/selenium-edge-driver/3.141.59/selenium-edge-driver-3.141.59.jar' 
2022-05-29 14:06:10.585 DEBUG [acme.Launcher@main] Found classpath entry '/C:/Users/pabli/.m2/repository/org/seleniumhq/selenium/selenium-firefox-driver/3.141.59/selenium-firefox-driver-3.141.59.jar' 
2022-05-29 14:06:10.585 DEBUG [acme.Launcher@main] Found classpath entry '/C:/Users/pabli/.m2/repository/org/seleniumhq/selenium/selenium-ie-driver/3.141.59/selenium-ie-driver-3.141.59.jar' 
2022-05-29 14:06:10.585 DEBUG [acme.Launcher@main] Found classpath entry '/C:/Users/pabli/.m2/repository/org/seleniumhq/selenium/selenium-opera-driver/3.141.59/selenium-opera-driver-3.141.59.jar' 
2022-05-29 14:06:10.585 DEBUG [acme.Launcher@main] Found classpath entry '/C:/Users/pabli/.m2/repository/org/seleniumhq/selenium/selenium-remote-driver/3.141.59/selenium-remote-driver-3.141.59.jar' 
2022-05-29 14:06:10.585 DEBUG [acme.Launcher@main] Found classpath entry '/C:/Users/pabli/.m2/repository/org/seleniumhq/selenium/selenium-safari-driver/3.141.59/selenium-safari-driver-3.141.59.jar' 
2022-05-29 14:06:10.585 DEBUG [acme.Launcher@main] Found classpath entry '/C:/Users/pabli/.m2/repository/org/seleniumhq/selenium/selenium-support/3.141.59/selenium-support-3.141.59.jar' 
2022-05-29 14:06:10.585 DEBUG [acme.Launcher@main] Found classpath entry '/C:/Users/pabli/.m2/repository/net/bytebuddy/byte-buddy/1.10.19/byte-buddy-1.10.19.jar' 
2022-05-29 14:06:10.585 DEBUG [acme.Launcher@main] Found classpath entry '/C:/Users/pabli/.m2/repository/org/apache/commons/commons-exec/1.3/commons-exec-1.3.jar' 
2022-05-29 14:06:10.585 DEBUG [acme.Launcher@main] Found classpath entry '/C:/Users/pabli/.m2/repository/com/google/guava/guava/25.0-jre/guava-25.0-jre.jar' 
2022-05-29 14:06:10.586 DEBUG [acme.Launcher@main] Found classpath entry '/C:/Users/pabli/.m2/repository/com/google/code/findbugs/jsr305/1.3.9/jsr305-1.3.9.jar' 
2022-05-29 14:06:10.586 DEBUG [acme.Launcher@main] Found classpath entry '/C:/Users/pabli/.m2/repository/org/checkerframework/checker-compat-qual/2.0.0/checker-compat-qual-2.0.0.jar' 
2022-05-29 14:06:10.586 DEBUG [acme.Launcher@main] Found classpath entry '/C:/Users/pabli/.m2/repository/com/google/errorprone/error_prone_annotations/2.1.3/error_prone_annotations-2.1.3.jar' 
2022-05-29 14:06:10.586 DEBUG [acme.Launcher@main] Found classpath entry '/C:/Users/pabli/.m2/repository/com/google/j2objc/j2objc-annotations/1.1/j2objc-annotations-1.1.jar' 
2022-05-29 14:06:10.586 DEBUG [acme.Launcher@main] Found classpath entry '/C:/Users/pabli/.m2/repository/org/codehaus/mojo/animal-sniffer-annotations/1.14/animal-sniffer-annotations-1.14.jar' 
2022-05-29 14:06:10.586 DEBUG [acme.Launcher@main] Found classpath entry '/C:/Users/pabli/.m2/repository/com/squareup/okhttp3/okhttp/3.14.9/okhttp-3.14.9.jar' 
2022-05-29 14:06:10.587 DEBUG [acme.Launcher@main] Found classpath entry '/C:/Users/pabli/.m2/repository/com/squareup/okio/okio/1.14.0/okio-1.14.0.jar' 
2022-05-29 14:06:10.587 DEBUG [acme.Launcher@main] Found classpath entry '/C:/Users/pabli/.m2/repository/org/apache/commons/commons-lang3/3.11/commons-lang3-3.11.jar' 
2022-05-29 14:06:10.587 DEBUG [acme.Launcher@main] Found classpath entry '/C:/Users/pabli/.m2/repository/org/apache/commons/commons-text/1.8/commons-text-1.8.jar' 
2022-05-29 14:06:10.587 DEBUG [acme.Launcher@main] Found classpath entry '/C:/Users/pabli/.m2/repository/commons-io/commons-io/2.6/commons-io-2.6.jar' 
2022-05-29 14:06:10.587 DEBUG [acme.Launcher@main] Found classpath entry '/C:/Users/pabli/.m2/repository/commons-cli/commons-cli/1.4/commons-cli-1.4.jar' 
2022-05-29 14:06:10.587 DEBUG [acme.Launcher@main] Found classpath entry '/C:/Users/pabli/.m2/repository/org/projectlombok/lombok/1.18.16/lombok-1.18.16.jar' 
2022-05-29 14:06:10.587 DEBUG [acme.Launcher@main] Found classpath entry '/C:/Users/pabli/.m2/repository/com/opencsv/opencsv/5.4/opencsv-5.4.jar' 
2022-05-29 14:06:10.587 DEBUG [acme.Launcher@main] Found classpath entry '/C:/Users/pabli/.m2/repository/commons-beanutils/commons-beanutils/1.9.4/commons-beanutils-1.9.4.jar' 
2022-05-29 14:06:10.588 DEBUG [acme.Launcher@main] Found classpath entry '/C:/Users/pabli/.m2/repository/commons-logging/commons-logging/1.2/commons-logging-1.2.jar' 
2022-05-29 14:06:10.588 DEBUG [acme.Launcher@main] Found classpath entry '/C:/Users/pabli/.m2/repository/commons-collections/commons-collections/3.2.2/commons-collections-3.2.2.jar' 
2022-05-29 14:06:10.588 DEBUG [acme.Launcher@main] Found classpath entry '/C:/Users/pabli/.m2/repository/org/apache/commons/commons-collections4/4.4/commons-collections4-4.4.jar' 
2022-05-29 14:06:10.710 DEBUG [acme.Launcher@main] Found entity class 'acme.entities.Announcement 
2022-05-29 14:06:10.710 DEBUG [acme.Launcher@main] Found entity class 'acme.entities.Chimpum 
2022-05-29 14:06:10.710 DEBUG [acme.Launcher@main] Found entity class 'acme.entities.Chirp 
2022-05-29 14:06:10.710 DEBUG [acme.Launcher@main] Found entity class 'acme.entities.Item 
2022-05-29 14:06:10.710 DEBUG [acme.Launcher@main] Found entity class 'acme.entities.Patronage 
2022-05-29 14:06:10.711 DEBUG [acme.Launcher@main] Found entity class 'acme.entities.PatronageReport 
2022-05-29 14:06:10.711 DEBUG [acme.Launcher@main] Found entity class 'acme.entities.Quantity 
2022-05-29 14:06:10.711 DEBUG [acme.Launcher@main] Found entity class 'acme.entities.SystemConfiguration 
2022-05-29 14:06:10.711 DEBUG [acme.Launcher@main] Found entity class 'acme.entities.Toolkit 
2022-05-29 14:06:10.711 DEBUG [acme.Launcher@main] Found entity class 'acme.roles.Consumer 
2022-05-29 14:06:10.711 DEBUG [acme.Launcher@main] Found entity class 'acme.roles.Inventor 
2022-05-29 14:06:10.711 DEBUG [acme.Launcher@main] Found entity class 'acme.roles.Patron 
2022-05-29 14:06:10.711 DEBUG [acme.Launcher@main] Found entity class 'acme.roles.Provider 
2022-05-29 14:06:10.711 DEBUG [acme.Launcher@main] Found entity class 'acme.framework.entities.UserAccount 
2022-05-29 14:06:10.711 DEBUG [acme.Launcher@main] Found entity class 'acme.framework.roles.Administrator 
2022-05-29 14:06:10.711 DEBUG [acme.Launcher@main] Found entity class 'acme.framework.roles.Anonymous 
2022-05-29 14:06:10.711 DEBUG [acme.Launcher@main] Found entity class 'acme.framework.roles.Any 
2022-05-29 14:06:10.712 DEBUG [acme.Launcher@main] Found entity class 'acme.framework.roles.Authenticated 
2022-05-29 14:06:10.715 INFO  [acme.Launcher@main] Running application (Standalone) 
2022-05-29 14:07:31.780 DEBUG [acme.framework.components.tiles.DynamicTilesView@http-nio-8080-exec-2] View name 'fragments/welcome', model {} 
2022-05-29 14:07:31.833 DEBUG [org.apache.tiles.definition.dao.BaseLocaleUrlDefinitionDAO@http-nio-8080-exec-2] File Resource file:/P:/Workspace-22.0/Projects/Acme-Toolkits-E3.08/target/classes/WEB-INF/views/master/tiles_en.xml at file:/P:/Workspace-22.0/Projects/Acme-Toolkits-E3.08/target/classes/WEB-INF/views/master/tiles_en.xml not found, continue 
2022-05-29 14:07:31.838 DEBUG [org.apache.jasper.servlet.JspServlet@http-nio-8080-exec-2] JspEngine --> /WEB-INF/views/master/page.jsp 
2022-05-29 14:07:31.838 DEBUG [org.apache.jasper.servlet.JspServlet@http-nio-8080-exec-2] ServletPath: /WEB-INF/views/master/page.jsp 
2022-05-29 14:07:31.838 DEBUG [org.apache.jasper.servlet.JspServlet@http-nio-8080-exec-2] PathInfo: null 
2022-05-29 14:07:31.839 DEBUG [org.apache.jasper.servlet.JspServlet@http-nio-8080-exec-2] RealPath: P:\Workspace-22.0\Projects\Acme-Toolkits-E3.08\target\classes\WEB-INF\views\master\page.jsp 
2022-05-29 14:07:31.840 DEBUG [org.apache.jasper.servlet.JspServlet@http-nio-8080-exec-2] RequestURI: /acme-toolkits-e3.08-1.0/WEB-INF/views/master/page.jsp 
2022-05-29 14:07:31.840 DEBUG [org.apache.jasper.servlet.JspServlet@http-nio-8080-exec-2] QueryString: null 
2022-05-29 14:07:35.396 DEBUG [acme.framework.configuration.ExtendedMessageSource@http-nio-8080-exec-2] Loading properties [P:\Workspace-22.0\Projects\Acme-Toolkits-E3.08\target\classes\WEB-INF\views\administrator\administrator-dashboard\messages-en.i18n] with encoding 'utf-8' 
2022-05-29 14:07:35.397 DEBUG [acme.framework.configuration.ExtendedMessageSource@http-nio-8080-exec-2] Loading properties [P:\Workspace-22.0\Projects\Acme-Toolkits-E3.08\target\classes\WEB-INF\views\administrator\announcement\messages-en.i18n] with encoding 'utf-8' 
2022-05-29 14:07:35.398 DEBUG [acme.framework.configuration.ExtendedMessageSource@http-nio-8080-exec-2] Loading properties [P:\Workspace-22.0\Projects\Acme-Toolkits-E3.08\target\classes\WEB-INF\views\administrator\system-configuration\messsages-en.i18n] with encoding 'utf-8' 
2022-05-29 14:07:35.398 DEBUG [acme.framework.configuration.ExtendedMessageSource@http-nio-8080-exec-2] Loading properties [P:\Workspace-22.0\Projects\Acme-Toolkits-E3.08\target\classes\WEB-INF\views\administrator\user-account\messages-en.i18n] with encoding 'utf-8' 
2022-05-29 14:07:35.399 DEBUG [acme.framework.configuration.ExtendedMessageSource@http-nio-8080-exec-2] Loading properties [P:\Workspace-22.0\Projects\Acme-Toolkits-E3.08\target\classes\WEB-INF\views\anonymous\user-account\messages-en.i18n] with encoding 'utf-8' 
2022-05-29 14:07:35.399 DEBUG [acme.framework.configuration.ExtendedMessageSource@http-nio-8080-exec-2] Loading properties [P:\Workspace-22.0\Projects\Acme-Toolkits-E3.08\target\classes\WEB-INF\views\any\chirp\messsages-en.i18n] with encoding 'utf-8' 
2022-05-29 14:07:35.400 DEBUG [acme.framework.configuration.ExtendedMessageSource@http-nio-8080-exec-2] Loading properties [P:\Workspace-22.0\Projects\Acme-Toolkits-E3.08\target\classes\WEB-INF\views\any\item\messsages-en.i18n] with encoding 'utf-8' 
2022-05-29 14:07:35.401 DEBUG [acme.framework.configuration.ExtendedMessageSource@http-nio-8080-exec-2] Loading properties [P:\Workspace-22.0\Projects\Acme-Toolkits-E3.08\target\classes\WEB-INF\views\any\toolkit\messsages-en.i18n] with encoding 'utf-8' 
2022-05-29 14:07:35.401 DEBUG [acme.framework.configuration.ExtendedMessageSource@http-nio-8080-exec-2] Loading properties [P:\Workspace-22.0\Projects\Acme-Toolkits-E3.08\target\classes\WEB-INF\views\any\user-account\messsages-en.i18n] with encoding 'utf-8' 
2022-05-29 14:07:35.402 DEBUG [acme.framework.configuration.ExtendedMessageSource@http-nio-8080-exec-2] Loading properties [P:\Workspace-22.0\Projects\Acme-Toolkits-E3.08\target\classes\WEB-INF\views\authenticated\announcement\messsages-en.i18n] with encoding 'utf-8' 
2022-05-29 14:07:35.402 DEBUG [acme.framework.configuration.ExtendedMessageSource@http-nio-8080-exec-2] Loading properties [P:\Workspace-22.0\Projects\Acme-Toolkits-E3.08\target\classes\WEB-INF\views\authenticated\consumer\messsages-en.i18n] with encoding 'utf-8' 
2022-05-29 14:07:35.403 DEBUG [acme.framework.configuration.ExtendedMessageSource@http-nio-8080-exec-2] Loading properties [P:\Workspace-22.0\Projects\Acme-Toolkits-E3.08\target\classes\WEB-INF\views\authenticated\inventor\messsages-en.i18n] with encoding 'utf-8' 
2022-05-29 14:07:35.404 DEBUG [acme.framework.configuration.ExtendedMessageSource@http-nio-8080-exec-2] Loading properties [P:\Workspace-22.0\Projects\Acme-Toolkits-E3.08\target\classes\WEB-INF\views\authenticated\patron\messsages-en.i18n] with encoding 'utf-8' 
2022-05-29 14:07:35.404 DEBUG [acme.framework.configuration.ExtendedMessageSource@http-nio-8080-exec-2] Loading properties [P:\Workspace-22.0\Projects\Acme-Toolkits-E3.08\target\classes\WEB-INF\views\authenticated\provider\messsages-en.i18n] with encoding 'utf-8' 
2022-05-29 14:07:35.405 DEBUG [acme.framework.configuration.ExtendedMessageSource@http-nio-8080-exec-2] Loading properties [P:\Workspace-22.0\Projects\Acme-Toolkits-E3.08\target\classes\WEB-INF\views\authenticated\system-configuration\messsages-en.i18n] with encoding 'utf-8' 
2022-05-29 14:07:35.405 DEBUG [acme.framework.configuration.ExtendedMessageSource@http-nio-8080-exec-2] Loading properties [P:\Workspace-22.0\Projects\Acme-Toolkits-E3.08\target\classes\WEB-INF\views\authenticated\user-account\messages-en.i18n] with encoding 'utf-8' 
2022-05-29 14:07:35.406 DEBUG [acme.framework.configuration.ExtendedMessageSource@http-nio-8080-exec-2] Loading properties [P:\Workspace-22.0\Projects\Acme-Toolkits-E3.08\target\classes\WEB-INF\views\fragments\banner-en.i18n] with encoding 'utf-8' 
2022-05-29 14:07:35.406 DEBUG [acme.framework.configuration.ExtendedMessageSource@http-nio-8080-exec-2] Loading properties [P:\Workspace-22.0\Projects\Acme-Toolkits-E3.08\target\classes\WEB-INF\views\fragments\company-en.i18n] with encoding 'utf-8' 
2022-05-29 14:07:35.407 DEBUG [acme.framework.configuration.ExtendedMessageSource@http-nio-8080-exec-2] Loading properties [P:\Workspace-22.0\Projects\Acme-Toolkits-E3.08\target\classes\WEB-INF\views\fragments\footer-en.i18n] with encoding 'utf-8' 
2022-05-29 14:07:35.407 DEBUG [acme.framework.configuration.ExtendedMessageSource@http-nio-8080-exec-2] Loading properties [P:\Workspace-22.0\Projects\Acme-Toolkits-E3.08\target\classes\WEB-INF\views\fragments\license-en.i18n] with encoding 'utf-8' 
2022-05-29 14:07:35.408 DEBUG [acme.framework.configuration.ExtendedMessageSource@http-nio-8080-exec-2] Loading properties [P:\Workspace-22.0\Projects\Acme-Toolkits-E3.08\target\classes\WEB-INF\views\fragments\menu-en.i18n] with encoding 'utf-8' 
2022-05-29 14:07:35.408 DEBUG [acme.framework.configuration.ExtendedMessageSource@http-nio-8080-exec-2] Loading properties [P:\Workspace-22.0\Projects\Acme-Toolkits-E3.08\target\classes\WEB-INF\views\fragments\messsages-en.i18n] with encoding 'utf-8' 
2022-05-29 14:07:35.409 DEBUG [acme.framework.configuration.ExtendedMessageSource@http-nio-8080-exec-2] Loading properties [P:\Workspace-22.0\Projects\Acme-Toolkits-E3.08\target\classes\WEB-INF\views\fragments\title-en.i18n] with encoding 'utf-8' 
2022-05-29 14:07:35.410 DEBUG [acme.framework.configuration.ExtendedMessageSource@http-nio-8080-exec-2] Loading properties [P:\Workspace-22.0\Projects\Acme-Toolkits-E3.08\target\classes\WEB-INF\views\fragments\welcome-en.i18n] with encoding 'utf-8' 
2022-05-29 14:07:35.411 DEBUG [acme.framework.configuration.ExtendedMessageSource@http-nio-8080-exec-2] Loading properties [P:\Workspace-22.0\Projects\Acme-Toolkits-E3.08\target\classes\WEB-INF\views\inventor\item\chimpum\messsages-en.i18n] with encoding 'utf-8' 
2022-05-29 14:07:35.411 DEBUG [acme.framework.configuration.ExtendedMessageSource@http-nio-8080-exec-2] Loading properties [P:\Workspace-22.0\Projects\Acme-Toolkits-E3.08\target\classes\WEB-INF\views\inventor\item\messsages-en.i18n] with encoding 'utf-8' 
2022-05-29 14:07:35.412 DEBUG [acme.framework.configuration.ExtendedMessageSource@http-nio-8080-exec-2] Loading properties [P:\Workspace-22.0\Projects\Acme-Toolkits-E3.08\target\classes\WEB-INF\views\inventor\patronage\messsages-en.i18n] with encoding 'utf-8' 
2022-05-29 14:07:35.412 DEBUG [acme.framework.configuration.ExtendedMessageSource@http-nio-8080-exec-2] Loading properties [P:\Workspace-22.0\Projects\Acme-Toolkits-E3.08\target\classes\WEB-INF\views\inventor\patronage-report\messages-en.i18n] with encoding 'utf-8' 
2022-05-29 14:07:35.413 DEBUG [acme.framework.configuration.ExtendedMessageSource@http-nio-8080-exec-2] Loading properties [P:\Workspace-22.0\Projects\Acme-Toolkits-E3.08\target\classes\WEB-INF\views\inventor\quantity\messsages-en.i18n] with encoding 'utf-8' 
2022-05-29 14:07:35.414 DEBUG [acme.framework.configuration.ExtendedMessageSource@http-nio-8080-exec-2] Loading properties [P:\Workspace-22.0\Projects\Acme-Toolkits-E3.08\target\classes\WEB-INF\views\inventor\toolkit\messsages-en.i18n] with encoding 'utf-8' 
2022-05-29 14:07:35.414 DEBUG [acme.framework.configuration.ExtendedMessageSource@http-nio-8080-exec-2] Loading properties [P:\Workspace-22.0\Projects\Acme-Toolkits-E3.08\target\classes\WEB-INF\views\master\defaults-en.i18n] with encoding 'utf-8' 
2022-05-29 14:07:35.415 DEBUG [acme.framework.configuration.ExtendedMessageSource@http-nio-8080-exec-2] Loading properties [P:\Workspace-22.0\Projects\Acme-Toolkits-E3.08\target\classes\WEB-INF\views\master\master-en.i18n] with encoding 'utf-8' 
2022-05-29 14:07:35.415 DEBUG [acme.framework.configuration.ExtendedMessageSource@http-nio-8080-exec-2] Loading properties [P:\Workspace-22.0\Projects\Acme-Toolkits-E3.08\target\classes\WEB-INF\views\master\throwables-en.i18n] with encoding 'utf-8' 
2022-05-29 14:07:35.416 DEBUG [acme.framework.configuration.ExtendedMessageSource@http-nio-8080-exec-2] Loading properties [P:\Workspace-22.0\Projects\Acme-Toolkits-E3.08\target\classes\WEB-INF\views\master\validation-en.i18n] with encoding 'utf-8' 
2022-05-29 14:07:35.416 DEBUG [acme.framework.configuration.ExtendedMessageSource@http-nio-8080-exec-2] Loading properties [P:\Workspace-22.0\Projects\Acme-Toolkits-E3.08\target\classes\WEB-INF\views\patron\patron-dashboard\messages-en.i18n] with encoding 'utf-8' 
2022-05-29 14:07:35.417 DEBUG [acme.framework.configuration.ExtendedMessageSource@http-nio-8080-exec-2] Loading properties [P:\Workspace-22.0\Projects\Acme-Toolkits-E3.08\target\classes\WEB-INF\views\patron\patronage\messsages-en.i18n] with encoding 'utf-8' 
2022-05-29 14:07:35.417 DEBUG [acme.framework.configuration.ExtendedMessageSource@http-nio-8080-exec-2] Loading properties [P:\Workspace-22.0\Projects\Acme-Toolkits-E3.08\target\classes\WEB-INF\views\patron\patronage-report\messsages-en.i18n] with encoding 'utf-8' 
2022-05-29 14:07:35.537 DEBUG [org.apache.jasper.servlet.JspServlet@http-nio-8080-exec-2] JspEngine --> /WEB-INF/views/fragments/welcome.jsp 
2022-05-29 14:07:35.537 DEBUG [org.apache.jasper.servlet.JspServlet@http-nio-8080-exec-2] ServletPath: /WEB-INF/views/master/page.jsp 
2022-05-29 14:07:35.537 DEBUG [org.apache.jasper.servlet.JspServlet@http-nio-8080-exec-2] PathInfo: null 
2022-05-29 14:07:35.539 DEBUG [org.apache.jasper.servlet.JspServlet@http-nio-8080-exec-2] RealPath: P:\Workspace-22.0\Projects\Acme-Toolkits-E3.08\target\classes\WEB-INF\views\fragments\welcome.jsp 
2022-05-29 14:07:35.539 DEBUG [org.apache.jasper.servlet.JspServlet@http-nio-8080-exec-2] RequestURI: /acme-toolkits-e3.08-1.0/WEB-INF/views/master/page.jsp 
2022-05-29 14:07:35.539 DEBUG [org.apache.jasper.servlet.JspServlet@http-nio-8080-exec-2] QueryString: null 
2022-05-29 14:07:35.731 DEBUG [org.hibernate.SQL@http-nio-8080-exec-2] select useraccoun0_.id as id1_0_, useraccoun0_.version as version2_0_, useraccoun0_.enabled as enabled1_18_, useraccoun0_.identity as identity2_18_, useraccoun0_.password as password3_18_, useraccoun0_.username as username4_18_ from user_account useraccoun0_ where useraccoun0_.username=? 
2022-05-29 14:07:35.749 TRACE [org.hibernate.type.descriptor.sql.BasicBinder@http-nio-8080-exec-2] binding parameter [1] as [VARCHAR] - [anonymous] 
2022-05-29 14:07:35.836 DEBUG [org.hibernate.SQL@http-nio-8080-exec-2] select roles0_.user_account_id as user_acc1_19_0_, roles0_.id as id1_19_0_, roles0_.id as id1_0_1_, roles0_.version as version2_0_1_, roles0_.user_account_id as user_acc1_19_1_, roles0_.company as company1_8_1_, roles0_.sector as sector2_8_1_, roles0_.company as company1_9_1_, roles0_.info as info2_9_1_, roles0_.statement as statemen3_9_1_, roles0_.company as company1_11_1_, roles0_.info as info2_11_1_, roles0_.statement as statemen3_11_1_, roles0_.company as company1_14_1_, roles0_.sector as sector2_14_1_, roles0_.clazz_ as clazz_1_ from ( select id, version, user_account_id, company, sector, null as info, null as statement, 11 as clazz_ from consumer union all select id, version, user_account_id, company, null as sector, info, statement, 12 as clazz_ from inventor union all select id, version, user_account_id, company, null as sector, info, statement, 13 as clazz_ from patron union all select id, version, user_account_id, company, sector, null as info, null as statement, 14 as clazz_ from provider union all select id, version, user_account_id, null as company, null as sector, null as info, null as statement, 16 as clazz_ from administrator union all select id, version, user_account_id, null as company, null as sector, null as info, null as statement, 17 as clazz_ from anonymous union all select id, version, user_account_id, null as company, null as sector, null as info, null as statement, 18 as clazz_ from any union all select id, version, user_account_id, null as company, null as sector, null as info, null as statement, 19 as clazz_ from authenticated ) roles0_ where roles0_.user_account_id=? 
2022-05-29 14:07:35.837 TRACE [org.hibernate.type.descriptor.sql.BasicBinder@http-nio-8080-exec-2] binding parameter [1] as [INTEGER] - [1] 
2022-05-29 14:07:39.032 DEBUG [acme.framework.components.tiles.DynamicTilesView@http-nio-8080-exec-4] View name 'master/sign-in', model {username=, password=, remember=false} 
2022-05-29 14:07:39.034 DEBUG [org.apache.jasper.servlet.JspServlet@http-nio-8080-exec-4] JspEngine --> /WEB-INF/views/master/page.jsp 
2022-05-29 14:07:39.034 DEBUG [org.apache.jasper.servlet.JspServlet@http-nio-8080-exec-4] ServletPath: /WEB-INF/views/master/page.jsp 
2022-05-29 14:07:39.034 DEBUG [org.apache.jasper.servlet.JspServlet@http-nio-8080-exec-4] PathInfo: null 
2022-05-29 14:07:39.036 DEBUG [org.apache.jasper.servlet.JspServlet@http-nio-8080-exec-4] RealPath: P:\Workspace-22.0\Projects\Acme-Toolkits-E3.08\target\classes\WEB-INF\views\master\page.jsp 
2022-05-29 14:07:39.037 DEBUG [org.apache.jasper.servlet.JspServlet@http-nio-8080-exec-4] RequestURI: /acme-toolkits-e3.08-1.0/WEB-INF/views/master/page.jsp 
2022-05-29 14:07:39.037 DEBUG [org.apache.jasper.servlet.JspServlet@http-nio-8080-exec-4] QueryString: null 
2022-05-29 14:07:39.129 DEBUG [org.apache.jasper.servlet.JspServlet@http-nio-8080-exec-4] JspEngine --> /WEB-INF/views/master/sign-in.jsp 
2022-05-29 14:07:39.129 DEBUG [org.apache.jasper.servlet.JspServlet@http-nio-8080-exec-4] ServletPath: /WEB-INF/views/master/page.jsp 
2022-05-29 14:07:39.129 DEBUG [org.apache.jasper.servlet.JspServlet@http-nio-8080-exec-4] PathInfo: null 
2022-05-29 14:07:39.129 DEBUG [org.apache.jasper.servlet.JspServlet@http-nio-8080-exec-4] RealPath: P:\Workspace-22.0\Projects\Acme-Toolkits-E3.08\target\classes\WEB-INF\views\master\sign-in.jsp 
2022-05-29 14:07:39.130 DEBUG [org.apache.jasper.servlet.JspServlet@http-nio-8080-exec-4] RequestURI: /acme-toolkits-e3.08-1.0/WEB-INF/views/master/page.jsp 
2022-05-29 14:07:39.130 DEBUG [org.apache.jasper.servlet.JspServlet@http-nio-8080-exec-4] QueryString: null 
2022-05-29 14:07:40.507 DEBUG [org.hibernate.SQL@http-nio-8080-exec-4] select useraccoun0_.id as id1_0_, useraccoun0_.version as version2_0_, useraccoun0_.enabled as enabled1_18_, useraccoun0_.identity as identity2_18_, useraccoun0_.password as password3_18_, useraccoun0_.username as username4_18_ from user_account useraccoun0_ where useraccoun0_.username=? 
2022-05-29 14:07:40.507 TRACE [org.hibernate.type.descriptor.sql.BasicBinder@http-nio-8080-exec-4] binding parameter [1] as [VARCHAR] - [anonymous] 
2022-05-29 14:07:40.509 DEBUG [org.hibernate.SQL@http-nio-8080-exec-4] select roles0_.user_account_id as user_acc1_19_0_, roles0_.id as id1_19_0_, roles0_.id as id1_0_1_, roles0_.version as version2_0_1_, roles0_.user_account_id as user_acc1_19_1_, roles0_.company as company1_8_1_, roles0_.sector as sector2_8_1_, roles0_.company as company1_9_1_, roles0_.info as info2_9_1_, roles0_.statement as statemen3_9_1_, roles0_.company as company1_11_1_, roles0_.info as info2_11_1_, roles0_.statement as statemen3_11_1_, roles0_.company as company1_14_1_, roles0_.sector as sector2_14_1_, roles0_.clazz_ as clazz_1_ from ( select id, version, user_account_id, company, sector, null as info, null as statement, 11 as clazz_ from consumer union all select id, version, user_account_id, company, null as sector, info, statement, 12 as clazz_ from inventor union all select id, version, user_account_id, company, null as sector, info, statement, 13 as clazz_ from patron union all select id, version, user_account_id, company, sector, null as info, null as statement, 14 as clazz_ from provider union all select id, version, user_account_id, null as company, null as sector, null as info, null as statement, 16 as clazz_ from administrator union all select id, version, user_account_id, null as company, null as sector, null as info, null as statement, 17 as clazz_ from anonymous union all select id, version, user_account_id, null as company, null as sector, null as info, null as statement, 18 as clazz_ from any union all select id, version, user_account_id, null as company, null as sector, null as info, null as statement, 19 as clazz_ from authenticated ) roles0_ where roles0_.user_account_id=? 
2022-05-29 14:07:40.510 TRACE [org.hibernate.type.descriptor.sql.BasicBinder@http-nio-8080-exec-4] binding parameter [1] as [INTEGER] - [1] 
2022-05-29 14:07:43.645 DEBUG [org.hibernate.SQL@http-nio-8080-exec-4] select useraccoun0_.id as id1_0_, useraccoun0_.version as version2_0_, useraccoun0_.enabled as enabled1_18_, useraccoun0_.identity as identity2_18_, useraccoun0_.password as password3_18_, useraccoun0_.username as username4_18_ from user_account useraccoun0_ where useraccoun0_.username=? 
2022-05-29 14:07:43.645 TRACE [org.hibernate.type.descriptor.sql.BasicBinder@http-nio-8080-exec-4] binding parameter [1] as [VARCHAR] - [inventor1] 
2022-05-29 14:07:43.646 DEBUG [org.hibernate.SQL@http-nio-8080-exec-4] select roles0_.user_account_id as user_acc1_19_0_, roles0_.id as id1_19_0_, roles0_.id as id1_0_1_, roles0_.version as version2_0_1_, roles0_.user_account_id as user_acc1_19_1_, roles0_.company as company1_8_1_, roles0_.sector as sector2_8_1_, roles0_.company as company1_9_1_, roles0_.info as info2_9_1_, roles0_.statement as statemen3_9_1_, roles0_.company as company1_11_1_, roles0_.info as info2_11_1_, roles0_.statement as statemen3_11_1_, roles0_.company as company1_14_1_, roles0_.sector as sector2_14_1_, roles0_.clazz_ as clazz_1_ from ( select id, version, user_account_id, company, sector, null as info, null as statement, 11 as clazz_ from consumer union all select id, version, user_account_id, company, null as sector, info, statement, 12 as clazz_ from inventor union all select id, version, user_account_id, company, null as sector, info, statement, 13 as clazz_ from patron union all select id, version, user_account_id, company, sector, null as info, null as statement, 14 as clazz_ from provider union all select id, version, user_account_id, null as company, null as sector, null as info, null as statement, 16 as clazz_ from administrator union all select id, version, user_account_id, null as company, null as sector, null as info, null as statement, 17 as clazz_ from anonymous union all select id, version, user_account_id, null as company, null as sector, null as info, null as statement, 18 as clazz_ from any union all select id, version, user_account_id, null as company, null as sector, null as info, null as statement, 19 as clazz_ from authenticated ) roles0_ where roles0_.user_account_id=? 
2022-05-29 14:07:43.647 TRACE [org.hibernate.type.descriptor.sql.BasicBinder@http-nio-8080-exec-4] binding parameter [1] as [INTEGER] - [9] 
2022-05-29 14:07:43.663 DEBUG [acme.framework.components.tiles.DynamicTilesView@http-nio-8080-exec-5] View name 'fragments/welcome', model {} 
2022-05-29 14:07:43.664 DEBUG [org.apache.jasper.servlet.JspServlet@http-nio-8080-exec-5] JspEngine --> /WEB-INF/views/master/page.jsp 
2022-05-29 14:07:43.664 DEBUG [org.apache.jasper.servlet.JspServlet@http-nio-8080-exec-5] ServletPath: /WEB-INF/views/master/page.jsp 
2022-05-29 14:07:43.664 DEBUG [org.apache.jasper.servlet.JspServlet@http-nio-8080-exec-5] PathInfo: null 
2022-05-29 14:07:43.665 DEBUG [org.apache.jasper.servlet.JspServlet@http-nio-8080-exec-5] RealPath: P:\Workspace-22.0\Projects\Acme-Toolkits-E3.08\target\classes\WEB-INF\views\master\page.jsp 
2022-05-29 14:07:43.665 DEBUG [org.apache.jasper.servlet.JspServlet@http-nio-8080-exec-5] RequestURI: /acme-toolkits-e3.08-1.0/WEB-INF/views/master/page.jsp 
2022-05-29 14:07:43.666 DEBUG [org.apache.jasper.servlet.JspServlet@http-nio-8080-exec-5] QueryString: null 
2022-05-29 14:07:43.736 DEBUG [org.apache.jasper.servlet.JspServlet@http-nio-8080-exec-5] JspEngine --> /WEB-INF/views/fragments/welcome.jsp 
2022-05-29 14:07:43.736 DEBUG [org.apache.jasper.servlet.JspServlet@http-nio-8080-exec-5] ServletPath: /WEB-INF/views/master/page.jsp 
2022-05-29 14:07:43.736 DEBUG [org.apache.jasper.servlet.JspServlet@http-nio-8080-exec-5] PathInfo: null 
2022-05-29 14:07:43.737 DEBUG [org.apache.jasper.servlet.JspServlet@http-nio-8080-exec-5] RealPath: P:\Workspace-22.0\Projects\Acme-Toolkits-E3.08\target\classes\WEB-INF\views\fragments\welcome.jsp 
2022-05-29 14:07:43.738 DEBUG [org.apache.jasper.servlet.JspServlet@http-nio-8080-exec-5] RequestURI: /acme-toolkits-e3.08-1.0/WEB-INF/views/master/page.jsp 
2022-05-29 14:07:43.738 DEBUG [org.apache.jasper.servlet.JspServlet@http-nio-8080-exec-5] QueryString: null 
2022-05-29 14:08:21.260 DEBUG [acme.framework.controllers.AbstractController@http-nio-8080-exec-7] DISPATCHING GET /acme-toolkits-e3.08-1.0/inventor/item/my-tools 
2022-05-29 14:08:21.260 DEBUG [acme.framework.controllers.AbstractController@http-nio-8080-exec-7] Command: my-tools 
2022-05-29 14:08:21.260 DEBUG [acme.framework.controllers.AbstractController@http-nio-8080-exec-7] Model:   {} 
2022-05-29 14:08:21.260 DEBUG [acme.framework.controllers.AbstractController@http-nio-8080-exec-7] Locale:  en 
2022-05-29 14:08:21.260 DEBUG [acme.framework.controllers.AbstractController@http-nio-8080-exec-7] Starting transaction c26b080b-cebf-4f7e-b974-2d40ebc02389 
2022-05-29 14:08:21.267 DEBUG [org.hibernate.SQL@http-nio-8080-exec-7] select item0_.id as id1_0_, item0_.version as version2_0_, item0_.code as code1_10_, item0_.description as descript2_10_, item0_.inventor_id as invento12_10_, item0_.item_type as item_typ3_10_, item0_.link as link4_10_, item0_.name as name5_10_, item0_.published as publishe6_10_, item0_.retail_price_amount as retail_p7_10_, item0_.retail_price_currency as retail_p8_10_, item0_.system_retail_price_amount as system_r9_10_, item0_.system_retail_price_currency as system_10_10_, item0_.technology as technol11_10_ from item item0_ where item0_.item_type=? and item0_.inventor_id=? 
2022-05-29 14:08:21.268 TRACE [org.hibernate.type.descriptor.sql.BasicBinder@http-nio-8080-exec-7] binding parameter [1] as [INTEGER] - [1] 
2022-05-29 14:08:21.268 TRACE [org.hibernate.type.descriptor.sql.BasicBinder@http-nio-8080-exec-7] binding parameter [2] as [INTEGER] - [15] 
2022-05-29 14:08:21.270 DEBUG [org.hibernate.SQL@http-nio-8080-exec-7] select inventor0_.id as id1_0_0_, inventor0_.version as version2_0_0_, inventor0_.user_account_id as user_acc1_19_0_, inventor0_.company as company1_9_0_, inventor0_.info as info2_9_0_, inventor0_.statement as statemen3_9_0_, useraccoun1_.id as id1_0_1_, useraccoun1_.version as version2_0_1_, useraccoun1_.enabled as enabled1_18_1_, useraccoun1_.identity as identity2_18_1_, useraccoun1_.password as password3_18_1_, useraccoun1_.username as username4_18_1_ from inventor inventor0_ inner join user_account useraccoun1_ on inventor0_.user_account_id=useraccoun1_.id where inventor0_.id=? 
2022-05-29 14:08:21.271 TRACE [org.hibernate.type.descriptor.sql.BasicBinder@http-nio-8080-exec-7] binding parameter [1] as [INTEGER] - [15] 
2022-05-29 14:08:21.287 DEBUG [acme.framework.controllers.AbstractController@http-nio-8080-exec-7] Committing transaction c26b080b-cebf-4f7e-b974-2d40ebc02389 
2022-05-29 14:08:21.288 DEBUG [acme.framework.controllers.AbstractController@http-nio-8080-exec-7] Starting transaction fd3372b5-d64d-4804-927a-1b5ba54c7853 
2022-05-29 14:08:21.289 DEBUG [acme.framework.controllers.AbstractController@http-nio-8080-exec-7] Committing transaction fd3372b5-d64d-4804-927a-1b5ba54c7853 
2022-05-29 14:08:21.290 DEBUG [acme.framework.controllers.AbstractController@http-nio-8080-exec-7] SERVING GET /acme-toolkits-e3.08-1.0/inventor/item/my-tools 
2022-05-29 14:08:21.291 DEBUG [acme.framework.controllers.AbstractController@http-nio-8080-exec-7] Result: ModelAndView [view="inventor/item/list"; model={description[1]=Sierra circular con cable DEWALT de 1350 w y 5.332 kg de peso, published[1]=false, link[2]=https://www.leroymerlin.es/fp/83611937/escalera-madera-extensible-villar, link[0]=https://www.leroymerlin.es/fp/81968467/maceta-3-8-cm, version[1]=0, technology[0]=Acero, itemType[1]=TOOL, retailPrice[2]=<<EUR 309.00>>, list$size=3, retailPrice[0]=<<EUR 12.00>>, technology[2]=Pintura, code[0]=ASD-123, id[1]=31, code[2]=PAI-432, name[1]=Sierra Electrica, link[1]=https://www.leroymerlin.es/fp/80145657/sierra-circular-con-cable-dewalt-de-1350-w-y-5-332-kg-de-peso, published[2]=true, description[2]=Escalera de madera extensible indicada para mantenimiento industrial y telecomunicaciones fabricada en pino y peldao de haya., published[0]=false, version[2]=0, description[0]=dshjhds, itemType[0]=TOOL, itemType[2]=TOOL, retailPrice[1]=<<EUR 163.00>>, technology[1]=Electrico, version[0]=0, code[1]=JAY-715, name[2]=Escalera madera extensible VILLAR, id[0]=29, id[2]=32, name[0]=Martillo, command=my-tools, principal=acme.framework.entities.Principal@4e7d1e99}] 
2022-05-29 14:08:21.294 DEBUG [acme.framework.components.tiles.DynamicTilesView@http-nio-8080-exec-7] View name 'inventor/item/list', model {description[1]=Sierra circular con cable DEWALT de 1350 w y 5.332 kg de peso, published[1]=false, link[2]=https://www.leroymerlin.es/fp/83611937/escalera-madera-extensible-villar, link[0]=https://www.leroymerlin.es/fp/81968467/maceta-3-8-cm, version[1]=0, technology[0]=Acero, itemType[1]=TOOL, retailPrice[2]=<<EUR 309.00>>, list$size=3, retailPrice[0]=<<EUR 12.00>>, technology[2]=Pintura, code[0]=ASD-123, id[1]=31, code[2]=PAI-432, name[1]=Sierra Electrica, link[1]=https://www.leroymerlin.es/fp/80145657/sierra-circular-con-cable-dewalt-de-1350-w-y-5-332-kg-de-peso, published[2]=true, description[2]=Escalera de madera extensible indicada para mantenimiento industrial y telecomunicaciones fabricada en pino y peldao de haya., published[0]=false, version[2]=0, description[0]=dshjhds, itemType[0]=TOOL, itemType[2]=TOOL, retailPrice[1]=<<EUR 163.00>>, technology[1]=Electrico, version[0]=0, code[1]=JAY-715, name[2]=Escalera madera extensible VILLAR, id[0]=29, id[2]=32, name[0]=Martillo, command=my-tools, principal=acme.framework.entities.Principal@4e7d1e99, org.springframework.validation.BindingResult.retailPrice[2]=org.springframework.validation.BeanPropertyBindingResult: 0 errors, org.springframework.validation.BindingResult.retailPrice[0]=org.springframework.validation.BeanPropertyBindingResult: 0 errors, org.springframework.validation.BindingResult.retailPrice[1]=org.springframework.validation.BeanPropertyBindingResult: 0 errors, org.springframework.validation.BindingResult.principal=org.springframework.validation.BeanPropertyBindingResult: 0 errors} 
2022-05-29 14:08:21.295 DEBUG [org.apache.jasper.servlet.JspServlet@http-nio-8080-exec-7] JspEngine --> /WEB-INF/views/master/page.jsp 
2022-05-29 14:08:21.295 DEBUG [org.apache.jasper.servlet.JspServlet@http-nio-8080-exec-7] ServletPath: /WEB-INF/views/master/page.jsp 
2022-05-29 14:08:21.295 DEBUG [org.apache.jasper.servlet.JspServlet@http-nio-8080-exec-7] PathInfo: null 
2022-05-29 14:08:21.296 DEBUG [org.apache.jasper.servlet.JspServlet@http-nio-8080-exec-7] RealPath: P:\Workspace-22.0\Projects\Acme-Toolkits-E3.08\target\classes\WEB-INF\views\master\page.jsp 
2022-05-29 14:08:21.296 DEBUG [org.apache.jasper.servlet.JspServlet@http-nio-8080-exec-7] RequestURI: /acme-toolkits-e3.08-1.0/WEB-INF/views/master/page.jsp 
2022-05-29 14:08:21.296 DEBUG [org.apache.jasper.servlet.JspServlet@http-nio-8080-exec-7] QueryString: null 
2022-05-29 14:08:21.372 DEBUG [org.apache.jasper.servlet.JspServlet@http-nio-8080-exec-7] JspEngine --> /WEB-INF/views/inventor/item/list.jsp 
2022-05-29 14:08:21.372 DEBUG [org.apache.jasper.servlet.JspServlet@http-nio-8080-exec-7] ServletPath: /WEB-INF/views/master/page.jsp 
2022-05-29 14:08:21.372 DEBUG [org.apache.jasper.servlet.JspServlet@http-nio-8080-exec-7] PathInfo: null 
2022-05-29 14:08:21.374 DEBUG [org.apache.jasper.servlet.JspServlet@http-nio-8080-exec-7] RealPath: P:\Workspace-22.0\Projects\Acme-Toolkits-E3.08\target\classes\WEB-INF\views\inventor\item\list.jsp 
2022-05-29 14:08:21.374 DEBUG [org.apache.jasper.servlet.JspServlet@http-nio-8080-exec-7] RequestURI: /acme-toolkits-e3.08-1.0/WEB-INF/views/master/page.jsp 
2022-05-29 14:08:21.374 DEBUG [org.apache.jasper.servlet.JspServlet@http-nio-8080-exec-7] QueryString: null 
2022-05-29 14:08:35.438 DEBUG [acme.framework.controllers.AbstractController@http-nio-8080-exec-7] DISPATCHING GET /acme-toolkits-e3.08-1.0/inventor/item/show 
2022-05-29 14:08:35.438 DEBUG [acme.framework.controllers.AbstractController@http-nio-8080-exec-7] Command: show 
2022-05-29 14:08:35.438 DEBUG [acme.framework.controllers.AbstractController@http-nio-8080-exec-7] Model:   {id=29} 
2022-05-29 14:08:35.438 DEBUG [acme.framework.controllers.AbstractController@http-nio-8080-exec-7] Locale:  en 
2022-05-29 14:08:35.438 DEBUG [acme.framework.controllers.AbstractController@http-nio-8080-exec-7] Starting transaction 61311c3d-dacb-47a8-874e-9a1dfcc4893e 
2022-05-29 14:08:35.440 DEBUG [org.hibernate.SQL@http-nio-8080-exec-7] select item0_.id as id1_0_, item0_.version as version2_0_, item0_.code as code1_10_, item0_.description as descript2_10_, item0_.inventor_id as invento12_10_, item0_.item_type as item_typ3_10_, item0_.link as link4_10_, item0_.name as name5_10_, item0_.published as publishe6_10_, item0_.retail_price_amount as retail_p7_10_, item0_.retail_price_currency as retail_p8_10_, item0_.system_retail_price_amount as system_r9_10_, item0_.system_retail_price_currency as system_10_10_, item0_.technology as technol11_10_ from item item0_ where item0_.id=? 
2022-05-29 14:08:35.440 TRACE [org.hibernate.type.descriptor.sql.BasicBinder@http-nio-8080-exec-7] binding parameter [1] as [INTEGER] - [29] 
2022-05-29 14:08:35.441 DEBUG [org.hibernate.SQL@http-nio-8080-exec-7] select inventor0_.id as id1_0_0_, inventor0_.version as version2_0_0_, inventor0_.user_account_id as user_acc1_19_0_, inventor0_.company as company1_9_0_, inventor0_.info as info2_9_0_, inventor0_.statement as statemen3_9_0_, useraccoun1_.id as id1_0_1_, useraccoun1_.version as version2_0_1_, useraccoun1_.enabled as enabled1_18_1_, useraccoun1_.identity as identity2_18_1_, useraccoun1_.password as password3_18_1_, useraccoun1_.username as username4_18_1_ from inventor inventor0_ inner join user_account useraccoun1_ on inventor0_.user_account_id=useraccoun1_.id where inventor0_.id=? 
2022-05-29 14:08:35.442 TRACE [org.hibernate.type.descriptor.sql.BasicBinder@http-nio-8080-exec-7] binding parameter [1] as [INTEGER] - [15] 
2022-05-29 14:08:35.454 DEBUG [org.hibernate.SQL@http-nio-8080-exec-7] select item0_.id as id1_0_, item0_.version as version2_0_, item0_.code as code1_10_, item0_.description as descript2_10_, item0_.inventor_id as invento12_10_, item0_.item_type as item_typ3_10_, item0_.link as link4_10_, item0_.name as name5_10_, item0_.published as publishe6_10_, item0_.retail_price_amount as retail_p7_10_, item0_.retail_price_currency as retail_p8_10_, item0_.system_retail_price_amount as system_r9_10_, item0_.system_retail_price_currency as system_10_10_, item0_.technology as technol11_10_ from item item0_ where item0_.id=? 
2022-05-29 14:08:35.455 TRACE [org.hibernate.type.descriptor.sql.BasicBinder@http-nio-8080-exec-7] binding parameter [1] as [INTEGER] - [29] 
2022-05-29 14:08:35.456 DEBUG [org.hibernate.SQL@http-nio-8080-exec-7] select systemconf0_.id as id1_0_, systemconf0_.version as version2_0_, systemconf0_.accepted_currencies as accepted1_16_, systemconf0_.strong_spam_terms as strong_s2_16_, systemconf0_.strong_spam_threshold as strong_s3_16_, systemconf0_.system_currency as system_c4_16_, systemconf0_.weak_spam_terms as weak_spa5_16_, systemconf0_.weak_spam_threshold as weak_spa6_16_ from system_configuration systemconf0_ 
2022-05-29 14:08:36.268 DEBUG [acme.framework.controllers.AbstractController@http-nio-8080-exec-7] Committing transaction 61311c3d-dacb-47a8-874e-9a1dfcc4893e 
2022-05-29 14:08:36.270 DEBUG [acme.framework.controllers.AbstractController@http-nio-8080-exec-7] Starting transaction 882e0b02-35ad-454d-a998-35ff6114ee63 
2022-05-29 14:08:36.271 DEBUG [acme.framework.controllers.AbstractController@http-nio-8080-exec-7] Committing transaction 882e0b02-35ad-454d-a998-35ff6114ee63 
2022-05-29 14:08:36.271 DEBUG [acme.framework.controllers.AbstractController@http-nio-8080-exec-7] SERVING GET /acme-toolkits-e3.08-1.0/inventor/item/show 
2022-05-29 14:08:36.271 DEBUG [acme.framework.controllers.AbstractController@http-nio-8080-exec-7] Result: ModelAndView [view="inventor/item/form"; model={itemId=29, itemType=TOOL, code=ASD-123, name=Martillo, link=https://www.leroymerlin.es/fp/81968467/maceta-3-8-cm, description=dshjhds, technology=Acero, published=false, id=29, systemRetailPrice=<<EUR 12.00>>, retailPrice=<<EUR 12.00>>, version=0, command=show, principal=acme.framework.entities.Principal@4e7d1e99}] 
2022-05-29 14:08:36.272 DEBUG [acme.framework.components.tiles.DynamicTilesView@http-nio-8080-exec-7] View name 'inventor/item/form', model {itemId=29, itemType=TOOL, code=ASD-123, name=Martillo, link=https://www.leroymerlin.es/fp/81968467/maceta-3-8-cm, description=dshjhds, technology=Acero, published=false, id=29, systemRetailPrice=<<EUR 12.00>>, retailPrice=<<EUR 12.00>>, version=0, command=show, principal=acme.framework.entities.Principal@4e7d1e99, org.springframework.validation.BindingResult.systemRetailPrice=org.springframework.validation.BeanPropertyBindingResult: 0 errors, org.springframework.validation.BindingResult.retailPrice=org.springframework.validation.BeanPropertyBindingResult: 0 errors, org.springframework.validation.BindingResult.principal=org.springframework.validation.BeanPropertyBindingResult: 0 errors} 
2022-05-29 14:08:36.273 DEBUG [org.apache.jasper.servlet.JspServlet@http-nio-8080-exec-7] JspEngine --> /WEB-INF/views/master/page.jsp 
2022-05-29 14:08:36.273 DEBUG [org.apache.jasper.servlet.JspServlet@http-nio-8080-exec-7] ServletPath: /WEB-INF/views/master/page.jsp 
2022-05-29 14:08:36.273 DEBUG [org.apache.jasper.servlet.JspServlet@http-nio-8080-exec-7] PathInfo: null 
2022-05-29 14:08:36.275 DEBUG [org.apache.jasper.servlet.JspServlet@http-nio-8080-exec-7] RealPath: P:\Workspace-22.0\Projects\Acme-Toolkits-E3.08\target\classes\WEB-INF\views\master\page.jsp 
2022-05-29 14:08:36.275 DEBUG [org.apache.jasper.servlet.JspServlet@http-nio-8080-exec-7] RequestURI: /acme-toolkits-e3.08-1.0/WEB-INF/views/master/page.jsp 
2022-05-29 14:08:36.275 DEBUG [org.apache.jasper.servlet.JspServlet@http-nio-8080-exec-7] QueryString: id=29 
2022-05-29 14:08:36.361 DEBUG [org.apache.jasper.servlet.JspServlet@http-nio-8080-exec-7] JspEngine --> /WEB-INF/views/inventor/item/form.jsp 
2022-05-29 14:08:36.361 DEBUG [org.apache.jasper.servlet.JspServlet@http-nio-8080-exec-7] ServletPath: /WEB-INF/views/master/page.jsp 
2022-05-29 14:08:36.361 DEBUG [org.apache.jasper.servlet.JspServlet@http-nio-8080-exec-7] PathInfo: null 
2022-05-29 14:08:36.362 DEBUG [org.apache.jasper.servlet.JspServlet@http-nio-8080-exec-7] RealPath: P:\Workspace-22.0\Projects\Acme-Toolkits-E3.08\target\classes\WEB-INF\views\inventor\item\form.jsp 
2022-05-29 14:08:36.362 DEBUG [org.apache.jasper.servlet.JspServlet@http-nio-8080-exec-7] RequestURI: /acme-toolkits-e3.08-1.0/WEB-INF/views/master/page.jsp 
2022-05-29 14:08:36.363 DEBUG [org.apache.jasper.servlet.JspServlet@http-nio-8080-exec-7] QueryString: id=29 
2022-05-29 14:09:02.756 DEBUG [acme.framework.components.tiles.DynamicTilesView@http-nio-8080-exec-5] View name 'master/panic', model {} 
2022-05-29 14:09:02.757 DEBUG [org.apache.jasper.servlet.JspServlet@http-nio-8080-exec-5] JspEngine --> /WEB-INF/views/master/page.jsp 
2022-05-29 14:09:02.757 DEBUG [org.apache.jasper.servlet.JspServlet@http-nio-8080-exec-5] ServletPath: /WEB-INF/views/master/page.jsp 
2022-05-29 14:09:02.758 DEBUG [org.apache.jasper.servlet.JspServlet@http-nio-8080-exec-5] PathInfo: null 
2022-05-29 14:09:02.760 DEBUG [org.apache.jasper.servlet.JspServlet@http-nio-8080-exec-5] RealPath: P:\Workspace-22.0\Projects\Acme-Toolkits-E3.08\target\classes\WEB-INF\views\master\page.jsp 
2022-05-29 14:09:02.760 DEBUG [org.apache.jasper.servlet.JspServlet@http-nio-8080-exec-5] RequestURI: /acme-toolkits-e3.08-1.0/WEB-INF/views/master/page.jsp 
2022-05-29 14:09:02.761 DEBUG [org.apache.jasper.servlet.JspServlet@http-nio-8080-exec-5] QueryString: id=29 
2022-05-29 14:09:02.847 DEBUG [org.apache.jasper.servlet.JspServlet@http-nio-8080-exec-5] JspEngine --> /WEB-INF/views/master/panic.jsp 
2022-05-29 14:09:02.847 DEBUG [org.apache.jasper.servlet.JspServlet@http-nio-8080-exec-5] ServletPath: /WEB-INF/views/master/page.jsp 
2022-05-29 14:09:02.847 DEBUG [org.apache.jasper.servlet.JspServlet@http-nio-8080-exec-5] PathInfo: null 
2022-05-29 14:09:02.874 DEBUG [org.apache.jasper.servlet.JspServlet@http-nio-8080-exec-5] RealPath: P:\Workspace-22.0\Projects\Acme-Toolkits-E3.08\target\classes\WEB-INF\views\master\panic.jsp 
2022-05-29 14:09:02.875 DEBUG [org.apache.jasper.servlet.JspServlet@http-nio-8080-exec-5] RequestURI: /acme-toolkits-e3.08-1.0/WEB-INF/views/master/page.jsp 
2022-05-29 14:09:02.875 DEBUG [org.apache.jasper.servlet.JspServlet@http-nio-8080-exec-5] QueryString: id=29 
2022-05-29 14:09:03.022 ERROR [org.apache.jsp.WEB_002dINF.views.master.panic_jsp@http-nio-8080-exec-5] HTTP GET /acme-toolkits-e3.08-1.0/WEB-INF/views/master/page.jsp HTTP/1.1 
2022-05-29 14:09:03.022 ERROR [org.apache.jsp.WEB_002dINF.views.master.panic_jsp@http-nio-8080-exec-5] Status: 404 
2022-05-29 14:12:02.712 DEBUG [acme.framework.components.tiles.DynamicTilesView@http-nio-8080-exec-3] View name 'master/panic', model {} 
2022-05-29 14:12:02.713 DEBUG [org.apache.jasper.servlet.JspServlet@http-nio-8080-exec-3] JspEngine --> /WEB-INF/views/master/page.jsp 
2022-05-29 14:12:02.713 DEBUG [org.apache.jasper.servlet.JspServlet@http-nio-8080-exec-3] ServletPath: /WEB-INF/views/master/page.jsp 
2022-05-29 14:12:02.714 DEBUG [org.apache.jasper.servlet.JspServlet@http-nio-8080-exec-3] PathInfo: null 
2022-05-29 14:12:02.715 DEBUG [org.apache.jasper.servlet.JspServlet@http-nio-8080-exec-3] RealPath: P:\Workspace-22.0\Projects\Acme-Toolkits-E3.08\target\classes\WEB-INF\views\master\page.jsp 
2022-05-29 14:12:02.716 DEBUG [org.apache.jasper.servlet.JspServlet@http-nio-8080-exec-3] RequestURI: /acme-toolkits-e3.08-1.0/WEB-INF/views/master/page.jsp 
2022-05-29 14:12:02.716 DEBUG [org.apache.jasper.servlet.JspServlet@http-nio-8080-exec-3] QueryString: id=29 
2022-05-29 14:12:02.798 DEBUG [org.apache.jasper.servlet.JspServlet@http-nio-8080-exec-3] JspEngine --> /WEB-INF/views/master/panic.jsp 
2022-05-29 14:12:02.799 DEBUG [org.apache.jasper.servlet.JspServlet@http-nio-8080-exec-3] ServletPath: /WEB-INF/views/master/page.jsp 
2022-05-29 14:12:02.799 DEBUG [org.apache.jasper.servlet.JspServlet@http-nio-8080-exec-3] PathInfo: null 
2022-05-29 14:12:02.799 DEBUG [org.apache.jasper.servlet.JspServlet@http-nio-8080-exec-3] RealPath: P:\Workspace-22.0\Projects\Acme-Toolkits-E3.08\target\classes\WEB-INF\views\master\panic.jsp 
2022-05-29 14:12:02.800 DEBUG [org.apache.jasper.servlet.JspServlet@http-nio-8080-exec-3] RequestURI: /acme-toolkits-e3.08-1.0/WEB-INF/views/master/page.jsp 
2022-05-29 14:12:02.800 DEBUG [org.apache.jasper.servlet.JspServlet@http-nio-8080-exec-3] QueryString: id=29 
2022-05-29 14:12:02.800 ERROR [org.apache.jsp.WEB_002dINF.views.master.panic_jsp@http-nio-8080-exec-3] HTTP GET /acme-toolkits-e3.08-1.0/WEB-INF/views/master/page.jsp HTTP/1.1 
2022-05-29 14:12:02.800 ERROR [org.apache.jsp.WEB_002dINF.views.master.panic_jsp@http-nio-8080-exec-3] Status: 404 
2022-05-29 14:12:04.421 DEBUG [acme.framework.components.tiles.DynamicTilesView@http-nio-8080-exec-5] View name 'master/panic', model {} 
2022-05-29 14:12:04.422 DEBUG [org.apache.jasper.servlet.JspServlet@http-nio-8080-exec-5] JspEngine --> /WEB-INF/views/master/page.jsp 
2022-05-29 14:12:04.423 DEBUG [org.apache.jasper.servlet.JspServlet@http-nio-8080-exec-5] ServletPath: /WEB-INF/views/master/page.jsp 
2022-05-29 14:12:04.423 DEBUG [org.apache.jasper.servlet.JspServlet@http-nio-8080-exec-5] PathInfo: null 
2022-05-29 14:12:04.423 DEBUG [org.apache.jasper.servlet.JspServlet@http-nio-8080-exec-5] RealPath: P:\Workspace-22.0\Projects\Acme-Toolkits-E3.08\target\classes\WEB-INF\views\master\page.jsp 
2022-05-29 14:12:04.424 DEBUG [org.apache.jasper.servlet.JspServlet@http-nio-8080-exec-5] RequestURI: /acme-toolkits-e3.08-1.0/WEB-INF/views/master/page.jsp 
2022-05-29 14:12:04.424 DEBUG [org.apache.jasper.servlet.JspServlet@http-nio-8080-exec-5] QueryString: id=29 
2022-05-29 14:12:04.494 DEBUG [org.apache.jasper.servlet.JspServlet@http-nio-8080-exec-5] JspEngine --> /WEB-INF/views/master/panic.jsp 
2022-05-29 14:12:04.494 DEBUG [org.apache.jasper.servlet.JspServlet@http-nio-8080-exec-5] ServletPath: /WEB-INF/views/master/page.jsp 
2022-05-29 14:12:04.494 DEBUG [org.apache.jasper.servlet.JspServlet@http-nio-8080-exec-5] PathInfo: null 
2022-05-29 14:12:04.494 DEBUG [org.apache.jasper.servlet.JspServlet@http-nio-8080-exec-5] RealPath: P:\Workspace-22.0\Projects\Acme-Toolkits-E3.08\target\classes\WEB-INF\views\master\panic.jsp 
2022-05-29 14:12:04.495 DEBUG [org.apache.jasper.servlet.JspServlet@http-nio-8080-exec-5] RequestURI: /acme-toolkits-e3.08-1.0/WEB-INF/views/master/page.jsp 
2022-05-29 14:12:04.495 DEBUG [org.apache.jasper.servlet.JspServlet@http-nio-8080-exec-5] QueryString: id=29 
2022-05-29 14:12:04.495 ERROR [org.apache.jsp.WEB_002dINF.views.master.panic_jsp@http-nio-8080-exec-5] HTTP GET /acme-toolkits-e3.08-1.0/WEB-INF/views/master/page.jsp HTTP/1.1 
2022-05-29 14:12:04.495 ERROR [org.apache.jsp.WEB_002dINF.views.master.panic_jsp@http-nio-8080-exec-5] Status: 404 
2022-05-29 14:12:05.373 DEBUG [acme.framework.components.tiles.DynamicTilesView@http-nio-8080-exec-7] View name 'master/panic', model {} 
2022-05-29 14:12:05.375 DEBUG [org.apache.jasper.servlet.JspServlet@http-nio-8080-exec-7] JspEngine --> /WEB-INF/views/master/page.jsp 
2022-05-29 14:12:05.375 DEBUG [org.apache.jasper.servlet.JspServlet@http-nio-8080-exec-7] ServletPath: /WEB-INF/views/master/page.jsp 
2022-05-29 14:12:05.375 DEBUG [org.apache.jasper.servlet.JspServlet@http-nio-8080-exec-7] PathInfo: null 
2022-05-29 14:12:05.376 DEBUG [org.apache.jasper.servlet.JspServlet@http-nio-8080-exec-7] RealPath: P:\Workspace-22.0\Projects\Acme-Toolkits-E3.08\target\classes\WEB-INF\views\master\page.jsp 
2022-05-29 14:12:05.376 DEBUG [org.apache.jasper.servlet.JspServlet@http-nio-8080-exec-7] RequestURI: /acme-toolkits-e3.08-1.0/WEB-INF/views/master/page.jsp 
2022-05-29 14:12:05.376 DEBUG [org.apache.jasper.servlet.JspServlet@http-nio-8080-exec-7] QueryString: id=29 
2022-05-29 14:12:05.442 DEBUG [org.apache.jasper.servlet.JspServlet@http-nio-8080-exec-7] JspEngine --> /WEB-INF/views/master/panic.jsp 
2022-05-29 14:12:05.443 DEBUG [org.apache.jasper.servlet.JspServlet@http-nio-8080-exec-7] ServletPath: /WEB-INF/views/master/page.jsp 
2022-05-29 14:12:05.443 DEBUG [org.apache.jasper.servlet.JspServlet@http-nio-8080-exec-7] PathInfo: null 
2022-05-29 14:12:05.443 DEBUG [org.apache.jasper.servlet.JspServlet@http-nio-8080-exec-7] RealPath: P:\Workspace-22.0\Projects\Acme-Toolkits-E3.08\target\classes\WEB-INF\views\master\panic.jsp 
2022-05-29 14:12:05.443 DEBUG [org.apache.jasper.servlet.JspServlet@http-nio-8080-exec-7] RequestURI: /acme-toolkits-e3.08-1.0/WEB-INF/views/master/page.jsp 
2022-05-29 14:12:05.443 DEBUG [org.apache.jasper.servlet.JspServlet@http-nio-8080-exec-7] QueryString: id=29 
2022-05-29 14:12:05.444 ERROR [org.apache.jsp.WEB_002dINF.views.master.panic_jsp@http-nio-8080-exec-7] HTTP GET /acme-toolkits-e3.08-1.0/WEB-INF/views/master/page.jsp HTTP/1.1 
2022-05-29 14:12:05.444 ERROR [org.apache.jsp.WEB_002dINF.views.master.panic_jsp@http-nio-8080-exec-7] Status: 404 
2022-05-29 14:12:17.293 DEBUG [acme.framework.controllers.AbstractController@http-nio-8080-exec-1] DISPATCHING GET /acme-toolkits-e3.08-1.0/inventor/item/show 
2022-05-29 14:12:17.294 DEBUG [acme.framework.controllers.AbstractController@http-nio-8080-exec-1] Command: show 
2022-05-29 14:12:17.294 DEBUG [acme.framework.controllers.AbstractController@http-nio-8080-exec-1] Model:   {id=29} 
2022-05-29 14:12:17.294 DEBUG [acme.framework.controllers.AbstractController@http-nio-8080-exec-1] Locale:  en 
2022-05-29 14:12:17.294 DEBUG [acme.framework.controllers.AbstractController@http-nio-8080-exec-1] Starting transaction efdeb19e-720e-4956-ac3f-dd552c3beec6 
2022-05-29 14:12:17.296 DEBUG [org.hibernate.SQL@http-nio-8080-exec-1] select item0_.id as id1_0_, item0_.version as version2_0_, item0_.code as code1_10_, item0_.description as descript2_10_, item0_.inventor_id as invento12_10_, item0_.item_type as item_typ3_10_, item0_.link as link4_10_, item0_.name as name5_10_, item0_.published as publishe6_10_, item0_.retail_price_amount as retail_p7_10_, item0_.retail_price_currency as retail_p8_10_, item0_.system_retail_price_amount as system_r9_10_, item0_.system_retail_price_currency as system_10_10_, item0_.technology as technol11_10_ from item item0_ where item0_.id=? 
2022-05-29 14:12:17.297 TRACE [org.hibernate.type.descriptor.sql.BasicBinder@http-nio-8080-exec-1] binding parameter [1] as [INTEGER] - [29] 
2022-05-29 14:12:17.298 DEBUG [org.hibernate.SQL@http-nio-8080-exec-1] select inventor0_.id as id1_0_0_, inventor0_.version as version2_0_0_, inventor0_.user_account_id as user_acc1_19_0_, inventor0_.company as company1_9_0_, inventor0_.info as info2_9_0_, inventor0_.statement as statemen3_9_0_, useraccoun1_.id as id1_0_1_, useraccoun1_.version as version2_0_1_, useraccoun1_.enabled as enabled1_18_1_, useraccoun1_.identity as identity2_18_1_, useraccoun1_.password as password3_18_1_, useraccoun1_.username as username4_18_1_ from inventor inventor0_ inner join user_account useraccoun1_ on inventor0_.user_account_id=useraccoun1_.id where inventor0_.id=? 
2022-05-29 14:12:17.298 TRACE [org.hibernate.type.descriptor.sql.BasicBinder@http-nio-8080-exec-1] binding parameter [1] as [INTEGER] - [15] 
2022-05-29 14:12:17.301 DEBUG [org.hibernate.SQL@http-nio-8080-exec-1] select item0_.id as id1_0_, item0_.version as version2_0_, item0_.code as code1_10_, item0_.description as descript2_10_, item0_.inventor_id as invento12_10_, item0_.item_type as item_typ3_10_, item0_.link as link4_10_, item0_.name as name5_10_, item0_.published as publishe6_10_, item0_.retail_price_amount as retail_p7_10_, item0_.retail_price_currency as retail_p8_10_, item0_.system_retail_price_amount as system_r9_10_, item0_.system_retail_price_currency as system_10_10_, item0_.technology as technol11_10_ from item item0_ where item0_.id=? 
2022-05-29 14:12:17.301 TRACE [org.hibernate.type.descriptor.sql.BasicBinder@http-nio-8080-exec-1] binding parameter [1] as [INTEGER] - [29] 
2022-05-29 14:12:17.303 DEBUG [org.hibernate.SQL@http-nio-8080-exec-1] select systemconf0_.id as id1_0_, systemconf0_.version as version2_0_, systemconf0_.accepted_currencies as accepted1_16_, systemconf0_.strong_spam_terms as strong_s2_16_, systemconf0_.strong_spam_threshold as strong_s3_16_, systemconf0_.system_currency as system_c4_16_, systemconf0_.weak_spam_terms as weak_spa5_16_, systemconf0_.weak_spam_threshold as weak_spa6_16_ from system_configuration systemconf0_ 
2022-05-29 14:12:17.528 DEBUG [acme.framework.controllers.AbstractController@http-nio-8080-exec-1] Committing transaction efdeb19e-720e-4956-ac3f-dd552c3beec6 
2022-05-29 14:12:17.529 DEBUG [acme.framework.controllers.AbstractController@http-nio-8080-exec-1] Starting transaction 173e2911-a0bf-40f9-a029-c2c6b793ab92 
2022-05-29 14:12:17.529 DEBUG [acme.framework.controllers.AbstractController@http-nio-8080-exec-1] Committing transaction 173e2911-a0bf-40f9-a029-c2c6b793ab92 
2022-05-29 14:12:17.529 DEBUG [acme.framework.controllers.AbstractController@http-nio-8080-exec-1] SERVING GET /acme-toolkits-e3.08-1.0/inventor/item/show 
2022-05-29 14:12:17.529 DEBUG [acme.framework.controllers.AbstractController@http-nio-8080-exec-1] Result: ModelAndView [view="inventor/item/form"; model={itemId=29, itemType=TOOL, code=ASD-123, name=Martillo, link=https://www.leroymerlin.es/fp/81968467/maceta-3-8-cm, description=dshjhds, technology=Acero, published=false, id=29, systemRetailPrice=<<EUR 12.00>>, retailPrice=<<EUR 12.00>>, version=0, command=show, principal=acme.framework.entities.Principal@4e7d1e99}] 
2022-05-29 14:12:17.530 DEBUG [acme.framework.components.tiles.DynamicTilesView@http-nio-8080-exec-1] View name 'inventor/item/form', model {itemId=29, itemType=TOOL, code=ASD-123, name=Martillo, link=https://www.leroymerlin.es/fp/81968467/maceta-3-8-cm, description=dshjhds, technology=Acero, published=false, id=29, systemRetailPrice=<<EUR 12.00>>, retailPrice=<<EUR 12.00>>, version=0, command=show, principal=acme.framework.entities.Principal@4e7d1e99, org.springframework.validation.BindingResult.systemRetailPrice=org.springframework.validation.BeanPropertyBindingResult: 0 errors, org.springframework.validation.BindingResult.retailPrice=org.springframework.validation.BeanPropertyBindingResult: 0 errors, org.springframework.validation.BindingResult.principal=org.springframework.validation.BeanPropertyBindingResult: 0 errors} 
2022-05-29 14:12:17.531 DEBUG [org.apache.jasper.servlet.JspServlet@http-nio-8080-exec-1] JspEngine --> /WEB-INF/views/master/page.jsp 
2022-05-29 14:12:17.531 DEBUG [org.apache.jasper.servlet.JspServlet@http-nio-8080-exec-1] ServletPath: /WEB-INF/views/master/page.jsp 
2022-05-29 14:12:17.531 DEBUG [org.apache.jasper.servlet.JspServlet@http-nio-8080-exec-1] PathInfo: null 
2022-05-29 14:12:17.531 DEBUG [org.apache.jasper.servlet.JspServlet@http-nio-8080-exec-1] RealPath: P:\Workspace-22.0\Projects\Acme-Toolkits-E3.08\target\classes\WEB-INF\views\master\page.jsp 
2022-05-29 14:12:17.532 DEBUG [org.apache.jasper.servlet.JspServlet@http-nio-8080-exec-1] RequestURI: /acme-toolkits-e3.08-1.0/WEB-INF/views/master/page.jsp 
2022-05-29 14:12:17.532 DEBUG [org.apache.jasper.servlet.JspServlet@http-nio-8080-exec-1] QueryString: id=29 
2022-05-29 14:12:17.587 DEBUG [org.apache.jasper.servlet.JspServlet@http-nio-8080-exec-1] JspEngine --> /WEB-INF/views/inventor/item/form.jsp 
2022-05-29 14:12:17.587 DEBUG [org.apache.jasper.servlet.JspServlet@http-nio-8080-exec-1] ServletPath: /WEB-INF/views/master/page.jsp 
2022-05-29 14:12:17.587 DEBUG [org.apache.jasper.servlet.JspServlet@http-nio-8080-exec-1] PathInfo: null 
2022-05-29 14:12:17.589 DEBUG [org.apache.jasper.servlet.JspServlet@http-nio-8080-exec-1] RealPath: P:\Workspace-22.0\Projects\Acme-Toolkits-E3.08\target\classes\WEB-INF\views\inventor\item\form.jsp 
2022-05-29 14:12:17.589 DEBUG [org.apache.jasper.servlet.JspServlet@http-nio-8080-exec-1] RequestURI: /acme-toolkits-e3.08-1.0/WEB-INF/views/master/page.jsp 
2022-05-29 14:12:17.589 DEBUG [org.apache.jasper.servlet.JspServlet@http-nio-8080-exec-1] QueryString: id=29 
2022-05-29 14:14:24.574 DEBUG [acme.framework.controllers.AbstractController@http-nio-8080-exec-5] DISPATCHING GET /acme-toolkits-e3.08-1.0/authenticated/user-account/update 
2022-05-29 14:14:24.574 DEBUG [acme.framework.controllers.AbstractController@http-nio-8080-exec-5] Command: update 
2022-05-29 14:14:24.574 DEBUG [acme.framework.controllers.AbstractController@http-nio-8080-exec-5] Model:   {} 
2022-05-29 14:14:24.574 DEBUG [acme.framework.controllers.AbstractController@http-nio-8080-exec-5] Locale:  en 
2022-05-29 14:14:24.574 DEBUG [acme.framework.controllers.AbstractController@http-nio-8080-exec-5] Starting transaction 049ab028-5ac1-4edc-80e5-c818195666f1 
2022-05-29 14:14:24.576 DEBUG [org.hibernate.SQL@http-nio-8080-exec-5] select useraccoun0_.id as id1_0_, useraccoun0_.version as version2_0_, useraccoun0_.enabled as enabled1_18_, useraccoun0_.identity as identity2_18_, useraccoun0_.password as password3_18_, useraccoun0_.username as username4_18_ from user_account useraccoun0_ where useraccoun0_.id=? 
2022-05-29 14:14:24.576 TRACE [org.hibernate.type.descriptor.sql.BasicBinder@http-nio-8080-exec-5] binding parameter [1] as [INTEGER] - [9] 
2022-05-29 14:14:24.579 DEBUG [org.hibernate.SQL@http-nio-8080-exec-5] select roles0_.user_account_id as user_acc1_19_0_, roles0_.id as id1_19_0_, roles0_.id as id1_0_1_, roles0_.version as version2_0_1_, roles0_.user_account_id as user_acc1_19_1_, roles0_.company as company1_8_1_, roles0_.sector as sector2_8_1_, roles0_.company as company1_9_1_, roles0_.info as info2_9_1_, roles0_.statement as statemen3_9_1_, roles0_.company as company1_11_1_, roles0_.info as info2_11_1_, roles0_.statement as statemen3_11_1_, roles0_.company as company1_14_1_, roles0_.sector as sector2_14_1_, roles0_.clazz_ as clazz_1_ from ( select id, version, user_account_id, company, sector, null as info, null as statement, 11 as clazz_ from consumer union all select id, version, user_account_id, company, null as sector, info, statement, 12 as clazz_ from inventor union all select id, version, user_account_id, company, null as sector, info, statement, 13 as clazz_ from patron union all select id, version, user_account_id, company, sector, null as info, null as statement, 14 as clazz_ from provider union all select id, version, user_account_id, null as company, null as sector, null as info, null as statement, 16 as clazz_ from administrator union all select id, version, user_account_id, null as company, null as sector, null as info, null as statement, 17 as clazz_ from anonymous union all select id, version, user_account_id, null as company, null as sector, null as info, null as statement, 18 as clazz_ from any union all select id, version, user_account_id, null as company, null as sector, null as info, null as statement, 19 as clazz_ from authenticated ) roles0_ where roles0_.user_account_id=? 
2022-05-29 14:14:24.579 TRACE [org.hibernate.type.descriptor.sql.BasicBinder@http-nio-8080-exec-5] binding parameter [1] as [INTEGER] - [9] 
2022-05-29 14:14:24.593 DEBUG [acme.framework.controllers.AbstractController@http-nio-8080-exec-5] Committing transaction 049ab028-5ac1-4edc-80e5-c818195666f1 
2022-05-29 14:14:24.593 DEBUG [acme.framework.controllers.AbstractController@http-nio-8080-exec-5] Starting transaction 585425cc-01b2-4619-8986-fbb934625ee8 
2022-05-29 14:14:24.594 DEBUG [acme.framework.controllers.AbstractController@http-nio-8080-exec-5] Committing transaction 585425cc-01b2-4619-8986-fbb934625ee8 
2022-05-29 14:14:24.594 DEBUG [acme.framework.controllers.AbstractController@http-nio-8080-exec-5] SERVING GET /acme-toolkits-e3.08-1.0/authenticated/user-account/update 
2022-05-29 14:14:24.595 DEBUG [acme.framework.controllers.AbstractController@http-nio-8080-exec-5] Result: ModelAndView [view="authenticated/user-account/form"; model={password=[MASKED-PASWORD], identity.name=Inventor, identity.email=inventor1@mail.com, id=9, confirmation=[MASKED-PASWORD], identity.surname=One, version=0, username=inventor1, command=update, principal=acme.framework.entities.Principal@4e7d1e99}] 
2022-05-29 14:14:24.595 DEBUG [acme.framework.components.tiles.DynamicTilesView@http-nio-8080-exec-5] View name 'authenticated/user-account/form', model {password=[MASKED-PASWORD], identity.name=Inventor, identity.email=inventor1@mail.com, id=9, confirmation=[MASKED-PASWORD], identity.surname=One, version=0, username=inventor1, command=update, principal=acme.framework.entities.Principal@4e7d1e99, org.springframework.validation.BindingResult.principal=org.springframework.validation.BeanPropertyBindingResult: 0 errors} 
2022-05-29 14:14:24.596 DEBUG [org.apache.jasper.servlet.JspServlet@http-nio-8080-exec-5] JspEngine --> /WEB-INF/views/master/page.jsp 
2022-05-29 14:14:24.597 DEBUG [org.apache.jasper.servlet.JspServlet@http-nio-8080-exec-5] ServletPath: /WEB-INF/views/master/page.jsp 
2022-05-29 14:14:24.597 DEBUG [org.apache.jasper.servlet.JspServlet@http-nio-8080-exec-5] PathInfo: null 
2022-05-29 14:14:24.598 DEBUG [org.apache.jasper.servlet.JspServlet@http-nio-8080-exec-5] RealPath: P:\Workspace-22.0\Projects\Acme-Toolkits-E3.08\target\classes\WEB-INF\views\master\page.jsp 
2022-05-29 14:14:24.598 DEBUG [org.apache.jasper.servlet.JspServlet@http-nio-8080-exec-5] RequestURI: /acme-toolkits-e3.08-1.0/WEB-INF/views/master/page.jsp 
2022-05-29 14:14:24.598 DEBUG [org.apache.jasper.servlet.JspServlet@http-nio-8080-exec-5] QueryString: null 
2022-05-29 14:14:24.667 DEBUG [org.apache.jasper.servlet.JspServlet@http-nio-8080-exec-5] JspEngine --> /WEB-INF/views/authenticated/user-account/form.jsp 
2022-05-29 14:14:24.667 DEBUG [org.apache.jasper.servlet.JspServlet@http-nio-8080-exec-5] ServletPath: /WEB-INF/views/master/page.jsp 
2022-05-29 14:14:24.668 DEBUG [org.apache.jasper.servlet.JspServlet@http-nio-8080-exec-5] PathInfo: null 
2022-05-29 14:14:24.669 DEBUG [org.apache.jasper.servlet.JspServlet@http-nio-8080-exec-5] RealPath: P:\Workspace-22.0\Projects\Acme-Toolkits-E3.08\target\classes\WEB-INF\views\authenticated\user-account\form.jsp 
2022-05-29 14:14:24.669 DEBUG [org.apache.jasper.servlet.JspServlet@http-nio-8080-exec-5] RequestURI: /acme-toolkits-e3.08-1.0/WEB-INF/views/master/page.jsp 
2022-05-29 14:14:24.669 DEBUG [org.apache.jasper.servlet.JspServlet@http-nio-8080-exec-5] QueryString: null 
2022-05-29 14:14:40.728 DEBUG [acme.framework.controllers.AbstractController@http-nio-8080-exec-3] DISPATCHING GET /acme-toolkits-e3.08-1.0/inventor/item/my-tools 
2022-05-29 14:14:40.728 DEBUG [acme.framework.controllers.AbstractController@http-nio-8080-exec-3] Command: my-tools 
2022-05-29 14:14:40.728 DEBUG [acme.framework.controllers.AbstractController@http-nio-8080-exec-3] Model:   {} 
2022-05-29 14:14:40.728 DEBUG [acme.framework.controllers.AbstractController@http-nio-8080-exec-3] Locale:  en 
2022-05-29 14:14:40.728 DEBUG [acme.framework.controllers.AbstractController@http-nio-8080-exec-3] Starting transaction 0f46e71e-9ec0-4a1e-8800-e0fe4479fc66 
2022-05-29 14:14:40.730 DEBUG [org.hibernate.SQL@http-nio-8080-exec-3] select item0_.id as id1_0_, item0_.version as version2_0_, item0_.code as code1_10_, item0_.description as descript2_10_, item0_.inventor_id as invento12_10_, item0_.item_type as item_typ3_10_, item0_.link as link4_10_, item0_.name as name5_10_, item0_.published as publishe6_10_, item0_.retail_price_amount as retail_p7_10_, item0_.retail_price_currency as retail_p8_10_, item0_.system_retail_price_amount as system_r9_10_, item0_.system_retail_price_currency as system_10_10_, item0_.technology as technol11_10_ from item item0_ where item0_.item_type=? and item0_.inventor_id=? 
2022-05-29 14:14:40.730 TRACE [org.hibernate.type.descriptor.sql.BasicBinder@http-nio-8080-exec-3] binding parameter [1] as [INTEGER] - [1] 
2022-05-29 14:14:40.730 TRACE [org.hibernate.type.descriptor.sql.BasicBinder@http-nio-8080-exec-3] binding parameter [2] as [INTEGER] - [15] 
2022-05-29 14:14:40.732 DEBUG [org.hibernate.SQL@http-nio-8080-exec-3] select inventor0_.id as id1_0_0_, inventor0_.version as version2_0_0_, inventor0_.user_account_id as user_acc1_19_0_, inventor0_.company as company1_9_0_, inventor0_.info as info2_9_0_, inventor0_.statement as statemen3_9_0_, useraccoun1_.id as id1_0_1_, useraccoun1_.version as version2_0_1_, useraccoun1_.enabled as enabled1_18_1_, useraccoun1_.identity as identity2_18_1_, useraccoun1_.password as password3_18_1_, useraccoun1_.username as username4_18_1_ from inventor inventor0_ inner join user_account useraccoun1_ on inventor0_.user_account_id=useraccoun1_.id where inventor0_.id=? 
2022-05-29 14:14:40.732 TRACE [org.hibernate.type.descriptor.sql.BasicBinder@http-nio-8080-exec-3] binding parameter [1] as [INTEGER] - [15] 
2022-05-29 14:14:40.736 DEBUG [acme.framework.controllers.AbstractController@http-nio-8080-exec-3] Committing transaction 0f46e71e-9ec0-4a1e-8800-e0fe4479fc66 
2022-05-29 14:14:40.736 DEBUG [acme.framework.controllers.AbstractController@http-nio-8080-exec-3] Starting transaction f7d61367-ffd5-4bf4-960b-1e9efa78f24b 
2022-05-29 14:14:40.737 DEBUG [acme.framework.controllers.AbstractController@http-nio-8080-exec-3] Committing transaction f7d61367-ffd5-4bf4-960b-1e9efa78f24b 
2022-05-29 14:14:40.738 DEBUG [acme.framework.controllers.AbstractController@http-nio-8080-exec-3] SERVING GET /acme-toolkits-e3.08-1.0/inventor/item/my-tools 
2022-05-29 14:14:40.738 DEBUG [acme.framework.controllers.AbstractController@http-nio-8080-exec-3] Result: ModelAndView [view="inventor/item/list"; model={description[1]=Sierra circular con cable DEWALT de 1350 w y 5.332 kg de peso, published[1]=false, link[2]=https://www.leroymerlin.es/fp/83611937/escalera-madera-extensible-villar, link[0]=https://www.leroymerlin.es/fp/81968467/maceta-3-8-cm, version[1]=0, technology[0]=Acero, itemType[1]=TOOL, retailPrice[2]=<<EUR 309.00>>, list$size=3, retailPrice[0]=<<EUR 12.00>>, technology[2]=Pintura, code[0]=ASD-123, id[1]=31, code[2]=PAI-432, name[1]=Sierra Electrica, link[1]=https://www.leroymerlin.es/fp/80145657/sierra-circular-con-cable-dewalt-de-1350-w-y-5-332-kg-de-peso, published[2]=true, description[2]=Escalera de madera extensible indicada para mantenimiento industrial y telecomunicaciones fabricada en pino y peldao de haya., published[0]=false, version[2]=0, description[0]=dshjhds, itemType[0]=TOOL, itemType[2]=TOOL, retailPrice[1]=<<EUR 163.00>>, technology[1]=Electrico, version[0]=0, code[1]=JAY-715, name[2]=Escalera madera extensible VILLAR, id[0]=29, id[2]=32, name[0]=Martillo, command=my-tools, principal=acme.framework.entities.Principal@4e7d1e99}] 
2022-05-29 14:14:40.739 DEBUG [acme.framework.components.tiles.DynamicTilesView@http-nio-8080-exec-3] View name 'inventor/item/list', model {description[1]=Sierra circular con cable DEWALT de 1350 w y 5.332 kg de peso, published[1]=false, link[2]=https://www.leroymerlin.es/fp/83611937/escalera-madera-extensible-villar, link[0]=https://www.leroymerlin.es/fp/81968467/maceta-3-8-cm, version[1]=0, technology[0]=Acero, itemType[1]=TOOL, retailPrice[2]=<<EUR 309.00>>, list$size=3, retailPrice[0]=<<EUR 12.00>>, technology[2]=Pintura, code[0]=ASD-123, id[1]=31, code[2]=PAI-432, name[1]=Sierra Electrica, link[1]=https://www.leroymerlin.es/fp/80145657/sierra-circular-con-cable-dewalt-de-1350-w-y-5-332-kg-de-peso, published[2]=true, description[2]=Escalera de madera extensible indicada para mantenimiento industrial y telecomunicaciones fabricada en pino y peldao de haya., published[0]=false, version[2]=0, description[0]=dshjhds, itemType[0]=TOOL, itemType[2]=TOOL, retailPrice[1]=<<EUR 163.00>>, technology[1]=Electrico, version[0]=0, code[1]=JAY-715, name[2]=Escalera madera extensible VILLAR, id[0]=29, id[2]=32, name[0]=Martillo, command=my-tools, principal=acme.framework.entities.Principal@4e7d1e99, org.springframework.validation.BindingResult.retailPrice[2]=org.springframework.validation.BeanPropertyBindingResult: 0 errors, org.springframework.validation.BindingResult.retailPrice[0]=org.springframework.validation.BeanPropertyBindingResult: 0 errors, org.springframework.validation.BindingResult.retailPrice[1]=org.springframework.validation.BeanPropertyBindingResult: 0 errors, org.springframework.validation.BindingResult.principal=org.springframework.validation.BeanPropertyBindingResult: 0 errors} 
2022-05-29 14:14:40.740 DEBUG [org.apache.jasper.servlet.JspServlet@http-nio-8080-exec-3] JspEngine --> /WEB-INF/views/master/page.jsp 
2022-05-29 14:14:40.740 DEBUG [org.apache.jasper.servlet.JspServlet@http-nio-8080-exec-3] ServletPath: /WEB-INF/views/master/page.jsp 
2022-05-29 14:14:40.740 DEBUG [org.apache.jasper.servlet.JspServlet@http-nio-8080-exec-3] PathInfo: null 
2022-05-29 14:14:40.742 DEBUG [org.apache.jasper.servlet.JspServlet@http-nio-8080-exec-3] RealPath: P:\Workspace-22.0\Projects\Acme-Toolkits-E3.08\target\classes\WEB-INF\views\master\page.jsp 
2022-05-29 14:14:40.742 DEBUG [org.apache.jasper.servlet.JspServlet@http-nio-8080-exec-3] RequestURI: /acme-toolkits-e3.08-1.0/WEB-INF/views/master/page.jsp 
2022-05-29 14:14:40.742 DEBUG [org.apache.jasper.servlet.JspServlet@http-nio-8080-exec-3] QueryString: null 
2022-05-29 14:14:40.815 DEBUG [org.apache.jasper.servlet.JspServlet@http-nio-8080-exec-3] JspEngine --> /WEB-INF/views/inventor/item/list.jsp 
2022-05-29 14:14:40.815 DEBUG [org.apache.jasper.servlet.JspServlet@http-nio-8080-exec-3] ServletPath: /WEB-INF/views/master/page.jsp 
2022-05-29 14:14:40.815 DEBUG [org.apache.jasper.servlet.JspServlet@http-nio-8080-exec-3] PathInfo: null 
2022-05-29 14:14:40.817 DEBUG [org.apache.jasper.servlet.JspServlet@http-nio-8080-exec-3] RealPath: P:\Workspace-22.0\Projects\Acme-Toolkits-E3.08\target\classes\WEB-INF\views\inventor\item\list.jsp 
2022-05-29 14:14:40.817 DEBUG [org.apache.jasper.servlet.JspServlet@http-nio-8080-exec-3] RequestURI: /acme-toolkits-e3.08-1.0/WEB-INF/views/master/page.jsp 
2022-05-29 14:14:40.817 DEBUG [org.apache.jasper.servlet.JspServlet@http-nio-8080-exec-3] QueryString: null 
