2022-04-20 17:41:55.101 INFO  [acme.Launcher@main] Starting Launcher using Java 1.8.0_281 on PC-Joserra with PID 18848 (C:\Users\Joserrita\Desktop\UNI\TERCERO\SEGUNDO CUATRI\MVG\Workspace-22.0\Frameworks\Acme-Framework-22.3\target\classes started by Joserrita in C:\Users\Joserrita\Desktop\UNI\TERCERO\SEGUNDO CUATRI\MVG\Workspace-22.0\Projects\Acme-Toolkits-E3.08) 
2022-04-20 17:41:55.101 DEBUG [acme.Launcher@main] Running with Spring Boot v2.4.2, Spring v5.3.3 
2022-04-20 17:41:55.103 INFO  [acme.Launcher@main] The following profiles are active: development,default 
2022-04-20 17:41:57.401 DEBUG [org.apache.jasper.servlet.JasperInitializer@main] Initializing Jasper for context [application] 
2022-04-20 17:42:01.502 DEBUG [org.apache.jasper.servlet.JspServlet@main] Scratch dir for the JSP engine is: [C:\Users\Joserrita\AppData\Local\Temp\tomcat.8080.127560894276076595\work\Tomcat\localhost\acme-toolkits-e3.08-1.0] 
2022-04-20 17:42:01.503 DEBUG [org.apache.jasper.servlet.JspServlet@main] IMPORTANT: Do not modify the generated servlets 
2022-04-20 17:42:01.510 INFO  [acme.Launcher@main] Started Launcher in 6.981 seconds (JVM running for 7.619) 
2022-04-20 17:42:01.515 DEBUG [acme.Launcher@main] Found classpath entry '/C:/Users/Joserrita/Desktop/UNI/TERCERO/SEGUNDO%20CUATRI/MVG/Workspace-22.0/Projects/Acme-Toolkits-E3.08/target/test-classes/' 
2022-04-20 17:42:01.515 DEBUG [acme.Launcher@main] Found classpath entry '/C:/Users/Joserrita/Desktop/UNI/TERCERO/SEGUNDO%20CUATRI/MVG/Workspace-22.0/Projects/Acme-Toolkits-E3.08/target/classes/' 
2022-04-20 17:42:01.515 DEBUG [acme.Launcher@main] Found classpath entry '/C:/Users/Joserrita/Desktop/UNI/TERCERO/SEGUNDO%20CUATRI/MVG/Workspace-22.0/Frameworks/Acme-Framework-22.3/target/classes/' 
2022-04-20 17:42:01.515 DEBUG [acme.Launcher@main] Found classpath entry '/C:/Users/Joserrita/Desktop/UNI/TERCERO/SEGUNDO%20CUATRI/MVG/Workspace-22.0/Frameworks/Acme-Framework-22.3/target/test-classes/' 
2022-04-20 17:42:01.516 DEBUG [acme.Launcher@main] Found classpath entry '/C:/Users/Joserrita/.m2/repository/org/springframework/boot/spring-boot-starter-tomcat/2.4.2/spring-boot-starter-tomcat-2.4.2.jar' 
2022-04-20 17:42:01.516 DEBUG [acme.Launcher@main] Found classpath entry '/C:/Users/Joserrita/.m2/repository/jakarta/annotation/jakarta.annotation-api/1.3.5/jakarta.annotation-api-1.3.5.jar' 
2022-04-20 17:42:01.516 DEBUG [acme.Launcher@main] Found classpath entry '/C:/Users/Joserrita/.m2/repository/org/apache/tomcat/embed/tomcat-embed-core/9.0.41/tomcat-embed-core-9.0.41.jar' 
2022-04-20 17:42:01.516 DEBUG [acme.Launcher@main] Found classpath entry '/C:/Users/Joserrita/.m2/repository/org/glassfish/jakarta.el/3.0.3/jakarta.el-3.0.3.jar' 
2022-04-20 17:42:01.516 DEBUG [acme.Launcher@main] Found classpath entry '/C:/Users/Joserrita/.m2/repository/org/apache/tomcat/embed/tomcat-embed-websocket/9.0.41/tomcat-embed-websocket-9.0.41.jar' 
2022-04-20 17:42:01.516 DEBUG [acme.Launcher@main] Found classpath entry '/C:/Users/Joserrita/.m2/repository/org/apache/tomcat/embed/tomcat-embed-jasper/9.0.41/tomcat-embed-jasper-9.0.41.jar' 
2022-04-20 17:42:01.516 DEBUG [acme.Launcher@main] Found classpath entry '/C:/Users/Joserrita/.m2/repository/org/apache/tomcat/embed/tomcat-embed-el/9.0.41/tomcat-embed-el-9.0.41.jar' 
2022-04-20 17:42:01.516 DEBUG [acme.Launcher@main] Found classpath entry '/C:/Users/Joserrita/.m2/repository/org/eclipse/jdt/ecj/3.18.0/ecj-3.18.0.jar' 
2022-04-20 17:42:01.516 DEBUG [acme.Launcher@main] Found classpath entry '/C:/Users/Joserrita/.m2/repository/javax/servlet/jstl/1.2/jstl-1.2.jar' 
2022-04-20 17:42:01.517 DEBUG [acme.Launcher@main] Found classpath entry '/C:/Users/Joserrita/.m2/repository/org/springframework/boot/spring-boot-starter-test/2.4.2/spring-boot-starter-test-2.4.2.jar' 
2022-04-20 17:42:01.517 DEBUG [acme.Launcher@main] Found classpath entry '/C:/Users/Joserrita/.m2/repository/org/springframework/boot/spring-boot-starter/2.4.2/spring-boot-starter-2.4.2.jar' 
2022-04-20 17:42:01.517 DEBUG [acme.Launcher@main] Found classpath entry '/C:/Users/Joserrita/.m2/repository/org/springframework/boot/spring-boot/2.4.2/spring-boot-2.4.2.jar' 
2022-04-20 17:42:01.517 DEBUG [acme.Launcher@main] Found classpath entry '/C:/Users/Joserrita/.m2/repository/org/springframework/boot/spring-boot-autoconfigure/2.4.2/spring-boot-autoconfigure-2.4.2.jar' 
2022-04-20 17:42:01.517 DEBUG [acme.Launcher@main] Found classpath entry '/C:/Users/Joserrita/.m2/repository/org/springframework/boot/spring-boot-starter-logging/2.4.2/spring-boot-starter-logging-2.4.2.jar' 
2022-04-20 17:42:01.517 DEBUG [acme.Launcher@main] Found classpath entry '/C:/Users/Joserrita/.m2/repository/ch/qos/logback/logback-classic/1.2.3/logback-classic-1.2.3.jar' 
2022-04-20 17:42:01.517 DEBUG [acme.Launcher@main] Found classpath entry '/C:/Users/Joserrita/.m2/repository/ch/qos/logback/logback-core/1.2.3/logback-core-1.2.3.jar' 
2022-04-20 17:42:01.517 DEBUG [acme.Launcher@main] Found classpath entry '/C:/Users/Joserrita/.m2/repository/org/apache/logging/log4j/log4j-to-slf4j/2.13.3/log4j-to-slf4j-2.13.3.jar' 
2022-04-20 17:42:01.518 DEBUG [acme.Launcher@main] Found classpath entry '/C:/Users/Joserrita/.m2/repository/org/apache/logging/log4j/log4j-api/2.13.3/log4j-api-2.13.3.jar' 
2022-04-20 17:42:01.518 DEBUG [acme.Launcher@main] Found classpath entry '/C:/Users/Joserrita/.m2/repository/org/slf4j/jul-to-slf4j/1.7.30/jul-to-slf4j-1.7.30.jar' 
2022-04-20 17:42:01.518 DEBUG [acme.Launcher@main] Found classpath entry '/C:/Users/Joserrita/.m2/repository/org/yaml/snakeyaml/1.27/snakeyaml-1.27.jar' 
2022-04-20 17:42:01.518 DEBUG [acme.Launcher@main] Found classpath entry '/C:/Users/Joserrita/.m2/repository/org/springframework/boot/spring-boot-test/2.4.2/spring-boot-test-2.4.2.jar' 
2022-04-20 17:42:01.518 DEBUG [acme.Launcher@main] Found classpath entry '/C:/Users/Joserrita/.m2/repository/org/springframework/boot/spring-boot-test-autoconfigure/2.4.2/spring-boot-test-autoconfigure-2.4.2.jar' 
2022-04-20 17:42:01.518 DEBUG [acme.Launcher@main] Found classpath entry '/C:/Users/Joserrita/.m2/repository/com/jayway/jsonpath/json-path/2.4.0/json-path-2.4.0.jar' 
2022-04-20 17:42:01.518 DEBUG [acme.Launcher@main] Found classpath entry '/C:/Users/Joserrita/.m2/repository/net/minidev/json-smart/2.3/json-smart-2.3.jar' 
2022-04-20 17:42:01.519 DEBUG [acme.Launcher@main] Found classpath entry '/C:/Users/Joserrita/.m2/repository/net/minidev/accessors-smart/1.2/accessors-smart-1.2.jar' 
2022-04-20 17:42:01.519 DEBUG [acme.Launcher@main] Found classpath entry '/C:/Users/Joserrita/.m2/repository/org/ow2/asm/asm/5.0.4/asm-5.0.4.jar' 
2022-04-20 17:42:01.519 DEBUG [acme.Launcher@main] Found classpath entry '/C:/Users/Joserrita/.m2/repository/jakarta/xml/bind/jakarta.xml.bind-api/2.3.3/jakarta.xml.bind-api-2.3.3.jar' 
2022-04-20 17:42:01.519 DEBUG [acme.Launcher@main] Found classpath entry '/C:/Users/Joserrita/.m2/repository/jakarta/activation/jakarta.activation-api/1.2.2/jakarta.activation-api-1.2.2.jar' 
2022-04-20 17:42:01.519 DEBUG [acme.Launcher@main] Found classpath entry '/C:/Users/Joserrita/.m2/repository/org/assertj/assertj-core/3.18.1/assertj-core-3.18.1.jar' 
2022-04-20 17:42:01.519 DEBUG [acme.Launcher@main] Found classpath entry '/C:/Users/Joserrita/.m2/repository/org/hamcrest/hamcrest/2.2/hamcrest-2.2.jar' 
2022-04-20 17:42:01.519 DEBUG [acme.Launcher@main] Found classpath entry '/C:/Users/Joserrita/.m2/repository/org/junit/jupiter/junit-jupiter/5.7.0/junit-jupiter-5.7.0.jar' 
2022-04-20 17:42:01.519 DEBUG [acme.Launcher@main] Found classpath entry '/C:/Users/Joserrita/.m2/repository/org/mockito/mockito-core/3.6.28/mockito-core-3.6.28.jar' 
2022-04-20 17:42:01.519 DEBUG [acme.Launcher@main] Found classpath entry '/C:/Users/Joserrita/.m2/repository/net/bytebuddy/byte-buddy-agent/1.10.19/byte-buddy-agent-1.10.19.jar' 
2022-04-20 17:42:01.520 DEBUG [acme.Launcher@main] Found classpath entry '/C:/Users/Joserrita/.m2/repository/org/objenesis/objenesis/3.1/objenesis-3.1.jar' 
2022-04-20 17:42:01.520 DEBUG [acme.Launcher@main] Found classpath entry '/C:/Users/Joserrita/.m2/repository/org/mockito/mockito-junit-jupiter/3.6.28/mockito-junit-jupiter-3.6.28.jar' 
2022-04-20 17:42:01.520 DEBUG [acme.Launcher@main] Found classpath entry '/C:/Users/Joserrita/.m2/repository/org/skyscreamer/jsonassert/1.5.0/jsonassert-1.5.0.jar' 
2022-04-20 17:42:01.520 DEBUG [acme.Launcher@main] Found classpath entry '/C:/Users/Joserrita/.m2/repository/com/vaadin/external/google/android-json/0.0.20131108.vaadin1/android-json-0.0.20131108.vaadin1.jar' 
2022-04-20 17:42:01.520 DEBUG [acme.Launcher@main] Found classpath entry '/C:/Users/Joserrita/.m2/repository/org/springframework/spring-core/5.3.3/spring-core-5.3.3.jar' 
2022-04-20 17:42:01.520 DEBUG [acme.Launcher@main] Found classpath entry '/C:/Users/Joserrita/.m2/repository/org/springframework/spring-jcl/5.3.3/spring-jcl-5.3.3.jar' 
2022-04-20 17:42:01.520 DEBUG [acme.Launcher@main] Found classpath entry '/C:/Users/Joserrita/.m2/repository/org/springframework/spring-test/5.3.3/spring-test-5.3.3.jar' 
2022-04-20 17:42:01.520 DEBUG [acme.Launcher@main] Found classpath entry '/C:/Users/Joserrita/.m2/repository/org/xmlunit/xmlunit-core/2.7.0/xmlunit-core-2.7.0.jar' 
2022-04-20 17:42:01.520 DEBUG [acme.Launcher@main] Found classpath entry '/C:/Users/Joserrita/.m2/repository/org/springframework/boot/spring-boot-starter-security/2.4.2/spring-boot-starter-security-2.4.2.jar' 
2022-04-20 17:42:01.520 DEBUG [acme.Launcher@main] Found classpath entry '/C:/Users/Joserrita/.m2/repository/org/springframework/spring-aop/5.3.3/spring-aop-5.3.3.jar' 
2022-04-20 17:42:01.521 DEBUG [acme.Launcher@main] Found classpath entry '/C:/Users/Joserrita/.m2/repository/org/springframework/security/spring-security-web/5.4.2/spring-security-web-5.4.2.jar' 
2022-04-20 17:42:01.521 DEBUG [acme.Launcher@main] Found classpath entry '/C:/Users/Joserrita/.m2/repository/org/springframework/security/spring-security-core/5.4.2/spring-security-core-5.4.2.jar' 
2022-04-20 17:42:01.521 DEBUG [acme.Launcher@main] Found classpath entry '/C:/Users/Joserrita/.m2/repository/org/springframework/spring-beans/5.3.3/spring-beans-5.3.3.jar' 
2022-04-20 17:42:01.521 DEBUG [acme.Launcher@main] Found classpath entry '/C:/Users/Joserrita/.m2/repository/org/springframework/spring-context/5.3.3/spring-context-5.3.3.jar' 
2022-04-20 17:42:01.521 DEBUG [acme.Launcher@main] Found classpath entry '/C:/Users/Joserrita/.m2/repository/org/springframework/spring-expression/5.3.3/spring-expression-5.3.3.jar' 
2022-04-20 17:42:01.521 DEBUG [acme.Launcher@main] Found classpath entry '/C:/Users/Joserrita/.m2/repository/org/springframework/spring-web/5.3.3/spring-web-5.3.3.jar' 
2022-04-20 17:42:01.521 DEBUG [acme.Launcher@main] Found classpath entry '/C:/Users/Joserrita/.m2/repository/org/springframework/security/spring-security-config/5.4.2/spring-security-config-5.4.2.jar' 
2022-04-20 17:42:01.521 DEBUG [acme.Launcher@main] Found classpath entry '/C:/Users/Joserrita/.m2/repository/org/springframework/security/spring-security-taglibs/5.4.2/spring-security-taglibs-5.4.2.jar' 
2022-04-20 17:42:01.521 DEBUG [acme.Launcher@main] Found classpath entry '/C:/Users/Joserrita/.m2/repository/org/springframework/security/spring-security-acl/5.4.2/spring-security-acl-5.4.2.jar' 
2022-04-20 17:42:01.521 DEBUG [acme.Launcher@main] Found classpath entry '/C:/Users/Joserrita/.m2/repository/org/springframework/spring-jdbc/5.3.3/spring-jdbc-5.3.3.jar' 
2022-04-20 17:42:01.522 DEBUG [acme.Launcher@main] Found classpath entry '/C:/Users/Joserrita/.m2/repository/org/springframework/spring-tx/5.3.3/spring-tx-5.3.3.jar' 
2022-04-20 17:42:01.522 DEBUG [acme.Launcher@main] Found classpath entry '/C:/Users/Joserrita/.m2/repository/org/springframework/boot/spring-boot-starter-web/2.4.2/spring-boot-starter-web-2.4.2.jar' 
2022-04-20 17:42:01.522 DEBUG [acme.Launcher@main] Found classpath entry '/C:/Users/Joserrita/.m2/repository/org/springframework/boot/spring-boot-starter-json/2.4.2/spring-boot-starter-json-2.4.2.jar' 
2022-04-20 17:42:01.522 DEBUG [acme.Launcher@main] Found classpath entry '/C:/Users/Joserrita/.m2/repository/com/fasterxml/jackson/core/jackson-databind/2.11.4/jackson-databind-2.11.4.jar' 
2022-04-20 17:42:01.522 DEBUG [acme.Launcher@main] Found classpath entry '/C:/Users/Joserrita/.m2/repository/com/fasterxml/jackson/core/jackson-annotations/2.11.4/jackson-annotations-2.11.4.jar' 
2022-04-20 17:42:01.522 DEBUG [acme.Launcher@main] Found classpath entry '/C:/Users/Joserrita/.m2/repository/com/fasterxml/jackson/core/jackson-core/2.11.4/jackson-core-2.11.4.jar' 
2022-04-20 17:42:01.522 DEBUG [acme.Launcher@main] Found classpath entry '/C:/Users/Joserrita/.m2/repository/com/fasterxml/jackson/datatype/jackson-datatype-jdk8/2.11.4/jackson-datatype-jdk8-2.11.4.jar' 
2022-04-20 17:42:01.522 DEBUG [acme.Launcher@main] Found classpath entry '/C:/Users/Joserrita/.m2/repository/com/fasterxml/jackson/datatype/jackson-datatype-jsr310/2.11.4/jackson-datatype-jsr310-2.11.4.jar' 
2022-04-20 17:42:01.522 DEBUG [acme.Launcher@main] Found classpath entry '/C:/Users/Joserrita/.m2/repository/com/fasterxml/jackson/module/jackson-module-parameter-names/2.11.4/jackson-module-parameter-names-2.11.4.jar' 
2022-04-20 17:42:01.522 DEBUG [acme.Launcher@main] Found classpath entry '/C:/Users/Joserrita/.m2/repository/org/springframework/spring-webmvc/5.3.3/spring-webmvc-5.3.3.jar' 
2022-04-20 17:42:01.523 DEBUG [acme.Launcher@main] Found classpath entry '/C:/Users/Joserrita/.m2/repository/org/apache/tiles/tiles-jsp/3.0.8/tiles-jsp-3.0.8.jar' 
2022-04-20 17:42:01.523 DEBUG [acme.Launcher@main] Found classpath entry '/C:/Users/Joserrita/.m2/repository/org/apache/tiles/tiles-servlet/3.0.8/tiles-servlet-3.0.8.jar' 
2022-04-20 17:42:01.523 DEBUG [acme.Launcher@main] Found classpath entry '/C:/Users/Joserrita/.m2/repository/org/apache/tiles/tiles-core/3.0.8/tiles-core-3.0.8.jar' 
2022-04-20 17:42:01.523 DEBUG [acme.Launcher@main] Found classpath entry '/C:/Users/Joserrita/.m2/repository/commons-digester/commons-digester/2.0/commons-digester-2.0.jar' 
2022-04-20 17:42:01.523 DEBUG [acme.Launcher@main] Found classpath entry '/C:/Users/Joserrita/.m2/repository/org/slf4j/jcl-over-slf4j/1.7.30/jcl-over-slf4j-1.7.30.jar' 
2022-04-20 17:42:01.523 DEBUG [acme.Launcher@main] Found classpath entry '/C:/Users/Joserrita/.m2/repository/org/apache/tiles/tiles-request-servlet/1.0.7/tiles-request-servlet-1.0.7.jar' 
2022-04-20 17:42:01.523 DEBUG [acme.Launcher@main] Found classpath entry '/C:/Users/Joserrita/.m2/repository/org/apache/tiles/tiles-template/3.0.8/tiles-template-3.0.8.jar' 
2022-04-20 17:42:01.523 DEBUG [acme.Launcher@main] Found classpath entry '/C:/Users/Joserrita/.m2/repository/org/apache/tiles/tiles-api/3.0.8/tiles-api-3.0.8.jar' 
2022-04-20 17:42:01.523 DEBUG [acme.Launcher@main] Found classpath entry '/C:/Users/Joserrita/.m2/repository/org/apache/tiles/tiles-autotag-core-runtime/1.2/tiles-autotag-core-runtime-1.2.jar' 
2022-04-20 17:42:01.523 DEBUG [acme.Launcher@main] Found classpath entry '/C:/Users/Joserrita/.m2/repository/org/slf4j/slf4j-api/1.7.30/slf4j-api-1.7.30.jar' 
2022-04-20 17:42:01.524 DEBUG [acme.Launcher@main] Found classpath entry '/C:/Users/Joserrita/.m2/repository/org/apache/tiles/tiles-request-jsp/1.0.7/tiles-request-jsp-1.0.7.jar' 
2022-04-20 17:42:01.524 DEBUG [acme.Launcher@main] Found classpath entry '/C:/Users/Joserrita/.m2/repository/org/apache/tiles/tiles-request-api/1.0.7/tiles-request-api-1.0.7.jar' 
2022-04-20 17:42:01.524 DEBUG [acme.Launcher@main] Found classpath entry '/C:/Users/Joserrita/.m2/repository/org/springframework/boot/spring-boot-starter-data-jpa/2.4.2/spring-boot-starter-data-jpa-2.4.2.jar' 
2022-04-20 17:42:01.524 DEBUG [acme.Launcher@main] Found classpath entry '/C:/Users/Joserrita/.m2/repository/org/springframework/boot/spring-boot-starter-aop/2.4.2/spring-boot-starter-aop-2.4.2.jar' 
2022-04-20 17:42:01.524 DEBUG [acme.Launcher@main] Found classpath entry '/C:/Users/Joserrita/.m2/repository/org/aspectj/aspectjweaver/1.9.6/aspectjweaver-1.9.6.jar' 
2022-04-20 17:42:01.524 DEBUG [acme.Launcher@main] Found classpath entry '/C:/Users/Joserrita/.m2/repository/org/springframework/boot/spring-boot-starter-jdbc/2.4.2/spring-boot-starter-jdbc-2.4.2.jar' 
2022-04-20 17:42:01.524 DEBUG [acme.Launcher@main] Found classpath entry '/C:/Users/Joserrita/.m2/repository/jakarta/transaction/jakarta.transaction-api/1.3.3/jakarta.transaction-api-1.3.3.jar' 
2022-04-20 17:42:01.524 DEBUG [acme.Launcher@main] Found classpath entry '/C:/Users/Joserrita/.m2/repository/jakarta/persistence/jakarta.persistence-api/2.2.3/jakarta.persistence-api-2.2.3.jar' 
2022-04-20 17:42:01.524 DEBUG [acme.Launcher@main] Found classpath entry '/C:/Users/Joserrita/.m2/repository/org/hibernate/hibernate-core/5.4.27.Final/hibernate-core-5.4.27.Final.jar' 
2022-04-20 17:42:01.524 DEBUG [acme.Launcher@main] Found classpath entry '/C:/Users/Joserrita/.m2/repository/org/jboss/logging/jboss-logging/3.4.1.Final/jboss-logging-3.4.1.Final.jar' 
2022-04-20 17:42:01.525 DEBUG [acme.Launcher@main] Found classpath entry '/C:/Users/Joserrita/.m2/repository/org/javassist/javassist/3.27.0-GA/javassist-3.27.0-GA.jar' 
2022-04-20 17:42:01.525 DEBUG [acme.Launcher@main] Found classpath entry '/C:/Users/Joserrita/.m2/repository/antlr/antlr/2.7.7/antlr-2.7.7.jar' 
2022-04-20 17:42:01.525 DEBUG [acme.Launcher@main] Found classpath entry '/C:/Users/Joserrita/.m2/repository/org/jboss/jandex/2.1.3.Final/jandex-2.1.3.Final.jar' 
2022-04-20 17:42:01.525 DEBUG [acme.Launcher@main] Found classpath entry '/C:/Users/Joserrita/.m2/repository/com/fasterxml/classmate/1.5.1/classmate-1.5.1.jar' 
2022-04-20 17:42:01.525 DEBUG [acme.Launcher@main] Found classpath entry '/C:/Users/Joserrita/.m2/repository/org/dom4j/dom4j/2.1.3/dom4j-2.1.3.jar' 
2022-04-20 17:42:01.525 DEBUG [acme.Launcher@main] Found classpath entry '/C:/Users/Joserrita/.m2/repository/org/hibernate/common/hibernate-commons-annotations/5.1.2.Final/hibernate-commons-annotations-5.1.2.Final.jar' 
2022-04-20 17:42:01.525 DEBUG [acme.Launcher@main] Found classpath entry '/C:/Users/Joserrita/.m2/repository/org/glassfish/jaxb/jaxb-runtime/2.3.3/jaxb-runtime-2.3.3.jar' 
2022-04-20 17:42:01.525 DEBUG [acme.Launcher@main] Found classpath entry '/C:/Users/Joserrita/.m2/repository/org/glassfish/jaxb/txw2/2.3.3/txw2-2.3.3.jar' 
2022-04-20 17:42:01.525 DEBUG [acme.Launcher@main] Found classpath entry '/C:/Users/Joserrita/.m2/repository/com/sun/istack/istack-commons-runtime/3.0.11/istack-commons-runtime-3.0.11.jar' 
2022-04-20 17:42:01.525 DEBUG [acme.Launcher@main] Found classpath entry '/C:/Users/Joserrita/.m2/repository/com/sun/activation/jakarta.activation/1.2.2/jakarta.activation-1.2.2.jar' 
2022-04-20 17:42:01.525 DEBUG [acme.Launcher@main] Found classpath entry '/C:/Users/Joserrita/.m2/repository/org/springframework/data/spring-data-jpa/2.4.3/spring-data-jpa-2.4.3.jar' 
2022-04-20 17:42:01.525 DEBUG [acme.Launcher@main] Found classpath entry '/C:/Users/Joserrita/.m2/repository/org/springframework/data/spring-data-commons/2.4.3/spring-data-commons-2.4.3.jar' 
2022-04-20 17:42:01.526 DEBUG [acme.Launcher@main] Found classpath entry '/C:/Users/Joserrita/.m2/repository/org/springframework/spring-orm/5.3.3/spring-orm-5.3.3.jar' 
2022-04-20 17:42:01.526 DEBUG [acme.Launcher@main] Found classpath entry '/C:/Users/Joserrita/.m2/repository/org/springframework/spring-aspects/5.3.3/spring-aspects-5.3.3.jar' 
2022-04-20 17:42:01.526 DEBUG [acme.Launcher@main] Found classpath entry '/C:/Users/Joserrita/.m2/repository/org/springframework/boot/spring-boot-starter-validation/2.4.2/spring-boot-starter-validation-2.4.2.jar' 
2022-04-20 17:42:01.526 DEBUG [acme.Launcher@main] Found classpath entry '/C:/Users/Joserrita/.m2/repository/org/hibernate/validator/hibernate-validator/6.1.7.Final/hibernate-validator-6.1.7.Final.jar' 
2022-04-20 17:42:01.526 DEBUG [acme.Launcher@main] Found classpath entry '/C:/Users/Joserrita/.m2/repository/jakarta/validation/jakarta.validation-api/2.0.2/jakarta.validation-api-2.0.2.jar' 
2022-04-20 17:42:01.526 DEBUG [acme.Launcher@main] Found classpath entry '/C:/Users/Joserrita/.m2/repository/mysql/mysql-connector-java/8.0.22/mysql-connector-java-8.0.22.jar' 
2022-04-20 17:42:01.526 DEBUG [acme.Launcher@main] Found classpath entry '/C:/Users/Joserrita/.m2/repository/com/zaxxer/HikariCP/3.4.5/HikariCP-3.4.5.jar' 
2022-04-20 17:42:01.526 DEBUG [acme.Launcher@main] Found classpath entry '/C:/Users/Joserrita/.m2/repository/org/junit/jupiter/junit-jupiter-engine/5.7.0/junit-jupiter-engine-5.7.0.jar' 
2022-04-20 17:42:01.526 DEBUG [acme.Launcher@main] Found classpath entry '/C:/Users/Joserrita/.m2/repository/org/apiguardian/apiguardian-api/1.1.0/apiguardian-api-1.1.0.jar' 
2022-04-20 17:42:01.526 DEBUG [acme.Launcher@main] Found classpath entry '/C:/Users/Joserrita/.m2/repository/org/junit/platform/junit-platform-engine/1.7.0/junit-platform-engine-1.7.0.jar' 
2022-04-20 17:42:01.526 DEBUG [acme.Launcher@main] Found classpath entry '/C:/Users/Joserrita/.m2/repository/org/junit/jupiter/junit-jupiter-api/5.7.0/junit-jupiter-api-5.7.0.jar' 
2022-04-20 17:42:01.526 DEBUG [acme.Launcher@main] Found classpath entry '/C:/Users/Joserrita/.m2/repository/org/opentest4j/opentest4j/1.2.0/opentest4j-1.2.0.jar' 
2022-04-20 17:42:01.526 DEBUG [acme.Launcher@main] Found classpath entry '/C:/Users/Joserrita/.m2/repository/org/junit/platform/junit-platform-commons/1.7.0/junit-platform-commons-1.7.0.jar' 
2022-04-20 17:42:01.527 DEBUG [acme.Launcher@main] Found classpath entry '/C:/Users/Joserrita/.m2/repository/org/junit/jupiter/junit-jupiter-params/5.7.0/junit-jupiter-params-5.7.0.jar' 
2022-04-20 17:42:01.527 DEBUG [acme.Launcher@main] Found classpath entry '/C:/Users/Joserrita/.m2/repository/org/junit/platform/junit-platform-launcher/1.7.0/junit-platform-launcher-1.7.0.jar' 
2022-04-20 17:42:01.527 DEBUG [acme.Launcher@main] Found classpath entry '/C:/Users/Joserrita/.m2/repository/org/seleniumhq/selenium/selenium-java/3.141.59/selenium-java-3.141.59.jar' 
2022-04-20 17:42:01.527 DEBUG [acme.Launcher@main] Found classpath entry '/C:/Users/Joserrita/.m2/repository/org/seleniumhq/selenium/selenium-api/3.141.59/selenium-api-3.141.59.jar' 
2022-04-20 17:42:01.527 DEBUG [acme.Launcher@main] Found classpath entry '/C:/Users/Joserrita/.m2/repository/org/seleniumhq/selenium/selenium-chrome-driver/3.141.59/selenium-chrome-driver-3.141.59.jar' 
2022-04-20 17:42:01.527 DEBUG [acme.Launcher@main] Found classpath entry '/C:/Users/Joserrita/.m2/repository/org/seleniumhq/selenium/selenium-edge-driver/3.141.59/selenium-edge-driver-3.141.59.jar' 
2022-04-20 17:42:01.527 DEBUG [acme.Launcher@main] Found classpath entry '/C:/Users/Joserrita/.m2/repository/org/seleniumhq/selenium/selenium-firefox-driver/3.141.59/selenium-firefox-driver-3.141.59.jar' 
2022-04-20 17:42:01.527 DEBUG [acme.Launcher@main] Found classpath entry '/C:/Users/Joserrita/.m2/repository/org/seleniumhq/selenium/selenium-ie-driver/3.141.59/selenium-ie-driver-3.141.59.jar' 
2022-04-20 17:42:01.527 DEBUG [acme.Launcher@main] Found classpath entry '/C:/Users/Joserrita/.m2/repository/org/seleniumhq/selenium/selenium-opera-driver/3.141.59/selenium-opera-driver-3.141.59.jar' 
2022-04-20 17:42:01.527 DEBUG [acme.Launcher@main] Found classpath entry '/C:/Users/Joserrita/.m2/repository/org/seleniumhq/selenium/selenium-remote-driver/3.141.59/selenium-remote-driver-3.141.59.jar' 
2022-04-20 17:42:01.527 DEBUG [acme.Launcher@main] Found classpath entry '/C:/Users/Joserrita/.m2/repository/org/seleniumhq/selenium/selenium-safari-driver/3.141.59/selenium-safari-driver-3.141.59.jar' 
2022-04-20 17:42:01.527 DEBUG [acme.Launcher@main] Found classpath entry '/C:/Users/Joserrita/.m2/repository/org/seleniumhq/selenium/selenium-support/3.141.59/selenium-support-3.141.59.jar' 
2022-04-20 17:42:01.527 DEBUG [acme.Launcher@main] Found classpath entry '/C:/Users/Joserrita/.m2/repository/net/bytebuddy/byte-buddy/1.10.19/byte-buddy-1.10.19.jar' 
2022-04-20 17:42:01.528 DEBUG [acme.Launcher@main] Found classpath entry '/C:/Users/Joserrita/.m2/repository/org/apache/commons/commons-exec/1.3/commons-exec-1.3.jar' 
2022-04-20 17:42:01.528 DEBUG [acme.Launcher@main] Found classpath entry '/C:/Users/Joserrita/.m2/repository/com/google/guava/guava/25.0-jre/guava-25.0-jre.jar' 
2022-04-20 17:42:01.528 DEBUG [acme.Launcher@main] Found classpath entry '/C:/Users/Joserrita/.m2/repository/com/google/code/findbugs/jsr305/1.3.9/jsr305-1.3.9.jar' 
2022-04-20 17:42:01.528 DEBUG [acme.Launcher@main] Found classpath entry '/C:/Users/Joserrita/.m2/repository/org/checkerframework/checker-compat-qual/2.0.0/checker-compat-qual-2.0.0.jar' 
2022-04-20 17:42:01.528 DEBUG [acme.Launcher@main] Found classpath entry '/C:/Users/Joserrita/.m2/repository/com/google/errorprone/error_prone_annotations/2.1.3/error_prone_annotations-2.1.3.jar' 
2022-04-20 17:42:01.528 DEBUG [acme.Launcher@main] Found classpath entry '/C:/Users/Joserrita/.m2/repository/com/google/j2objc/j2objc-annotations/1.1/j2objc-annotations-1.1.jar' 
2022-04-20 17:42:01.528 DEBUG [acme.Launcher@main] Found classpath entry '/C:/Users/Joserrita/.m2/repository/org/codehaus/mojo/animal-sniffer-annotations/1.14/animal-sniffer-annotations-1.14.jar' 
2022-04-20 17:42:01.528 DEBUG [acme.Launcher@main] Found classpath entry '/C:/Users/Joserrita/.m2/repository/com/squareup/okhttp3/okhttp/3.14.9/okhttp-3.14.9.jar' 
2022-04-20 17:42:01.528 DEBUG [acme.Launcher@main] Found classpath entry '/C:/Users/Joserrita/.m2/repository/com/squareup/okio/okio/1.14.0/okio-1.14.0.jar' 
2022-04-20 17:42:01.528 DEBUG [acme.Launcher@main] Found classpath entry '/C:/Users/Joserrita/.m2/repository/org/apache/commons/commons-lang3/3.11/commons-lang3-3.11.jar' 
2022-04-20 17:42:01.528 DEBUG [acme.Launcher@main] Found classpath entry '/C:/Users/Joserrita/.m2/repository/org/apache/commons/commons-text/1.8/commons-text-1.8.jar' 
2022-04-20 17:42:01.528 DEBUG [acme.Launcher@main] Found classpath entry '/C:/Users/Joserrita/.m2/repository/commons-io/commons-io/2.6/commons-io-2.6.jar' 
2022-04-20 17:42:01.529 DEBUG [acme.Launcher@main] Found classpath entry '/C:/Users/Joserrita/.m2/repository/commons-cli/commons-cli/1.4/commons-cli-1.4.jar' 
2022-04-20 17:42:01.529 DEBUG [acme.Launcher@main] Found classpath entry '/C:/Users/Joserrita/.m2/repository/org/projectlombok/lombok/1.18.16/lombok-1.18.16.jar' 
2022-04-20 17:42:01.529 DEBUG [acme.Launcher@main] Found classpath entry '/C:/Users/Joserrita/.m2/repository/com/opencsv/opencsv/5.4/opencsv-5.4.jar' 
2022-04-20 17:42:01.529 DEBUG [acme.Launcher@main] Found classpath entry '/C:/Users/Joserrita/.m2/repository/commons-beanutils/commons-beanutils/1.9.4/commons-beanutils-1.9.4.jar' 
2022-04-20 17:42:01.529 DEBUG [acme.Launcher@main] Found classpath entry '/C:/Users/Joserrita/.m2/repository/commons-logging/commons-logging/1.2/commons-logging-1.2.jar' 
2022-04-20 17:42:01.529 DEBUG [acme.Launcher@main] Found classpath entry '/C:/Users/Joserrita/.m2/repository/commons-collections/commons-collections/3.2.2/commons-collections-3.2.2.jar' 
2022-04-20 17:42:01.529 DEBUG [acme.Launcher@main] Found classpath entry '/C:/Users/Joserrita/.m2/repository/org/apache/commons/commons-collections4/4.4/commons-collections4-4.4.jar' 
2022-04-20 17:42:01.529 DEBUG [acme.Launcher@main] Found classpath entry '/C:/Users/Joserrita/Desktop/UNI/TERCERO/SEGUNDO%20CUATRI/MVG/Workspace-22.0/Tools/IDEs/eclipse-jee-2021-12-R/configuration/org.eclipse.osgi/418/0/.cp/lib/javaagent-shaded.jar' 
2022-04-20 17:42:01.600 DEBUG [acme.Launcher@main] Found entity class 'acme.entities.Announcement 
2022-04-20 17:42:01.600 DEBUG [acme.Launcher@main] Found entity class 'acme.entities.Chirp 
2022-04-20 17:42:01.600 DEBUG [acme.Launcher@main] Found entity class 'acme.entities.CurrencyConfiguration 
2022-04-20 17:42:01.600 DEBUG [acme.Launcher@main] Found entity class 'acme.entities.Item 
2022-04-20 17:42:01.600 DEBUG [acme.Launcher@main] Found entity class 'acme.entities.Patronage 
2022-04-20 17:42:01.600 DEBUG [acme.Launcher@main] Found entity class 'acme.entities.PatronageReport 
2022-04-20 17:42:01.600 DEBUG [acme.Launcher@main] Found entity class 'acme.entities.Quantity 
2022-04-20 17:42:01.600 DEBUG [acme.Launcher@main] Found entity class 'acme.entities.Spam 
2022-04-20 17:42:01.600 DEBUG [acme.Launcher@main] Found entity class 'acme.entities.Toolkit 
2022-04-20 17:42:01.600 DEBUG [acme.Launcher@main] Found entity class 'acme.roles.Consumer 
2022-04-20 17:42:01.601 DEBUG [acme.Launcher@main] Found entity class 'acme.roles.Inventor 
2022-04-20 17:42:01.601 DEBUG [acme.Launcher@main] Found entity class 'acme.roles.Patron 
2022-04-20 17:42:01.601 DEBUG [acme.Launcher@main] Found entity class 'acme.roles.Provider 
2022-04-20 17:42:01.601 DEBUG [acme.Launcher@main] Found entity class 'acme.framework.entities.UserAccount 
2022-04-20 17:42:01.601 DEBUG [acme.Launcher@main] Found entity class 'acme.framework.roles.Administrator 
2022-04-20 17:42:01.601 DEBUG [acme.Launcher@main] Found entity class 'acme.framework.roles.Anonymous 
2022-04-20 17:42:01.601 DEBUG [acme.Launcher@main] Found entity class 'acme.framework.roles.Any 
2022-04-20 17:42:01.601 DEBUG [acme.Launcher@main] Found entity class 'acme.framework.roles.Authenticated 
2022-04-20 17:42:01.604 INFO  [acme.Launcher@main] Running application (Standalone) 
2022-04-20 17:42:12.314 DEBUG [acme.framework.components.tiles.DynamicTilesView@http-nio-8080-exec-2] View name 'fragments/welcome', model {} 
2022-04-20 17:42:12.326 DEBUG [org.apache.tiles.definition.dao.BaseLocaleUrlDefinitionDAO@http-nio-8080-exec-2] File Resource file:/C:/Users/Joserrita/Desktop/UNI/TERCERO/SEGUNDO%20CUATRI/MVG/Workspace-22.0/Projects/Acme-Toolkits-E3.08/target/classes/WEB-INF/views/master/tiles_es.xml at file:/C:/Users/Joserrita/Desktop/UNI/TERCERO/SEGUNDO%20CUATRI/MVG/Workspace-22.0/Projects/Acme-Toolkits-E3.08/target/classes/WEB-INF/views/master/tiles_es.xml not found, continue 
2022-04-20 17:42:12.332 DEBUG [org.apache.jasper.servlet.JspServlet@http-nio-8080-exec-2] JspEngine --> /WEB-INF/views/master/page.jsp 
2022-04-20 17:42:12.333 DEBUG [org.apache.jasper.servlet.JspServlet@http-nio-8080-exec-2] ServletPath: /WEB-INF/views/master/page.jsp 
2022-04-20 17:42:12.333 DEBUG [org.apache.jasper.servlet.JspServlet@http-nio-8080-exec-2] PathInfo: null 
2022-04-20 17:42:12.335 DEBUG [org.apache.jasper.servlet.JspServlet@http-nio-8080-exec-2] RealPath: C:\Users\Joserrita\Desktop\UNI\TERCERO\SEGUNDO CUATRI\MVG\Workspace-22.0\Projects\Acme-Toolkits-E3.08\target\classes\WEB-INF\views\master\page.jsp 
2022-04-20 17:42:12.336 DEBUG [org.apache.jasper.servlet.JspServlet@http-nio-8080-exec-2] RequestURI: /acme-toolkits-e3.08-1.0/WEB-INF/views/master/page.jsp 
2022-04-20 17:42:12.336 DEBUG [org.apache.jasper.servlet.JspServlet@http-nio-8080-exec-2] QueryString: null 
2022-04-20 17:42:15.039 DEBUG [acme.framework.configuration.ExtendedMessageSource@http-nio-8080-exec-2] Loading properties [C:\Users\Joserrita\Desktop\UNI\TERCERO\SEGUNDO CUATRI\MVG\Workspace-22.0\Projects\Acme-Toolkits-E3.08\target\classes\WEB-INF\views\administrator\user-account\messages-en.i18n] with encoding 'utf-8' 
2022-04-20 17:42:15.040 DEBUG [acme.framework.configuration.ExtendedMessageSource@http-nio-8080-exec-2] Loading properties [C:\Users\Joserrita\Desktop\UNI\TERCERO\SEGUNDO CUATRI\MVG\Workspace-22.0\Projects\Acme-Toolkits-E3.08\target\classes\WEB-INF\views\any\chirp\messsages-en.i18n] with encoding 'utf-8' 
2022-04-20 17:42:15.041 DEBUG [acme.framework.configuration.ExtendedMessageSource@http-nio-8080-exec-2] Loading properties [C:\Users\Joserrita\Desktop\UNI\TERCERO\SEGUNDO CUATRI\MVG\Workspace-22.0\Projects\Acme-Toolkits-E3.08\target\classes\WEB-INF\views\any\component\messsages-en.i18n] with encoding 'utf-8' 
2022-04-20 17:42:15.041 DEBUG [acme.framework.configuration.ExtendedMessageSource@http-nio-8080-exec-2] Loading properties [C:\Users\Joserrita\Desktop\UNI\TERCERO\SEGUNDO CUATRI\MVG\Workspace-22.0\Projects\Acme-Toolkits-E3.08\target\classes\WEB-INF\views\any\tool\messsages-en.i18n] with encoding 'utf-8' 
2022-04-20 17:42:15.041 DEBUG [acme.framework.configuration.ExtendedMessageSource@http-nio-8080-exec-2] Loading properties [C:\Users\Joserrita\Desktop\UNI\TERCERO\SEGUNDO CUATRI\MVG\Workspace-22.0\Projects\Acme-Toolkits-E3.08\target\classes\WEB-INF\views\any\toolkit\messsages-en.i18n] with encoding 'utf-8' 
2022-04-20 17:42:15.042 DEBUG [acme.framework.configuration.ExtendedMessageSource@http-nio-8080-exec-2] Loading properties [C:\Users\Joserrita\Desktop\UNI\TERCERO\SEGUNDO CUATRI\MVG\Workspace-22.0\Projects\Acme-Toolkits-E3.08\target\classes\WEB-INF\views\any\user-account\messsages-en.i18n] with encoding 'utf-8' 
2022-04-20 17:42:15.043 DEBUG [acme.framework.configuration.ExtendedMessageSource@http-nio-8080-exec-2] Loading properties [C:\Users\Joserrita\Desktop\UNI\TERCERO\SEGUNDO CUATRI\MVG\Workspace-22.0\Projects\Acme-Toolkits-E3.08\target\classes\WEB-INF\views\authenticated\announcement\messsages-en.i18n] with encoding 'utf-8' 
2022-04-20 17:42:15.043 DEBUG [acme.framework.configuration.ExtendedMessageSource@http-nio-8080-exec-2] Loading properties [C:\Users\Joserrita\Desktop\UNI\TERCERO\SEGUNDO CUATRI\MVG\Workspace-22.0\Projects\Acme-Toolkits-E3.08\target\classes\WEB-INF\views\authenticated\consumer\messsages-en.i18n] with encoding 'utf-8' 
2022-04-20 17:42:15.043 DEBUG [acme.framework.configuration.ExtendedMessageSource@http-nio-8080-exec-2] Loading properties [C:\Users\Joserrita\Desktop\UNI\TERCERO\SEGUNDO CUATRI\MVG\Workspace-22.0\Projects\Acme-Toolkits-E3.08\target\classes\WEB-INF\views\authenticated\inventor\messsages-en.i18n] with encoding 'utf-8' 
2022-04-20 17:42:15.044 DEBUG [acme.framework.configuration.ExtendedMessageSource@http-nio-8080-exec-2] Loading properties [C:\Users\Joserrita\Desktop\UNI\TERCERO\SEGUNDO CUATRI\MVG\Workspace-22.0\Projects\Acme-Toolkits-E3.08\target\classes\WEB-INF\views\authenticated\patron\messsages-en.i18n] with encoding 'utf-8' 
2022-04-20 17:42:15.044 DEBUG [acme.framework.configuration.ExtendedMessageSource@http-nio-8080-exec-2] Loading properties [C:\Users\Joserrita\Desktop\UNI\TERCERO\SEGUNDO CUATRI\MVG\Workspace-22.0\Projects\Acme-Toolkits-E3.08\target\classes\WEB-INF\views\authenticated\provider\messsages-en.i18n] with encoding 'utf-8' 
2022-04-20 17:42:15.045 DEBUG [acme.framework.configuration.ExtendedMessageSource@http-nio-8080-exec-2] Loading properties [C:\Users\Joserrita\Desktop\UNI\TERCERO\SEGUNDO CUATRI\MVG\Workspace-22.0\Projects\Acme-Toolkits-E3.08\target\classes\WEB-INF\views\fragments\banner-en.i18n] with encoding 'utf-8' 
2022-04-20 17:42:15.045 DEBUG [acme.framework.configuration.ExtendedMessageSource@http-nio-8080-exec-2] Loading properties [C:\Users\Joserrita\Desktop\UNI\TERCERO\SEGUNDO CUATRI\MVG\Workspace-22.0\Projects\Acme-Toolkits-E3.08\target\classes\WEB-INF\views\fragments\company-en.i18n] with encoding 'utf-8' 
2022-04-20 17:42:15.046 DEBUG [acme.framework.configuration.ExtendedMessageSource@http-nio-8080-exec-2] Loading properties [C:\Users\Joserrita\Desktop\UNI\TERCERO\SEGUNDO CUATRI\MVG\Workspace-22.0\Projects\Acme-Toolkits-E3.08\target\classes\WEB-INF\views\fragments\footer-en.i18n] with encoding 'utf-8' 
2022-04-20 17:42:15.046 DEBUG [acme.framework.configuration.ExtendedMessageSource@http-nio-8080-exec-2] Loading properties [C:\Users\Joserrita\Desktop\UNI\TERCERO\SEGUNDO CUATRI\MVG\Workspace-22.0\Projects\Acme-Toolkits-E3.08\target\classes\WEB-INF\views\fragments\license-en.i18n] with encoding 'utf-8' 
2022-04-20 17:42:15.047 DEBUG [acme.framework.configuration.ExtendedMessageSource@http-nio-8080-exec-2] Loading properties [C:\Users\Joserrita\Desktop\UNI\TERCERO\SEGUNDO CUATRI\MVG\Workspace-22.0\Projects\Acme-Toolkits-E3.08\target\classes\WEB-INF\views\fragments\menu-en.i18n] with encoding 'utf-8' 
2022-04-20 17:42:15.048 DEBUG [acme.framework.configuration.ExtendedMessageSource@http-nio-8080-exec-2] Loading properties [C:\Users\Joserrita\Desktop\UNI\TERCERO\SEGUNDO CUATRI\MVG\Workspace-22.0\Projects\Acme-Toolkits-E3.08\target\classes\WEB-INF\views\fragments\messsages-en.i18n] with encoding 'utf-8' 
2022-04-20 17:42:15.048 DEBUG [acme.framework.configuration.ExtendedMessageSource@http-nio-8080-exec-2] Loading properties [C:\Users\Joserrita\Desktop\UNI\TERCERO\SEGUNDO CUATRI\MVG\Workspace-22.0\Projects\Acme-Toolkits-E3.08\target\classes\WEB-INF\views\fragments\title-en.i18n] with encoding 'utf-8' 
2022-04-20 17:42:15.049 DEBUG [acme.framework.configuration.ExtendedMessageSource@http-nio-8080-exec-2] Loading properties [C:\Users\Joserrita\Desktop\UNI\TERCERO\SEGUNDO CUATRI\MVG\Workspace-22.0\Projects\Acme-Toolkits-E3.08\target\classes\WEB-INF\views\fragments\welcome-en.i18n] with encoding 'utf-8' 
2022-04-20 17:42:15.049 DEBUG [acme.framework.configuration.ExtendedMessageSource@http-nio-8080-exec-2] Loading properties [C:\Users\Joserrita\Desktop\UNI\TERCERO\SEGUNDO CUATRI\MVG\Workspace-22.0\Projects\Acme-Toolkits-E3.08\target\classes\WEB-INF\views\inventor\item\messsages-en.i18n] with encoding 'utf-8' 
2022-04-20 17:42:15.050 DEBUG [acme.framework.configuration.ExtendedMessageSource@http-nio-8080-exec-2] Loading properties [C:\Users\Joserrita\Desktop\UNI\TERCERO\SEGUNDO CUATRI\MVG\Workspace-22.0\Projects\Acme-Toolkits-E3.08\target\classes\WEB-INF\views\inventor\toolkit\messsages-en.i18n] with encoding 'utf-8' 
2022-04-20 17:42:15.050 DEBUG [acme.framework.configuration.ExtendedMessageSource@http-nio-8080-exec-2] Loading properties [C:\Users\Joserrita\Desktop\UNI\TERCERO\SEGUNDO CUATRI\MVG\Workspace-22.0\Projects\Acme-Toolkits-E3.08\target\classes\WEB-INF\views\master\defaults-en.i18n] with encoding 'utf-8' 
2022-04-20 17:42:15.051 DEBUG [acme.framework.configuration.ExtendedMessageSource@http-nio-8080-exec-2] Loading properties [C:\Users\Joserrita\Desktop\UNI\TERCERO\SEGUNDO CUATRI\MVG\Workspace-22.0\Projects\Acme-Toolkits-E3.08\target\classes\WEB-INF\views\master\master-en.i18n] with encoding 'utf-8' 
2022-04-20 17:42:15.051 DEBUG [acme.framework.configuration.ExtendedMessageSource@http-nio-8080-exec-2] Loading properties [C:\Users\Joserrita\Desktop\UNI\TERCERO\SEGUNDO CUATRI\MVG\Workspace-22.0\Projects\Acme-Toolkits-E3.08\target\classes\WEB-INF\views\master\throwables-en.i18n] with encoding 'utf-8' 
2022-04-20 17:42:15.052 DEBUG [acme.framework.configuration.ExtendedMessageSource@http-nio-8080-exec-2] Loading properties [C:\Users\Joserrita\Desktop\UNI\TERCERO\SEGUNDO CUATRI\MVG\Workspace-22.0\Projects\Acme-Toolkits-E3.08\target\classes\WEB-INF\views\master\validation-en.i18n] with encoding 'utf-8' 
2022-04-20 17:42:15.052 DEBUG [acme.framework.configuration.ExtendedMessageSource@http-nio-8080-exec-2] Loading properties [C:\Users\Joserrita\Desktop\UNI\TERCERO\SEGUNDO CUATRI\MVG\Workspace-22.0\Projects\Acme-Toolkits-E3.08\target\classes\WEB-INF\views\patron\patronage\messsages-en.i18n] with encoding 'utf-8' 
2022-04-20 17:42:15.060 DEBUG [acme.framework.configuration.ExtendedMessageSource@http-nio-8080-exec-2] Loading properties [C:\Users\Joserrita\Desktop\UNI\TERCERO\SEGUNDO CUATRI\MVG\Workspace-22.0\Projects\Acme-Toolkits-E3.08\target\classes\WEB-INF\views\administrator\user-account\messages-es.i18n] with encoding 'utf-8' 
2022-04-20 17:42:15.060 DEBUG [acme.framework.configuration.ExtendedMessageSource@http-nio-8080-exec-2] Loading properties [C:\Users\Joserrita\Desktop\UNI\TERCERO\SEGUNDO CUATRI\MVG\Workspace-22.0\Projects\Acme-Toolkits-E3.08\target\classes\WEB-INF\views\any\chirp\messsages-es.i18n] with encoding 'utf-8' 
2022-04-20 17:42:15.061 DEBUG [acme.framework.configuration.ExtendedMessageSource@http-nio-8080-exec-2] Loading properties [C:\Users\Joserrita\Desktop\UNI\TERCERO\SEGUNDO CUATRI\MVG\Workspace-22.0\Projects\Acme-Toolkits-E3.08\target\classes\WEB-INF\views\any\component\messsages-es.i18n] with encoding 'utf-8' 
2022-04-20 17:42:15.061 DEBUG [acme.framework.configuration.ExtendedMessageSource@http-nio-8080-exec-2] Loading properties [C:\Users\Joserrita\Desktop\UNI\TERCERO\SEGUNDO CUATRI\MVG\Workspace-22.0\Projects\Acme-Toolkits-E3.08\target\classes\WEB-INF\views\any\tool\messsages-es.i18n] with encoding 'utf-8' 
2022-04-20 17:42:15.061 DEBUG [acme.framework.configuration.ExtendedMessageSource@http-nio-8080-exec-2] Loading properties [C:\Users\Joserrita\Desktop\UNI\TERCERO\SEGUNDO CUATRI\MVG\Workspace-22.0\Projects\Acme-Toolkits-E3.08\target\classes\WEB-INF\views\any\toolkit\messsages-es.i18n] with encoding 'utf-8' 
2022-04-20 17:42:15.062 DEBUG [acme.framework.configuration.ExtendedMessageSource@http-nio-8080-exec-2] Loading properties [C:\Users\Joserrita\Desktop\UNI\TERCERO\SEGUNDO CUATRI\MVG\Workspace-22.0\Projects\Acme-Toolkits-E3.08\target\classes\WEB-INF\views\any\user-account\messsages-es.i18n] with encoding 'utf-8' 
2022-04-20 17:42:15.062 DEBUG [acme.framework.configuration.ExtendedMessageSource@http-nio-8080-exec-2] Loading properties [C:\Users\Joserrita\Desktop\UNI\TERCERO\SEGUNDO CUATRI\MVG\Workspace-22.0\Projects\Acme-Toolkits-E3.08\target\classes\WEB-INF\views\authenticated\announcement\messsages-es.i18n] with encoding 'utf-8' 
2022-04-20 17:42:15.062 DEBUG [acme.framework.configuration.ExtendedMessageSource@http-nio-8080-exec-2] Loading properties [C:\Users\Joserrita\Desktop\UNI\TERCERO\SEGUNDO CUATRI\MVG\Workspace-22.0\Projects\Acme-Toolkits-E3.08\target\classes\WEB-INF\views\authenticated\consumer\messsages-es.i18n] with encoding 'utf-8' 
2022-04-20 17:42:15.063 DEBUG [acme.framework.configuration.ExtendedMessageSource@http-nio-8080-exec-2] Loading properties [C:\Users\Joserrita\Desktop\UNI\TERCERO\SEGUNDO CUATRI\MVG\Workspace-22.0\Projects\Acme-Toolkits-E3.08\target\classes\WEB-INF\views\authenticated\inventor\messsages-es.i18n] with encoding 'utf-8' 
2022-04-20 17:42:15.063 DEBUG [acme.framework.configuration.ExtendedMessageSource@http-nio-8080-exec-2] Loading properties [C:\Users\Joserrita\Desktop\UNI\TERCERO\SEGUNDO CUATRI\MVG\Workspace-22.0\Projects\Acme-Toolkits-E3.08\target\classes\WEB-INF\views\authenticated\patron\messsages-es.i18n] with encoding 'utf-8' 
2022-04-20 17:42:15.064 DEBUG [acme.framework.configuration.ExtendedMessageSource@http-nio-8080-exec-2] Loading properties [C:\Users\Joserrita\Desktop\UNI\TERCERO\SEGUNDO CUATRI\MVG\Workspace-22.0\Projects\Acme-Toolkits-E3.08\target\classes\WEB-INF\views\authenticated\provider\messsages-es.i18n] with encoding 'utf-8' 
2022-04-20 17:42:15.065 DEBUG [acme.framework.configuration.ExtendedMessageSource@http-nio-8080-exec-2] Loading properties [C:\Users\Joserrita\Desktop\UNI\TERCERO\SEGUNDO CUATRI\MVG\Workspace-22.0\Projects\Acme-Toolkits-E3.08\target\classes\WEB-INF\views\fragments\banner-es.i18n] with encoding 'utf-8' 
2022-04-20 17:42:15.065 DEBUG [acme.framework.configuration.ExtendedMessageSource@http-nio-8080-exec-2] Loading properties [C:\Users\Joserrita\Desktop\UNI\TERCERO\SEGUNDO CUATRI\MVG\Workspace-22.0\Projects\Acme-Toolkits-E3.08\target\classes\WEB-INF\views\fragments\company-es.i18n] with encoding 'utf-8' 
2022-04-20 17:42:15.066 DEBUG [acme.framework.configuration.ExtendedMessageSource@http-nio-8080-exec-2] Loading properties [C:\Users\Joserrita\Desktop\UNI\TERCERO\SEGUNDO CUATRI\MVG\Workspace-22.0\Projects\Acme-Toolkits-E3.08\target\classes\WEB-INF\views\fragments\footer-es.i18n] with encoding 'utf-8' 
2022-04-20 17:42:15.067 DEBUG [acme.framework.configuration.ExtendedMessageSource@http-nio-8080-exec-2] Loading properties [C:\Users\Joserrita\Desktop\UNI\TERCERO\SEGUNDO CUATRI\MVG\Workspace-22.0\Projects\Acme-Toolkits-E3.08\target\classes\WEB-INF\views\fragments\license-es.i18n] with encoding 'utf-8' 
2022-04-20 17:42:15.067 DEBUG [acme.framework.configuration.ExtendedMessageSource@http-nio-8080-exec-2] Loading properties [C:\Users\Joserrita\Desktop\UNI\TERCERO\SEGUNDO CUATRI\MVG\Workspace-22.0\Projects\Acme-Toolkits-E3.08\target\classes\WEB-INF\views\fragments\menu-es.i18n] with encoding 'utf-8' 
2022-04-20 17:42:15.068 DEBUG [acme.framework.configuration.ExtendedMessageSource@http-nio-8080-exec-2] Loading properties [C:\Users\Joserrita\Desktop\UNI\TERCERO\SEGUNDO CUATRI\MVG\Workspace-22.0\Projects\Acme-Toolkits-E3.08\target\classes\WEB-INF\views\fragments\messsages-es.i18n] with encoding 'utf-8' 
2022-04-20 17:42:15.068 DEBUG [acme.framework.configuration.ExtendedMessageSource@http-nio-8080-exec-2] Loading properties [C:\Users\Joserrita\Desktop\UNI\TERCERO\SEGUNDO CUATRI\MVG\Workspace-22.0\Projects\Acme-Toolkits-E3.08\target\classes\WEB-INF\views\fragments\title-es.i18n] with encoding 'utf-8' 
2022-04-20 17:42:15.069 DEBUG [acme.framework.configuration.ExtendedMessageSource@http-nio-8080-exec-2] Loading properties [C:\Users\Joserrita\Desktop\UNI\TERCERO\SEGUNDO CUATRI\MVG\Workspace-22.0\Projects\Acme-Toolkits-E3.08\target\classes\WEB-INF\views\fragments\welcome-es.i18n] with encoding 'utf-8' 
2022-04-20 17:42:15.069 DEBUG [acme.framework.configuration.ExtendedMessageSource@http-nio-8080-exec-2] Loading properties [C:\Users\Joserrita\Desktop\UNI\TERCERO\SEGUNDO CUATRI\MVG\Workspace-22.0\Projects\Acme-Toolkits-E3.08\target\classes\WEB-INF\views\inventor\item\messsages-es.i18n] with encoding 'utf-8' 
2022-04-20 17:42:15.069 DEBUG [acme.framework.configuration.ExtendedMessageSource@http-nio-8080-exec-2] Loading properties [C:\Users\Joserrita\Desktop\UNI\TERCERO\SEGUNDO CUATRI\MVG\Workspace-22.0\Projects\Acme-Toolkits-E3.08\target\classes\WEB-INF\views\inventor\toolkit\messsages-es.i18n] with encoding 'utf-8' 
2022-04-20 17:42:15.070 DEBUG [acme.framework.configuration.ExtendedMessageSource@http-nio-8080-exec-2] Loading properties [C:\Users\Joserrita\Desktop\UNI\TERCERO\SEGUNDO CUATRI\MVG\Workspace-22.0\Projects\Acme-Toolkits-E3.08\target\classes\WEB-INF\views\master\defaults-es.i18n] with encoding 'utf-8' 
2022-04-20 17:42:15.071 DEBUG [acme.framework.configuration.ExtendedMessageSource@http-nio-8080-exec-2] Loading properties [C:\Users\Joserrita\Desktop\UNI\TERCERO\SEGUNDO CUATRI\MVG\Workspace-22.0\Projects\Acme-Toolkits-E3.08\target\classes\WEB-INF\views\master\master-es.i18n] with encoding 'utf-8' 
2022-04-20 17:42:15.072 DEBUG [acme.framework.configuration.ExtendedMessageSource@http-nio-8080-exec-2] Loading properties [C:\Users\Joserrita\Desktop\UNI\TERCERO\SEGUNDO CUATRI\MVG\Workspace-22.0\Projects\Acme-Toolkits-E3.08\target\classes\WEB-INF\views\master\throwables-es.i18n] with encoding 'utf-8' 
2022-04-20 17:42:15.072 DEBUG [acme.framework.configuration.ExtendedMessageSource@http-nio-8080-exec-2] Loading properties [C:\Users\Joserrita\Desktop\UNI\TERCERO\SEGUNDO CUATRI\MVG\Workspace-22.0\Projects\Acme-Toolkits-E3.08\target\classes\WEB-INF\views\master\validation-es.i18n] with encoding 'utf-8' 
2022-04-20 17:42:15.072 DEBUG [acme.framework.configuration.ExtendedMessageSource@http-nio-8080-exec-2] Loading properties [C:\Users\Joserrita\Desktop\UNI\TERCERO\SEGUNDO CUATRI\MVG\Workspace-22.0\Projects\Acme-Toolkits-E3.08\target\classes\WEB-INF\views\patron\patronage\messsages-es.i18n] with encoding 'utf-8' 
2022-04-20 17:42:15.231 DEBUG [org.apache.jasper.servlet.JspServlet@http-nio-8080-exec-2] JspEngine --> /WEB-INF/views/fragments/welcome.jsp 
2022-04-20 17:42:15.231 DEBUG [org.apache.jasper.servlet.JspServlet@http-nio-8080-exec-2] ServletPath: /WEB-INF/views/master/page.jsp 
2022-04-20 17:42:15.232 DEBUG [org.apache.jasper.servlet.JspServlet@http-nio-8080-exec-2] PathInfo: null 
2022-04-20 17:42:15.233 DEBUG [org.apache.jasper.servlet.JspServlet@http-nio-8080-exec-2] RealPath: C:\Users\Joserrita\Desktop\UNI\TERCERO\SEGUNDO CUATRI\MVG\Workspace-22.0\Projects\Acme-Toolkits-E3.08\target\classes\WEB-INF\views\fragments\welcome.jsp 
2022-04-20 17:42:15.233 DEBUG [org.apache.jasper.servlet.JspServlet@http-nio-8080-exec-2] RequestURI: /acme-toolkits-e3.08-1.0/WEB-INF/views/master/page.jsp 
2022-04-20 17:42:15.233 DEBUG [org.apache.jasper.servlet.JspServlet@http-nio-8080-exec-2] QueryString: null 
2022-04-20 17:42:15.437 DEBUG [org.hibernate.SQL@http-nio-8080-exec-2] select useraccoun0_.id as id1_0_, useraccoun0_.version as version2_0_, useraccoun0_.enabled as enabled1_18_, useraccoun0_.identity as identity2_18_, useraccoun0_.password as password3_18_, useraccoun0_.username as username4_18_ from user_account useraccoun0_ where useraccoun0_.username=? 
2022-04-20 17:42:15.452 TRACE [org.hibernate.type.descriptor.sql.BasicBinder@http-nio-8080-exec-2] binding parameter [1] as [VARCHAR] - [anonymous] 
2022-04-20 17:42:15.497 DEBUG [org.hibernate.SQL@http-nio-8080-exec-2] select roles0_.user_account_id as user_acc1_19_0_, roles0_.id as id1_19_0_, roles0_.id as id1_0_1_, roles0_.version as version2_0_1_, roles0_.user_account_id as user_acc1_19_1_, roles0_.company as company1_7_1_, roles0_.sector as sector2_7_1_, roles0_.company as company1_9_1_, roles0_.info as info2_9_1_, roles0_.statement as statemen3_9_1_, roles0_.company as company1_11_1_, roles0_.info as info2_11_1_, roles0_.statement as statemen3_11_1_, roles0_.company as company1_14_1_, roles0_.sector as sector2_14_1_, roles0_.clazz_ as clazz_1_ from ( select id, version, user_account_id, company, sector, null as info, null as statement, 11 as clazz_ from consumer union all select id, version, user_account_id, company, null as sector, info, statement, 12 as clazz_ from inventor union all select id, version, user_account_id, company, null as sector, info, statement, 13 as clazz_ from patron union all select id, version, user_account_id, company, sector, null as info, null as statement, 14 as clazz_ from provider union all select id, version, user_account_id, null as company, null as sector, null as info, null as statement, 16 as clazz_ from administrator union all select id, version, user_account_id, null as company, null as sector, null as info, null as statement, 17 as clazz_ from anonymous union all select id, version, user_account_id, null as company, null as sector, null as info, null as statement, 18 as clazz_ from any union all select id, version, user_account_id, null as company, null as sector, null as info, null as statement, 19 as clazz_ from authenticated ) roles0_ where roles0_.user_account_id=? 
2022-04-20 17:42:15.498 TRACE [org.hibernate.type.descriptor.sql.BasicBinder@http-nio-8080-exec-2] binding parameter [1] as [INTEGER] - [3] 
2022-04-20 17:42:20.518 DEBUG [acme.framework.components.tiles.DynamicTilesView@http-nio-8080-exec-7] View name 'master/sign-in', model {username=, password=, remember=false} 
2022-04-20 17:42:20.519 DEBUG [org.apache.jasper.servlet.JspServlet@http-nio-8080-exec-7] JspEngine --> /WEB-INF/views/master/page.jsp 
2022-04-20 17:42:20.519 DEBUG [org.apache.jasper.servlet.JspServlet@http-nio-8080-exec-7] ServletPath: /WEB-INF/views/master/page.jsp 
2022-04-20 17:42:20.520 DEBUG [org.apache.jasper.servlet.JspServlet@http-nio-8080-exec-7] PathInfo: null 
2022-04-20 17:42:20.521 DEBUG [org.apache.jasper.servlet.JspServlet@http-nio-8080-exec-7] RealPath: C:\Users\Joserrita\Desktop\UNI\TERCERO\SEGUNDO CUATRI\MVG\Workspace-22.0\Projects\Acme-Toolkits-E3.08\target\classes\WEB-INF\views\master\page.jsp 
2022-04-20 17:42:20.521 DEBUG [org.apache.jasper.servlet.JspServlet@http-nio-8080-exec-7] RequestURI: /acme-toolkits-e3.08-1.0/WEB-INF/views/master/page.jsp 
2022-04-20 17:42:20.522 DEBUG [org.apache.jasper.servlet.JspServlet@http-nio-8080-exec-7] QueryString: null 
2022-04-20 17:42:20.648 DEBUG [org.apache.jasper.servlet.JspServlet@http-nio-8080-exec-7] JspEngine --> /WEB-INF/views/master/sign-in.jsp 
2022-04-20 17:42:20.649 DEBUG [org.apache.jasper.servlet.JspServlet@http-nio-8080-exec-7] ServletPath: /WEB-INF/views/master/page.jsp 
2022-04-20 17:42:20.649 DEBUG [org.apache.jasper.servlet.JspServlet@http-nio-8080-exec-7] PathInfo: null 
2022-04-20 17:42:20.650 DEBUG [org.apache.jasper.servlet.JspServlet@http-nio-8080-exec-7] RealPath: C:\Users\Joserrita\Desktop\UNI\TERCERO\SEGUNDO CUATRI\MVG\Workspace-22.0\Projects\Acme-Toolkits-E3.08\target\classes\WEB-INF\views\master\sign-in.jsp 
2022-04-20 17:42:20.650 DEBUG [org.apache.jasper.servlet.JspServlet@http-nio-8080-exec-7] RequestURI: /acme-toolkits-e3.08-1.0/WEB-INF/views/master/page.jsp 
2022-04-20 17:42:20.650 DEBUG [org.apache.jasper.servlet.JspServlet@http-nio-8080-exec-7] QueryString: null 
2022-04-20 17:42:21.855 DEBUG [org.hibernate.SQL@http-nio-8080-exec-7] select useraccoun0_.id as id1_0_, useraccoun0_.version as version2_0_, useraccoun0_.enabled as enabled1_18_, useraccoun0_.identity as identity2_18_, useraccoun0_.password as password3_18_, useraccoun0_.username as username4_18_ from user_account useraccoun0_ where useraccoun0_.username=? 
2022-04-20 17:42:21.855 TRACE [org.hibernate.type.descriptor.sql.BasicBinder@http-nio-8080-exec-7] binding parameter [1] as [VARCHAR] - [anonymous] 
2022-04-20 17:42:21.857 DEBUG [org.hibernate.SQL@http-nio-8080-exec-7] select roles0_.user_account_id as user_acc1_19_0_, roles0_.id as id1_19_0_, roles0_.id as id1_0_1_, roles0_.version as version2_0_1_, roles0_.user_account_id as user_acc1_19_1_, roles0_.company as company1_7_1_, roles0_.sector as sector2_7_1_, roles0_.company as company1_9_1_, roles0_.info as info2_9_1_, roles0_.statement as statemen3_9_1_, roles0_.company as company1_11_1_, roles0_.info as info2_11_1_, roles0_.statement as statemen3_11_1_, roles0_.company as company1_14_1_, roles0_.sector as sector2_14_1_, roles0_.clazz_ as clazz_1_ from ( select id, version, user_account_id, company, sector, null as info, null as statement, 11 as clazz_ from consumer union all select id, version, user_account_id, company, null as sector, info, statement, 12 as clazz_ from inventor union all select id, version, user_account_id, company, null as sector, info, statement, 13 as clazz_ from patron union all select id, version, user_account_id, company, sector, null as info, null as statement, 14 as clazz_ from provider union all select id, version, user_account_id, null as company, null as sector, null as info, null as statement, 16 as clazz_ from administrator union all select id, version, user_account_id, null as company, null as sector, null as info, null as statement, 17 as clazz_ from anonymous union all select id, version, user_account_id, null as company, null as sector, null as info, null as statement, 18 as clazz_ from any union all select id, version, user_account_id, null as company, null as sector, null as info, null as statement, 19 as clazz_ from authenticated ) roles0_ where roles0_.user_account_id=? 
2022-04-20 17:42:21.857 TRACE [org.hibernate.type.descriptor.sql.BasicBinder@http-nio-8080-exec-7] binding parameter [1] as [INTEGER] - [3] 
2022-04-20 17:42:29.125 DEBUG [org.hibernate.SQL@http-nio-8080-exec-2] select useraccoun0_.id as id1_0_, useraccoun0_.version as version2_0_, useraccoun0_.enabled as enabled1_18_, useraccoun0_.identity as identity2_18_, useraccoun0_.password as password3_18_, useraccoun0_.username as username4_18_ from user_account useraccoun0_ where useraccoun0_.username=? 
2022-04-20 17:42:29.126 TRACE [org.hibernate.type.descriptor.sql.BasicBinder@http-nio-8080-exec-2] binding parameter [1] as [VARCHAR] - [inventor1] 
2022-04-20 17:42:29.127 DEBUG [org.hibernate.SQL@http-nio-8080-exec-2] select roles0_.user_account_id as user_acc1_19_0_, roles0_.id as id1_19_0_, roles0_.id as id1_0_1_, roles0_.version as version2_0_1_, roles0_.user_account_id as user_acc1_19_1_, roles0_.company as company1_7_1_, roles0_.sector as sector2_7_1_, roles0_.company as company1_9_1_, roles0_.info as info2_9_1_, roles0_.statement as statemen3_9_1_, roles0_.company as company1_11_1_, roles0_.info as info2_11_1_, roles0_.statement as statemen3_11_1_, roles0_.company as company1_14_1_, roles0_.sector as sector2_14_1_, roles0_.clazz_ as clazz_1_ from ( select id, version, user_account_id, company, sector, null as info, null as statement, 11 as clazz_ from consumer union all select id, version, user_account_id, company, null as sector, info, statement, 12 as clazz_ from inventor union all select id, version, user_account_id, company, null as sector, info, statement, 13 as clazz_ from patron union all select id, version, user_account_id, company, sector, null as info, null as statement, 14 as clazz_ from provider union all select id, version, user_account_id, null as company, null as sector, null as info, null as statement, 16 as clazz_ from administrator union all select id, version, user_account_id, null as company, null as sector, null as info, null as statement, 17 as clazz_ from anonymous union all select id, version, user_account_id, null as company, null as sector, null as info, null as statement, 18 as clazz_ from any union all select id, version, user_account_id, null as company, null as sector, null as info, null as statement, 19 as clazz_ from authenticated ) roles0_ where roles0_.user_account_id=? 
2022-04-20 17:42:29.128 TRACE [org.hibernate.type.descriptor.sql.BasicBinder@http-nio-8080-exec-2] binding parameter [1] as [INTEGER] - [11] 
2022-04-20 17:42:29.140 DEBUG [acme.framework.configuration.ExtendedMessageSource@http-nio-8080-exec-2] Loading properties [C:\Users\Joserrita\Desktop\UNI\TERCERO\SEGUNDO CUATRI\MVG\Workspace-22.0\Projects\Acme-Toolkits-E3.08\target\classes\WEB-INF\views\administrator\user-account\messages-en.i18n] with encoding 'utf-8' 
2022-04-20 17:42:29.141 DEBUG [acme.framework.configuration.ExtendedMessageSource@http-nio-8080-exec-2] Loading properties [C:\Users\Joserrita\Desktop\UNI\TERCERO\SEGUNDO CUATRI\MVG\Workspace-22.0\Projects\Acme-Toolkits-E3.08\target\classes\WEB-INF\views\any\chirp\messsages-en.i18n] with encoding 'utf-8' 
2022-04-20 17:42:29.142 DEBUG [acme.framework.configuration.ExtendedMessageSource@http-nio-8080-exec-2] Loading properties [C:\Users\Joserrita\Desktop\UNI\TERCERO\SEGUNDO CUATRI\MVG\Workspace-22.0\Projects\Acme-Toolkits-E3.08\target\classes\WEB-INF\views\any\component\messsages-en.i18n] with encoding 'utf-8' 
2022-04-20 17:42:29.142 DEBUG [acme.framework.configuration.ExtendedMessageSource@http-nio-8080-exec-2] Loading properties [C:\Users\Joserrita\Desktop\UNI\TERCERO\SEGUNDO CUATRI\MVG\Workspace-22.0\Projects\Acme-Toolkits-E3.08\target\classes\WEB-INF\views\any\tool\messsages-en.i18n] with encoding 'utf-8' 
2022-04-20 17:42:29.143 DEBUG [acme.framework.configuration.ExtendedMessageSource@http-nio-8080-exec-2] Loading properties [C:\Users\Joserrita\Desktop\UNI\TERCERO\SEGUNDO CUATRI\MVG\Workspace-22.0\Projects\Acme-Toolkits-E3.08\target\classes\WEB-INF\views\any\toolkit\messsages-en.i18n] with encoding 'utf-8' 
2022-04-20 17:42:29.143 DEBUG [acme.framework.configuration.ExtendedMessageSource@http-nio-8080-exec-2] Loading properties [C:\Users\Joserrita\Desktop\UNI\TERCERO\SEGUNDO CUATRI\MVG\Workspace-22.0\Projects\Acme-Toolkits-E3.08\target\classes\WEB-INF\views\any\user-account\messsages-en.i18n] with encoding 'utf-8' 
2022-04-20 17:42:29.143 DEBUG [acme.framework.configuration.ExtendedMessageSource@http-nio-8080-exec-2] Loading properties [C:\Users\Joserrita\Desktop\UNI\TERCERO\SEGUNDO CUATRI\MVG\Workspace-22.0\Projects\Acme-Toolkits-E3.08\target\classes\WEB-INF\views\authenticated\announcement\messsages-en.i18n] with encoding 'utf-8' 
2022-04-20 17:42:29.144 DEBUG [acme.framework.configuration.ExtendedMessageSource@http-nio-8080-exec-2] Loading properties [C:\Users\Joserrita\Desktop\UNI\TERCERO\SEGUNDO CUATRI\MVG\Workspace-22.0\Projects\Acme-Toolkits-E3.08\target\classes\WEB-INF\views\authenticated\consumer\messsages-en.i18n] with encoding 'utf-8' 
2022-04-20 17:42:29.144 DEBUG [acme.framework.configuration.ExtendedMessageSource@http-nio-8080-exec-2] Loading properties [C:\Users\Joserrita\Desktop\UNI\TERCERO\SEGUNDO CUATRI\MVG\Workspace-22.0\Projects\Acme-Toolkits-E3.08\target\classes\WEB-INF\views\authenticated\inventor\messsages-en.i18n] with encoding 'utf-8' 
2022-04-20 17:42:29.144 DEBUG [acme.framework.configuration.ExtendedMessageSource@http-nio-8080-exec-2] Loading properties [C:\Users\Joserrita\Desktop\UNI\TERCERO\SEGUNDO CUATRI\MVG\Workspace-22.0\Projects\Acme-Toolkits-E3.08\target\classes\WEB-INF\views\authenticated\patron\messsages-en.i18n] with encoding 'utf-8' 
2022-04-20 17:42:29.145 DEBUG [acme.framework.configuration.ExtendedMessageSource@http-nio-8080-exec-2] Loading properties [C:\Users\Joserrita\Desktop\UNI\TERCERO\SEGUNDO CUATRI\MVG\Workspace-22.0\Projects\Acme-Toolkits-E3.08\target\classes\WEB-INF\views\authenticated\provider\messsages-en.i18n] with encoding 'utf-8' 
2022-04-20 17:42:29.146 DEBUG [acme.framework.configuration.ExtendedMessageSource@http-nio-8080-exec-2] Loading properties [C:\Users\Joserrita\Desktop\UNI\TERCERO\SEGUNDO CUATRI\MVG\Workspace-22.0\Projects\Acme-Toolkits-E3.08\target\classes\WEB-INF\views\fragments\banner-en.i18n] with encoding 'utf-8' 
2022-04-20 17:42:29.146 DEBUG [acme.framework.configuration.ExtendedMessageSource@http-nio-8080-exec-2] Loading properties [C:\Users\Joserrita\Desktop\UNI\TERCERO\SEGUNDO CUATRI\MVG\Workspace-22.0\Projects\Acme-Toolkits-E3.08\target\classes\WEB-INF\views\fragments\company-en.i18n] with encoding 'utf-8' 
2022-04-20 17:42:29.147 DEBUG [acme.framework.configuration.ExtendedMessageSource@http-nio-8080-exec-2] Loading properties [C:\Users\Joserrita\Desktop\UNI\TERCERO\SEGUNDO CUATRI\MVG\Workspace-22.0\Projects\Acme-Toolkits-E3.08\target\classes\WEB-INF\views\fragments\footer-en.i18n] with encoding 'utf-8' 
2022-04-20 17:42:29.148 DEBUG [acme.framework.configuration.ExtendedMessageSource@http-nio-8080-exec-2] Loading properties [C:\Users\Joserrita\Desktop\UNI\TERCERO\SEGUNDO CUATRI\MVG\Workspace-22.0\Projects\Acme-Toolkits-E3.08\target\classes\WEB-INF\views\fragments\license-en.i18n] with encoding 'utf-8' 
2022-04-20 17:42:29.149 DEBUG [acme.framework.configuration.ExtendedMessageSource@http-nio-8080-exec-2] Loading properties [C:\Users\Joserrita\Desktop\UNI\TERCERO\SEGUNDO CUATRI\MVG\Workspace-22.0\Projects\Acme-Toolkits-E3.08\target\classes\WEB-INF\views\fragments\menu-en.i18n] with encoding 'utf-8' 
2022-04-20 17:42:29.150 DEBUG [acme.framework.configuration.ExtendedMessageSource@http-nio-8080-exec-2] Loading properties [C:\Users\Joserrita\Desktop\UNI\TERCERO\SEGUNDO CUATRI\MVG\Workspace-22.0\Projects\Acme-Toolkits-E3.08\target\classes\WEB-INF\views\fragments\messsages-en.i18n] with encoding 'utf-8' 
2022-04-20 17:42:29.150 DEBUG [acme.framework.configuration.ExtendedMessageSource@http-nio-8080-exec-2] Loading properties [C:\Users\Joserrita\Desktop\UNI\TERCERO\SEGUNDO CUATRI\MVG\Workspace-22.0\Projects\Acme-Toolkits-E3.08\target\classes\WEB-INF\views\fragments\title-en.i18n] with encoding 'utf-8' 
2022-04-20 17:42:29.151 DEBUG [acme.framework.configuration.ExtendedMessageSource@http-nio-8080-exec-2] Loading properties [C:\Users\Joserrita\Desktop\UNI\TERCERO\SEGUNDO CUATRI\MVG\Workspace-22.0\Projects\Acme-Toolkits-E3.08\target\classes\WEB-INF\views\fragments\welcome-en.i18n] with encoding 'utf-8' 
2022-04-20 17:42:29.151 DEBUG [acme.framework.configuration.ExtendedMessageSource@http-nio-8080-exec-2] Loading properties [C:\Users\Joserrita\Desktop\UNI\TERCERO\SEGUNDO CUATRI\MVG\Workspace-22.0\Projects\Acme-Toolkits-E3.08\target\classes\WEB-INF\views\inventor\item\messsages-en.i18n] with encoding 'utf-8' 
2022-04-20 17:42:29.151 DEBUG [acme.framework.configuration.ExtendedMessageSource@http-nio-8080-exec-2] Loading properties [C:\Users\Joserrita\Desktop\UNI\TERCERO\SEGUNDO CUATRI\MVG\Workspace-22.0\Projects\Acme-Toolkits-E3.08\target\classes\WEB-INF\views\inventor\toolkit\messsages-en.i18n] with encoding 'utf-8' 
2022-04-20 17:42:29.152 DEBUG [acme.framework.configuration.ExtendedMessageSource@http-nio-8080-exec-2] Loading properties [C:\Users\Joserrita\Desktop\UNI\TERCERO\SEGUNDO CUATRI\MVG\Workspace-22.0\Projects\Acme-Toolkits-E3.08\target\classes\WEB-INF\views\master\defaults-en.i18n] with encoding 'utf-8' 
2022-04-20 17:42:29.152 DEBUG [acme.framework.configuration.ExtendedMessageSource@http-nio-8080-exec-2] Loading properties [C:\Users\Joserrita\Desktop\UNI\TERCERO\SEGUNDO CUATRI\MVG\Workspace-22.0\Projects\Acme-Toolkits-E3.08\target\classes\WEB-INF\views\master\master-en.i18n] with encoding 'utf-8' 
2022-04-20 17:42:29.153 DEBUG [acme.framework.configuration.ExtendedMessageSource@http-nio-8080-exec-2] Loading properties [C:\Users\Joserrita\Desktop\UNI\TERCERO\SEGUNDO CUATRI\MVG\Workspace-22.0\Projects\Acme-Toolkits-E3.08\target\classes\WEB-INF\views\master\throwables-en.i18n] with encoding 'utf-8' 
2022-04-20 17:42:29.153 DEBUG [acme.framework.configuration.ExtendedMessageSource@http-nio-8080-exec-2] Loading properties [C:\Users\Joserrita\Desktop\UNI\TERCERO\SEGUNDO CUATRI\MVG\Workspace-22.0\Projects\Acme-Toolkits-E3.08\target\classes\WEB-INF\views\master\validation-en.i18n] with encoding 'utf-8' 
2022-04-20 17:42:29.153 DEBUG [acme.framework.configuration.ExtendedMessageSource@http-nio-8080-exec-2] Loading properties [C:\Users\Joserrita\Desktop\UNI\TERCERO\SEGUNDO CUATRI\MVG\Workspace-22.0\Projects\Acme-Toolkits-E3.08\target\classes\WEB-INF\views\patron\patronage\messsages-en.i18n] with encoding 'utf-8' 
2022-04-20 17:42:29.160 DEBUG [acme.framework.configuration.ExtendedMessageSource@http-nio-8080-exec-2] Loading properties [C:\Users\Joserrita\Desktop\UNI\TERCERO\SEGUNDO CUATRI\MVG\Workspace-22.0\Projects\Acme-Toolkits-E3.08\target\classes\WEB-INF\views\administrator\user-account\messages-es.i18n] with encoding 'utf-8' 
2022-04-20 17:42:29.161 DEBUG [acme.framework.configuration.ExtendedMessageSource@http-nio-8080-exec-2] Loading properties [C:\Users\Joserrita\Desktop\UNI\TERCERO\SEGUNDO CUATRI\MVG\Workspace-22.0\Projects\Acme-Toolkits-E3.08\target\classes\WEB-INF\views\any\chirp\messsages-es.i18n] with encoding 'utf-8' 
2022-04-20 17:42:29.161 DEBUG [acme.framework.configuration.ExtendedMessageSource@http-nio-8080-exec-2] Loading properties [C:\Users\Joserrita\Desktop\UNI\TERCERO\SEGUNDO CUATRI\MVG\Workspace-22.0\Projects\Acme-Toolkits-E3.08\target\classes\WEB-INF\views\any\component\messsages-es.i18n] with encoding 'utf-8' 
2022-04-20 17:42:29.162 DEBUG [acme.framework.configuration.ExtendedMessageSource@http-nio-8080-exec-2] Loading properties [C:\Users\Joserrita\Desktop\UNI\TERCERO\SEGUNDO CUATRI\MVG\Workspace-22.0\Projects\Acme-Toolkits-E3.08\target\classes\WEB-INF\views\any\tool\messsages-es.i18n] with encoding 'utf-8' 
2022-04-20 17:42:29.163 DEBUG [acme.framework.configuration.ExtendedMessageSource@http-nio-8080-exec-2] Loading properties [C:\Users\Joserrita\Desktop\UNI\TERCERO\SEGUNDO CUATRI\MVG\Workspace-22.0\Projects\Acme-Toolkits-E3.08\target\classes\WEB-INF\views\any\toolkit\messsages-es.i18n] with encoding 'utf-8' 
2022-04-20 17:42:29.163 DEBUG [acme.framework.configuration.ExtendedMessageSource@http-nio-8080-exec-2] Loading properties [C:\Users\Joserrita\Desktop\UNI\TERCERO\SEGUNDO CUATRI\MVG\Workspace-22.0\Projects\Acme-Toolkits-E3.08\target\classes\WEB-INF\views\any\user-account\messsages-es.i18n] with encoding 'utf-8' 
2022-04-20 17:42:29.164 DEBUG [acme.framework.configuration.ExtendedMessageSource@http-nio-8080-exec-2] Loading properties [C:\Users\Joserrita\Desktop\UNI\TERCERO\SEGUNDO CUATRI\MVG\Workspace-22.0\Projects\Acme-Toolkits-E3.08\target\classes\WEB-INF\views\authenticated\announcement\messsages-es.i18n] with encoding 'utf-8' 
2022-04-20 17:42:29.164 DEBUG [acme.framework.configuration.ExtendedMessageSource@http-nio-8080-exec-2] Loading properties [C:\Users\Joserrita\Desktop\UNI\TERCERO\SEGUNDO CUATRI\MVG\Workspace-22.0\Projects\Acme-Toolkits-E3.08\target\classes\WEB-INF\views\authenticated\consumer\messsages-es.i18n] with encoding 'utf-8' 
2022-04-20 17:42:29.164 DEBUG [acme.framework.configuration.ExtendedMessageSource@http-nio-8080-exec-2] Loading properties [C:\Users\Joserrita\Desktop\UNI\TERCERO\SEGUNDO CUATRI\MVG\Workspace-22.0\Projects\Acme-Toolkits-E3.08\target\classes\WEB-INF\views\authenticated\inventor\messsages-es.i18n] with encoding 'utf-8' 
2022-04-20 17:42:29.165 DEBUG [acme.framework.configuration.ExtendedMessageSource@http-nio-8080-exec-2] Loading properties [C:\Users\Joserrita\Desktop\UNI\TERCERO\SEGUNDO CUATRI\MVG\Workspace-22.0\Projects\Acme-Toolkits-E3.08\target\classes\WEB-INF\views\authenticated\patron\messsages-es.i18n] with encoding 'utf-8' 
2022-04-20 17:42:29.166 DEBUG [acme.framework.configuration.ExtendedMessageSource@http-nio-8080-exec-2] Loading properties [C:\Users\Joserrita\Desktop\UNI\TERCERO\SEGUNDO CUATRI\MVG\Workspace-22.0\Projects\Acme-Toolkits-E3.08\target\classes\WEB-INF\views\authenticated\provider\messsages-es.i18n] with encoding 'utf-8' 
2022-04-20 17:42:29.166 DEBUG [acme.framework.configuration.ExtendedMessageSource@http-nio-8080-exec-2] Loading properties [C:\Users\Joserrita\Desktop\UNI\TERCERO\SEGUNDO CUATRI\MVG\Workspace-22.0\Projects\Acme-Toolkits-E3.08\target\classes\WEB-INF\views\fragments\banner-es.i18n] with encoding 'utf-8' 
2022-04-20 17:42:29.167 DEBUG [acme.framework.configuration.ExtendedMessageSource@http-nio-8080-exec-2] Loading properties [C:\Users\Joserrita\Desktop\UNI\TERCERO\SEGUNDO CUATRI\MVG\Workspace-22.0\Projects\Acme-Toolkits-E3.08\target\classes\WEB-INF\views\fragments\company-es.i18n] with encoding 'utf-8' 
2022-04-20 17:42:29.167 DEBUG [acme.framework.configuration.ExtendedMessageSource@http-nio-8080-exec-2] Loading properties [C:\Users\Joserrita\Desktop\UNI\TERCERO\SEGUNDO CUATRI\MVG\Workspace-22.0\Projects\Acme-Toolkits-E3.08\target\classes\WEB-INF\views\fragments\footer-es.i18n] with encoding 'utf-8' 
2022-04-20 17:42:29.168 DEBUG [acme.framework.configuration.ExtendedMessageSource@http-nio-8080-exec-2] Loading properties [C:\Users\Joserrita\Desktop\UNI\TERCERO\SEGUNDO CUATRI\MVG\Workspace-22.0\Projects\Acme-Toolkits-E3.08\target\classes\WEB-INF\views\fragments\license-es.i18n] with encoding 'utf-8' 
2022-04-20 17:42:29.168 DEBUG [acme.framework.configuration.ExtendedMessageSource@http-nio-8080-exec-2] Loading properties [C:\Users\Joserrita\Desktop\UNI\TERCERO\SEGUNDO CUATRI\MVG\Workspace-22.0\Projects\Acme-Toolkits-E3.08\target\classes\WEB-INF\views\fragments\menu-es.i18n] with encoding 'utf-8' 
2022-04-20 17:42:29.169 DEBUG [acme.framework.configuration.ExtendedMessageSource@http-nio-8080-exec-2] Loading properties [C:\Users\Joserrita\Desktop\UNI\TERCERO\SEGUNDO CUATRI\MVG\Workspace-22.0\Projects\Acme-Toolkits-E3.08\target\classes\WEB-INF\views\fragments\messsages-es.i18n] with encoding 'utf-8' 
2022-04-20 17:42:29.170 DEBUG [acme.framework.configuration.ExtendedMessageSource@http-nio-8080-exec-2] Loading properties [C:\Users\Joserrita\Desktop\UNI\TERCERO\SEGUNDO CUATRI\MVG\Workspace-22.0\Projects\Acme-Toolkits-E3.08\target\classes\WEB-INF\views\fragments\title-es.i18n] with encoding 'utf-8' 
2022-04-20 17:42:29.170 DEBUG [acme.framework.configuration.ExtendedMessageSource@http-nio-8080-exec-2] Loading properties [C:\Users\Joserrita\Desktop\UNI\TERCERO\SEGUNDO CUATRI\MVG\Workspace-22.0\Projects\Acme-Toolkits-E3.08\target\classes\WEB-INF\views\fragments\welcome-es.i18n] with encoding 'utf-8' 
2022-04-20 17:42:29.170 DEBUG [acme.framework.configuration.ExtendedMessageSource@http-nio-8080-exec-2] Loading properties [C:\Users\Joserrita\Desktop\UNI\TERCERO\SEGUNDO CUATRI\MVG\Workspace-22.0\Projects\Acme-Toolkits-E3.08\target\classes\WEB-INF\views\inventor\item\messsages-es.i18n] with encoding 'utf-8' 
2022-04-20 17:42:29.171 DEBUG [acme.framework.configuration.ExtendedMessageSource@http-nio-8080-exec-2] Loading properties [C:\Users\Joserrita\Desktop\UNI\TERCERO\SEGUNDO CUATRI\MVG\Workspace-22.0\Projects\Acme-Toolkits-E3.08\target\classes\WEB-INF\views\inventor\toolkit\messsages-es.i18n] with encoding 'utf-8' 
2022-04-20 17:42:29.171 DEBUG [acme.framework.configuration.ExtendedMessageSource@http-nio-8080-exec-2] Loading properties [C:\Users\Joserrita\Desktop\UNI\TERCERO\SEGUNDO CUATRI\MVG\Workspace-22.0\Projects\Acme-Toolkits-E3.08\target\classes\WEB-INF\views\master\defaults-es.i18n] with encoding 'utf-8' 
2022-04-20 17:42:29.172 DEBUG [acme.framework.configuration.ExtendedMessageSource@http-nio-8080-exec-2] Loading properties [C:\Users\Joserrita\Desktop\UNI\TERCERO\SEGUNDO CUATRI\MVG\Workspace-22.0\Projects\Acme-Toolkits-E3.08\target\classes\WEB-INF\views\master\master-es.i18n] with encoding 'utf-8' 
2022-04-20 17:42:29.172 DEBUG [acme.framework.configuration.ExtendedMessageSource@http-nio-8080-exec-2] Loading properties [C:\Users\Joserrita\Desktop\UNI\TERCERO\SEGUNDO CUATRI\MVG\Workspace-22.0\Projects\Acme-Toolkits-E3.08\target\classes\WEB-INF\views\master\throwables-es.i18n] with encoding 'utf-8' 
2022-04-20 17:42:29.173 DEBUG [acme.framework.configuration.ExtendedMessageSource@http-nio-8080-exec-2] Loading properties [C:\Users\Joserrita\Desktop\UNI\TERCERO\SEGUNDO CUATRI\MVG\Workspace-22.0\Projects\Acme-Toolkits-E3.08\target\classes\WEB-INF\views\master\validation-es.i18n] with encoding 'utf-8' 
2022-04-20 17:42:29.173 DEBUG [acme.framework.configuration.ExtendedMessageSource@http-nio-8080-exec-2] Loading properties [C:\Users\Joserrita\Desktop\UNI\TERCERO\SEGUNDO CUATRI\MVG\Workspace-22.0\Projects\Acme-Toolkits-E3.08\target\classes\WEB-INF\views\patron\patronage\messsages-es.i18n] with encoding 'utf-8' 
2022-04-20 17:42:29.185 DEBUG [acme.framework.components.tiles.DynamicTilesView@http-nio-8080-exec-7] View name 'master/sign-in', model {username=, password=, remember=false} 
2022-04-20 17:42:29.186 DEBUG [org.apache.jasper.servlet.JspServlet@http-nio-8080-exec-7] JspEngine --> /WEB-INF/views/master/page.jsp 
2022-04-20 17:42:29.187 DEBUG [org.apache.jasper.servlet.JspServlet@http-nio-8080-exec-7] ServletPath: /WEB-INF/views/master/page.jsp 
2022-04-20 17:42:29.187 DEBUG [org.apache.jasper.servlet.JspServlet@http-nio-8080-exec-7] PathInfo: null 
2022-04-20 17:42:29.188 DEBUG [org.apache.jasper.servlet.JspServlet@http-nio-8080-exec-7] RealPath: C:\Users\Joserrita\Desktop\UNI\TERCERO\SEGUNDO CUATRI\MVG\Workspace-22.0\Projects\Acme-Toolkits-E3.08\target\classes\WEB-INF\views\master\page.jsp 
2022-04-20 17:42:29.188 DEBUG [org.apache.jasper.servlet.JspServlet@http-nio-8080-exec-7] RequestURI: /acme-toolkits-e3.08-1.0/WEB-INF/views/master/page.jsp 
2022-04-20 17:42:29.189 DEBUG [org.apache.jasper.servlet.JspServlet@http-nio-8080-exec-7] QueryString: error 
2022-04-20 17:42:29.311 DEBUG [org.apache.jasper.servlet.JspServlet@http-nio-8080-exec-7] JspEngine --> /WEB-INF/views/master/sign-in.jsp 
2022-04-20 17:42:29.311 DEBUG [org.apache.jasper.servlet.JspServlet@http-nio-8080-exec-7] ServletPath: /WEB-INF/views/master/page.jsp 
2022-04-20 17:42:29.312 DEBUG [org.apache.jasper.servlet.JspServlet@http-nio-8080-exec-7] PathInfo: null 
2022-04-20 17:42:29.312 DEBUG [org.apache.jasper.servlet.JspServlet@http-nio-8080-exec-7] RealPath: C:\Users\Joserrita\Desktop\UNI\TERCERO\SEGUNDO CUATRI\MVG\Workspace-22.0\Projects\Acme-Toolkits-E3.08\target\classes\WEB-INF\views\master\sign-in.jsp 
2022-04-20 17:42:29.312 DEBUG [org.apache.jasper.servlet.JspServlet@http-nio-8080-exec-7] RequestURI: /acme-toolkits-e3.08-1.0/WEB-INF/views/master/page.jsp 
2022-04-20 17:42:29.313 DEBUG [org.apache.jasper.servlet.JspServlet@http-nio-8080-exec-7] QueryString: error 
2022-04-20 17:42:29.410 DEBUG [org.hibernate.SQL@http-nio-8080-exec-7] select useraccoun0_.id as id1_0_, useraccoun0_.version as version2_0_, useraccoun0_.enabled as enabled1_18_, useraccoun0_.identity as identity2_18_, useraccoun0_.password as password3_18_, useraccoun0_.username as username4_18_ from user_account useraccoun0_ where useraccoun0_.username=? 
2022-04-20 17:42:29.410 TRACE [org.hibernate.type.descriptor.sql.BasicBinder@http-nio-8080-exec-7] binding parameter [1] as [VARCHAR] - [anonymous] 
2022-04-20 17:42:29.411 DEBUG [org.hibernate.SQL@http-nio-8080-exec-7] select roles0_.user_account_id as user_acc1_19_0_, roles0_.id as id1_19_0_, roles0_.id as id1_0_1_, roles0_.version as version2_0_1_, roles0_.user_account_id as user_acc1_19_1_, roles0_.company as company1_7_1_, roles0_.sector as sector2_7_1_, roles0_.company as company1_9_1_, roles0_.info as info2_9_1_, roles0_.statement as statemen3_9_1_, roles0_.company as company1_11_1_, roles0_.info as info2_11_1_, roles0_.statement as statemen3_11_1_, roles0_.company as company1_14_1_, roles0_.sector as sector2_14_1_, roles0_.clazz_ as clazz_1_ from ( select id, version, user_account_id, company, sector, null as info, null as statement, 11 as clazz_ from consumer union all select id, version, user_account_id, company, null as sector, info, statement, 12 as clazz_ from inventor union all select id, version, user_account_id, company, null as sector, info, statement, 13 as clazz_ from patron union all select id, version, user_account_id, company, sector, null as info, null as statement, 14 as clazz_ from provider union all select id, version, user_account_id, null as company, null as sector, null as info, null as statement, 16 as clazz_ from administrator union all select id, version, user_account_id, null as company, null as sector, null as info, null as statement, 17 as clazz_ from anonymous union all select id, version, user_account_id, null as company, null as sector, null as info, null as statement, 18 as clazz_ from any union all select id, version, user_account_id, null as company, null as sector, null as info, null as statement, 19 as clazz_ from authenticated ) roles0_ where roles0_.user_account_id=? 
2022-04-20 17:42:29.412 TRACE [org.hibernate.type.descriptor.sql.BasicBinder@http-nio-8080-exec-7] binding parameter [1] as [INTEGER] - [3] 
2022-04-20 17:42:37.091 DEBUG [org.hibernate.SQL@http-nio-8080-exec-3] select useraccoun0_.id as id1_0_, useraccoun0_.version as version2_0_, useraccoun0_.enabled as enabled1_18_, useraccoun0_.identity as identity2_18_, useraccoun0_.password as password3_18_, useraccoun0_.username as username4_18_ from user_account useraccoun0_ where useraccoun0_.username=? 
2022-04-20 17:42:37.092 TRACE [org.hibernate.type.descriptor.sql.BasicBinder@http-nio-8080-exec-3] binding parameter [1] as [VARCHAR] - [inventor1] 
2022-04-20 17:42:37.093 DEBUG [org.hibernate.SQL@http-nio-8080-exec-3] select roles0_.user_account_id as user_acc1_19_0_, roles0_.id as id1_19_0_, roles0_.id as id1_0_1_, roles0_.version as version2_0_1_, roles0_.user_account_id as user_acc1_19_1_, roles0_.company as company1_7_1_, roles0_.sector as sector2_7_1_, roles0_.company as company1_9_1_, roles0_.info as info2_9_1_, roles0_.statement as statemen3_9_1_, roles0_.company as company1_11_1_, roles0_.info as info2_11_1_, roles0_.statement as statemen3_11_1_, roles0_.company as company1_14_1_, roles0_.sector as sector2_14_1_, roles0_.clazz_ as clazz_1_ from ( select id, version, user_account_id, company, sector, null as info, null as statement, 11 as clazz_ from consumer union all select id, version, user_account_id, company, null as sector, info, statement, 12 as clazz_ from inventor union all select id, version, user_account_id, company, null as sector, info, statement, 13 as clazz_ from patron union all select id, version, user_account_id, company, sector, null as info, null as statement, 14 as clazz_ from provider union all select id, version, user_account_id, null as company, null as sector, null as info, null as statement, 16 as clazz_ from administrator union all select id, version, user_account_id, null as company, null as sector, null as info, null as statement, 17 as clazz_ from anonymous union all select id, version, user_account_id, null as company, null as sector, null as info, null as statement, 18 as clazz_ from any union all select id, version, user_account_id, null as company, null as sector, null as info, null as statement, 19 as clazz_ from authenticated ) roles0_ where roles0_.user_account_id=? 
2022-04-20 17:42:37.094 TRACE [org.hibernate.type.descriptor.sql.BasicBinder@http-nio-8080-exec-3] binding parameter [1] as [INTEGER] - [11] 
2022-04-20 17:42:37.107 DEBUG [acme.framework.components.tiles.DynamicTilesView@http-nio-8080-exec-5] View name 'fragments/welcome', model {} 
2022-04-20 17:42:37.108 DEBUG [org.apache.jasper.servlet.JspServlet@http-nio-8080-exec-5] JspEngine --> /WEB-INF/views/master/page.jsp 
2022-04-20 17:42:37.108 DEBUG [org.apache.jasper.servlet.JspServlet@http-nio-8080-exec-5] ServletPath: /WEB-INF/views/master/page.jsp 
2022-04-20 17:42:37.108 DEBUG [org.apache.jasper.servlet.JspServlet@http-nio-8080-exec-5] PathInfo: null 
2022-04-20 17:42:37.109 DEBUG [org.apache.jasper.servlet.JspServlet@http-nio-8080-exec-5] RealPath: C:\Users\Joserrita\Desktop\UNI\TERCERO\SEGUNDO CUATRI\MVG\Workspace-22.0\Projects\Acme-Toolkits-E3.08\target\classes\WEB-INF\views\master\page.jsp 
2022-04-20 17:42:37.109 DEBUG [org.apache.jasper.servlet.JspServlet@http-nio-8080-exec-5] RequestURI: /acme-toolkits-e3.08-1.0/WEB-INF/views/master/page.jsp 
2022-04-20 17:42:37.109 DEBUG [org.apache.jasper.servlet.JspServlet@http-nio-8080-exec-5] QueryString: null 
2022-04-20 17:42:37.202 DEBUG [org.apache.jasper.servlet.JspServlet@http-nio-8080-exec-5] JspEngine --> /WEB-INF/views/fragments/welcome.jsp 
2022-04-20 17:42:37.202 DEBUG [org.apache.jasper.servlet.JspServlet@http-nio-8080-exec-5] ServletPath: /WEB-INF/views/master/page.jsp 
2022-04-20 17:42:37.203 DEBUG [org.apache.jasper.servlet.JspServlet@http-nio-8080-exec-5] PathInfo: null 
2022-04-20 17:42:37.204 DEBUG [org.apache.jasper.servlet.JspServlet@http-nio-8080-exec-5] RealPath: C:\Users\Joserrita\Desktop\UNI\TERCERO\SEGUNDO CUATRI\MVG\Workspace-22.0\Projects\Acme-Toolkits-E3.08\target\classes\WEB-INF\views\fragments\welcome.jsp 
2022-04-20 17:42:37.204 DEBUG [org.apache.jasper.servlet.JspServlet@http-nio-8080-exec-5] RequestURI: /acme-toolkits-e3.08-1.0/WEB-INF/views/master/page.jsp 
2022-04-20 17:42:37.204 DEBUG [org.apache.jasper.servlet.JspServlet@http-nio-8080-exec-5] QueryString: null 
2022-04-20 17:42:41.320 DEBUG [acme.framework.controllers.AbstractController@http-nio-8080-exec-3] DISPATCHING GET /acme-toolkits-e3.08-1.0/inventor/item/list-mine-components 
2022-04-20 17:42:41.320 DEBUG [acme.framework.controllers.AbstractController@http-nio-8080-exec-3] Command: list-mine-components 
2022-04-20 17:42:41.320 DEBUG [acme.framework.controllers.AbstractController@http-nio-8080-exec-3] Model:   {} 
2022-04-20 17:42:41.320 DEBUG [acme.framework.controllers.AbstractController@http-nio-8080-exec-3] Locale:  es 
2022-04-20 17:42:41.336 DEBUG [org.hibernate.SQL@http-nio-8080-exec-3] select item0_.id as id1_0_, item0_.version as version2_0_, item0_.code as code1_10_, item0_.description as descript2_10_, item0_.inventor_id as inventor9_10_, item0_.item_type as item_typ3_10_, item0_.link as link4_10_, item0_.name as name5_10_, item0_.retail_price_amount as retail_p6_10_, item0_.retail_price_currency as retail_p7_10_, item0_.technology as technolo8_10_ from item item0_ where item0_.item_type=? and item0_.inventor_id=? 
2022-04-20 17:42:41.337 TRACE [org.hibernate.type.descriptor.sql.BasicBinder@http-nio-8080-exec-3] binding parameter [1] as [INTEGER] - [0] 
2022-04-20 17:42:41.337 TRACE [org.hibernate.type.descriptor.sql.BasicBinder@http-nio-8080-exec-3] binding parameter [2] as [INTEGER] - [16] 
2022-04-20 17:42:41.338 DEBUG [org.hibernate.SQL@http-nio-8080-exec-3] select inventor0_.id as id1_0_0_, inventor0_.version as version2_0_0_, inventor0_.user_account_id as user_acc1_19_0_, inventor0_.company as company1_9_0_, inventor0_.info as info2_9_0_, inventor0_.statement as statemen3_9_0_, useraccoun1_.id as id1_0_1_, useraccoun1_.version as version2_0_1_, useraccoun1_.enabled as enabled1_18_1_, useraccoun1_.identity as identity2_18_1_, useraccoun1_.password as password3_18_1_, useraccoun1_.username as username4_18_1_ from inventor inventor0_ inner join user_account useraccoun1_ on inventor0_.user_account_id=useraccoun1_.id where inventor0_.id=? 
2022-04-20 17:42:41.339 TRACE [org.hibernate.type.descriptor.sql.BasicBinder@http-nio-8080-exec-3] binding parameter [1] as [INTEGER] - [16] 
2022-04-20 17:42:41.362 DEBUG [acme.framework.controllers.AbstractController@http-nio-8080-exec-3] SERVING GET /acme-toolkits-e3.08-1.0/inventor/item/list-mine-components 
2022-04-20 17:42:41.363 DEBUG [acme.framework.controllers.AbstractController@http-nio-8080-exec-3] Result: ModelAndView [view="inventor/item/list"; model={link[0]=https://www.leroymerlin.es/fp/15673406/40-clavo-standers-de-acero-de-55-mm, description[0]=40 clavo STANDERS de acero de 55 mm, itemType[0]=COMPONENT, code[0]=NAI-112, version[0]=0, technology[0]= technology, id[0]=18, list$size=1, name[0]=Clavos STANDERS 55mm, retailPrice[0]=<<EUR 1.89>>, command=list-mine-components, principal=acme.framework.entities.Principal@6b29a04d}] 
2022-04-20 17:42:41.368 DEBUG [acme.framework.components.tiles.DynamicTilesView@http-nio-8080-exec-3] View name 'inventor/item/list', model {link[0]=https://www.leroymerlin.es/fp/15673406/40-clavo-standers-de-acero-de-55-mm, description[0]=40 clavo STANDERS de acero de 55 mm, itemType[0]=COMPONENT, code[0]=NAI-112, version[0]=0, technology[0]= technology, id[0]=18, list$size=1, name[0]=Clavos STANDERS 55mm, retailPrice[0]=<<EUR 1.89>>, command=list-mine-components, principal=acme.framework.entities.Principal@6b29a04d, org.springframework.validation.BindingResult.retailPrice[0]=org.springframework.validation.BeanPropertyBindingResult: 0 errors, org.springframework.validation.BindingResult.principal=org.springframework.validation.BeanPropertyBindingResult: 0 errors} 
2022-04-20 17:42:41.369 DEBUG [org.apache.jasper.servlet.JspServlet@http-nio-8080-exec-3] JspEngine --> /WEB-INF/views/master/page.jsp 
2022-04-20 17:42:41.369 DEBUG [org.apache.jasper.servlet.JspServlet@http-nio-8080-exec-3] ServletPath: /WEB-INF/views/master/page.jsp 
2022-04-20 17:42:41.369 DEBUG [org.apache.jasper.servlet.JspServlet@http-nio-8080-exec-3] PathInfo: null 
2022-04-20 17:42:41.369 DEBUG [org.apache.jasper.servlet.JspServlet@http-nio-8080-exec-3] RealPath: C:\Users\Joserrita\Desktop\UNI\TERCERO\SEGUNDO CUATRI\MVG\Workspace-22.0\Projects\Acme-Toolkits-E3.08\target\classes\WEB-INF\views\master\page.jsp 
2022-04-20 17:42:41.369 DEBUG [org.apache.jasper.servlet.JspServlet@http-nio-8080-exec-3] RequestURI: /acme-toolkits-e3.08-1.0/WEB-INF/views/master/page.jsp 
2022-04-20 17:42:41.370 DEBUG [org.apache.jasper.servlet.JspServlet@http-nio-8080-exec-3] QueryString: null 
2022-04-20 17:42:41.457 DEBUG [org.apache.jasper.servlet.JspServlet@http-nio-8080-exec-3] JspEngine --> /WEB-INF/views/inventor/item/list.jsp 
2022-04-20 17:42:41.457 DEBUG [org.apache.jasper.servlet.JspServlet@http-nio-8080-exec-3] ServletPath: /WEB-INF/views/master/page.jsp 
2022-04-20 17:42:41.458 DEBUG [org.apache.jasper.servlet.JspServlet@http-nio-8080-exec-3] PathInfo: null 
2022-04-20 17:42:41.459 DEBUG [org.apache.jasper.servlet.JspServlet@http-nio-8080-exec-3] RealPath: C:\Users\Joserrita\Desktop\UNI\TERCERO\SEGUNDO CUATRI\MVG\Workspace-22.0\Projects\Acme-Toolkits-E3.08\target\classes\WEB-INF\views\inventor\item\list.jsp 
2022-04-20 17:42:41.459 DEBUG [org.apache.jasper.servlet.JspServlet@http-nio-8080-exec-3] RequestURI: /acme-toolkits-e3.08-1.0/WEB-INF/views/master/page.jsp 
2022-04-20 17:42:41.459 DEBUG [org.apache.jasper.servlet.JspServlet@http-nio-8080-exec-3] QueryString: null 
2022-04-20 17:42:47.755 DEBUG [acme.framework.controllers.AbstractController@http-nio-8080-exec-10] DISPATCHING GET /acme-toolkits-e3.08-1.0/inventor/item/list-mine-tools 
2022-04-20 17:42:47.756 DEBUG [acme.framework.controllers.AbstractController@http-nio-8080-exec-10] Command: list-mine-tools 
2022-04-20 17:42:47.756 DEBUG [acme.framework.controllers.AbstractController@http-nio-8080-exec-10] Model:   {} 
2022-04-20 17:42:47.756 DEBUG [acme.framework.controllers.AbstractController@http-nio-8080-exec-10] Locale:  es 
2022-04-20 17:42:47.760 DEBUG [org.hibernate.SQL@http-nio-8080-exec-10] select item0_.id as id1_0_, item0_.version as version2_0_, item0_.code as code1_10_, item0_.description as descript2_10_, item0_.inventor_id as inventor9_10_, item0_.item_type as item_typ3_10_, item0_.link as link4_10_, item0_.name as name5_10_, item0_.retail_price_amount as retail_p6_10_, item0_.retail_price_currency as retail_p7_10_, item0_.technology as technolo8_10_ from item item0_ where item0_.item_type=? and item0_.inventor_id=? 
2022-04-20 17:42:47.760 TRACE [org.hibernate.type.descriptor.sql.BasicBinder@http-nio-8080-exec-10] binding parameter [1] as [INTEGER] - [1] 
2022-04-20 17:42:47.760 TRACE [org.hibernate.type.descriptor.sql.BasicBinder@http-nio-8080-exec-10] binding parameter [2] as [INTEGER] - [16] 
2022-04-20 17:42:47.762 DEBUG [org.hibernate.SQL@http-nio-8080-exec-10] select inventor0_.id as id1_0_0_, inventor0_.version as version2_0_0_, inventor0_.user_account_id as user_acc1_19_0_, inventor0_.company as company1_9_0_, inventor0_.info as info2_9_0_, inventor0_.statement as statemen3_9_0_, useraccoun1_.id as id1_0_1_, useraccoun1_.version as version2_0_1_, useraccoun1_.enabled as enabled1_18_1_, useraccoun1_.identity as identity2_18_1_, useraccoun1_.password as password3_18_1_, useraccoun1_.username as username4_18_1_ from inventor inventor0_ inner join user_account useraccoun1_ on inventor0_.user_account_id=useraccoun1_.id where inventor0_.id=? 
2022-04-20 17:42:47.762 TRACE [org.hibernate.type.descriptor.sql.BasicBinder@http-nio-8080-exec-10] binding parameter [1] as [INTEGER] - [16] 
2022-04-20 17:42:47.765 DEBUG [acme.framework.controllers.AbstractController@http-nio-8080-exec-10] SERVING GET /acme-toolkits-e3.08-1.0/inventor/item/list-mine-tools 
2022-04-20 17:42:47.765 DEBUG [acme.framework.controllers.AbstractController@http-nio-8080-exec-10] Result: ModelAndView [view="inventor/item/list"; model={link[1]=https://www.leroymerlin.es/fp/80145657/sierra-circular-con-cable-dewalt-de-1350-w-y-5-332-kg-de-peso, description[1]=Sierra circular con cable DEWALT de 1350 w y 5.332 kg de peso, link[0]=https://www.leroymerlin.es/fp/81968467/maceta-3-8-cm, description[0]=dshjhds, version[1]=0, itemType[0]=TOOL, technology[0]=hchchc, itemType[1]=TOOL, retailPrice[1]=<<EUR 163.00>>, list$size=2, technology[1]=Electrico, retailPrice[0]=<<EUR 12.00>>, code[0]=ASD-123, version[0]=0, code[1]=JAY-715, id[1]=19, id[0]=17, name[1]=Sierra Electrica, name[0]=Martillo, command=list-mine-tools, principal=acme.framework.entities.Principal@6b29a04d}] 
2022-04-20 17:42:47.766 DEBUG [acme.framework.components.tiles.DynamicTilesView@http-nio-8080-exec-10] View name 'inventor/item/list', model {link[1]=https://www.leroymerlin.es/fp/80145657/sierra-circular-con-cable-dewalt-de-1350-w-y-5-332-kg-de-peso, description[1]=Sierra circular con cable DEWALT de 1350 w y 5.332 kg de peso, link[0]=https://www.leroymerlin.es/fp/81968467/maceta-3-8-cm, description[0]=dshjhds, version[1]=0, itemType[0]=TOOL, technology[0]=hchchc, itemType[1]=TOOL, retailPrice[1]=<<EUR 163.00>>, list$size=2, technology[1]=Electrico, retailPrice[0]=<<EUR 12.00>>, code[0]=ASD-123, version[0]=0, code[1]=JAY-715, id[1]=19, id[0]=17, name[1]=Sierra Electrica, name[0]=Martillo, command=list-mine-tools, principal=acme.framework.entities.Principal@6b29a04d, org.springframework.validation.BindingResult.retailPrice[1]=org.springframework.validation.BeanPropertyBindingResult: 0 errors, org.springframework.validation.BindingResult.retailPrice[0]=org.springframework.validation.BeanPropertyBindingResult: 0 errors, org.springframework.validation.BindingResult.principal=org.springframework.validation.BeanPropertyBindingResult: 0 errors} 
2022-04-20 17:42:47.767 DEBUG [org.apache.jasper.servlet.JspServlet@http-nio-8080-exec-10] JspEngine --> /WEB-INF/views/master/page.jsp 
2022-04-20 17:42:47.767 DEBUG [org.apache.jasper.servlet.JspServlet@http-nio-8080-exec-10] ServletPath: /WEB-INF/views/master/page.jsp 
2022-04-20 17:42:47.768 DEBUG [org.apache.jasper.servlet.JspServlet@http-nio-8080-exec-10] PathInfo: null 
2022-04-20 17:42:47.770 DEBUG [org.apache.jasper.servlet.JspServlet@http-nio-8080-exec-10] RealPath: C:\Users\Joserrita\Desktop\UNI\TERCERO\SEGUNDO CUATRI\MVG\Workspace-22.0\Projects\Acme-Toolkits-E3.08\target\classes\WEB-INF\views\master\page.jsp 
2022-04-20 17:42:47.770 DEBUG [org.apache.jasper.servlet.JspServlet@http-nio-8080-exec-10] RequestURI: /acme-toolkits-e3.08-1.0/WEB-INF/views/master/page.jsp 
2022-04-20 17:42:47.770 DEBUG [org.apache.jasper.servlet.JspServlet@http-nio-8080-exec-10] QueryString: null 
2022-04-20 17:42:47.866 DEBUG [org.apache.jasper.servlet.JspServlet@http-nio-8080-exec-10] JspEngine --> /WEB-INF/views/inventor/item/list.jsp 
2022-04-20 17:42:47.866 DEBUG [org.apache.jasper.servlet.JspServlet@http-nio-8080-exec-10] ServletPath: /WEB-INF/views/master/page.jsp 
2022-04-20 17:42:47.867 DEBUG [org.apache.jasper.servlet.JspServlet@http-nio-8080-exec-10] PathInfo: null 
2022-04-20 17:42:47.868 DEBUG [org.apache.jasper.servlet.JspServlet@http-nio-8080-exec-10] RealPath: C:\Users\Joserrita\Desktop\UNI\TERCERO\SEGUNDO CUATRI\MVG\Workspace-22.0\Projects\Acme-Toolkits-E3.08\target\classes\WEB-INF\views\inventor\item\list.jsp 
2022-04-20 17:42:47.868 DEBUG [org.apache.jasper.servlet.JspServlet@http-nio-8080-exec-10] RequestURI: /acme-toolkits-e3.08-1.0/WEB-INF/views/master/page.jsp 
2022-04-20 17:42:47.868 DEBUG [org.apache.jasper.servlet.JspServlet@http-nio-8080-exec-10] QueryString: null 
