2022-05-22 21:24:58.358 INFO  [acme.Launcher@main] Starting Launcher using Java 1.8.0_281 on DESKTOP-6R5AMBF with PID 1080 (C:\Users\USUARIO\OneDrive - UNIVERSIDAD DE SEVILLA\Escritorio\Workspace-22.0\Frameworks\Acme-Framework-22.5.1\target\classes started by USUARIO in C:\Users\USUARIO\OneDrive - UNIVERSIDAD DE SEVILLA\Escritorio\Workspace-22.0\Projects\PROJECTS\Acme-Toolkits-E3.08) 
2022-05-22 21:24:58.359 DEBUG [acme.Launcher@main] Running with Spring Boot v2.4.2, Spring v5.3.3 
2022-05-22 21:24:58.360 INFO  [acme.Launcher@main] The following profiles are active: development,default 
2022-05-22 21:25:03.181 DEBUG [org.apache.jasper.servlet.JasperInitializer@main] Initializing Jasper for context [application] 
2022-05-22 21:25:12.048 DEBUG [org.apache.jasper.servlet.JspServlet@main] Scratch dir for the JSP engine is: [C:\Users\USUARIO\AppData\Local\Temp\tomcat.8080.5606502518618804997\work\Tomcat\localhost\acme-toolkits-e3.08-1.0] 
2022-05-22 21:25:12.049 DEBUG [org.apache.jasper.servlet.JspServlet@main] IMPORTANT: Do not modify the generated servlets 
2022-05-22 21:25:12.081 INFO  [acme.Launcher@main] Started Launcher in 15.052 seconds (JVM running for 16.186) 
2022-05-22 21:25:12.095 DEBUG [acme.Launcher@main] Found classpath entry '/C:/Users/USUARIO/OneDrive%20-%20UNIVERSIDAD%20DE%20SEVILLA/Escritorio/Workspace-22.0/Projects/PROJECTS/Acme-Toolkits-E3.08/target/test-classes/' 
2022-05-22 21:25:12.101 DEBUG [acme.Launcher@main] Found classpath entry '/C:/Users/USUARIO/OneDrive%20-%20UNIVERSIDAD%20DE%20SEVILLA/Escritorio/Workspace-22.0/Projects/PROJECTS/Acme-Toolkits-E3.08/target/classes/' 
2022-05-22 21:25:12.101 DEBUG [acme.Launcher@main] Found classpath entry '/C:/Users/USUARIO/OneDrive%20-%20UNIVERSIDAD%20DE%20SEVILLA/Escritorio/Workspace-22.0/Frameworks/Acme-Framework-22.5.1/target/classes/' 
2022-05-22 21:25:12.102 DEBUG [acme.Launcher@main] Found classpath entry '/C:/Users/USUARIO/OneDrive%20-%20UNIVERSIDAD%20DE%20SEVILLA/Escritorio/Workspace-22.0/Frameworks/Acme-Framework-22.5.1/target/test-classes/' 
2022-05-22 21:25:12.103 DEBUG [acme.Launcher@main] Found classpath entry '/C:/Users/USUARIO/.m2/repository/org/springframework/boot/spring-boot-starter-tomcat/2.4.2/spring-boot-starter-tomcat-2.4.2.jar' 
2022-05-22 21:25:12.108 DEBUG [acme.Launcher@main] Found classpath entry '/C:/Users/USUARIO/.m2/repository/jakarta/annotation/jakarta.annotation-api/1.3.5/jakarta.annotation-api-1.3.5.jar' 
2022-05-22 21:25:12.112 DEBUG [acme.Launcher@main] Found classpath entry '/C:/Users/USUARIO/.m2/repository/org/apache/tomcat/embed/tomcat-embed-core/9.0.41/tomcat-embed-core-9.0.41.jar' 
2022-05-22 21:25:12.113 DEBUG [acme.Launcher@main] Found classpath entry '/C:/Users/USUARIO/.m2/repository/org/glassfish/jakarta.el/3.0.3/jakarta.el-3.0.3.jar' 
2022-05-22 21:25:12.113 DEBUG [acme.Launcher@main] Found classpath entry '/C:/Users/USUARIO/.m2/repository/org/apache/tomcat/embed/tomcat-embed-websocket/9.0.41/tomcat-embed-websocket-9.0.41.jar' 
2022-05-22 21:25:12.114 DEBUG [acme.Launcher@main] Found classpath entry '/C:/Users/USUARIO/.m2/repository/org/apache/tomcat/embed/tomcat-embed-jasper/9.0.41/tomcat-embed-jasper-9.0.41.jar' 
2022-05-22 21:25:12.114 DEBUG [acme.Launcher@main] Found classpath entry '/C:/Users/USUARIO/.m2/repository/org/apache/tomcat/embed/tomcat-embed-el/9.0.41/tomcat-embed-el-9.0.41.jar' 
2022-05-22 21:25:12.115 DEBUG [acme.Launcher@main] Found classpath entry '/C:/Users/USUARIO/.m2/repository/org/eclipse/jdt/ecj/3.18.0/ecj-3.18.0.jar' 
2022-05-22 21:25:12.115 DEBUG [acme.Launcher@main] Found classpath entry '/C:/Users/USUARIO/.m2/repository/javax/servlet/jstl/1.2/jstl-1.2.jar' 
2022-05-22 21:25:12.115 DEBUG [acme.Launcher@main] Found classpath entry '/C:/Users/USUARIO/.m2/repository/org/springframework/boot/spring-boot-starter-test/2.4.2/spring-boot-starter-test-2.4.2.jar' 
2022-05-22 21:25:12.117 DEBUG [acme.Launcher@main] Found classpath entry '/C:/Users/USUARIO/.m2/repository/org/springframework/boot/spring-boot-starter/2.4.2/spring-boot-starter-2.4.2.jar' 
2022-05-22 21:25:12.117 DEBUG [acme.Launcher@main] Found classpath entry '/C:/Users/USUARIO/.m2/repository/org/springframework/boot/spring-boot/2.4.2/spring-boot-2.4.2.jar' 
2022-05-22 21:25:12.118 DEBUG [acme.Launcher@main] Found classpath entry '/C:/Users/USUARIO/.m2/repository/org/springframework/boot/spring-boot-autoconfigure/2.4.2/spring-boot-autoconfigure-2.4.2.jar' 
2022-05-22 21:25:12.118 DEBUG [acme.Launcher@main] Found classpath entry '/C:/Users/USUARIO/.m2/repository/org/springframework/boot/spring-boot-starter-logging/2.4.2/spring-boot-starter-logging-2.4.2.jar' 
2022-05-22 21:25:12.118 DEBUG [acme.Launcher@main] Found classpath entry '/C:/Users/USUARIO/.m2/repository/ch/qos/logback/logback-classic/1.2.3/logback-classic-1.2.3.jar' 
2022-05-22 21:25:12.118 DEBUG [acme.Launcher@main] Found classpath entry '/C:/Users/USUARIO/.m2/repository/ch/qos/logback/logback-core/1.2.3/logback-core-1.2.3.jar' 
2022-05-22 21:25:12.118 DEBUG [acme.Launcher@main] Found classpath entry '/C:/Users/USUARIO/.m2/repository/org/apache/logging/log4j/log4j-to-slf4j/2.13.3/log4j-to-slf4j-2.13.3.jar' 
2022-05-22 21:25:12.119 DEBUG [acme.Launcher@main] Found classpath entry '/C:/Users/USUARIO/.m2/repository/org/apache/logging/log4j/log4j-api/2.13.3/log4j-api-2.13.3.jar' 
2022-05-22 21:25:12.120 DEBUG [acme.Launcher@main] Found classpath entry '/C:/Users/USUARIO/.m2/repository/org/slf4j/jul-to-slf4j/1.7.30/jul-to-slf4j-1.7.30.jar' 
2022-05-22 21:25:12.120 DEBUG [acme.Launcher@main] Found classpath entry '/C:/Users/USUARIO/.m2/repository/org/yaml/snakeyaml/1.27/snakeyaml-1.27.jar' 
2022-05-22 21:25:12.121 DEBUG [acme.Launcher@main] Found classpath entry '/C:/Users/USUARIO/.m2/repository/org/springframework/boot/spring-boot-test/2.4.2/spring-boot-test-2.4.2.jar' 
2022-05-22 21:25:12.121 DEBUG [acme.Launcher@main] Found classpath entry '/C:/Users/USUARIO/.m2/repository/org/springframework/boot/spring-boot-test-autoconfigure/2.4.2/spring-boot-test-autoconfigure-2.4.2.jar' 
2022-05-22 21:25:12.122 DEBUG [acme.Launcher@main] Found classpath entry '/C:/Users/USUARIO/.m2/repository/com/jayway/jsonpath/json-path/2.4.0/json-path-2.4.0.jar' 
2022-05-22 21:25:12.126 DEBUG [acme.Launcher@main] Found classpath entry '/C:/Users/USUARIO/.m2/repository/net/minidev/json-smart/2.3/json-smart-2.3.jar' 
2022-05-22 21:25:12.126 DEBUG [acme.Launcher@main] Found classpath entry '/C:/Users/USUARIO/.m2/repository/net/minidev/accessors-smart/1.2/accessors-smart-1.2.jar' 
2022-05-22 21:25:12.126 DEBUG [acme.Launcher@main] Found classpath entry '/C:/Users/USUARIO/.m2/repository/org/ow2/asm/asm/5.0.4/asm-5.0.4.jar' 
2022-05-22 21:25:12.126 DEBUG [acme.Launcher@main] Found classpath entry '/C:/Users/USUARIO/.m2/repository/jakarta/xml/bind/jakarta.xml.bind-api/2.3.3/jakarta.xml.bind-api-2.3.3.jar' 
2022-05-22 21:25:12.127 DEBUG [acme.Launcher@main] Found classpath entry '/C:/Users/USUARIO/.m2/repository/jakarta/activation/jakarta.activation-api/1.2.2/jakarta.activation-api-1.2.2.jar' 
2022-05-22 21:25:12.127 DEBUG [acme.Launcher@main] Found classpath entry '/C:/Users/USUARIO/.m2/repository/org/assertj/assertj-core/3.18.1/assertj-core-3.18.1.jar' 
2022-05-22 21:25:12.127 DEBUG [acme.Launcher@main] Found classpath entry '/C:/Users/USUARIO/.m2/repository/org/hamcrest/hamcrest/2.2/hamcrest-2.2.jar' 
2022-05-22 21:25:12.128 DEBUG [acme.Launcher@main] Found classpath entry '/C:/Users/USUARIO/.m2/repository/org/junit/jupiter/junit-jupiter/5.7.0/junit-jupiter-5.7.0.jar' 
2022-05-22 21:25:12.129 DEBUG [acme.Launcher@main] Found classpath entry '/C:/Users/USUARIO/.m2/repository/org/mockito/mockito-core/3.6.28/mockito-core-3.6.28.jar' 
2022-05-22 21:25:12.129 DEBUG [acme.Launcher@main] Found classpath entry '/C:/Users/USUARIO/.m2/repository/net/bytebuddy/byte-buddy-agent/1.10.19/byte-buddy-agent-1.10.19.jar' 
2022-05-22 21:25:12.132 DEBUG [acme.Launcher@main] Found classpath entry '/C:/Users/USUARIO/.m2/repository/org/objenesis/objenesis/3.1/objenesis-3.1.jar' 
2022-05-22 21:25:12.132 DEBUG [acme.Launcher@main] Found classpath entry '/C:/Users/USUARIO/.m2/repository/org/mockito/mockito-junit-jupiter/3.6.28/mockito-junit-jupiter-3.6.28.jar' 
2022-05-22 21:25:12.133 DEBUG [acme.Launcher@main] Found classpath entry '/C:/Users/USUARIO/.m2/repository/org/skyscreamer/jsonassert/1.5.0/jsonassert-1.5.0.jar' 
2022-05-22 21:25:12.138 DEBUG [acme.Launcher@main] Found classpath entry '/C:/Users/USUARIO/.m2/repository/com/vaadin/external/google/android-json/0.0.20131108.vaadin1/android-json-0.0.20131108.vaadin1.jar' 
2022-05-22 21:25:12.138 DEBUG [acme.Launcher@main] Found classpath entry '/C:/Users/USUARIO/.m2/repository/org/springframework/spring-core/5.3.3/spring-core-5.3.3.jar' 
2022-05-22 21:25:12.138 DEBUG [acme.Launcher@main] Found classpath entry '/C:/Users/USUARIO/.m2/repository/org/springframework/spring-jcl/5.3.3/spring-jcl-5.3.3.jar' 
2022-05-22 21:25:12.138 DEBUG [acme.Launcher@main] Found classpath entry '/C:/Users/USUARIO/.m2/repository/org/springframework/spring-test/5.3.3/spring-test-5.3.3.jar' 
2022-05-22 21:25:12.138 DEBUG [acme.Launcher@main] Found classpath entry '/C:/Users/USUARIO/.m2/repository/org/xmlunit/xmlunit-core/2.7.0/xmlunit-core-2.7.0.jar' 
2022-05-22 21:25:12.141 DEBUG [acme.Launcher@main] Found classpath entry '/C:/Users/USUARIO/.m2/repository/org/springframework/boot/spring-boot-starter-security/2.4.2/spring-boot-starter-security-2.4.2.jar' 
2022-05-22 21:25:12.142 DEBUG [acme.Launcher@main] Found classpath entry '/C:/Users/USUARIO/.m2/repository/org/springframework/spring-aop/5.3.3/spring-aop-5.3.3.jar' 
2022-05-22 21:25:12.142 DEBUG [acme.Launcher@main] Found classpath entry '/C:/Users/USUARIO/.m2/repository/org/springframework/security/spring-security-web/5.4.2/spring-security-web-5.4.2.jar' 
2022-05-22 21:25:12.142 DEBUG [acme.Launcher@main] Found classpath entry '/C:/Users/USUARIO/.m2/repository/org/springframework/security/spring-security-core/5.4.2/spring-security-core-5.4.2.jar' 
2022-05-22 21:25:12.142 DEBUG [acme.Launcher@main] Found classpath entry '/C:/Users/USUARIO/.m2/repository/org/springframework/spring-beans/5.3.3/spring-beans-5.3.3.jar' 
2022-05-22 21:25:12.142 DEBUG [acme.Launcher@main] Found classpath entry '/C:/Users/USUARIO/.m2/repository/org/springframework/spring-context/5.3.3/spring-context-5.3.3.jar' 
2022-05-22 21:25:12.142 DEBUG [acme.Launcher@main] Found classpath entry '/C:/Users/USUARIO/.m2/repository/org/springframework/spring-expression/5.3.3/spring-expression-5.3.3.jar' 
2022-05-22 21:25:12.142 DEBUG [acme.Launcher@main] Found classpath entry '/C:/Users/USUARIO/.m2/repository/org/springframework/spring-web/5.3.3/spring-web-5.3.3.jar' 
2022-05-22 21:25:12.143 DEBUG [acme.Launcher@main] Found classpath entry '/C:/Users/USUARIO/.m2/repository/org/springframework/security/spring-security-config/5.4.2/spring-security-config-5.4.2.jar' 
2022-05-22 21:25:12.144 DEBUG [acme.Launcher@main] Found classpath entry '/C:/Users/USUARIO/.m2/repository/org/springframework/security/spring-security-taglibs/5.4.2/spring-security-taglibs-5.4.2.jar' 
2022-05-22 21:25:12.144 DEBUG [acme.Launcher@main] Found classpath entry '/C:/Users/USUARIO/.m2/repository/org/springframework/security/spring-security-acl/5.4.2/spring-security-acl-5.4.2.jar' 
2022-05-22 21:25:12.144 DEBUG [acme.Launcher@main] Found classpath entry '/C:/Users/USUARIO/.m2/repository/org/springframework/spring-jdbc/5.3.3/spring-jdbc-5.3.3.jar' 
2022-05-22 21:25:12.144 DEBUG [acme.Launcher@main] Found classpath entry '/C:/Users/USUARIO/.m2/repository/org/springframework/spring-tx/5.3.3/spring-tx-5.3.3.jar' 
2022-05-22 21:25:12.145 DEBUG [acme.Launcher@main] Found classpath entry '/C:/Users/USUARIO/.m2/repository/org/springframework/boot/spring-boot-starter-web/2.4.2/spring-boot-starter-web-2.4.2.jar' 
2022-05-22 21:25:12.145 DEBUG [acme.Launcher@main] Found classpath entry '/C:/Users/USUARIO/.m2/repository/org/springframework/boot/spring-boot-starter-json/2.4.2/spring-boot-starter-json-2.4.2.jar' 
2022-05-22 21:25:12.145 DEBUG [acme.Launcher@main] Found classpath entry '/C:/Users/USUARIO/.m2/repository/com/fasterxml/jackson/core/jackson-databind/2.11.4/jackson-databind-2.11.4.jar' 
2022-05-22 21:25:12.145 DEBUG [acme.Launcher@main] Found classpath entry '/C:/Users/USUARIO/.m2/repository/com/fasterxml/jackson/core/jackson-annotations/2.11.4/jackson-annotations-2.11.4.jar' 
2022-05-22 21:25:12.145 DEBUG [acme.Launcher@main] Found classpath entry '/C:/Users/USUARIO/.m2/repository/com/fasterxml/jackson/core/jackson-core/2.11.4/jackson-core-2.11.4.jar' 
2022-05-22 21:25:12.145 DEBUG [acme.Launcher@main] Found classpath entry '/C:/Users/USUARIO/.m2/repository/com/fasterxml/jackson/datatype/jackson-datatype-jdk8/2.11.4/jackson-datatype-jdk8-2.11.4.jar' 
2022-05-22 21:25:12.145 DEBUG [acme.Launcher@main] Found classpath entry '/C:/Users/USUARIO/.m2/repository/com/fasterxml/jackson/datatype/jackson-datatype-jsr310/2.11.4/jackson-datatype-jsr310-2.11.4.jar' 
2022-05-22 21:25:12.145 DEBUG [acme.Launcher@main] Found classpath entry '/C:/Users/USUARIO/.m2/repository/com/fasterxml/jackson/module/jackson-module-parameter-names/2.11.4/jackson-module-parameter-names-2.11.4.jar' 
2022-05-22 21:25:12.146 DEBUG [acme.Launcher@main] Found classpath entry '/C:/Users/USUARIO/.m2/repository/org/springframework/spring-webmvc/5.3.3/spring-webmvc-5.3.3.jar' 
2022-05-22 21:25:12.146 DEBUG [acme.Launcher@main] Found classpath entry '/C:/Users/USUARIO/.m2/repository/org/apache/tiles/tiles-jsp/3.0.8/tiles-jsp-3.0.8.jar' 
2022-05-22 21:25:12.146 DEBUG [acme.Launcher@main] Found classpath entry '/C:/Users/USUARIO/.m2/repository/org/apache/tiles/tiles-servlet/3.0.8/tiles-servlet-3.0.8.jar' 
2022-05-22 21:25:12.146 DEBUG [acme.Launcher@main] Found classpath entry '/C:/Users/USUARIO/.m2/repository/org/apache/tiles/tiles-core/3.0.8/tiles-core-3.0.8.jar' 
2022-05-22 21:25:12.146 DEBUG [acme.Launcher@main] Found classpath entry '/C:/Users/USUARIO/.m2/repository/commons-digester/commons-digester/2.0/commons-digester-2.0.jar' 
2022-05-22 21:25:12.146 DEBUG [acme.Launcher@main] Found classpath entry '/C:/Users/USUARIO/.m2/repository/org/slf4j/jcl-over-slf4j/1.7.30/jcl-over-slf4j-1.7.30.jar' 
2022-05-22 21:25:12.146 DEBUG [acme.Launcher@main] Found classpath entry '/C:/Users/USUARIO/.m2/repository/org/apache/tiles/tiles-request-servlet/1.0.7/tiles-request-servlet-1.0.7.jar' 
2022-05-22 21:25:12.146 DEBUG [acme.Launcher@main] Found classpath entry '/C:/Users/USUARIO/.m2/repository/org/apache/tiles/tiles-template/3.0.8/tiles-template-3.0.8.jar' 
2022-05-22 21:25:12.146 DEBUG [acme.Launcher@main] Found classpath entry '/C:/Users/USUARIO/.m2/repository/org/apache/tiles/tiles-api/3.0.8/tiles-api-3.0.8.jar' 
2022-05-22 21:25:12.146 DEBUG [acme.Launcher@main] Found classpath entry '/C:/Users/USUARIO/.m2/repository/org/apache/tiles/tiles-autotag-core-runtime/1.2/tiles-autotag-core-runtime-1.2.jar' 
2022-05-22 21:25:12.146 DEBUG [acme.Launcher@main] Found classpath entry '/C:/Users/USUARIO/.m2/repository/org/slf4j/slf4j-api/1.7.30/slf4j-api-1.7.30.jar' 
2022-05-22 21:25:12.147 DEBUG [acme.Launcher@main] Found classpath entry '/C:/Users/USUARIO/.m2/repository/org/apache/tiles/tiles-request-jsp/1.0.7/tiles-request-jsp-1.0.7.jar' 
2022-05-22 21:25:12.147 DEBUG [acme.Launcher@main] Found classpath entry '/C:/Users/USUARIO/.m2/repository/org/apache/tiles/tiles-request-api/1.0.7/tiles-request-api-1.0.7.jar' 
2022-05-22 21:25:12.147 DEBUG [acme.Launcher@main] Found classpath entry '/C:/Users/USUARIO/.m2/repository/org/springframework/boot/spring-boot-starter-data-jpa/2.4.2/spring-boot-starter-data-jpa-2.4.2.jar' 
2022-05-22 21:25:12.147 DEBUG [acme.Launcher@main] Found classpath entry '/C:/Users/USUARIO/.m2/repository/org/springframework/boot/spring-boot-starter-aop/2.4.2/spring-boot-starter-aop-2.4.2.jar' 
2022-05-22 21:25:12.147 DEBUG [acme.Launcher@main] Found classpath entry '/C:/Users/USUARIO/.m2/repository/org/aspectj/aspectjweaver/1.9.6/aspectjweaver-1.9.6.jar' 
2022-05-22 21:25:12.147 DEBUG [acme.Launcher@main] Found classpath entry '/C:/Users/USUARIO/.m2/repository/org/springframework/boot/spring-boot-starter-jdbc/2.4.2/spring-boot-starter-jdbc-2.4.2.jar' 
2022-05-22 21:25:12.147 DEBUG [acme.Launcher@main] Found classpath entry '/C:/Users/USUARIO/.m2/repository/jakarta/transaction/jakarta.transaction-api/1.3.3/jakarta.transaction-api-1.3.3.jar' 
2022-05-22 21:25:12.147 DEBUG [acme.Launcher@main] Found classpath entry '/C:/Users/USUARIO/.m2/repository/jakarta/persistence/jakarta.persistence-api/2.2.3/jakarta.persistence-api-2.2.3.jar' 
2022-05-22 21:25:12.147 DEBUG [acme.Launcher@main] Found classpath entry '/C:/Users/USUARIO/.m2/repository/org/hibernate/hibernate-core/5.4.27.Final/hibernate-core-5.4.27.Final.jar' 
2022-05-22 21:25:12.147 DEBUG [acme.Launcher@main] Found classpath entry '/C:/Users/USUARIO/.m2/repository/org/jboss/logging/jboss-logging/3.4.1.Final/jboss-logging-3.4.1.Final.jar' 
2022-05-22 21:25:12.148 DEBUG [acme.Launcher@main] Found classpath entry '/C:/Users/USUARIO/.m2/repository/org/javassist/javassist/3.27.0-GA/javassist-3.27.0-GA.jar' 
2022-05-22 21:25:12.148 DEBUG [acme.Launcher@main] Found classpath entry '/C:/Users/USUARIO/.m2/repository/antlr/antlr/2.7.7/antlr-2.7.7.jar' 
2022-05-22 21:25:12.148 DEBUG [acme.Launcher@main] Found classpath entry '/C:/Users/USUARIO/.m2/repository/org/jboss/jandex/2.1.3.Final/jandex-2.1.3.Final.jar' 
2022-05-22 21:25:12.148 DEBUG [acme.Launcher@main] Found classpath entry '/C:/Users/USUARIO/.m2/repository/com/fasterxml/classmate/1.5.1/classmate-1.5.1.jar' 
2022-05-22 21:25:12.148 DEBUG [acme.Launcher@main] Found classpath entry '/C:/Users/USUARIO/.m2/repository/org/dom4j/dom4j/2.1.3/dom4j-2.1.3.jar' 
2022-05-22 21:25:12.148 DEBUG [acme.Launcher@main] Found classpath entry '/C:/Users/USUARIO/.m2/repository/org/hibernate/common/hibernate-commons-annotations/5.1.2.Final/hibernate-commons-annotations-5.1.2.Final.jar' 
2022-05-22 21:25:12.150 DEBUG [acme.Launcher@main] Found classpath entry '/C:/Users/USUARIO/.m2/repository/org/glassfish/jaxb/jaxb-runtime/2.3.3/jaxb-runtime-2.3.3.jar' 
2022-05-22 21:25:12.150 DEBUG [acme.Launcher@main] Found classpath entry '/C:/Users/USUARIO/.m2/repository/org/glassfish/jaxb/txw2/2.3.3/txw2-2.3.3.jar' 
2022-05-22 21:25:12.150 DEBUG [acme.Launcher@main] Found classpath entry '/C:/Users/USUARIO/.m2/repository/com/sun/istack/istack-commons-runtime/3.0.11/istack-commons-runtime-3.0.11.jar' 
2022-05-22 21:25:12.150 DEBUG [acme.Launcher@main] Found classpath entry '/C:/Users/USUARIO/.m2/repository/com/sun/activation/jakarta.activation/1.2.2/jakarta.activation-1.2.2.jar' 
2022-05-22 21:25:12.150 DEBUG [acme.Launcher@main] Found classpath entry '/C:/Users/USUARIO/.m2/repository/org/springframework/data/spring-data-jpa/2.4.3/spring-data-jpa-2.4.3.jar' 
2022-05-22 21:25:12.150 DEBUG [acme.Launcher@main] Found classpath entry '/C:/Users/USUARIO/.m2/repository/org/springframework/data/spring-data-commons/2.4.3/spring-data-commons-2.4.3.jar' 
2022-05-22 21:25:12.150 DEBUG [acme.Launcher@main] Found classpath entry '/C:/Users/USUARIO/.m2/repository/org/springframework/spring-orm/5.3.3/spring-orm-5.3.3.jar' 
2022-05-22 21:25:12.150 DEBUG [acme.Launcher@main] Found classpath entry '/C:/Users/USUARIO/.m2/repository/org/springframework/spring-aspects/5.3.3/spring-aspects-5.3.3.jar' 
2022-05-22 21:25:12.150 DEBUG [acme.Launcher@main] Found classpath entry '/C:/Users/USUARIO/.m2/repository/org/springframework/boot/spring-boot-starter-validation/2.4.2/spring-boot-starter-validation-2.4.2.jar' 
2022-05-22 21:25:12.150 DEBUG [acme.Launcher@main] Found classpath entry '/C:/Users/USUARIO/.m2/repository/org/hibernate/validator/hibernate-validator/6.1.7.Final/hibernate-validator-6.1.7.Final.jar' 
2022-05-22 21:25:12.151 DEBUG [acme.Launcher@main] Found classpath entry '/C:/Users/USUARIO/.m2/repository/jakarta/validation/jakarta.validation-api/2.0.2/jakarta.validation-api-2.0.2.jar' 
2022-05-22 21:25:12.151 DEBUG [acme.Launcher@main] Found classpath entry '/C:/Users/USUARIO/.m2/repository/mysql/mysql-connector-java/8.0.22/mysql-connector-java-8.0.22.jar' 
2022-05-22 21:25:12.151 DEBUG [acme.Launcher@main] Found classpath entry '/C:/Users/USUARIO/.m2/repository/com/zaxxer/HikariCP/3.4.5/HikariCP-3.4.5.jar' 
2022-05-22 21:25:12.151 DEBUG [acme.Launcher@main] Found classpath entry '/C:/Users/USUARIO/.m2/repository/org/junit/jupiter/junit-jupiter-engine/5.7.0/junit-jupiter-engine-5.7.0.jar' 
2022-05-22 21:25:12.151 DEBUG [acme.Launcher@main] Found classpath entry '/C:/Users/USUARIO/.m2/repository/org/apiguardian/apiguardian-api/1.1.0/apiguardian-api-1.1.0.jar' 
2022-05-22 21:25:12.151 DEBUG [acme.Launcher@main] Found classpath entry '/C:/Users/USUARIO/.m2/repository/org/junit/platform/junit-platform-engine/1.7.0/junit-platform-engine-1.7.0.jar' 
2022-05-22 21:25:12.151 DEBUG [acme.Launcher@main] Found classpath entry '/C:/Users/USUARIO/.m2/repository/org/junit/jupiter/junit-jupiter-api/5.7.0/junit-jupiter-api-5.7.0.jar' 
2022-05-22 21:25:12.151 DEBUG [acme.Launcher@main] Found classpath entry '/C:/Users/USUARIO/.m2/repository/org/opentest4j/opentest4j/1.2.0/opentest4j-1.2.0.jar' 
2022-05-22 21:25:12.151 DEBUG [acme.Launcher@main] Found classpath entry '/C:/Users/USUARIO/.m2/repository/org/junit/platform/junit-platform-commons/1.7.0/junit-platform-commons-1.7.0.jar' 
2022-05-22 21:25:12.151 DEBUG [acme.Launcher@main] Found classpath entry '/C:/Users/USUARIO/.m2/repository/org/junit/jupiter/junit-jupiter-params/5.7.0/junit-jupiter-params-5.7.0.jar' 
2022-05-22 21:25:12.152 DEBUG [acme.Launcher@main] Found classpath entry '/C:/Users/USUARIO/.m2/repository/org/junit/platform/junit-platform-launcher/1.7.0/junit-platform-launcher-1.7.0.jar' 
2022-05-22 21:25:12.152 DEBUG [acme.Launcher@main] Found classpath entry '/C:/Users/USUARIO/.m2/repository/org/seleniumhq/selenium/selenium-java/3.141.59/selenium-java-3.141.59.jar' 
2022-05-22 21:25:12.152 DEBUG [acme.Launcher@main] Found classpath entry '/C:/Users/USUARIO/.m2/repository/org/seleniumhq/selenium/selenium-api/3.141.59/selenium-api-3.141.59.jar' 
2022-05-22 21:25:12.152 DEBUG [acme.Launcher@main] Found classpath entry '/C:/Users/USUARIO/.m2/repository/org/seleniumhq/selenium/selenium-chrome-driver/3.141.59/selenium-chrome-driver-3.141.59.jar' 
2022-05-22 21:25:12.152 DEBUG [acme.Launcher@main] Found classpath entry '/C:/Users/USUARIO/.m2/repository/org/seleniumhq/selenium/selenium-edge-driver/3.141.59/selenium-edge-driver-3.141.59.jar' 
2022-05-22 21:25:12.152 DEBUG [acme.Launcher@main] Found classpath entry '/C:/Users/USUARIO/.m2/repository/org/seleniumhq/selenium/selenium-firefox-driver/3.141.59/selenium-firefox-driver-3.141.59.jar' 
2022-05-22 21:25:12.152 DEBUG [acme.Launcher@main] Found classpath entry '/C:/Users/USUARIO/.m2/repository/org/seleniumhq/selenium/selenium-ie-driver/3.141.59/selenium-ie-driver-3.141.59.jar' 
2022-05-22 21:25:12.152 DEBUG [acme.Launcher@main] Found classpath entry '/C:/Users/USUARIO/.m2/repository/org/seleniumhq/selenium/selenium-opera-driver/3.141.59/selenium-opera-driver-3.141.59.jar' 
2022-05-22 21:25:12.152 DEBUG [acme.Launcher@main] Found classpath entry '/C:/Users/USUARIO/.m2/repository/org/seleniumhq/selenium/selenium-remote-driver/3.141.59/selenium-remote-driver-3.141.59.jar' 
2022-05-22 21:25:12.152 DEBUG [acme.Launcher@main] Found classpath entry '/C:/Users/USUARIO/.m2/repository/org/seleniumhq/selenium/selenium-safari-driver/3.141.59/selenium-safari-driver-3.141.59.jar' 
2022-05-22 21:25:12.153 DEBUG [acme.Launcher@main] Found classpath entry '/C:/Users/USUARIO/.m2/repository/org/seleniumhq/selenium/selenium-support/3.141.59/selenium-support-3.141.59.jar' 
2022-05-22 21:25:12.153 DEBUG [acme.Launcher@main] Found classpath entry '/C:/Users/USUARIO/.m2/repository/net/bytebuddy/byte-buddy/1.10.19/byte-buddy-1.10.19.jar' 
2022-05-22 21:25:12.153 DEBUG [acme.Launcher@main] Found classpath entry '/C:/Users/USUARIO/.m2/repository/org/apache/commons/commons-exec/1.3/commons-exec-1.3.jar' 
2022-05-22 21:25:12.153 DEBUG [acme.Launcher@main] Found classpath entry '/C:/Users/USUARIO/.m2/repository/com/google/guava/guava/25.0-jre/guava-25.0-jre.jar' 
2022-05-22 21:25:12.153 DEBUG [acme.Launcher@main] Found classpath entry '/C:/Users/USUARIO/.m2/repository/com/google/code/findbugs/jsr305/1.3.9/jsr305-1.3.9.jar' 
2022-05-22 21:25:12.153 DEBUG [acme.Launcher@main] Found classpath entry '/C:/Users/USUARIO/.m2/repository/org/checkerframework/checker-compat-qual/2.0.0/checker-compat-qual-2.0.0.jar' 
2022-05-22 21:25:12.153 DEBUG [acme.Launcher@main] Found classpath entry '/C:/Users/USUARIO/.m2/repository/com/google/errorprone/error_prone_annotations/2.1.3/error_prone_annotations-2.1.3.jar' 
2022-05-22 21:25:12.153 DEBUG [acme.Launcher@main] Found classpath entry '/C:/Users/USUARIO/.m2/repository/com/google/j2objc/j2objc-annotations/1.1/j2objc-annotations-1.1.jar' 
2022-05-22 21:25:12.154 DEBUG [acme.Launcher@main] Found classpath entry '/C:/Users/USUARIO/.m2/repository/org/codehaus/mojo/animal-sniffer-annotations/1.14/animal-sniffer-annotations-1.14.jar' 
2022-05-22 21:25:12.154 DEBUG [acme.Launcher@main] Found classpath entry '/C:/Users/USUARIO/.m2/repository/com/squareup/okhttp3/okhttp/3.14.9/okhttp-3.14.9.jar' 
2022-05-22 21:25:12.154 DEBUG [acme.Launcher@main] Found classpath entry '/C:/Users/USUARIO/.m2/repository/com/squareup/okio/okio/1.14.0/okio-1.14.0.jar' 
2022-05-22 21:25:12.154 DEBUG [acme.Launcher@main] Found classpath entry '/C:/Users/USUARIO/.m2/repository/org/apache/commons/commons-lang3/3.11/commons-lang3-3.11.jar' 
2022-05-22 21:25:12.154 DEBUG [acme.Launcher@main] Found classpath entry '/C:/Users/USUARIO/.m2/repository/org/apache/commons/commons-text/1.8/commons-text-1.8.jar' 
2022-05-22 21:25:12.154 DEBUG [acme.Launcher@main] Found classpath entry '/C:/Users/USUARIO/.m2/repository/commons-io/commons-io/2.6/commons-io-2.6.jar' 
2022-05-22 21:25:12.154 DEBUG [acme.Launcher@main] Found classpath entry '/C:/Users/USUARIO/.m2/repository/commons-cli/commons-cli/1.4/commons-cli-1.4.jar' 
2022-05-22 21:25:12.155 DEBUG [acme.Launcher@main] Found classpath entry '/C:/Users/USUARIO/.m2/repository/org/projectlombok/lombok/1.18.16/lombok-1.18.16.jar' 
2022-05-22 21:25:12.155 DEBUG [acme.Launcher@main] Found classpath entry '/C:/Users/USUARIO/.m2/repository/com/opencsv/opencsv/5.4/opencsv-5.4.jar' 
2022-05-22 21:25:12.155 DEBUG [acme.Launcher@main] Found classpath entry '/C:/Users/USUARIO/.m2/repository/commons-beanutils/commons-beanutils/1.9.4/commons-beanutils-1.9.4.jar' 
2022-05-22 21:25:12.155 DEBUG [acme.Launcher@main] Found classpath entry '/C:/Users/USUARIO/.m2/repository/commons-logging/commons-logging/1.2/commons-logging-1.2.jar' 
2022-05-22 21:25:12.155 DEBUG [acme.Launcher@main] Found classpath entry '/C:/Users/USUARIO/.m2/repository/commons-collections/commons-collections/3.2.2/commons-collections-3.2.2.jar' 
2022-05-22 21:25:12.155 DEBUG [acme.Launcher@main] Found classpath entry '/C:/Users/USUARIO/.m2/repository/org/apache/commons/commons-collections4/4.4/commons-collections4-4.4.jar' 
2022-05-22 21:25:12.155 DEBUG [acme.Launcher@main] Found classpath entry '/C:/Users/USUARIO/OneDrive%20-%20UNIVERSIDAD%20DE%20SEVILLA/Escritorio/Workspace-22.0/Tools/IDEs/eclipse-jee-2021-12-R/configuration/org.eclipse.osgi/418/0/.cp/lib/javaagent-shaded.jar' 
2022-05-22 21:25:12.386 DEBUG [acme.Launcher@main] Found entity class 'acme.entities.Announcement 
2022-05-22 21:25:12.386 DEBUG [acme.Launcher@main] Found entity class 'acme.entities.Chirp 
2022-05-22 21:25:12.386 DEBUG [acme.Launcher@main] Found entity class 'acme.entities.Item 
2022-05-22 21:25:12.386 DEBUG [acme.Launcher@main] Found entity class 'acme.entities.Patronage 
2022-05-22 21:25:12.386 DEBUG [acme.Launcher@main] Found entity class 'acme.entities.PatronageReport 
2022-05-22 21:25:12.386 DEBUG [acme.Launcher@main] Found entity class 'acme.entities.Quantity 
2022-05-22 21:25:12.386 DEBUG [acme.Launcher@main] Found entity class 'acme.entities.SystemConfiguration 
2022-05-22 21:25:12.386 DEBUG [acme.Launcher@main] Found entity class 'acme.entities.Toolkit 
2022-05-22 21:25:12.386 DEBUG [acme.Launcher@main] Found entity class 'acme.roles.Consumer 
2022-05-22 21:25:12.386 DEBUG [acme.Launcher@main] Found entity class 'acme.roles.Inventor 
2022-05-22 21:25:12.387 DEBUG [acme.Launcher@main] Found entity class 'acme.roles.Patron 
2022-05-22 21:25:12.387 DEBUG [acme.Launcher@main] Found entity class 'acme.roles.Provider 
2022-05-22 21:25:12.387 DEBUG [acme.Launcher@main] Found entity class 'acme.framework.entities.UserAccount 
2022-05-22 21:25:12.387 DEBUG [acme.Launcher@main] Found entity class 'acme.framework.roles.Administrator 
2022-05-22 21:25:12.387 DEBUG [acme.Launcher@main] Found entity class 'acme.framework.roles.Anonymous 
2022-05-22 21:25:12.387 DEBUG [acme.Launcher@main] Found entity class 'acme.framework.roles.Any 
2022-05-22 21:25:12.387 DEBUG [acme.Launcher@main] Found entity class 'acme.framework.roles.Authenticated 
2022-05-22 21:25:12.393 INFO  [acme.Launcher@main] Running application (Standalone) 
2022-05-22 21:26:03.732 DEBUG [org.hibernate.SQL@http-nio-8080-exec-1] select useraccoun0_.id as id1_0_, useraccoun0_.version as version2_0_, useraccoun0_.enabled as enabled1_17_, useraccoun0_.identity as identity2_17_, useraccoun0_.password as password3_17_, useraccoun0_.username as username4_17_ from user_account useraccoun0_ where useraccoun0_.username=? 
2022-05-22 21:26:03.769 TRACE [org.hibernate.type.descriptor.sql.BasicBinder@http-nio-8080-exec-1] binding parameter [1] as [VARCHAR] - [inventor1] 
2022-05-22 21:26:03.838 DEBUG [org.hibernate.SQL@http-nio-8080-exec-1] select roles0_.user_account_id as user_acc1_18_0_, roles0_.id as id1_18_0_, roles0_.id as id1_0_1_, roles0_.version as version2_0_1_, roles0_.user_account_id as user_acc1_18_1_, roles0_.company as company1_7_1_, roles0_.sector as sector2_7_1_, roles0_.company as company1_8_1_, roles0_.info as info2_8_1_, roles0_.statement as statemen3_8_1_, roles0_.company as company1_10_1_, roles0_.info as info2_10_1_, roles0_.statement as statemen3_10_1_, roles0_.company as company1_13_1_, roles0_.sector as sector2_13_1_, roles0_.clazz_ as clazz_1_ from ( select id, version, user_account_id, company, sector, null as info, null as statement, 10 as clazz_ from consumer union all select id, version, user_account_id, company, null as sector, info, statement, 11 as clazz_ from inventor union all select id, version, user_account_id, company, null as sector, info, statement, 12 as clazz_ from patron union all select id, version, user_account_id, company, sector, null as info, null as statement, 13 as clazz_ from provider union all select id, version, user_account_id, null as company, null as sector, null as info, null as statement, 15 as clazz_ from administrator union all select id, version, user_account_id, null as company, null as sector, null as info, null as statement, 16 as clazz_ from anonymous union all select id, version, user_account_id, null as company, null as sector, null as info, null as statement, 17 as clazz_ from any union all select id, version, user_account_id, null as company, null as sector, null as info, null as statement, 18 as clazz_ from authenticated ) roles0_ where roles0_.user_account_id=? 
2022-05-22 21:26:03.840 TRACE [org.hibernate.type.descriptor.sql.BasicBinder@http-nio-8080-exec-1] binding parameter [1] as [INTEGER] - [9] 
2022-05-22 21:26:03.962 DEBUG [acme.framework.controllers.AbstractController@http-nio-8080-exec-1] DISPATCHING GET /acme-toolkits-e3.08-1.0/inventor/quantity/create 
2022-05-22 21:26:03.962 DEBUG [acme.framework.controllers.AbstractController@http-nio-8080-exec-1] Command: create 
2022-05-22 21:26:03.962 DEBUG [acme.framework.controllers.AbstractController@http-nio-8080-exec-1] Model:   {masterId=47} 
2022-05-22 21:26:03.962 DEBUG [acme.framework.controllers.AbstractController@http-nio-8080-exec-1] Locale:  es 
2022-05-22 21:26:03.985 DEBUG [org.hibernate.SQL@http-nio-8080-exec-1] select toolkit0_.id as id1_0_, toolkit0_.version as version2_0_, toolkit0_.code as code1_16_, toolkit0_.description as descript2_16_, toolkit0_.inventor_id as inventor7_16_, toolkit0_.link as link3_16_, toolkit0_.notes as notes4_16_, toolkit0_.published as publishe5_16_, toolkit0_.title as title6_16_ from toolkit toolkit0_ where toolkit0_.id=? 
2022-05-22 21:26:03.986 TRACE [org.hibernate.type.descriptor.sql.BasicBinder@http-nio-8080-exec-1] binding parameter [1] as [INTEGER] - [47] 
2022-05-22 21:26:03.987 DEBUG [org.hibernate.SQL@http-nio-8080-exec-1] select inventor0_.id as id1_0_0_, inventor0_.version as version2_0_0_, inventor0_.user_account_id as user_acc1_18_0_, inventor0_.company as company1_8_0_, inventor0_.info as info2_8_0_, inventor0_.statement as statemen3_8_0_, useraccoun1_.id as id1_0_1_, useraccoun1_.version as version2_0_1_, useraccoun1_.enabled as enabled1_17_1_, useraccoun1_.identity as identity2_17_1_, useraccoun1_.password as password3_17_1_, useraccoun1_.username as username4_17_1_ from inventor inventor0_ inner join user_account useraccoun1_ on inventor0_.user_account_id=useraccoun1_.id where inventor0_.id=? 
2022-05-22 21:26:03.987 TRACE [org.hibernate.type.descriptor.sql.BasicBinder@http-nio-8080-exec-1] binding parameter [1] as [INTEGER] - [13] 
2022-05-22 21:26:04.026 DEBUG [org.hibernate.SQL@http-nio-8080-exec-1] select toolkit0_.id as id1_0_, toolkit0_.version as version2_0_, toolkit0_.code as code1_16_, toolkit0_.description as descript2_16_, toolkit0_.inventor_id as inventor7_16_, toolkit0_.link as link3_16_, toolkit0_.notes as notes4_16_, toolkit0_.published as publishe5_16_, toolkit0_.title as title6_16_ from toolkit toolkit0_ where toolkit0_.id=? 
2022-05-22 21:26:04.027 TRACE [org.hibernate.type.descriptor.sql.BasicBinder@http-nio-8080-exec-1] binding parameter [1] as [INTEGER] - [47] 
2022-05-22 21:26:04.029 DEBUG [org.hibernate.SQL@http-nio-8080-exec-1] select item0_.id as id1_0_, item0_.version as version2_0_, item0_.code as code1_9_, item0_.description as descript2_9_, item0_.inventor_id as invento12_9_, item0_.item_type as item_typ3_9_, item0_.link as link4_9_, item0_.name as name5_9_, item0_.published as publishe6_9_, item0_.retail_price_amount as retail_p7_9_, item0_.retail_price_currency as retail_p8_9_, item0_.system_retail_price_amount as system_r9_9_, item0_.system_retail_price_currency as system_10_9_, item0_.technology as technol11_9_ from item item0_ where item0_.published=1 
2022-05-22 21:26:04.075 DEBUG [acme.framework.controllers.AbstractController@http-nio-8080-exec-1] SERVING GET /acme-toolkits-e3.08-1.0/inventor/quantity/create 
2022-05-22 21:26:04.075 DEBUG [acme.framework.controllers.AbstractController@http-nio-8080-exec-1] Result: ModelAndView [view="inventor/quantity/form"; model={masterId=47, itemsNumber=null, id=0, published=false, item.name=null, version=0, items=[acme.entities.Item{id=25, version=0}, acme.entities.Item{id=26, version=0}, acme.entities.Item{id=28, version=0}, acme.entities.Item{id=29, version=0}], command=create, principal=acme.framework.entities.Principal@59681ab8}] 
2022-05-22 21:26:04.096 DEBUG [acme.framework.components.tiles.DynamicTilesView@http-nio-8080-exec-1] View name 'inventor/quantity/form', model {masterId=47, itemsNumber=null, id=0, published=false, item.name=null, version=0, items=[acme.entities.Item{id=25, version=0}, acme.entities.Item{id=26, version=0}, acme.entities.Item{id=28, version=0}, acme.entities.Item{id=29, version=0}], command=create, principal=acme.framework.entities.Principal@59681ab8, org.springframework.validation.BindingResult.principal=org.springframework.validation.BeanPropertyBindingResult: 0 errors} 
2022-05-22 21:26:04.118 DEBUG [org.apache.tiles.definition.dao.BaseLocaleUrlDefinitionDAO@http-nio-8080-exec-1] File Resource file:/C:/Users/USUARIO/OneDrive%20-%20UNIVERSIDAD%20DE%20SEVILLA/Escritorio/Workspace-22.0/Projects/PROJECTS/Acme-Toolkits-E3.08/target/classes/WEB-INF/views/master/tiles_es.xml at file:/C:/Users/USUARIO/OneDrive%20-%20UNIVERSIDAD%20DE%20SEVILLA/Escritorio/Workspace-22.0/Projects/PROJECTS/Acme-Toolkits-E3.08/target/classes/WEB-INF/views/master/tiles_es.xml not found, continue 
2022-05-22 21:26:04.130 DEBUG [org.apache.jasper.servlet.JspServlet@http-nio-8080-exec-1] JspEngine --> /WEB-INF/views/master/page.jsp 
2022-05-22 21:26:04.130 DEBUG [org.apache.jasper.servlet.JspServlet@http-nio-8080-exec-1] ServletPath: /WEB-INF/views/master/page.jsp 
2022-05-22 21:26:04.130 DEBUG [org.apache.jasper.servlet.JspServlet@http-nio-8080-exec-1] PathInfo: null 
2022-05-22 21:26:04.133 DEBUG [org.apache.jasper.servlet.JspServlet@http-nio-8080-exec-1] RealPath: C:\Users\USUARIO\OneDrive - UNIVERSIDAD DE SEVILLA\Escritorio\Workspace-22.0\Projects\PROJECTS\Acme-Toolkits-E3.08\target\classes\WEB-INF\views\master\page.jsp 
2022-05-22 21:26:04.133 DEBUG [org.apache.jasper.servlet.JspServlet@http-nio-8080-exec-1] RequestURI: /acme-toolkits-e3.08-1.0/WEB-INF/views/master/page.jsp 
2022-05-22 21:26:04.133 DEBUG [org.apache.jasper.servlet.JspServlet@http-nio-8080-exec-1] QueryString: masterId=47 
2022-05-22 21:26:09.922 DEBUG [acme.framework.configuration.ExtendedMessageSource@http-nio-8080-exec-1] Loading properties [C:\Users\USUARIO\OneDrive - UNIVERSIDAD DE SEVILLA\Escritorio\Workspace-22.0\Projects\PROJECTS\Acme-Toolkits-E3.08\target\classes\WEB-INF\views\administrator\administrator-dashboard\messages-en.i18n] with encoding 'utf-8' 
2022-05-22 21:26:09.924 DEBUG [acme.framework.configuration.ExtendedMessageSource@http-nio-8080-exec-1] Loading properties [C:\Users\USUARIO\OneDrive - UNIVERSIDAD DE SEVILLA\Escritorio\Workspace-22.0\Projects\PROJECTS\Acme-Toolkits-E3.08\target\classes\WEB-INF\views\administrator\announcement\messages-en.i18n] with encoding 'utf-8' 
2022-05-22 21:26:09.925 DEBUG [acme.framework.configuration.ExtendedMessageSource@http-nio-8080-exec-1] Loading properties [C:\Users\USUARIO\OneDrive - UNIVERSIDAD DE SEVILLA\Escritorio\Workspace-22.0\Projects\PROJECTS\Acme-Toolkits-E3.08\target\classes\WEB-INF\views\administrator\system-configuration\messsages-en.i18n] with encoding 'utf-8' 
2022-05-22 21:26:09.926 DEBUG [acme.framework.configuration.ExtendedMessageSource@http-nio-8080-exec-1] Loading properties [C:\Users\USUARIO\OneDrive - UNIVERSIDAD DE SEVILLA\Escritorio\Workspace-22.0\Projects\PROJECTS\Acme-Toolkits-E3.08\target\classes\WEB-INF\views\administrator\user-account\messages-en.i18n] with encoding 'utf-8' 
2022-05-22 21:26:09.927 DEBUG [acme.framework.configuration.ExtendedMessageSource@http-nio-8080-exec-1] Loading properties [C:\Users\USUARIO\OneDrive - UNIVERSIDAD DE SEVILLA\Escritorio\Workspace-22.0\Projects\PROJECTS\Acme-Toolkits-E3.08\target\classes\WEB-INF\views\anonymous\user-account\messages-en.i18n] with encoding 'utf-8' 
2022-05-22 21:26:09.928 DEBUG [acme.framework.configuration.ExtendedMessageSource@http-nio-8080-exec-1] Loading properties [C:\Users\USUARIO\OneDrive - UNIVERSIDAD DE SEVILLA\Escritorio\Workspace-22.0\Projects\PROJECTS\Acme-Toolkits-E3.08\target\classes\WEB-INF\views\any\chirp\messsages-en.i18n] with encoding 'utf-8' 
2022-05-22 21:26:09.929 DEBUG [acme.framework.configuration.ExtendedMessageSource@http-nio-8080-exec-1] Loading properties [C:\Users\USUARIO\OneDrive - UNIVERSIDAD DE SEVILLA\Escritorio\Workspace-22.0\Projects\PROJECTS\Acme-Toolkits-E3.08\target\classes\WEB-INF\views\any\item\messsages-en.i18n] with encoding 'utf-8' 
2022-05-22 21:26:09.930 DEBUG [acme.framework.configuration.ExtendedMessageSource@http-nio-8080-exec-1] Loading properties [C:\Users\USUARIO\OneDrive - UNIVERSIDAD DE SEVILLA\Escritorio\Workspace-22.0\Projects\PROJECTS\Acme-Toolkits-E3.08\target\classes\WEB-INF\views\any\toolkit\messsages-en.i18n] with encoding 'utf-8' 
2022-05-22 21:26:09.931 DEBUG [acme.framework.configuration.ExtendedMessageSource@http-nio-8080-exec-1] Loading properties [C:\Users\USUARIO\OneDrive - UNIVERSIDAD DE SEVILLA\Escritorio\Workspace-22.0\Projects\PROJECTS\Acme-Toolkits-E3.08\target\classes\WEB-INF\views\any\user-account\messsages-en.i18n] with encoding 'utf-8' 
2022-05-22 21:26:09.932 DEBUG [acme.framework.configuration.ExtendedMessageSource@http-nio-8080-exec-1] Loading properties [C:\Users\USUARIO\OneDrive - UNIVERSIDAD DE SEVILLA\Escritorio\Workspace-22.0\Projects\PROJECTS\Acme-Toolkits-E3.08\target\classes\WEB-INF\views\authenticated\announcement\messsages-en.i18n] with encoding 'utf-8' 
2022-05-22 21:26:09.933 DEBUG [acme.framework.configuration.ExtendedMessageSource@http-nio-8080-exec-1] Loading properties [C:\Users\USUARIO\OneDrive - UNIVERSIDAD DE SEVILLA\Escritorio\Workspace-22.0\Projects\PROJECTS\Acme-Toolkits-E3.08\target\classes\WEB-INF\views\authenticated\consumer\messsages-en.i18n] with encoding 'utf-8' 
2022-05-22 21:26:09.934 DEBUG [acme.framework.configuration.ExtendedMessageSource@http-nio-8080-exec-1] Loading properties [C:\Users\USUARIO\OneDrive - UNIVERSIDAD DE SEVILLA\Escritorio\Workspace-22.0\Projects\PROJECTS\Acme-Toolkits-E3.08\target\classes\WEB-INF\views\authenticated\inventor\messsages-en.i18n] with encoding 'utf-8' 
2022-05-22 21:26:09.935 DEBUG [acme.framework.configuration.ExtendedMessageSource@http-nio-8080-exec-1] Loading properties [C:\Users\USUARIO\OneDrive - UNIVERSIDAD DE SEVILLA\Escritorio\Workspace-22.0\Projects\PROJECTS\Acme-Toolkits-E3.08\target\classes\WEB-INF\views\authenticated\patron\messsages-en.i18n] with encoding 'utf-8' 
2022-05-22 21:26:09.936 DEBUG [acme.framework.configuration.ExtendedMessageSource@http-nio-8080-exec-1] Loading properties [C:\Users\USUARIO\OneDrive - UNIVERSIDAD DE SEVILLA\Escritorio\Workspace-22.0\Projects\PROJECTS\Acme-Toolkits-E3.08\target\classes\WEB-INF\views\authenticated\provider\messsages-en.i18n] with encoding 'utf-8' 
2022-05-22 21:26:09.937 DEBUG [acme.framework.configuration.ExtendedMessageSource@http-nio-8080-exec-1] Loading properties [C:\Users\USUARIO\OneDrive - UNIVERSIDAD DE SEVILLA\Escritorio\Workspace-22.0\Projects\PROJECTS\Acme-Toolkits-E3.08\target\classes\WEB-INF\views\authenticated\system-configuration\messsages-en.i18n] with encoding 'utf-8' 
2022-05-22 21:26:09.939 DEBUG [acme.framework.configuration.ExtendedMessageSource@http-nio-8080-exec-1] Loading properties [C:\Users\USUARIO\OneDrive - UNIVERSIDAD DE SEVILLA\Escritorio\Workspace-22.0\Projects\PROJECTS\Acme-Toolkits-E3.08\target\classes\WEB-INF\views\authenticated\user-account\messages-en.i18n] with encoding 'utf-8' 
2022-05-22 21:26:09.940 DEBUG [acme.framework.configuration.ExtendedMessageSource@http-nio-8080-exec-1] Loading properties [C:\Users\USUARIO\OneDrive - UNIVERSIDAD DE SEVILLA\Escritorio\Workspace-22.0\Projects\PROJECTS\Acme-Toolkits-E3.08\target\classes\WEB-INF\views\fragments\banner-en.i18n] with encoding 'utf-8' 
2022-05-22 21:26:09.941 DEBUG [acme.framework.configuration.ExtendedMessageSource@http-nio-8080-exec-1] Loading properties [C:\Users\USUARIO\OneDrive - UNIVERSIDAD DE SEVILLA\Escritorio\Workspace-22.0\Projects\PROJECTS\Acme-Toolkits-E3.08\target\classes\WEB-INF\views\fragments\company-en.i18n] with encoding 'utf-8' 
2022-05-22 21:26:09.942 DEBUG [acme.framework.configuration.ExtendedMessageSource@http-nio-8080-exec-1] Loading properties [C:\Users\USUARIO\OneDrive - UNIVERSIDAD DE SEVILLA\Escritorio\Workspace-22.0\Projects\PROJECTS\Acme-Toolkits-E3.08\target\classes\WEB-INF\views\fragments\footer-en.i18n] with encoding 'utf-8' 
2022-05-22 21:26:09.943 DEBUG [acme.framework.configuration.ExtendedMessageSource@http-nio-8080-exec-1] Loading properties [C:\Users\USUARIO\OneDrive - UNIVERSIDAD DE SEVILLA\Escritorio\Workspace-22.0\Projects\PROJECTS\Acme-Toolkits-E3.08\target\classes\WEB-INF\views\fragments\license-en.i18n] with encoding 'utf-8' 
2022-05-22 21:26:09.943 DEBUG [acme.framework.configuration.ExtendedMessageSource@http-nio-8080-exec-1] Loading properties [C:\Users\USUARIO\OneDrive - UNIVERSIDAD DE SEVILLA\Escritorio\Workspace-22.0\Projects\PROJECTS\Acme-Toolkits-E3.08\target\classes\WEB-INF\views\fragments\menu-en.i18n] with encoding 'utf-8' 
2022-05-22 21:26:09.944 DEBUG [acme.framework.configuration.ExtendedMessageSource@http-nio-8080-exec-1] Loading properties [C:\Users\USUARIO\OneDrive - UNIVERSIDAD DE SEVILLA\Escritorio\Workspace-22.0\Projects\PROJECTS\Acme-Toolkits-E3.08\target\classes\WEB-INF\views\fragments\messsages-en.i18n] with encoding 'utf-8' 
2022-05-22 21:26:09.945 DEBUG [acme.framework.configuration.ExtendedMessageSource@http-nio-8080-exec-1] Loading properties [C:\Users\USUARIO\OneDrive - UNIVERSIDAD DE SEVILLA\Escritorio\Workspace-22.0\Projects\PROJECTS\Acme-Toolkits-E3.08\target\classes\WEB-INF\views\fragments\title-en.i18n] with encoding 'utf-8' 
2022-05-22 21:26:09.946 DEBUG [acme.framework.configuration.ExtendedMessageSource@http-nio-8080-exec-1] Loading properties [C:\Users\USUARIO\OneDrive - UNIVERSIDAD DE SEVILLA\Escritorio\Workspace-22.0\Projects\PROJECTS\Acme-Toolkits-E3.08\target\classes\WEB-INF\views\fragments\welcome-en.i18n] with encoding 'utf-8' 
2022-05-22 21:26:09.947 DEBUG [acme.framework.configuration.ExtendedMessageSource@http-nio-8080-exec-1] Loading properties [C:\Users\USUARIO\OneDrive - UNIVERSIDAD DE SEVILLA\Escritorio\Workspace-22.0\Projects\PROJECTS\Acme-Toolkits-E3.08\target\classes\WEB-INF\views\inventor\item\messsages-en.i18n] with encoding 'utf-8' 
2022-05-22 21:26:09.949 DEBUG [acme.framework.configuration.ExtendedMessageSource@http-nio-8080-exec-1] Loading properties [C:\Users\USUARIO\OneDrive - UNIVERSIDAD DE SEVILLA\Escritorio\Workspace-22.0\Projects\PROJECTS\Acme-Toolkits-E3.08\target\classes\WEB-INF\views\inventor\patronage\messsages-en.i18n] with encoding 'utf-8' 
2022-05-22 21:26:09.950 DEBUG [acme.framework.configuration.ExtendedMessageSource@http-nio-8080-exec-1] Loading properties [C:\Users\USUARIO\OneDrive - UNIVERSIDAD DE SEVILLA\Escritorio\Workspace-22.0\Projects\PROJECTS\Acme-Toolkits-E3.08\target\classes\WEB-INF\views\inventor\patronage-report\messages-en.i18n] with encoding 'utf-8' 
2022-05-22 21:26:09.951 DEBUG [acme.framework.configuration.ExtendedMessageSource@http-nio-8080-exec-1] Loading properties [C:\Users\USUARIO\OneDrive - UNIVERSIDAD DE SEVILLA\Escritorio\Workspace-22.0\Projects\PROJECTS\Acme-Toolkits-E3.08\target\classes\WEB-INF\views\inventor\quantity\messsages-en.i18n] with encoding 'utf-8' 
2022-05-22 21:26:09.952 DEBUG [acme.framework.configuration.ExtendedMessageSource@http-nio-8080-exec-1] Loading properties [C:\Users\USUARIO\OneDrive - UNIVERSIDAD DE SEVILLA\Escritorio\Workspace-22.0\Projects\PROJECTS\Acme-Toolkits-E3.08\target\classes\WEB-INF\views\inventor\toolkit\messsages-en.i18n] with encoding 'utf-8' 
2022-05-22 21:26:09.954 DEBUG [acme.framework.configuration.ExtendedMessageSource@http-nio-8080-exec-1] Loading properties [C:\Users\USUARIO\OneDrive - UNIVERSIDAD DE SEVILLA\Escritorio\Workspace-22.0\Projects\PROJECTS\Acme-Toolkits-E3.08\target\classes\WEB-INF\views\master\defaults-en.i18n] with encoding 'utf-8' 
2022-05-22 21:26:09.957 DEBUG [acme.framework.configuration.ExtendedMessageSource@http-nio-8080-exec-1] Loading properties [C:\Users\USUARIO\OneDrive - UNIVERSIDAD DE SEVILLA\Escritorio\Workspace-22.0\Projects\PROJECTS\Acme-Toolkits-E3.08\target\classes\WEB-INF\views\master\master-en.i18n] with encoding 'utf-8' 
2022-05-22 21:26:09.958 DEBUG [acme.framework.configuration.ExtendedMessageSource@http-nio-8080-exec-1] Loading properties [C:\Users\USUARIO\OneDrive - UNIVERSIDAD DE SEVILLA\Escritorio\Workspace-22.0\Projects\PROJECTS\Acme-Toolkits-E3.08\target\classes\WEB-INF\views\master\throwables-en.i18n] with encoding 'utf-8' 
2022-05-22 21:26:09.959 DEBUG [acme.framework.configuration.ExtendedMessageSource@http-nio-8080-exec-1] Loading properties [C:\Users\USUARIO\OneDrive - UNIVERSIDAD DE SEVILLA\Escritorio\Workspace-22.0\Projects\PROJECTS\Acme-Toolkits-E3.08\target\classes\WEB-INF\views\master\validation-en.i18n] with encoding 'utf-8' 
2022-05-22 21:26:09.960 DEBUG [acme.framework.configuration.ExtendedMessageSource@http-nio-8080-exec-1] Loading properties [C:\Users\USUARIO\OneDrive - UNIVERSIDAD DE SEVILLA\Escritorio\Workspace-22.0\Projects\PROJECTS\Acme-Toolkits-E3.08\target\classes\WEB-INF\views\patron\patron-dashboard\messages-en.i18n] with encoding 'utf-8' 
2022-05-22 21:26:09.961 DEBUG [acme.framework.configuration.ExtendedMessageSource@http-nio-8080-exec-1] Loading properties [C:\Users\USUARIO\OneDrive - UNIVERSIDAD DE SEVILLA\Escritorio\Workspace-22.0\Projects\PROJECTS\Acme-Toolkits-E3.08\target\classes\WEB-INF\views\patron\patronage\messsages-en.i18n] with encoding 'utf-8' 
2022-05-22 21:26:09.962 DEBUG [acme.framework.configuration.ExtendedMessageSource@http-nio-8080-exec-1] Loading properties [C:\Users\USUARIO\OneDrive - UNIVERSIDAD DE SEVILLA\Escritorio\Workspace-22.0\Projects\PROJECTS\Acme-Toolkits-E3.08\target\classes\WEB-INF\views\patron\patronage-report\messsages-en.i18n] with encoding 'utf-8' 
2022-05-22 21:26:09.977 DEBUG [acme.framework.configuration.ExtendedMessageSource@http-nio-8080-exec-1] Loading properties [C:\Users\USUARIO\OneDrive - UNIVERSIDAD DE SEVILLA\Escritorio\Workspace-22.0\Projects\PROJECTS\Acme-Toolkits-E3.08\target\classes\WEB-INF\views\administrator\administrator-dashboard\messages-es.i18n] with encoding 'utf-8' 
2022-05-22 21:26:09.978 DEBUG [acme.framework.configuration.ExtendedMessageSource@http-nio-8080-exec-1] Loading properties [C:\Users\USUARIO\OneDrive - UNIVERSIDAD DE SEVILLA\Escritorio\Workspace-22.0\Projects\PROJECTS\Acme-Toolkits-E3.08\target\classes\WEB-INF\views\administrator\announcement\messages-es.i18n] with encoding 'utf-8' 
2022-05-22 21:26:09.979 DEBUG [acme.framework.configuration.ExtendedMessageSource@http-nio-8080-exec-1] Loading properties [C:\Users\USUARIO\OneDrive - UNIVERSIDAD DE SEVILLA\Escritorio\Workspace-22.0\Projects\PROJECTS\Acme-Toolkits-E3.08\target\classes\WEB-INF\views\administrator\system-configuration\messsages-es.i18n] with encoding 'utf-8' 
2022-05-22 21:26:09.980 DEBUG [acme.framework.configuration.ExtendedMessageSource@http-nio-8080-exec-1] Loading properties [C:\Users\USUARIO\OneDrive - UNIVERSIDAD DE SEVILLA\Escritorio\Workspace-22.0\Projects\PROJECTS\Acme-Toolkits-E3.08\target\classes\WEB-INF\views\administrator\user-account\messages-es.i18n] with encoding 'utf-8' 
2022-05-22 21:26:09.981 DEBUG [acme.framework.configuration.ExtendedMessageSource@http-nio-8080-exec-1] Loading properties [C:\Users\USUARIO\OneDrive - UNIVERSIDAD DE SEVILLA\Escritorio\Workspace-22.0\Projects\PROJECTS\Acme-Toolkits-E3.08\target\classes\WEB-INF\views\anonymous\user-account\messages-es.i18n] with encoding 'utf-8' 
2022-05-22 21:26:09.982 DEBUG [acme.framework.configuration.ExtendedMessageSource@http-nio-8080-exec-1] Loading properties [C:\Users\USUARIO\OneDrive - UNIVERSIDAD DE SEVILLA\Escritorio\Workspace-22.0\Projects\PROJECTS\Acme-Toolkits-E3.08\target\classes\WEB-INF\views\any\chirp\messsages-es.i18n] with encoding 'utf-8' 
2022-05-22 21:26:09.984 DEBUG [acme.framework.configuration.ExtendedMessageSource@http-nio-8080-exec-1] Loading properties [C:\Users\USUARIO\OneDrive - UNIVERSIDAD DE SEVILLA\Escritorio\Workspace-22.0\Projects\PROJECTS\Acme-Toolkits-E3.08\target\classes\WEB-INF\views\any\item\messsages-es.i18n] with encoding 'utf-8' 
2022-05-22 21:26:09.985 DEBUG [acme.framework.configuration.ExtendedMessageSource@http-nio-8080-exec-1] Loading properties [C:\Users\USUARIO\OneDrive - UNIVERSIDAD DE SEVILLA\Escritorio\Workspace-22.0\Projects\PROJECTS\Acme-Toolkits-E3.08\target\classes\WEB-INF\views\any\toolkit\messsages-es.i18n] with encoding 'utf-8' 
2022-05-22 21:26:09.986 DEBUG [acme.framework.configuration.ExtendedMessageSource@http-nio-8080-exec-1] Loading properties [C:\Users\USUARIO\OneDrive - UNIVERSIDAD DE SEVILLA\Escritorio\Workspace-22.0\Projects\PROJECTS\Acme-Toolkits-E3.08\target\classes\WEB-INF\views\any\user-account\messsages-es.i18n] with encoding 'utf-8' 
2022-05-22 21:26:09.987 DEBUG [acme.framework.configuration.ExtendedMessageSource@http-nio-8080-exec-1] Loading properties [C:\Users\USUARIO\OneDrive - UNIVERSIDAD DE SEVILLA\Escritorio\Workspace-22.0\Projects\PROJECTS\Acme-Toolkits-E3.08\target\classes\WEB-INF\views\authenticated\announcement\messsages-es.i18n] with encoding 'utf-8' 
2022-05-22 21:26:09.989 DEBUG [acme.framework.configuration.ExtendedMessageSource@http-nio-8080-exec-1] Loading properties [C:\Users\USUARIO\OneDrive - UNIVERSIDAD DE SEVILLA\Escritorio\Workspace-22.0\Projects\PROJECTS\Acme-Toolkits-E3.08\target\classes\WEB-INF\views\authenticated\consumer\messsages-es.i18n] with encoding 'utf-8' 
2022-05-22 21:26:09.990 DEBUG [acme.framework.configuration.ExtendedMessageSource@http-nio-8080-exec-1] Loading properties [C:\Users\USUARIO\OneDrive - UNIVERSIDAD DE SEVILLA\Escritorio\Workspace-22.0\Projects\PROJECTS\Acme-Toolkits-E3.08\target\classes\WEB-INF\views\authenticated\inventor\messsages-es.i18n] with encoding 'utf-8' 
2022-05-22 21:26:09.991 DEBUG [acme.framework.configuration.ExtendedMessageSource@http-nio-8080-exec-1] Loading properties [C:\Users\USUARIO\OneDrive - UNIVERSIDAD DE SEVILLA\Escritorio\Workspace-22.0\Projects\PROJECTS\Acme-Toolkits-E3.08\target\classes\WEB-INF\views\authenticated\patron\messsages-es.i18n] with encoding 'utf-8' 
2022-05-22 21:26:09.992 DEBUG [acme.framework.configuration.ExtendedMessageSource@http-nio-8080-exec-1] Loading properties [C:\Users\USUARIO\OneDrive - UNIVERSIDAD DE SEVILLA\Escritorio\Workspace-22.0\Projects\PROJECTS\Acme-Toolkits-E3.08\target\classes\WEB-INF\views\authenticated\provider\messsages-es.i18n] with encoding 'utf-8' 
2022-05-22 21:26:09.993 DEBUG [acme.framework.configuration.ExtendedMessageSource@http-nio-8080-exec-1] Loading properties [C:\Users\USUARIO\OneDrive - UNIVERSIDAD DE SEVILLA\Escritorio\Workspace-22.0\Projects\PROJECTS\Acme-Toolkits-E3.08\target\classes\WEB-INF\views\authenticated\system-configuration\messsages-es.i18n] with encoding 'utf-8' 
2022-05-22 21:26:09.995 DEBUG [acme.framework.configuration.ExtendedMessageSource@http-nio-8080-exec-1] Loading properties [C:\Users\USUARIO\OneDrive - UNIVERSIDAD DE SEVILLA\Escritorio\Workspace-22.0\Projects\PROJECTS\Acme-Toolkits-E3.08\target\classes\WEB-INF\views\authenticated\user-account\messages-es.i18n] with encoding 'utf-8' 
2022-05-22 21:26:09.996 DEBUG [acme.framework.configuration.ExtendedMessageSource@http-nio-8080-exec-1] Loading properties [C:\Users\USUARIO\OneDrive - UNIVERSIDAD DE SEVILLA\Escritorio\Workspace-22.0\Projects\PROJECTS\Acme-Toolkits-E3.08\target\classes\WEB-INF\views\fragments\banner-es.i18n] with encoding 'utf-8' 
2022-05-22 21:26:09.996 DEBUG [acme.framework.configuration.ExtendedMessageSource@http-nio-8080-exec-1] Loading properties [C:\Users\USUARIO\OneDrive - UNIVERSIDAD DE SEVILLA\Escritorio\Workspace-22.0\Projects\PROJECTS\Acme-Toolkits-E3.08\target\classes\WEB-INF\views\fragments\company-es.i18n] with encoding 'utf-8' 
2022-05-22 21:26:09.997 DEBUG [acme.framework.configuration.ExtendedMessageSource@http-nio-8080-exec-1] Loading properties [C:\Users\USUARIO\OneDrive - UNIVERSIDAD DE SEVILLA\Escritorio\Workspace-22.0\Projects\PROJECTS\Acme-Toolkits-E3.08\target\classes\WEB-INF\views\fragments\footer-es.i18n] with encoding 'utf-8' 
2022-05-22 21:26:09.998 DEBUG [acme.framework.configuration.ExtendedMessageSource@http-nio-8080-exec-1] Loading properties [C:\Users\USUARIO\OneDrive - UNIVERSIDAD DE SEVILLA\Escritorio\Workspace-22.0\Projects\PROJECTS\Acme-Toolkits-E3.08\target\classes\WEB-INF\views\fragments\license-es.i18n] with encoding 'utf-8' 
2022-05-22 21:26:10 DEBUG [acme.framework.configuration.ExtendedMessageSource@http-nio-8080-exec-1] Loading properties [C:\Users\USUARIO\OneDrive - UNIVERSIDAD DE SEVILLA\Escritorio\Workspace-22.0\Projects\PROJECTS\Acme-Toolkits-E3.08\target\classes\WEB-INF\views\fragments\menu-es.i18n] with encoding 'utf-8' 
2022-05-22 21:26:10.001 DEBUG [acme.framework.configuration.ExtendedMessageSource@http-nio-8080-exec-1] Loading properties [C:\Users\USUARIO\OneDrive - UNIVERSIDAD DE SEVILLA\Escritorio\Workspace-22.0\Projects\PROJECTS\Acme-Toolkits-E3.08\target\classes\WEB-INF\views\fragments\messsages-es.i18n] with encoding 'utf-8' 
2022-05-22 21:26:10.002 DEBUG [acme.framework.configuration.ExtendedMessageSource@http-nio-8080-exec-1] Loading properties [C:\Users\USUARIO\OneDrive - UNIVERSIDAD DE SEVILLA\Escritorio\Workspace-22.0\Projects\PROJECTS\Acme-Toolkits-E3.08\target\classes\WEB-INF\views\fragments\title-es.i18n] with encoding 'utf-8' 
2022-05-22 21:26:10.003 DEBUG [acme.framework.configuration.ExtendedMessageSource@http-nio-8080-exec-1] Loading properties [C:\Users\USUARIO\OneDrive - UNIVERSIDAD DE SEVILLA\Escritorio\Workspace-22.0\Projects\PROJECTS\Acme-Toolkits-E3.08\target\classes\WEB-INF\views\fragments\welcome-es.i18n] with encoding 'utf-8' 
2022-05-22 21:26:10.005 DEBUG [acme.framework.configuration.ExtendedMessageSource@http-nio-8080-exec-1] Loading properties [C:\Users\USUARIO\OneDrive - UNIVERSIDAD DE SEVILLA\Escritorio\Workspace-22.0\Projects\PROJECTS\Acme-Toolkits-E3.08\target\classes\WEB-INF\views\inventor\item\messsages-es.i18n] with encoding 'utf-8' 
2022-05-22 21:26:10.006 DEBUG [acme.framework.configuration.ExtendedMessageSource@http-nio-8080-exec-1] Loading properties [C:\Users\USUARIO\OneDrive - UNIVERSIDAD DE SEVILLA\Escritorio\Workspace-22.0\Projects\PROJECTS\Acme-Toolkits-E3.08\target\classes\WEB-INF\views\inventor\patronage\messsages-es.i18n] with encoding 'utf-8' 
2022-05-22 21:26:10.008 DEBUG [acme.framework.configuration.ExtendedMessageSource@http-nio-8080-exec-1] Loading properties [C:\Users\USUARIO\OneDrive - UNIVERSIDAD DE SEVILLA\Escritorio\Workspace-22.0\Projects\PROJECTS\Acme-Toolkits-E3.08\target\classes\WEB-INF\views\inventor\patronage-report\messages-es.i18n] with encoding 'utf-8' 
2022-05-22 21:26:10.010 DEBUG [acme.framework.configuration.ExtendedMessageSource@http-nio-8080-exec-1] Loading properties [C:\Users\USUARIO\OneDrive - UNIVERSIDAD DE SEVILLA\Escritorio\Workspace-22.0\Projects\PROJECTS\Acme-Toolkits-E3.08\target\classes\WEB-INF\views\inventor\quantity\messsages-es.i18n] with encoding 'utf-8' 
2022-05-22 21:26:10.010 DEBUG [acme.framework.configuration.ExtendedMessageSource@http-nio-8080-exec-1] Loading properties [C:\Users\USUARIO\OneDrive - UNIVERSIDAD DE SEVILLA\Escritorio\Workspace-22.0\Projects\PROJECTS\Acme-Toolkits-E3.08\target\classes\WEB-INF\views\inventor\toolkit\messsages-es.i18n] with encoding 'utf-8' 
2022-05-22 21:26:10.011 DEBUG [acme.framework.configuration.ExtendedMessageSource@http-nio-8080-exec-1] Loading properties [C:\Users\USUARIO\OneDrive - UNIVERSIDAD DE SEVILLA\Escritorio\Workspace-22.0\Projects\PROJECTS\Acme-Toolkits-E3.08\target\classes\WEB-INF\views\master\defaults-es.i18n] with encoding 'utf-8' 
2022-05-22 21:26:10.012 DEBUG [acme.framework.configuration.ExtendedMessageSource@http-nio-8080-exec-1] Loading properties [C:\Users\USUARIO\OneDrive - UNIVERSIDAD DE SEVILLA\Escritorio\Workspace-22.0\Projects\PROJECTS\Acme-Toolkits-E3.08\target\classes\WEB-INF\views\master\master-es.i18n] with encoding 'utf-8' 
2022-05-22 21:26:10.013 DEBUG [acme.framework.configuration.ExtendedMessageSource@http-nio-8080-exec-1] Loading properties [C:\Users\USUARIO\OneDrive - UNIVERSIDAD DE SEVILLA\Escritorio\Workspace-22.0\Projects\PROJECTS\Acme-Toolkits-E3.08\target\classes\WEB-INF\views\master\throwables-es.i18n] with encoding 'utf-8' 
2022-05-22 21:26:10.013 DEBUG [acme.framework.configuration.ExtendedMessageSource@http-nio-8080-exec-1] Loading properties [C:\Users\USUARIO\OneDrive - UNIVERSIDAD DE SEVILLA\Escritorio\Workspace-22.0\Projects\PROJECTS\Acme-Toolkits-E3.08\target\classes\WEB-INF\views\master\validation-es.i18n] with encoding 'utf-8' 
2022-05-22 21:26:10.014 DEBUG [acme.framework.configuration.ExtendedMessageSource@http-nio-8080-exec-1] Loading properties [C:\Users\USUARIO\OneDrive - UNIVERSIDAD DE SEVILLA\Escritorio\Workspace-22.0\Projects\PROJECTS\Acme-Toolkits-E3.08\target\classes\WEB-INF\views\patron\patron-dashboard\messages-es.i18n] with encoding 'utf-8' 
2022-05-22 21:26:10.014 DEBUG [acme.framework.configuration.ExtendedMessageSource@http-nio-8080-exec-1] Loading properties [C:\Users\USUARIO\OneDrive - UNIVERSIDAD DE SEVILLA\Escritorio\Workspace-22.0\Projects\PROJECTS\Acme-Toolkits-E3.08\target\classes\WEB-INF\views\patron\patronage\messsages-es.i18n] with encoding 'utf-8' 
2022-05-22 21:26:10.015 DEBUG [acme.framework.configuration.ExtendedMessageSource@http-nio-8080-exec-1] Loading properties [C:\Users\USUARIO\OneDrive - UNIVERSIDAD DE SEVILLA\Escritorio\Workspace-22.0\Projects\PROJECTS\Acme-Toolkits-E3.08\target\classes\WEB-INF\views\patron\patronage-report\messsages-es.i18n] with encoding 'utf-8' 
2022-05-22 21:26:10.352 DEBUG [org.apache.jasper.servlet.JspServlet@http-nio-8080-exec-1] JspEngine --> /WEB-INF/views/inventor/quantity/form.jsp 
2022-05-22 21:26:10.352 DEBUG [org.apache.jasper.servlet.JspServlet@http-nio-8080-exec-1] ServletPath: /WEB-INF/views/master/page.jsp 
2022-05-22 21:26:10.353 DEBUG [org.apache.jasper.servlet.JspServlet@http-nio-8080-exec-1] PathInfo: null 
2022-05-22 21:26:10.356 DEBUG [org.apache.jasper.servlet.JspServlet@http-nio-8080-exec-1] RealPath: C:\Users\USUARIO\OneDrive - UNIVERSIDAD DE SEVILLA\Escritorio\Workspace-22.0\Projects\PROJECTS\Acme-Toolkits-E3.08\target\classes\WEB-INF\views\inventor\quantity\form.jsp 
2022-05-22 21:26:10.356 DEBUG [org.apache.jasper.servlet.JspServlet@http-nio-8080-exec-1] RequestURI: /acme-toolkits-e3.08-1.0/WEB-INF/views/master/page.jsp 
2022-05-22 21:26:10.357 DEBUG [org.apache.jasper.servlet.JspServlet@http-nio-8080-exec-1] QueryString: masterId=47 
2022-05-22 21:26:28.214 DEBUG [acme.framework.controllers.AbstractController@http-nio-8080-exec-2] DISPATCHING POST /acme-toolkits-e3.08-1.0/inventor/quantity/create 
2022-05-22 21:26:28.214 DEBUG [acme.framework.controllers.AbstractController@http-nio-8080-exec-2] Command: create 
2022-05-22 21:26:28.214 DEBUG [acme.framework.controllers.AbstractController@http-nio-8080-exec-2] Model:   {toolkitId=, masterId=47, id=0, version=0, _csrf=24d55693-3071-4faf-b3c6-a1c18d010702, number=1, itemId=25} 
2022-05-22 21:26:28.215 DEBUG [acme.framework.controllers.AbstractController@http-nio-8080-exec-2] Locale:  es 
2022-05-22 21:26:28.215 DEBUG [org.hibernate.SQL@http-nio-8080-exec-2] select toolkit0_.id as id1_0_, toolkit0_.version as version2_0_, toolkit0_.code as code1_16_, toolkit0_.description as descript2_16_, toolkit0_.inventor_id as inventor7_16_, toolkit0_.link as link3_16_, toolkit0_.notes as notes4_16_, toolkit0_.published as publishe5_16_, toolkit0_.title as title6_16_ from toolkit toolkit0_ where toolkit0_.id=? 
2022-05-22 21:26:28.215 TRACE [org.hibernate.type.descriptor.sql.BasicBinder@http-nio-8080-exec-2] binding parameter [1] as [INTEGER] - [47] 
2022-05-22 21:26:28.217 DEBUG [org.hibernate.SQL@http-nio-8080-exec-2] select inventor0_.id as id1_0_0_, inventor0_.version as version2_0_0_, inventor0_.user_account_id as user_acc1_18_0_, inventor0_.company as company1_8_0_, inventor0_.info as info2_8_0_, inventor0_.statement as statemen3_8_0_, useraccoun1_.id as id1_0_1_, useraccoun1_.version as version2_0_1_, useraccoun1_.enabled as enabled1_17_1_, useraccoun1_.identity as identity2_17_1_, useraccoun1_.password as password3_17_1_, useraccoun1_.username as username4_17_1_ from inventor inventor0_ inner join user_account useraccoun1_ on inventor0_.user_account_id=useraccoun1_.id where inventor0_.id=? 
2022-05-22 21:26:28.217 TRACE [org.hibernate.type.descriptor.sql.BasicBinder@http-nio-8080-exec-2] binding parameter [1] as [INTEGER] - [13] 
2022-05-22 21:26:28.220 DEBUG [org.hibernate.SQL@http-nio-8080-exec-2] select toolkit0_.id as id1_0_, toolkit0_.version as version2_0_, toolkit0_.code as code1_16_, toolkit0_.description as descript2_16_, toolkit0_.inventor_id as inventor7_16_, toolkit0_.link as link3_16_, toolkit0_.notes as notes4_16_, toolkit0_.published as publishe5_16_, toolkit0_.title as title6_16_ from toolkit toolkit0_ where toolkit0_.id=? 
2022-05-22 21:26:28.222 TRACE [org.hibernate.type.descriptor.sql.BasicBinder@http-nio-8080-exec-2] binding parameter [1] as [INTEGER] - [47] 
2022-05-22 21:26:28.233 DEBUG [acme.framework.controllers.AbstractController@http-nio-8080-exec-2] SERVING POST /acme-toolkits-e3.08-1.0/inventor/quantity/create 
2022-05-22 21:26:28.233 DEBUG [acme.framework.controllers.AbstractController@http-nio-8080-exec-2] Result: ModelAndView [view="master/panic"; model={oops=java.lang.AssertionError: Attribute 'item.name' is missing in your model}] 
2022-05-22 21:26:28.234 DEBUG [acme.framework.components.tiles.DynamicTilesView@http-nio-8080-exec-2] View name 'master/panic', model {oops=java.lang.AssertionError: Attribute 'item.name' is missing in your model, org.springframework.validation.BindingResult.oops=org.springframework.validation.BeanPropertyBindingResult: 0 errors} 
2022-05-22 21:26:28.235 DEBUG [org.apache.jasper.servlet.JspServlet@http-nio-8080-exec-2] JspEngine --> /WEB-INF/views/master/page.jsp 
2022-05-22 21:26:28.235 DEBUG [org.apache.jasper.servlet.JspServlet@http-nio-8080-exec-2] ServletPath: /WEB-INF/views/master/page.jsp 
2022-05-22 21:26:28.235 DEBUG [org.apache.jasper.servlet.JspServlet@http-nio-8080-exec-2] PathInfo: null 
2022-05-22 21:26:28.238 DEBUG [org.apache.jasper.servlet.JspServlet@http-nio-8080-exec-2] RealPath: C:\Users\USUARIO\OneDrive - UNIVERSIDAD DE SEVILLA\Escritorio\Workspace-22.0\Projects\PROJECTS\Acme-Toolkits-E3.08\target\classes\WEB-INF\views\master\page.jsp 
2022-05-22 21:26:28.239 DEBUG [org.apache.jasper.servlet.JspServlet@http-nio-8080-exec-2] RequestURI: /acme-toolkits-e3.08-1.0/WEB-INF/views/master/page.jsp 
2022-05-22 21:26:28.240 DEBUG [org.apache.jasper.servlet.JspServlet@http-nio-8080-exec-2] QueryString: toolkitId= 
2022-05-22 21:26:28.458 DEBUG [org.apache.jasper.servlet.JspServlet@http-nio-8080-exec-2] JspEngine --> /WEB-INF/views/master/panic.jsp 
2022-05-22 21:26:28.458 DEBUG [org.apache.jasper.servlet.JspServlet@http-nio-8080-exec-2] ServletPath: /WEB-INF/views/master/page.jsp 
2022-05-22 21:26:28.459 DEBUG [org.apache.jasper.servlet.JspServlet@http-nio-8080-exec-2] PathInfo: null 
2022-05-22 21:26:28.459 DEBUG [org.apache.jasper.servlet.JspServlet@http-nio-8080-exec-2] RealPath: C:\Users\USUARIO\OneDrive - UNIVERSIDAD DE SEVILLA\Escritorio\Workspace-22.0\Projects\PROJECTS\Acme-Toolkits-E3.08\target\classes\WEB-INF\views\master\panic.jsp 
2022-05-22 21:26:28.459 DEBUG [org.apache.jasper.servlet.JspServlet@http-nio-8080-exec-2] RequestURI: /acme-toolkits-e3.08-1.0/WEB-INF/views/master/page.jsp 
2022-05-22 21:26:28.460 DEBUG [org.apache.jasper.servlet.JspServlet@http-nio-8080-exec-2] QueryString: toolkitId= 
2022-05-22 21:26:28.730 ERROR [org.apache.jsp.WEB_002dINF.views.master.panic_jsp@http-nio-8080-exec-2] HTTP POST /acme-toolkits-e3.08-1.0/WEB-INF/views/master/page.jsp HTTP/1.1 
2022-05-22 21:26:28.730 ERROR [org.apache.jsp.WEB_002dINF.views.master.panic_jsp@http-nio-8080-exec-2] Status: 500 
2022-05-22 21:26:28.731 ERROR [org.apache.jsp.WEB_002dINF.views.master.panic_jsp@http-nio-8080-exec-2] Exception: acme.framework.components.models.Model.getAttribute(Model.java:135): Attribute 'item.name' is missing in your model 
