2022-04-21 11:37:40.443 INFO  [acme.Launcher@main] Starting Launcher using Java 1.8.0_281 on DESKTOP-B7M6F9V with PID 15932 (P:\Workspace-22.0\Frameworks\Acme-Framework-22.3\target\classes started by pabli in P:\Workspace-22.0\Projects\Acme-Toolkits-E3.08) 
2022-04-21 11:37:40.444 DEBUG [acme.Launcher@main] Running with Spring Boot v2.4.2, Spring v5.3.3 
2022-04-21 11:37:40.447 INFO  [acme.Launcher@main] The following profiles are active: development,default 
2022-04-21 11:37:44.426 DEBUG [org.apache.jasper.servlet.JasperInitializer@main] Initializing Jasper for context [application] 
2022-04-21 11:37:51.124 DEBUG [org.apache.jasper.servlet.JspServlet@main] Scratch dir for the JSP engine is: [C:\Users\pabli\AppData\Local\Temp\tomcat.8080.235987264924185332\work\Tomcat\localhost\acme-toolkits-e3.08-1.0] 
2022-04-21 11:37:51.125 DEBUG [org.apache.jasper.servlet.JspServlet@main] IMPORTANT: Do not modify the generated servlets 
2022-04-21 11:37:51.137 INFO  [acme.Launcher@main] Started Launcher in 11.579 seconds (JVM running for 12.394) 
2022-04-21 11:37:51.142 DEBUG [acme.Launcher@main] Found classpath entry '/P:/Workspace-22.0/Projects/Acme-Toolkits-E3.08/target/test-classes/' 
2022-04-21 11:37:51.142 DEBUG [acme.Launcher@main] Found classpath entry '/P:/Workspace-22.0/Projects/Acme-Toolkits-E3.08/target/classes/' 
2022-04-21 11:37:51.143 DEBUG [acme.Launcher@main] Found classpath entry '/P:/Workspace-22.0/Frameworks/Acme-Framework-22.3/target/classes/' 
2022-04-21 11:37:51.143 DEBUG [acme.Launcher@main] Found classpath entry '/P:/Workspace-22.0/Frameworks/Acme-Framework-22.3/target/test-classes/' 
2022-04-21 11:37:51.143 DEBUG [acme.Launcher@main] Found classpath entry '/C:/Users/pabli/.m2/repository/org/springframework/boot/spring-boot-starter-tomcat/2.4.2/spring-boot-starter-tomcat-2.4.2.jar' 
2022-04-21 11:37:51.143 DEBUG [acme.Launcher@main] Found classpath entry '/C:/Users/pabli/.m2/repository/jakarta/annotation/jakarta.annotation-api/1.3.5/jakarta.annotation-api-1.3.5.jar' 
2022-04-21 11:37:51.144 DEBUG [acme.Launcher@main] Found classpath entry '/C:/Users/pabli/.m2/repository/org/apache/tomcat/embed/tomcat-embed-core/9.0.41/tomcat-embed-core-9.0.41.jar' 
2022-04-21 11:37:51.144 DEBUG [acme.Launcher@main] Found classpath entry '/C:/Users/pabli/.m2/repository/org/glassfish/jakarta.el/3.0.3/jakarta.el-3.0.3.jar' 
2022-04-21 11:37:51.144 DEBUG [acme.Launcher@main] Found classpath entry '/C:/Users/pabli/.m2/repository/org/apache/tomcat/embed/tomcat-embed-websocket/9.0.41/tomcat-embed-websocket-9.0.41.jar' 
2022-04-21 11:37:51.144 DEBUG [acme.Launcher@main] Found classpath entry '/C:/Users/pabli/.m2/repository/org/apache/tomcat/embed/tomcat-embed-jasper/9.0.41/tomcat-embed-jasper-9.0.41.jar' 
2022-04-21 11:37:51.145 DEBUG [acme.Launcher@main] Found classpath entry '/C:/Users/pabli/.m2/repository/org/apache/tomcat/embed/tomcat-embed-el/9.0.41/tomcat-embed-el-9.0.41.jar' 
2022-04-21 11:37:51.145 DEBUG [acme.Launcher@main] Found classpath entry '/C:/Users/pabli/.m2/repository/org/eclipse/jdt/ecj/3.18.0/ecj-3.18.0.jar' 
2022-04-21 11:37:51.145 DEBUG [acme.Launcher@main] Found classpath entry '/C:/Users/pabli/.m2/repository/javax/servlet/jstl/1.2/jstl-1.2.jar' 
2022-04-21 11:37:51.145 DEBUG [acme.Launcher@main] Found classpath entry '/C:/Users/pabli/.m2/repository/org/springframework/boot/spring-boot-starter-test/2.4.2/spring-boot-starter-test-2.4.2.jar' 
2022-04-21 11:37:51.146 DEBUG [acme.Launcher@main] Found classpath entry '/C:/Users/pabli/.m2/repository/org/springframework/boot/spring-boot-starter/2.4.2/spring-boot-starter-2.4.2.jar' 
2022-04-21 11:37:51.146 DEBUG [acme.Launcher@main] Found classpath entry '/C:/Users/pabli/.m2/repository/org/springframework/boot/spring-boot/2.4.2/spring-boot-2.4.2.jar' 
2022-04-21 11:37:51.146 DEBUG [acme.Launcher@main] Found classpath entry '/C:/Users/pabli/.m2/repository/org/springframework/boot/spring-boot-autoconfigure/2.4.2/spring-boot-autoconfigure-2.4.2.jar' 
2022-04-21 11:37:51.146 DEBUG [acme.Launcher@main] Found classpath entry '/C:/Users/pabli/.m2/repository/org/springframework/boot/spring-boot-starter-logging/2.4.2/spring-boot-starter-logging-2.4.2.jar' 
2022-04-21 11:37:51.147 DEBUG [acme.Launcher@main] Found classpath entry '/C:/Users/pabli/.m2/repository/ch/qos/logback/logback-classic/1.2.3/logback-classic-1.2.3.jar' 
2022-04-21 11:37:51.147 DEBUG [acme.Launcher@main] Found classpath entry '/C:/Users/pabli/.m2/repository/ch/qos/logback/logback-core/1.2.3/logback-core-1.2.3.jar' 
2022-04-21 11:37:51.147 DEBUG [acme.Launcher@main] Found classpath entry '/C:/Users/pabli/.m2/repository/org/apache/logging/log4j/log4j-to-slf4j/2.13.3/log4j-to-slf4j-2.13.3.jar' 
2022-04-21 11:37:51.148 DEBUG [acme.Launcher@main] Found classpath entry '/C:/Users/pabli/.m2/repository/org/apache/logging/log4j/log4j-api/2.13.3/log4j-api-2.13.3.jar' 
2022-04-21 11:37:51.148 DEBUG [acme.Launcher@main] Found classpath entry '/C:/Users/pabli/.m2/repository/org/slf4j/jul-to-slf4j/1.7.30/jul-to-slf4j-1.7.30.jar' 
2022-04-21 11:37:51.148 DEBUG [acme.Launcher@main] Found classpath entry '/C:/Users/pabli/.m2/repository/org/yaml/snakeyaml/1.27/snakeyaml-1.27.jar' 
2022-04-21 11:37:51.148 DEBUG [acme.Launcher@main] Found classpath entry '/C:/Users/pabli/.m2/repository/org/springframework/boot/spring-boot-test/2.4.2/spring-boot-test-2.4.2.jar' 
2022-04-21 11:37:51.149 DEBUG [acme.Launcher@main] Found classpath entry '/C:/Users/pabli/.m2/repository/org/springframework/boot/spring-boot-test-autoconfigure/2.4.2/spring-boot-test-autoconfigure-2.4.2.jar' 
2022-04-21 11:37:51.149 DEBUG [acme.Launcher@main] Found classpath entry '/C:/Users/pabli/.m2/repository/com/jayway/jsonpath/json-path/2.4.0/json-path-2.4.0.jar' 
2022-04-21 11:37:51.149 DEBUG [acme.Launcher@main] Found classpath entry '/C:/Users/pabli/.m2/repository/net/minidev/json-smart/2.3/json-smart-2.3.jar' 
2022-04-21 11:37:51.149 DEBUG [acme.Launcher@main] Found classpath entry '/C:/Users/pabli/.m2/repository/net/minidev/accessors-smart/1.2/accessors-smart-1.2.jar' 
2022-04-21 11:37:51.149 DEBUG [acme.Launcher@main] Found classpath entry '/C:/Users/pabli/.m2/repository/org/ow2/asm/asm/5.0.4/asm-5.0.4.jar' 
2022-04-21 11:37:51.150 DEBUG [acme.Launcher@main] Found classpath entry '/C:/Users/pabli/.m2/repository/jakarta/xml/bind/jakarta.xml.bind-api/2.3.3/jakarta.xml.bind-api-2.3.3.jar' 
2022-04-21 11:37:51.150 DEBUG [acme.Launcher@main] Found classpath entry '/C:/Users/pabli/.m2/repository/jakarta/activation/jakarta.activation-api/1.2.2/jakarta.activation-api-1.2.2.jar' 
2022-04-21 11:37:51.150 DEBUG [acme.Launcher@main] Found classpath entry '/C:/Users/pabli/.m2/repository/org/assertj/assertj-core/3.18.1/assertj-core-3.18.1.jar' 
2022-04-21 11:37:51.150 DEBUG [acme.Launcher@main] Found classpath entry '/C:/Users/pabli/.m2/repository/org/hamcrest/hamcrest/2.2/hamcrest-2.2.jar' 
2022-04-21 11:37:51.151 DEBUG [acme.Launcher@main] Found classpath entry '/C:/Users/pabli/.m2/repository/org/junit/jupiter/junit-jupiter/5.7.0/junit-jupiter-5.7.0.jar' 
2022-04-21 11:37:51.151 DEBUG [acme.Launcher@main] Found classpath entry '/C:/Users/pabli/.m2/repository/org/mockito/mockito-core/3.6.28/mockito-core-3.6.28.jar' 
2022-04-21 11:37:51.151 DEBUG [acme.Launcher@main] Found classpath entry '/C:/Users/pabli/.m2/repository/net/bytebuddy/byte-buddy-agent/1.10.19/byte-buddy-agent-1.10.19.jar' 
2022-04-21 11:37:51.151 DEBUG [acme.Launcher@main] Found classpath entry '/C:/Users/pabli/.m2/repository/org/objenesis/objenesis/3.1/objenesis-3.1.jar' 
2022-04-21 11:37:51.152 DEBUG [acme.Launcher@main] Found classpath entry '/C:/Users/pabli/.m2/repository/org/mockito/mockito-junit-jupiter/3.6.28/mockito-junit-jupiter-3.6.28.jar' 
2022-04-21 11:37:51.152 DEBUG [acme.Launcher@main] Found classpath entry '/C:/Users/pabli/.m2/repository/org/skyscreamer/jsonassert/1.5.0/jsonassert-1.5.0.jar' 
2022-04-21 11:37:51.152 DEBUG [acme.Launcher@main] Found classpath entry '/C:/Users/pabli/.m2/repository/com/vaadin/external/google/android-json/0.0.20131108.vaadin1/android-json-0.0.20131108.vaadin1.jar' 
2022-04-21 11:37:51.152 DEBUG [acme.Launcher@main] Found classpath entry '/C:/Users/pabli/.m2/repository/org/springframework/spring-core/5.3.3/spring-core-5.3.3.jar' 
2022-04-21 11:37:51.153 DEBUG [acme.Launcher@main] Found classpath entry '/C:/Users/pabli/.m2/repository/org/springframework/spring-jcl/5.3.3/spring-jcl-5.3.3.jar' 
2022-04-21 11:37:51.153 DEBUG [acme.Launcher@main] Found classpath entry '/C:/Users/pabli/.m2/repository/org/springframework/spring-test/5.3.3/spring-test-5.3.3.jar' 
2022-04-21 11:37:51.153 DEBUG [acme.Launcher@main] Found classpath entry '/C:/Users/pabli/.m2/repository/org/xmlunit/xmlunit-core/2.7.0/xmlunit-core-2.7.0.jar' 
2022-04-21 11:37:51.153 DEBUG [acme.Launcher@main] Found classpath entry '/C:/Users/pabli/.m2/repository/org/springframework/boot/spring-boot-starter-security/2.4.2/spring-boot-starter-security-2.4.2.jar' 
2022-04-21 11:37:51.153 DEBUG [acme.Launcher@main] Found classpath entry '/C:/Users/pabli/.m2/repository/org/springframework/spring-aop/5.3.3/spring-aop-5.3.3.jar' 
2022-04-21 11:37:51.154 DEBUG [acme.Launcher@main] Found classpath entry '/C:/Users/pabli/.m2/repository/org/springframework/security/spring-security-web/5.4.2/spring-security-web-5.4.2.jar' 
2022-04-21 11:37:51.154 DEBUG [acme.Launcher@main] Found classpath entry '/C:/Users/pabli/.m2/repository/org/springframework/security/spring-security-core/5.4.2/spring-security-core-5.4.2.jar' 
2022-04-21 11:37:51.154 DEBUG [acme.Launcher@main] Found classpath entry '/C:/Users/pabli/.m2/repository/org/springframework/spring-beans/5.3.3/spring-beans-5.3.3.jar' 
2022-04-21 11:37:51.154 DEBUG [acme.Launcher@main] Found classpath entry '/C:/Users/pabli/.m2/repository/org/springframework/spring-context/5.3.3/spring-context-5.3.3.jar' 
2022-04-21 11:37:51.154 DEBUG [acme.Launcher@main] Found classpath entry '/C:/Users/pabli/.m2/repository/org/springframework/spring-expression/5.3.3/spring-expression-5.3.3.jar' 
2022-04-21 11:37:51.155 DEBUG [acme.Launcher@main] Found classpath entry '/C:/Users/pabli/.m2/repository/org/springframework/spring-web/5.3.3/spring-web-5.3.3.jar' 
2022-04-21 11:37:51.155 DEBUG [acme.Launcher@main] Found classpath entry '/C:/Users/pabli/.m2/repository/org/springframework/security/spring-security-config/5.4.2/spring-security-config-5.4.2.jar' 
2022-04-21 11:37:51.155 DEBUG [acme.Launcher@main] Found classpath entry '/C:/Users/pabli/.m2/repository/org/springframework/security/spring-security-taglibs/5.4.2/spring-security-taglibs-5.4.2.jar' 
2022-04-21 11:37:51.155 DEBUG [acme.Launcher@main] Found classpath entry '/C:/Users/pabli/.m2/repository/org/springframework/security/spring-security-acl/5.4.2/spring-security-acl-5.4.2.jar' 
2022-04-21 11:37:51.156 DEBUG [acme.Launcher@main] Found classpath entry '/C:/Users/pabli/.m2/repository/org/springframework/spring-jdbc/5.3.3/spring-jdbc-5.3.3.jar' 
2022-04-21 11:37:51.156 DEBUG [acme.Launcher@main] Found classpath entry '/C:/Users/pabli/.m2/repository/org/springframework/spring-tx/5.3.3/spring-tx-5.3.3.jar' 
2022-04-21 11:37:51.156 DEBUG [acme.Launcher@main] Found classpath entry '/C:/Users/pabli/.m2/repository/org/springframework/boot/spring-boot-starter-web/2.4.2/spring-boot-starter-web-2.4.2.jar' 
2022-04-21 11:37:51.156 DEBUG [acme.Launcher@main] Found classpath entry '/C:/Users/pabli/.m2/repository/org/springframework/boot/spring-boot-starter-json/2.4.2/spring-boot-starter-json-2.4.2.jar' 
2022-04-21 11:37:51.156 DEBUG [acme.Launcher@main] Found classpath entry '/C:/Users/pabli/.m2/repository/com/fasterxml/jackson/core/jackson-databind/2.11.4/jackson-databind-2.11.4.jar' 
2022-04-21 11:37:51.157 DEBUG [acme.Launcher@main] Found classpath entry '/C:/Users/pabli/.m2/repository/com/fasterxml/jackson/core/jackson-annotations/2.11.4/jackson-annotations-2.11.4.jar' 
2022-04-21 11:37:51.157 DEBUG [acme.Launcher@main] Found classpath entry '/C:/Users/pabli/.m2/repository/com/fasterxml/jackson/core/jackson-core/2.11.4/jackson-core-2.11.4.jar' 
2022-04-21 11:37:51.157 DEBUG [acme.Launcher@main] Found classpath entry '/C:/Users/pabli/.m2/repository/com/fasterxml/jackson/datatype/jackson-datatype-jdk8/2.11.4/jackson-datatype-jdk8-2.11.4.jar' 
2022-04-21 11:37:51.157 DEBUG [acme.Launcher@main] Found classpath entry '/C:/Users/pabli/.m2/repository/com/fasterxml/jackson/datatype/jackson-datatype-jsr310/2.11.4/jackson-datatype-jsr310-2.11.4.jar' 
2022-04-21 11:37:51.158 DEBUG [acme.Launcher@main] Found classpath entry '/C:/Users/pabli/.m2/repository/com/fasterxml/jackson/module/jackson-module-parameter-names/2.11.4/jackson-module-parameter-names-2.11.4.jar' 
2022-04-21 11:37:51.158 DEBUG [acme.Launcher@main] Found classpath entry '/C:/Users/pabli/.m2/repository/org/springframework/spring-webmvc/5.3.3/spring-webmvc-5.3.3.jar' 
2022-04-21 11:37:51.158 DEBUG [acme.Launcher@main] Found classpath entry '/C:/Users/pabli/.m2/repository/org/apache/tiles/tiles-jsp/3.0.8/tiles-jsp-3.0.8.jar' 
2022-04-21 11:37:51.158 DEBUG [acme.Launcher@main] Found classpath entry '/C:/Users/pabli/.m2/repository/org/apache/tiles/tiles-servlet/3.0.8/tiles-servlet-3.0.8.jar' 
2022-04-21 11:37:51.159 DEBUG [acme.Launcher@main] Found classpath entry '/C:/Users/pabli/.m2/repository/org/apache/tiles/tiles-core/3.0.8/tiles-core-3.0.8.jar' 
2022-04-21 11:37:51.159 DEBUG [acme.Launcher@main] Found classpath entry '/C:/Users/pabli/.m2/repository/commons-digester/commons-digester/2.0/commons-digester-2.0.jar' 
2022-04-21 11:37:51.159 DEBUG [acme.Launcher@main] Found classpath entry '/C:/Users/pabli/.m2/repository/org/slf4j/jcl-over-slf4j/1.7.30/jcl-over-slf4j-1.7.30.jar' 
2022-04-21 11:37:51.159 DEBUG [acme.Launcher@main] Found classpath entry '/C:/Users/pabli/.m2/repository/org/apache/tiles/tiles-request-servlet/1.0.7/tiles-request-servlet-1.0.7.jar' 
2022-04-21 11:37:51.159 DEBUG [acme.Launcher@main] Found classpath entry '/C:/Users/pabli/.m2/repository/org/apache/tiles/tiles-template/3.0.8/tiles-template-3.0.8.jar' 
2022-04-21 11:37:51.160 DEBUG [acme.Launcher@main] Found classpath entry '/C:/Users/pabli/.m2/repository/org/apache/tiles/tiles-api/3.0.8/tiles-api-3.0.8.jar' 
2022-04-21 11:37:51.160 DEBUG [acme.Launcher@main] Found classpath entry '/C:/Users/pabli/.m2/repository/org/apache/tiles/tiles-autotag-core-runtime/1.2/tiles-autotag-core-runtime-1.2.jar' 
2022-04-21 11:37:51.160 DEBUG [acme.Launcher@main] Found classpath entry '/C:/Users/pabli/.m2/repository/org/slf4j/slf4j-api/1.7.30/slf4j-api-1.7.30.jar' 
2022-04-21 11:37:51.160 DEBUG [acme.Launcher@main] Found classpath entry '/C:/Users/pabli/.m2/repository/org/apache/tiles/tiles-request-jsp/1.0.7/tiles-request-jsp-1.0.7.jar' 
2022-04-21 11:37:51.160 DEBUG [acme.Launcher@main] Found classpath entry '/C:/Users/pabli/.m2/repository/org/apache/tiles/tiles-request-api/1.0.7/tiles-request-api-1.0.7.jar' 
2022-04-21 11:37:51.161 DEBUG [acme.Launcher@main] Found classpath entry '/C:/Users/pabli/.m2/repository/org/springframework/boot/spring-boot-starter-data-jpa/2.4.2/spring-boot-starter-data-jpa-2.4.2.jar' 
2022-04-21 11:37:51.161 DEBUG [acme.Launcher@main] Found classpath entry '/C:/Users/pabli/.m2/repository/org/springframework/boot/spring-boot-starter-aop/2.4.2/spring-boot-starter-aop-2.4.2.jar' 
2022-04-21 11:37:51.161 DEBUG [acme.Launcher@main] Found classpath entry '/C:/Users/pabli/.m2/repository/org/aspectj/aspectjweaver/1.9.6/aspectjweaver-1.9.6.jar' 
2022-04-21 11:37:51.161 DEBUG [acme.Launcher@main] Found classpath entry '/C:/Users/pabli/.m2/repository/org/springframework/boot/spring-boot-starter-jdbc/2.4.2/spring-boot-starter-jdbc-2.4.2.jar' 
2022-04-21 11:37:51.161 DEBUG [acme.Launcher@main] Found classpath entry '/C:/Users/pabli/.m2/repository/jakarta/transaction/jakarta.transaction-api/1.3.3/jakarta.transaction-api-1.3.3.jar' 
2022-04-21 11:37:51.162 DEBUG [acme.Launcher@main] Found classpath entry '/C:/Users/pabli/.m2/repository/jakarta/persistence/jakarta.persistence-api/2.2.3/jakarta.persistence-api-2.2.3.jar' 
2022-04-21 11:37:51.162 DEBUG [acme.Launcher@main] Found classpath entry '/C:/Users/pabli/.m2/repository/org/hibernate/hibernate-core/5.4.27.Final/hibernate-core-5.4.27.Final.jar' 
2022-04-21 11:37:51.162 DEBUG [acme.Launcher@main] Found classpath entry '/C:/Users/pabli/.m2/repository/org/jboss/logging/jboss-logging/3.4.1.Final/jboss-logging-3.4.1.Final.jar' 
2022-04-21 11:37:51.162 DEBUG [acme.Launcher@main] Found classpath entry '/C:/Users/pabli/.m2/repository/org/javassist/javassist/3.27.0-GA/javassist-3.27.0-GA.jar' 
2022-04-21 11:37:51.162 DEBUG [acme.Launcher@main] Found classpath entry '/C:/Users/pabli/.m2/repository/antlr/antlr/2.7.7/antlr-2.7.7.jar' 
2022-04-21 11:37:51.163 DEBUG [acme.Launcher@main] Found classpath entry '/C:/Users/pabli/.m2/repository/org/jboss/jandex/2.1.3.Final/jandex-2.1.3.Final.jar' 
2022-04-21 11:37:51.163 DEBUG [acme.Launcher@main] Found classpath entry '/C:/Users/pabli/.m2/repository/com/fasterxml/classmate/1.5.1/classmate-1.5.1.jar' 
2022-04-21 11:37:51.163 DEBUG [acme.Launcher@main] Found classpath entry '/C:/Users/pabli/.m2/repository/org/dom4j/dom4j/2.1.3/dom4j-2.1.3.jar' 
2022-04-21 11:37:51.163 DEBUG [acme.Launcher@main] Found classpath entry '/C:/Users/pabli/.m2/repository/org/hibernate/common/hibernate-commons-annotations/5.1.2.Final/hibernate-commons-annotations-5.1.2.Final.jar' 
2022-04-21 11:37:51.163 DEBUG [acme.Launcher@main] Found classpath entry '/C:/Users/pabli/.m2/repository/org/glassfish/jaxb/jaxb-runtime/2.3.3/jaxb-runtime-2.3.3.jar' 
2022-04-21 11:37:51.164 DEBUG [acme.Launcher@main] Found classpath entry '/C:/Users/pabli/.m2/repository/org/glassfish/jaxb/txw2/2.3.3/txw2-2.3.3.jar' 
2022-04-21 11:37:51.164 DEBUG [acme.Launcher@main] Found classpath entry '/C:/Users/pabli/.m2/repository/com/sun/istack/istack-commons-runtime/3.0.11/istack-commons-runtime-3.0.11.jar' 
2022-04-21 11:37:51.164 DEBUG [acme.Launcher@main] Found classpath entry '/C:/Users/pabli/.m2/repository/com/sun/activation/jakarta.activation/1.2.2/jakarta.activation-1.2.2.jar' 
2022-04-21 11:37:51.164 DEBUG [acme.Launcher@main] Found classpath entry '/C:/Users/pabli/.m2/repository/org/springframework/data/spring-data-jpa/2.4.3/spring-data-jpa-2.4.3.jar' 
2022-04-21 11:37:51.164 DEBUG [acme.Launcher@main] Found classpath entry '/C:/Users/pabli/.m2/repository/org/springframework/data/spring-data-commons/2.4.3/spring-data-commons-2.4.3.jar' 
2022-04-21 11:37:51.164 DEBUG [acme.Launcher@main] Found classpath entry '/C:/Users/pabli/.m2/repository/org/springframework/spring-orm/5.3.3/spring-orm-5.3.3.jar' 
2022-04-21 11:37:51.164 DEBUG [acme.Launcher@main] Found classpath entry '/C:/Users/pabli/.m2/repository/org/springframework/spring-aspects/5.3.3/spring-aspects-5.3.3.jar' 
2022-04-21 11:37:51.165 DEBUG [acme.Launcher@main] Found classpath entry '/C:/Users/pabli/.m2/repository/org/springframework/boot/spring-boot-starter-validation/2.4.2/spring-boot-starter-validation-2.4.2.jar' 
2022-04-21 11:37:51.165 DEBUG [acme.Launcher@main] Found classpath entry '/C:/Users/pabli/.m2/repository/org/hibernate/validator/hibernate-validator/6.1.7.Final/hibernate-validator-6.1.7.Final.jar' 
2022-04-21 11:37:51.165 DEBUG [acme.Launcher@main] Found classpath entry '/C:/Users/pabli/.m2/repository/jakarta/validation/jakarta.validation-api/2.0.2/jakarta.validation-api-2.0.2.jar' 
2022-04-21 11:37:51.165 DEBUG [acme.Launcher@main] Found classpath entry '/C:/Users/pabli/.m2/repository/mysql/mysql-connector-java/8.0.22/mysql-connector-java-8.0.22.jar' 
2022-04-21 11:37:51.165 DEBUG [acme.Launcher@main] Found classpath entry '/C:/Users/pabli/.m2/repository/com/zaxxer/HikariCP/3.4.5/HikariCP-3.4.5.jar' 
2022-04-21 11:37:51.165 DEBUG [acme.Launcher@main] Found classpath entry '/C:/Users/pabli/.m2/repository/org/junit/jupiter/junit-jupiter-engine/5.7.0/junit-jupiter-engine-5.7.0.jar' 
2022-04-21 11:37:51.165 DEBUG [acme.Launcher@main] Found classpath entry '/C:/Users/pabli/.m2/repository/org/apiguardian/apiguardian-api/1.1.0/apiguardian-api-1.1.0.jar' 
2022-04-21 11:37:51.165 DEBUG [acme.Launcher@main] Found classpath entry '/C:/Users/pabli/.m2/repository/org/junit/platform/junit-platform-engine/1.7.0/junit-platform-engine-1.7.0.jar' 
2022-04-21 11:37:51.166 DEBUG [acme.Launcher@main] Found classpath entry '/C:/Users/pabli/.m2/repository/org/junit/jupiter/junit-jupiter-api/5.7.0/junit-jupiter-api-5.7.0.jar' 
2022-04-21 11:37:51.166 DEBUG [acme.Launcher@main] Found classpath entry '/C:/Users/pabli/.m2/repository/org/opentest4j/opentest4j/1.2.0/opentest4j-1.2.0.jar' 
2022-04-21 11:37:51.166 DEBUG [acme.Launcher@main] Found classpath entry '/C:/Users/pabli/.m2/repository/org/junit/platform/junit-platform-commons/1.7.0/junit-platform-commons-1.7.0.jar' 
2022-04-21 11:37:51.166 DEBUG [acme.Launcher@main] Found classpath entry '/C:/Users/pabli/.m2/repository/org/junit/jupiter/junit-jupiter-params/5.7.0/junit-jupiter-params-5.7.0.jar' 
2022-04-21 11:37:51.166 DEBUG [acme.Launcher@main] Found classpath entry '/C:/Users/pabli/.m2/repository/org/junit/platform/junit-platform-launcher/1.7.0/junit-platform-launcher-1.7.0.jar' 
2022-04-21 11:37:51.166 DEBUG [acme.Launcher@main] Found classpath entry '/C:/Users/pabli/.m2/repository/org/seleniumhq/selenium/selenium-java/3.141.59/selenium-java-3.141.59.jar' 
2022-04-21 11:37:51.167 DEBUG [acme.Launcher@main] Found classpath entry '/C:/Users/pabli/.m2/repository/org/seleniumhq/selenium/selenium-api/3.141.59/selenium-api-3.141.59.jar' 
2022-04-21 11:37:51.167 DEBUG [acme.Launcher@main] Found classpath entry '/C:/Users/pabli/.m2/repository/org/seleniumhq/selenium/selenium-chrome-driver/3.141.59/selenium-chrome-driver-3.141.59.jar' 
2022-04-21 11:37:51.167 DEBUG [acme.Launcher@main] Found classpath entry '/C:/Users/pabli/.m2/repository/org/seleniumhq/selenium/selenium-edge-driver/3.141.59/selenium-edge-driver-3.141.59.jar' 
2022-04-21 11:37:51.167 DEBUG [acme.Launcher@main] Found classpath entry '/C:/Users/pabli/.m2/repository/org/seleniumhq/selenium/selenium-firefox-driver/3.141.59/selenium-firefox-driver-3.141.59.jar' 
2022-04-21 11:37:51.167 DEBUG [acme.Launcher@main] Found classpath entry '/C:/Users/pabli/.m2/repository/org/seleniumhq/selenium/selenium-ie-driver/3.141.59/selenium-ie-driver-3.141.59.jar' 
2022-04-21 11:37:51.167 DEBUG [acme.Launcher@main] Found classpath entry '/C:/Users/pabli/.m2/repository/org/seleniumhq/selenium/selenium-opera-driver/3.141.59/selenium-opera-driver-3.141.59.jar' 
2022-04-21 11:37:51.167 DEBUG [acme.Launcher@main] Found classpath entry '/C:/Users/pabli/.m2/repository/org/seleniumhq/selenium/selenium-remote-driver/3.141.59/selenium-remote-driver-3.141.59.jar' 
2022-04-21 11:37:51.167 DEBUG [acme.Launcher@main] Found classpath entry '/C:/Users/pabli/.m2/repository/org/seleniumhq/selenium/selenium-safari-driver/3.141.59/selenium-safari-driver-3.141.59.jar' 
2022-04-21 11:37:51.168 DEBUG [acme.Launcher@main] Found classpath entry '/C:/Users/pabli/.m2/repository/org/seleniumhq/selenium/selenium-support/3.141.59/selenium-support-3.141.59.jar' 
2022-04-21 11:37:51.168 DEBUG [acme.Launcher@main] Found classpath entry '/C:/Users/pabli/.m2/repository/net/bytebuddy/byte-buddy/1.10.19/byte-buddy-1.10.19.jar' 
2022-04-21 11:37:51.168 DEBUG [acme.Launcher@main] Found classpath entry '/C:/Users/pabli/.m2/repository/org/apache/commons/commons-exec/1.3/commons-exec-1.3.jar' 
2022-04-21 11:37:51.168 DEBUG [acme.Launcher@main] Found classpath entry '/C:/Users/pabli/.m2/repository/com/google/guava/guava/25.0-jre/guava-25.0-jre.jar' 
2022-04-21 11:37:51.168 DEBUG [acme.Launcher@main] Found classpath entry '/C:/Users/pabli/.m2/repository/com/google/code/findbugs/jsr305/1.3.9/jsr305-1.3.9.jar' 
2022-04-21 11:37:51.168 DEBUG [acme.Launcher@main] Found classpath entry '/C:/Users/pabli/.m2/repository/org/checkerframework/checker-compat-qual/2.0.0/checker-compat-qual-2.0.0.jar' 
2022-04-21 11:37:51.168 DEBUG [acme.Launcher@main] Found classpath entry '/C:/Users/pabli/.m2/repository/com/google/errorprone/error_prone_annotations/2.1.3/error_prone_annotations-2.1.3.jar' 
2022-04-21 11:37:51.168 DEBUG [acme.Launcher@main] Found classpath entry '/C:/Users/pabli/.m2/repository/com/google/j2objc/j2objc-annotations/1.1/j2objc-annotations-1.1.jar' 
2022-04-21 11:37:51.169 DEBUG [acme.Launcher@main] Found classpath entry '/C:/Users/pabli/.m2/repository/org/codehaus/mojo/animal-sniffer-annotations/1.14/animal-sniffer-annotations-1.14.jar' 
2022-04-21 11:37:51.169 DEBUG [acme.Launcher@main] Found classpath entry '/C:/Users/pabli/.m2/repository/com/squareup/okhttp3/okhttp/3.14.9/okhttp-3.14.9.jar' 
2022-04-21 11:37:51.169 DEBUG [acme.Launcher@main] Found classpath entry '/C:/Users/pabli/.m2/repository/com/squareup/okio/okio/1.14.0/okio-1.14.0.jar' 
2022-04-21 11:37:51.169 DEBUG [acme.Launcher@main] Found classpath entry '/C:/Users/pabli/.m2/repository/org/apache/commons/commons-lang3/3.11/commons-lang3-3.11.jar' 
2022-04-21 11:37:51.169 DEBUG [acme.Launcher@main] Found classpath entry '/C:/Users/pabli/.m2/repository/org/apache/commons/commons-text/1.8/commons-text-1.8.jar' 
2022-04-21 11:37:51.169 DEBUG [acme.Launcher@main] Found classpath entry '/C:/Users/pabli/.m2/repository/commons-io/commons-io/2.6/commons-io-2.6.jar' 
2022-04-21 11:37:51.169 DEBUG [acme.Launcher@main] Found classpath entry '/C:/Users/pabli/.m2/repository/commons-cli/commons-cli/1.4/commons-cli-1.4.jar' 
2022-04-21 11:37:51.169 DEBUG [acme.Launcher@main] Found classpath entry '/C:/Users/pabli/.m2/repository/org/projectlombok/lombok/1.18.16/lombok-1.18.16.jar' 
2022-04-21 11:37:51.170 DEBUG [acme.Launcher@main] Found classpath entry '/C:/Users/pabli/.m2/repository/com/opencsv/opencsv/5.4/opencsv-5.4.jar' 
2022-04-21 11:37:51.170 DEBUG [acme.Launcher@main] Found classpath entry '/C:/Users/pabli/.m2/repository/commons-beanutils/commons-beanutils/1.9.4/commons-beanutils-1.9.4.jar' 
2022-04-21 11:37:51.170 DEBUG [acme.Launcher@main] Found classpath entry '/C:/Users/pabli/.m2/repository/commons-logging/commons-logging/1.2/commons-logging-1.2.jar' 
2022-04-21 11:37:51.170 DEBUG [acme.Launcher@main] Found classpath entry '/C:/Users/pabli/.m2/repository/commons-collections/commons-collections/3.2.2/commons-collections-3.2.2.jar' 
2022-04-21 11:37:51.170 DEBUG [acme.Launcher@main] Found classpath entry '/C:/Users/pabli/.m2/repository/org/apache/commons/commons-collections4/4.4/commons-collections4-4.4.jar' 
2022-04-21 11:37:51.312 DEBUG [acme.Launcher@main] Found entity class 'acme.entities.Announcement 
2022-04-21 11:37:51.312 DEBUG [acme.Launcher@main] Found entity class 'acme.entities.Chirp 
2022-04-21 11:37:51.313 DEBUG [acme.Launcher@main] Found entity class 'acme.entities.CurrencyConfiguration 
2022-04-21 11:37:51.313 DEBUG [acme.Launcher@main] Found entity class 'acme.entities.Item 
2022-04-21 11:37:51.313 DEBUG [acme.Launcher@main] Found entity class 'acme.entities.Patronage 
2022-04-21 11:37:51.313 DEBUG [acme.Launcher@main] Found entity class 'acme.entities.PatronageReport 
2022-04-21 11:37:51.313 DEBUG [acme.Launcher@main] Found entity class 'acme.entities.Quantity 
2022-04-21 11:37:51.313 DEBUG [acme.Launcher@main] Found entity class 'acme.entities.Spam 
2022-04-21 11:37:51.314 DEBUG [acme.Launcher@main] Found entity class 'acme.entities.Toolkit 
2022-04-21 11:37:51.314 DEBUG [acme.Launcher@main] Found entity class 'acme.roles.Consumer 
2022-04-21 11:37:51.314 DEBUG [acme.Launcher@main] Found entity class 'acme.roles.Inventor 
2022-04-21 11:37:51.314 DEBUG [acme.Launcher@main] Found entity class 'acme.roles.Patron 
2022-04-21 11:37:51.314 DEBUG [acme.Launcher@main] Found entity class 'acme.roles.Provider 
2022-04-21 11:37:51.315 DEBUG [acme.Launcher@main] Found entity class 'acme.framework.entities.UserAccount 
2022-04-21 11:37:51.315 DEBUG [acme.Launcher@main] Found entity class 'acme.framework.roles.Administrator 
2022-04-21 11:37:51.316 DEBUG [acme.Launcher@main] Found entity class 'acme.framework.roles.Anonymous 
2022-04-21 11:37:51.316 DEBUG [acme.Launcher@main] Found entity class 'acme.framework.roles.Any 
2022-04-21 11:37:51.316 DEBUG [acme.Launcher@main] Found entity class 'acme.framework.roles.Authenticated 
2022-04-21 11:37:51.321 INFO  [acme.Launcher@main] Running application (Standalone) 
2022-04-21 11:38:20.757 DEBUG [org.hibernate.SQL@http-nio-8080-exec-1] select useraccoun0_.id as id1_0_, useraccoun0_.version as version2_0_, useraccoun0_.enabled as enabled1_18_, useraccoun0_.identity as identity2_18_, useraccoun0_.password as password3_18_, useraccoun0_.username as username4_18_ from user_account useraccoun0_ where useraccoun0_.username=? 
2022-04-21 11:38:20.786 TRACE [org.hibernate.type.descriptor.sql.BasicBinder@http-nio-8080-exec-1] binding parameter [1] as [VARCHAR] - [administrator] 
2022-04-21 11:38:20.856 DEBUG [org.hibernate.SQL@http-nio-8080-exec-1] select roles0_.user_account_id as user_acc1_19_0_, roles0_.id as id1_19_0_, roles0_.id as id1_0_1_, roles0_.version as version2_0_1_, roles0_.user_account_id as user_acc1_19_1_, roles0_.company as company1_7_1_, roles0_.sector as sector2_7_1_, roles0_.company as company1_9_1_, roles0_.info as info2_9_1_, roles0_.statement as statemen3_9_1_, roles0_.company as company1_11_1_, roles0_.info as info2_11_1_, roles0_.statement as statemen3_11_1_, roles0_.company as company1_14_1_, roles0_.sector as sector2_14_1_, roles0_.clazz_ as clazz_1_ from ( select id, version, user_account_id, company, sector, null as info, null as statement, 11 as clazz_ from consumer union all select id, version, user_account_id, company, null as sector, info, statement, 12 as clazz_ from inventor union all select id, version, user_account_id, company, null as sector, info, statement, 13 as clazz_ from patron union all select id, version, user_account_id, company, sector, null as info, null as statement, 14 as clazz_ from provider union all select id, version, user_account_id, null as company, null as sector, null as info, null as statement, 16 as clazz_ from administrator union all select id, version, user_account_id, null as company, null as sector, null as info, null as statement, 17 as clazz_ from anonymous union all select id, version, user_account_id, null as company, null as sector, null as info, null as statement, 18 as clazz_ from any union all select id, version, user_account_id, null as company, null as sector, null as info, null as statement, 19 as clazz_ from authenticated ) roles0_ where roles0_.user_account_id=? 
2022-04-21 11:38:20.858 TRACE [org.hibernate.type.descriptor.sql.BasicBinder@http-nio-8080-exec-1] binding parameter [1] as [INTEGER] - [2] 
2022-04-21 11:38:20.966 DEBUG [acme.framework.controllers.AbstractController@http-nio-8080-exec-1] DISPATCHING GET /acme-toolkits-e3.08-1.0/administrator/administrator-dashboard/show 
2022-04-21 11:38:20.967 DEBUG [acme.framework.controllers.AbstractController@http-nio-8080-exec-1] Command: show 
2022-04-21 11:38:20.967 DEBUG [acme.framework.controllers.AbstractController@http-nio-8080-exec-1] Model:   {} 
2022-04-21 11:38:20.967 DEBUG [acme.framework.controllers.AbstractController@http-nio-8080-exec-1] Locale:  en 
2022-04-21 11:38:20.994 DEBUG [org.hibernate.SQL@http-nio-8080-exec-1] select count(item0_.id) as col_0_0_ from item item0_ where item0_.item_type=0 
2022-04-21 11:38:21 DEBUG [org.hibernate.SQL@http-nio-8080-exec-1] select item0_.technology as col_0_0_, avg(item0_.retail_price_amount) as col_1_0_ from item item0_ where item0_.retail_price_currency=? and item0_.item_type=0 group by item0_.technology 
2022-04-21 11:38:21 TRACE [org.hibernate.type.descriptor.sql.BasicBinder@http-nio-8080-exec-1] binding parameter [1] as [VARCHAR] - [EUR] 
2022-04-21 11:38:21.006 DEBUG [org.hibernate.SQL@http-nio-8080-exec-1] select item0_.technology as col_0_0_, avg(item0_.retail_price_amount) as col_1_0_ from item item0_ where item0_.retail_price_currency=? and item0_.item_type=0 group by item0_.technology 
2022-04-21 11:38:21.006 TRACE [org.hibernate.type.descriptor.sql.BasicBinder@http-nio-8080-exec-1] binding parameter [1] as [VARCHAR] - [GBP] 
2022-04-21 11:38:21.008 DEBUG [org.hibernate.SQL@http-nio-8080-exec-1] select item0_.technology as col_0_0_, avg(item0_.retail_price_amount) as col_1_0_ from item item0_ where item0_.retail_price_currency=? and item0_.item_type=0 group by item0_.technology 
2022-04-21 11:38:21.009 TRACE [org.hibernate.type.descriptor.sql.BasicBinder@http-nio-8080-exec-1] binding parameter [1] as [VARCHAR] - [USD] 
2022-04-21 11:38:21.011 DEBUG [org.hibernate.SQL@http-nio-8080-exec-1] select item0_.technology as col_0_0_, std(item0_.retail_price_amount) as col_1_0_ from item item0_ where item0_.retail_price_currency=? and item0_.item_type=0 group by item0_.technology 
2022-04-21 11:38:21.012 TRACE [org.hibernate.type.descriptor.sql.BasicBinder@http-nio-8080-exec-1] binding parameter [1] as [VARCHAR] - [EUR] 
2022-04-21 11:38:21.014 DEBUG [org.hibernate.SQL@http-nio-8080-exec-1] select item0_.technology as col_0_0_, std(item0_.retail_price_amount) as col_1_0_ from item item0_ where item0_.retail_price_currency=? and item0_.item_type=0 group by item0_.technology 
2022-04-21 11:38:21.015 TRACE [org.hibernate.type.descriptor.sql.BasicBinder@http-nio-8080-exec-1] binding parameter [1] as [VARCHAR] - [GBP] 
2022-04-21 11:38:21.017 DEBUG [org.hibernate.SQL@http-nio-8080-exec-1] select item0_.technology as col_0_0_, std(item0_.retail_price_amount) as col_1_0_ from item item0_ where item0_.retail_price_currency=? and item0_.item_type=0 group by item0_.technology 
2022-04-21 11:38:21.017 TRACE [org.hibernate.type.descriptor.sql.BasicBinder@http-nio-8080-exec-1] binding parameter [1] as [VARCHAR] - [USD] 
2022-04-21 11:38:21.020 DEBUG [org.hibernate.SQL@http-nio-8080-exec-1] select item0_.technology as col_0_0_, min(item0_.retail_price_amount) as col_1_0_ from item item0_ where item0_.retail_price_currency=? and item0_.item_type=0 group by item0_.technology 
2022-04-21 11:38:21.020 TRACE [org.hibernate.type.descriptor.sql.BasicBinder@http-nio-8080-exec-1] binding parameter [1] as [VARCHAR] - [EUR] 
2022-04-21 11:38:21.023 DEBUG [org.hibernate.SQL@http-nio-8080-exec-1] select item0_.technology as col_0_0_, min(item0_.retail_price_amount) as col_1_0_ from item item0_ where item0_.retail_price_currency=? and item0_.item_type=0 group by item0_.technology 
2022-04-21 11:38:21.024 TRACE [org.hibernate.type.descriptor.sql.BasicBinder@http-nio-8080-exec-1] binding parameter [1] as [VARCHAR] - [GBP] 
2022-04-21 11:38:21.026 DEBUG [org.hibernate.SQL@http-nio-8080-exec-1] select item0_.technology as col_0_0_, min(item0_.retail_price_amount) as col_1_0_ from item item0_ where item0_.retail_price_currency=? and item0_.item_type=0 group by item0_.technology 
2022-04-21 11:38:21.026 TRACE [org.hibernate.type.descriptor.sql.BasicBinder@http-nio-8080-exec-1] binding parameter [1] as [VARCHAR] - [USD] 
2022-04-21 11:38:21.028 DEBUG [org.hibernate.SQL@http-nio-8080-exec-1] select item0_.technology as col_0_0_, max(item0_.retail_price_amount) as col_1_0_ from item item0_ where item0_.retail_price_currency=? and item0_.item_type=0 group by item0_.technology 
2022-04-21 11:38:21.029 TRACE [org.hibernate.type.descriptor.sql.BasicBinder@http-nio-8080-exec-1] binding parameter [1] as [VARCHAR] - [EUR] 
2022-04-21 11:38:21.031 DEBUG [org.hibernate.SQL@http-nio-8080-exec-1] select item0_.technology as col_0_0_, max(item0_.retail_price_amount) as col_1_0_ from item item0_ where item0_.retail_price_currency=? and item0_.item_type=0 group by item0_.technology 
2022-04-21 11:38:21.031 TRACE [org.hibernate.type.descriptor.sql.BasicBinder@http-nio-8080-exec-1] binding parameter [1] as [VARCHAR] - [GBP] 
2022-04-21 11:38:21.032 DEBUG [org.hibernate.SQL@http-nio-8080-exec-1] select item0_.technology as col_0_0_, max(item0_.retail_price_amount) as col_1_0_ from item item0_ where item0_.retail_price_currency=? and item0_.item_type=0 group by item0_.technology 
2022-04-21 11:38:21.033 TRACE [org.hibernate.type.descriptor.sql.BasicBinder@http-nio-8080-exec-1] binding parameter [1] as [VARCHAR] - [USD] 
2022-04-21 11:38:21.035 DEBUG [org.hibernate.SQL@http-nio-8080-exec-1] select count(item0_.id) as col_0_0_ from item item0_ where item0_.item_type=1 
2022-04-21 11:38:21.037 DEBUG [org.hibernate.SQL@http-nio-8080-exec-1] select avg(item0_.retail_price_amount) as col_0_0_ from item item0_ where item0_.retail_price_currency=? and item0_.item_type=1 
2022-04-21 11:38:21.037 TRACE [org.hibernate.type.descriptor.sql.BasicBinder@http-nio-8080-exec-1] binding parameter [1] as [VARCHAR] - [EUR] 
2022-04-21 11:38:21.039 DEBUG [org.hibernate.SQL@http-nio-8080-exec-1] select avg(item0_.retail_price_amount) as col_0_0_ from item item0_ where item0_.retail_price_currency=? and item0_.item_type=1 
2022-04-21 11:38:21.039 TRACE [org.hibernate.type.descriptor.sql.BasicBinder@http-nio-8080-exec-1] binding parameter [1] as [VARCHAR] - [GBP] 
2022-04-21 11:38:21.041 DEBUG [org.hibernate.SQL@http-nio-8080-exec-1] select avg(item0_.retail_price_amount) as col_0_0_ from item item0_ where item0_.retail_price_currency=? and item0_.item_type=1 
2022-04-21 11:38:21.041 TRACE [org.hibernate.type.descriptor.sql.BasicBinder@http-nio-8080-exec-1] binding parameter [1] as [VARCHAR] - [USD] 
2022-04-21 11:38:21.043 DEBUG [org.hibernate.SQL@http-nio-8080-exec-1] select std(item0_.retail_price_amount) as col_0_0_ from item item0_ where item0_.retail_price_currency=? and item0_.item_type=1 
2022-04-21 11:38:21.043 TRACE [org.hibernate.type.descriptor.sql.BasicBinder@http-nio-8080-exec-1] binding parameter [1] as [VARCHAR] - [EUR] 
2022-04-21 11:38:21.045 DEBUG [org.hibernate.SQL@http-nio-8080-exec-1] select std(item0_.retail_price_amount) as col_0_0_ from item item0_ where item0_.retail_price_currency=? and item0_.item_type=1 
2022-04-21 11:38:21.046 TRACE [org.hibernate.type.descriptor.sql.BasicBinder@http-nio-8080-exec-1] binding parameter [1] as [VARCHAR] - [GBP] 
2022-04-21 11:38:21.047 DEBUG [org.hibernate.SQL@http-nio-8080-exec-1] select std(item0_.retail_price_amount) as col_0_0_ from item item0_ where item0_.retail_price_currency=? and item0_.item_type=1 
2022-04-21 11:38:21.048 TRACE [org.hibernate.type.descriptor.sql.BasicBinder@http-nio-8080-exec-1] binding parameter [1] as [VARCHAR] - [USD] 
2022-04-21 11:38:21.050 DEBUG [org.hibernate.SQL@http-nio-8080-exec-1] select min(item0_.retail_price_amount) as col_0_0_ from item item0_ where item0_.retail_price_currency=? and item0_.item_type=1 
2022-04-21 11:38:21.050 TRACE [org.hibernate.type.descriptor.sql.BasicBinder@http-nio-8080-exec-1] binding parameter [1] as [VARCHAR] - [EUR] 
2022-04-21 11:38:21.052 DEBUG [org.hibernate.SQL@http-nio-8080-exec-1] select min(item0_.retail_price_amount) as col_0_0_ from item item0_ where item0_.retail_price_currency=? and item0_.item_type=1 
2022-04-21 11:38:21.052 TRACE [org.hibernate.type.descriptor.sql.BasicBinder@http-nio-8080-exec-1] binding parameter [1] as [VARCHAR] - [GBP] 
2022-04-21 11:38:21.053 DEBUG [org.hibernate.SQL@http-nio-8080-exec-1] select min(item0_.retail_price_amount) as col_0_0_ from item item0_ where item0_.retail_price_currency=? and item0_.item_type=1 
2022-04-21 11:38:21.054 TRACE [org.hibernate.type.descriptor.sql.BasicBinder@http-nio-8080-exec-1] binding parameter [1] as [VARCHAR] - [USD] 
2022-04-21 11:38:21.056 DEBUG [org.hibernate.SQL@http-nio-8080-exec-1] select max(item0_.retail_price_amount) as col_0_0_ from item item0_ where item0_.retail_price_currency=? and item0_.item_type=1 
2022-04-21 11:38:21.056 TRACE [org.hibernate.type.descriptor.sql.BasicBinder@http-nio-8080-exec-1] binding parameter [1] as [VARCHAR] - [EUR] 
2022-04-21 11:38:21.058 DEBUG [org.hibernate.SQL@http-nio-8080-exec-1] select max(item0_.retail_price_amount) as col_0_0_ from item item0_ where item0_.retail_price_currency=? and item0_.item_type=1 
2022-04-21 11:38:21.058 TRACE [org.hibernate.type.descriptor.sql.BasicBinder@http-nio-8080-exec-1] binding parameter [1] as [VARCHAR] - [GBP] 
2022-04-21 11:38:21.060 DEBUG [org.hibernate.SQL@http-nio-8080-exec-1] select max(item0_.retail_price_amount) as col_0_0_ from item item0_ where item0_.retail_price_currency=? and item0_.item_type=1 
2022-04-21 11:38:21.060 TRACE [org.hibernate.type.descriptor.sql.BasicBinder@http-nio-8080-exec-1] binding parameter [1] as [VARCHAR] - [USD] 
2022-04-21 11:38:21.062 DEBUG [org.hibernate.SQL@http-nio-8080-exec-1] select count(patronage0_.id) as col_0_0_ from patronage patronage0_ where patronage0_.status=? 
2022-04-21 11:38:21.062 TRACE [org.hibernate.type.descriptor.sql.BasicBinder@http-nio-8080-exec-1] binding parameter [1] as [INTEGER] - [0] 
2022-04-21 11:38:21.063 DEBUG [org.hibernate.SQL@http-nio-8080-exec-1] select count(patronage0_.id) as col_0_0_ from patronage patronage0_ where patronage0_.status=? 
2022-04-21 11:38:21.064 TRACE [org.hibernate.type.descriptor.sql.BasicBinder@http-nio-8080-exec-1] binding parameter [1] as [INTEGER] - [1] 
2022-04-21 11:38:21.065 DEBUG [org.hibernate.SQL@http-nio-8080-exec-1] select count(patronage0_.id) as col_0_0_ from patronage patronage0_ where patronage0_.status=? 
2022-04-21 11:38:21.065 TRACE [org.hibernate.type.descriptor.sql.BasicBinder@http-nio-8080-exec-1] binding parameter [1] as [INTEGER] - [2] 
2022-04-21 11:38:21.067 DEBUG [org.hibernate.SQL@http-nio-8080-exec-1] select avg(patronage0_.budget_amount) as col_0_0_ from patronage patronage0_ where patronage0_.status=? 
2022-04-21 11:38:21.067 TRACE [org.hibernate.type.descriptor.sql.BasicBinder@http-nio-8080-exec-1] binding parameter [1] as [INTEGER] - [0] 
2022-04-21 11:38:21.068 DEBUG [org.hibernate.SQL@http-nio-8080-exec-1] select avg(patronage0_.budget_amount) as col_0_0_ from patronage patronage0_ where patronage0_.status=? 
2022-04-21 11:38:21.069 TRACE [org.hibernate.type.descriptor.sql.BasicBinder@http-nio-8080-exec-1] binding parameter [1] as [INTEGER] - [1] 
2022-04-21 11:38:21.070 DEBUG [org.hibernate.SQL@http-nio-8080-exec-1] select avg(patronage0_.budget_amount) as col_0_0_ from patronage patronage0_ where patronage0_.status=? 
2022-04-21 11:38:21.070 TRACE [org.hibernate.type.descriptor.sql.BasicBinder@http-nio-8080-exec-1] binding parameter [1] as [INTEGER] - [2] 
2022-04-21 11:38:21.071 DEBUG [org.hibernate.SQL@http-nio-8080-exec-1] select std(patronage0_.budget_amount) as col_0_0_ from patronage patronage0_ where patronage0_.status=? 
2022-04-21 11:38:21.071 TRACE [org.hibernate.type.descriptor.sql.BasicBinder@http-nio-8080-exec-1] binding parameter [1] as [INTEGER] - [0] 
2022-04-21 11:38:21.073 DEBUG [org.hibernate.SQL@http-nio-8080-exec-1] select std(patronage0_.budget_amount) as col_0_0_ from patronage patronage0_ where patronage0_.status=? 
2022-04-21 11:38:21.073 TRACE [org.hibernate.type.descriptor.sql.BasicBinder@http-nio-8080-exec-1] binding parameter [1] as [INTEGER] - [1] 
2022-04-21 11:38:21.074 DEBUG [org.hibernate.SQL@http-nio-8080-exec-1] select std(patronage0_.budget_amount) as col_0_0_ from patronage patronage0_ where patronage0_.status=? 
2022-04-21 11:38:21.074 TRACE [org.hibernate.type.descriptor.sql.BasicBinder@http-nio-8080-exec-1] binding parameter [1] as [INTEGER] - [2] 
2022-04-21 11:38:21.076 DEBUG [org.hibernate.SQL@http-nio-8080-exec-1] select min(patronage0_.budget_amount) as col_0_0_ from patronage patronage0_ where patronage0_.status=? 
2022-04-21 11:38:21.076 TRACE [org.hibernate.type.descriptor.sql.BasicBinder@http-nio-8080-exec-1] binding parameter [1] as [INTEGER] - [0] 
2022-04-21 11:38:21.078 DEBUG [org.hibernate.SQL@http-nio-8080-exec-1] select min(patronage0_.budget_amount) as col_0_0_ from patronage patronage0_ where patronage0_.status=? 
2022-04-21 11:38:21.078 TRACE [org.hibernate.type.descriptor.sql.BasicBinder@http-nio-8080-exec-1] binding parameter [1] as [INTEGER] - [1] 
2022-04-21 11:38:21.080 DEBUG [org.hibernate.SQL@http-nio-8080-exec-1] select min(patronage0_.budget_amount) as col_0_0_ from patronage patronage0_ where patronage0_.status=? 
2022-04-21 11:38:21.080 TRACE [org.hibernate.type.descriptor.sql.BasicBinder@http-nio-8080-exec-1] binding parameter [1] as [INTEGER] - [2] 
2022-04-21 11:38:21.083 DEBUG [org.hibernate.SQL@http-nio-8080-exec-1] select max(patronage0_.budget_amount) as col_0_0_ from patronage patronage0_ where patronage0_.status=? 
2022-04-21 11:38:21.084 TRACE [org.hibernate.type.descriptor.sql.BasicBinder@http-nio-8080-exec-1] binding parameter [1] as [INTEGER] - [0] 
2022-04-21 11:38:21.086 DEBUG [org.hibernate.SQL@http-nio-8080-exec-1] select max(patronage0_.budget_amount) as col_0_0_ from patronage patronage0_ where patronage0_.status=? 
2022-04-21 11:38:21.086 TRACE [org.hibernate.type.descriptor.sql.BasicBinder@http-nio-8080-exec-1] binding parameter [1] as [INTEGER] - [1] 
2022-04-21 11:38:21.088 DEBUG [org.hibernate.SQL@http-nio-8080-exec-1] select max(patronage0_.budget_amount) as col_0_0_ from patronage patronage0_ where patronage0_.status=? 
2022-04-21 11:38:21.088 TRACE [org.hibernate.type.descriptor.sql.BasicBinder@http-nio-8080-exec-1] binding parameter [1] as [INTEGER] - [2] 
2022-04-21 11:38:21.107 DEBUG [acme.framework.controllers.AbstractController@http-nio-8080-exec-1] SERVING GET /acme-toolkits-e3.08-1.0/administrator/administrator-dashboard/show 
2022-04-21 11:38:21.107 DEBUG [acme.framework.controllers.AbstractController@http-nio-8080-exec-1] Result: ModelAndView [view="administrator/administrator-dashboard/form"; model={minimumBudgetOfPatronagesByStatus={ACCEPTED=null, PROPOSED=32563.0, DENIED=47765.0}, totalNumberOfPatronagesByStatus={ACCEPTED=0, PROPOSED=2, DENIED=1}, totalNumberOfComponents=2, maximumRetailPriceOfComponents={EUR-> technology=1.89, EUR->madera=12.29}, averageRetailPriceOfTools={EUR=161.33333333333334, GBP=null, USD=null}, maximumRetailPriceOfTools={EUR=309.0, GBP=null, USD=null}, totalNumberOfTools=3, deviationBudgetOfPatronagesByStatus={ACCEPTED=null, PROPOSED=7601.0, DENIED=0.0}, maximumBudgetOfPatronagesByStatus={ACCEPTED=null, PROPOSED=47765.0, DENIED=47765.0}, minimumRetailPriceOfComponents={EUR-> technology=1.89, EUR->madera=12.29}, averageRetailPriceOfComponents={EUR-> technology=1.89, EUR->madera=12.29}, deviationRetailPriceOfComponents={EUR-> technology=0.0, EUR->madera=0.0}, minimumRetailPriceOfTools={EUR=12.0, GBP=null, USD=null}, averageBudgetOfPatronagesByStatus={ACCEPTED=null, PROPOSED=40164.0, DENIED=47765.0}, deviationRetailPriceOfTools={EUR=121.25546952153907, GBP=null, USD=null}, command=show, principal=acme.framework.entities.Principal@185864cc}] 
2022-04-21 11:38:21.128 DEBUG [acme.framework.components.tiles.DynamicTilesView@http-nio-8080-exec-1] View name 'administrator/administrator-dashboard/form', model {minimumBudgetOfPatronagesByStatus={ACCEPTED=null, PROPOSED=32563.0, DENIED=47765.0}, totalNumberOfPatronagesByStatus={ACCEPTED=0, PROPOSED=2, DENIED=1}, totalNumberOfComponents=2, maximumRetailPriceOfComponents={EUR-> technology=1.89, EUR->madera=12.29}, averageRetailPriceOfTools={EUR=161.33333333333334, GBP=null, USD=null}, maximumRetailPriceOfTools={EUR=309.0, GBP=null, USD=null}, totalNumberOfTools=3, deviationBudgetOfPatronagesByStatus={ACCEPTED=null, PROPOSED=7601.0, DENIED=0.0}, maximumBudgetOfPatronagesByStatus={ACCEPTED=null, PROPOSED=47765.0, DENIED=47765.0}, minimumRetailPriceOfComponents={EUR-> technology=1.89, EUR->madera=12.29}, averageRetailPriceOfComponents={EUR-> technology=1.89, EUR->madera=12.29}, deviationRetailPriceOfComponents={EUR-> technology=0.0, EUR->madera=0.0}, minimumRetailPriceOfTools={EUR=12.0, GBP=null, USD=null}, averageBudgetOfPatronagesByStatus={ACCEPTED=null, PROPOSED=40164.0, DENIED=47765.0}, deviationRetailPriceOfTools={EUR=121.25546952153907, GBP=null, USD=null}, command=show, principal=acme.framework.entities.Principal@185864cc, org.springframework.validation.BindingResult.principal=org.springframework.validation.BeanPropertyBindingResult: 0 errors} 
2022-04-21 11:38:21.150 DEBUG [org.apache.tiles.definition.dao.BaseLocaleUrlDefinitionDAO@http-nio-8080-exec-1] File Resource file:/P:/Workspace-22.0/Projects/Acme-Toolkits-E3.08/target/classes/WEB-INF/views/master/tiles_en.xml at file:/P:/Workspace-22.0/Projects/Acme-Toolkits-E3.08/target/classes/WEB-INF/views/master/tiles_en.xml not found, continue 
2022-04-21 11:38:21.158 DEBUG [org.apache.jasper.servlet.JspServlet@http-nio-8080-exec-1] JspEngine --> /WEB-INF/views/master/page.jsp 
2022-04-21 11:38:21.158 DEBUG [org.apache.jasper.servlet.JspServlet@http-nio-8080-exec-1] ServletPath: /WEB-INF/views/master/page.jsp 
2022-04-21 11:38:21.159 DEBUG [org.apache.jasper.servlet.JspServlet@http-nio-8080-exec-1] PathInfo: null 
2022-04-21 11:38:21.161 DEBUG [org.apache.jasper.servlet.JspServlet@http-nio-8080-exec-1] RealPath: P:\Workspace-22.0\Projects\Acme-Toolkits-E3.08\target\classes\WEB-INF\views\master\page.jsp 
2022-04-21 11:38:21.162 DEBUG [org.apache.jasper.servlet.JspServlet@http-nio-8080-exec-1] RequestURI: /acme-toolkits-e3.08-1.0/WEB-INF/views/master/page.jsp 
2022-04-21 11:38:21.162 DEBUG [org.apache.jasper.servlet.JspServlet@http-nio-8080-exec-1] QueryString: null 
2022-04-21 11:38:25.871 DEBUG [acme.framework.configuration.ExtendedMessageSource@http-nio-8080-exec-1] Loading properties [P:\Workspace-22.0\Projects\Acme-Toolkits-E3.08\target\classes\WEB-INF\views\administrator\administrator-dashboard\messages-en.i18n] with encoding 'utf-8' 
2022-04-21 11:38:25.874 DEBUG [acme.framework.configuration.ExtendedMessageSource@http-nio-8080-exec-1] Loading properties [P:\Workspace-22.0\Projects\Acme-Toolkits-E3.08\target\classes\WEB-INF\views\administrator\user-account\messages-en.i18n] with encoding 'utf-8' 
2022-04-21 11:38:25.875 DEBUG [acme.framework.configuration.ExtendedMessageSource@http-nio-8080-exec-1] Loading properties [P:\Workspace-22.0\Projects\Acme-Toolkits-E3.08\target\classes\WEB-INF\views\any\chirp\messsages-en.i18n] with encoding 'utf-8' 
2022-04-21 11:38:25.876 DEBUG [acme.framework.configuration.ExtendedMessageSource@http-nio-8080-exec-1] Loading properties [P:\Workspace-22.0\Projects\Acme-Toolkits-E3.08\target\classes\WEB-INF\views\any\component\messsages-en.i18n] with encoding 'utf-8' 
2022-04-21 11:38:25.877 DEBUG [acme.framework.configuration.ExtendedMessageSource@http-nio-8080-exec-1] Loading properties [P:\Workspace-22.0\Projects\Acme-Toolkits-E3.08\target\classes\WEB-INF\views\any\tool\messsages-en.i18n] with encoding 'utf-8' 
2022-04-21 11:38:25.878 DEBUG [acme.framework.configuration.ExtendedMessageSource@http-nio-8080-exec-1] Loading properties [P:\Workspace-22.0\Projects\Acme-Toolkits-E3.08\target\classes\WEB-INF\views\any\toolkit\messsages-en.i18n] with encoding 'utf-8' 
2022-04-21 11:38:25.879 DEBUG [acme.framework.configuration.ExtendedMessageSource@http-nio-8080-exec-1] Loading properties [P:\Workspace-22.0\Projects\Acme-Toolkits-E3.08\target\classes\WEB-INF\views\any\user-account\messsages-en.i18n] with encoding 'utf-8' 
2022-04-21 11:38:25.880 DEBUG [acme.framework.configuration.ExtendedMessageSource@http-nio-8080-exec-1] Loading properties [P:\Workspace-22.0\Projects\Acme-Toolkits-E3.08\target\classes\WEB-INF\views\authenticated\announcement\messsages-en.i18n] with encoding 'utf-8' 
2022-04-21 11:38:25.880 DEBUG [acme.framework.configuration.ExtendedMessageSource@http-nio-8080-exec-1] Loading properties [P:\Workspace-22.0\Projects\Acme-Toolkits-E3.08\target\classes\WEB-INF\views\authenticated\consumer\messsages-en.i18n] with encoding 'utf-8' 
2022-04-21 11:38:25.881 DEBUG [acme.framework.configuration.ExtendedMessageSource@http-nio-8080-exec-1] Loading properties [P:\Workspace-22.0\Projects\Acme-Toolkits-E3.08\target\classes\WEB-INF\views\authenticated\inventor\messsages-en.i18n] with encoding 'utf-8' 
2022-04-21 11:38:25.881 DEBUG [acme.framework.configuration.ExtendedMessageSource@http-nio-8080-exec-1] Loading properties [P:\Workspace-22.0\Projects\Acme-Toolkits-E3.08\target\classes\WEB-INF\views\authenticated\patron\messsages-en.i18n] with encoding 'utf-8' 
2022-04-21 11:38:25.882 DEBUG [acme.framework.configuration.ExtendedMessageSource@http-nio-8080-exec-1] Loading properties [P:\Workspace-22.0\Projects\Acme-Toolkits-E3.08\target\classes\WEB-INF\views\authenticated\provider\messsages-en.i18n] with encoding 'utf-8' 
2022-04-21 11:38:25.883 DEBUG [acme.framework.configuration.ExtendedMessageSource@http-nio-8080-exec-1] Loading properties [P:\Workspace-22.0\Projects\Acme-Toolkits-E3.08\target\classes\WEB-INF\views\fragments\banner-en.i18n] with encoding 'utf-8' 
2022-04-21 11:38:25.883 DEBUG [acme.framework.configuration.ExtendedMessageSource@http-nio-8080-exec-1] Loading properties [P:\Workspace-22.0\Projects\Acme-Toolkits-E3.08\target\classes\WEB-INF\views\fragments\company-en.i18n] with encoding 'utf-8' 
2022-04-21 11:38:25.884 DEBUG [acme.framework.configuration.ExtendedMessageSource@http-nio-8080-exec-1] Loading properties [P:\Workspace-22.0\Projects\Acme-Toolkits-E3.08\target\classes\WEB-INF\views\fragments\footer-en.i18n] with encoding 'utf-8' 
2022-04-21 11:38:25.884 DEBUG [acme.framework.configuration.ExtendedMessageSource@http-nio-8080-exec-1] Loading properties [P:\Workspace-22.0\Projects\Acme-Toolkits-E3.08\target\classes\WEB-INF\views\fragments\license-en.i18n] with encoding 'utf-8' 
2022-04-21 11:38:25.885 DEBUG [acme.framework.configuration.ExtendedMessageSource@http-nio-8080-exec-1] Loading properties [P:\Workspace-22.0\Projects\Acme-Toolkits-E3.08\target\classes\WEB-INF\views\fragments\menu-en.i18n] with encoding 'utf-8' 
2022-04-21 11:38:25.886 DEBUG [acme.framework.configuration.ExtendedMessageSource@http-nio-8080-exec-1] Loading properties [P:\Workspace-22.0\Projects\Acme-Toolkits-E3.08\target\classes\WEB-INF\views\fragments\messsages-en.i18n] with encoding 'utf-8' 
2022-04-21 11:38:25.886 DEBUG [acme.framework.configuration.ExtendedMessageSource@http-nio-8080-exec-1] Loading properties [P:\Workspace-22.0\Projects\Acme-Toolkits-E3.08\target\classes\WEB-INF\views\fragments\title-en.i18n] with encoding 'utf-8' 
2022-04-21 11:38:25.887 DEBUG [acme.framework.configuration.ExtendedMessageSource@http-nio-8080-exec-1] Loading properties [P:\Workspace-22.0\Projects\Acme-Toolkits-E3.08\target\classes\WEB-INF\views\fragments\welcome-en.i18n] with encoding 'utf-8' 
2022-04-21 11:38:25.888 DEBUG [acme.framework.configuration.ExtendedMessageSource@http-nio-8080-exec-1] Loading properties [P:\Workspace-22.0\Projects\Acme-Toolkits-E3.08\target\classes\WEB-INF\views\inventor\toolkit\messsages-en.i18n] with encoding 'utf-8' 
2022-04-21 11:38:25.889 DEBUG [acme.framework.configuration.ExtendedMessageSource@http-nio-8080-exec-1] Loading properties [P:\Workspace-22.0\Projects\Acme-Toolkits-E3.08\target\classes\WEB-INF\views\master\defaults-en.i18n] with encoding 'utf-8' 
2022-04-21 11:38:25.890 DEBUG [acme.framework.configuration.ExtendedMessageSource@http-nio-8080-exec-1] Loading properties [P:\Workspace-22.0\Projects\Acme-Toolkits-E3.08\target\classes\WEB-INF\views\master\master-en.i18n] with encoding 'utf-8' 
2022-04-21 11:38:25.891 DEBUG [acme.framework.configuration.ExtendedMessageSource@http-nio-8080-exec-1] Loading properties [P:\Workspace-22.0\Projects\Acme-Toolkits-E3.08\target\classes\WEB-INF\views\master\throwables-en.i18n] with encoding 'utf-8' 
2022-04-21 11:38:25.891 DEBUG [acme.framework.configuration.ExtendedMessageSource@http-nio-8080-exec-1] Loading properties [P:\Workspace-22.0\Projects\Acme-Toolkits-E3.08\target\classes\WEB-INF\views\master\validation-en.i18n] with encoding 'utf-8' 
2022-04-21 11:38:25.892 DEBUG [acme.framework.configuration.ExtendedMessageSource@http-nio-8080-exec-1] Loading properties [P:\Workspace-22.0\Projects\Acme-Toolkits-E3.08\target\classes\WEB-INF\views\patron\patronage\messsages-en.i18n] with encoding 'utf-8' 
2022-04-21 11:38:26.167 DEBUG [org.apache.jasper.servlet.JspServlet@http-nio-8080-exec-1] JspEngine --> /WEB-INF/views/administrator/administrator-dashboard/form.jsp 
2022-04-21 11:38:26.167 DEBUG [org.apache.jasper.servlet.JspServlet@http-nio-8080-exec-1] ServletPath: /WEB-INF/views/master/page.jsp 
2022-04-21 11:38:26.168 DEBUG [org.apache.jasper.servlet.JspServlet@http-nio-8080-exec-1] PathInfo: null 
2022-04-21 11:38:26.170 DEBUG [org.apache.jasper.servlet.JspServlet@http-nio-8080-exec-1] RealPath: P:\Workspace-22.0\Projects\Acme-Toolkits-E3.08\target\classes\WEB-INF\views\administrator\administrator-dashboard\form.jsp 
2022-04-21 11:38:26.170 DEBUG [org.apache.jasper.servlet.JspServlet@http-nio-8080-exec-1] RequestURI: /acme-toolkits-e3.08-1.0/WEB-INF/views/master/page.jsp 
2022-04-21 11:38:26.170 DEBUG [org.apache.jasper.servlet.JspServlet@http-nio-8080-exec-1] QueryString: null 
