2022-05-21 21:55:58.356 INFO  [acme.Launcher@main] Starting Launcher using Java 1.8.0_281 on DESKTOP-B7M6F9V with PID 15884 (P:\Workspace-22.0\Frameworks\Acme-Framework-22.5.1\target\classes started by pabli in P:\Workspace-22.0\Projects\Acme-Toolkits-E3.08) 
2022-05-21 21:55:58.358 DEBUG [acme.Launcher@main] Running with Spring Boot v2.4.2, Spring v5.3.3 
2022-05-21 21:55:58.360 INFO  [acme.Launcher@main] The following profiles are active: development,default 
2022-05-21 21:56:01.593 DEBUG [org.apache.jasper.servlet.JasperInitializer@main] Initializing Jasper for context [application] 
2022-05-21 21:56:07.991 DEBUG [org.apache.jasper.servlet.JspServlet@main] Scratch dir for the JSP engine is: [C:\Users\pabli\AppData\Local\Temp\tomcat.8080.4219017730439537164\work\Tomcat\localhost\acme-toolkits-e3.08-1.0] 
2022-05-21 21:56:07.993 DEBUG [org.apache.jasper.servlet.JspServlet@main] IMPORTANT: Do not modify the generated servlets 
2022-05-21 21:56:08.006 INFO  [acme.Launcher@main] Started Launcher in 10.341 seconds (JVM running for 10.929) 
2022-05-21 21:56:08.011 DEBUG [acme.Launcher@main] Found classpath entry '/P:/Workspace-22.0/Projects/Acme-Toolkits-E3.08/target/test-classes/' 
2022-05-21 21:56:08.012 DEBUG [acme.Launcher@main] Found classpath entry '/P:/Workspace-22.0/Projects/Acme-Toolkits-E3.08/target/classes/' 
2022-05-21 21:56:08.012 DEBUG [acme.Launcher@main] Found classpath entry '/P:/Workspace-22.0/Frameworks/Acme-Framework-22.5.1/target/classes/' 
2022-05-21 21:56:08.012 DEBUG [acme.Launcher@main] Found classpath entry '/P:/Workspace-22.0/Frameworks/Acme-Framework-22.5.1/target/test-classes/' 
2022-05-21 21:56:08.012 DEBUG [acme.Launcher@main] Found classpath entry '/C:/Users/pabli/.m2/repository/org/springframework/boot/spring-boot-starter-tomcat/2.4.2/spring-boot-starter-tomcat-2.4.2.jar' 
2022-05-21 21:56:08.012 DEBUG [acme.Launcher@main] Found classpath entry '/C:/Users/pabli/.m2/repository/jakarta/annotation/jakarta.annotation-api/1.3.5/jakarta.annotation-api-1.3.5.jar' 
2022-05-21 21:56:08.013 DEBUG [acme.Launcher@main] Found classpath entry '/C:/Users/pabli/.m2/repository/org/apache/tomcat/embed/tomcat-embed-core/9.0.41/tomcat-embed-core-9.0.41.jar' 
2022-05-21 21:56:08.013 DEBUG [acme.Launcher@main] Found classpath entry '/C:/Users/pabli/.m2/repository/org/glassfish/jakarta.el/3.0.3/jakarta.el-3.0.3.jar' 
2022-05-21 21:56:08.013 DEBUG [acme.Launcher@main] Found classpath entry '/C:/Users/pabli/.m2/repository/org/apache/tomcat/embed/tomcat-embed-websocket/9.0.41/tomcat-embed-websocket-9.0.41.jar' 
2022-05-21 21:56:08.013 DEBUG [acme.Launcher@main] Found classpath entry '/C:/Users/pabli/.m2/repository/org/apache/tomcat/embed/tomcat-embed-jasper/9.0.41/tomcat-embed-jasper-9.0.41.jar' 
2022-05-21 21:56:08.013 DEBUG [acme.Launcher@main] Found classpath entry '/C:/Users/pabli/.m2/repository/org/apache/tomcat/embed/tomcat-embed-el/9.0.41/tomcat-embed-el-9.0.41.jar' 
2022-05-21 21:56:08.013 DEBUG [acme.Launcher@main] Found classpath entry '/C:/Users/pabli/.m2/repository/org/eclipse/jdt/ecj/3.18.0/ecj-3.18.0.jar' 
2022-05-21 21:56:08.014 DEBUG [acme.Launcher@main] Found classpath entry '/C:/Users/pabli/.m2/repository/javax/servlet/jstl/1.2/jstl-1.2.jar' 
2022-05-21 21:56:08.014 DEBUG [acme.Launcher@main] Found classpath entry '/C:/Users/pabli/.m2/repository/org/springframework/boot/spring-boot-starter-test/2.4.2/spring-boot-starter-test-2.4.2.jar' 
2022-05-21 21:56:08.014 DEBUG [acme.Launcher@main] Found classpath entry '/C:/Users/pabli/.m2/repository/org/springframework/boot/spring-boot-starter/2.4.2/spring-boot-starter-2.4.2.jar' 
2022-05-21 21:56:08.014 DEBUG [acme.Launcher@main] Found classpath entry '/C:/Users/pabli/.m2/repository/org/springframework/boot/spring-boot/2.4.2/spring-boot-2.4.2.jar' 
2022-05-21 21:56:08.014 DEBUG [acme.Launcher@main] Found classpath entry '/C:/Users/pabli/.m2/repository/org/springframework/boot/spring-boot-autoconfigure/2.4.2/spring-boot-autoconfigure-2.4.2.jar' 
2022-05-21 21:56:08.014 DEBUG [acme.Launcher@main] Found classpath entry '/C:/Users/pabli/.m2/repository/org/springframework/boot/spring-boot-starter-logging/2.4.2/spring-boot-starter-logging-2.4.2.jar' 
2022-05-21 21:56:08.015 DEBUG [acme.Launcher@main] Found classpath entry '/C:/Users/pabli/.m2/repository/ch/qos/logback/logback-classic/1.2.3/logback-classic-1.2.3.jar' 
2022-05-21 21:56:08.015 DEBUG [acme.Launcher@main] Found classpath entry '/C:/Users/pabli/.m2/repository/ch/qos/logback/logback-core/1.2.3/logback-core-1.2.3.jar' 
2022-05-21 21:56:08.015 DEBUG [acme.Launcher@main] Found classpath entry '/C:/Users/pabli/.m2/repository/org/apache/logging/log4j/log4j-to-slf4j/2.13.3/log4j-to-slf4j-2.13.3.jar' 
2022-05-21 21:56:08.015 DEBUG [acme.Launcher@main] Found classpath entry '/C:/Users/pabli/.m2/repository/org/apache/logging/log4j/log4j-api/2.13.3/log4j-api-2.13.3.jar' 
2022-05-21 21:56:08.015 DEBUG [acme.Launcher@main] Found classpath entry '/C:/Users/pabli/.m2/repository/org/slf4j/jul-to-slf4j/1.7.30/jul-to-slf4j-1.7.30.jar' 
2022-05-21 21:56:08.016 DEBUG [acme.Launcher@main] Found classpath entry '/C:/Users/pabli/.m2/repository/org/yaml/snakeyaml/1.27/snakeyaml-1.27.jar' 
2022-05-21 21:56:08.016 DEBUG [acme.Launcher@main] Found classpath entry '/C:/Users/pabli/.m2/repository/org/springframework/boot/spring-boot-test/2.4.2/spring-boot-test-2.4.2.jar' 
2022-05-21 21:56:08.016 DEBUG [acme.Launcher@main] Found classpath entry '/C:/Users/pabli/.m2/repository/org/springframework/boot/spring-boot-test-autoconfigure/2.4.2/spring-boot-test-autoconfigure-2.4.2.jar' 
2022-05-21 21:56:08.016 DEBUG [acme.Launcher@main] Found classpath entry '/C:/Users/pabli/.m2/repository/com/jayway/jsonpath/json-path/2.4.0/json-path-2.4.0.jar' 
2022-05-21 21:56:08.016 DEBUG [acme.Launcher@main] Found classpath entry '/C:/Users/pabli/.m2/repository/net/minidev/json-smart/2.3/json-smart-2.3.jar' 
2022-05-21 21:56:08.016 DEBUG [acme.Launcher@main] Found classpath entry '/C:/Users/pabli/.m2/repository/net/minidev/accessors-smart/1.2/accessors-smart-1.2.jar' 
2022-05-21 21:56:08.016 DEBUG [acme.Launcher@main] Found classpath entry '/C:/Users/pabli/.m2/repository/org/ow2/asm/asm/5.0.4/asm-5.0.4.jar' 
2022-05-21 21:56:08.017 DEBUG [acme.Launcher@main] Found classpath entry '/C:/Users/pabli/.m2/repository/jakarta/xml/bind/jakarta.xml.bind-api/2.3.3/jakarta.xml.bind-api-2.3.3.jar' 
2022-05-21 21:56:08.017 DEBUG [acme.Launcher@main] Found classpath entry '/C:/Users/pabli/.m2/repository/jakarta/activation/jakarta.activation-api/1.2.2/jakarta.activation-api-1.2.2.jar' 
2022-05-21 21:56:08.017 DEBUG [acme.Launcher@main] Found classpath entry '/C:/Users/pabli/.m2/repository/org/assertj/assertj-core/3.18.1/assertj-core-3.18.1.jar' 
2022-05-21 21:56:08.017 DEBUG [acme.Launcher@main] Found classpath entry '/C:/Users/pabli/.m2/repository/org/hamcrest/hamcrest/2.2/hamcrest-2.2.jar' 
2022-05-21 21:56:08.017 DEBUG [acme.Launcher@main] Found classpath entry '/C:/Users/pabli/.m2/repository/org/junit/jupiter/junit-jupiter/5.7.0/junit-jupiter-5.7.0.jar' 
2022-05-21 21:56:08.017 DEBUG [acme.Launcher@main] Found classpath entry '/C:/Users/pabli/.m2/repository/org/mockito/mockito-core/3.6.28/mockito-core-3.6.28.jar' 
2022-05-21 21:56:08.018 DEBUG [acme.Launcher@main] Found classpath entry '/C:/Users/pabli/.m2/repository/net/bytebuddy/byte-buddy-agent/1.10.19/byte-buddy-agent-1.10.19.jar' 
2022-05-21 21:56:08.018 DEBUG [acme.Launcher@main] Found classpath entry '/C:/Users/pabli/.m2/repository/org/objenesis/objenesis/3.1/objenesis-3.1.jar' 
2022-05-21 21:56:08.018 DEBUG [acme.Launcher@main] Found classpath entry '/C:/Users/pabli/.m2/repository/org/mockito/mockito-junit-jupiter/3.6.28/mockito-junit-jupiter-3.6.28.jar' 
2022-05-21 21:56:08.018 DEBUG [acme.Launcher@main] Found classpath entry '/C:/Users/pabli/.m2/repository/org/skyscreamer/jsonassert/1.5.0/jsonassert-1.5.0.jar' 
2022-05-21 21:56:08.018 DEBUG [acme.Launcher@main] Found classpath entry '/C:/Users/pabli/.m2/repository/com/vaadin/external/google/android-json/0.0.20131108.vaadin1/android-json-0.0.20131108.vaadin1.jar' 
2022-05-21 21:56:08.018 DEBUG [acme.Launcher@main] Found classpath entry '/C:/Users/pabli/.m2/repository/org/springframework/spring-core/5.3.3/spring-core-5.3.3.jar' 
2022-05-21 21:56:08.018 DEBUG [acme.Launcher@main] Found classpath entry '/C:/Users/pabli/.m2/repository/org/springframework/spring-jcl/5.3.3/spring-jcl-5.3.3.jar' 
2022-05-21 21:56:08.019 DEBUG [acme.Launcher@main] Found classpath entry '/C:/Users/pabli/.m2/repository/org/springframework/spring-test/5.3.3/spring-test-5.3.3.jar' 
2022-05-21 21:56:08.019 DEBUG [acme.Launcher@main] Found classpath entry '/C:/Users/pabli/.m2/repository/org/xmlunit/xmlunit-core/2.7.0/xmlunit-core-2.7.0.jar' 
2022-05-21 21:56:08.019 DEBUG [acme.Launcher@main] Found classpath entry '/C:/Users/pabli/.m2/repository/org/springframework/boot/spring-boot-starter-security/2.4.2/spring-boot-starter-security-2.4.2.jar' 
2022-05-21 21:56:08.019 DEBUG [acme.Launcher@main] Found classpath entry '/C:/Users/pabli/.m2/repository/org/springframework/spring-aop/5.3.3/spring-aop-5.3.3.jar' 
2022-05-21 21:56:08.019 DEBUG [acme.Launcher@main] Found classpath entry '/C:/Users/pabli/.m2/repository/org/springframework/security/spring-security-web/5.4.2/spring-security-web-5.4.2.jar' 
2022-05-21 21:56:08.020 DEBUG [acme.Launcher@main] Found classpath entry '/C:/Users/pabli/.m2/repository/org/springframework/security/spring-security-core/5.4.2/spring-security-core-5.4.2.jar' 
2022-05-21 21:56:08.020 DEBUG [acme.Launcher@main] Found classpath entry '/C:/Users/pabli/.m2/repository/org/springframework/spring-beans/5.3.3/spring-beans-5.3.3.jar' 
2022-05-21 21:56:08.020 DEBUG [acme.Launcher@main] Found classpath entry '/C:/Users/pabli/.m2/repository/org/springframework/spring-context/5.3.3/spring-context-5.3.3.jar' 
2022-05-21 21:56:08.020 DEBUG [acme.Launcher@main] Found classpath entry '/C:/Users/pabli/.m2/repository/org/springframework/spring-expression/5.3.3/spring-expression-5.3.3.jar' 
2022-05-21 21:56:08.022 DEBUG [acme.Launcher@main] Found classpath entry '/C:/Users/pabli/.m2/repository/org/springframework/spring-web/5.3.3/spring-web-5.3.3.jar' 
2022-05-21 21:56:08.024 DEBUG [acme.Launcher@main] Found classpath entry '/C:/Users/pabli/.m2/repository/org/springframework/security/spring-security-config/5.4.2/spring-security-config-5.4.2.jar' 
2022-05-21 21:56:08.025 DEBUG [acme.Launcher@main] Found classpath entry '/C:/Users/pabli/.m2/repository/org/springframework/security/spring-security-taglibs/5.4.2/spring-security-taglibs-5.4.2.jar' 
2022-05-21 21:56:08.025 DEBUG [acme.Launcher@main] Found classpath entry '/C:/Users/pabli/.m2/repository/org/springframework/security/spring-security-acl/5.4.2/spring-security-acl-5.4.2.jar' 
2022-05-21 21:56:08.025 DEBUG [acme.Launcher@main] Found classpath entry '/C:/Users/pabli/.m2/repository/org/springframework/spring-jdbc/5.3.3/spring-jdbc-5.3.3.jar' 
2022-05-21 21:56:08.025 DEBUG [acme.Launcher@main] Found classpath entry '/C:/Users/pabli/.m2/repository/org/springframework/spring-tx/5.3.3/spring-tx-5.3.3.jar' 
2022-05-21 21:56:08.026 DEBUG [acme.Launcher@main] Found classpath entry '/C:/Users/pabli/.m2/repository/org/springframework/boot/spring-boot-starter-web/2.4.2/spring-boot-starter-web-2.4.2.jar' 
2022-05-21 21:56:08.027 DEBUG [acme.Launcher@main] Found classpath entry '/C:/Users/pabli/.m2/repository/org/springframework/boot/spring-boot-starter-json/2.4.2/spring-boot-starter-json-2.4.2.jar' 
2022-05-21 21:56:08.027 DEBUG [acme.Launcher@main] Found classpath entry '/C:/Users/pabli/.m2/repository/com/fasterxml/jackson/core/jackson-databind/2.11.4/jackson-databind-2.11.4.jar' 
2022-05-21 21:56:08.027 DEBUG [acme.Launcher@main] Found classpath entry '/C:/Users/pabli/.m2/repository/com/fasterxml/jackson/core/jackson-annotations/2.11.4/jackson-annotations-2.11.4.jar' 
2022-05-21 21:56:08.027 DEBUG [acme.Launcher@main] Found classpath entry '/C:/Users/pabli/.m2/repository/com/fasterxml/jackson/core/jackson-core/2.11.4/jackson-core-2.11.4.jar' 
2022-05-21 21:56:08.027 DEBUG [acme.Launcher@main] Found classpath entry '/C:/Users/pabli/.m2/repository/com/fasterxml/jackson/datatype/jackson-datatype-jdk8/2.11.4/jackson-datatype-jdk8-2.11.4.jar' 
2022-05-21 21:56:08.028 DEBUG [acme.Launcher@main] Found classpath entry '/C:/Users/pabli/.m2/repository/com/fasterxml/jackson/datatype/jackson-datatype-jsr310/2.11.4/jackson-datatype-jsr310-2.11.4.jar' 
2022-05-21 21:56:08.028 DEBUG [acme.Launcher@main] Found classpath entry '/C:/Users/pabli/.m2/repository/com/fasterxml/jackson/module/jackson-module-parameter-names/2.11.4/jackson-module-parameter-names-2.11.4.jar' 
2022-05-21 21:56:08.028 DEBUG [acme.Launcher@main] Found classpath entry '/C:/Users/pabli/.m2/repository/org/springframework/spring-webmvc/5.3.3/spring-webmvc-5.3.3.jar' 
2022-05-21 21:56:08.028 DEBUG [acme.Launcher@main] Found classpath entry '/C:/Users/pabli/.m2/repository/org/apache/tiles/tiles-jsp/3.0.8/tiles-jsp-3.0.8.jar' 
2022-05-21 21:56:08.028 DEBUG [acme.Launcher@main] Found classpath entry '/C:/Users/pabli/.m2/repository/org/apache/tiles/tiles-servlet/3.0.8/tiles-servlet-3.0.8.jar' 
2022-05-21 21:56:08.028 DEBUG [acme.Launcher@main] Found classpath entry '/C:/Users/pabli/.m2/repository/org/apache/tiles/tiles-core/3.0.8/tiles-core-3.0.8.jar' 
2022-05-21 21:56:08.029 DEBUG [acme.Launcher@main] Found classpath entry '/C:/Users/pabli/.m2/repository/commons-digester/commons-digester/2.0/commons-digester-2.0.jar' 
2022-05-21 21:56:08.029 DEBUG [acme.Launcher@main] Found classpath entry '/C:/Users/pabli/.m2/repository/org/slf4j/jcl-over-slf4j/1.7.30/jcl-over-slf4j-1.7.30.jar' 
2022-05-21 21:56:08.029 DEBUG [acme.Launcher@main] Found classpath entry '/C:/Users/pabli/.m2/repository/org/apache/tiles/tiles-request-servlet/1.0.7/tiles-request-servlet-1.0.7.jar' 
2022-05-21 21:56:08.029 DEBUG [acme.Launcher@main] Found classpath entry '/C:/Users/pabli/.m2/repository/org/apache/tiles/tiles-template/3.0.8/tiles-template-3.0.8.jar' 
2022-05-21 21:56:08.029 DEBUG [acme.Launcher@main] Found classpath entry '/C:/Users/pabli/.m2/repository/org/apache/tiles/tiles-api/3.0.8/tiles-api-3.0.8.jar' 
2022-05-21 21:56:08.029 DEBUG [acme.Launcher@main] Found classpath entry '/C:/Users/pabli/.m2/repository/org/apache/tiles/tiles-autotag-core-runtime/1.2/tiles-autotag-core-runtime-1.2.jar' 
2022-05-21 21:56:08.029 DEBUG [acme.Launcher@main] Found classpath entry '/C:/Users/pabli/.m2/repository/org/slf4j/slf4j-api/1.7.30/slf4j-api-1.7.30.jar' 
2022-05-21 21:56:08.030 DEBUG [acme.Launcher@main] Found classpath entry '/C:/Users/pabli/.m2/repository/org/apache/tiles/tiles-request-jsp/1.0.7/tiles-request-jsp-1.0.7.jar' 
2022-05-21 21:56:08.030 DEBUG [acme.Launcher@main] Found classpath entry '/C:/Users/pabli/.m2/repository/org/apache/tiles/tiles-request-api/1.0.7/tiles-request-api-1.0.7.jar' 
2022-05-21 21:56:08.030 DEBUG [acme.Launcher@main] Found classpath entry '/C:/Users/pabli/.m2/repository/org/springframework/boot/spring-boot-starter-data-jpa/2.4.2/spring-boot-starter-data-jpa-2.4.2.jar' 
2022-05-21 21:56:08.030 DEBUG [acme.Launcher@main] Found classpath entry '/C:/Users/pabli/.m2/repository/org/springframework/boot/spring-boot-starter-aop/2.4.2/spring-boot-starter-aop-2.4.2.jar' 
2022-05-21 21:56:08.030 DEBUG [acme.Launcher@main] Found classpath entry '/C:/Users/pabli/.m2/repository/org/aspectj/aspectjweaver/1.9.6/aspectjweaver-1.9.6.jar' 
2022-05-21 21:56:08.031 DEBUG [acme.Launcher@main] Found classpath entry '/C:/Users/pabli/.m2/repository/org/springframework/boot/spring-boot-starter-jdbc/2.4.2/spring-boot-starter-jdbc-2.4.2.jar' 
2022-05-21 21:56:08.031 DEBUG [acme.Launcher@main] Found classpath entry '/C:/Users/pabli/.m2/repository/jakarta/transaction/jakarta.transaction-api/1.3.3/jakarta.transaction-api-1.3.3.jar' 
2022-05-21 21:56:08.031 DEBUG [acme.Launcher@main] Found classpath entry '/C:/Users/pabli/.m2/repository/jakarta/persistence/jakarta.persistence-api/2.2.3/jakarta.persistence-api-2.2.3.jar' 
2022-05-21 21:56:08.031 DEBUG [acme.Launcher@main] Found classpath entry '/C:/Users/pabli/.m2/repository/org/hibernate/hibernate-core/5.4.27.Final/hibernate-core-5.4.27.Final.jar' 
2022-05-21 21:56:08.031 DEBUG [acme.Launcher@main] Found classpath entry '/C:/Users/pabli/.m2/repository/org/jboss/logging/jboss-logging/3.4.1.Final/jboss-logging-3.4.1.Final.jar' 
2022-05-21 21:56:08.031 DEBUG [acme.Launcher@main] Found classpath entry '/C:/Users/pabli/.m2/repository/org/javassist/javassist/3.27.0-GA/javassist-3.27.0-GA.jar' 
2022-05-21 21:56:08.032 DEBUG [acme.Launcher@main] Found classpath entry '/C:/Users/pabli/.m2/repository/antlr/antlr/2.7.7/antlr-2.7.7.jar' 
2022-05-21 21:56:08.032 DEBUG [acme.Launcher@main] Found classpath entry '/C:/Users/pabli/.m2/repository/org/jboss/jandex/2.1.3.Final/jandex-2.1.3.Final.jar' 
2022-05-21 21:56:08.032 DEBUG [acme.Launcher@main] Found classpath entry '/C:/Users/pabli/.m2/repository/com/fasterxml/classmate/1.5.1/classmate-1.5.1.jar' 
2022-05-21 21:56:08.032 DEBUG [acme.Launcher@main] Found classpath entry '/C:/Users/pabli/.m2/repository/org/dom4j/dom4j/2.1.3/dom4j-2.1.3.jar' 
2022-05-21 21:56:08.032 DEBUG [acme.Launcher@main] Found classpath entry '/C:/Users/pabli/.m2/repository/org/hibernate/common/hibernate-commons-annotations/5.1.2.Final/hibernate-commons-annotations-5.1.2.Final.jar' 
2022-05-21 21:56:08.032 DEBUG [acme.Launcher@main] Found classpath entry '/C:/Users/pabli/.m2/repository/org/glassfish/jaxb/jaxb-runtime/2.3.3/jaxb-runtime-2.3.3.jar' 
2022-05-21 21:56:08.033 DEBUG [acme.Launcher@main] Found classpath entry '/C:/Users/pabli/.m2/repository/org/glassfish/jaxb/txw2/2.3.3/txw2-2.3.3.jar' 
2022-05-21 21:56:08.033 DEBUG [acme.Launcher@main] Found classpath entry '/C:/Users/pabli/.m2/repository/com/sun/istack/istack-commons-runtime/3.0.11/istack-commons-runtime-3.0.11.jar' 
2022-05-21 21:56:08.033 DEBUG [acme.Launcher@main] Found classpath entry '/C:/Users/pabli/.m2/repository/com/sun/activation/jakarta.activation/1.2.2/jakarta.activation-1.2.2.jar' 
2022-05-21 21:56:08.033 DEBUG [acme.Launcher@main] Found classpath entry '/C:/Users/pabli/.m2/repository/org/springframework/data/spring-data-jpa/2.4.3/spring-data-jpa-2.4.3.jar' 
2022-05-21 21:56:08.033 DEBUG [acme.Launcher@main] Found classpath entry '/C:/Users/pabli/.m2/repository/org/springframework/data/spring-data-commons/2.4.3/spring-data-commons-2.4.3.jar' 
2022-05-21 21:56:08.033 DEBUG [acme.Launcher@main] Found classpath entry '/C:/Users/pabli/.m2/repository/org/springframework/spring-orm/5.3.3/spring-orm-5.3.3.jar' 
2022-05-21 21:56:08.033 DEBUG [acme.Launcher@main] Found classpath entry '/C:/Users/pabli/.m2/repository/org/springframework/spring-aspects/5.3.3/spring-aspects-5.3.3.jar' 
2022-05-21 21:56:08.033 DEBUG [acme.Launcher@main] Found classpath entry '/C:/Users/pabli/.m2/repository/org/springframework/boot/spring-boot-starter-validation/2.4.2/spring-boot-starter-validation-2.4.2.jar' 
2022-05-21 21:56:08.034 DEBUG [acme.Launcher@main] Found classpath entry '/C:/Users/pabli/.m2/repository/org/hibernate/validator/hibernate-validator/6.1.7.Final/hibernate-validator-6.1.7.Final.jar' 
2022-05-21 21:56:08.034 DEBUG [acme.Launcher@main] Found classpath entry '/C:/Users/pabli/.m2/repository/jakarta/validation/jakarta.validation-api/2.0.2/jakarta.validation-api-2.0.2.jar' 
2022-05-21 21:56:08.034 DEBUG [acme.Launcher@main] Found classpath entry '/C:/Users/pabli/.m2/repository/mysql/mysql-connector-java/8.0.22/mysql-connector-java-8.0.22.jar' 
2022-05-21 21:56:08.034 DEBUG [acme.Launcher@main] Found classpath entry '/C:/Users/pabli/.m2/repository/com/zaxxer/HikariCP/3.4.5/HikariCP-3.4.5.jar' 
2022-05-21 21:56:08.034 DEBUG [acme.Launcher@main] Found classpath entry '/C:/Users/pabli/.m2/repository/org/junit/jupiter/junit-jupiter-engine/5.7.0/junit-jupiter-engine-5.7.0.jar' 
2022-05-21 21:56:08.035 DEBUG [acme.Launcher@main] Found classpath entry '/C:/Users/pabli/.m2/repository/org/apiguardian/apiguardian-api/1.1.0/apiguardian-api-1.1.0.jar' 
2022-05-21 21:56:08.035 DEBUG [acme.Launcher@main] Found classpath entry '/C:/Users/pabli/.m2/repository/org/junit/platform/junit-platform-engine/1.7.0/junit-platform-engine-1.7.0.jar' 
2022-05-21 21:56:08.035 DEBUG [acme.Launcher@main] Found classpath entry '/C:/Users/pabli/.m2/repository/org/junit/jupiter/junit-jupiter-api/5.7.0/junit-jupiter-api-5.7.0.jar' 
2022-05-21 21:56:08.035 DEBUG [acme.Launcher@main] Found classpath entry '/C:/Users/pabli/.m2/repository/org/opentest4j/opentest4j/1.2.0/opentest4j-1.2.0.jar' 
2022-05-21 21:56:08.035 DEBUG [acme.Launcher@main] Found classpath entry '/C:/Users/pabli/.m2/repository/org/junit/platform/junit-platform-commons/1.7.0/junit-platform-commons-1.7.0.jar' 
2022-05-21 21:56:08.035 DEBUG [acme.Launcher@main] Found classpath entry '/C:/Users/pabli/.m2/repository/org/junit/jupiter/junit-jupiter-params/5.7.0/junit-jupiter-params-5.7.0.jar' 
2022-05-21 21:56:08.035 DEBUG [acme.Launcher@main] Found classpath entry '/C:/Users/pabli/.m2/repository/org/junit/platform/junit-platform-launcher/1.7.0/junit-platform-launcher-1.7.0.jar' 
2022-05-21 21:56:08.035 DEBUG [acme.Launcher@main] Found classpath entry '/C:/Users/pabli/.m2/repository/org/seleniumhq/selenium/selenium-java/3.141.59/selenium-java-3.141.59.jar' 
2022-05-21 21:56:08.036 DEBUG [acme.Launcher@main] Found classpath entry '/C:/Users/pabli/.m2/repository/org/seleniumhq/selenium/selenium-api/3.141.59/selenium-api-3.141.59.jar' 
2022-05-21 21:56:08.036 DEBUG [acme.Launcher@main] Found classpath entry '/C:/Users/pabli/.m2/repository/org/seleniumhq/selenium/selenium-chrome-driver/3.141.59/selenium-chrome-driver-3.141.59.jar' 
2022-05-21 21:56:08.036 DEBUG [acme.Launcher@main] Found classpath entry '/C:/Users/pabli/.m2/repository/org/seleniumhq/selenium/selenium-edge-driver/3.141.59/selenium-edge-driver-3.141.59.jar' 
2022-05-21 21:56:08.036 DEBUG [acme.Launcher@main] Found classpath entry '/C:/Users/pabli/.m2/repository/org/seleniumhq/selenium/selenium-firefox-driver/3.141.59/selenium-firefox-driver-3.141.59.jar' 
2022-05-21 21:56:08.036 DEBUG [acme.Launcher@main] Found classpath entry '/C:/Users/pabli/.m2/repository/org/seleniumhq/selenium/selenium-ie-driver/3.141.59/selenium-ie-driver-3.141.59.jar' 
2022-05-21 21:56:08.037 DEBUG [acme.Launcher@main] Found classpath entry '/C:/Users/pabli/.m2/repository/org/seleniumhq/selenium/selenium-opera-driver/3.141.59/selenium-opera-driver-3.141.59.jar' 
2022-05-21 21:56:08.037 DEBUG [acme.Launcher@main] Found classpath entry '/C:/Users/pabli/.m2/repository/org/seleniumhq/selenium/selenium-remote-driver/3.141.59/selenium-remote-driver-3.141.59.jar' 
2022-05-21 21:56:08.037 DEBUG [acme.Launcher@main] Found classpath entry '/C:/Users/pabli/.m2/repository/org/seleniumhq/selenium/selenium-safari-driver/3.141.59/selenium-safari-driver-3.141.59.jar' 
2022-05-21 21:56:08.037 DEBUG [acme.Launcher@main] Found classpath entry '/C:/Users/pabli/.m2/repository/org/seleniumhq/selenium/selenium-support/3.141.59/selenium-support-3.141.59.jar' 
2022-05-21 21:56:08.037 DEBUG [acme.Launcher@main] Found classpath entry '/C:/Users/pabli/.m2/repository/net/bytebuddy/byte-buddy/1.10.19/byte-buddy-1.10.19.jar' 
2022-05-21 21:56:08.037 DEBUG [acme.Launcher@main] Found classpath entry '/C:/Users/pabli/.m2/repository/org/apache/commons/commons-exec/1.3/commons-exec-1.3.jar' 
2022-05-21 21:56:08.037 DEBUG [acme.Launcher@main] Found classpath entry '/C:/Users/pabli/.m2/repository/com/google/guava/guava/25.0-jre/guava-25.0-jre.jar' 
2022-05-21 21:56:08.038 DEBUG [acme.Launcher@main] Found classpath entry '/C:/Users/pabli/.m2/repository/com/google/code/findbugs/jsr305/1.3.9/jsr305-1.3.9.jar' 
2022-05-21 21:56:08.038 DEBUG [acme.Launcher@main] Found classpath entry '/C:/Users/pabli/.m2/repository/org/checkerframework/checker-compat-qual/2.0.0/checker-compat-qual-2.0.0.jar' 
2022-05-21 21:56:08.038 DEBUG [acme.Launcher@main] Found classpath entry '/C:/Users/pabli/.m2/repository/com/google/errorprone/error_prone_annotations/2.1.3/error_prone_annotations-2.1.3.jar' 
2022-05-21 21:56:08.038 DEBUG [acme.Launcher@main] Found classpath entry '/C:/Users/pabli/.m2/repository/com/google/j2objc/j2objc-annotations/1.1/j2objc-annotations-1.1.jar' 
2022-05-21 21:56:08.038 DEBUG [acme.Launcher@main] Found classpath entry '/C:/Users/pabli/.m2/repository/org/codehaus/mojo/animal-sniffer-annotations/1.14/animal-sniffer-annotations-1.14.jar' 
2022-05-21 21:56:08.038 DEBUG [acme.Launcher@main] Found classpath entry '/C:/Users/pabli/.m2/repository/com/squareup/okhttp3/okhttp/3.14.9/okhttp-3.14.9.jar' 
2022-05-21 21:56:08.038 DEBUG [acme.Launcher@main] Found classpath entry '/C:/Users/pabli/.m2/repository/com/squareup/okio/okio/1.14.0/okio-1.14.0.jar' 
2022-05-21 21:56:08.039 DEBUG [acme.Launcher@main] Found classpath entry '/C:/Users/pabli/.m2/repository/org/apache/commons/commons-lang3/3.11/commons-lang3-3.11.jar' 
2022-05-21 21:56:08.039 DEBUG [acme.Launcher@main] Found classpath entry '/C:/Users/pabli/.m2/repository/org/apache/commons/commons-text/1.8/commons-text-1.8.jar' 
2022-05-21 21:56:08.039 DEBUG [acme.Launcher@main] Found classpath entry '/C:/Users/pabli/.m2/repository/commons-io/commons-io/2.6/commons-io-2.6.jar' 
2022-05-21 21:56:08.039 DEBUG [acme.Launcher@main] Found classpath entry '/C:/Users/pabli/.m2/repository/commons-cli/commons-cli/1.4/commons-cli-1.4.jar' 
2022-05-21 21:56:08.039 DEBUG [acme.Launcher@main] Found classpath entry '/C:/Users/pabli/.m2/repository/org/projectlombok/lombok/1.18.16/lombok-1.18.16.jar' 
2022-05-21 21:56:08.039 DEBUG [acme.Launcher@main] Found classpath entry '/C:/Users/pabli/.m2/repository/com/opencsv/opencsv/5.4/opencsv-5.4.jar' 
2022-05-21 21:56:08.039 DEBUG [acme.Launcher@main] Found classpath entry '/C:/Users/pabli/.m2/repository/commons-beanutils/commons-beanutils/1.9.4/commons-beanutils-1.9.4.jar' 
2022-05-21 21:56:08.039 DEBUG [acme.Launcher@main] Found classpath entry '/C:/Users/pabli/.m2/repository/commons-logging/commons-logging/1.2/commons-logging-1.2.jar' 
2022-05-21 21:56:08.039 DEBUG [acme.Launcher@main] Found classpath entry '/C:/Users/pabli/.m2/repository/commons-collections/commons-collections/3.2.2/commons-collections-3.2.2.jar' 
2022-05-21 21:56:08.040 DEBUG [acme.Launcher@main] Found classpath entry '/C:/Users/pabli/.m2/repository/org/apache/commons/commons-collections4/4.4/commons-collections4-4.4.jar' 
2022-05-21 21:56:08.185 DEBUG [acme.Launcher@main] Found entity class 'acme.entities.Announcement 
2022-05-21 21:56:08.186 DEBUG [acme.Launcher@main] Found entity class 'acme.entities.Chirp 
2022-05-21 21:56:08.186 DEBUG [acme.Launcher@main] Found entity class 'acme.entities.Item 
2022-05-21 21:56:08.186 DEBUG [acme.Launcher@main] Found entity class 'acme.entities.Patronage 
2022-05-21 21:56:08.187 DEBUG [acme.Launcher@main] Found entity class 'acme.entities.PatronageReport 
2022-05-21 21:56:08.187 DEBUG [acme.Launcher@main] Found entity class 'acme.entities.Quantity 
2022-05-21 21:56:08.187 DEBUG [acme.Launcher@main] Found entity class 'acme.entities.SystemConfiguration 
2022-05-21 21:56:08.187 DEBUG [acme.Launcher@main] Found entity class 'acme.entities.Toolkit 
2022-05-21 21:56:08.187 DEBUG [acme.Launcher@main] Found entity class 'acme.roles.Consumer 
2022-05-21 21:56:08.189 DEBUG [acme.Launcher@main] Found entity class 'acme.roles.Inventor 
2022-05-21 21:56:08.189 DEBUG [acme.Launcher@main] Found entity class 'acme.roles.Patron 
2022-05-21 21:56:08.189 DEBUG [acme.Launcher@main] Found entity class 'acme.roles.Provider 
2022-05-21 21:56:08.189 DEBUG [acme.Launcher@main] Found entity class 'acme.framework.entities.UserAccount 
2022-05-21 21:56:08.189 DEBUG [acme.Launcher@main] Found entity class 'acme.framework.roles.Administrator 
2022-05-21 21:56:08.190 DEBUG [acme.Launcher@main] Found entity class 'acme.framework.roles.Anonymous 
2022-05-21 21:56:08.190 DEBUG [acme.Launcher@main] Found entity class 'acme.framework.roles.Any 
2022-05-21 21:56:08.190 DEBUG [acme.Launcher@main] Found entity class 'acme.framework.roles.Authenticated 
2022-05-21 21:56:08.197 INFO  [acme.Launcher@main] Running application (Standalone) 
2022-05-21 21:56:13.695 ERROR [org.apache.catalina.core.ContainerBase.[Tomcat].[localhost].[/acme-toolkits-e3.08-1.0].[dispatcherServlet]@http-nio-8080-exec-1] Servlet.service() for servlet [dispatcherServlet] in context with path [/acme-toolkits-e3.08-1.0] threw exception [Filter execution threw an exception] with root cause at acme.framework.controllers.RememberMeLogoutHandler.logout(RememberMeLogoutHandler.java:31): java.lang.AssertionError
2022-05-21 21:56:13.768 DEBUG [acme.framework.components.tiles.DynamicTilesView@http-nio-8080-exec-1] View name 'master/panic', model {} 
2022-05-21 21:56:13.802 DEBUG [org.apache.tiles.definition.dao.BaseLocaleUrlDefinitionDAO@http-nio-8080-exec-1] File Resource file:/P:/Workspace-22.0/Projects/Acme-Toolkits-E3.08/target/classes/WEB-INF/views/master/tiles_es.xml at file:/P:/Workspace-22.0/Projects/Acme-Toolkits-E3.08/target/classes/WEB-INF/views/master/tiles_es.xml not found, continue 
2022-05-21 21:56:13.809 DEBUG [org.apache.jasper.servlet.JspServlet@http-nio-8080-exec-1] JspEngine --> /WEB-INF/views/master/page.jsp 
2022-05-21 21:56:13.810 DEBUG [org.apache.jasper.servlet.JspServlet@http-nio-8080-exec-1] ServletPath: /WEB-INF/views/master/page.jsp 
2022-05-21 21:56:13.813 DEBUG [org.apache.jasper.servlet.JspServlet@http-nio-8080-exec-1] PathInfo: null 
2022-05-21 21:56:13.816 DEBUG [org.apache.jasper.servlet.JspServlet@http-nio-8080-exec-1] RealPath: P:\Workspace-22.0\Projects\Acme-Toolkits-E3.08\target\classes\WEB-INF\views\master\page.jsp 
2022-05-21 21:56:13.817 DEBUG [org.apache.jasper.servlet.JspServlet@http-nio-8080-exec-1] RequestURI: /acme-toolkits-e3.08-1.0/WEB-INF/views/master/page.jsp 
2022-05-21 21:56:13.818 DEBUG [org.apache.jasper.servlet.JspServlet@http-nio-8080-exec-1] QueryString: null 
2022-05-21 21:56:18.712 DEBUG [acme.framework.configuration.ExtendedMessageSource@http-nio-8080-exec-1] Loading properties [P:\Workspace-22.0\Projects\Acme-Toolkits-E3.08\target\classes\WEB-INF\views\administrator\administrator-dashboard\messages-en.i18n] with encoding 'utf-8' 
2022-05-21 21:56:18.713 DEBUG [acme.framework.configuration.ExtendedMessageSource@http-nio-8080-exec-1] Loading properties [P:\Workspace-22.0\Projects\Acme-Toolkits-E3.08\target\classes\WEB-INF\views\administrator\announcement\messages-en.i18n] with encoding 'utf-8' 
2022-05-21 21:56:18.713 DEBUG [acme.framework.configuration.ExtendedMessageSource@http-nio-8080-exec-1] Loading properties [P:\Workspace-22.0\Projects\Acme-Toolkits-E3.08\target\classes\WEB-INF\views\administrator\system-configuration\messsages-en.i18n] with encoding 'utf-8' 
2022-05-21 21:56:18.714 DEBUG [acme.framework.configuration.ExtendedMessageSource@http-nio-8080-exec-1] Loading properties [P:\Workspace-22.0\Projects\Acme-Toolkits-E3.08\target\classes\WEB-INF\views\administrator\user-account\messages-en.i18n] with encoding 'utf-8' 
2022-05-21 21:56:18.714 DEBUG [acme.framework.configuration.ExtendedMessageSource@http-nio-8080-exec-1] Loading properties [P:\Workspace-22.0\Projects\Acme-Toolkits-E3.08\target\classes\WEB-INF\views\anonymous\user-account\messages-en.i18n] with encoding 'utf-8' 
2022-05-21 21:56:18.715 DEBUG [acme.framework.configuration.ExtendedMessageSource@http-nio-8080-exec-1] Loading properties [P:\Workspace-22.0\Projects\Acme-Toolkits-E3.08\target\classes\WEB-INF\views\any\chirp\messsages-en.i18n] with encoding 'utf-8' 
2022-05-21 21:56:18.715 DEBUG [acme.framework.configuration.ExtendedMessageSource@http-nio-8080-exec-1] Loading properties [P:\Workspace-22.0\Projects\Acme-Toolkits-E3.08\target\classes\WEB-INF\views\any\item\messsages-en.i18n] with encoding 'utf-8' 
2022-05-21 21:56:18.716 DEBUG [acme.framework.configuration.ExtendedMessageSource@http-nio-8080-exec-1] Loading properties [P:\Workspace-22.0\Projects\Acme-Toolkits-E3.08\target\classes\WEB-INF\views\any\toolkit\messsages-en.i18n] with encoding 'utf-8' 
2022-05-21 21:56:18.717 DEBUG [acme.framework.configuration.ExtendedMessageSource@http-nio-8080-exec-1] Loading properties [P:\Workspace-22.0\Projects\Acme-Toolkits-E3.08\target\classes\WEB-INF\views\any\user-account\messsages-en.i18n] with encoding 'utf-8' 
2022-05-21 21:56:18.717 DEBUG [acme.framework.configuration.ExtendedMessageSource@http-nio-8080-exec-1] Loading properties [P:\Workspace-22.0\Projects\Acme-Toolkits-E3.08\target\classes\WEB-INF\views\authenticated\announcement\messsages-en.i18n] with encoding 'utf-8' 
2022-05-21 21:56:18.718 DEBUG [acme.framework.configuration.ExtendedMessageSource@http-nio-8080-exec-1] Loading properties [P:\Workspace-22.0\Projects\Acme-Toolkits-E3.08\target\classes\WEB-INF\views\authenticated\consumer\messsages-en.i18n] with encoding 'utf-8' 
2022-05-21 21:56:18.719 DEBUG [acme.framework.configuration.ExtendedMessageSource@http-nio-8080-exec-1] Loading properties [P:\Workspace-22.0\Projects\Acme-Toolkits-E3.08\target\classes\WEB-INF\views\authenticated\inventor\messsages-en.i18n] with encoding 'utf-8' 
2022-05-21 21:56:18.720 DEBUG [acme.framework.configuration.ExtendedMessageSource@http-nio-8080-exec-1] Loading properties [P:\Workspace-22.0\Projects\Acme-Toolkits-E3.08\target\classes\WEB-INF\views\authenticated\patron\messsages-en.i18n] with encoding 'utf-8' 
2022-05-21 21:56:18.726 DEBUG [acme.framework.configuration.ExtendedMessageSource@http-nio-8080-exec-1] Loading properties [P:\Workspace-22.0\Projects\Acme-Toolkits-E3.08\target\classes\WEB-INF\views\authenticated\provider\messsages-en.i18n] with encoding 'utf-8' 
2022-05-21 21:56:18.727 DEBUG [acme.framework.configuration.ExtendedMessageSource@http-nio-8080-exec-1] Loading properties [P:\Workspace-22.0\Projects\Acme-Toolkits-E3.08\target\classes\WEB-INF\views\authenticated\system-configuration\messsages-en.i18n] with encoding 'utf-8' 
2022-05-21 21:56:18.729 DEBUG [acme.framework.configuration.ExtendedMessageSource@http-nio-8080-exec-1] Loading properties [P:\Workspace-22.0\Projects\Acme-Toolkits-E3.08\target\classes\WEB-INF\views\authenticated\user-account\messages-en.i18n] with encoding 'utf-8' 
2022-05-21 21:56:18.730 DEBUG [acme.framework.configuration.ExtendedMessageSource@http-nio-8080-exec-1] Loading properties [P:\Workspace-22.0\Projects\Acme-Toolkits-E3.08\target\classes\WEB-INF\views\fragments\banner-en.i18n] with encoding 'utf-8' 
2022-05-21 21:56:18.731 DEBUG [acme.framework.configuration.ExtendedMessageSource@http-nio-8080-exec-1] Loading properties [P:\Workspace-22.0\Projects\Acme-Toolkits-E3.08\target\classes\WEB-INF\views\fragments\company-en.i18n] with encoding 'utf-8' 
2022-05-21 21:56:18.732 DEBUG [acme.framework.configuration.ExtendedMessageSource@http-nio-8080-exec-1] Loading properties [P:\Workspace-22.0\Projects\Acme-Toolkits-E3.08\target\classes\WEB-INF\views\fragments\footer-en.i18n] with encoding 'utf-8' 
2022-05-21 21:56:18.733 DEBUG [acme.framework.configuration.ExtendedMessageSource@http-nio-8080-exec-1] Loading properties [P:\Workspace-22.0\Projects\Acme-Toolkits-E3.08\target\classes\WEB-INF\views\fragments\license-en.i18n] with encoding 'utf-8' 
2022-05-21 21:56:18.733 DEBUG [acme.framework.configuration.ExtendedMessageSource@http-nio-8080-exec-1] Loading properties [P:\Workspace-22.0\Projects\Acme-Toolkits-E3.08\target\classes\WEB-INF\views\fragments\menu-en.i18n] with encoding 'utf-8' 
2022-05-21 21:56:18.734 DEBUG [acme.framework.configuration.ExtendedMessageSource@http-nio-8080-exec-1] Loading properties [P:\Workspace-22.0\Projects\Acme-Toolkits-E3.08\target\classes\WEB-INF\views\fragments\messsages-en.i18n] with encoding 'utf-8' 
2022-05-21 21:56:18.734 DEBUG [acme.framework.configuration.ExtendedMessageSource@http-nio-8080-exec-1] Loading properties [P:\Workspace-22.0\Projects\Acme-Toolkits-E3.08\target\classes\WEB-INF\views\fragments\title-en.i18n] with encoding 'utf-8' 
2022-05-21 21:56:18.735 DEBUG [acme.framework.configuration.ExtendedMessageSource@http-nio-8080-exec-1] Loading properties [P:\Workspace-22.0\Projects\Acme-Toolkits-E3.08\target\classes\WEB-INF\views\fragments\welcome-en.i18n] with encoding 'utf-8' 
2022-05-21 21:56:18.735 DEBUG [acme.framework.configuration.ExtendedMessageSource@http-nio-8080-exec-1] Loading properties [P:\Workspace-22.0\Projects\Acme-Toolkits-E3.08\target\classes\WEB-INF\views\inventor\item\messsages-en.i18n] with encoding 'utf-8' 
2022-05-21 21:56:18.736 DEBUG [acme.framework.configuration.ExtendedMessageSource@http-nio-8080-exec-1] Loading properties [P:\Workspace-22.0\Projects\Acme-Toolkits-E3.08\target\classes\WEB-INF\views\inventor\patronage\messsages-en.i18n] with encoding 'utf-8' 
2022-05-21 21:56:18.737 DEBUG [acme.framework.configuration.ExtendedMessageSource@http-nio-8080-exec-1] Loading properties [P:\Workspace-22.0\Projects\Acme-Toolkits-E3.08\target\classes\WEB-INF\views\inventor\patronage-report\messages-en.i18n] with encoding 'utf-8' 
2022-05-21 21:56:18.738 DEBUG [acme.framework.configuration.ExtendedMessageSource@http-nio-8080-exec-1] Loading properties [P:\Workspace-22.0\Projects\Acme-Toolkits-E3.08\target\classes\WEB-INF\views\inventor\toolkit\messsages-en.i18n] with encoding 'utf-8' 
2022-05-21 21:56:18.739 DEBUG [acme.framework.configuration.ExtendedMessageSource@http-nio-8080-exec-1] Loading properties [P:\Workspace-22.0\Projects\Acme-Toolkits-E3.08\target\classes\WEB-INF\views\master\defaults-en.i18n] with encoding 'utf-8' 
2022-05-21 21:56:18.740 DEBUG [acme.framework.configuration.ExtendedMessageSource@http-nio-8080-exec-1] Loading properties [P:\Workspace-22.0\Projects\Acme-Toolkits-E3.08\target\classes\WEB-INF\views\master\master-en.i18n] with encoding 'utf-8' 
2022-05-21 21:56:18.740 DEBUG [acme.framework.configuration.ExtendedMessageSource@http-nio-8080-exec-1] Loading properties [P:\Workspace-22.0\Projects\Acme-Toolkits-E3.08\target\classes\WEB-INF\views\master\throwables-en.i18n] with encoding 'utf-8' 
2022-05-21 21:56:18.741 DEBUG [acme.framework.configuration.ExtendedMessageSource@http-nio-8080-exec-1] Loading properties [P:\Workspace-22.0\Projects\Acme-Toolkits-E3.08\target\classes\WEB-INF\views\master\validation-en.i18n] with encoding 'utf-8' 
2022-05-21 21:56:18.742 DEBUG [acme.framework.configuration.ExtendedMessageSource@http-nio-8080-exec-1] Loading properties [P:\Workspace-22.0\Projects\Acme-Toolkits-E3.08\target\classes\WEB-INF\views\patron\patron-dashboard\messages-en.i18n] with encoding 'utf-8' 
2022-05-21 21:56:18.742 DEBUG [acme.framework.configuration.ExtendedMessageSource@http-nio-8080-exec-1] Loading properties [P:\Workspace-22.0\Projects\Acme-Toolkits-E3.08\target\classes\WEB-INF\views\patron\patronage\messsages-en.i18n] with encoding 'utf-8' 
2022-05-21 21:56:18.743 DEBUG [acme.framework.configuration.ExtendedMessageSource@http-nio-8080-exec-1] Loading properties [P:\Workspace-22.0\Projects\Acme-Toolkits-E3.08\target\classes\WEB-INF\views\patron\patronage-report\messsages-en.i18n] with encoding 'utf-8' 
2022-05-21 21:56:18.750 DEBUG [acme.framework.configuration.ExtendedMessageSource@http-nio-8080-exec-1] Loading properties [P:\Workspace-22.0\Projects\Acme-Toolkits-E3.08\target\classes\WEB-INF\views\administrator\administrator-dashboard\messages-es.i18n] with encoding 'utf-8' 
2022-05-21 21:56:18.753 DEBUG [acme.framework.configuration.ExtendedMessageSource@http-nio-8080-exec-1] Loading properties [P:\Workspace-22.0\Projects\Acme-Toolkits-E3.08\target\classes\WEB-INF\views\administrator\announcement\messages-es.i18n] with encoding 'utf-8' 
2022-05-21 21:56:18.761 DEBUG [acme.framework.configuration.ExtendedMessageSource@http-nio-8080-exec-1] Loading properties [P:\Workspace-22.0\Projects\Acme-Toolkits-E3.08\target\classes\WEB-INF\views\administrator\system-configuration\messsages-es.i18n] with encoding 'utf-8' 
2022-05-21 21:56:18.763 DEBUG [acme.framework.configuration.ExtendedMessageSource@http-nio-8080-exec-1] Loading properties [P:\Workspace-22.0\Projects\Acme-Toolkits-E3.08\target\classes\WEB-INF\views\administrator\user-account\messages-es.i18n] with encoding 'utf-8' 
2022-05-21 21:56:18.764 DEBUG [acme.framework.configuration.ExtendedMessageSource@http-nio-8080-exec-1] Loading properties [P:\Workspace-22.0\Projects\Acme-Toolkits-E3.08\target\classes\WEB-INF\views\anonymous\user-account\messages-es.i18n] with encoding 'utf-8' 
2022-05-21 21:56:18.765 DEBUG [acme.framework.configuration.ExtendedMessageSource@http-nio-8080-exec-1] Loading properties [P:\Workspace-22.0\Projects\Acme-Toolkits-E3.08\target\classes\WEB-INF\views\any\chirp\messsages-es.i18n] with encoding 'utf-8' 
2022-05-21 21:56:18.767 DEBUG [acme.framework.configuration.ExtendedMessageSource@http-nio-8080-exec-1] Loading properties [P:\Workspace-22.0\Projects\Acme-Toolkits-E3.08\target\classes\WEB-INF\views\any\item\messsages-es.i18n] with encoding 'utf-8' 
2022-05-21 21:56:18.769 DEBUG [acme.framework.configuration.ExtendedMessageSource@http-nio-8080-exec-1] Loading properties [P:\Workspace-22.0\Projects\Acme-Toolkits-E3.08\target\classes\WEB-INF\views\any\toolkit\messsages-es.i18n] with encoding 'utf-8' 
2022-05-21 21:56:18.770 DEBUG [acme.framework.configuration.ExtendedMessageSource@http-nio-8080-exec-1] Loading properties [P:\Workspace-22.0\Projects\Acme-Toolkits-E3.08\target\classes\WEB-INF\views\any\user-account\messsages-es.i18n] with encoding 'utf-8' 
2022-05-21 21:56:18.772 DEBUG [acme.framework.configuration.ExtendedMessageSource@http-nio-8080-exec-1] Loading properties [P:\Workspace-22.0\Projects\Acme-Toolkits-E3.08\target\classes\WEB-INF\views\authenticated\announcement\messsages-es.i18n] with encoding 'utf-8' 
2022-05-21 21:56:18.774 DEBUG [acme.framework.configuration.ExtendedMessageSource@http-nio-8080-exec-1] Loading properties [P:\Workspace-22.0\Projects\Acme-Toolkits-E3.08\target\classes\WEB-INF\views\authenticated\consumer\messsages-es.i18n] with encoding 'utf-8' 
2022-05-21 21:56:18.775 DEBUG [acme.framework.configuration.ExtendedMessageSource@http-nio-8080-exec-1] Loading properties [P:\Workspace-22.0\Projects\Acme-Toolkits-E3.08\target\classes\WEB-INF\views\authenticated\inventor\messsages-es.i18n] with encoding 'utf-8' 
2022-05-21 21:56:18.777 DEBUG [acme.framework.configuration.ExtendedMessageSource@http-nio-8080-exec-1] Loading properties [P:\Workspace-22.0\Projects\Acme-Toolkits-E3.08\target\classes\WEB-INF\views\authenticated\patron\messsages-es.i18n] with encoding 'utf-8' 
2022-05-21 21:56:18.777 DEBUG [acme.framework.configuration.ExtendedMessageSource@http-nio-8080-exec-1] Loading properties [P:\Workspace-22.0\Projects\Acme-Toolkits-E3.08\target\classes\WEB-INF\views\authenticated\provider\messsages-es.i18n] with encoding 'utf-8' 
2022-05-21 21:56:18.778 DEBUG [acme.framework.configuration.ExtendedMessageSource@http-nio-8080-exec-1] Loading properties [P:\Workspace-22.0\Projects\Acme-Toolkits-E3.08\target\classes\WEB-INF\views\authenticated\system-configuration\messsages-es.i18n] with encoding 'utf-8' 
2022-05-21 21:56:18.780 DEBUG [acme.framework.configuration.ExtendedMessageSource@http-nio-8080-exec-1] Loading properties [P:\Workspace-22.0\Projects\Acme-Toolkits-E3.08\target\classes\WEB-INF\views\authenticated\user-account\messages-es.i18n] with encoding 'utf-8' 
2022-05-21 21:56:18.781 DEBUG [acme.framework.configuration.ExtendedMessageSource@http-nio-8080-exec-1] Loading properties [P:\Workspace-22.0\Projects\Acme-Toolkits-E3.08\target\classes\WEB-INF\views\fragments\banner-es.i18n] with encoding 'utf-8' 
2022-05-21 21:56:18.782 DEBUG [acme.framework.configuration.ExtendedMessageSource@http-nio-8080-exec-1] Loading properties [P:\Workspace-22.0\Projects\Acme-Toolkits-E3.08\target\classes\WEB-INF\views\fragments\company-es.i18n] with encoding 'utf-8' 
2022-05-21 21:56:18.783 DEBUG [acme.framework.configuration.ExtendedMessageSource@http-nio-8080-exec-1] Loading properties [P:\Workspace-22.0\Projects\Acme-Toolkits-E3.08\target\classes\WEB-INF\views\fragments\footer-es.i18n] with encoding 'utf-8' 
2022-05-21 21:56:18.784 DEBUG [acme.framework.configuration.ExtendedMessageSource@http-nio-8080-exec-1] Loading properties [P:\Workspace-22.0\Projects\Acme-Toolkits-E3.08\target\classes\WEB-INF\views\fragments\license-es.i18n] with encoding 'utf-8' 
2022-05-21 21:56:18.786 DEBUG [acme.framework.configuration.ExtendedMessageSource@http-nio-8080-exec-1] Loading properties [P:\Workspace-22.0\Projects\Acme-Toolkits-E3.08\target\classes\WEB-INF\views\fragments\menu-es.i18n] with encoding 'utf-8' 
2022-05-21 21:56:18.790 DEBUG [acme.framework.configuration.ExtendedMessageSource@http-nio-8080-exec-1] Loading properties [P:\Workspace-22.0\Projects\Acme-Toolkits-E3.08\target\classes\WEB-INF\views\fragments\messsages-es.i18n] with encoding 'utf-8' 
2022-05-21 21:56:18.792 DEBUG [acme.framework.configuration.ExtendedMessageSource@http-nio-8080-exec-1] Loading properties [P:\Workspace-22.0\Projects\Acme-Toolkits-E3.08\target\classes\WEB-INF\views\fragments\title-es.i18n] with encoding 'utf-8' 
2022-05-21 21:56:18.794 DEBUG [acme.framework.configuration.ExtendedMessageSource@http-nio-8080-exec-1] Loading properties [P:\Workspace-22.0\Projects\Acme-Toolkits-E3.08\target\classes\WEB-INF\views\fragments\welcome-es.i18n] with encoding 'utf-8' 
2022-05-21 21:56:18.795 DEBUG [acme.framework.configuration.ExtendedMessageSource@http-nio-8080-exec-1] Loading properties [P:\Workspace-22.0\Projects\Acme-Toolkits-E3.08\target\classes\WEB-INF\views\inventor\item\messsages-es.i18n] with encoding 'utf-8' 
2022-05-21 21:56:18.796 DEBUG [acme.framework.configuration.ExtendedMessageSource@http-nio-8080-exec-1] Loading properties [P:\Workspace-22.0\Projects\Acme-Toolkits-E3.08\target\classes\WEB-INF\views\inventor\patronage\messsages-es.i18n] with encoding 'utf-8' 
2022-05-21 21:56:18.798 DEBUG [acme.framework.configuration.ExtendedMessageSource@http-nio-8080-exec-1] Loading properties [P:\Workspace-22.0\Projects\Acme-Toolkits-E3.08\target\classes\WEB-INF\views\inventor\patronage-report\messages-es.i18n] with encoding 'utf-8' 
2022-05-21 21:56:18.799 DEBUG [acme.framework.configuration.ExtendedMessageSource@http-nio-8080-exec-1] Loading properties [P:\Workspace-22.0\Projects\Acme-Toolkits-E3.08\target\classes\WEB-INF\views\inventor\toolkit\messsages-es.i18n] with encoding 'utf-8' 
2022-05-21 21:56:18.801 DEBUG [acme.framework.configuration.ExtendedMessageSource@http-nio-8080-exec-1] Loading properties [P:\Workspace-22.0\Projects\Acme-Toolkits-E3.08\target\classes\WEB-INF\views\master\defaults-es.i18n] with encoding 'utf-8' 
2022-05-21 21:56:18.802 DEBUG [acme.framework.configuration.ExtendedMessageSource@http-nio-8080-exec-1] Loading properties [P:\Workspace-22.0\Projects\Acme-Toolkits-E3.08\target\classes\WEB-INF\views\master\master-es.i18n] with encoding 'utf-8' 
2022-05-21 21:56:18.803 DEBUG [acme.framework.configuration.ExtendedMessageSource@http-nio-8080-exec-1] Loading properties [P:\Workspace-22.0\Projects\Acme-Toolkits-E3.08\target\classes\WEB-INF\views\master\throwables-es.i18n] with encoding 'utf-8' 
2022-05-21 21:56:18.804 DEBUG [acme.framework.configuration.ExtendedMessageSource@http-nio-8080-exec-1] Loading properties [P:\Workspace-22.0\Projects\Acme-Toolkits-E3.08\target\classes\WEB-INF\views\master\validation-es.i18n] with encoding 'utf-8' 
2022-05-21 21:56:18.806 DEBUG [acme.framework.configuration.ExtendedMessageSource@http-nio-8080-exec-1] Loading properties [P:\Workspace-22.0\Projects\Acme-Toolkits-E3.08\target\classes\WEB-INF\views\patron\patron-dashboard\messages-es.i18n] with encoding 'utf-8' 
2022-05-21 21:56:18.806 DEBUG [acme.framework.configuration.ExtendedMessageSource@http-nio-8080-exec-1] Loading properties [P:\Workspace-22.0\Projects\Acme-Toolkits-E3.08\target\classes\WEB-INF\views\patron\patronage\messsages-es.i18n] with encoding 'utf-8' 
2022-05-21 21:56:18.807 DEBUG [acme.framework.configuration.ExtendedMessageSource@http-nio-8080-exec-1] Loading properties [P:\Workspace-22.0\Projects\Acme-Toolkits-E3.08\target\classes\WEB-INF\views\patron\patronage-report\messsages-es.i18n] with encoding 'utf-8' 
2022-05-21 21:56:19.069 DEBUG [org.apache.jasper.servlet.JspServlet@http-nio-8080-exec-1] JspEngine --> /WEB-INF/views/master/panic.jsp 
2022-05-21 21:56:19.070 DEBUG [org.apache.jasper.servlet.JspServlet@http-nio-8080-exec-1] ServletPath: /WEB-INF/views/master/page.jsp 
2022-05-21 21:56:19.070 DEBUG [org.apache.jasper.servlet.JspServlet@http-nio-8080-exec-1] PathInfo: null 
2022-05-21 21:56:19.072 DEBUG [org.apache.jasper.servlet.JspServlet@http-nio-8080-exec-1] RealPath: P:\Workspace-22.0\Projects\Acme-Toolkits-E3.08\target\classes\WEB-INF\views\master\panic.jsp 
2022-05-21 21:56:19.072 DEBUG [org.apache.jasper.servlet.JspServlet@http-nio-8080-exec-1] RequestURI: /acme-toolkits-e3.08-1.0/WEB-INF/views/master/page.jsp 
2022-05-21 21:56:19.072 DEBUG [org.apache.jasper.servlet.JspServlet@http-nio-8080-exec-1] QueryString: null 
2022-05-21 21:56:19.337 ERROR [org.apache.jsp.WEB_002dINF.views.master.panic_jsp@http-nio-8080-exec-1] HTTP GET /acme-toolkits-e3.08-1.0/WEB-INF/views/master/page.jsp HTTP/1.1 
2022-05-21 21:56:19.337 ERROR [org.apache.jsp.WEB_002dINF.views.master.panic_jsp@http-nio-8080-exec-1] Status: 500 
2022-05-21 21:56:19.338 ERROR [org.apache.jsp.WEB_002dINF.views.master.panic_jsp@http-nio-8080-exec-1] Exception: org.apache.catalina.core.ApplicationFilterChain.internalDoFilter(ApplicationFilterChain.java:200): Filter execution threw an exception\nacme.framework.controllers.RememberMeLogoutHandler.logout(RememberMeLogoutHandler.java:31): java.lang.AssertionError 
2022-05-21 21:56:19.528 DEBUG [org.hibernate.SQL@http-nio-8080-exec-1] select useraccoun0_.id as id1_0_, useraccoun0_.version as version2_0_, useraccoun0_.enabled as enabled1_17_, useraccoun0_.identity as identity2_17_, useraccoun0_.password as password3_17_, useraccoun0_.username as username4_17_ from user_account useraccoun0_ where useraccoun0_.username=? 
2022-05-21 21:56:19.558 TRACE [org.hibernate.type.descriptor.sql.BasicBinder@http-nio-8080-exec-1] binding parameter [1] as [VARCHAR] - [anonymous] 
2022-05-21 21:56:19.612 DEBUG [org.hibernate.SQL@http-nio-8080-exec-1] select roles0_.user_account_id as user_acc1_18_0_, roles0_.id as id1_18_0_, roles0_.id as id1_0_1_, roles0_.version as version2_0_1_, roles0_.user_account_id as user_acc1_18_1_, roles0_.company as company1_7_1_, roles0_.sector as sector2_7_1_, roles0_.company as company1_8_1_, roles0_.info as info2_8_1_, roles0_.statement as statemen3_8_1_, roles0_.company as company1_10_1_, roles0_.info as info2_10_1_, roles0_.statement as statemen3_10_1_, roles0_.company as company1_13_1_, roles0_.sector as sector2_13_1_, roles0_.clazz_ as clazz_1_ from ( select id, version, user_account_id, company, sector, null as info, null as statement, 10 as clazz_ from consumer union all select id, version, user_account_id, company, null as sector, info, statement, 11 as clazz_ from inventor union all select id, version, user_account_id, company, null as sector, info, statement, 12 as clazz_ from patron union all select id, version, user_account_id, company, sector, null as info, null as statement, 13 as clazz_ from provider union all select id, version, user_account_id, null as company, null as sector, null as info, null as statement, 15 as clazz_ from administrator union all select id, version, user_account_id, null as company, null as sector, null as info, null as statement, 16 as clazz_ from anonymous union all select id, version, user_account_id, null as company, null as sector, null as info, null as statement, 17 as clazz_ from any union all select id, version, user_account_id, null as company, null as sector, null as info, null as statement, 18 as clazz_ from authenticated ) roles0_ where roles0_.user_account_id=? 
2022-05-21 21:56:19.612 TRACE [org.hibernate.type.descriptor.sql.BasicBinder@http-nio-8080-exec-1] binding parameter [1] as [INTEGER] - [1] 
2022-05-21 21:56:21.244 DEBUG [acme.framework.components.tiles.DynamicTilesView@http-nio-8080-exec-10] View name 'master/sign-in', model {username=, password=, remember=false} 
2022-05-21 21:56:21.246 DEBUG [org.apache.jasper.servlet.JspServlet@http-nio-8080-exec-10] JspEngine --> /WEB-INF/views/master/page.jsp 
2022-05-21 21:56:21.246 DEBUG [org.apache.jasper.servlet.JspServlet@http-nio-8080-exec-10] ServletPath: /WEB-INF/views/master/page.jsp 
2022-05-21 21:56:21.246 DEBUG [org.apache.jasper.servlet.JspServlet@http-nio-8080-exec-10] PathInfo: null 
2022-05-21 21:56:21.248 DEBUG [org.apache.jasper.servlet.JspServlet@http-nio-8080-exec-10] RealPath: P:\Workspace-22.0\Projects\Acme-Toolkits-E3.08\target\classes\WEB-INF\views\master\page.jsp 
2022-05-21 21:56:21.248 DEBUG [org.apache.jasper.servlet.JspServlet@http-nio-8080-exec-10] RequestURI: /acme-toolkits-e3.08-1.0/WEB-INF/views/master/page.jsp 
2022-05-21 21:56:21.248 DEBUG [org.apache.jasper.servlet.JspServlet@http-nio-8080-exec-10] QueryString: null 
2022-05-21 21:56:21.356 DEBUG [org.apache.jasper.servlet.JspServlet@http-nio-8080-exec-10] JspEngine --> /WEB-INF/views/master/sign-in.jsp 
2022-05-21 21:56:21.357 DEBUG [org.apache.jasper.servlet.JspServlet@http-nio-8080-exec-10] ServletPath: /WEB-INF/views/master/page.jsp 
2022-05-21 21:56:21.358 DEBUG [org.apache.jasper.servlet.JspServlet@http-nio-8080-exec-10] PathInfo: null 
2022-05-21 21:56:21.359 DEBUG [org.apache.jasper.servlet.JspServlet@http-nio-8080-exec-10] RealPath: P:\Workspace-22.0\Projects\Acme-Toolkits-E3.08\target\classes\WEB-INF\views\master\sign-in.jsp 
2022-05-21 21:56:21.359 DEBUG [org.apache.jasper.servlet.JspServlet@http-nio-8080-exec-10] RequestURI: /acme-toolkits-e3.08-1.0/WEB-INF/views/master/page.jsp 
2022-05-21 21:56:21.359 DEBUG [org.apache.jasper.servlet.JspServlet@http-nio-8080-exec-10] QueryString: null 
2022-05-21 21:56:23.464 DEBUG [org.hibernate.SQL@http-nio-8080-exec-10] select useraccoun0_.id as id1_0_, useraccoun0_.version as version2_0_, useraccoun0_.enabled as enabled1_17_, useraccoun0_.identity as identity2_17_, useraccoun0_.password as password3_17_, useraccoun0_.username as username4_17_ from user_account useraccoun0_ where useraccoun0_.username=? 
2022-05-21 21:56:23.465 TRACE [org.hibernate.type.descriptor.sql.BasicBinder@http-nio-8080-exec-10] binding parameter [1] as [VARCHAR] - [anonymous] 
2022-05-21 21:56:23.466 DEBUG [org.hibernate.SQL@http-nio-8080-exec-10] select roles0_.user_account_id as user_acc1_18_0_, roles0_.id as id1_18_0_, roles0_.id as id1_0_1_, roles0_.version as version2_0_1_, roles0_.user_account_id as user_acc1_18_1_, roles0_.company as company1_7_1_, roles0_.sector as sector2_7_1_, roles0_.company as company1_8_1_, roles0_.info as info2_8_1_, roles0_.statement as statemen3_8_1_, roles0_.company as company1_10_1_, roles0_.info as info2_10_1_, roles0_.statement as statemen3_10_1_, roles0_.company as company1_13_1_, roles0_.sector as sector2_13_1_, roles0_.clazz_ as clazz_1_ from ( select id, version, user_account_id, company, sector, null as info, null as statement, 10 as clazz_ from consumer union all select id, version, user_account_id, company, null as sector, info, statement, 11 as clazz_ from inventor union all select id, version, user_account_id, company, null as sector, info, statement, 12 as clazz_ from patron union all select id, version, user_account_id, company, sector, null as info, null as statement, 13 as clazz_ from provider union all select id, version, user_account_id, null as company, null as sector, null as info, null as statement, 15 as clazz_ from administrator union all select id, version, user_account_id, null as company, null as sector, null as info, null as statement, 16 as clazz_ from anonymous union all select id, version, user_account_id, null as company, null as sector, null as info, null as statement, 17 as clazz_ from any union all select id, version, user_account_id, null as company, null as sector, null as info, null as statement, 18 as clazz_ from authenticated ) roles0_ where roles0_.user_account_id=? 
2022-05-21 21:56:23.467 TRACE [org.hibernate.type.descriptor.sql.BasicBinder@http-nio-8080-exec-10] binding parameter [1] as [INTEGER] - [1] 
2022-05-21 21:56:26.211 DEBUG [org.hibernate.SQL@http-nio-8080-exec-8] select useraccoun0_.id as id1_0_, useraccoun0_.version as version2_0_, useraccoun0_.enabled as enabled1_17_, useraccoun0_.identity as identity2_17_, useraccoun0_.password as password3_17_, useraccoun0_.username as username4_17_ from user_account useraccoun0_ where useraccoun0_.username=? 
2022-05-21 21:56:26.212 TRACE [org.hibernate.type.descriptor.sql.BasicBinder@http-nio-8080-exec-8] binding parameter [1] as [VARCHAR] - [patron2] 
2022-05-21 21:56:26.213 DEBUG [org.hibernate.SQL@http-nio-8080-exec-8] select roles0_.user_account_id as user_acc1_18_0_, roles0_.id as id1_18_0_, roles0_.id as id1_0_1_, roles0_.version as version2_0_1_, roles0_.user_account_id as user_acc1_18_1_, roles0_.company as company1_7_1_, roles0_.sector as sector2_7_1_, roles0_.company as company1_8_1_, roles0_.info as info2_8_1_, roles0_.statement as statemen3_8_1_, roles0_.company as company1_10_1_, roles0_.info as info2_10_1_, roles0_.statement as statemen3_10_1_, roles0_.company as company1_13_1_, roles0_.sector as sector2_13_1_, roles0_.clazz_ as clazz_1_ from ( select id, version, user_account_id, company, sector, null as info, null as statement, 10 as clazz_ from consumer union all select id, version, user_account_id, company, null as sector, info, statement, 11 as clazz_ from inventor union all select id, version, user_account_id, company, null as sector, info, statement, 12 as clazz_ from patron union all select id, version, user_account_id, company, sector, null as info, null as statement, 13 as clazz_ from provider union all select id, version, user_account_id, null as company, null as sector, null as info, null as statement, 15 as clazz_ from administrator union all select id, version, user_account_id, null as company, null as sector, null as info, null as statement, 16 as clazz_ from anonymous union all select id, version, user_account_id, null as company, null as sector, null as info, null as statement, 17 as clazz_ from any union all select id, version, user_account_id, null as company, null as sector, null as info, null as statement, 18 as clazz_ from authenticated ) roles0_ where roles0_.user_account_id=? 
2022-05-21 21:56:26.214 TRACE [org.hibernate.type.descriptor.sql.BasicBinder@http-nio-8080-exec-8] binding parameter [1] as [INTEGER] - [3] 
2022-05-21 21:56:26.240 DEBUG [acme.framework.components.tiles.DynamicTilesView@http-nio-8080-exec-7] View name 'fragments/welcome', model {} 
2022-05-21 21:56:26.240 DEBUG [org.apache.jasper.servlet.JspServlet@http-nio-8080-exec-7] JspEngine --> /WEB-INF/views/master/page.jsp 
2022-05-21 21:56:26.241 DEBUG [org.apache.jasper.servlet.JspServlet@http-nio-8080-exec-7] ServletPath: /WEB-INF/views/master/page.jsp 
2022-05-21 21:56:26.241 DEBUG [org.apache.jasper.servlet.JspServlet@http-nio-8080-exec-7] PathInfo: null 
2022-05-21 21:56:26.242 DEBUG [org.apache.jasper.servlet.JspServlet@http-nio-8080-exec-7] RealPath: P:\Workspace-22.0\Projects\Acme-Toolkits-E3.08\target\classes\WEB-INF\views\master\page.jsp 
2022-05-21 21:56:26.242 DEBUG [org.apache.jasper.servlet.JspServlet@http-nio-8080-exec-7] RequestURI: /acme-toolkits-e3.08-1.0/WEB-INF/views/master/page.jsp 
2022-05-21 21:56:26.242 DEBUG [org.apache.jasper.servlet.JspServlet@http-nio-8080-exec-7] QueryString: null 
2022-05-21 21:56:26.335 DEBUG [org.apache.jasper.servlet.JspServlet@http-nio-8080-exec-7] JspEngine --> /WEB-INF/views/fragments/welcome.jsp 
2022-05-21 21:56:26.336 DEBUG [org.apache.jasper.servlet.JspServlet@http-nio-8080-exec-7] ServletPath: /WEB-INF/views/master/page.jsp 
2022-05-21 21:56:26.336 DEBUG [org.apache.jasper.servlet.JspServlet@http-nio-8080-exec-7] PathInfo: null 
2022-05-21 21:56:26.338 DEBUG [org.apache.jasper.servlet.JspServlet@http-nio-8080-exec-7] RealPath: P:\Workspace-22.0\Projects\Acme-Toolkits-E3.08\target\classes\WEB-INF\views\fragments\welcome.jsp 
2022-05-21 21:56:26.338 DEBUG [org.apache.jasper.servlet.JspServlet@http-nio-8080-exec-7] RequestURI: /acme-toolkits-e3.08-1.0/WEB-INF/views/master/page.jsp 
2022-05-21 21:56:26.338 DEBUG [org.apache.jasper.servlet.JspServlet@http-nio-8080-exec-7] QueryString: null 
2022-05-21 21:56:28.510 DEBUG [acme.framework.controllers.AbstractController@http-nio-8080-exec-7] DISPATCHING GET /acme-toolkits-e3.08-1.0/patron/patronage/list 
2022-05-21 21:56:28.511 DEBUG [acme.framework.controllers.AbstractController@http-nio-8080-exec-7] Command: list 
2022-05-21 21:56:28.511 DEBUG [acme.framework.controllers.AbstractController@http-nio-8080-exec-7] Model:   {} 
2022-05-21 21:56:28.511 DEBUG [acme.framework.controllers.AbstractController@http-nio-8080-exec-7] Locale:  es 
2022-05-21 21:56:28.533 DEBUG [org.hibernate.SQL@http-nio-8080-exec-7] select patronage0_.id as id1_0_, patronage0_.version as version2_0_, patronage0_.budget_amount as budget_a1_11_, patronage0_.budget_currency as budget_c2_11_, patronage0_.code as code3_11_, patronage0_.creation_date as creation4_11_, patronage0_.deadline as deadline5_11_, patronage0_.info as info6_11_, patronage0_.inventor_id as invento13_11_, patronage0_.legal_stuff as legal_st7_11_, patronage0_.patron_id as patron_14_11_, patronage0_.published as publishe8_11_, patronage0_.start_date as start_da9_11_, patronage0_.status as status10_11_, patronage0_.system_budget_amount as system_11_11_, patronage0_.system_budget_currency as system_12_11_ from patronage patronage0_ where patronage0_.patron_id=? 
2022-05-21 21:56:28.534 TRACE [org.hibernate.type.descriptor.sql.BasicBinder@http-nio-8080-exec-7] binding parameter [1] as [INTEGER] - [15] 
2022-05-21 21:56:28.539 DEBUG [org.hibernate.SQL@http-nio-8080-exec-7] select inventor0_.id as id1_0_0_, inventor0_.version as version2_0_0_, inventor0_.user_account_id as user_acc1_18_0_, inventor0_.company as company1_8_0_, inventor0_.info as info2_8_0_, inventor0_.statement as statemen3_8_0_, useraccoun1_.id as id1_0_1_, useraccoun1_.version as version2_0_1_, useraccoun1_.enabled as enabled1_17_1_, useraccoun1_.identity as identity2_17_1_, useraccoun1_.password as password3_17_1_, useraccoun1_.username as username4_17_1_ from inventor inventor0_ inner join user_account useraccoun1_ on inventor0_.user_account_id=useraccoun1_.id where inventor0_.id=? 
2022-05-21 21:56:28.540 TRACE [org.hibernate.type.descriptor.sql.BasicBinder@http-nio-8080-exec-7] binding parameter [1] as [INTEGER] - [12] 
2022-05-21 21:56:28.542 DEBUG [org.hibernate.SQL@http-nio-8080-exec-7] select patron0_.id as id1_0_0_, patron0_.version as version2_0_0_, patron0_.user_account_id as user_acc1_18_0_, patron0_.company as company1_10_0_, patron0_.info as info2_10_0_, patron0_.statement as statemen3_10_0_, useraccoun1_.id as id1_0_1_, useraccoun1_.version as version2_0_1_, useraccoun1_.enabled as enabled1_17_1_, useraccoun1_.identity as identity2_17_1_, useraccoun1_.password as password3_17_1_, useraccoun1_.username as username4_17_1_ from patron patron0_ inner join user_account useraccoun1_ on patron0_.user_account_id=useraccoun1_.id where patron0_.id=? 
2022-05-21 21:56:28.542 TRACE [org.hibernate.type.descriptor.sql.BasicBinder@http-nio-8080-exec-7] binding parameter [1] as [INTEGER] - [15] 
2022-05-21 21:56:28.570 DEBUG [acme.framework.controllers.AbstractController@http-nio-8080-exec-7] SERVING GET /acme-toolkits-e3.08-1.0/patron/patronage/list 
2022-05-21 21:56:28.571 DEBUG [acme.framework.controllers.AbstractController@http-nio-8080-exec-7] Result: ModelAndView [view="patron/patronage/list"; model={budget[0]=<<EUR 47765.00>>, published[0]=true, creationDate[0]=2022-03-15 10:00:00.0, code[0]=XDP-121-E, version[0]=1, id[0]=22, status[0]=PROPOSED, list$size=1, command=list, principal=acme.framework.entities.Principal@6061aed5}] 
2022-05-21 21:56:28.573 DEBUG [acme.framework.components.tiles.DynamicTilesView@http-nio-8080-exec-7] View name 'patron/patronage/list', model {budget[0]=<<EUR 47765.00>>, published[0]=true, creationDate[0]=2022-03-15 10:00:00.0, code[0]=XDP-121-E, version[0]=1, id[0]=22, status[0]=PROPOSED, list$size=1, command=list, principal=acme.framework.entities.Principal@6061aed5, org.springframework.validation.BindingResult.budget[0]=org.springframework.validation.BeanPropertyBindingResult: 0 errors, org.springframework.validation.BindingResult.principal=org.springframework.validation.BeanPropertyBindingResult: 0 errors} 
2022-05-21 21:56:28.574 DEBUG [org.apache.jasper.servlet.JspServlet@http-nio-8080-exec-7] JspEngine --> /WEB-INF/views/master/page.jsp 
2022-05-21 21:56:28.575 DEBUG [org.apache.jasper.servlet.JspServlet@http-nio-8080-exec-7] ServletPath: /WEB-INF/views/master/page.jsp 
2022-05-21 21:56:28.575 DEBUG [org.apache.jasper.servlet.JspServlet@http-nio-8080-exec-7] PathInfo: null 
2022-05-21 21:56:28.576 DEBUG [org.apache.jasper.servlet.JspServlet@http-nio-8080-exec-7] RealPath: P:\Workspace-22.0\Projects\Acme-Toolkits-E3.08\target\classes\WEB-INF\views\master\page.jsp 
2022-05-21 21:56:28.576 DEBUG [org.apache.jasper.servlet.JspServlet@http-nio-8080-exec-7] RequestURI: /acme-toolkits-e3.08-1.0/WEB-INF/views/master/page.jsp 
2022-05-21 21:56:28.576 DEBUG [org.apache.jasper.servlet.JspServlet@http-nio-8080-exec-7] QueryString: null 
2022-05-21 21:56:28.677 DEBUG [org.apache.jasper.servlet.JspServlet@http-nio-8080-exec-7] JspEngine --> /WEB-INF/views/patron/patronage/list.jsp 
2022-05-21 21:56:28.677 DEBUG [org.apache.jasper.servlet.JspServlet@http-nio-8080-exec-7] ServletPath: /WEB-INF/views/master/page.jsp 
2022-05-21 21:56:28.677 DEBUG [org.apache.jasper.servlet.JspServlet@http-nio-8080-exec-7] PathInfo: null 
2022-05-21 21:56:28.678 DEBUG [org.apache.jasper.servlet.JspServlet@http-nio-8080-exec-7] RealPath: P:\Workspace-22.0\Projects\Acme-Toolkits-E3.08\target\classes\WEB-INF\views\patron\patronage\list.jsp 
2022-05-21 21:56:28.679 DEBUG [org.apache.jasper.servlet.JspServlet@http-nio-8080-exec-7] RequestURI: /acme-toolkits-e3.08-1.0/WEB-INF/views/master/page.jsp 
2022-05-21 21:56:28.679 DEBUG [org.apache.jasper.servlet.JspServlet@http-nio-8080-exec-7] QueryString: null 
2022-05-21 21:56:32.633 DEBUG [acme.framework.controllers.AbstractController@http-nio-8080-exec-10] DISPATCHING GET /acme-toolkits-e3.08-1.0/patron/patronage/create 
2022-05-21 21:56:32.634 DEBUG [acme.framework.controllers.AbstractController@http-nio-8080-exec-10] Command: create 
2022-05-21 21:56:32.634 DEBUG [acme.framework.controllers.AbstractController@http-nio-8080-exec-10] Model:   {} 
2022-05-21 21:56:32.634 DEBUG [acme.framework.controllers.AbstractController@http-nio-8080-exec-10] Locale:  es 
2022-05-21 21:56:32.640 DEBUG [org.hibernate.SQL@http-nio-8080-exec-10] select patron0_.id as id1_0_, patron0_.version as version2_0_, patron0_.user_account_id as user_acc1_18_, patron0_.company as company1_10_, patron0_.info as info2_10_, patron0_.statement as statemen3_10_ from patron patron0_ where patron0_.id=? 
2022-05-21 21:56:32.641 TRACE [org.hibernate.type.descriptor.sql.BasicBinder@http-nio-8080-exec-10] binding parameter [1] as [INTEGER] - [15] 
2022-05-21 21:56:32.642 DEBUG [org.hibernate.SQL@http-nio-8080-exec-10] select useraccoun0_.id as id1_0_0_, useraccoun0_.version as version2_0_0_, useraccoun0_.enabled as enabled1_17_0_, useraccoun0_.identity as identity2_17_0_, useraccoun0_.password as password3_17_0_, useraccoun0_.username as username4_17_0_ from user_account useraccoun0_ where useraccoun0_.id=? 
2022-05-21 21:56:32.642 TRACE [org.hibernate.type.descriptor.sql.BasicBinder@http-nio-8080-exec-10] binding parameter [1] as [INTEGER] - [3] 
2022-05-21 21:56:32.654 DEBUG [org.hibernate.SQL@http-nio-8080-exec-10] select inventor0_.id as id1_0_, inventor0_.version as version2_0_, inventor0_.user_account_id as user_acc1_18_, inventor0_.company as company1_8_, inventor0_.info as info2_8_, inventor0_.statement as statemen3_8_ from inventor inventor0_ 
2022-05-21 21:56:32.656 DEBUG [org.hibernate.SQL@http-nio-8080-exec-10] select useraccoun0_.id as id1_0_0_, useraccoun0_.version as version2_0_0_, useraccoun0_.enabled as enabled1_17_0_, useraccoun0_.identity as identity2_17_0_, useraccoun0_.password as password3_17_0_, useraccoun0_.username as username4_17_0_ from user_account useraccoun0_ where useraccoun0_.id=? 
2022-05-21 21:56:32.657 TRACE [org.hibernate.type.descriptor.sql.BasicBinder@http-nio-8080-exec-10] binding parameter [1] as [INTEGER] - [8] 
2022-05-21 21:56:32.659 DEBUG [org.hibernate.SQL@http-nio-8080-exec-10] select useraccoun0_.id as id1_0_0_, useraccoun0_.version as version2_0_0_, useraccoun0_.enabled as enabled1_17_0_, useraccoun0_.identity as identity2_17_0_, useraccoun0_.password as password3_17_0_, useraccoun0_.username as username4_17_0_ from user_account useraccoun0_ where useraccoun0_.id=? 
2022-05-21 21:56:32.659 TRACE [org.hibernate.type.descriptor.sql.BasicBinder@http-nio-8080-exec-10] binding parameter [1] as [INTEGER] - [9] 
2022-05-21 21:56:32.665 DEBUG [acme.framework.controllers.AbstractController@http-nio-8080-exec-10] SERVING GET /acme-toolkits-e3.08-1.0/patron/patronage/create 
2022-05-21 21:56:32.665 DEBUG [acme.framework.controllers.AbstractController@http-nio-8080-exec-10] Result: ModelAndView [view="patron/patronage/form"; model={code=, inventors=[UserRole(userAccount=UserAccount(username=inventor2)), UserRole(userAccount=UserAccount(username=inventor1))], id=0, creationDate=Sat May 21 21:56:32 CEST 2022, deadline=null, version=0, startDate=null, legalStuff=, budget=null, info=, command=create, principal=acme.framework.entities.Principal@6061aed5}] 
2022-05-21 21:56:32.667 DEBUG [acme.framework.components.tiles.DynamicTilesView@http-nio-8080-exec-10] View name 'patron/patronage/form', model {code=, inventors=[UserRole(userAccount=UserAccount(username=inventor2)), UserRole(userAccount=UserAccount(username=inventor1))], id=0, creationDate=Sat May 21 21:56:32 CEST 2022, deadline=null, version=0, startDate=null, legalStuff=, budget=null, info=, command=create, principal=acme.framework.entities.Principal@6061aed5, org.springframework.validation.BindingResult.principal=org.springframework.validation.BeanPropertyBindingResult: 0 errors} 
2022-05-21 21:56:32.668 DEBUG [org.apache.jasper.servlet.JspServlet@http-nio-8080-exec-10] JspEngine --> /WEB-INF/views/master/page.jsp 
2022-05-21 21:56:32.668 DEBUG [org.apache.jasper.servlet.JspServlet@http-nio-8080-exec-10] ServletPath: /WEB-INF/views/master/page.jsp 
2022-05-21 21:56:32.668 DEBUG [org.apache.jasper.servlet.JspServlet@http-nio-8080-exec-10] PathInfo: null 
2022-05-21 21:56:32.669 DEBUG [org.apache.jasper.servlet.JspServlet@http-nio-8080-exec-10] RealPath: P:\Workspace-22.0\Projects\Acme-Toolkits-E3.08\target\classes\WEB-INF\views\master\page.jsp 
2022-05-21 21:56:32.669 DEBUG [org.apache.jasper.servlet.JspServlet@http-nio-8080-exec-10] RequestURI: /acme-toolkits-e3.08-1.0/WEB-INF/views/master/page.jsp 
2022-05-21 21:56:32.669 DEBUG [org.apache.jasper.servlet.JspServlet@http-nio-8080-exec-10] QueryString: null 
2022-05-21 21:56:32.751 DEBUG [org.apache.jasper.servlet.JspServlet@http-nio-8080-exec-10] JspEngine --> /WEB-INF/views/patron/patronage/form.jsp 
2022-05-21 21:56:32.751 DEBUG [org.apache.jasper.servlet.JspServlet@http-nio-8080-exec-10] ServletPath: /WEB-INF/views/master/page.jsp 
2022-05-21 21:56:32.752 DEBUG [org.apache.jasper.servlet.JspServlet@http-nio-8080-exec-10] PathInfo: null 
2022-05-21 21:56:32.755 DEBUG [org.apache.jasper.servlet.JspServlet@http-nio-8080-exec-10] RealPath: P:\Workspace-22.0\Projects\Acme-Toolkits-E3.08\target\classes\WEB-INF\views\patron\patronage\form.jsp 
2022-05-21 21:56:32.756 DEBUG [org.apache.jasper.servlet.JspServlet@http-nio-8080-exec-10] RequestURI: /acme-toolkits-e3.08-1.0/WEB-INF/views/master/page.jsp 
2022-05-21 21:56:32.757 DEBUG [org.apache.jasper.servlet.JspServlet@http-nio-8080-exec-10] QueryString: null 
2022-05-21 21:56:42.238 DEBUG [acme.framework.controllers.AbstractController@http-nio-8080-exec-6] DISPATCHING POST /acme-toolkits-e3.08-1.0/patron/patronage/create 
2022-05-21 21:56:42.238 DEBUG [acme.framework.controllers.AbstractController@http-nio-8080-exec-6] Command: create 
2022-05-21 21:56:42.238 DEBUG [acme.framework.controllers.AbstractController@http-nio-8080-exec-6] Model:   {id=0, version=0, _csrf=e42bb0b8-4bc2-45e4-8c11-d495b9e5a700, code=ADC-123-U, legalStuff=sd<s, budget=12 EUR, creationDate=21/05/2022 21:56, startDate=22/06/2022 21:19, deadline=23/07/2022 21:19, info=, inventor=inventor2} 
2022-05-21 21:56:42.238 DEBUG [acme.framework.controllers.AbstractController@http-nio-8080-exec-6] Locale:  es 
2022-05-21 21:56:42.240 DEBUG [org.hibernate.SQL@http-nio-8080-exec-6] select patron0_.id as id1_0_, patron0_.version as version2_0_, patron0_.user_account_id as user_acc1_18_, patron0_.company as company1_10_, patron0_.info as info2_10_, patron0_.statement as statemen3_10_ from patron patron0_ where patron0_.id=? 
2022-05-21 21:56:42.241 TRACE [org.hibernate.type.descriptor.sql.BasicBinder@http-nio-8080-exec-6] binding parameter [1] as [INTEGER] - [15] 
2022-05-21 21:56:42.242 DEBUG [org.hibernate.SQL@http-nio-8080-exec-6] select useraccoun0_.id as id1_0_0_, useraccoun0_.version as version2_0_0_, useraccoun0_.enabled as enabled1_17_0_, useraccoun0_.identity as identity2_17_0_, useraccoun0_.password as password3_17_0_, useraccoun0_.username as username4_17_0_ from user_account useraccoun0_ where useraccoun0_.id=? 
2022-05-21 21:56:42.242 TRACE [org.hibernate.type.descriptor.sql.BasicBinder@http-nio-8080-exec-6] binding parameter [1] as [INTEGER] - [3] 
2022-05-21 21:56:42.259 DEBUG [org.hibernate.SQL@http-nio-8080-exec-6] select inventor0_.id as id1_0_, inventor0_.version as version2_0_, inventor0_.user_account_id as user_acc1_18_, inventor0_.company as company1_8_, inventor0_.info as info2_8_, inventor0_.statement as statemen3_8_ from inventor inventor0_ cross join user_account useraccoun1_ where inventor0_.user_account_id=useraccoun1_.id and useraccoun1_.username=? 
2022-05-21 21:56:42.259 TRACE [org.hibernate.type.descriptor.sql.BasicBinder@http-nio-8080-exec-6] binding parameter [1] as [VARCHAR] - [inventor2] 
2022-05-21 21:56:42.261 DEBUG [org.hibernate.SQL@http-nio-8080-exec-6] select useraccoun0_.id as id1_0_0_, useraccoun0_.version as version2_0_0_, useraccoun0_.enabled as enabled1_17_0_, useraccoun0_.identity as identity2_17_0_, useraccoun0_.password as password3_17_0_, useraccoun0_.username as username4_17_0_ from user_account useraccoun0_ where useraccoun0_.id=? 
2022-05-21 21:56:42.261 TRACE [org.hibernate.type.descriptor.sql.BasicBinder@http-nio-8080-exec-6] binding parameter [1] as [INTEGER] - [8] 
2022-05-21 21:56:42.325 DEBUG [acme.framework.configuration.ExtendedMessageSource@http-nio-8080-exec-6] Loading properties [P:\Workspace-22.0\Projects\Acme-Toolkits-E3.08\target\classes\WEB-INF\views\administrator\administrator-dashboard\messages-en.i18n] with encoding 'utf-8' 
2022-05-21 21:56:42.326 DEBUG [acme.framework.configuration.ExtendedMessageSource@http-nio-8080-exec-6] Loading properties [P:\Workspace-22.0\Projects\Acme-Toolkits-E3.08\target\classes\WEB-INF\views\administrator\announcement\messages-en.i18n] with encoding 'utf-8' 
2022-05-21 21:56:42.326 DEBUG [acme.framework.configuration.ExtendedMessageSource@http-nio-8080-exec-6] Loading properties [P:\Workspace-22.0\Projects\Acme-Toolkits-E3.08\target\classes\WEB-INF\views\administrator\system-configuration\messsages-en.i18n] with encoding 'utf-8' 
2022-05-21 21:56:42.327 DEBUG [acme.framework.configuration.ExtendedMessageSource@http-nio-8080-exec-6] Loading properties [P:\Workspace-22.0\Projects\Acme-Toolkits-E3.08\target\classes\WEB-INF\views\administrator\user-account\messages-en.i18n] with encoding 'utf-8' 
2022-05-21 21:56:42.330 DEBUG [acme.framework.configuration.ExtendedMessageSource@http-nio-8080-exec-6] Loading properties [P:\Workspace-22.0\Projects\Acme-Toolkits-E3.08\target\classes\WEB-INF\views\anonymous\user-account\messages-en.i18n] with encoding 'utf-8' 
2022-05-21 21:56:42.332 DEBUG [acme.framework.configuration.ExtendedMessageSource@http-nio-8080-exec-6] Loading properties [P:\Workspace-22.0\Projects\Acme-Toolkits-E3.08\target\classes\WEB-INF\views\any\chirp\messsages-en.i18n] with encoding 'utf-8' 
2022-05-21 21:56:42.333 DEBUG [acme.framework.configuration.ExtendedMessageSource@http-nio-8080-exec-6] Loading properties [P:\Workspace-22.0\Projects\Acme-Toolkits-E3.08\target\classes\WEB-INF\views\any\item\messsages-en.i18n] with encoding 'utf-8' 
2022-05-21 21:56:42.333 DEBUG [acme.framework.configuration.ExtendedMessageSource@http-nio-8080-exec-6] Loading properties [P:\Workspace-22.0\Projects\Acme-Toolkits-E3.08\target\classes\WEB-INF\views\any\toolkit\messsages-en.i18n] with encoding 'utf-8' 
2022-05-21 21:56:42.334 DEBUG [acme.framework.configuration.ExtendedMessageSource@http-nio-8080-exec-6] Loading properties [P:\Workspace-22.0\Projects\Acme-Toolkits-E3.08\target\classes\WEB-INF\views\any\user-account\messsages-en.i18n] with encoding 'utf-8' 
2022-05-21 21:56:42.335 DEBUG [acme.framework.configuration.ExtendedMessageSource@http-nio-8080-exec-6] Loading properties [P:\Workspace-22.0\Projects\Acme-Toolkits-E3.08\target\classes\WEB-INF\views\authenticated\announcement\messsages-en.i18n] with encoding 'utf-8' 
2022-05-21 21:56:42.335 DEBUG [acme.framework.configuration.ExtendedMessageSource@http-nio-8080-exec-6] Loading properties [P:\Workspace-22.0\Projects\Acme-Toolkits-E3.08\target\classes\WEB-INF\views\authenticated\consumer\messsages-en.i18n] with encoding 'utf-8' 
2022-05-21 21:56:42.335 DEBUG [acme.framework.configuration.ExtendedMessageSource@http-nio-8080-exec-6] Loading properties [P:\Workspace-22.0\Projects\Acme-Toolkits-E3.08\target\classes\WEB-INF\views\authenticated\inventor\messsages-en.i18n] with encoding 'utf-8' 
2022-05-21 21:56:42.336 DEBUG [acme.framework.configuration.ExtendedMessageSource@http-nio-8080-exec-6] Loading properties [P:\Workspace-22.0\Projects\Acme-Toolkits-E3.08\target\classes\WEB-INF\views\authenticated\patron\messsages-en.i18n] with encoding 'utf-8' 
2022-05-21 21:56:42.336 DEBUG [acme.framework.configuration.ExtendedMessageSource@http-nio-8080-exec-6] Loading properties [P:\Workspace-22.0\Projects\Acme-Toolkits-E3.08\target\classes\WEB-INF\views\authenticated\provider\messsages-en.i18n] with encoding 'utf-8' 
2022-05-21 21:56:42.337 DEBUG [acme.framework.configuration.ExtendedMessageSource@http-nio-8080-exec-6] Loading properties [P:\Workspace-22.0\Projects\Acme-Toolkits-E3.08\target\classes\WEB-INF\views\authenticated\system-configuration\messsages-en.i18n] with encoding 'utf-8' 
2022-05-21 21:56:42.337 DEBUG [acme.framework.configuration.ExtendedMessageSource@http-nio-8080-exec-6] Loading properties [P:\Workspace-22.0\Projects\Acme-Toolkits-E3.08\target\classes\WEB-INF\views\authenticated\user-account\messages-en.i18n] with encoding 'utf-8' 
2022-05-21 21:56:42.338 DEBUG [acme.framework.configuration.ExtendedMessageSource@http-nio-8080-exec-6] Loading properties [P:\Workspace-22.0\Projects\Acme-Toolkits-E3.08\target\classes\WEB-INF\views\fragments\banner-en.i18n] with encoding 'utf-8' 
2022-05-21 21:56:42.338 DEBUG [acme.framework.configuration.ExtendedMessageSource@http-nio-8080-exec-6] Loading properties [P:\Workspace-22.0\Projects\Acme-Toolkits-E3.08\target\classes\WEB-INF\views\fragments\company-en.i18n] with encoding 'utf-8' 
2022-05-21 21:56:42.339 DEBUG [acme.framework.configuration.ExtendedMessageSource@http-nio-8080-exec-6] Loading properties [P:\Workspace-22.0\Projects\Acme-Toolkits-E3.08\target\classes\WEB-INF\views\fragments\footer-en.i18n] with encoding 'utf-8' 
2022-05-21 21:56:42.340 DEBUG [acme.framework.configuration.ExtendedMessageSource@http-nio-8080-exec-6] Loading properties [P:\Workspace-22.0\Projects\Acme-Toolkits-E3.08\target\classes\WEB-INF\views\fragments\license-en.i18n] with encoding 'utf-8' 
2022-05-21 21:56:42.340 DEBUG [acme.framework.configuration.ExtendedMessageSource@http-nio-8080-exec-6] Loading properties [P:\Workspace-22.0\Projects\Acme-Toolkits-E3.08\target\classes\WEB-INF\views\fragments\menu-en.i18n] with encoding 'utf-8' 
2022-05-21 21:56:42.341 DEBUG [acme.framework.configuration.ExtendedMessageSource@http-nio-8080-exec-6] Loading properties [P:\Workspace-22.0\Projects\Acme-Toolkits-E3.08\target\classes\WEB-INF\views\fragments\messsages-en.i18n] with encoding 'utf-8' 
2022-05-21 21:56:42.341 DEBUG [acme.framework.configuration.ExtendedMessageSource@http-nio-8080-exec-6] Loading properties [P:\Workspace-22.0\Projects\Acme-Toolkits-E3.08\target\classes\WEB-INF\views\fragments\title-en.i18n] with encoding 'utf-8' 
2022-05-21 21:56:42.342 DEBUG [acme.framework.configuration.ExtendedMessageSource@http-nio-8080-exec-6] Loading properties [P:\Workspace-22.0\Projects\Acme-Toolkits-E3.08\target\classes\WEB-INF\views\fragments\welcome-en.i18n] with encoding 'utf-8' 
2022-05-21 21:56:42.343 DEBUG [acme.framework.configuration.ExtendedMessageSource@http-nio-8080-exec-6] Loading properties [P:\Workspace-22.0\Projects\Acme-Toolkits-E3.08\target\classes\WEB-INF\views\inventor\item\messsages-en.i18n] with encoding 'utf-8' 
2022-05-21 21:56:42.343 DEBUG [acme.framework.configuration.ExtendedMessageSource@http-nio-8080-exec-6] Loading properties [P:\Workspace-22.0\Projects\Acme-Toolkits-E3.08\target\classes\WEB-INF\views\inventor\patronage\messsages-en.i18n] with encoding 'utf-8' 
2022-05-21 21:56:42.344 DEBUG [acme.framework.configuration.ExtendedMessageSource@http-nio-8080-exec-6] Loading properties [P:\Workspace-22.0\Projects\Acme-Toolkits-E3.08\target\classes\WEB-INF\views\inventor\patronage-report\messages-en.i18n] with encoding 'utf-8' 
2022-05-21 21:56:42.344 DEBUG [acme.framework.configuration.ExtendedMessageSource@http-nio-8080-exec-6] Loading properties [P:\Workspace-22.0\Projects\Acme-Toolkits-E3.08\target\classes\WEB-INF\views\inventor\toolkit\messsages-en.i18n] with encoding 'utf-8' 
2022-05-21 21:56:42.345 DEBUG [acme.framework.configuration.ExtendedMessageSource@http-nio-8080-exec-6] Loading properties [P:\Workspace-22.0\Projects\Acme-Toolkits-E3.08\target\classes\WEB-INF\views\master\defaults-en.i18n] with encoding 'utf-8' 
2022-05-21 21:56:42.345 DEBUG [acme.framework.configuration.ExtendedMessageSource@http-nio-8080-exec-6] Loading properties [P:\Workspace-22.0\Projects\Acme-Toolkits-E3.08\target\classes\WEB-INF\views\master\master-en.i18n] with encoding 'utf-8' 
2022-05-21 21:56:42.345 DEBUG [acme.framework.configuration.ExtendedMessageSource@http-nio-8080-exec-6] Loading properties [P:\Workspace-22.0\Projects\Acme-Toolkits-E3.08\target\classes\WEB-INF\views\master\throwables-en.i18n] with encoding 'utf-8' 
2022-05-21 21:56:42.346 DEBUG [acme.framework.configuration.ExtendedMessageSource@http-nio-8080-exec-6] Loading properties [P:\Workspace-22.0\Projects\Acme-Toolkits-E3.08\target\classes\WEB-INF\views\master\validation-en.i18n] with encoding 'utf-8' 
2022-05-21 21:56:42.346 DEBUG [acme.framework.configuration.ExtendedMessageSource@http-nio-8080-exec-6] Loading properties [P:\Workspace-22.0\Projects\Acme-Toolkits-E3.08\target\classes\WEB-INF\views\patron\patron-dashboard\messages-en.i18n] with encoding 'utf-8' 
2022-05-21 21:56:42.347 DEBUG [acme.framework.configuration.ExtendedMessageSource@http-nio-8080-exec-6] Loading properties [P:\Workspace-22.0\Projects\Acme-Toolkits-E3.08\target\classes\WEB-INF\views\patron\patronage\messsages-en.i18n] with encoding 'utf-8' 
2022-05-21 21:56:42.347 DEBUG [acme.framework.configuration.ExtendedMessageSource@http-nio-8080-exec-6] Loading properties [P:\Workspace-22.0\Projects\Acme-Toolkits-E3.08\target\classes\WEB-INF\views\patron\patronage-report\messsages-en.i18n] with encoding 'utf-8' 
2022-05-21 21:56:42.355 DEBUG [acme.framework.configuration.ExtendedMessageSource@http-nio-8080-exec-6] Loading properties [P:\Workspace-22.0\Projects\Acme-Toolkits-E3.08\target\classes\WEB-INF\views\administrator\administrator-dashboard\messages-es.i18n] with encoding 'utf-8' 
2022-05-21 21:56:42.356 DEBUG [acme.framework.configuration.ExtendedMessageSource@http-nio-8080-exec-6] Loading properties [P:\Workspace-22.0\Projects\Acme-Toolkits-E3.08\target\classes\WEB-INF\views\administrator\announcement\messages-es.i18n] with encoding 'utf-8' 
2022-05-21 21:56:42.357 DEBUG [acme.framework.configuration.ExtendedMessageSource@http-nio-8080-exec-6] Loading properties [P:\Workspace-22.0\Projects\Acme-Toolkits-E3.08\target\classes\WEB-INF\views\administrator\system-configuration\messsages-es.i18n] with encoding 'utf-8' 
2022-05-21 21:56:42.358 DEBUG [acme.framework.configuration.ExtendedMessageSource@http-nio-8080-exec-6] Loading properties [P:\Workspace-22.0\Projects\Acme-Toolkits-E3.08\target\classes\WEB-INF\views\administrator\user-account\messages-es.i18n] with encoding 'utf-8' 
2022-05-21 21:56:42.358 DEBUG [acme.framework.configuration.ExtendedMessageSource@http-nio-8080-exec-6] Loading properties [P:\Workspace-22.0\Projects\Acme-Toolkits-E3.08\target\classes\WEB-INF\views\anonymous\user-account\messages-es.i18n] with encoding 'utf-8' 
2022-05-21 21:56:42.359 DEBUG [acme.framework.configuration.ExtendedMessageSource@http-nio-8080-exec-6] Loading properties [P:\Workspace-22.0\Projects\Acme-Toolkits-E3.08\target\classes\WEB-INF\views\any\chirp\messsages-es.i18n] with encoding 'utf-8' 
2022-05-21 21:56:42.359 DEBUG [acme.framework.configuration.ExtendedMessageSource@http-nio-8080-exec-6] Loading properties [P:\Workspace-22.0\Projects\Acme-Toolkits-E3.08\target\classes\WEB-INF\views\any\item\messsages-es.i18n] with encoding 'utf-8' 
2022-05-21 21:56:42.360 DEBUG [acme.framework.configuration.ExtendedMessageSource@http-nio-8080-exec-6] Loading properties [P:\Workspace-22.0\Projects\Acme-Toolkits-E3.08\target\classes\WEB-INF\views\any\toolkit\messsages-es.i18n] with encoding 'utf-8' 
2022-05-21 21:56:42.361 DEBUG [acme.framework.configuration.ExtendedMessageSource@http-nio-8080-exec-6] Loading properties [P:\Workspace-22.0\Projects\Acme-Toolkits-E3.08\target\classes\WEB-INF\views\any\user-account\messsages-es.i18n] with encoding 'utf-8' 
2022-05-21 21:56:42.361 DEBUG [acme.framework.configuration.ExtendedMessageSource@http-nio-8080-exec-6] Loading properties [P:\Workspace-22.0\Projects\Acme-Toolkits-E3.08\target\classes\WEB-INF\views\authenticated\announcement\messsages-es.i18n] with encoding 'utf-8' 
2022-05-21 21:56:42.362 DEBUG [acme.framework.configuration.ExtendedMessageSource@http-nio-8080-exec-6] Loading properties [P:\Workspace-22.0\Projects\Acme-Toolkits-E3.08\target\classes\WEB-INF\views\authenticated\consumer\messsages-es.i18n] with encoding 'utf-8' 
2022-05-21 21:56:42.363 DEBUG [acme.framework.configuration.ExtendedMessageSource@http-nio-8080-exec-6] Loading properties [P:\Workspace-22.0\Projects\Acme-Toolkits-E3.08\target\classes\WEB-INF\views\authenticated\inventor\messsages-es.i18n] with encoding 'utf-8' 
2022-05-21 21:56:42.363 DEBUG [acme.framework.configuration.ExtendedMessageSource@http-nio-8080-exec-6] Loading properties [P:\Workspace-22.0\Projects\Acme-Toolkits-E3.08\target\classes\WEB-INF\views\authenticated\patron\messsages-es.i18n] with encoding 'utf-8' 
2022-05-21 21:56:42.364 DEBUG [acme.framework.configuration.ExtendedMessageSource@http-nio-8080-exec-6] Loading properties [P:\Workspace-22.0\Projects\Acme-Toolkits-E3.08\target\classes\WEB-INF\views\authenticated\provider\messsages-es.i18n] with encoding 'utf-8' 
2022-05-21 21:56:42.364 DEBUG [acme.framework.configuration.ExtendedMessageSource@http-nio-8080-exec-6] Loading properties [P:\Workspace-22.0\Projects\Acme-Toolkits-E3.08\target\classes\WEB-INF\views\authenticated\system-configuration\messsages-es.i18n] with encoding 'utf-8' 
2022-05-21 21:56:42.365 DEBUG [acme.framework.configuration.ExtendedMessageSource@http-nio-8080-exec-6] Loading properties [P:\Workspace-22.0\Projects\Acme-Toolkits-E3.08\target\classes\WEB-INF\views\authenticated\user-account\messages-es.i18n] with encoding 'utf-8' 
2022-05-21 21:56:42.365 DEBUG [acme.framework.configuration.ExtendedMessageSource@http-nio-8080-exec-6] Loading properties [P:\Workspace-22.0\Projects\Acme-Toolkits-E3.08\target\classes\WEB-INF\views\fragments\banner-es.i18n] with encoding 'utf-8' 
2022-05-21 21:56:42.366 DEBUG [acme.framework.configuration.ExtendedMessageSource@http-nio-8080-exec-6] Loading properties [P:\Workspace-22.0\Projects\Acme-Toolkits-E3.08\target\classes\WEB-INF\views\fragments\company-es.i18n] with encoding 'utf-8' 
2022-05-21 21:56:42.367 DEBUG [acme.framework.configuration.ExtendedMessageSource@http-nio-8080-exec-6] Loading properties [P:\Workspace-22.0\Projects\Acme-Toolkits-E3.08\target\classes\WEB-INF\views\fragments\footer-es.i18n] with encoding 'utf-8' 
2022-05-21 21:56:42.367 DEBUG [acme.framework.configuration.ExtendedMessageSource@http-nio-8080-exec-6] Loading properties [P:\Workspace-22.0\Projects\Acme-Toolkits-E3.08\target\classes\WEB-INF\views\fragments\license-es.i18n] with encoding 'utf-8' 
2022-05-21 21:56:42.368 DEBUG [acme.framework.configuration.ExtendedMessageSource@http-nio-8080-exec-6] Loading properties [P:\Workspace-22.0\Projects\Acme-Toolkits-E3.08\target\classes\WEB-INF\views\fragments\menu-es.i18n] with encoding 'utf-8' 
2022-05-21 21:56:42.368 DEBUG [acme.framework.configuration.ExtendedMessageSource@http-nio-8080-exec-6] Loading properties [P:\Workspace-22.0\Projects\Acme-Toolkits-E3.08\target\classes\WEB-INF\views\fragments\messsages-es.i18n] with encoding 'utf-8' 
2022-05-21 21:56:42.369 DEBUG [acme.framework.configuration.ExtendedMessageSource@http-nio-8080-exec-6] Loading properties [P:\Workspace-22.0\Projects\Acme-Toolkits-E3.08\target\classes\WEB-INF\views\fragments\title-es.i18n] with encoding 'utf-8' 
2022-05-21 21:56:42.370 DEBUG [acme.framework.configuration.ExtendedMessageSource@http-nio-8080-exec-6] Loading properties [P:\Workspace-22.0\Projects\Acme-Toolkits-E3.08\target\classes\WEB-INF\views\fragments\welcome-es.i18n] with encoding 'utf-8' 
2022-05-21 21:56:42.370 DEBUG [acme.framework.configuration.ExtendedMessageSource@http-nio-8080-exec-6] Loading properties [P:\Workspace-22.0\Projects\Acme-Toolkits-E3.08\target\classes\WEB-INF\views\inventor\item\messsages-es.i18n] with encoding 'utf-8' 
2022-05-21 21:56:42.371 DEBUG [acme.framework.configuration.ExtendedMessageSource@http-nio-8080-exec-6] Loading properties [P:\Workspace-22.0\Projects\Acme-Toolkits-E3.08\target\classes\WEB-INF\views\inventor\patronage\messsages-es.i18n] with encoding 'utf-8' 
2022-05-21 21:56:42.371 DEBUG [acme.framework.configuration.ExtendedMessageSource@http-nio-8080-exec-6] Loading properties [P:\Workspace-22.0\Projects\Acme-Toolkits-E3.08\target\classes\WEB-INF\views\inventor\patronage-report\messages-es.i18n] with encoding 'utf-8' 
2022-05-21 21:56:42.372 DEBUG [acme.framework.configuration.ExtendedMessageSource@http-nio-8080-exec-6] Loading properties [P:\Workspace-22.0\Projects\Acme-Toolkits-E3.08\target\classes\WEB-INF\views\inventor\toolkit\messsages-es.i18n] with encoding 'utf-8' 
2022-05-21 21:56:42.372 DEBUG [acme.framework.configuration.ExtendedMessageSource@http-nio-8080-exec-6] Loading properties [P:\Workspace-22.0\Projects\Acme-Toolkits-E3.08\target\classes\WEB-INF\views\master\defaults-es.i18n] with encoding 'utf-8' 
2022-05-21 21:56:42.373 DEBUG [acme.framework.configuration.ExtendedMessageSource@http-nio-8080-exec-6] Loading properties [P:\Workspace-22.0\Projects\Acme-Toolkits-E3.08\target\classes\WEB-INF\views\master\master-es.i18n] with encoding 'utf-8' 
2022-05-21 21:56:42.373 DEBUG [acme.framework.configuration.ExtendedMessageSource@http-nio-8080-exec-6] Loading properties [P:\Workspace-22.0\Projects\Acme-Toolkits-E3.08\target\classes\WEB-INF\views\master\throwables-es.i18n] with encoding 'utf-8' 
2022-05-21 21:56:42.373 DEBUG [acme.framework.configuration.ExtendedMessageSource@http-nio-8080-exec-6] Loading properties [P:\Workspace-22.0\Projects\Acme-Toolkits-E3.08\target\classes\WEB-INF\views\master\validation-es.i18n] with encoding 'utf-8' 
2022-05-21 21:56:42.374 DEBUG [acme.framework.configuration.ExtendedMessageSource@http-nio-8080-exec-6] Loading properties [P:\Workspace-22.0\Projects\Acme-Toolkits-E3.08\target\classes\WEB-INF\views\patron\patron-dashboard\messages-es.i18n] with encoding 'utf-8' 
2022-05-21 21:56:42.374 DEBUG [acme.framework.configuration.ExtendedMessageSource@http-nio-8080-exec-6] Loading properties [P:\Workspace-22.0\Projects\Acme-Toolkits-E3.08\target\classes\WEB-INF\views\patron\patronage\messsages-es.i18n] with encoding 'utf-8' 
2022-05-21 21:56:42.374 DEBUG [acme.framework.configuration.ExtendedMessageSource@http-nio-8080-exec-6] Loading properties [P:\Workspace-22.0\Projects\Acme-Toolkits-E3.08\target\classes\WEB-INF\views\patron\patronage-report\messsages-es.i18n] with encoding 'utf-8' 
2022-05-21 21:56:42.433 DEBUG [org.hibernate.SQL@http-nio-8080-exec-6] select patronage0_.id as id1_0_, patronage0_.version as version2_0_, patronage0_.budget_amount as budget_a1_11_, patronage0_.budget_currency as budget_c2_11_, patronage0_.code as code3_11_, patronage0_.creation_date as creation4_11_, patronage0_.deadline as deadline5_11_, patronage0_.info as info6_11_, patronage0_.inventor_id as invento13_11_, patronage0_.legal_stuff as legal_st7_11_, patronage0_.patron_id as patron_14_11_, patronage0_.published as publishe8_11_, patronage0_.start_date as start_da9_11_, patronage0_.status as status10_11_, patronage0_.system_budget_amount as system_11_11_, patronage0_.system_budget_currency as system_12_11_ from patronage patronage0_ where patronage0_.code=? 
2022-05-21 21:56:42.433 TRACE [org.hibernate.type.descriptor.sql.BasicBinder@http-nio-8080-exec-6] binding parameter [1] as [VARCHAR] - [ADC-123-U] 
2022-05-21 21:56:42.440 DEBUG [org.hibernate.SQL@http-nio-8080-exec-6] select inventor0_.id as id1_0_, inventor0_.version as version2_0_, inventor0_.user_account_id as user_acc1_18_, inventor0_.company as company1_8_, inventor0_.info as info2_8_, inventor0_.statement as statemen3_8_ from inventor inventor0_ 
2022-05-21 21:56:42.442 DEBUG [org.hibernate.SQL@http-nio-8080-exec-6] select useraccoun0_.id as id1_0_0_, useraccoun0_.version as version2_0_0_, useraccoun0_.enabled as enabled1_17_0_, useraccoun0_.identity as identity2_17_0_, useraccoun0_.password as password3_17_0_, useraccoun0_.username as username4_17_0_ from user_account useraccoun0_ where useraccoun0_.id=? 
2022-05-21 21:56:42.442 TRACE [org.hibernate.type.descriptor.sql.BasicBinder@http-nio-8080-exec-6] binding parameter [1] as [INTEGER] - [9] 
2022-05-21 21:56:42.449 DEBUG [acme.framework.controllers.AbstractController@http-nio-8080-exec-6] SERVING POST /acme-toolkits-e3.08-1.0/patron/patronage/create 
2022-05-21 21:56:42.449 DEBUG [acme.framework.controllers.AbstractController@http-nio-8080-exec-6] Result: ModelAndView [view="patron/patronage/form"; model={code=ADC-123-U, inventors=[UserRole(userAccount=UserAccount(username=inventor2)), UserRole(userAccount=UserAccount(username=inventor1))], id=0, creationDate=Sat May 21 21:56:00 CEST 2022, deadline=Sat Jul 23 21:19:00 CEST 2022, version=0, startDate=Wed Jun 22 21:19:00 CEST 2022, legalStuff=sd<s, budget=<<EUR 12.00>>, info=, systemBudget$error=No puede ser nulo., command=create, principal=acme.framework.entities.Principal@6061aed5}] 
2022-05-21 21:56:42.449 DEBUG [acme.framework.components.tiles.DynamicTilesView@http-nio-8080-exec-6] View name 'patron/patronage/form', model {code=ADC-123-U, inventors=[UserRole(userAccount=UserAccount(username=inventor2)), UserRole(userAccount=UserAccount(username=inventor1))], id=0, creationDate=Sat May 21 21:56:00 CEST 2022, deadline=Sat Jul 23 21:19:00 CEST 2022, version=0, startDate=Wed Jun 22 21:19:00 CEST 2022, legalStuff=sd<s, budget=<<EUR 12.00>>, info=, systemBudget$error=No puede ser nulo., command=create, principal=acme.framework.entities.Principal@6061aed5, org.springframework.validation.BindingResult.budget=org.springframework.validation.BeanPropertyBindingResult: 0 errors, org.springframework.validation.BindingResult.principal=org.springframework.validation.BeanPropertyBindingResult: 0 errors} 
2022-05-21 21:56:42.450 DEBUG [org.apache.jasper.servlet.JspServlet@http-nio-8080-exec-6] JspEngine --> /WEB-INF/views/master/page.jsp 
2022-05-21 21:56:42.451 DEBUG [org.apache.jasper.servlet.JspServlet@http-nio-8080-exec-6] ServletPath: /WEB-INF/views/master/page.jsp 
2022-05-21 21:56:42.451 DEBUG [org.apache.jasper.servlet.JspServlet@http-nio-8080-exec-6] PathInfo: null 
2022-05-21 21:56:42.454 DEBUG [org.apache.jasper.servlet.JspServlet@http-nio-8080-exec-6] RealPath: P:\Workspace-22.0\Projects\Acme-Toolkits-E3.08\target\classes\WEB-INF\views\master\page.jsp 
2022-05-21 21:56:42.456 DEBUG [org.apache.jasper.servlet.JspServlet@http-nio-8080-exec-6] RequestURI: /acme-toolkits-e3.08-1.0/WEB-INF/views/master/page.jsp 
2022-05-21 21:56:42.457 DEBUG [org.apache.jasper.servlet.JspServlet@http-nio-8080-exec-6] QueryString: null 
2022-05-21 21:56:42.596 DEBUG [org.apache.jasper.servlet.JspServlet@http-nio-8080-exec-6] JspEngine --> /WEB-INF/views/patron/patronage/form.jsp 
2022-05-21 21:56:42.597 DEBUG [org.apache.jasper.servlet.JspServlet@http-nio-8080-exec-6] ServletPath: /WEB-INF/views/master/page.jsp 
2022-05-21 21:56:42.597 DEBUG [org.apache.jasper.servlet.JspServlet@http-nio-8080-exec-6] PathInfo: null 
2022-05-21 21:56:42.598 DEBUG [org.apache.jasper.servlet.JspServlet@http-nio-8080-exec-6] RealPath: P:\Workspace-22.0\Projects\Acme-Toolkits-E3.08\target\classes\WEB-INF\views\patron\patronage\form.jsp 
2022-05-21 21:56:42.598 DEBUG [org.apache.jasper.servlet.JspServlet@http-nio-8080-exec-6] RequestURI: /acme-toolkits-e3.08-1.0/WEB-INF/views/master/page.jsp 
2022-05-21 21:56:42.598 DEBUG [org.apache.jasper.servlet.JspServlet@http-nio-8080-exec-6] QueryString: null 
