2022-04-21 17:46:06.142 INFO  [acme.Launcher@main] Starting Launcher using Java 1.8.0_281 on LAPTOP-NU08JKOO with PID 12888 (C:\Users\rober\Desktop\DP2\Workspace-22.0\Frameworks\Acme-Framework-22.3\target\classes started by rober in C:\Users\rober\Desktop\DP2\Workspace-22.0\Projects\Acme-Toolkits-E3.08) 
2022-04-21 17:46:06.143 DEBUG [acme.Launcher@main] Running with Spring Boot v2.4.2, Spring v5.3.3 
2022-04-21 17:46:06.144 INFO  [acme.Launcher@main] The following profiles are active: development,default 
2022-04-21 17:46:08.789 DEBUG [org.apache.jasper.servlet.JasperInitializer@main] Initializing Jasper for context [application] 
2022-04-21 17:46:13.304 DEBUG [org.apache.jasper.servlet.JspServlet@main] Scratch dir for the JSP engine is: [C:\Users\rober\AppData\Local\Temp\tomcat.8080.2799369769839801186\work\Tomcat\localhost\acme-toolkits-e3.08-1.0] 
2022-04-21 17:46:13.304 DEBUG [org.apache.jasper.servlet.JspServlet@main] IMPORTANT: Do not modify the generated servlets 
2022-04-21 17:46:13.313 INFO  [acme.Launcher@main] Started Launcher in 7.758 seconds (JVM running for 8.492) 
2022-04-21 17:46:13.316 DEBUG [acme.Launcher@main] Found classpath entry '/C:/Users/rober/Desktop/DP2/Workspace-22.0/Projects/Acme-Toolkits-E3.08/target/test-classes/' 
2022-04-21 17:46:13.317 DEBUG [acme.Launcher@main] Found classpath entry '/C:/Users/rober/Desktop/DP2/Workspace-22.0/Projects/Acme-Toolkits-E3.08/target/classes/' 
2022-04-21 17:46:13.317 DEBUG [acme.Launcher@main] Found classpath entry '/C:/Users/rober/Desktop/DP2/Workspace-22.0/Frameworks/Acme-Framework-22.3/target/classes/' 
2022-04-21 17:46:13.317 DEBUG [acme.Launcher@main] Found classpath entry '/C:/Users/rober/Desktop/DP2/Workspace-22.0/Frameworks/Acme-Framework-22.3/target/test-classes/' 
2022-04-21 17:46:13.317 DEBUG [acme.Launcher@main] Found classpath entry '/C:/Users/rober/.m2/repository/org/springframework/boot/spring-boot-starter-tomcat/2.4.2/spring-boot-starter-tomcat-2.4.2.jar' 
2022-04-21 17:46:13.317 DEBUG [acme.Launcher@main] Found classpath entry '/C:/Users/rober/.m2/repository/jakarta/annotation/jakarta.annotation-api/1.3.5/jakarta.annotation-api-1.3.5.jar' 
2022-04-21 17:46:13.317 DEBUG [acme.Launcher@main] Found classpath entry '/C:/Users/rober/.m2/repository/org/apache/tomcat/embed/tomcat-embed-core/9.0.41/tomcat-embed-core-9.0.41.jar' 
2022-04-21 17:46:13.317 DEBUG [acme.Launcher@main] Found classpath entry '/C:/Users/rober/.m2/repository/org/glassfish/jakarta.el/3.0.3/jakarta.el-3.0.3.jar' 
2022-04-21 17:46:13.317 DEBUG [acme.Launcher@main] Found classpath entry '/C:/Users/rober/.m2/repository/org/apache/tomcat/embed/tomcat-embed-websocket/9.0.41/tomcat-embed-websocket-9.0.41.jar' 
2022-04-21 17:46:13.318 DEBUG [acme.Launcher@main] Found classpath entry '/C:/Users/rober/.m2/repository/org/apache/tomcat/embed/tomcat-embed-jasper/9.0.41/tomcat-embed-jasper-9.0.41.jar' 
2022-04-21 17:46:13.318 DEBUG [acme.Launcher@main] Found classpath entry '/C:/Users/rober/.m2/repository/org/apache/tomcat/embed/tomcat-embed-el/9.0.41/tomcat-embed-el-9.0.41.jar' 
2022-04-21 17:46:13.318 DEBUG [acme.Launcher@main] Found classpath entry '/C:/Users/rober/.m2/repository/org/eclipse/jdt/ecj/3.18.0/ecj-3.18.0.jar' 
2022-04-21 17:46:13.318 DEBUG [acme.Launcher@main] Found classpath entry '/C:/Users/rober/.m2/repository/javax/servlet/jstl/1.2/jstl-1.2.jar' 
2022-04-21 17:46:13.318 DEBUG [acme.Launcher@main] Found classpath entry '/C:/Users/rober/.m2/repository/org/springframework/boot/spring-boot-starter-test/2.4.2/spring-boot-starter-test-2.4.2.jar' 
2022-04-21 17:46:13.318 DEBUG [acme.Launcher@main] Found classpath entry '/C:/Users/rober/.m2/repository/org/springframework/boot/spring-boot-starter/2.4.2/spring-boot-starter-2.4.2.jar' 
2022-04-21 17:46:13.318 DEBUG [acme.Launcher@main] Found classpath entry '/C:/Users/rober/.m2/repository/org/springframework/boot/spring-boot/2.4.2/spring-boot-2.4.2.jar' 
2022-04-21 17:46:13.318 DEBUG [acme.Launcher@main] Found classpath entry '/C:/Users/rober/.m2/repository/org/springframework/boot/spring-boot-autoconfigure/2.4.2/spring-boot-autoconfigure-2.4.2.jar' 
2022-04-21 17:46:13.318 DEBUG [acme.Launcher@main] Found classpath entry '/C:/Users/rober/.m2/repository/org/springframework/boot/spring-boot-starter-logging/2.4.2/spring-boot-starter-logging-2.4.2.jar' 
2022-04-21 17:46:13.319 DEBUG [acme.Launcher@main] Found classpath entry '/C:/Users/rober/.m2/repository/ch/qos/logback/logback-classic/1.2.3/logback-classic-1.2.3.jar' 
2022-04-21 17:46:13.319 DEBUG [acme.Launcher@main] Found classpath entry '/C:/Users/rober/.m2/repository/ch/qos/logback/logback-core/1.2.3/logback-core-1.2.3.jar' 
2022-04-21 17:46:13.319 DEBUG [acme.Launcher@main] Found classpath entry '/C:/Users/rober/.m2/repository/org/apache/logging/log4j/log4j-to-slf4j/2.13.3/log4j-to-slf4j-2.13.3.jar' 
2022-04-21 17:46:13.319 DEBUG [acme.Launcher@main] Found classpath entry '/C:/Users/rober/.m2/repository/org/apache/logging/log4j/log4j-api/2.13.3/log4j-api-2.13.3.jar' 
2022-04-21 17:46:13.319 DEBUG [acme.Launcher@main] Found classpath entry '/C:/Users/rober/.m2/repository/org/slf4j/jul-to-slf4j/1.7.30/jul-to-slf4j-1.7.30.jar' 
2022-04-21 17:46:13.319 DEBUG [acme.Launcher@main] Found classpath entry '/C:/Users/rober/.m2/repository/org/yaml/snakeyaml/1.27/snakeyaml-1.27.jar' 
2022-04-21 17:46:13.319 DEBUG [acme.Launcher@main] Found classpath entry '/C:/Users/rober/.m2/repository/org/springframework/boot/spring-boot-test/2.4.2/spring-boot-test-2.4.2.jar' 
2022-04-21 17:46:13.319 DEBUG [acme.Launcher@main] Found classpath entry '/C:/Users/rober/.m2/repository/org/springframework/boot/spring-boot-test-autoconfigure/2.4.2/spring-boot-test-autoconfigure-2.4.2.jar' 
2022-04-21 17:46:13.319 DEBUG [acme.Launcher@main] Found classpath entry '/C:/Users/rober/.m2/repository/com/jayway/jsonpath/json-path/2.4.0/json-path-2.4.0.jar' 
2022-04-21 17:46:13.319 DEBUG [acme.Launcher@main] Found classpath entry '/C:/Users/rober/.m2/repository/net/minidev/json-smart/2.3/json-smart-2.3.jar' 
2022-04-21 17:46:13.320 DEBUG [acme.Launcher@main] Found classpath entry '/C:/Users/rober/.m2/repository/net/minidev/accessors-smart/1.2/accessors-smart-1.2.jar' 
2022-04-21 17:46:13.320 DEBUG [acme.Launcher@main] Found classpath entry '/C:/Users/rober/.m2/repository/org/ow2/asm/asm/5.0.4/asm-5.0.4.jar' 
2022-04-21 17:46:13.320 DEBUG [acme.Launcher@main] Found classpath entry '/C:/Users/rober/.m2/repository/jakarta/xml/bind/jakarta.xml.bind-api/2.3.3/jakarta.xml.bind-api-2.3.3.jar' 
2022-04-21 17:46:13.320 DEBUG [acme.Launcher@main] Found classpath entry '/C:/Users/rober/.m2/repository/jakarta/activation/jakarta.activation-api/1.2.2/jakarta.activation-api-1.2.2.jar' 
2022-04-21 17:46:13.320 DEBUG [acme.Launcher@main] Found classpath entry '/C:/Users/rober/.m2/repository/org/assertj/assertj-core/3.18.1/assertj-core-3.18.1.jar' 
2022-04-21 17:46:13.320 DEBUG [acme.Launcher@main] Found classpath entry '/C:/Users/rober/.m2/repository/org/hamcrest/hamcrest/2.2/hamcrest-2.2.jar' 
2022-04-21 17:46:13.320 DEBUG [acme.Launcher@main] Found classpath entry '/C:/Users/rober/.m2/repository/org/junit/jupiter/junit-jupiter/5.7.0/junit-jupiter-5.7.0.jar' 
2022-04-21 17:46:13.320 DEBUG [acme.Launcher@main] Found classpath entry '/C:/Users/rober/.m2/repository/org/mockito/mockito-core/3.6.28/mockito-core-3.6.28.jar' 
2022-04-21 17:46:13.320 DEBUG [acme.Launcher@main] Found classpath entry '/C:/Users/rober/.m2/repository/net/bytebuddy/byte-buddy-agent/1.10.19/byte-buddy-agent-1.10.19.jar' 
2022-04-21 17:46:13.320 DEBUG [acme.Launcher@main] Found classpath entry '/C:/Users/rober/.m2/repository/org/objenesis/objenesis/3.1/objenesis-3.1.jar' 
2022-04-21 17:46:13.321 DEBUG [acme.Launcher@main] Found classpath entry '/C:/Users/rober/.m2/repository/org/mockito/mockito-junit-jupiter/3.6.28/mockito-junit-jupiter-3.6.28.jar' 
2022-04-21 17:46:13.321 DEBUG [acme.Launcher@main] Found classpath entry '/C:/Users/rober/.m2/repository/org/skyscreamer/jsonassert/1.5.0/jsonassert-1.5.0.jar' 
2022-04-21 17:46:13.321 DEBUG [acme.Launcher@main] Found classpath entry '/C:/Users/rober/.m2/repository/com/vaadin/external/google/android-json/0.0.20131108.vaadin1/android-json-0.0.20131108.vaadin1.jar' 
2022-04-21 17:46:13.321 DEBUG [acme.Launcher@main] Found classpath entry '/C:/Users/rober/.m2/repository/org/springframework/spring-core/5.3.3/spring-core-5.3.3.jar' 
2022-04-21 17:46:13.321 DEBUG [acme.Launcher@main] Found classpath entry '/C:/Users/rober/.m2/repository/org/springframework/spring-jcl/5.3.3/spring-jcl-5.3.3.jar' 
2022-04-21 17:46:13.321 DEBUG [acme.Launcher@main] Found classpath entry '/C:/Users/rober/.m2/repository/org/springframework/spring-test/5.3.3/spring-test-5.3.3.jar' 
2022-04-21 17:46:13.321 DEBUG [acme.Launcher@main] Found classpath entry '/C:/Users/rober/.m2/repository/org/xmlunit/xmlunit-core/2.7.0/xmlunit-core-2.7.0.jar' 
2022-04-21 17:46:13.321 DEBUG [acme.Launcher@main] Found classpath entry '/C:/Users/rober/.m2/repository/org/springframework/boot/spring-boot-starter-security/2.4.2/spring-boot-starter-security-2.4.2.jar' 
2022-04-21 17:46:13.321 DEBUG [acme.Launcher@main] Found classpath entry '/C:/Users/rober/.m2/repository/org/springframework/spring-aop/5.3.3/spring-aop-5.3.3.jar' 
2022-04-21 17:46:13.321 DEBUG [acme.Launcher@main] Found classpath entry '/C:/Users/rober/.m2/repository/org/springframework/security/spring-security-web/5.4.2/spring-security-web-5.4.2.jar' 
2022-04-21 17:46:13.322 DEBUG [acme.Launcher@main] Found classpath entry '/C:/Users/rober/.m2/repository/org/springframework/security/spring-security-core/5.4.2/spring-security-core-5.4.2.jar' 
2022-04-21 17:46:13.322 DEBUG [acme.Launcher@main] Found classpath entry '/C:/Users/rober/.m2/repository/org/springframework/spring-beans/5.3.3/spring-beans-5.3.3.jar' 
2022-04-21 17:46:13.322 DEBUG [acme.Launcher@main] Found classpath entry '/C:/Users/rober/.m2/repository/org/springframework/spring-context/5.3.3/spring-context-5.3.3.jar' 
2022-04-21 17:46:13.322 DEBUG [acme.Launcher@main] Found classpath entry '/C:/Users/rober/.m2/repository/org/springframework/spring-expression/5.3.3/spring-expression-5.3.3.jar' 
2022-04-21 17:46:13.322 DEBUG [acme.Launcher@main] Found classpath entry '/C:/Users/rober/.m2/repository/org/springframework/spring-web/5.3.3/spring-web-5.3.3.jar' 
2022-04-21 17:46:13.322 DEBUG [acme.Launcher@main] Found classpath entry '/C:/Users/rober/.m2/repository/org/springframework/security/spring-security-config/5.4.2/spring-security-config-5.4.2.jar' 
2022-04-21 17:46:13.322 DEBUG [acme.Launcher@main] Found classpath entry '/C:/Users/rober/.m2/repository/org/springframework/security/spring-security-taglibs/5.4.2/spring-security-taglibs-5.4.2.jar' 
2022-04-21 17:46:13.322 DEBUG [acme.Launcher@main] Found classpath entry '/C:/Users/rober/.m2/repository/org/springframework/security/spring-security-acl/5.4.2/spring-security-acl-5.4.2.jar' 
2022-04-21 17:46:13.322 DEBUG [acme.Launcher@main] Found classpath entry '/C:/Users/rober/.m2/repository/org/springframework/spring-jdbc/5.3.3/spring-jdbc-5.3.3.jar' 
2022-04-21 17:46:13.322 DEBUG [acme.Launcher@main] Found classpath entry '/C:/Users/rober/.m2/repository/org/springframework/spring-tx/5.3.3/spring-tx-5.3.3.jar' 
2022-04-21 17:46:13.322 DEBUG [acme.Launcher@main] Found classpath entry '/C:/Users/rober/.m2/repository/org/springframework/boot/spring-boot-starter-web/2.4.2/spring-boot-starter-web-2.4.2.jar' 
2022-04-21 17:46:13.323 DEBUG [acme.Launcher@main] Found classpath entry '/C:/Users/rober/.m2/repository/org/springframework/boot/spring-boot-starter-json/2.4.2/spring-boot-starter-json-2.4.2.jar' 
2022-04-21 17:46:13.323 DEBUG [acme.Launcher@main] Found classpath entry '/C:/Users/rober/.m2/repository/com/fasterxml/jackson/core/jackson-databind/2.11.4/jackson-databind-2.11.4.jar' 
2022-04-21 17:46:13.323 DEBUG [acme.Launcher@main] Found classpath entry '/C:/Users/rober/.m2/repository/com/fasterxml/jackson/core/jackson-annotations/2.11.4/jackson-annotations-2.11.4.jar' 
2022-04-21 17:46:13.323 DEBUG [acme.Launcher@main] Found classpath entry '/C:/Users/rober/.m2/repository/com/fasterxml/jackson/core/jackson-core/2.11.4/jackson-core-2.11.4.jar' 
2022-04-21 17:46:13.323 DEBUG [acme.Launcher@main] Found classpath entry '/C:/Users/rober/.m2/repository/com/fasterxml/jackson/datatype/jackson-datatype-jdk8/2.11.4/jackson-datatype-jdk8-2.11.4.jar' 
2022-04-21 17:46:13.323 DEBUG [acme.Launcher@main] Found classpath entry '/C:/Users/rober/.m2/repository/com/fasterxml/jackson/datatype/jackson-datatype-jsr310/2.11.4/jackson-datatype-jsr310-2.11.4.jar' 
2022-04-21 17:46:13.323 DEBUG [acme.Launcher@main] Found classpath entry '/C:/Users/rober/.m2/repository/com/fasterxml/jackson/module/jackson-module-parameter-names/2.11.4/jackson-module-parameter-names-2.11.4.jar' 
2022-04-21 17:46:13.323 DEBUG [acme.Launcher@main] Found classpath entry '/C:/Users/rober/.m2/repository/org/springframework/spring-webmvc/5.3.3/spring-webmvc-5.3.3.jar' 
2022-04-21 17:46:13.323 DEBUG [acme.Launcher@main] Found classpath entry '/C:/Users/rober/.m2/repository/org/apache/tiles/tiles-jsp/3.0.8/tiles-jsp-3.0.8.jar' 
2022-04-21 17:46:13.323 DEBUG [acme.Launcher@main] Found classpath entry '/C:/Users/rober/.m2/repository/org/apache/tiles/tiles-servlet/3.0.8/tiles-servlet-3.0.8.jar' 
2022-04-21 17:46:13.323 DEBUG [acme.Launcher@main] Found classpath entry '/C:/Users/rober/.m2/repository/org/apache/tiles/tiles-core/3.0.8/tiles-core-3.0.8.jar' 
2022-04-21 17:46:13.324 DEBUG [acme.Launcher@main] Found classpath entry '/C:/Users/rober/.m2/repository/commons-digester/commons-digester/2.0/commons-digester-2.0.jar' 
2022-04-21 17:46:13.324 DEBUG [acme.Launcher@main] Found classpath entry '/C:/Users/rober/.m2/repository/org/slf4j/jcl-over-slf4j/1.7.30/jcl-over-slf4j-1.7.30.jar' 
2022-04-21 17:46:13.324 DEBUG [acme.Launcher@main] Found classpath entry '/C:/Users/rober/.m2/repository/org/apache/tiles/tiles-request-servlet/1.0.7/tiles-request-servlet-1.0.7.jar' 
2022-04-21 17:46:13.324 DEBUG [acme.Launcher@main] Found classpath entry '/C:/Users/rober/.m2/repository/org/apache/tiles/tiles-template/3.0.8/tiles-template-3.0.8.jar' 
2022-04-21 17:46:13.324 DEBUG [acme.Launcher@main] Found classpath entry '/C:/Users/rober/.m2/repository/org/apache/tiles/tiles-api/3.0.8/tiles-api-3.0.8.jar' 
2022-04-21 17:46:13.324 DEBUG [acme.Launcher@main] Found classpath entry '/C:/Users/rober/.m2/repository/org/apache/tiles/tiles-autotag-core-runtime/1.2/tiles-autotag-core-runtime-1.2.jar' 
2022-04-21 17:46:13.324 DEBUG [acme.Launcher@main] Found classpath entry '/C:/Users/rober/.m2/repository/org/slf4j/slf4j-api/1.7.30/slf4j-api-1.7.30.jar' 
2022-04-21 17:46:13.324 DEBUG [acme.Launcher@main] Found classpath entry '/C:/Users/rober/.m2/repository/org/apache/tiles/tiles-request-jsp/1.0.7/tiles-request-jsp-1.0.7.jar' 
2022-04-21 17:46:13.324 DEBUG [acme.Launcher@main] Found classpath entry '/C:/Users/rober/.m2/repository/org/apache/tiles/tiles-request-api/1.0.7/tiles-request-api-1.0.7.jar' 
2022-04-21 17:46:13.324 DEBUG [acme.Launcher@main] Found classpath entry '/C:/Users/rober/.m2/repository/org/springframework/boot/spring-boot-starter-data-jpa/2.4.2/spring-boot-starter-data-jpa-2.4.2.jar' 
2022-04-21 17:46:13.325 DEBUG [acme.Launcher@main] Found classpath entry '/C:/Users/rober/.m2/repository/org/springframework/boot/spring-boot-starter-aop/2.4.2/spring-boot-starter-aop-2.4.2.jar' 
2022-04-21 17:46:13.325 DEBUG [acme.Launcher@main] Found classpath entry '/C:/Users/rober/.m2/repository/org/aspectj/aspectjweaver/1.9.6/aspectjweaver-1.9.6.jar' 
2022-04-21 17:46:13.325 DEBUG [acme.Launcher@main] Found classpath entry '/C:/Users/rober/.m2/repository/org/springframework/boot/spring-boot-starter-jdbc/2.4.2/spring-boot-starter-jdbc-2.4.2.jar' 
2022-04-21 17:46:13.325 DEBUG [acme.Launcher@main] Found classpath entry '/C:/Users/rober/.m2/repository/jakarta/transaction/jakarta.transaction-api/1.3.3/jakarta.transaction-api-1.3.3.jar' 
2022-04-21 17:46:13.325 DEBUG [acme.Launcher@main] Found classpath entry '/C:/Users/rober/.m2/repository/jakarta/persistence/jakarta.persistence-api/2.2.3/jakarta.persistence-api-2.2.3.jar' 
2022-04-21 17:46:13.325 DEBUG [acme.Launcher@main] Found classpath entry '/C:/Users/rober/.m2/repository/org/hibernate/hibernate-core/5.4.27.Final/hibernate-core-5.4.27.Final.jar' 
2022-04-21 17:46:13.326 DEBUG [acme.Launcher@main] Found classpath entry '/C:/Users/rober/.m2/repository/org/jboss/logging/jboss-logging/3.4.1.Final/jboss-logging-3.4.1.Final.jar' 
2022-04-21 17:46:13.326 DEBUG [acme.Launcher@main] Found classpath entry '/C:/Users/rober/.m2/repository/org/javassist/javassist/3.27.0-GA/javassist-3.27.0-GA.jar' 
2022-04-21 17:46:13.327 DEBUG [acme.Launcher@main] Found classpath entry '/C:/Users/rober/.m2/repository/antlr/antlr/2.7.7/antlr-2.7.7.jar' 
2022-04-21 17:46:13.327 DEBUG [acme.Launcher@main] Found classpath entry '/C:/Users/rober/.m2/repository/org/jboss/jandex/2.1.3.Final/jandex-2.1.3.Final.jar' 
2022-04-21 17:46:13.327 DEBUG [acme.Launcher@main] Found classpath entry '/C:/Users/rober/.m2/repository/com/fasterxml/classmate/1.5.1/classmate-1.5.1.jar' 
2022-04-21 17:46:13.327 DEBUG [acme.Launcher@main] Found classpath entry '/C:/Users/rober/.m2/repository/org/dom4j/dom4j/2.1.3/dom4j-2.1.3.jar' 
2022-04-21 17:46:13.327 DEBUG [acme.Launcher@main] Found classpath entry '/C:/Users/rober/.m2/repository/org/hibernate/common/hibernate-commons-annotations/5.1.2.Final/hibernate-commons-annotations-5.1.2.Final.jar' 
2022-04-21 17:46:13.327 DEBUG [acme.Launcher@main] Found classpath entry '/C:/Users/rober/.m2/repository/org/glassfish/jaxb/jaxb-runtime/2.3.3/jaxb-runtime-2.3.3.jar' 
2022-04-21 17:46:13.327 DEBUG [acme.Launcher@main] Found classpath entry '/C:/Users/rober/.m2/repository/org/glassfish/jaxb/txw2/2.3.3/txw2-2.3.3.jar' 
2022-04-21 17:46:13.328 DEBUG [acme.Launcher@main] Found classpath entry '/C:/Users/rober/.m2/repository/com/sun/istack/istack-commons-runtime/3.0.11/istack-commons-runtime-3.0.11.jar' 
2022-04-21 17:46:13.328 DEBUG [acme.Launcher@main] Found classpath entry '/C:/Users/rober/.m2/repository/com/sun/activation/jakarta.activation/1.2.2/jakarta.activation-1.2.2.jar' 
2022-04-21 17:46:13.328 DEBUG [acme.Launcher@main] Found classpath entry '/C:/Users/rober/.m2/repository/org/springframework/data/spring-data-jpa/2.4.3/spring-data-jpa-2.4.3.jar' 
2022-04-21 17:46:13.328 DEBUG [acme.Launcher@main] Found classpath entry '/C:/Users/rober/.m2/repository/org/springframework/data/spring-data-commons/2.4.3/spring-data-commons-2.4.3.jar' 
2022-04-21 17:46:13.328 DEBUG [acme.Launcher@main] Found classpath entry '/C:/Users/rober/.m2/repository/org/springframework/spring-orm/5.3.3/spring-orm-5.3.3.jar' 
2022-04-21 17:46:13.329 DEBUG [acme.Launcher@main] Found classpath entry '/C:/Users/rober/.m2/repository/org/springframework/spring-aspects/5.3.3/spring-aspects-5.3.3.jar' 
2022-04-21 17:46:13.329 DEBUG [acme.Launcher@main] Found classpath entry '/C:/Users/rober/.m2/repository/org/springframework/boot/spring-boot-starter-validation/2.4.2/spring-boot-starter-validation-2.4.2.jar' 
2022-04-21 17:46:13.329 DEBUG [acme.Launcher@main] Found classpath entry '/C:/Users/rober/.m2/repository/org/hibernate/validator/hibernate-validator/6.1.7.Final/hibernate-validator-6.1.7.Final.jar' 
2022-04-21 17:46:13.329 DEBUG [acme.Launcher@main] Found classpath entry '/C:/Users/rober/.m2/repository/jakarta/validation/jakarta.validation-api/2.0.2/jakarta.validation-api-2.0.2.jar' 
2022-04-21 17:46:13.329 DEBUG [acme.Launcher@main] Found classpath entry '/C:/Users/rober/.m2/repository/mysql/mysql-connector-java/8.0.22/mysql-connector-java-8.0.22.jar' 
2022-04-21 17:46:13.330 DEBUG [acme.Launcher@main] Found classpath entry '/C:/Users/rober/.m2/repository/com/zaxxer/HikariCP/3.4.5/HikariCP-3.4.5.jar' 
2022-04-21 17:46:13.330 DEBUG [acme.Launcher@main] Found classpath entry '/C:/Users/rober/.m2/repository/org/junit/jupiter/junit-jupiter-engine/5.7.0/junit-jupiter-engine-5.7.0.jar' 
2022-04-21 17:46:13.330 DEBUG [acme.Launcher@main] Found classpath entry '/C:/Users/rober/.m2/repository/org/apiguardian/apiguardian-api/1.1.0/apiguardian-api-1.1.0.jar' 
2022-04-21 17:46:13.330 DEBUG [acme.Launcher@main] Found classpath entry '/C:/Users/rober/.m2/repository/org/junit/platform/junit-platform-engine/1.7.0/junit-platform-engine-1.7.0.jar' 
2022-04-21 17:46:13.330 DEBUG [acme.Launcher@main] Found classpath entry '/C:/Users/rober/.m2/repository/org/junit/jupiter/junit-jupiter-api/5.7.0/junit-jupiter-api-5.7.0.jar' 
2022-04-21 17:46:13.330 DEBUG [acme.Launcher@main] Found classpath entry '/C:/Users/rober/.m2/repository/org/opentest4j/opentest4j/1.2.0/opentest4j-1.2.0.jar' 
2022-04-21 17:46:13.330 DEBUG [acme.Launcher@main] Found classpath entry '/C:/Users/rober/.m2/repository/org/junit/platform/junit-platform-commons/1.7.0/junit-platform-commons-1.7.0.jar' 
2022-04-21 17:46:13.331 DEBUG [acme.Launcher@main] Found classpath entry '/C:/Users/rober/.m2/repository/org/junit/jupiter/junit-jupiter-params/5.7.0/junit-jupiter-params-5.7.0.jar' 
2022-04-21 17:46:13.331 DEBUG [acme.Launcher@main] Found classpath entry '/C:/Users/rober/.m2/repository/org/junit/platform/junit-platform-launcher/1.7.0/junit-platform-launcher-1.7.0.jar' 
2022-04-21 17:46:13.331 DEBUG [acme.Launcher@main] Found classpath entry '/C:/Users/rober/.m2/repository/org/seleniumhq/selenium/selenium-java/3.141.59/selenium-java-3.141.59.jar' 
2022-04-21 17:46:13.331 DEBUG [acme.Launcher@main] Found classpath entry '/C:/Users/rober/.m2/repository/org/seleniumhq/selenium/selenium-api/3.141.59/selenium-api-3.141.59.jar' 
2022-04-21 17:46:13.331 DEBUG [acme.Launcher@main] Found classpath entry '/C:/Users/rober/.m2/repository/org/seleniumhq/selenium/selenium-chrome-driver/3.141.59/selenium-chrome-driver-3.141.59.jar' 
2022-04-21 17:46:13.331 DEBUG [acme.Launcher@main] Found classpath entry '/C:/Users/rober/.m2/repository/org/seleniumhq/selenium/selenium-edge-driver/3.141.59/selenium-edge-driver-3.141.59.jar' 
2022-04-21 17:46:13.331 DEBUG [acme.Launcher@main] Found classpath entry '/C:/Users/rober/.m2/repository/org/seleniumhq/selenium/selenium-firefox-driver/3.141.59/selenium-firefox-driver-3.141.59.jar' 
2022-04-21 17:46:13.332 DEBUG [acme.Launcher@main] Found classpath entry '/C:/Users/rober/.m2/repository/org/seleniumhq/selenium/selenium-ie-driver/3.141.59/selenium-ie-driver-3.141.59.jar' 
2022-04-21 17:46:13.332 DEBUG [acme.Launcher@main] Found classpath entry '/C:/Users/rober/.m2/repository/org/seleniumhq/selenium/selenium-opera-driver/3.141.59/selenium-opera-driver-3.141.59.jar' 
2022-04-21 17:46:13.332 DEBUG [acme.Launcher@main] Found classpath entry '/C:/Users/rober/.m2/repository/org/seleniumhq/selenium/selenium-remote-driver/3.141.59/selenium-remote-driver-3.141.59.jar' 
2022-04-21 17:46:13.332 DEBUG [acme.Launcher@main] Found classpath entry '/C:/Users/rober/.m2/repository/org/seleniumhq/selenium/selenium-safari-driver/3.141.59/selenium-safari-driver-3.141.59.jar' 
2022-04-21 17:46:13.332 DEBUG [acme.Launcher@main] Found classpath entry '/C:/Users/rober/.m2/repository/org/seleniumhq/selenium/selenium-support/3.141.59/selenium-support-3.141.59.jar' 
2022-04-21 17:46:13.332 DEBUG [acme.Launcher@main] Found classpath entry '/C:/Users/rober/.m2/repository/net/bytebuddy/byte-buddy/1.10.19/byte-buddy-1.10.19.jar' 
2022-04-21 17:46:13.332 DEBUG [acme.Launcher@main] Found classpath entry '/C:/Users/rober/.m2/repository/org/apache/commons/commons-exec/1.3/commons-exec-1.3.jar' 
2022-04-21 17:46:13.332 DEBUG [acme.Launcher@main] Found classpath entry '/C:/Users/rober/.m2/repository/com/google/guava/guava/25.0-jre/guava-25.0-jre.jar' 
2022-04-21 17:46:13.332 DEBUG [acme.Launcher@main] Found classpath entry '/C:/Users/rober/.m2/repository/com/google/code/findbugs/jsr305/1.3.9/jsr305-1.3.9.jar' 
2022-04-21 17:46:13.333 DEBUG [acme.Launcher@main] Found classpath entry '/C:/Users/rober/.m2/repository/org/checkerframework/checker-compat-qual/2.0.0/checker-compat-qual-2.0.0.jar' 
2022-04-21 17:46:13.333 DEBUG [acme.Launcher@main] Found classpath entry '/C:/Users/rober/.m2/repository/com/google/errorprone/error_prone_annotations/2.1.3/error_prone_annotations-2.1.3.jar' 
2022-04-21 17:46:13.333 DEBUG [acme.Launcher@main] Found classpath entry '/C:/Users/rober/.m2/repository/com/google/j2objc/j2objc-annotations/1.1/j2objc-annotations-1.1.jar' 
2022-04-21 17:46:13.333 DEBUG [acme.Launcher@main] Found classpath entry '/C:/Users/rober/.m2/repository/org/codehaus/mojo/animal-sniffer-annotations/1.14/animal-sniffer-annotations-1.14.jar' 
2022-04-21 17:46:13.333 DEBUG [acme.Launcher@main] Found classpath entry '/C:/Users/rober/.m2/repository/com/squareup/okhttp3/okhttp/3.14.9/okhttp-3.14.9.jar' 
2022-04-21 17:46:13.333 DEBUG [acme.Launcher@main] Found classpath entry '/C:/Users/rober/.m2/repository/com/squareup/okio/okio/1.14.0/okio-1.14.0.jar' 
2022-04-21 17:46:13.333 DEBUG [acme.Launcher@main] Found classpath entry '/C:/Users/rober/.m2/repository/org/apache/commons/commons-lang3/3.11/commons-lang3-3.11.jar' 
2022-04-21 17:46:13.333 DEBUG [acme.Launcher@main] Found classpath entry '/C:/Users/rober/.m2/repository/org/apache/commons/commons-text/1.8/commons-text-1.8.jar' 
2022-04-21 17:46:13.333 DEBUG [acme.Launcher@main] Found classpath entry '/C:/Users/rober/.m2/repository/commons-io/commons-io/2.6/commons-io-2.6.jar' 
2022-04-21 17:46:13.333 DEBUG [acme.Launcher@main] Found classpath entry '/C:/Users/rober/.m2/repository/commons-cli/commons-cli/1.4/commons-cli-1.4.jar' 
2022-04-21 17:46:13.333 DEBUG [acme.Launcher@main] Found classpath entry '/C:/Users/rober/.m2/repository/org/projectlombok/lombok/1.18.16/lombok-1.18.16.jar' 
2022-04-21 17:46:13.333 DEBUG [acme.Launcher@main] Found classpath entry '/C:/Users/rober/.m2/repository/com/opencsv/opencsv/5.4/opencsv-5.4.jar' 
2022-04-21 17:46:13.334 DEBUG [acme.Launcher@main] Found classpath entry '/C:/Users/rober/.m2/repository/commons-beanutils/commons-beanutils/1.9.4/commons-beanutils-1.9.4.jar' 
2022-04-21 17:46:13.334 DEBUG [acme.Launcher@main] Found classpath entry '/C:/Users/rober/.m2/repository/commons-logging/commons-logging/1.2/commons-logging-1.2.jar' 
2022-04-21 17:46:13.334 DEBUG [acme.Launcher@main] Found classpath entry '/C:/Users/rober/.m2/repository/commons-collections/commons-collections/3.2.2/commons-collections-3.2.2.jar' 
2022-04-21 17:46:13.334 DEBUG [acme.Launcher@main] Found classpath entry '/C:/Users/rober/.m2/repository/org/apache/commons/commons-collections4/4.4/commons-collections4-4.4.jar' 
2022-04-21 17:46:13.424 DEBUG [acme.Launcher@main] Found entity class 'acme.entities.Announcement 
2022-04-21 17:46:13.424 DEBUG [acme.Launcher@main] Found entity class 'acme.entities.Chirp 
2022-04-21 17:46:13.425 DEBUG [acme.Launcher@main] Found entity class 'acme.entities.CurrencyConfiguration 
2022-04-21 17:46:13.425 DEBUG [acme.Launcher@main] Found entity class 'acme.entities.Item 
2022-04-21 17:46:13.425 DEBUG [acme.Launcher@main] Found entity class 'acme.entities.Patronage 
2022-04-21 17:46:13.425 DEBUG [acme.Launcher@main] Found entity class 'acme.entities.PatronageReport 
2022-04-21 17:46:13.425 DEBUG [acme.Launcher@main] Found entity class 'acme.entities.Quantity 
2022-04-21 17:46:13.425 DEBUG [acme.Launcher@main] Found entity class 'acme.entities.Spam 
2022-04-21 17:46:13.425 DEBUG [acme.Launcher@main] Found entity class 'acme.entities.Toolkit 
2022-04-21 17:46:13.425 DEBUG [acme.Launcher@main] Found entity class 'acme.roles.Consumer 
2022-04-21 17:46:13.425 DEBUG [acme.Launcher@main] Found entity class 'acme.roles.Inventor 
2022-04-21 17:46:13.425 DEBUG [acme.Launcher@main] Found entity class 'acme.roles.Patron 
2022-04-21 17:46:13.425 DEBUG [acme.Launcher@main] Found entity class 'acme.roles.Provider 
2022-04-21 17:46:13.425 DEBUG [acme.Launcher@main] Found entity class 'acme.framework.entities.UserAccount 
2022-04-21 17:46:13.425 DEBUG [acme.Launcher@main] Found entity class 'acme.framework.roles.Administrator 
2022-04-21 17:46:13.425 DEBUG [acme.Launcher@main] Found entity class 'acme.framework.roles.Anonymous 
2022-04-21 17:46:13.425 DEBUG [acme.Launcher@main] Found entity class 'acme.framework.roles.Any 
2022-04-21 17:46:13.425 DEBUG [acme.Launcher@main] Found entity class 'acme.framework.roles.Authenticated 
2022-04-21 17:46:13.428 INFO  [acme.Launcher@main] Running application (Standalone) 
2022-04-21 17:46:13.659 DEBUG [acme.framework.components.tiles.DynamicTilesView@http-nio-8080-exec-1] View name 'fragments/welcome', model {} 
2022-04-21 17:46:13.672 DEBUG [org.apache.tiles.definition.dao.BaseLocaleUrlDefinitionDAO@http-nio-8080-exec-1] File Resource file:/C:/Users/rober/Desktop/DP2/Workspace-22.0/Projects/Acme-Toolkits-E3.08/target/classes/WEB-INF/views/master/tiles_es.xml at file:/C:/Users/rober/Desktop/DP2/Workspace-22.0/Projects/Acme-Toolkits-E3.08/target/classes/WEB-INF/views/master/tiles_es.xml not found, continue 
2022-04-21 17:46:13.679 DEBUG [org.apache.jasper.servlet.JspServlet@http-nio-8080-exec-1] JspEngine --> /WEB-INF/views/master/page.jsp 
2022-04-21 17:46:13.679 DEBUG [org.apache.jasper.servlet.JspServlet@http-nio-8080-exec-1] ServletPath: /WEB-INF/views/master/page.jsp 
2022-04-21 17:46:13.679 DEBUG [org.apache.jasper.servlet.JspServlet@http-nio-8080-exec-1] PathInfo: null 
2022-04-21 17:46:13.681 DEBUG [org.apache.jasper.servlet.JspServlet@http-nio-8080-exec-1] RealPath: C:\Users\rober\Desktop\DP2\Workspace-22.0\Projects\Acme-Toolkits-E3.08\target\classes\WEB-INF\views\master\page.jsp 
2022-04-21 17:46:13.681 DEBUG [org.apache.jasper.servlet.JspServlet@http-nio-8080-exec-1] RequestURI: /acme-toolkits-e3.08-1.0/WEB-INF/views/master/page.jsp 
2022-04-21 17:46:13.681 DEBUG [org.apache.jasper.servlet.JspServlet@http-nio-8080-exec-1] QueryString: null 
2022-04-21 17:46:16.678 DEBUG [acme.framework.configuration.ExtendedMessageSource@http-nio-8080-exec-1] Loading properties [C:\Users\rober\Desktop\DP2\Workspace-22.0\Projects\Acme-Toolkits-E3.08\target\classes\WEB-INF\views\administrator\user-account\messages-en.i18n] with encoding 'utf-8' 
2022-04-21 17:46:16.678 DEBUG [acme.framework.configuration.ExtendedMessageSource@http-nio-8080-exec-1] Loading properties [C:\Users\rober\Desktop\DP2\Workspace-22.0\Projects\Acme-Toolkits-E3.08\target\classes\WEB-INF\views\any\chirp\messsages-en.i18n] with encoding 'utf-8' 
2022-04-21 17:46:16.679 DEBUG [acme.framework.configuration.ExtendedMessageSource@http-nio-8080-exec-1] Loading properties [C:\Users\rober\Desktop\DP2\Workspace-22.0\Projects\Acme-Toolkits-E3.08\target\classes\WEB-INF\views\any\component\messsages-en.i18n] with encoding 'utf-8' 
2022-04-21 17:46:16.679 DEBUG [acme.framework.configuration.ExtendedMessageSource@http-nio-8080-exec-1] Loading properties [C:\Users\rober\Desktop\DP2\Workspace-22.0\Projects\Acme-Toolkits-E3.08\target\classes\WEB-INF\views\any\tool\messsages-en.i18n] with encoding 'utf-8' 
2022-04-21 17:46:16.680 DEBUG [acme.framework.configuration.ExtendedMessageSource@http-nio-8080-exec-1] Loading properties [C:\Users\rober\Desktop\DP2\Workspace-22.0\Projects\Acme-Toolkits-E3.08\target\classes\WEB-INF\views\any\toolkit\messsages-en.i18n] with encoding 'utf-8' 
2022-04-21 17:46:16.681 DEBUG [acme.framework.configuration.ExtendedMessageSource@http-nio-8080-exec-1] Loading properties [C:\Users\rober\Desktop\DP2\Workspace-22.0\Projects\Acme-Toolkits-E3.08\target\classes\WEB-INF\views\any\user-account\messsages-en.i18n] with encoding 'utf-8' 
2022-04-21 17:46:16.681 DEBUG [acme.framework.configuration.ExtendedMessageSource@http-nio-8080-exec-1] Loading properties [C:\Users\rober\Desktop\DP2\Workspace-22.0\Projects\Acme-Toolkits-E3.08\target\classes\WEB-INF\views\authenticated\announcement\messsages-en.i18n] with encoding 'utf-8' 
2022-04-21 17:46:16.682 DEBUG [acme.framework.configuration.ExtendedMessageSource@http-nio-8080-exec-1] Loading properties [C:\Users\rober\Desktop\DP2\Workspace-22.0\Projects\Acme-Toolkits-E3.08\target\classes\WEB-INF\views\authenticated\consumer\messsages-en.i18n] with encoding 'utf-8' 
2022-04-21 17:46:16.682 DEBUG [acme.framework.configuration.ExtendedMessageSource@http-nio-8080-exec-1] Loading properties [C:\Users\rober\Desktop\DP2\Workspace-22.0\Projects\Acme-Toolkits-E3.08\target\classes\WEB-INF\views\authenticated\inventor\messsages-en.i18n] with encoding 'utf-8' 
2022-04-21 17:46:16.683 DEBUG [acme.framework.configuration.ExtendedMessageSource@http-nio-8080-exec-1] Loading properties [C:\Users\rober\Desktop\DP2\Workspace-22.0\Projects\Acme-Toolkits-E3.08\target\classes\WEB-INF\views\authenticated\patron\messsages-en.i18n] with encoding 'utf-8' 
2022-04-21 17:46:16.683 DEBUG [acme.framework.configuration.ExtendedMessageSource@http-nio-8080-exec-1] Loading properties [C:\Users\rober\Desktop\DP2\Workspace-22.0\Projects\Acme-Toolkits-E3.08\target\classes\WEB-INF\views\authenticated\provider\messsages-en.i18n] with encoding 'utf-8' 
2022-04-21 17:46:16.684 DEBUG [acme.framework.configuration.ExtendedMessageSource@http-nio-8080-exec-1] Loading properties [C:\Users\rober\Desktop\DP2\Workspace-22.0\Projects\Acme-Toolkits-E3.08\target\classes\WEB-INF\views\fragments\banner-en.i18n] with encoding 'utf-8' 
2022-04-21 17:46:16.684 DEBUG [acme.framework.configuration.ExtendedMessageSource@http-nio-8080-exec-1] Loading properties [C:\Users\rober\Desktop\DP2\Workspace-22.0\Projects\Acme-Toolkits-E3.08\target\classes\WEB-INF\views\fragments\company-en.i18n] with encoding 'utf-8' 
2022-04-21 17:46:16.685 DEBUG [acme.framework.configuration.ExtendedMessageSource@http-nio-8080-exec-1] Loading properties [C:\Users\rober\Desktop\DP2\Workspace-22.0\Projects\Acme-Toolkits-E3.08\target\classes\WEB-INF\views\fragments\footer-en.i18n] with encoding 'utf-8' 
2022-04-21 17:46:16.685 DEBUG [acme.framework.configuration.ExtendedMessageSource@http-nio-8080-exec-1] Loading properties [C:\Users\rober\Desktop\DP2\Workspace-22.0\Projects\Acme-Toolkits-E3.08\target\classes\WEB-INF\views\fragments\license-en.i18n] with encoding 'utf-8' 
2022-04-21 17:46:16.686 DEBUG [acme.framework.configuration.ExtendedMessageSource@http-nio-8080-exec-1] Loading properties [C:\Users\rober\Desktop\DP2\Workspace-22.0\Projects\Acme-Toolkits-E3.08\target\classes\WEB-INF\views\fragments\menu-en.i18n] with encoding 'utf-8' 
2022-04-21 17:46:16.686 DEBUG [acme.framework.configuration.ExtendedMessageSource@http-nio-8080-exec-1] Loading properties [C:\Users\rober\Desktop\DP2\Workspace-22.0\Projects\Acme-Toolkits-E3.08\target\classes\WEB-INF\views\fragments\messsages-en.i18n] with encoding 'utf-8' 
2022-04-21 17:46:16.687 DEBUG [acme.framework.configuration.ExtendedMessageSource@http-nio-8080-exec-1] Loading properties [C:\Users\rober\Desktop\DP2\Workspace-22.0\Projects\Acme-Toolkits-E3.08\target\classes\WEB-INF\views\fragments\title-en.i18n] with encoding 'utf-8' 
2022-04-21 17:46:16.687 DEBUG [acme.framework.configuration.ExtendedMessageSource@http-nio-8080-exec-1] Loading properties [C:\Users\rober\Desktop\DP2\Workspace-22.0\Projects\Acme-Toolkits-E3.08\target\classes\WEB-INF\views\fragments\welcome-en.i18n] with encoding 'utf-8' 
2022-04-21 17:46:16.688 DEBUG [acme.framework.configuration.ExtendedMessageSource@http-nio-8080-exec-1] Loading properties [C:\Users\rober\Desktop\DP2\Workspace-22.0\Projects\Acme-Toolkits-E3.08\target\classes\WEB-INF\views\inventor\item\messsages-en.i18n] with encoding 'utf-8' 
2022-04-21 17:46:16.688 DEBUG [acme.framework.configuration.ExtendedMessageSource@http-nio-8080-exec-1] Loading properties [C:\Users\rober\Desktop\DP2\Workspace-22.0\Projects\Acme-Toolkits-E3.08\target\classes\WEB-INF\views\inventor\patronage\messsages-en.i18n] with encoding 'utf-8' 
2022-04-21 17:46:16.688 DEBUG [acme.framework.configuration.ExtendedMessageSource@http-nio-8080-exec-1] Loading properties [C:\Users\rober\Desktop\DP2\Workspace-22.0\Projects\Acme-Toolkits-E3.08\target\classes\WEB-INF\views\inventor\toolkit\messsages-en.i18n] with encoding 'utf-8' 
2022-04-21 17:46:16.689 DEBUG [acme.framework.configuration.ExtendedMessageSource@http-nio-8080-exec-1] Loading properties [C:\Users\rober\Desktop\DP2\Workspace-22.0\Projects\Acme-Toolkits-E3.08\target\classes\WEB-INF\views\master\defaults-en.i18n] with encoding 'utf-8' 
2022-04-21 17:46:16.689 DEBUG [acme.framework.configuration.ExtendedMessageSource@http-nio-8080-exec-1] Loading properties [C:\Users\rober\Desktop\DP2\Workspace-22.0\Projects\Acme-Toolkits-E3.08\target\classes\WEB-INF\views\master\master-en.i18n] with encoding 'utf-8' 
2022-04-21 17:46:16.690 DEBUG [acme.framework.configuration.ExtendedMessageSource@http-nio-8080-exec-1] Loading properties [C:\Users\rober\Desktop\DP2\Workspace-22.0\Projects\Acme-Toolkits-E3.08\target\classes\WEB-INF\views\master\throwables-en.i18n] with encoding 'utf-8' 
2022-04-21 17:46:16.690 DEBUG [acme.framework.configuration.ExtendedMessageSource@http-nio-8080-exec-1] Loading properties [C:\Users\rober\Desktop\DP2\Workspace-22.0\Projects\Acme-Toolkits-E3.08\target\classes\WEB-INF\views\master\validation-en.i18n] with encoding 'utf-8' 
2022-04-21 17:46:16.691 DEBUG [acme.framework.configuration.ExtendedMessageSource@http-nio-8080-exec-1] Loading properties [C:\Users\rober\Desktop\DP2\Workspace-22.0\Projects\Acme-Toolkits-E3.08\target\classes\WEB-INF\views\patron\patronage\messsages-en.i18n] with encoding 'utf-8' 
2022-04-21 17:46:16.699 DEBUG [acme.framework.configuration.ExtendedMessageSource@http-nio-8080-exec-1] Loading properties [C:\Users\rober\Desktop\DP2\Workspace-22.0\Projects\Acme-Toolkits-E3.08\target\classes\WEB-INF\views\administrator\user-account\messages-es.i18n] with encoding 'utf-8' 
2022-04-21 17:46:16.700 DEBUG [acme.framework.configuration.ExtendedMessageSource@http-nio-8080-exec-1] Loading properties [C:\Users\rober\Desktop\DP2\Workspace-22.0\Projects\Acme-Toolkits-E3.08\target\classes\WEB-INF\views\any\chirp\messsages-es.i18n] with encoding 'utf-8' 
2022-04-21 17:46:16.700 DEBUG [acme.framework.configuration.ExtendedMessageSource@http-nio-8080-exec-1] Loading properties [C:\Users\rober\Desktop\DP2\Workspace-22.0\Projects\Acme-Toolkits-E3.08\target\classes\WEB-INF\views\any\component\messsages-es.i18n] with encoding 'utf-8' 
2022-04-21 17:46:16.701 DEBUG [acme.framework.configuration.ExtendedMessageSource@http-nio-8080-exec-1] Loading properties [C:\Users\rober\Desktop\DP2\Workspace-22.0\Projects\Acme-Toolkits-E3.08\target\classes\WEB-INF\views\any\tool\messsages-es.i18n] with encoding 'utf-8' 
2022-04-21 17:46:16.701 DEBUG [acme.framework.configuration.ExtendedMessageSource@http-nio-8080-exec-1] Loading properties [C:\Users\rober\Desktop\DP2\Workspace-22.0\Projects\Acme-Toolkits-E3.08\target\classes\WEB-INF\views\any\toolkit\messsages-es.i18n] with encoding 'utf-8' 
2022-04-21 17:46:16.702 DEBUG [acme.framework.configuration.ExtendedMessageSource@http-nio-8080-exec-1] Loading properties [C:\Users\rober\Desktop\DP2\Workspace-22.0\Projects\Acme-Toolkits-E3.08\target\classes\WEB-INF\views\any\user-account\messsages-es.i18n] with encoding 'utf-8' 
2022-04-21 17:46:16.702 DEBUG [acme.framework.configuration.ExtendedMessageSource@http-nio-8080-exec-1] Loading properties [C:\Users\rober\Desktop\DP2\Workspace-22.0\Projects\Acme-Toolkits-E3.08\target\classes\WEB-INF\views\authenticated\announcement\messsages-es.i18n] with encoding 'utf-8' 
2022-04-21 17:46:16.703 DEBUG [acme.framework.configuration.ExtendedMessageSource@http-nio-8080-exec-1] Loading properties [C:\Users\rober\Desktop\DP2\Workspace-22.0\Projects\Acme-Toolkits-E3.08\target\classes\WEB-INF\views\authenticated\consumer\messsages-es.i18n] with encoding 'utf-8' 
2022-04-21 17:46:16.703 DEBUG [acme.framework.configuration.ExtendedMessageSource@http-nio-8080-exec-1] Loading properties [C:\Users\rober\Desktop\DP2\Workspace-22.0\Projects\Acme-Toolkits-E3.08\target\classes\WEB-INF\views\authenticated\inventor\messsages-es.i18n] with encoding 'utf-8' 
2022-04-21 17:46:16.704 DEBUG [acme.framework.configuration.ExtendedMessageSource@http-nio-8080-exec-1] Loading properties [C:\Users\rober\Desktop\DP2\Workspace-22.0\Projects\Acme-Toolkits-E3.08\target\classes\WEB-INF\views\authenticated\patron\messsages-es.i18n] with encoding 'utf-8' 
2022-04-21 17:46:16.704 DEBUG [acme.framework.configuration.ExtendedMessageSource@http-nio-8080-exec-1] Loading properties [C:\Users\rober\Desktop\DP2\Workspace-22.0\Projects\Acme-Toolkits-E3.08\target\classes\WEB-INF\views\authenticated\provider\messsages-es.i18n] with encoding 'utf-8' 
2022-04-21 17:46:16.704 DEBUG [acme.framework.configuration.ExtendedMessageSource@http-nio-8080-exec-1] Loading properties [C:\Users\rober\Desktop\DP2\Workspace-22.0\Projects\Acme-Toolkits-E3.08\target\classes\WEB-INF\views\fragments\banner-es.i18n] with encoding 'utf-8' 
2022-04-21 17:46:16.705 DEBUG [acme.framework.configuration.ExtendedMessageSource@http-nio-8080-exec-1] Loading properties [C:\Users\rober\Desktop\DP2\Workspace-22.0\Projects\Acme-Toolkits-E3.08\target\classes\WEB-INF\views\fragments\company-es.i18n] with encoding 'utf-8' 
2022-04-21 17:46:16.705 DEBUG [acme.framework.configuration.ExtendedMessageSource@http-nio-8080-exec-1] Loading properties [C:\Users\rober\Desktop\DP2\Workspace-22.0\Projects\Acme-Toolkits-E3.08\target\classes\WEB-INF\views\fragments\footer-es.i18n] with encoding 'utf-8' 
2022-04-21 17:46:16.706 DEBUG [acme.framework.configuration.ExtendedMessageSource@http-nio-8080-exec-1] Loading properties [C:\Users\rober\Desktop\DP2\Workspace-22.0\Projects\Acme-Toolkits-E3.08\target\classes\WEB-INF\views\fragments\license-es.i18n] with encoding 'utf-8' 
2022-04-21 17:46:16.706 DEBUG [acme.framework.configuration.ExtendedMessageSource@http-nio-8080-exec-1] Loading properties [C:\Users\rober\Desktop\DP2\Workspace-22.0\Projects\Acme-Toolkits-E3.08\target\classes\WEB-INF\views\fragments\menu-es.i18n] with encoding 'utf-8' 
2022-04-21 17:46:16.707 DEBUG [acme.framework.configuration.ExtendedMessageSource@http-nio-8080-exec-1] Loading properties [C:\Users\rober\Desktop\DP2\Workspace-22.0\Projects\Acme-Toolkits-E3.08\target\classes\WEB-INF\views\fragments\messsages-es.i18n] with encoding 'utf-8' 
2022-04-21 17:46:16.707 DEBUG [acme.framework.configuration.ExtendedMessageSource@http-nio-8080-exec-1] Loading properties [C:\Users\rober\Desktop\DP2\Workspace-22.0\Projects\Acme-Toolkits-E3.08\target\classes\WEB-INF\views\fragments\title-es.i18n] with encoding 'utf-8' 
2022-04-21 17:46:16.708 DEBUG [acme.framework.configuration.ExtendedMessageSource@http-nio-8080-exec-1] Loading properties [C:\Users\rober\Desktop\DP2\Workspace-22.0\Projects\Acme-Toolkits-E3.08\target\classes\WEB-INF\views\fragments\welcome-es.i18n] with encoding 'utf-8' 
2022-04-21 17:46:16.708 DEBUG [acme.framework.configuration.ExtendedMessageSource@http-nio-8080-exec-1] Loading properties [C:\Users\rober\Desktop\DP2\Workspace-22.0\Projects\Acme-Toolkits-E3.08\target\classes\WEB-INF\views\inventor\item\messsages-es.i18n] with encoding 'utf-8' 
2022-04-21 17:46:16.709 DEBUG [acme.framework.configuration.ExtendedMessageSource@http-nio-8080-exec-1] Loading properties [C:\Users\rober\Desktop\DP2\Workspace-22.0\Projects\Acme-Toolkits-E3.08\target\classes\WEB-INF\views\inventor\patronage\messsages-es.i18n] with encoding 'utf-8' 
2022-04-21 17:46:16.709 DEBUG [acme.framework.configuration.ExtendedMessageSource@http-nio-8080-exec-1] Loading properties [C:\Users\rober\Desktop\DP2\Workspace-22.0\Projects\Acme-Toolkits-E3.08\target\classes\WEB-INF\views\inventor\toolkit\messsages-es.i18n] with encoding 'utf-8' 
2022-04-21 17:46:16.710 DEBUG [acme.framework.configuration.ExtendedMessageSource@http-nio-8080-exec-1] Loading properties [C:\Users\rober\Desktop\DP2\Workspace-22.0\Projects\Acme-Toolkits-E3.08\target\classes\WEB-INF\views\master\defaults-es.i18n] with encoding 'utf-8' 
2022-04-21 17:46:16.710 DEBUG [acme.framework.configuration.ExtendedMessageSource@http-nio-8080-exec-1] Loading properties [C:\Users\rober\Desktop\DP2\Workspace-22.0\Projects\Acme-Toolkits-E3.08\target\classes\WEB-INF\views\master\master-es.i18n] with encoding 'utf-8' 
2022-04-21 17:46:16.711 DEBUG [acme.framework.configuration.ExtendedMessageSource@http-nio-8080-exec-1] Loading properties [C:\Users\rober\Desktop\DP2\Workspace-22.0\Projects\Acme-Toolkits-E3.08\target\classes\WEB-INF\views\master\throwables-es.i18n] with encoding 'utf-8' 
2022-04-21 17:46:16.711 DEBUG [acme.framework.configuration.ExtendedMessageSource@http-nio-8080-exec-1] Loading properties [C:\Users\rober\Desktop\DP2\Workspace-22.0\Projects\Acme-Toolkits-E3.08\target\classes\WEB-INF\views\master\validation-es.i18n] with encoding 'utf-8' 
2022-04-21 17:46:16.712 DEBUG [acme.framework.configuration.ExtendedMessageSource@http-nio-8080-exec-1] Loading properties [C:\Users\rober\Desktop\DP2\Workspace-22.0\Projects\Acme-Toolkits-E3.08\target\classes\WEB-INF\views\patron\patronage\messsages-es.i18n] with encoding 'utf-8' 
2022-04-21 17:46:16.863 DEBUG [org.apache.jasper.servlet.JspServlet@http-nio-8080-exec-1] JspEngine --> /WEB-INF/views/fragments/welcome.jsp 
2022-04-21 17:46:16.864 DEBUG [org.apache.jasper.servlet.JspServlet@http-nio-8080-exec-1] ServletPath: /WEB-INF/views/master/page.jsp 
2022-04-21 17:46:16.864 DEBUG [org.apache.jasper.servlet.JspServlet@http-nio-8080-exec-1] PathInfo: null 
2022-04-21 17:46:16.865 DEBUG [org.apache.jasper.servlet.JspServlet@http-nio-8080-exec-1] RealPath: C:\Users\rober\Desktop\DP2\Workspace-22.0\Projects\Acme-Toolkits-E3.08\target\classes\WEB-INF\views\fragments\welcome.jsp 
2022-04-21 17:46:16.866 DEBUG [org.apache.jasper.servlet.JspServlet@http-nio-8080-exec-1] RequestURI: /acme-toolkits-e3.08-1.0/WEB-INF/views/master/page.jsp 
2022-04-21 17:46:16.866 DEBUG [org.apache.jasper.servlet.JspServlet@http-nio-8080-exec-1] QueryString: null 
2022-04-21 17:46:17.100 DEBUG [org.hibernate.SQL@http-nio-8080-exec-1] select useraccoun0_.id as id1_0_, useraccoun0_.version as version2_0_, useraccoun0_.enabled as enabled1_18_, useraccoun0_.identity as identity2_18_, useraccoun0_.password as password3_18_, useraccoun0_.username as username4_18_ from user_account useraccoun0_ where useraccoun0_.username=? 
2022-04-21 17:46:17.117 TRACE [org.hibernate.type.descriptor.sql.BasicBinder@http-nio-8080-exec-1] binding parameter [1] as [VARCHAR] - [anonymous] 
2022-04-21 17:46:17.156 DEBUG [org.hibernate.SQL@http-nio-8080-exec-1] select roles0_.user_account_id as user_acc1_19_0_, roles0_.id as id1_19_0_, roles0_.id as id1_0_1_, roles0_.version as version2_0_1_, roles0_.user_account_id as user_acc1_19_1_, roles0_.company as company1_7_1_, roles0_.sector as sector2_7_1_, roles0_.company as company1_9_1_, roles0_.info as info2_9_1_, roles0_.statement as statemen3_9_1_, roles0_.company as company1_11_1_, roles0_.info as info2_11_1_, roles0_.statement as statemen3_11_1_, roles0_.company as company1_14_1_, roles0_.sector as sector2_14_1_, roles0_.clazz_ as clazz_1_ from ( select id, version, user_account_id, company, sector, null as info, null as statement, 11 as clazz_ from consumer union all select id, version, user_account_id, company, null as sector, info, statement, 12 as clazz_ from inventor union all select id, version, user_account_id, company, null as sector, info, statement, 13 as clazz_ from patron union all select id, version, user_account_id, company, sector, null as info, null as statement, 14 as clazz_ from provider union all select id, version, user_account_id, null as company, null as sector, null as info, null as statement, 16 as clazz_ from administrator union all select id, version, user_account_id, null as company, null as sector, null as info, null as statement, 17 as clazz_ from anonymous union all select id, version, user_account_id, null as company, null as sector, null as info, null as statement, 18 as clazz_ from any union all select id, version, user_account_id, null as company, null as sector, null as info, null as statement, 19 as clazz_ from authenticated ) roles0_ where roles0_.user_account_id=? 
2022-04-21 17:46:17.157 TRACE [org.hibernate.type.descriptor.sql.BasicBinder@http-nio-8080-exec-1] binding parameter [1] as [INTEGER] - [18] 
2022-04-21 17:46:19.627 DEBUG [acme.framework.components.tiles.DynamicTilesView@http-nio-8080-exec-8] View name 'master/sign-in', model {username=, password=, remember=false} 
2022-04-21 17:46:19.628 DEBUG [org.apache.jasper.servlet.JspServlet@http-nio-8080-exec-8] JspEngine --> /WEB-INF/views/master/page.jsp 
2022-04-21 17:46:19.628 DEBUG [org.apache.jasper.servlet.JspServlet@http-nio-8080-exec-8] ServletPath: /WEB-INF/views/master/page.jsp 
2022-04-21 17:46:19.628 DEBUG [org.apache.jasper.servlet.JspServlet@http-nio-8080-exec-8] PathInfo: null 
2022-04-21 17:46:19.630 DEBUG [org.apache.jasper.servlet.JspServlet@http-nio-8080-exec-8] RealPath: C:\Users\rober\Desktop\DP2\Workspace-22.0\Projects\Acme-Toolkits-E3.08\target\classes\WEB-INF\views\master\page.jsp 
2022-04-21 17:46:19.630 DEBUG [org.apache.jasper.servlet.JspServlet@http-nio-8080-exec-8] RequestURI: /acme-toolkits-e3.08-1.0/WEB-INF/views/master/page.jsp 
2022-04-21 17:46:19.631 DEBUG [org.apache.jasper.servlet.JspServlet@http-nio-8080-exec-8] QueryString: null 
2022-04-21 17:46:19.730 DEBUG [org.apache.jasper.servlet.JspServlet@http-nio-8080-exec-8] JspEngine --> /WEB-INF/views/master/sign-in.jsp 
2022-04-21 17:46:19.730 DEBUG [org.apache.jasper.servlet.JspServlet@http-nio-8080-exec-8] ServletPath: /WEB-INF/views/master/page.jsp 
2022-04-21 17:46:19.731 DEBUG [org.apache.jasper.servlet.JspServlet@http-nio-8080-exec-8] PathInfo: null 
2022-04-21 17:46:19.731 DEBUG [org.apache.jasper.servlet.JspServlet@http-nio-8080-exec-8] RealPath: C:\Users\rober\Desktop\DP2\Workspace-22.0\Projects\Acme-Toolkits-E3.08\target\classes\WEB-INF\views\master\sign-in.jsp 
2022-04-21 17:46:19.732 DEBUG [org.apache.jasper.servlet.JspServlet@http-nio-8080-exec-8] RequestURI: /acme-toolkits-e3.08-1.0/WEB-INF/views/master/page.jsp 
2022-04-21 17:46:19.732 DEBUG [org.apache.jasper.servlet.JspServlet@http-nio-8080-exec-8] QueryString: null 
2022-04-21 17:46:21.133 DEBUG [org.hibernate.SQL@http-nio-8080-exec-8] select useraccoun0_.id as id1_0_, useraccoun0_.version as version2_0_, useraccoun0_.enabled as enabled1_18_, useraccoun0_.identity as identity2_18_, useraccoun0_.password as password3_18_, useraccoun0_.username as username4_18_ from user_account useraccoun0_ where useraccoun0_.username=? 
2022-04-21 17:46:21.134 TRACE [org.hibernate.type.descriptor.sql.BasicBinder@http-nio-8080-exec-8] binding parameter [1] as [VARCHAR] - [anonymous] 
2022-04-21 17:46:21.135 DEBUG [org.hibernate.SQL@http-nio-8080-exec-8] select roles0_.user_account_id as user_acc1_19_0_, roles0_.id as id1_19_0_, roles0_.id as id1_0_1_, roles0_.version as version2_0_1_, roles0_.user_account_id as user_acc1_19_1_, roles0_.company as company1_7_1_, roles0_.sector as sector2_7_1_, roles0_.company as company1_9_1_, roles0_.info as info2_9_1_, roles0_.statement as statemen3_9_1_, roles0_.company as company1_11_1_, roles0_.info as info2_11_1_, roles0_.statement as statemen3_11_1_, roles0_.company as company1_14_1_, roles0_.sector as sector2_14_1_, roles0_.clazz_ as clazz_1_ from ( select id, version, user_account_id, company, sector, null as info, null as statement, 11 as clazz_ from consumer union all select id, version, user_account_id, company, null as sector, info, statement, 12 as clazz_ from inventor union all select id, version, user_account_id, company, null as sector, info, statement, 13 as clazz_ from patron union all select id, version, user_account_id, company, sector, null as info, null as statement, 14 as clazz_ from provider union all select id, version, user_account_id, null as company, null as sector, null as info, null as statement, 16 as clazz_ from administrator union all select id, version, user_account_id, null as company, null as sector, null as info, null as statement, 17 as clazz_ from anonymous union all select id, version, user_account_id, null as company, null as sector, null as info, null as statement, 18 as clazz_ from any union all select id, version, user_account_id, null as company, null as sector, null as info, null as statement, 19 as clazz_ from authenticated ) roles0_ where roles0_.user_account_id=? 
2022-04-21 17:46:21.135 TRACE [org.hibernate.type.descriptor.sql.BasicBinder@http-nio-8080-exec-8] binding parameter [1] as [INTEGER] - [18] 
2022-04-21 17:46:29.137 DEBUG [org.hibernate.SQL@http-nio-8080-exec-5] select useraccoun0_.id as id1_0_, useraccoun0_.version as version2_0_, useraccoun0_.enabled as enabled1_18_, useraccoun0_.identity as identity2_18_, useraccoun0_.password as password3_18_, useraccoun0_.username as username4_18_ from user_account useraccoun0_ where useraccoun0_.username=? 
2022-04-21 17:46:29.138 TRACE [org.hibernate.type.descriptor.sql.BasicBinder@http-nio-8080-exec-5] binding parameter [1] as [VARCHAR] - [inventor1] 
2022-04-21 17:46:29.139 DEBUG [org.hibernate.SQL@http-nio-8080-exec-5] select roles0_.user_account_id as user_acc1_19_0_, roles0_.id as id1_19_0_, roles0_.id as id1_0_1_, roles0_.version as version2_0_1_, roles0_.user_account_id as user_acc1_19_1_, roles0_.company as company1_7_1_, roles0_.sector as sector2_7_1_, roles0_.company as company1_9_1_, roles0_.info as info2_9_1_, roles0_.statement as statemen3_9_1_, roles0_.company as company1_11_1_, roles0_.info as info2_11_1_, roles0_.statement as statemen3_11_1_, roles0_.company as company1_14_1_, roles0_.sector as sector2_14_1_, roles0_.clazz_ as clazz_1_ from ( select id, version, user_account_id, company, sector, null as info, null as statement, 11 as clazz_ from consumer union all select id, version, user_account_id, company, null as sector, info, statement, 12 as clazz_ from inventor union all select id, version, user_account_id, company, null as sector, info, statement, 13 as clazz_ from patron union all select id, version, user_account_id, company, sector, null as info, null as statement, 14 as clazz_ from provider union all select id, version, user_account_id, null as company, null as sector, null as info, null as statement, 16 as clazz_ from administrator union all select id, version, user_account_id, null as company, null as sector, null as info, null as statement, 17 as clazz_ from anonymous union all select id, version, user_account_id, null as company, null as sector, null as info, null as statement, 18 as clazz_ from any union all select id, version, user_account_id, null as company, null as sector, null as info, null as statement, 19 as clazz_ from authenticated ) roles0_ where roles0_.user_account_id=? 
2022-04-21 17:46:29.139 TRACE [org.hibernate.type.descriptor.sql.BasicBinder@http-nio-8080-exec-5] binding parameter [1] as [INTEGER] - [26] 
2022-04-21 17:46:29.163 DEBUG [acme.framework.components.tiles.DynamicTilesView@http-nio-8080-exec-6] View name 'fragments/welcome', model {} 
2022-04-21 17:46:29.164 DEBUG [org.apache.jasper.servlet.JspServlet@http-nio-8080-exec-6] JspEngine --> /WEB-INF/views/master/page.jsp 
2022-04-21 17:46:29.164 DEBUG [org.apache.jasper.servlet.JspServlet@http-nio-8080-exec-6] ServletPath: /WEB-INF/views/master/page.jsp 
2022-04-21 17:46:29.164 DEBUG [org.apache.jasper.servlet.JspServlet@http-nio-8080-exec-6] PathInfo: null 
2022-04-21 17:46:29.166 DEBUG [org.apache.jasper.servlet.JspServlet@http-nio-8080-exec-6] RealPath: C:\Users\rober\Desktop\DP2\Workspace-22.0\Projects\Acme-Toolkits-E3.08\target\classes\WEB-INF\views\master\page.jsp 
2022-04-21 17:46:29.166 DEBUG [org.apache.jasper.servlet.JspServlet@http-nio-8080-exec-6] RequestURI: /acme-toolkits-e3.08-1.0/WEB-INF/views/master/page.jsp 
2022-04-21 17:46:29.166 DEBUG [org.apache.jasper.servlet.JspServlet@http-nio-8080-exec-6] QueryString: null 
2022-04-21 17:46:29.264 DEBUG [org.apache.jasper.servlet.JspServlet@http-nio-8080-exec-6] JspEngine --> /WEB-INF/views/fragments/welcome.jsp 
2022-04-21 17:46:29.265 DEBUG [org.apache.jasper.servlet.JspServlet@http-nio-8080-exec-6] ServletPath: /WEB-INF/views/master/page.jsp 
2022-04-21 17:46:29.265 DEBUG [org.apache.jasper.servlet.JspServlet@http-nio-8080-exec-6] PathInfo: null 
2022-04-21 17:46:29.266 DEBUG [org.apache.jasper.servlet.JspServlet@http-nio-8080-exec-6] RealPath: C:\Users\rober\Desktop\DP2\Workspace-22.0\Projects\Acme-Toolkits-E3.08\target\classes\WEB-INF\views\fragments\welcome.jsp 
2022-04-21 17:46:29.267 DEBUG [org.apache.jasper.servlet.JspServlet@http-nio-8080-exec-6] RequestURI: /acme-toolkits-e3.08-1.0/WEB-INF/views/master/page.jsp 
2022-04-21 17:46:29.267 DEBUG [org.apache.jasper.servlet.JspServlet@http-nio-8080-exec-6] QueryString: null 
2022-04-21 17:46:32.952 DEBUG [acme.framework.controllers.AbstractController@http-nio-8080-exec-9] DISPATCHING GET /acme-toolkits-e3.08-1.0/inventor/patronage/list 
2022-04-21 17:46:32.952 DEBUG [acme.framework.controllers.AbstractController@http-nio-8080-exec-9] Command: list 
2022-04-21 17:46:32.952 DEBUG [acme.framework.controllers.AbstractController@http-nio-8080-exec-9] Model:   {} 
2022-04-21 17:46:32.952 DEBUG [acme.framework.controllers.AbstractController@http-nio-8080-exec-9] Locale:  es 
2022-04-21 17:46:32.967 DEBUG [org.hibernate.SQL@http-nio-8080-exec-9] select patronage0_.id as id1_0_, patronage0_.version as version2_0_, patronage0_.budget_amount as budget_a1_12_, patronage0_.budget_currency as budget_c2_12_, patronage0_.code as code3_12_, patronage0_.creation_date as creation4_12_, patronage0_.deadline as deadline5_12_, patronage0_.info as info6_12_, patronage0_.inventor_id as invento10_12_, patronage0_.legal_stuff as legal_st7_12_, patronage0_.patron_id as patron_11_12_, patronage0_.start_date as start_da8_12_, patronage0_.status as status9_12_ from patronage patronage0_ where patronage0_.inventor_id=? 
2022-04-21 17:46:32.968 TRACE [org.hibernate.type.descriptor.sql.BasicBinder@http-nio-8080-exec-9] binding parameter [1] as [INTEGER] - [32] 
2022-04-21 17:46:32.971 DEBUG [org.hibernate.SQL@http-nio-8080-exec-9] select inventor0_.id as id1_0_0_, inventor0_.version as version2_0_0_, inventor0_.user_account_id as user_acc1_19_0_, inventor0_.company as company1_9_0_, inventor0_.info as info2_9_0_, inventor0_.statement as statemen3_9_0_, useraccoun1_.id as id1_0_1_, useraccoun1_.version as version2_0_1_, useraccoun1_.enabled as enabled1_18_1_, useraccoun1_.identity as identity2_18_1_, useraccoun1_.password as password3_18_1_, useraccoun1_.username as username4_18_1_ from inventor inventor0_ inner join user_account useraccoun1_ on inventor0_.user_account_id=useraccoun1_.id where inventor0_.id=? 
2022-04-21 17:46:32.972 TRACE [org.hibernate.type.descriptor.sql.BasicBinder@http-nio-8080-exec-9] binding parameter [1] as [INTEGER] - [32] 
2022-04-21 17:46:32.973 DEBUG [org.hibernate.SQL@http-nio-8080-exec-9] select patron0_.id as id1_0_0_, patron0_.version as version2_0_0_, patron0_.user_account_id as user_acc1_19_0_, patron0_.company as company1_11_0_, patron0_.info as info2_11_0_, patron0_.statement as statemen3_11_0_, useraccoun1_.id as id1_0_1_, useraccoun1_.version as version2_0_1_, useraccoun1_.enabled as enabled1_18_1_, useraccoun1_.identity as identity2_18_1_, useraccoun1_.password as password3_18_1_, useraccoun1_.username as username4_18_1_ from patron patron0_ inner join user_account useraccoun1_ on patron0_.user_account_id=useraccoun1_.id where patron0_.id=? 
2022-04-21 17:46:32.974 TRACE [org.hibernate.type.descriptor.sql.BasicBinder@http-nio-8080-exec-9] binding parameter [1] as [INTEGER] - [36] 
2022-04-21 17:46:32.975 DEBUG [org.hibernate.SQL@http-nio-8080-exec-9] select patron0_.id as id1_0_0_, patron0_.version as version2_0_0_, patron0_.user_account_id as user_acc1_19_0_, patron0_.company as company1_11_0_, patron0_.info as info2_11_0_, patron0_.statement as statemen3_11_0_, useraccoun1_.id as id1_0_1_, useraccoun1_.version as version2_0_1_, useraccoun1_.enabled as enabled1_18_1_, useraccoun1_.identity as identity2_18_1_, useraccoun1_.password as password3_18_1_, useraccoun1_.username as username4_18_1_ from patron patron0_ inner join user_account useraccoun1_ on patron0_.user_account_id=useraccoun1_.id where patron0_.id=? 
2022-04-21 17:46:32.976 TRACE [org.hibernate.type.descriptor.sql.BasicBinder@http-nio-8080-exec-9] binding parameter [1] as [INTEGER] - [37] 
2022-04-21 17:46:33 DEBUG [acme.framework.controllers.AbstractController@http-nio-8080-exec-9] SERVING GET /acme-toolkits-e3.08-1.0/inventor/patronage/list 
2022-04-21 17:46:33.001 DEBUG [acme.framework.controllers.AbstractController@http-nio-8080-exec-9] Result: ModelAndView [view="inventor/patronage/list"; model={version[2]=0, version[1]=0, info[2]=https://www.google.es/, status[0]=PROPOSED, info[1]=https://www.us.es/, list$size=3, deadline[0]=2022-09-01 20:00:00.0, info[0]=https://www.us.es/, status[1]=DENIED, status[2]=PROPOSED, budget[0]=<<EUR 32563.00>>, legalStuff[1]=No tiene trminos legales, deadline[2]=2022-11-01 20:30:00.0, legalStuff[0]=No tiene trminos legales, deadline[1]=2022-11-01 20:30:00.0, budget[1]=<<EUR 47765.00>>, budget[2]=<<EUR 47765.00>>, legalStuff[2]=No tiene trminos legales, version[0]=0, id[1]=44, id[0]=43, id[2]=45, command=list, principal=acme.framework.entities.Principal@59e078c3}] 
2022-04-21 17:46:33.004 DEBUG [acme.framework.components.tiles.DynamicTilesView@http-nio-8080-exec-9] View name 'inventor/patronage/list', model {version[2]=0, version[1]=0, info[2]=https://www.google.es/, status[0]=PROPOSED, info[1]=https://www.us.es/, list$size=3, deadline[0]=2022-09-01 20:00:00.0, info[0]=https://www.us.es/, status[1]=DENIED, status[2]=PROPOSED, budget[0]=<<EUR 32563.00>>, legalStuff[1]=No tiene trminos legales, deadline[2]=2022-11-01 20:30:00.0, legalStuff[0]=No tiene trminos legales, deadline[1]=2022-11-01 20:30:00.0, budget[1]=<<EUR 47765.00>>, budget[2]=<<EUR 47765.00>>, legalStuff[2]=No tiene trminos legales, version[0]=0, id[1]=44, id[0]=43, id[2]=45, command=list, principal=acme.framework.entities.Principal@59e078c3, org.springframework.validation.BindingResult.budget[0]=org.springframework.validation.BeanPropertyBindingResult: 0 errors, org.springframework.validation.BindingResult.budget[1]=org.springframework.validation.BeanPropertyBindingResult: 0 errors, org.springframework.validation.BindingResult.budget[2]=org.springframework.validation.BeanPropertyBindingResult: 0 errors, org.springframework.validation.BindingResult.principal=org.springframework.validation.BeanPropertyBindingResult: 0 errors} 
2022-04-21 17:46:33.006 DEBUG [org.apache.jasper.servlet.JspServlet@http-nio-8080-exec-9] JspEngine --> /WEB-INF/views/master/page.jsp 
2022-04-21 17:46:33.006 DEBUG [org.apache.jasper.servlet.JspServlet@http-nio-8080-exec-9] ServletPath: /WEB-INF/views/master/page.jsp 
2022-04-21 17:46:33.006 DEBUG [org.apache.jasper.servlet.JspServlet@http-nio-8080-exec-9] PathInfo: null 
2022-04-21 17:46:33.006 DEBUG [org.apache.jasper.servlet.JspServlet@http-nio-8080-exec-9] RealPath: C:\Users\rober\Desktop\DP2\Workspace-22.0\Projects\Acme-Toolkits-E3.08\target\classes\WEB-INF\views\master\page.jsp 
2022-04-21 17:46:33.006 DEBUG [org.apache.jasper.servlet.JspServlet@http-nio-8080-exec-9] RequestURI: /acme-toolkits-e3.08-1.0/WEB-INF/views/master/page.jsp 
2022-04-21 17:46:33.007 DEBUG [org.apache.jasper.servlet.JspServlet@http-nio-8080-exec-9] QueryString: null 
2022-04-21 17:46:33.081 DEBUG [org.apache.jasper.servlet.JspServlet@http-nio-8080-exec-9] JspEngine --> /WEB-INF/views/inventor/patronage/list.jsp 
2022-04-21 17:46:33.082 DEBUG [org.apache.jasper.servlet.JspServlet@http-nio-8080-exec-9] ServletPath: /WEB-INF/views/master/page.jsp 
2022-04-21 17:46:33.082 DEBUG [org.apache.jasper.servlet.JspServlet@http-nio-8080-exec-9] PathInfo: null 
2022-04-21 17:46:33.083 DEBUG [org.apache.jasper.servlet.JspServlet@http-nio-8080-exec-9] RealPath: C:\Users\rober\Desktop\DP2\Workspace-22.0\Projects\Acme-Toolkits-E3.08\target\classes\WEB-INF\views\inventor\patronage\list.jsp 
2022-04-21 17:46:33.083 DEBUG [org.apache.jasper.servlet.JspServlet@http-nio-8080-exec-9] RequestURI: /acme-toolkits-e3.08-1.0/WEB-INF/views/master/page.jsp 
2022-04-21 17:46:33.083 DEBUG [org.apache.jasper.servlet.JspServlet@http-nio-8080-exec-9] QueryString: null 
2022-04-21 17:46:35.336 DEBUG [acme.framework.controllers.AbstractController@http-nio-8080-exec-5] DISPATCHING GET /acme-toolkits-e3.08-1.0/inventor/patronage/show 
2022-04-21 17:46:35.336 DEBUG [acme.framework.controllers.AbstractController@http-nio-8080-exec-5] Command: show 
2022-04-21 17:46:35.336 DEBUG [acme.framework.controllers.AbstractController@http-nio-8080-exec-5] Model:   {id=43} 
2022-04-21 17:46:35.336 DEBUG [acme.framework.controllers.AbstractController@http-nio-8080-exec-5] Locale:  es 
2022-04-21 17:46:35.342 DEBUG [org.hibernate.SQL@http-nio-8080-exec-5] select patronage0_.id as id1_0_, patronage0_.version as version2_0_, patronage0_.budget_amount as budget_a1_12_, patronage0_.budget_currency as budget_c2_12_, patronage0_.code as code3_12_, patronage0_.creation_date as creation4_12_, patronage0_.deadline as deadline5_12_, patronage0_.info as info6_12_, patronage0_.inventor_id as invento10_12_, patronage0_.legal_stuff as legal_st7_12_, patronage0_.patron_id as patron_11_12_, patronage0_.start_date as start_da8_12_, patronage0_.status as status9_12_ from patronage patronage0_ where patronage0_.id=? 
2022-04-21 17:46:35.342 TRACE [org.hibernate.type.descriptor.sql.BasicBinder@http-nio-8080-exec-5] binding parameter [1] as [INTEGER] - [43] 
2022-04-21 17:46:35.344 DEBUG [org.hibernate.SQL@http-nio-8080-exec-5] select inventor0_.id as id1_0_0_, inventor0_.version as version2_0_0_, inventor0_.user_account_id as user_acc1_19_0_, inventor0_.company as company1_9_0_, inventor0_.info as info2_9_0_, inventor0_.statement as statemen3_9_0_, useraccoun1_.id as id1_0_1_, useraccoun1_.version as version2_0_1_, useraccoun1_.enabled as enabled1_18_1_, useraccoun1_.identity as identity2_18_1_, useraccoun1_.password as password3_18_1_, useraccoun1_.username as username4_18_1_ from inventor inventor0_ inner join user_account useraccoun1_ on inventor0_.user_account_id=useraccoun1_.id where inventor0_.id=? 
2022-04-21 17:46:35.344 TRACE [org.hibernate.type.descriptor.sql.BasicBinder@http-nio-8080-exec-5] binding parameter [1] as [INTEGER] - [32] 
2022-04-21 17:46:35.345 DEBUG [org.hibernate.SQL@http-nio-8080-exec-5] select patron0_.id as id1_0_0_, patron0_.version as version2_0_0_, patron0_.user_account_id as user_acc1_19_0_, patron0_.company as company1_11_0_, patron0_.info as info2_11_0_, patron0_.statement as statemen3_11_0_, useraccoun1_.id as id1_0_1_, useraccoun1_.version as version2_0_1_, useraccoun1_.enabled as enabled1_18_1_, useraccoun1_.identity as identity2_18_1_, useraccoun1_.password as password3_18_1_, useraccoun1_.username as username4_18_1_ from patron patron0_ inner join user_account useraccoun1_ on patron0_.user_account_id=useraccoun1_.id where patron0_.id=? 
2022-04-21 17:46:35.346 TRACE [org.hibernate.type.descriptor.sql.BasicBinder@http-nio-8080-exec-5] binding parameter [1] as [INTEGER] - [36] 
2022-04-21 17:46:35.349 DEBUG [acme.framework.controllers.AbstractController@http-nio-8080-exec-5] SERVING GET /acme-toolkits-e3.08-1.0/inventor/patronage/show 
2022-04-21 17:46:35.349 DEBUG [acme.framework.controllers.AbstractController@http-nio-8080-exec-5] Result: ModelAndView [view="inventor/patronage/form"; model={patron=UserRole(userAccount=UserAccount(username=administrator)), readonly=true, id=43, confirmation=false, deadline=2022-09-01 20:00:00.0, version=0, status=PROPOSED, legalStuff=No tiene trminos legales, budget=<<EUR 32563.00>>, info=https://www.us.es/, command=show, principal=acme.framework.entities.Principal@59e078c3}] 
2022-04-21 17:46:35.350 DEBUG [acme.framework.components.tiles.DynamicTilesView@http-nio-8080-exec-5] View name 'inventor/patronage/form', model {patron=UserRole(userAccount=UserAccount(username=administrator)), readonly=true, id=43, confirmation=false, deadline=2022-09-01 20:00:00.0, version=0, status=PROPOSED, legalStuff=No tiene trminos legales, budget=<<EUR 32563.00>>, info=https://www.us.es/, command=show, principal=acme.framework.entities.Principal@59e078c3, org.springframework.validation.BindingResult.patron=org.springframework.validation.BeanPropertyBindingResult: 0 errors, org.springframework.validation.BindingResult.budget=org.springframework.validation.BeanPropertyBindingResult: 0 errors, org.springframework.validation.BindingResult.principal=org.springframework.validation.BeanPropertyBindingResult: 0 errors} 
2022-04-21 17:46:35.351 DEBUG [org.apache.jasper.servlet.JspServlet@http-nio-8080-exec-5] JspEngine --> /WEB-INF/views/master/page.jsp 
2022-04-21 17:46:35.351 DEBUG [org.apache.jasper.servlet.JspServlet@http-nio-8080-exec-5] ServletPath: /WEB-INF/views/master/page.jsp 
2022-04-21 17:46:35.351 DEBUG [org.apache.jasper.servlet.JspServlet@http-nio-8080-exec-5] PathInfo: null 
2022-04-21 17:46:35.354 DEBUG [org.apache.jasper.servlet.JspServlet@http-nio-8080-exec-5] RealPath: C:\Users\rober\Desktop\DP2\Workspace-22.0\Projects\Acme-Toolkits-E3.08\target\classes\WEB-INF\views\master\page.jsp 
2022-04-21 17:46:35.354 DEBUG [org.apache.jasper.servlet.JspServlet@http-nio-8080-exec-5] RequestURI: /acme-toolkits-e3.08-1.0/WEB-INF/views/master/page.jsp 
2022-04-21 17:46:35.354 DEBUG [org.apache.jasper.servlet.JspServlet@http-nio-8080-exec-5] QueryString: id=43 
2022-04-21 17:46:35.452 DEBUG [org.apache.jasper.servlet.JspServlet@http-nio-8080-exec-5] JspEngine --> /WEB-INF/views/inventor/patronage/form.jsp 
2022-04-21 17:46:35.452 DEBUG [org.apache.jasper.servlet.JspServlet@http-nio-8080-exec-5] ServletPath: /WEB-INF/views/master/page.jsp 
2022-04-21 17:46:35.452 DEBUG [org.apache.jasper.servlet.JspServlet@http-nio-8080-exec-5] PathInfo: null 
2022-04-21 17:46:35.454 DEBUG [org.apache.jasper.servlet.JspServlet@http-nio-8080-exec-5] RealPath: C:\Users\rober\Desktop\DP2\Workspace-22.0\Projects\Acme-Toolkits-E3.08\target\classes\WEB-INF\views\inventor\patronage\form.jsp 
2022-04-21 17:46:35.454 DEBUG [org.apache.jasper.servlet.JspServlet@http-nio-8080-exec-5] RequestURI: /acme-toolkits-e3.08-1.0/WEB-INF/views/master/page.jsp 
2022-04-21 17:46:35.454 DEBUG [org.apache.jasper.servlet.JspServlet@http-nio-8080-exec-5] QueryString: id=43 
2022-04-21 17:47:51.301 DEBUG [acme.framework.controllers.AbstractController@http-nio-8080-exec-7] DISPATCHING GET /acme-toolkits-e3.08-1.0/inventor/toolkit/list 
2022-04-21 17:47:51.301 DEBUG [acme.framework.controllers.AbstractController@http-nio-8080-exec-7] Command: list 
2022-04-21 17:47:51.302 DEBUG [acme.framework.controllers.AbstractController@http-nio-8080-exec-7] Model:   {} 
2022-04-21 17:47:51.302 DEBUG [acme.framework.controllers.AbstractController@http-nio-8080-exec-7] Locale:  es 
2022-04-21 17:47:51.308 DEBUG [org.hibernate.SQL@http-nio-8080-exec-7] select toolkit0_.id as id1_0_, toolkit0_.version as version2_0_, toolkit0_.code as code1_17_, toolkit0_.description as descript2_17_, toolkit0_.inventor_id as inventor6_17_, toolkit0_.link as link3_17_, toolkit0_.notes as notes4_17_, toolkit0_.title as title5_17_ from toolkit toolkit0_ where toolkit0_.inventor_id=? 
2022-04-21 17:47:51.309 TRACE [org.hibernate.type.descriptor.sql.BasicBinder@http-nio-8080-exec-7] binding parameter [1] as [INTEGER] - [32] 
2022-04-21 17:47:51.310 DEBUG [org.hibernate.SQL@http-nio-8080-exec-7] select inventor0_.id as id1_0_0_, inventor0_.version as version2_0_0_, inventor0_.user_account_id as user_acc1_19_0_, inventor0_.company as company1_9_0_, inventor0_.info as info2_9_0_, inventor0_.statement as statemen3_9_0_, useraccoun1_.id as id1_0_1_, useraccoun1_.version as version2_0_1_, useraccoun1_.enabled as enabled1_18_1_, useraccoun1_.identity as identity2_18_1_, useraccoun1_.password as password3_18_1_, useraccoun1_.username as username4_18_1_ from inventor inventor0_ inner join user_account useraccoun1_ on inventor0_.user_account_id=useraccoun1_.id where inventor0_.id=? 
2022-04-21 17:47:51.310 TRACE [org.hibernate.type.descriptor.sql.BasicBinder@http-nio-8080-exec-7] binding parameter [1] as [INTEGER] - [32] 
2022-04-21 17:47:51.318 DEBUG [acme.framework.controllers.AbstractController@http-nio-8080-exec-7] SERVING GET /acme-toolkits-e3.08-1.0/inventor/toolkit/list 
2022-04-21 17:47:51.318 DEBUG [acme.framework.controllers.AbstractController@http-nio-8080-exec-7] Result: ModelAndView [view="inventor/toolkit/list"; model={link[0]=https://exampletoolkit.com, description[0]=Caja con objetos para realizar manualidades, version[0]=0, title[0]=Manualidades, id[0]=33, list$size=1, command=list, principal=acme.framework.entities.Principal@59e078c3}] 
2022-04-21 17:47:51.319 DEBUG [acme.framework.components.tiles.DynamicTilesView@http-nio-8080-exec-7] View name 'inventor/toolkit/list', model {link[0]=https://exampletoolkit.com, description[0]=Caja con objetos para realizar manualidades, version[0]=0, title[0]=Manualidades, id[0]=33, list$size=1, command=list, principal=acme.framework.entities.Principal@59e078c3, org.springframework.validation.BindingResult.principal=org.springframework.validation.BeanPropertyBindingResult: 0 errors} 
2022-04-21 17:47:51.320 DEBUG [org.apache.jasper.servlet.JspServlet@http-nio-8080-exec-7] JspEngine --> /WEB-INF/views/master/page.jsp 
2022-04-21 17:47:51.320 DEBUG [org.apache.jasper.servlet.JspServlet@http-nio-8080-exec-7] ServletPath: /WEB-INF/views/master/page.jsp 
2022-04-21 17:47:51.320 DEBUG [org.apache.jasper.servlet.JspServlet@http-nio-8080-exec-7] PathInfo: null 
2022-04-21 17:47:51.321 DEBUG [org.apache.jasper.servlet.JspServlet@http-nio-8080-exec-7] RealPath: C:\Users\rober\Desktop\DP2\Workspace-22.0\Projects\Acme-Toolkits-E3.08\target\classes\WEB-INF\views\master\page.jsp 
2022-04-21 17:47:51.322 DEBUG [org.apache.jasper.servlet.JspServlet@http-nio-8080-exec-7] RequestURI: /acme-toolkits-e3.08-1.0/WEB-INF/views/master/page.jsp 
2022-04-21 17:47:51.322 DEBUG [org.apache.jasper.servlet.JspServlet@http-nio-8080-exec-7] QueryString: null 
2022-04-21 17:47:51.419 DEBUG [org.apache.jasper.servlet.JspServlet@http-nio-8080-exec-7] JspEngine --> /WEB-INF/views/inventor/toolkit/list.jsp 
2022-04-21 17:47:51.419 DEBUG [org.apache.jasper.servlet.JspServlet@http-nio-8080-exec-7] ServletPath: /WEB-INF/views/master/page.jsp 
2022-04-21 17:47:51.419 DEBUG [org.apache.jasper.servlet.JspServlet@http-nio-8080-exec-7] PathInfo: null 
2022-04-21 17:47:51.420 DEBUG [org.apache.jasper.servlet.JspServlet@http-nio-8080-exec-7] RealPath: C:\Users\rober\Desktop\DP2\Workspace-22.0\Projects\Acme-Toolkits-E3.08\target\classes\WEB-INF\views\inventor\toolkit\list.jsp 
2022-04-21 17:47:51.421 DEBUG [org.apache.jasper.servlet.JspServlet@http-nio-8080-exec-7] RequestURI: /acme-toolkits-e3.08-1.0/WEB-INF/views/master/page.jsp 
2022-04-21 17:47:51.421 DEBUG [org.apache.jasper.servlet.JspServlet@http-nio-8080-exec-7] QueryString: null 
2022-04-21 17:47:52.894 DEBUG [acme.framework.controllers.AbstractController@http-nio-8080-exec-3] DISPATCHING GET /acme-toolkits-e3.08-1.0/inventor/toolkit/show 
2022-04-21 17:47:52.894 DEBUG [acme.framework.controllers.AbstractController@http-nio-8080-exec-3] Command: show 
2022-04-21 17:47:52.894 DEBUG [acme.framework.controllers.AbstractController@http-nio-8080-exec-3] Model:   {id=33} 
2022-04-21 17:47:52.894 DEBUG [acme.framework.controllers.AbstractController@http-nio-8080-exec-3] Locale:  es 
2022-04-21 17:47:52.897 DEBUG [org.hibernate.SQL@http-nio-8080-exec-3] select toolkit0_.id as id1_0_, toolkit0_.version as version2_0_, toolkit0_.code as code1_17_, toolkit0_.description as descript2_17_, toolkit0_.inventor_id as inventor6_17_, toolkit0_.link as link3_17_, toolkit0_.notes as notes4_17_, toolkit0_.title as title5_17_ from toolkit toolkit0_ where toolkit0_.id=? 
2022-04-21 17:47:52.898 TRACE [org.hibernate.type.descriptor.sql.BasicBinder@http-nio-8080-exec-3] binding parameter [1] as [INTEGER] - [33] 
2022-04-21 17:47:52.899 DEBUG [org.hibernate.SQL@http-nio-8080-exec-3] select inventor0_.id as id1_0_0_, inventor0_.version as version2_0_0_, inventor0_.user_account_id as user_acc1_19_0_, inventor0_.company as company1_9_0_, inventor0_.info as info2_9_0_, inventor0_.statement as statemen3_9_0_, useraccoun1_.id as id1_0_1_, useraccoun1_.version as version2_0_1_, useraccoun1_.enabled as enabled1_18_1_, useraccoun1_.identity as identity2_18_1_, useraccoun1_.password as password3_18_1_, useraccoun1_.username as username4_18_1_ from inventor inventor0_ inner join user_account useraccoun1_ on inventor0_.user_account_id=useraccoun1_.id where inventor0_.id=? 
2022-04-21 17:47:52.899 TRACE [org.hibernate.type.descriptor.sql.BasicBinder@http-nio-8080-exec-3] binding parameter [1] as [INTEGER] - [32] 
2022-04-21 17:47:52.901 DEBUG [org.hibernate.SQL@http-nio-8080-exec-3] select sum(item1_.retail_price_amount*quantity0_.items_number) as col_0_0_ from quantity quantity0_ cross join item item1_ where quantity0_.item_id=item1_.id and quantity0_.toolkit_id=? 
2022-04-21 17:47:52.901 TRACE [org.hibernate.type.descriptor.sql.BasicBinder@http-nio-8080-exec-3] binding parameter [1] as [INTEGER] - [33] 
2022-04-21 17:47:52.903 DEBUG [acme.framework.controllers.AbstractController@http-nio-8080-exec-3] SERVING GET /acme-toolkits-e3.08-1.0/inventor/toolkit/show 
2022-04-21 17:47:52.903 DEBUG [acme.framework.controllers.AbstractController@http-nio-8080-exec-3] Result: ModelAndView [view="inventor/toolkit/form"; model={toolkitPrice=12.0, notes=Nada importante, readonly=true, link=https://exampletoolkit.com, description=Caja con objetos para realizar manualidades, id=33, confirmation=false, title=Manualidades, version=0, command=show, principal=acme.framework.entities.Principal@59e078c3}] 
2022-04-21 17:47:52.903 DEBUG [acme.framework.components.tiles.DynamicTilesView@http-nio-8080-exec-3] View name 'inventor/toolkit/form', model {toolkitPrice=12.0, notes=Nada importante, readonly=true, link=https://exampletoolkit.com, description=Caja con objetos para realizar manualidades, id=33, confirmation=false, title=Manualidades, version=0, command=show, principal=acme.framework.entities.Principal@59e078c3, org.springframework.validation.BindingResult.principal=org.springframework.validation.BeanPropertyBindingResult: 0 errors} 
2022-04-21 17:47:52.904 DEBUG [org.apache.jasper.servlet.JspServlet@http-nio-8080-exec-3] JspEngine --> /WEB-INF/views/master/page.jsp 
2022-04-21 17:47:52.904 DEBUG [org.apache.jasper.servlet.JspServlet@http-nio-8080-exec-3] ServletPath: /WEB-INF/views/master/page.jsp 
2022-04-21 17:47:52.904 DEBUG [org.apache.jasper.servlet.JspServlet@http-nio-8080-exec-3] PathInfo: null 
2022-04-21 17:47:52.906 DEBUG [org.apache.jasper.servlet.JspServlet@http-nio-8080-exec-3] RealPath: C:\Users\rober\Desktop\DP2\Workspace-22.0\Projects\Acme-Toolkits-E3.08\target\classes\WEB-INF\views\master\page.jsp 
2022-04-21 17:47:52.906 DEBUG [org.apache.jasper.servlet.JspServlet@http-nio-8080-exec-3] RequestURI: /acme-toolkits-e3.08-1.0/WEB-INF/views/master/page.jsp 
2022-04-21 17:47:52.907 DEBUG [org.apache.jasper.servlet.JspServlet@http-nio-8080-exec-3] QueryString: id=33 
2022-04-21 17:47:52.999 DEBUG [org.apache.jasper.servlet.JspServlet@http-nio-8080-exec-3] JspEngine --> /WEB-INF/views/inventor/toolkit/form.jsp 
2022-04-21 17:47:53 DEBUG [org.apache.jasper.servlet.JspServlet@http-nio-8080-exec-3] ServletPath: /WEB-INF/views/master/page.jsp 
2022-04-21 17:47:53 DEBUG [org.apache.jasper.servlet.JspServlet@http-nio-8080-exec-3] PathInfo: null 
2022-04-21 17:47:53.001 DEBUG [org.apache.jasper.servlet.JspServlet@http-nio-8080-exec-3] RealPath: C:\Users\rober\Desktop\DP2\Workspace-22.0\Projects\Acme-Toolkits-E3.08\target\classes\WEB-INF\views\inventor\toolkit\form.jsp 
2022-04-21 17:47:53.001 DEBUG [org.apache.jasper.servlet.JspServlet@http-nio-8080-exec-3] RequestURI: /acme-toolkits-e3.08-1.0/WEB-INF/views/master/page.jsp 
2022-04-21 17:47:53.001 DEBUG [org.apache.jasper.servlet.JspServlet@http-nio-8080-exec-3] QueryString: id=33 
