2022-05-21 13:33:46.279 INFO  [acme.Launcher@main] Starting Launcher using Java 1.8.0_281 on PC-Joserra with PID 16212 (C:\Users\Joserrita\Desktop\UNI\TERCERO\SEGUNDO CUATRI\MVG\Workspace-22.0\Frameworks\Acme-Framework-22.5.1\target\classes started by Joserrita in C:\Users\Joserrita\Desktop\UNI\TERCERO\SEGUNDO CUATRI\MVG\Workspace-22.0\Projects\Acme-Toolkits-E3.08) 
2022-05-21 13:33:46.280 DEBUG [acme.Launcher@main] Running with Spring Boot v2.4.2, Spring v5.3.3 
2022-05-21 13:33:46.281 INFO  [acme.Launcher@main] The following profiles are active: development,default 
2022-05-21 13:33:48.824 DEBUG [org.apache.jasper.servlet.JasperInitializer@main] Initializing Jasper for context [application] 
2022-05-21 13:33:53.789 DEBUG [org.apache.jasper.servlet.JspServlet@main] Scratch dir for the JSP engine is: [C:\Users\Joserrita\AppData\Local\Temp\tomcat.8080.6624518311442776918\work\Tomcat\localhost\acme-toolkits-e3.08-1.0] 
2022-05-21 13:33:53.790 DEBUG [org.apache.jasper.servlet.JspServlet@main] IMPORTANT: Do not modify the generated servlets 
2022-05-21 13:33:53.801 INFO  [acme.Launcher@main] Started Launcher in 8.131 seconds (JVM running for 8.79) 
2022-05-21 13:33:53.806 DEBUG [acme.Launcher@main] Found classpath entry '/C:/Users/Joserrita/Desktop/UNI/TERCERO/SEGUNDO%20CUATRI/MVG/Workspace-22.0/Projects/Acme-Toolkits-E3.08/target/test-classes/' 
2022-05-21 13:33:53.807 DEBUG [acme.Launcher@main] Found classpath entry '/C:/Users/Joserrita/Desktop/UNI/TERCERO/SEGUNDO%20CUATRI/MVG/Workspace-22.0/Projects/Acme-Toolkits-E3.08/target/classes/' 
2022-05-21 13:33:53.807 DEBUG [acme.Launcher@main] Found classpath entry '/C:/Users/Joserrita/Desktop/UNI/TERCERO/SEGUNDO%20CUATRI/MVG/Workspace-22.0/Frameworks/Acme-Framework-22.5.1/target/classes/' 
2022-05-21 13:33:53.807 DEBUG [acme.Launcher@main] Found classpath entry '/C:/Users/Joserrita/Desktop/UNI/TERCERO/SEGUNDO%20CUATRI/MVG/Workspace-22.0/Frameworks/Acme-Framework-22.5.1/target/test-classes/' 
2022-05-21 13:33:53.807 DEBUG [acme.Launcher@main] Found classpath entry '/C:/Users/Joserrita/.m2/repository/org/springframework/boot/spring-boot-starter-tomcat/2.4.2/spring-boot-starter-tomcat-2.4.2.jar' 
2022-05-21 13:33:53.807 DEBUG [acme.Launcher@main] Found classpath entry '/C:/Users/Joserrita/.m2/repository/jakarta/annotation/jakarta.annotation-api/1.3.5/jakarta.annotation-api-1.3.5.jar' 
2022-05-21 13:33:53.807 DEBUG [acme.Launcher@main] Found classpath entry '/C:/Users/Joserrita/.m2/repository/org/apache/tomcat/embed/tomcat-embed-core/9.0.41/tomcat-embed-core-9.0.41.jar' 
2022-05-21 13:33:53.807 DEBUG [acme.Launcher@main] Found classpath entry '/C:/Users/Joserrita/.m2/repository/org/glassfish/jakarta.el/3.0.3/jakarta.el-3.0.3.jar' 
2022-05-21 13:33:53.807 DEBUG [acme.Launcher@main] Found classpath entry '/C:/Users/Joserrita/.m2/repository/org/apache/tomcat/embed/tomcat-embed-websocket/9.0.41/tomcat-embed-websocket-9.0.41.jar' 
2022-05-21 13:33:53.808 DEBUG [acme.Launcher@main] Found classpath entry '/C:/Users/Joserrita/.m2/repository/org/apache/tomcat/embed/tomcat-embed-jasper/9.0.41/tomcat-embed-jasper-9.0.41.jar' 
2022-05-21 13:33:53.808 DEBUG [acme.Launcher@main] Found classpath entry '/C:/Users/Joserrita/.m2/repository/org/apache/tomcat/embed/tomcat-embed-el/9.0.41/tomcat-embed-el-9.0.41.jar' 
2022-05-21 13:33:53.808 DEBUG [acme.Launcher@main] Found classpath entry '/C:/Users/Joserrita/.m2/repository/org/eclipse/jdt/ecj/3.18.0/ecj-3.18.0.jar' 
2022-05-21 13:33:53.808 DEBUG [acme.Launcher@main] Found classpath entry '/C:/Users/Joserrita/.m2/repository/javax/servlet/jstl/1.2/jstl-1.2.jar' 
2022-05-21 13:33:53.808 DEBUG [acme.Launcher@main] Found classpath entry '/C:/Users/Joserrita/.m2/repository/org/springframework/boot/spring-boot-starter-test/2.4.2/spring-boot-starter-test-2.4.2.jar' 
2022-05-21 13:33:53.808 DEBUG [acme.Launcher@main] Found classpath entry '/C:/Users/Joserrita/.m2/repository/org/springframework/boot/spring-boot-starter/2.4.2/spring-boot-starter-2.4.2.jar' 
2022-05-21 13:33:53.808 DEBUG [acme.Launcher@main] Found classpath entry '/C:/Users/Joserrita/.m2/repository/org/springframework/boot/spring-boot/2.4.2/spring-boot-2.4.2.jar' 
2022-05-21 13:33:53.809 DEBUG [acme.Launcher@main] Found classpath entry '/C:/Users/Joserrita/.m2/repository/org/springframework/boot/spring-boot-autoconfigure/2.4.2/spring-boot-autoconfigure-2.4.2.jar' 
2022-05-21 13:33:53.809 DEBUG [acme.Launcher@main] Found classpath entry '/C:/Users/Joserrita/.m2/repository/org/springframework/boot/spring-boot-starter-logging/2.4.2/spring-boot-starter-logging-2.4.2.jar' 
2022-05-21 13:33:53.809 DEBUG [acme.Launcher@main] Found classpath entry '/C:/Users/Joserrita/.m2/repository/ch/qos/logback/logback-classic/1.2.3/logback-classic-1.2.3.jar' 
2022-05-21 13:33:53.809 DEBUG [acme.Launcher@main] Found classpath entry '/C:/Users/Joserrita/.m2/repository/ch/qos/logback/logback-core/1.2.3/logback-core-1.2.3.jar' 
2022-05-21 13:33:53.809 DEBUG [acme.Launcher@main] Found classpath entry '/C:/Users/Joserrita/.m2/repository/org/apache/logging/log4j/log4j-to-slf4j/2.13.3/log4j-to-slf4j-2.13.3.jar' 
2022-05-21 13:33:53.809 DEBUG [acme.Launcher@main] Found classpath entry '/C:/Users/Joserrita/.m2/repository/org/apache/logging/log4j/log4j-api/2.13.3/log4j-api-2.13.3.jar' 
2022-05-21 13:33:53.809 DEBUG [acme.Launcher@main] Found classpath entry '/C:/Users/Joserrita/.m2/repository/org/slf4j/jul-to-slf4j/1.7.30/jul-to-slf4j-1.7.30.jar' 
2022-05-21 13:33:53.810 DEBUG [acme.Launcher@main] Found classpath entry '/C:/Users/Joserrita/.m2/repository/org/yaml/snakeyaml/1.27/snakeyaml-1.27.jar' 
2022-05-21 13:33:53.810 DEBUG [acme.Launcher@main] Found classpath entry '/C:/Users/Joserrita/.m2/repository/org/springframework/boot/spring-boot-test/2.4.2/spring-boot-test-2.4.2.jar' 
2022-05-21 13:33:53.810 DEBUG [acme.Launcher@main] Found classpath entry '/C:/Users/Joserrita/.m2/repository/org/springframework/boot/spring-boot-test-autoconfigure/2.4.2/spring-boot-test-autoconfigure-2.4.2.jar' 
2022-05-21 13:33:53.810 DEBUG [acme.Launcher@main] Found classpath entry '/C:/Users/Joserrita/.m2/repository/com/jayway/jsonpath/json-path/2.4.0/json-path-2.4.0.jar' 
2022-05-21 13:33:53.810 DEBUG [acme.Launcher@main] Found classpath entry '/C:/Users/Joserrita/.m2/repository/net/minidev/json-smart/2.3/json-smart-2.3.jar' 
2022-05-21 13:33:53.810 DEBUG [acme.Launcher@main] Found classpath entry '/C:/Users/Joserrita/.m2/repository/net/minidev/accessors-smart/1.2/accessors-smart-1.2.jar' 
2022-05-21 13:33:53.810 DEBUG [acme.Launcher@main] Found classpath entry '/C:/Users/Joserrita/.m2/repository/org/ow2/asm/asm/5.0.4/asm-5.0.4.jar' 
2022-05-21 13:33:53.810 DEBUG [acme.Launcher@main] Found classpath entry '/C:/Users/Joserrita/.m2/repository/jakarta/xml/bind/jakarta.xml.bind-api/2.3.3/jakarta.xml.bind-api-2.3.3.jar' 
2022-05-21 13:33:53.810 DEBUG [acme.Launcher@main] Found classpath entry '/C:/Users/Joserrita/.m2/repository/jakarta/activation/jakarta.activation-api/1.2.2/jakarta.activation-api-1.2.2.jar' 
2022-05-21 13:33:53.811 DEBUG [acme.Launcher@main] Found classpath entry '/C:/Users/Joserrita/.m2/repository/org/assertj/assertj-core/3.18.1/assertj-core-3.18.1.jar' 
2022-05-21 13:33:53.811 DEBUG [acme.Launcher@main] Found classpath entry '/C:/Users/Joserrita/.m2/repository/org/hamcrest/hamcrest/2.2/hamcrest-2.2.jar' 
2022-05-21 13:33:53.811 DEBUG [acme.Launcher@main] Found classpath entry '/C:/Users/Joserrita/.m2/repository/org/junit/jupiter/junit-jupiter/5.7.0/junit-jupiter-5.7.0.jar' 
2022-05-21 13:33:53.811 DEBUG [acme.Launcher@main] Found classpath entry '/C:/Users/Joserrita/.m2/repository/org/mockito/mockito-core/3.6.28/mockito-core-3.6.28.jar' 
2022-05-21 13:33:53.811 DEBUG [acme.Launcher@main] Found classpath entry '/C:/Users/Joserrita/.m2/repository/net/bytebuddy/byte-buddy-agent/1.10.19/byte-buddy-agent-1.10.19.jar' 
2022-05-21 13:33:53.811 DEBUG [acme.Launcher@main] Found classpath entry '/C:/Users/Joserrita/.m2/repository/org/objenesis/objenesis/3.1/objenesis-3.1.jar' 
2022-05-21 13:33:53.811 DEBUG [acme.Launcher@main] Found classpath entry '/C:/Users/Joserrita/.m2/repository/org/mockito/mockito-junit-jupiter/3.6.28/mockito-junit-jupiter-3.6.28.jar' 
2022-05-21 13:33:53.811 DEBUG [acme.Launcher@main] Found classpath entry '/C:/Users/Joserrita/.m2/repository/org/skyscreamer/jsonassert/1.5.0/jsonassert-1.5.0.jar' 
2022-05-21 13:33:53.812 DEBUG [acme.Launcher@main] Found classpath entry '/C:/Users/Joserrita/.m2/repository/com/vaadin/external/google/android-json/0.0.20131108.vaadin1/android-json-0.0.20131108.vaadin1.jar' 
2022-05-21 13:33:53.812 DEBUG [acme.Launcher@main] Found classpath entry '/C:/Users/Joserrita/.m2/repository/org/springframework/spring-core/5.3.3/spring-core-5.3.3.jar' 
2022-05-21 13:33:53.812 DEBUG [acme.Launcher@main] Found classpath entry '/C:/Users/Joserrita/.m2/repository/org/springframework/spring-jcl/5.3.3/spring-jcl-5.3.3.jar' 
2022-05-21 13:33:53.812 DEBUG [acme.Launcher@main] Found classpath entry '/C:/Users/Joserrita/.m2/repository/org/springframework/spring-test/5.3.3/spring-test-5.3.3.jar' 
2022-05-21 13:33:53.812 DEBUG [acme.Launcher@main] Found classpath entry '/C:/Users/Joserrita/.m2/repository/org/xmlunit/xmlunit-core/2.7.0/xmlunit-core-2.7.0.jar' 
2022-05-21 13:33:53.812 DEBUG [acme.Launcher@main] Found classpath entry '/C:/Users/Joserrita/.m2/repository/org/springframework/boot/spring-boot-starter-security/2.4.2/spring-boot-starter-security-2.4.2.jar' 
2022-05-21 13:33:53.812 DEBUG [acme.Launcher@main] Found classpath entry '/C:/Users/Joserrita/.m2/repository/org/springframework/spring-aop/5.3.3/spring-aop-5.3.3.jar' 
2022-05-21 13:33:53.812 DEBUG [acme.Launcher@main] Found classpath entry '/C:/Users/Joserrita/.m2/repository/org/springframework/security/spring-security-web/5.4.2/spring-security-web-5.4.2.jar' 
2022-05-21 13:33:53.812 DEBUG [acme.Launcher@main] Found classpath entry '/C:/Users/Joserrita/.m2/repository/org/springframework/security/spring-security-core/5.4.2/spring-security-core-5.4.2.jar' 
2022-05-21 13:33:53.813 DEBUG [acme.Launcher@main] Found classpath entry '/C:/Users/Joserrita/.m2/repository/org/springframework/spring-beans/5.3.3/spring-beans-5.3.3.jar' 
2022-05-21 13:33:53.813 DEBUG [acme.Launcher@main] Found classpath entry '/C:/Users/Joserrita/.m2/repository/org/springframework/spring-context/5.3.3/spring-context-5.3.3.jar' 
2022-05-21 13:33:53.813 DEBUG [acme.Launcher@main] Found classpath entry '/C:/Users/Joserrita/.m2/repository/org/springframework/spring-expression/5.3.3/spring-expression-5.3.3.jar' 
2022-05-21 13:33:53.813 DEBUG [acme.Launcher@main] Found classpath entry '/C:/Users/Joserrita/.m2/repository/org/springframework/spring-web/5.3.3/spring-web-5.3.3.jar' 
2022-05-21 13:33:53.813 DEBUG [acme.Launcher@main] Found classpath entry '/C:/Users/Joserrita/.m2/repository/org/springframework/security/spring-security-config/5.4.2/spring-security-config-5.4.2.jar' 
2022-05-21 13:33:53.813 DEBUG [acme.Launcher@main] Found classpath entry '/C:/Users/Joserrita/.m2/repository/org/springframework/security/spring-security-taglibs/5.4.2/spring-security-taglibs-5.4.2.jar' 
2022-05-21 13:33:53.813 DEBUG [acme.Launcher@main] Found classpath entry '/C:/Users/Joserrita/.m2/repository/org/springframework/security/spring-security-acl/5.4.2/spring-security-acl-5.4.2.jar' 
2022-05-21 13:33:53.813 DEBUG [acme.Launcher@main] Found classpath entry '/C:/Users/Joserrita/.m2/repository/org/springframework/spring-jdbc/5.3.3/spring-jdbc-5.3.3.jar' 
2022-05-21 13:33:53.814 DEBUG [acme.Launcher@main] Found classpath entry '/C:/Users/Joserrita/.m2/repository/org/springframework/spring-tx/5.3.3/spring-tx-5.3.3.jar' 
2022-05-21 13:33:53.814 DEBUG [acme.Launcher@main] Found classpath entry '/C:/Users/Joserrita/.m2/repository/org/springframework/boot/spring-boot-starter-web/2.4.2/spring-boot-starter-web-2.4.2.jar' 
2022-05-21 13:33:53.814 DEBUG [acme.Launcher@main] Found classpath entry '/C:/Users/Joserrita/.m2/repository/org/springframework/boot/spring-boot-starter-json/2.4.2/spring-boot-starter-json-2.4.2.jar' 
2022-05-21 13:33:53.814 DEBUG [acme.Launcher@main] Found classpath entry '/C:/Users/Joserrita/.m2/repository/com/fasterxml/jackson/core/jackson-databind/2.11.4/jackson-databind-2.11.4.jar' 
2022-05-21 13:33:53.814 DEBUG [acme.Launcher@main] Found classpath entry '/C:/Users/Joserrita/.m2/repository/com/fasterxml/jackson/core/jackson-annotations/2.11.4/jackson-annotations-2.11.4.jar' 
2022-05-21 13:33:53.814 DEBUG [acme.Launcher@main] Found classpath entry '/C:/Users/Joserrita/.m2/repository/com/fasterxml/jackson/core/jackson-core/2.11.4/jackson-core-2.11.4.jar' 
2022-05-21 13:33:53.814 DEBUG [acme.Launcher@main] Found classpath entry '/C:/Users/Joserrita/.m2/repository/com/fasterxml/jackson/datatype/jackson-datatype-jdk8/2.11.4/jackson-datatype-jdk8-2.11.4.jar' 
2022-05-21 13:33:53.814 DEBUG [acme.Launcher@main] Found classpath entry '/C:/Users/Joserrita/.m2/repository/com/fasterxml/jackson/datatype/jackson-datatype-jsr310/2.11.4/jackson-datatype-jsr310-2.11.4.jar' 
2022-05-21 13:33:53.814 DEBUG [acme.Launcher@main] Found classpath entry '/C:/Users/Joserrita/.m2/repository/com/fasterxml/jackson/module/jackson-module-parameter-names/2.11.4/jackson-module-parameter-names-2.11.4.jar' 
2022-05-21 13:33:53.815 DEBUG [acme.Launcher@main] Found classpath entry '/C:/Users/Joserrita/.m2/repository/org/springframework/spring-webmvc/5.3.3/spring-webmvc-5.3.3.jar' 
2022-05-21 13:33:53.815 DEBUG [acme.Launcher@main] Found classpath entry '/C:/Users/Joserrita/.m2/repository/org/apache/tiles/tiles-jsp/3.0.8/tiles-jsp-3.0.8.jar' 
2022-05-21 13:33:53.815 DEBUG [acme.Launcher@main] Found classpath entry '/C:/Users/Joserrita/.m2/repository/org/apache/tiles/tiles-servlet/3.0.8/tiles-servlet-3.0.8.jar' 
2022-05-21 13:33:53.815 DEBUG [acme.Launcher@main] Found classpath entry '/C:/Users/Joserrita/.m2/repository/org/apache/tiles/tiles-core/3.0.8/tiles-core-3.0.8.jar' 
2022-05-21 13:33:53.815 DEBUG [acme.Launcher@main] Found classpath entry '/C:/Users/Joserrita/.m2/repository/commons-digester/commons-digester/2.0/commons-digester-2.0.jar' 
2022-05-21 13:33:53.815 DEBUG [acme.Launcher@main] Found classpath entry '/C:/Users/Joserrita/.m2/repository/org/slf4j/jcl-over-slf4j/1.7.30/jcl-over-slf4j-1.7.30.jar' 
2022-05-21 13:33:53.815 DEBUG [acme.Launcher@main] Found classpath entry '/C:/Users/Joserrita/.m2/repository/org/apache/tiles/tiles-request-servlet/1.0.7/tiles-request-servlet-1.0.7.jar' 
2022-05-21 13:33:53.815 DEBUG [acme.Launcher@main] Found classpath entry '/C:/Users/Joserrita/.m2/repository/org/apache/tiles/tiles-template/3.0.8/tiles-template-3.0.8.jar' 
2022-05-21 13:33:53.815 DEBUG [acme.Launcher@main] Found classpath entry '/C:/Users/Joserrita/.m2/repository/org/apache/tiles/tiles-api/3.0.8/tiles-api-3.0.8.jar' 
2022-05-21 13:33:53.815 DEBUG [acme.Launcher@main] Found classpath entry '/C:/Users/Joserrita/.m2/repository/org/apache/tiles/tiles-autotag-core-runtime/1.2/tiles-autotag-core-runtime-1.2.jar' 
2022-05-21 13:33:53.815 DEBUG [acme.Launcher@main] Found classpath entry '/C:/Users/Joserrita/.m2/repository/org/slf4j/slf4j-api/1.7.30/slf4j-api-1.7.30.jar' 
2022-05-21 13:33:53.815 DEBUG [acme.Launcher@main] Found classpath entry '/C:/Users/Joserrita/.m2/repository/org/apache/tiles/tiles-request-jsp/1.0.7/tiles-request-jsp-1.0.7.jar' 
2022-05-21 13:33:53.816 DEBUG [acme.Launcher@main] Found classpath entry '/C:/Users/Joserrita/.m2/repository/org/apache/tiles/tiles-request-api/1.0.7/tiles-request-api-1.0.7.jar' 
2022-05-21 13:33:53.816 DEBUG [acme.Launcher@main] Found classpath entry '/C:/Users/Joserrita/.m2/repository/org/springframework/boot/spring-boot-starter-data-jpa/2.4.2/spring-boot-starter-data-jpa-2.4.2.jar' 
2022-05-21 13:33:53.816 DEBUG [acme.Launcher@main] Found classpath entry '/C:/Users/Joserrita/.m2/repository/org/springframework/boot/spring-boot-starter-aop/2.4.2/spring-boot-starter-aop-2.4.2.jar' 
2022-05-21 13:33:53.816 DEBUG [acme.Launcher@main] Found classpath entry '/C:/Users/Joserrita/.m2/repository/org/aspectj/aspectjweaver/1.9.6/aspectjweaver-1.9.6.jar' 
2022-05-21 13:33:53.816 DEBUG [acme.Launcher@main] Found classpath entry '/C:/Users/Joserrita/.m2/repository/org/springframework/boot/spring-boot-starter-jdbc/2.4.2/spring-boot-starter-jdbc-2.4.2.jar' 
2022-05-21 13:33:53.816 DEBUG [acme.Launcher@main] Found classpath entry '/C:/Users/Joserrita/.m2/repository/jakarta/transaction/jakarta.transaction-api/1.3.3/jakarta.transaction-api-1.3.3.jar' 
2022-05-21 13:33:53.816 DEBUG [acme.Launcher@main] Found classpath entry '/C:/Users/Joserrita/.m2/repository/jakarta/persistence/jakarta.persistence-api/2.2.3/jakarta.persistence-api-2.2.3.jar' 
2022-05-21 13:33:53.816 DEBUG [acme.Launcher@main] Found classpath entry '/C:/Users/Joserrita/.m2/repository/org/hibernate/hibernate-core/5.4.27.Final/hibernate-core-5.4.27.Final.jar' 
2022-05-21 13:33:53.816 DEBUG [acme.Launcher@main] Found classpath entry '/C:/Users/Joserrita/.m2/repository/org/jboss/logging/jboss-logging/3.4.1.Final/jboss-logging-3.4.1.Final.jar' 
2022-05-21 13:33:53.816 DEBUG [acme.Launcher@main] Found classpath entry '/C:/Users/Joserrita/.m2/repository/org/javassist/javassist/3.27.0-GA/javassist-3.27.0-GA.jar' 
2022-05-21 13:33:53.816 DEBUG [acme.Launcher@main] Found classpath entry '/C:/Users/Joserrita/.m2/repository/antlr/antlr/2.7.7/antlr-2.7.7.jar' 
2022-05-21 13:33:53.816 DEBUG [acme.Launcher@main] Found classpath entry '/C:/Users/Joserrita/.m2/repository/org/jboss/jandex/2.1.3.Final/jandex-2.1.3.Final.jar' 
2022-05-21 13:33:53.816 DEBUG [acme.Launcher@main] Found classpath entry '/C:/Users/Joserrita/.m2/repository/com/fasterxml/classmate/1.5.1/classmate-1.5.1.jar' 
2022-05-21 13:33:53.817 DEBUG [acme.Launcher@main] Found classpath entry '/C:/Users/Joserrita/.m2/repository/org/dom4j/dom4j/2.1.3/dom4j-2.1.3.jar' 
2022-05-21 13:33:53.817 DEBUG [acme.Launcher@main] Found classpath entry '/C:/Users/Joserrita/.m2/repository/org/hibernate/common/hibernate-commons-annotations/5.1.2.Final/hibernate-commons-annotations-5.1.2.Final.jar' 
2022-05-21 13:33:53.817 DEBUG [acme.Launcher@main] Found classpath entry '/C:/Users/Joserrita/.m2/repository/org/glassfish/jaxb/jaxb-runtime/2.3.3/jaxb-runtime-2.3.3.jar' 
2022-05-21 13:33:53.817 DEBUG [acme.Launcher@main] Found classpath entry '/C:/Users/Joserrita/.m2/repository/org/glassfish/jaxb/txw2/2.3.3/txw2-2.3.3.jar' 
2022-05-21 13:33:53.817 DEBUG [acme.Launcher@main] Found classpath entry '/C:/Users/Joserrita/.m2/repository/com/sun/istack/istack-commons-runtime/3.0.11/istack-commons-runtime-3.0.11.jar' 
2022-05-21 13:33:53.817 DEBUG [acme.Launcher@main] Found classpath entry '/C:/Users/Joserrita/.m2/repository/com/sun/activation/jakarta.activation/1.2.2/jakarta.activation-1.2.2.jar' 
2022-05-21 13:33:53.817 DEBUG [acme.Launcher@main] Found classpath entry '/C:/Users/Joserrita/.m2/repository/org/springframework/data/spring-data-jpa/2.4.3/spring-data-jpa-2.4.3.jar' 
2022-05-21 13:33:53.817 DEBUG [acme.Launcher@main] Found classpath entry '/C:/Users/Joserrita/.m2/repository/org/springframework/data/spring-data-commons/2.4.3/spring-data-commons-2.4.3.jar' 
2022-05-21 13:33:53.817 DEBUG [acme.Launcher@main] Found classpath entry '/C:/Users/Joserrita/.m2/repository/org/springframework/spring-orm/5.3.3/spring-orm-5.3.3.jar' 
2022-05-21 13:33:53.817 DEBUG [acme.Launcher@main] Found classpath entry '/C:/Users/Joserrita/.m2/repository/org/springframework/spring-aspects/5.3.3/spring-aspects-5.3.3.jar' 
2022-05-21 13:33:53.817 DEBUG [acme.Launcher@main] Found classpath entry '/C:/Users/Joserrita/.m2/repository/org/springframework/boot/spring-boot-starter-validation/2.4.2/spring-boot-starter-validation-2.4.2.jar' 
2022-05-21 13:33:53.817 DEBUG [acme.Launcher@main] Found classpath entry '/C:/Users/Joserrita/.m2/repository/org/hibernate/validator/hibernate-validator/6.1.7.Final/hibernate-validator-6.1.7.Final.jar' 
2022-05-21 13:33:53.817 DEBUG [acme.Launcher@main] Found classpath entry '/C:/Users/Joserrita/.m2/repository/jakarta/validation/jakarta.validation-api/2.0.2/jakarta.validation-api-2.0.2.jar' 
2022-05-21 13:33:53.817 DEBUG [acme.Launcher@main] Found classpath entry '/C:/Users/Joserrita/.m2/repository/mysql/mysql-connector-java/8.0.22/mysql-connector-java-8.0.22.jar' 
2022-05-21 13:33:53.818 DEBUG [acme.Launcher@main] Found classpath entry '/C:/Users/Joserrita/.m2/repository/com/zaxxer/HikariCP/3.4.5/HikariCP-3.4.5.jar' 
2022-05-21 13:33:53.818 DEBUG [acme.Launcher@main] Found classpath entry '/C:/Users/Joserrita/.m2/repository/org/junit/jupiter/junit-jupiter-engine/5.7.0/junit-jupiter-engine-5.7.0.jar' 
2022-05-21 13:33:53.818 DEBUG [acme.Launcher@main] Found classpath entry '/C:/Users/Joserrita/.m2/repository/org/apiguardian/apiguardian-api/1.1.0/apiguardian-api-1.1.0.jar' 
2022-05-21 13:33:53.818 DEBUG [acme.Launcher@main] Found classpath entry '/C:/Users/Joserrita/.m2/repository/org/junit/platform/junit-platform-engine/1.7.0/junit-platform-engine-1.7.0.jar' 
2022-05-21 13:33:53.818 DEBUG [acme.Launcher@main] Found classpath entry '/C:/Users/Joserrita/.m2/repository/org/junit/jupiter/junit-jupiter-api/5.7.0/junit-jupiter-api-5.7.0.jar' 
2022-05-21 13:33:53.818 DEBUG [acme.Launcher@main] Found classpath entry '/C:/Users/Joserrita/.m2/repository/org/opentest4j/opentest4j/1.2.0/opentest4j-1.2.0.jar' 
2022-05-21 13:33:53.818 DEBUG [acme.Launcher@main] Found classpath entry '/C:/Users/Joserrita/.m2/repository/org/junit/platform/junit-platform-commons/1.7.0/junit-platform-commons-1.7.0.jar' 
2022-05-21 13:33:53.818 DEBUG [acme.Launcher@main] Found classpath entry '/C:/Users/Joserrita/.m2/repository/org/junit/jupiter/junit-jupiter-params/5.7.0/junit-jupiter-params-5.7.0.jar' 
2022-05-21 13:33:53.818 DEBUG [acme.Launcher@main] Found classpath entry '/C:/Users/Joserrita/.m2/repository/org/junit/platform/junit-platform-launcher/1.7.0/junit-platform-launcher-1.7.0.jar' 
2022-05-21 13:33:53.818 DEBUG [acme.Launcher@main] Found classpath entry '/C:/Users/Joserrita/.m2/repository/org/seleniumhq/selenium/selenium-java/3.141.59/selenium-java-3.141.59.jar' 
2022-05-21 13:33:53.818 DEBUG [acme.Launcher@main] Found classpath entry '/C:/Users/Joserrita/.m2/repository/org/seleniumhq/selenium/selenium-api/3.141.59/selenium-api-3.141.59.jar' 
2022-05-21 13:33:53.818 DEBUG [acme.Launcher@main] Found classpath entry '/C:/Users/Joserrita/.m2/repository/org/seleniumhq/selenium/selenium-chrome-driver/3.141.59/selenium-chrome-driver-3.141.59.jar' 
2022-05-21 13:33:53.818 DEBUG [acme.Launcher@main] Found classpath entry '/C:/Users/Joserrita/.m2/repository/org/seleniumhq/selenium/selenium-edge-driver/3.141.59/selenium-edge-driver-3.141.59.jar' 
2022-05-21 13:33:53.819 DEBUG [acme.Launcher@main] Found classpath entry '/C:/Users/Joserrita/.m2/repository/org/seleniumhq/selenium/selenium-firefox-driver/3.141.59/selenium-firefox-driver-3.141.59.jar' 
2022-05-21 13:33:53.819 DEBUG [acme.Launcher@main] Found classpath entry '/C:/Users/Joserrita/.m2/repository/org/seleniumhq/selenium/selenium-ie-driver/3.141.59/selenium-ie-driver-3.141.59.jar' 
2022-05-21 13:33:53.819 DEBUG [acme.Launcher@main] Found classpath entry '/C:/Users/Joserrita/.m2/repository/org/seleniumhq/selenium/selenium-opera-driver/3.141.59/selenium-opera-driver-3.141.59.jar' 
2022-05-21 13:33:53.819 DEBUG [acme.Launcher@main] Found classpath entry '/C:/Users/Joserrita/.m2/repository/org/seleniumhq/selenium/selenium-remote-driver/3.141.59/selenium-remote-driver-3.141.59.jar' 
2022-05-21 13:33:53.819 DEBUG [acme.Launcher@main] Found classpath entry '/C:/Users/Joserrita/.m2/repository/org/seleniumhq/selenium/selenium-safari-driver/3.141.59/selenium-safari-driver-3.141.59.jar' 
2022-05-21 13:33:53.819 DEBUG [acme.Launcher@main] Found classpath entry '/C:/Users/Joserrita/.m2/repository/org/seleniumhq/selenium/selenium-support/3.141.59/selenium-support-3.141.59.jar' 
2022-05-21 13:33:53.819 DEBUG [acme.Launcher@main] Found classpath entry '/C:/Users/Joserrita/.m2/repository/net/bytebuddy/byte-buddy/1.10.19/byte-buddy-1.10.19.jar' 
2022-05-21 13:33:53.819 DEBUG [acme.Launcher@main] Found classpath entry '/C:/Users/Joserrita/.m2/repository/org/apache/commons/commons-exec/1.3/commons-exec-1.3.jar' 
2022-05-21 13:33:53.819 DEBUG [acme.Launcher@main] Found classpath entry '/C:/Users/Joserrita/.m2/repository/com/google/guava/guava/25.0-jre/guava-25.0-jre.jar' 
2022-05-21 13:33:53.819 DEBUG [acme.Launcher@main] Found classpath entry '/C:/Users/Joserrita/.m2/repository/com/google/code/findbugs/jsr305/1.3.9/jsr305-1.3.9.jar' 
2022-05-21 13:33:53.819 DEBUG [acme.Launcher@main] Found classpath entry '/C:/Users/Joserrita/.m2/repository/org/checkerframework/checker-compat-qual/2.0.0/checker-compat-qual-2.0.0.jar' 
2022-05-21 13:33:53.819 DEBUG [acme.Launcher@main] Found classpath entry '/C:/Users/Joserrita/.m2/repository/com/google/errorprone/error_prone_annotations/2.1.3/error_prone_annotations-2.1.3.jar' 
2022-05-21 13:33:53.820 DEBUG [acme.Launcher@main] Found classpath entry '/C:/Users/Joserrita/.m2/repository/com/google/j2objc/j2objc-annotations/1.1/j2objc-annotations-1.1.jar' 
2022-05-21 13:33:53.820 DEBUG [acme.Launcher@main] Found classpath entry '/C:/Users/Joserrita/.m2/repository/org/codehaus/mojo/animal-sniffer-annotations/1.14/animal-sniffer-annotations-1.14.jar' 
2022-05-21 13:33:53.820 DEBUG [acme.Launcher@main] Found classpath entry '/C:/Users/Joserrita/.m2/repository/com/squareup/okhttp3/okhttp/3.14.9/okhttp-3.14.9.jar' 
2022-05-21 13:33:53.820 DEBUG [acme.Launcher@main] Found classpath entry '/C:/Users/Joserrita/.m2/repository/com/squareup/okio/okio/1.14.0/okio-1.14.0.jar' 
2022-05-21 13:33:53.820 DEBUG [acme.Launcher@main] Found classpath entry '/C:/Users/Joserrita/.m2/repository/org/apache/commons/commons-lang3/3.11/commons-lang3-3.11.jar' 
2022-05-21 13:33:53.820 DEBUG [acme.Launcher@main] Found classpath entry '/C:/Users/Joserrita/.m2/repository/org/apache/commons/commons-text/1.8/commons-text-1.8.jar' 
2022-05-21 13:33:53.820 DEBUG [acme.Launcher@main] Found classpath entry '/C:/Users/Joserrita/.m2/repository/commons-io/commons-io/2.6/commons-io-2.6.jar' 
2022-05-21 13:33:53.820 DEBUG [acme.Launcher@main] Found classpath entry '/C:/Users/Joserrita/.m2/repository/commons-cli/commons-cli/1.4/commons-cli-1.4.jar' 
2022-05-21 13:33:53.820 DEBUG [acme.Launcher@main] Found classpath entry '/C:/Users/Joserrita/.m2/repository/org/projectlombok/lombok/1.18.16/lombok-1.18.16.jar' 
2022-05-21 13:33:53.820 DEBUG [acme.Launcher@main] Found classpath entry '/C:/Users/Joserrita/.m2/repository/com/opencsv/opencsv/5.4/opencsv-5.4.jar' 
2022-05-21 13:33:53.820 DEBUG [acme.Launcher@main] Found classpath entry '/C:/Users/Joserrita/.m2/repository/commons-beanutils/commons-beanutils/1.9.4/commons-beanutils-1.9.4.jar' 
2022-05-21 13:33:53.820 DEBUG [acme.Launcher@main] Found classpath entry '/C:/Users/Joserrita/.m2/repository/commons-logging/commons-logging/1.2/commons-logging-1.2.jar' 
2022-05-21 13:33:53.820 DEBUG [acme.Launcher@main] Found classpath entry '/C:/Users/Joserrita/.m2/repository/commons-collections/commons-collections/3.2.2/commons-collections-3.2.2.jar' 
2022-05-21 13:33:53.820 DEBUG [acme.Launcher@main] Found classpath entry '/C:/Users/Joserrita/.m2/repository/org/apache/commons/commons-collections4/4.4/commons-collections4-4.4.jar' 
2022-05-21 13:33:53.820 DEBUG [acme.Launcher@main] Found classpath entry '/C:/Users/Joserrita/Desktop/UNI/TERCERO/SEGUNDO%20CUATRI/MVG/Workspace-22.0/Tools/IDEs/eclipse-jee-2021-12-R/configuration/org.eclipse.osgi/418/0/.cp/lib/javaagent-shaded.jar' 
2022-05-21 13:33:53.890 DEBUG [acme.Launcher@main] Found entity class 'acme.entities.Announcement 
2022-05-21 13:33:53.890 DEBUG [acme.Launcher@main] Found entity class 'acme.entities.Chirp 
2022-05-21 13:33:53.890 DEBUG [acme.Launcher@main] Found entity class 'acme.entities.Item 
2022-05-21 13:33:53.890 DEBUG [acme.Launcher@main] Found entity class 'acme.entities.Patronage 
2022-05-21 13:33:53.890 DEBUG [acme.Launcher@main] Found entity class 'acme.entities.PatronageReport 
2022-05-21 13:33:53.890 DEBUG [acme.Launcher@main] Found entity class 'acme.entities.Quantity 
2022-05-21 13:33:53.890 DEBUG [acme.Launcher@main] Found entity class 'acme.entities.SystemConfiguration 
2022-05-21 13:33:53.890 DEBUG [acme.Launcher@main] Found entity class 'acme.entities.Toolkit 
2022-05-21 13:33:53.890 DEBUG [acme.Launcher@main] Found entity class 'acme.roles.Consumer 
2022-05-21 13:33:53.890 DEBUG [acme.Launcher@main] Found entity class 'acme.roles.Inventor 
2022-05-21 13:33:53.890 DEBUG [acme.Launcher@main] Found entity class 'acme.roles.Patron 
2022-05-21 13:33:53.890 DEBUG [acme.Launcher@main] Found entity class 'acme.roles.Provider 
2022-05-21 13:33:53.890 DEBUG [acme.Launcher@main] Found entity class 'acme.framework.entities.UserAccount 
2022-05-21 13:33:53.891 DEBUG [acme.Launcher@main] Found entity class 'acme.framework.roles.Administrator 
2022-05-21 13:33:53.891 DEBUG [acme.Launcher@main] Found entity class 'acme.framework.roles.Anonymous 
2022-05-21 13:33:53.891 DEBUG [acme.Launcher@main] Found entity class 'acme.framework.roles.Any 
2022-05-21 13:33:53.891 DEBUG [acme.Launcher@main] Found entity class 'acme.framework.roles.Authenticated 
2022-05-21 13:33:53.893 INFO  [acme.Launcher@main] Running application (Standalone) 
2022-05-21 13:34:08.752 DEBUG [org.hibernate.SQL@http-nio-8080-exec-1] select useraccoun0_.id as id1_0_, useraccoun0_.version as version2_0_, useraccoun0_.enabled as enabled1_17_, useraccoun0_.identity as identity2_17_, useraccoun0_.password as password3_17_, useraccoun0_.username as username4_17_ from user_account useraccoun0_ where useraccoun0_.username=? 
2022-05-21 13:34:08.776 TRACE [org.hibernate.type.descriptor.sql.BasicBinder@http-nio-8080-exec-1] binding parameter [1] as [VARCHAR] - [patron2] 
2022-05-21 13:34:08.835 DEBUG [org.hibernate.SQL@http-nio-8080-exec-1] select roles0_.user_account_id as user_acc1_18_0_, roles0_.id as id1_18_0_, roles0_.id as id1_0_1_, roles0_.version as version2_0_1_, roles0_.user_account_id as user_acc1_18_1_, roles0_.company as company1_7_1_, roles0_.sector as sector2_7_1_, roles0_.company as company1_8_1_, roles0_.info as info2_8_1_, roles0_.statement as statemen3_8_1_, roles0_.company as company1_10_1_, roles0_.info as info2_10_1_, roles0_.statement as statemen3_10_1_, roles0_.company as company1_13_1_, roles0_.sector as sector2_13_1_, roles0_.clazz_ as clazz_1_ from ( select id, version, user_account_id, company, sector, null as info, null as statement, 10 as clazz_ from consumer union all select id, version, user_account_id, company, null as sector, info, statement, 11 as clazz_ from inventor union all select id, version, user_account_id, company, null as sector, info, statement, 12 as clazz_ from patron union all select id, version, user_account_id, company, sector, null as info, null as statement, 13 as clazz_ from provider union all select id, version, user_account_id, null as company, null as sector, null as info, null as statement, 15 as clazz_ from administrator union all select id, version, user_account_id, null as company, null as sector, null as info, null as statement, 16 as clazz_ from anonymous union all select id, version, user_account_id, null as company, null as sector, null as info, null as statement, 17 as clazz_ from any union all select id, version, user_account_id, null as company, null as sector, null as info, null as statement, 18 as clazz_ from authenticated ) roles0_ where roles0_.user_account_id=? 
2022-05-21 13:34:08.835 TRACE [org.hibernate.type.descriptor.sql.BasicBinder@http-nio-8080-exec-1] binding parameter [1] as [INTEGER] - [3] 
2022-05-21 13:34:08.924 DEBUG [acme.framework.components.tiles.DynamicTilesView@http-nio-8080-exec-2] View name 'fragments/welcome', model {} 
2022-05-21 13:34:08.937 DEBUG [org.apache.tiles.definition.dao.BaseLocaleUrlDefinitionDAO@http-nio-8080-exec-2] File Resource file:/C:/Users/Joserrita/Desktop/UNI/TERCERO/SEGUNDO%20CUATRI/MVG/Workspace-22.0/Projects/Acme-Toolkits-E3.08/target/classes/WEB-INF/views/master/tiles_es.xml at file:/C:/Users/Joserrita/Desktop/UNI/TERCERO/SEGUNDO%20CUATRI/MVG/Workspace-22.0/Projects/Acme-Toolkits-E3.08/target/classes/WEB-INF/views/master/tiles_es.xml not found, continue 
2022-05-21 13:34:08.945 DEBUG [org.apache.jasper.servlet.JspServlet@http-nio-8080-exec-2] JspEngine --> /WEB-INF/views/master/page.jsp 
2022-05-21 13:34:08.946 DEBUG [org.apache.jasper.servlet.JspServlet@http-nio-8080-exec-2] ServletPath: /WEB-INF/views/master/page.jsp 
2022-05-21 13:34:08.946 DEBUG [org.apache.jasper.servlet.JspServlet@http-nio-8080-exec-2] PathInfo: null 
2022-05-21 13:34:08.947 DEBUG [org.apache.jasper.servlet.JspServlet@http-nio-8080-exec-2] RealPath: C:\Users\Joserrita\Desktop\UNI\TERCERO\SEGUNDO CUATRI\MVG\Workspace-22.0\Projects\Acme-Toolkits-E3.08\target\classes\WEB-INF\views\master\page.jsp 
2022-05-21 13:34:08.948 DEBUG [org.apache.jasper.servlet.JspServlet@http-nio-8080-exec-2] RequestURI: /acme-toolkits-e3.08-1.0/WEB-INF/views/master/page.jsp 
2022-05-21 13:34:08.948 DEBUG [org.apache.jasper.servlet.JspServlet@http-nio-8080-exec-2] QueryString: null 
2022-05-21 13:34:12.077 DEBUG [acme.framework.configuration.ExtendedMessageSource@http-nio-8080-exec-2] Loading properties [C:\Users\Joserrita\Desktop\UNI\TERCERO\SEGUNDO CUATRI\MVG\Workspace-22.0\Projects\Acme-Toolkits-E3.08\target\classes\WEB-INF\views\administrator\administrator-dashboard\messages-en.i18n] with encoding 'utf-8' 
2022-05-21 13:34:12.078 DEBUG [acme.framework.configuration.ExtendedMessageSource@http-nio-8080-exec-2] Loading properties [C:\Users\Joserrita\Desktop\UNI\TERCERO\SEGUNDO CUATRI\MVG\Workspace-22.0\Projects\Acme-Toolkits-E3.08\target\classes\WEB-INF\views\administrator\announcement\messages-en.i18n] with encoding 'utf-8' 
2022-05-21 13:34:12.079 DEBUG [acme.framework.configuration.ExtendedMessageSource@http-nio-8080-exec-2] Loading properties [C:\Users\Joserrita\Desktop\UNI\TERCERO\SEGUNDO CUATRI\MVG\Workspace-22.0\Projects\Acme-Toolkits-E3.08\target\classes\WEB-INF\views\administrator\system-configuration\messsages-en.i18n] with encoding 'utf-8' 
2022-05-21 13:34:12.079 DEBUG [acme.framework.configuration.ExtendedMessageSource@http-nio-8080-exec-2] Loading properties [C:\Users\Joserrita\Desktop\UNI\TERCERO\SEGUNDO CUATRI\MVG\Workspace-22.0\Projects\Acme-Toolkits-E3.08\target\classes\WEB-INF\views\administrator\user-account\messages-en.i18n] with encoding 'utf-8' 
2022-05-21 13:34:12.080 DEBUG [acme.framework.configuration.ExtendedMessageSource@http-nio-8080-exec-2] Loading properties [C:\Users\Joserrita\Desktop\UNI\TERCERO\SEGUNDO CUATRI\MVG\Workspace-22.0\Projects\Acme-Toolkits-E3.08\target\classes\WEB-INF\views\anonymous\user-account\messages-en.i18n] with encoding 'utf-8' 
2022-05-21 13:34:12.080 DEBUG [acme.framework.configuration.ExtendedMessageSource@http-nio-8080-exec-2] Loading properties [C:\Users\Joserrita\Desktop\UNI\TERCERO\SEGUNDO CUATRI\MVG\Workspace-22.0\Projects\Acme-Toolkits-E3.08\target\classes\WEB-INF\views\any\chirp\messsages-en.i18n] with encoding 'utf-8' 
2022-05-21 13:34:12.081 DEBUG [acme.framework.configuration.ExtendedMessageSource@http-nio-8080-exec-2] Loading properties [C:\Users\Joserrita\Desktop\UNI\TERCERO\SEGUNDO CUATRI\MVG\Workspace-22.0\Projects\Acme-Toolkits-E3.08\target\classes\WEB-INF\views\any\item\messsages-en.i18n] with encoding 'utf-8' 
2022-05-21 13:34:12.081 DEBUG [acme.framework.configuration.ExtendedMessageSource@http-nio-8080-exec-2] Loading properties [C:\Users\Joserrita\Desktop\UNI\TERCERO\SEGUNDO CUATRI\MVG\Workspace-22.0\Projects\Acme-Toolkits-E3.08\target\classes\WEB-INF\views\any\toolkit\messsages-en.i18n] with encoding 'utf-8' 
2022-05-21 13:34:12.082 DEBUG [acme.framework.configuration.ExtendedMessageSource@http-nio-8080-exec-2] Loading properties [C:\Users\Joserrita\Desktop\UNI\TERCERO\SEGUNDO CUATRI\MVG\Workspace-22.0\Projects\Acme-Toolkits-E3.08\target\classes\WEB-INF\views\any\user-account\messsages-en.i18n] with encoding 'utf-8' 
2022-05-21 13:34:12.082 DEBUG [acme.framework.configuration.ExtendedMessageSource@http-nio-8080-exec-2] Loading properties [C:\Users\Joserrita\Desktop\UNI\TERCERO\SEGUNDO CUATRI\MVG\Workspace-22.0\Projects\Acme-Toolkits-E3.08\target\classes\WEB-INF\views\authenticated\announcement\messsages-en.i18n] with encoding 'utf-8' 
2022-05-21 13:34:12.083 DEBUG [acme.framework.configuration.ExtendedMessageSource@http-nio-8080-exec-2] Loading properties [C:\Users\Joserrita\Desktop\UNI\TERCERO\SEGUNDO CUATRI\MVG\Workspace-22.0\Projects\Acme-Toolkits-E3.08\target\classes\WEB-INF\views\authenticated\consumer\messsages-en.i18n] with encoding 'utf-8' 
2022-05-21 13:34:12.083 DEBUG [acme.framework.configuration.ExtendedMessageSource@http-nio-8080-exec-2] Loading properties [C:\Users\Joserrita\Desktop\UNI\TERCERO\SEGUNDO CUATRI\MVG\Workspace-22.0\Projects\Acme-Toolkits-E3.08\target\classes\WEB-INF\views\authenticated\inventor\messsages-en.i18n] with encoding 'utf-8' 
2022-05-21 13:34:12.084 DEBUG [acme.framework.configuration.ExtendedMessageSource@http-nio-8080-exec-2] Loading properties [C:\Users\Joserrita\Desktop\UNI\TERCERO\SEGUNDO CUATRI\MVG\Workspace-22.0\Projects\Acme-Toolkits-E3.08\target\classes\WEB-INF\views\authenticated\patron\messsages-en.i18n] with encoding 'utf-8' 
2022-05-21 13:34:12.084 DEBUG [acme.framework.configuration.ExtendedMessageSource@http-nio-8080-exec-2] Loading properties [C:\Users\Joserrita\Desktop\UNI\TERCERO\SEGUNDO CUATRI\MVG\Workspace-22.0\Projects\Acme-Toolkits-E3.08\target\classes\WEB-INF\views\authenticated\provider\messsages-en.i18n] with encoding 'utf-8' 
2022-05-21 13:34:12.084 DEBUG [acme.framework.configuration.ExtendedMessageSource@http-nio-8080-exec-2] Loading properties [C:\Users\Joserrita\Desktop\UNI\TERCERO\SEGUNDO CUATRI\MVG\Workspace-22.0\Projects\Acme-Toolkits-E3.08\target\classes\WEB-INF\views\authenticated\system-configuration\messsages-en.i18n] with encoding 'utf-8' 
2022-05-21 13:34:12.084 DEBUG [acme.framework.configuration.ExtendedMessageSource@http-nio-8080-exec-2] Loading properties [C:\Users\Joserrita\Desktop\UNI\TERCERO\SEGUNDO CUATRI\MVG\Workspace-22.0\Projects\Acme-Toolkits-E3.08\target\classes\WEB-INF\views\authenticated\user-account\messages-en.i18n] with encoding 'utf-8' 
2022-05-21 13:34:12.085 DEBUG [acme.framework.configuration.ExtendedMessageSource@http-nio-8080-exec-2] Loading properties [C:\Users\Joserrita\Desktop\UNI\TERCERO\SEGUNDO CUATRI\MVG\Workspace-22.0\Projects\Acme-Toolkits-E3.08\target\classes\WEB-INF\views\fragments\banner-en.i18n] with encoding 'utf-8' 
2022-05-21 13:34:12.085 DEBUG [acme.framework.configuration.ExtendedMessageSource@http-nio-8080-exec-2] Loading properties [C:\Users\Joserrita\Desktop\UNI\TERCERO\SEGUNDO CUATRI\MVG\Workspace-22.0\Projects\Acme-Toolkits-E3.08\target\classes\WEB-INF\views\fragments\company-en.i18n] with encoding 'utf-8' 
2022-05-21 13:34:12.086 DEBUG [acme.framework.configuration.ExtendedMessageSource@http-nio-8080-exec-2] Loading properties [C:\Users\Joserrita\Desktop\UNI\TERCERO\SEGUNDO CUATRI\MVG\Workspace-22.0\Projects\Acme-Toolkits-E3.08\target\classes\WEB-INF\views\fragments\footer-en.i18n] with encoding 'utf-8' 
2022-05-21 13:34:12.086 DEBUG [acme.framework.configuration.ExtendedMessageSource@http-nio-8080-exec-2] Loading properties [C:\Users\Joserrita\Desktop\UNI\TERCERO\SEGUNDO CUATRI\MVG\Workspace-22.0\Projects\Acme-Toolkits-E3.08\target\classes\WEB-INF\views\fragments\license-en.i18n] with encoding 'utf-8' 
2022-05-21 13:34:12.086 DEBUG [acme.framework.configuration.ExtendedMessageSource@http-nio-8080-exec-2] Loading properties [C:\Users\Joserrita\Desktop\UNI\TERCERO\SEGUNDO CUATRI\MVG\Workspace-22.0\Projects\Acme-Toolkits-E3.08\target\classes\WEB-INF\views\fragments\menu-en.i18n] with encoding 'utf-8' 
2022-05-21 13:34:12.087 DEBUG [acme.framework.configuration.ExtendedMessageSource@http-nio-8080-exec-2] Loading properties [C:\Users\Joserrita\Desktop\UNI\TERCERO\SEGUNDO CUATRI\MVG\Workspace-22.0\Projects\Acme-Toolkits-E3.08\target\classes\WEB-INF\views\fragments\messsages-en.i18n] with encoding 'utf-8' 
2022-05-21 13:34:12.087 DEBUG [acme.framework.configuration.ExtendedMessageSource@http-nio-8080-exec-2] Loading properties [C:\Users\Joserrita\Desktop\UNI\TERCERO\SEGUNDO CUATRI\MVG\Workspace-22.0\Projects\Acme-Toolkits-E3.08\target\classes\WEB-INF\views\fragments\title-en.i18n] with encoding 'utf-8' 
2022-05-21 13:34:12.087 DEBUG [acme.framework.configuration.ExtendedMessageSource@http-nio-8080-exec-2] Loading properties [C:\Users\Joserrita\Desktop\UNI\TERCERO\SEGUNDO CUATRI\MVG\Workspace-22.0\Projects\Acme-Toolkits-E3.08\target\classes\WEB-INF\views\fragments\welcome-en.i18n] with encoding 'utf-8' 
2022-05-21 13:34:12.088 DEBUG [acme.framework.configuration.ExtendedMessageSource@http-nio-8080-exec-2] Loading properties [C:\Users\Joserrita\Desktop\UNI\TERCERO\SEGUNDO CUATRI\MVG\Workspace-22.0\Projects\Acme-Toolkits-E3.08\target\classes\WEB-INF\views\inventor\item\messsages-en.i18n] with encoding 'utf-8' 
2022-05-21 13:34:12.088 DEBUG [acme.framework.configuration.ExtendedMessageSource@http-nio-8080-exec-2] Loading properties [C:\Users\Joserrita\Desktop\UNI\TERCERO\SEGUNDO CUATRI\MVG\Workspace-22.0\Projects\Acme-Toolkits-E3.08\target\classes\WEB-INF\views\inventor\patronage\messsages-en.i18n] with encoding 'utf-8' 
2022-05-21 13:34:12.089 DEBUG [acme.framework.configuration.ExtendedMessageSource@http-nio-8080-exec-2] Loading properties [C:\Users\Joserrita\Desktop\UNI\TERCERO\SEGUNDO CUATRI\MVG\Workspace-22.0\Projects\Acme-Toolkits-E3.08\target\classes\WEB-INF\views\inventor\patronage-report\messages-en.i18n] with encoding 'utf-8' 
2022-05-21 13:34:12.089 DEBUG [acme.framework.configuration.ExtendedMessageSource@http-nio-8080-exec-2] Loading properties [C:\Users\Joserrita\Desktop\UNI\TERCERO\SEGUNDO CUATRI\MVG\Workspace-22.0\Projects\Acme-Toolkits-E3.08\target\classes\WEB-INF\views\inventor\toolkit\messsages-en.i18n] with encoding 'utf-8' 
2022-05-21 13:34:12.089 DEBUG [acme.framework.configuration.ExtendedMessageSource@http-nio-8080-exec-2] Loading properties [C:\Users\Joserrita\Desktop\UNI\TERCERO\SEGUNDO CUATRI\MVG\Workspace-22.0\Projects\Acme-Toolkits-E3.08\target\classes\WEB-INF\views\master\defaults-en.i18n] with encoding 'utf-8' 
2022-05-21 13:34:12.090 DEBUG [acme.framework.configuration.ExtendedMessageSource@http-nio-8080-exec-2] Loading properties [C:\Users\Joserrita\Desktop\UNI\TERCERO\SEGUNDO CUATRI\MVG\Workspace-22.0\Projects\Acme-Toolkits-E3.08\target\classes\WEB-INF\views\master\master-en.i18n] with encoding 'utf-8' 
2022-05-21 13:34:12.090 DEBUG [acme.framework.configuration.ExtendedMessageSource@http-nio-8080-exec-2] Loading properties [C:\Users\Joserrita\Desktop\UNI\TERCERO\SEGUNDO CUATRI\MVG\Workspace-22.0\Projects\Acme-Toolkits-E3.08\target\classes\WEB-INF\views\master\throwables-en.i18n] with encoding 'utf-8' 
2022-05-21 13:34:12.090 DEBUG [acme.framework.configuration.ExtendedMessageSource@http-nio-8080-exec-2] Loading properties [C:\Users\Joserrita\Desktop\UNI\TERCERO\SEGUNDO CUATRI\MVG\Workspace-22.0\Projects\Acme-Toolkits-E3.08\target\classes\WEB-INF\views\master\validation-en.i18n] with encoding 'utf-8' 
2022-05-21 13:34:12.091 DEBUG [acme.framework.configuration.ExtendedMessageSource@http-nio-8080-exec-2] Loading properties [C:\Users\Joserrita\Desktop\UNI\TERCERO\SEGUNDO CUATRI\MVG\Workspace-22.0\Projects\Acme-Toolkits-E3.08\target\classes\WEB-INF\views\patron\patron-dashboard\messages-en.i18n] with encoding 'utf-8' 
2022-05-21 13:34:12.091 DEBUG [acme.framework.configuration.ExtendedMessageSource@http-nio-8080-exec-2] Loading properties [C:\Users\Joserrita\Desktop\UNI\TERCERO\SEGUNDO CUATRI\MVG\Workspace-22.0\Projects\Acme-Toolkits-E3.08\target\classes\WEB-INF\views\patron\patronage\messsages-en.i18n] with encoding 'utf-8' 
2022-05-21 13:34:12.091 DEBUG [acme.framework.configuration.ExtendedMessageSource@http-nio-8080-exec-2] Loading properties [C:\Users\Joserrita\Desktop\UNI\TERCERO\SEGUNDO CUATRI\MVG\Workspace-22.0\Projects\Acme-Toolkits-E3.08\target\classes\WEB-INF\views\patron\patronage-report\messsages-en.i18n] with encoding 'utf-8' 
2022-05-21 13:34:12.103 DEBUG [acme.framework.configuration.ExtendedMessageSource@http-nio-8080-exec-2] Loading properties [C:\Users\Joserrita\Desktop\UNI\TERCERO\SEGUNDO CUATRI\MVG\Workspace-22.0\Projects\Acme-Toolkits-E3.08\target\classes\WEB-INF\views\administrator\administrator-dashboard\messages-es.i18n] with encoding 'utf-8' 
2022-05-21 13:34:12.104 DEBUG [acme.framework.configuration.ExtendedMessageSource@http-nio-8080-exec-2] Loading properties [C:\Users\Joserrita\Desktop\UNI\TERCERO\SEGUNDO CUATRI\MVG\Workspace-22.0\Projects\Acme-Toolkits-E3.08\target\classes\WEB-INF\views\administrator\announcement\messages-es.i18n] with encoding 'utf-8' 
2022-05-21 13:34:12.105 DEBUG [acme.framework.configuration.ExtendedMessageSource@http-nio-8080-exec-2] Loading properties [C:\Users\Joserrita\Desktop\UNI\TERCERO\SEGUNDO CUATRI\MVG\Workspace-22.0\Projects\Acme-Toolkits-E3.08\target\classes\WEB-INF\views\administrator\system-configuration\messsages-es.i18n] with encoding 'utf-8' 
2022-05-21 13:34:12.105 DEBUG [acme.framework.configuration.ExtendedMessageSource@http-nio-8080-exec-2] Loading properties [C:\Users\Joserrita\Desktop\UNI\TERCERO\SEGUNDO CUATRI\MVG\Workspace-22.0\Projects\Acme-Toolkits-E3.08\target\classes\WEB-INF\views\administrator\user-account\messages-es.i18n] with encoding 'utf-8' 
2022-05-21 13:34:12.105 DEBUG [acme.framework.configuration.ExtendedMessageSource@http-nio-8080-exec-2] Loading properties [C:\Users\Joserrita\Desktop\UNI\TERCERO\SEGUNDO CUATRI\MVG\Workspace-22.0\Projects\Acme-Toolkits-E3.08\target\classes\WEB-INF\views\anonymous\user-account\messages-es.i18n] with encoding 'utf-8' 
2022-05-21 13:34:12.106 DEBUG [acme.framework.configuration.ExtendedMessageSource@http-nio-8080-exec-2] Loading properties [C:\Users\Joserrita\Desktop\UNI\TERCERO\SEGUNDO CUATRI\MVG\Workspace-22.0\Projects\Acme-Toolkits-E3.08\target\classes\WEB-INF\views\any\chirp\messsages-es.i18n] with encoding 'utf-8' 
2022-05-21 13:34:12.106 DEBUG [acme.framework.configuration.ExtendedMessageSource@http-nio-8080-exec-2] Loading properties [C:\Users\Joserrita\Desktop\UNI\TERCERO\SEGUNDO CUATRI\MVG\Workspace-22.0\Projects\Acme-Toolkits-E3.08\target\classes\WEB-INF\views\any\item\messsages-es.i18n] with encoding 'utf-8' 
2022-05-21 13:34:12.107 DEBUG [acme.framework.configuration.ExtendedMessageSource@http-nio-8080-exec-2] Loading properties [C:\Users\Joserrita\Desktop\UNI\TERCERO\SEGUNDO CUATRI\MVG\Workspace-22.0\Projects\Acme-Toolkits-E3.08\target\classes\WEB-INF\views\any\toolkit\messsages-es.i18n] with encoding 'utf-8' 
2022-05-21 13:34:12.107 DEBUG [acme.framework.configuration.ExtendedMessageSource@http-nio-8080-exec-2] Loading properties [C:\Users\Joserrita\Desktop\UNI\TERCERO\SEGUNDO CUATRI\MVG\Workspace-22.0\Projects\Acme-Toolkits-E3.08\target\classes\WEB-INF\views\any\user-account\messsages-es.i18n] with encoding 'utf-8' 
2022-05-21 13:34:12.107 DEBUG [acme.framework.configuration.ExtendedMessageSource@http-nio-8080-exec-2] Loading properties [C:\Users\Joserrita\Desktop\UNI\TERCERO\SEGUNDO CUATRI\MVG\Workspace-22.0\Projects\Acme-Toolkits-E3.08\target\classes\WEB-INF\views\authenticated\announcement\messsages-es.i18n] with encoding 'utf-8' 
2022-05-21 13:34:12.108 DEBUG [acme.framework.configuration.ExtendedMessageSource@http-nio-8080-exec-2] Loading properties [C:\Users\Joserrita\Desktop\UNI\TERCERO\SEGUNDO CUATRI\MVG\Workspace-22.0\Projects\Acme-Toolkits-E3.08\target\classes\WEB-INF\views\authenticated\consumer\messsages-es.i18n] with encoding 'utf-8' 
2022-05-21 13:34:12.109 DEBUG [acme.framework.configuration.ExtendedMessageSource@http-nio-8080-exec-2] Loading properties [C:\Users\Joserrita\Desktop\UNI\TERCERO\SEGUNDO CUATRI\MVG\Workspace-22.0\Projects\Acme-Toolkits-E3.08\target\classes\WEB-INF\views\authenticated\inventor\messsages-es.i18n] with encoding 'utf-8' 
2022-05-21 13:34:12.109 DEBUG [acme.framework.configuration.ExtendedMessageSource@http-nio-8080-exec-2] Loading properties [C:\Users\Joserrita\Desktop\UNI\TERCERO\SEGUNDO CUATRI\MVG\Workspace-22.0\Projects\Acme-Toolkits-E3.08\target\classes\WEB-INF\views\authenticated\patron\messsages-es.i18n] with encoding 'utf-8' 
2022-05-21 13:34:12.110 DEBUG [acme.framework.configuration.ExtendedMessageSource@http-nio-8080-exec-2] Loading properties [C:\Users\Joserrita\Desktop\UNI\TERCERO\SEGUNDO CUATRI\MVG\Workspace-22.0\Projects\Acme-Toolkits-E3.08\target\classes\WEB-INF\views\authenticated\provider\messsages-es.i18n] with encoding 'utf-8' 
2022-05-21 13:34:12.110 DEBUG [acme.framework.configuration.ExtendedMessageSource@http-nio-8080-exec-2] Loading properties [C:\Users\Joserrita\Desktop\UNI\TERCERO\SEGUNDO CUATRI\MVG\Workspace-22.0\Projects\Acme-Toolkits-E3.08\target\classes\WEB-INF\views\authenticated\system-configuration\messsages-es.i18n] with encoding 'utf-8' 
2022-05-21 13:34:12.110 DEBUG [acme.framework.configuration.ExtendedMessageSource@http-nio-8080-exec-2] Loading properties [C:\Users\Joserrita\Desktop\UNI\TERCERO\SEGUNDO CUATRI\MVG\Workspace-22.0\Projects\Acme-Toolkits-E3.08\target\classes\WEB-INF\views\authenticated\user-account\messages-es.i18n] with encoding 'utf-8' 
2022-05-21 13:34:12.111 DEBUG [acme.framework.configuration.ExtendedMessageSource@http-nio-8080-exec-2] Loading properties [C:\Users\Joserrita\Desktop\UNI\TERCERO\SEGUNDO CUATRI\MVG\Workspace-22.0\Projects\Acme-Toolkits-E3.08\target\classes\WEB-INF\views\fragments\banner-es.i18n] with encoding 'utf-8' 
2022-05-21 13:34:12.111 DEBUG [acme.framework.configuration.ExtendedMessageSource@http-nio-8080-exec-2] Loading properties [C:\Users\Joserrita\Desktop\UNI\TERCERO\SEGUNDO CUATRI\MVG\Workspace-22.0\Projects\Acme-Toolkits-E3.08\target\classes\WEB-INF\views\fragments\company-es.i18n] with encoding 'utf-8' 
2022-05-21 13:34:12.112 DEBUG [acme.framework.configuration.ExtendedMessageSource@http-nio-8080-exec-2] Loading properties [C:\Users\Joserrita\Desktop\UNI\TERCERO\SEGUNDO CUATRI\MVG\Workspace-22.0\Projects\Acme-Toolkits-E3.08\target\classes\WEB-INF\views\fragments\footer-es.i18n] with encoding 'utf-8' 
2022-05-21 13:34:12.112 DEBUG [acme.framework.configuration.ExtendedMessageSource@http-nio-8080-exec-2] Loading properties [C:\Users\Joserrita\Desktop\UNI\TERCERO\SEGUNDO CUATRI\MVG\Workspace-22.0\Projects\Acme-Toolkits-E3.08\target\classes\WEB-INF\views\fragments\license-es.i18n] with encoding 'utf-8' 
2022-05-21 13:34:12.112 DEBUG [acme.framework.configuration.ExtendedMessageSource@http-nio-8080-exec-2] Loading properties [C:\Users\Joserrita\Desktop\UNI\TERCERO\SEGUNDO CUATRI\MVG\Workspace-22.0\Projects\Acme-Toolkits-E3.08\target\classes\WEB-INF\views\fragments\menu-es.i18n] with encoding 'utf-8' 
2022-05-21 13:34:12.113 DEBUG [acme.framework.configuration.ExtendedMessageSource@http-nio-8080-exec-2] Loading properties [C:\Users\Joserrita\Desktop\UNI\TERCERO\SEGUNDO CUATRI\MVG\Workspace-22.0\Projects\Acme-Toolkits-E3.08\target\classes\WEB-INF\views\fragments\messsages-es.i18n] with encoding 'utf-8' 
2022-05-21 13:34:12.113 DEBUG [acme.framework.configuration.ExtendedMessageSource@http-nio-8080-exec-2] Loading properties [C:\Users\Joserrita\Desktop\UNI\TERCERO\SEGUNDO CUATRI\MVG\Workspace-22.0\Projects\Acme-Toolkits-E3.08\target\classes\WEB-INF\views\fragments\title-es.i18n] with encoding 'utf-8' 
2022-05-21 13:34:12.114 DEBUG [acme.framework.configuration.ExtendedMessageSource@http-nio-8080-exec-2] Loading properties [C:\Users\Joserrita\Desktop\UNI\TERCERO\SEGUNDO CUATRI\MVG\Workspace-22.0\Projects\Acme-Toolkits-E3.08\target\classes\WEB-INF\views\fragments\welcome-es.i18n] with encoding 'utf-8' 
2022-05-21 13:34:12.114 DEBUG [acme.framework.configuration.ExtendedMessageSource@http-nio-8080-exec-2] Loading properties [C:\Users\Joserrita\Desktop\UNI\TERCERO\SEGUNDO CUATRI\MVG\Workspace-22.0\Projects\Acme-Toolkits-E3.08\target\classes\WEB-INF\views\inventor\item\messsages-es.i18n] with encoding 'utf-8' 
2022-05-21 13:34:12.114 DEBUG [acme.framework.configuration.ExtendedMessageSource@http-nio-8080-exec-2] Loading properties [C:\Users\Joserrita\Desktop\UNI\TERCERO\SEGUNDO CUATRI\MVG\Workspace-22.0\Projects\Acme-Toolkits-E3.08\target\classes\WEB-INF\views\inventor\patronage\messsages-es.i18n] with encoding 'utf-8' 
2022-05-21 13:34:12.115 DEBUG [acme.framework.configuration.ExtendedMessageSource@http-nio-8080-exec-2] Loading properties [C:\Users\Joserrita\Desktop\UNI\TERCERO\SEGUNDO CUATRI\MVG\Workspace-22.0\Projects\Acme-Toolkits-E3.08\target\classes\WEB-INF\views\inventor\patronage-report\messages-es.i18n] with encoding 'utf-8' 
2022-05-21 13:34:12.115 DEBUG [acme.framework.configuration.ExtendedMessageSource@http-nio-8080-exec-2] Loading properties [C:\Users\Joserrita\Desktop\UNI\TERCERO\SEGUNDO CUATRI\MVG\Workspace-22.0\Projects\Acme-Toolkits-E3.08\target\classes\WEB-INF\views\inventor\toolkit\messsages-es.i18n] with encoding 'utf-8' 
2022-05-21 13:34:12.116 DEBUG [acme.framework.configuration.ExtendedMessageSource@http-nio-8080-exec-2] Loading properties [C:\Users\Joserrita\Desktop\UNI\TERCERO\SEGUNDO CUATRI\MVG\Workspace-22.0\Projects\Acme-Toolkits-E3.08\target\classes\WEB-INF\views\master\defaults-es.i18n] with encoding 'utf-8' 
2022-05-21 13:34:12.116 DEBUG [acme.framework.configuration.ExtendedMessageSource@http-nio-8080-exec-2] Loading properties [C:\Users\Joserrita\Desktop\UNI\TERCERO\SEGUNDO CUATRI\MVG\Workspace-22.0\Projects\Acme-Toolkits-E3.08\target\classes\WEB-INF\views\master\master-es.i18n] with encoding 'utf-8' 
2022-05-21 13:34:12.116 DEBUG [acme.framework.configuration.ExtendedMessageSource@http-nio-8080-exec-2] Loading properties [C:\Users\Joserrita\Desktop\UNI\TERCERO\SEGUNDO CUATRI\MVG\Workspace-22.0\Projects\Acme-Toolkits-E3.08\target\classes\WEB-INF\views\master\throwables-es.i18n] with encoding 'utf-8' 
2022-05-21 13:34:12.117 DEBUG [acme.framework.configuration.ExtendedMessageSource@http-nio-8080-exec-2] Loading properties [C:\Users\Joserrita\Desktop\UNI\TERCERO\SEGUNDO CUATRI\MVG\Workspace-22.0\Projects\Acme-Toolkits-E3.08\target\classes\WEB-INF\views\master\validation-es.i18n] with encoding 'utf-8' 
2022-05-21 13:34:12.117 DEBUG [acme.framework.configuration.ExtendedMessageSource@http-nio-8080-exec-2] Loading properties [C:\Users\Joserrita\Desktop\UNI\TERCERO\SEGUNDO CUATRI\MVG\Workspace-22.0\Projects\Acme-Toolkits-E3.08\target\classes\WEB-INF\views\patron\patron-dashboard\messages-es.i18n] with encoding 'utf-8' 
2022-05-21 13:34:12.118 DEBUG [acme.framework.configuration.ExtendedMessageSource@http-nio-8080-exec-2] Loading properties [C:\Users\Joserrita\Desktop\UNI\TERCERO\SEGUNDO CUATRI\MVG\Workspace-22.0\Projects\Acme-Toolkits-E3.08\target\classes\WEB-INF\views\patron\patronage\messsages-es.i18n] with encoding 'utf-8' 
2022-05-21 13:34:12.118 DEBUG [acme.framework.configuration.ExtendedMessageSource@http-nio-8080-exec-2] Loading properties [C:\Users\Joserrita\Desktop\UNI\TERCERO\SEGUNDO CUATRI\MVG\Workspace-22.0\Projects\Acme-Toolkits-E3.08\target\classes\WEB-INF\views\patron\patronage-report\messsages-es.i18n] with encoding 'utf-8' 
2022-05-21 13:34:12.312 DEBUG [org.apache.jasper.servlet.JspServlet@http-nio-8080-exec-2] JspEngine --> /WEB-INF/views/fragments/welcome.jsp 
2022-05-21 13:34:12.313 DEBUG [org.apache.jasper.servlet.JspServlet@http-nio-8080-exec-2] ServletPath: /WEB-INF/views/master/page.jsp 
2022-05-21 13:34:12.313 DEBUG [org.apache.jasper.servlet.JspServlet@http-nio-8080-exec-2] PathInfo: null 
2022-05-21 13:34:12.315 DEBUG [org.apache.jasper.servlet.JspServlet@http-nio-8080-exec-2] RealPath: C:\Users\Joserrita\Desktop\UNI\TERCERO\SEGUNDO CUATRI\MVG\Workspace-22.0\Projects\Acme-Toolkits-E3.08\target\classes\WEB-INF\views\fragments\welcome.jsp 
2022-05-21 13:34:12.315 DEBUG [org.apache.jasper.servlet.JspServlet@http-nio-8080-exec-2] RequestURI: /acme-toolkits-e3.08-1.0/WEB-INF/views/master/page.jsp 
2022-05-21 13:34:12.316 DEBUG [org.apache.jasper.servlet.JspServlet@http-nio-8080-exec-2] QueryString: null 
2022-05-21 13:34:12.555 DEBUG [org.hibernate.SQL@http-nio-8080-exec-2] select useraccoun0_.id as id1_0_, useraccoun0_.version as version2_0_, useraccoun0_.enabled as enabled1_17_, useraccoun0_.identity as identity2_17_, useraccoun0_.password as password3_17_, useraccoun0_.username as username4_17_ from user_account useraccoun0_ where useraccoun0_.username=? 
2022-05-21 13:34:12.556 TRACE [org.hibernate.type.descriptor.sql.BasicBinder@http-nio-8080-exec-2] binding parameter [1] as [VARCHAR] - [anonymous] 
2022-05-21 13:34:12.558 DEBUG [org.hibernate.SQL@http-nio-8080-exec-2] select roles0_.user_account_id as user_acc1_18_0_, roles0_.id as id1_18_0_, roles0_.id as id1_0_1_, roles0_.version as version2_0_1_, roles0_.user_account_id as user_acc1_18_1_, roles0_.company as company1_7_1_, roles0_.sector as sector2_7_1_, roles0_.company as company1_8_1_, roles0_.info as info2_8_1_, roles0_.statement as statemen3_8_1_, roles0_.company as company1_10_1_, roles0_.info as info2_10_1_, roles0_.statement as statemen3_10_1_, roles0_.company as company1_13_1_, roles0_.sector as sector2_13_1_, roles0_.clazz_ as clazz_1_ from ( select id, version, user_account_id, company, sector, null as info, null as statement, 10 as clazz_ from consumer union all select id, version, user_account_id, company, null as sector, info, statement, 11 as clazz_ from inventor union all select id, version, user_account_id, company, null as sector, info, statement, 12 as clazz_ from patron union all select id, version, user_account_id, company, sector, null as info, null as statement, 13 as clazz_ from provider union all select id, version, user_account_id, null as company, null as sector, null as info, null as statement, 15 as clazz_ from administrator union all select id, version, user_account_id, null as company, null as sector, null as info, null as statement, 16 as clazz_ from anonymous union all select id, version, user_account_id, null as company, null as sector, null as info, null as statement, 17 as clazz_ from any union all select id, version, user_account_id, null as company, null as sector, null as info, null as statement, 18 as clazz_ from authenticated ) roles0_ where roles0_.user_account_id=? 
2022-05-21 13:34:12.558 TRACE [org.hibernate.type.descriptor.sql.BasicBinder@http-nio-8080-exec-2] binding parameter [1] as [INTEGER] - [1] 
2022-05-21 13:34:14.216 DEBUG [acme.framework.components.tiles.DynamicTilesView@http-nio-8080-exec-5] View name 'master/sign-in', model {username=, password=, remember=false} 
2022-05-21 13:34:14.217 DEBUG [org.apache.jasper.servlet.JspServlet@http-nio-8080-exec-5] JspEngine --> /WEB-INF/views/master/page.jsp 
2022-05-21 13:34:14.218 DEBUG [org.apache.jasper.servlet.JspServlet@http-nio-8080-exec-5] ServletPath: /WEB-INF/views/master/page.jsp 
2022-05-21 13:34:14.218 DEBUG [org.apache.jasper.servlet.JspServlet@http-nio-8080-exec-5] PathInfo: null 
2022-05-21 13:34:14.219 DEBUG [org.apache.jasper.servlet.JspServlet@http-nio-8080-exec-5] RealPath: C:\Users\Joserrita\Desktop\UNI\TERCERO\SEGUNDO CUATRI\MVG\Workspace-22.0\Projects\Acme-Toolkits-E3.08\target\classes\WEB-INF\views\master\page.jsp 
2022-05-21 13:34:14.219 DEBUG [org.apache.jasper.servlet.JspServlet@http-nio-8080-exec-5] RequestURI: /acme-toolkits-e3.08-1.0/WEB-INF/views/master/page.jsp 
2022-05-21 13:34:14.219 DEBUG [org.apache.jasper.servlet.JspServlet@http-nio-8080-exec-5] QueryString: null 
2022-05-21 13:34:14.368 DEBUG [org.apache.jasper.servlet.JspServlet@http-nio-8080-exec-5] JspEngine --> /WEB-INF/views/master/sign-in.jsp 
2022-05-21 13:34:14.369 DEBUG [org.apache.jasper.servlet.JspServlet@http-nio-8080-exec-5] ServletPath: /WEB-INF/views/master/page.jsp 
2022-05-21 13:34:14.369 DEBUG [org.apache.jasper.servlet.JspServlet@http-nio-8080-exec-5] PathInfo: null 
2022-05-21 13:34:14.369 DEBUG [org.apache.jasper.servlet.JspServlet@http-nio-8080-exec-5] RealPath: C:\Users\Joserrita\Desktop\UNI\TERCERO\SEGUNDO CUATRI\MVG\Workspace-22.0\Projects\Acme-Toolkits-E3.08\target\classes\WEB-INF\views\master\sign-in.jsp 
2022-05-21 13:34:14.370 DEBUG [org.apache.jasper.servlet.JspServlet@http-nio-8080-exec-5] RequestURI: /acme-toolkits-e3.08-1.0/WEB-INF/views/master/page.jsp 
2022-05-21 13:34:14.370 DEBUG [org.apache.jasper.servlet.JspServlet@http-nio-8080-exec-5] QueryString: null 
2022-05-21 13:34:15.620 DEBUG [org.hibernate.SQL@http-nio-8080-exec-5] select useraccoun0_.id as id1_0_, useraccoun0_.version as version2_0_, useraccoun0_.enabled as enabled1_17_, useraccoun0_.identity as identity2_17_, useraccoun0_.password as password3_17_, useraccoun0_.username as username4_17_ from user_account useraccoun0_ where useraccoun0_.username=? 
2022-05-21 13:34:15.621 TRACE [org.hibernate.type.descriptor.sql.BasicBinder@http-nio-8080-exec-5] binding parameter [1] as [VARCHAR] - [anonymous] 
2022-05-21 13:34:15.622 DEBUG [org.hibernate.SQL@http-nio-8080-exec-5] select roles0_.user_account_id as user_acc1_18_0_, roles0_.id as id1_18_0_, roles0_.id as id1_0_1_, roles0_.version as version2_0_1_, roles0_.user_account_id as user_acc1_18_1_, roles0_.company as company1_7_1_, roles0_.sector as sector2_7_1_, roles0_.company as company1_8_1_, roles0_.info as info2_8_1_, roles0_.statement as statemen3_8_1_, roles0_.company as company1_10_1_, roles0_.info as info2_10_1_, roles0_.statement as statemen3_10_1_, roles0_.company as company1_13_1_, roles0_.sector as sector2_13_1_, roles0_.clazz_ as clazz_1_ from ( select id, version, user_account_id, company, sector, null as info, null as statement, 10 as clazz_ from consumer union all select id, version, user_account_id, company, null as sector, info, statement, 11 as clazz_ from inventor union all select id, version, user_account_id, company, null as sector, info, statement, 12 as clazz_ from patron union all select id, version, user_account_id, company, sector, null as info, null as statement, 13 as clazz_ from provider union all select id, version, user_account_id, null as company, null as sector, null as info, null as statement, 15 as clazz_ from administrator union all select id, version, user_account_id, null as company, null as sector, null as info, null as statement, 16 as clazz_ from anonymous union all select id, version, user_account_id, null as company, null as sector, null as info, null as statement, 17 as clazz_ from any union all select id, version, user_account_id, null as company, null as sector, null as info, null as statement, 18 as clazz_ from authenticated ) roles0_ where roles0_.user_account_id=? 
2022-05-21 13:34:15.623 TRACE [org.hibernate.type.descriptor.sql.BasicBinder@http-nio-8080-exec-5] binding parameter [1] as [INTEGER] - [1] 
2022-05-21 13:34:19.970 DEBUG [org.hibernate.SQL@http-nio-8080-exec-6] select useraccoun0_.id as id1_0_, useraccoun0_.version as version2_0_, useraccoun0_.enabled as enabled1_17_, useraccoun0_.identity as identity2_17_, useraccoun0_.password as password3_17_, useraccoun0_.username as username4_17_ from user_account useraccoun0_ where useraccoun0_.username=? 
2022-05-21 13:34:19.970 TRACE [org.hibernate.type.descriptor.sql.BasicBinder@http-nio-8080-exec-6] binding parameter [1] as [VARCHAR] - [inventor1] 
2022-05-21 13:34:19.972 DEBUG [org.hibernate.SQL@http-nio-8080-exec-6] select roles0_.user_account_id as user_acc1_18_0_, roles0_.id as id1_18_0_, roles0_.id as id1_0_1_, roles0_.version as version2_0_1_, roles0_.user_account_id as user_acc1_18_1_, roles0_.company as company1_7_1_, roles0_.sector as sector2_7_1_, roles0_.company as company1_8_1_, roles0_.info as info2_8_1_, roles0_.statement as statemen3_8_1_, roles0_.company as company1_10_1_, roles0_.info as info2_10_1_, roles0_.statement as statemen3_10_1_, roles0_.company as company1_13_1_, roles0_.sector as sector2_13_1_, roles0_.clazz_ as clazz_1_ from ( select id, version, user_account_id, company, sector, null as info, null as statement, 10 as clazz_ from consumer union all select id, version, user_account_id, company, null as sector, info, statement, 11 as clazz_ from inventor union all select id, version, user_account_id, company, null as sector, info, statement, 12 as clazz_ from patron union all select id, version, user_account_id, company, sector, null as info, null as statement, 13 as clazz_ from provider union all select id, version, user_account_id, null as company, null as sector, null as info, null as statement, 15 as clazz_ from administrator union all select id, version, user_account_id, null as company, null as sector, null as info, null as statement, 16 as clazz_ from anonymous union all select id, version, user_account_id, null as company, null as sector, null as info, null as statement, 17 as clazz_ from any union all select id, version, user_account_id, null as company, null as sector, null as info, null as statement, 18 as clazz_ from authenticated ) roles0_ where roles0_.user_account_id=? 
2022-05-21 13:34:19.973 TRACE [org.hibernate.type.descriptor.sql.BasicBinder@http-nio-8080-exec-6] binding parameter [1] as [INTEGER] - [9] 
2022-05-21 13:34:19.987 DEBUG [acme.framework.components.tiles.DynamicTilesView@http-nio-8080-exec-5] View name 'fragments/welcome', model {} 
2022-05-21 13:34:19.988 DEBUG [org.apache.jasper.servlet.JspServlet@http-nio-8080-exec-5] JspEngine --> /WEB-INF/views/master/page.jsp 
2022-05-21 13:34:19.988 DEBUG [org.apache.jasper.servlet.JspServlet@http-nio-8080-exec-5] ServletPath: /WEB-INF/views/master/page.jsp 
2022-05-21 13:34:19.988 DEBUG [org.apache.jasper.servlet.JspServlet@http-nio-8080-exec-5] PathInfo: null 
2022-05-21 13:34:19.989 DEBUG [org.apache.jasper.servlet.JspServlet@http-nio-8080-exec-5] RealPath: C:\Users\Joserrita\Desktop\UNI\TERCERO\SEGUNDO CUATRI\MVG\Workspace-22.0\Projects\Acme-Toolkits-E3.08\target\classes\WEB-INF\views\master\page.jsp 
2022-05-21 13:34:19.989 DEBUG [org.apache.jasper.servlet.JspServlet@http-nio-8080-exec-5] RequestURI: /acme-toolkits-e3.08-1.0/WEB-INF/views/master/page.jsp 
2022-05-21 13:34:19.990 DEBUG [org.apache.jasper.servlet.JspServlet@http-nio-8080-exec-5] QueryString: null 
2022-05-21 13:34:20.145 DEBUG [org.apache.jasper.servlet.JspServlet@http-nio-8080-exec-5] JspEngine --> /WEB-INF/views/fragments/welcome.jsp 
2022-05-21 13:34:20.146 DEBUG [org.apache.jasper.servlet.JspServlet@http-nio-8080-exec-5] ServletPath: /WEB-INF/views/master/page.jsp 
2022-05-21 13:34:20.146 DEBUG [org.apache.jasper.servlet.JspServlet@http-nio-8080-exec-5] PathInfo: null 
2022-05-21 13:34:20.147 DEBUG [org.apache.jasper.servlet.JspServlet@http-nio-8080-exec-5] RealPath: C:\Users\Joserrita\Desktop\UNI\TERCERO\SEGUNDO CUATRI\MVG\Workspace-22.0\Projects\Acme-Toolkits-E3.08\target\classes\WEB-INF\views\fragments\welcome.jsp 
2022-05-21 13:34:20.147 DEBUG [org.apache.jasper.servlet.JspServlet@http-nio-8080-exec-5] RequestURI: /acme-toolkits-e3.08-1.0/WEB-INF/views/master/page.jsp 
2022-05-21 13:34:20.147 DEBUG [org.apache.jasper.servlet.JspServlet@http-nio-8080-exec-5] QueryString: null 
2022-05-21 13:34:27.474 DEBUG [acme.framework.controllers.AbstractController@http-nio-8080-exec-7] DISPATCHING GET /acme-toolkits-e3.08-1.0/inventor/patronage/list 
2022-05-21 13:34:27.474 DEBUG [acme.framework.controllers.AbstractController@http-nio-8080-exec-7] Command: list 
2022-05-21 13:34:27.474 DEBUG [acme.framework.controllers.AbstractController@http-nio-8080-exec-7] Model:   {} 
2022-05-21 13:34:27.474 DEBUG [acme.framework.controllers.AbstractController@http-nio-8080-exec-7] Locale:  es 
2022-05-21 13:34:27.490 DEBUG [org.hibernate.SQL@http-nio-8080-exec-7] select patronage0_.id as id1_0_, patronage0_.version as version2_0_, patronage0_.budget_amount as budget_a1_11_, patronage0_.budget_currency as budget_c2_11_, patronage0_.code as code3_11_, patronage0_.creation_date as creation4_11_, patronage0_.deadline as deadline5_11_, patronage0_.info as info6_11_, patronage0_.inventor_id as invento10_11_, patronage0_.legal_stuff as legal_st7_11_, patronage0_.patron_id as patron_11_11_, patronage0_.start_date as start_da8_11_, patronage0_.status as status9_11_ from patronage patronage0_ where patronage0_.inventor_id=? 
2022-05-21 13:34:27.490 TRACE [org.hibernate.type.descriptor.sql.BasicBinder@http-nio-8080-exec-7] binding parameter [1] as [INTEGER] - [12] 
2022-05-21 13:34:27.495 DEBUG [org.hibernate.SQL@http-nio-8080-exec-7] select inventor0_.id as id1_0_0_, inventor0_.version as version2_0_0_, inventor0_.user_account_id as user_acc1_18_0_, inventor0_.company as company1_8_0_, inventor0_.info as info2_8_0_, inventor0_.statement as statemen3_8_0_, useraccoun1_.id as id1_0_1_, useraccoun1_.version as version2_0_1_, useraccoun1_.enabled as enabled1_17_1_, useraccoun1_.identity as identity2_17_1_, useraccoun1_.password as password3_17_1_, useraccoun1_.username as username4_17_1_ from inventor inventor0_ inner join user_account useraccoun1_ on inventor0_.user_account_id=useraccoun1_.id where inventor0_.id=? 
2022-05-21 13:34:27.496 TRACE [org.hibernate.type.descriptor.sql.BasicBinder@http-nio-8080-exec-7] binding parameter [1] as [INTEGER] - [12] 
2022-05-21 13:34:27.497 DEBUG [org.hibernate.SQL@http-nio-8080-exec-7] select patron0_.id as id1_0_0_, patron0_.version as version2_0_0_, patron0_.user_account_id as user_acc1_18_0_, patron0_.company as company1_10_0_, patron0_.info as info2_10_0_, patron0_.statement as statemen3_10_0_, useraccoun1_.id as id1_0_1_, useraccoun1_.version as version2_0_1_, useraccoun1_.enabled as enabled1_17_1_, useraccoun1_.identity as identity2_17_1_, useraccoun1_.password as password3_17_1_, useraccoun1_.username as username4_17_1_ from patron patron0_ inner join user_account useraccoun1_ on patron0_.user_account_id=useraccoun1_.id where patron0_.id=? 
2022-05-21 13:34:27.498 TRACE [org.hibernate.type.descriptor.sql.BasicBinder@http-nio-8080-exec-7] binding parameter [1] as [INTEGER] - [15] 
2022-05-21 13:34:27.500 DEBUG [org.hibernate.SQL@http-nio-8080-exec-7] select patron0_.id as id1_0_0_, patron0_.version as version2_0_0_, patron0_.user_account_id as user_acc1_18_0_, patron0_.company as company1_10_0_, patron0_.info as info2_10_0_, patron0_.statement as statemen3_10_0_, useraccoun1_.id as id1_0_1_, useraccoun1_.version as version2_0_1_, useraccoun1_.enabled as enabled1_17_1_, useraccoun1_.identity as identity2_17_1_, useraccoun1_.password as password3_17_1_, useraccoun1_.username as username4_17_1_ from patron patron0_ inner join user_account useraccoun1_ on patron0_.user_account_id=useraccoun1_.id where patron0_.id=? 
2022-05-21 13:34:27.500 TRACE [org.hibernate.type.descriptor.sql.BasicBinder@http-nio-8080-exec-7] binding parameter [1] as [INTEGER] - [16] 
2022-05-21 13:34:27.525 DEBUG [acme.framework.controllers.AbstractController@http-nio-8080-exec-7] SERVING GET /acme-toolkits-e3.08-1.0/inventor/patronage/list 
2022-05-21 13:34:27.526 DEBUG [acme.framework.controllers.AbstractController@http-nio-8080-exec-7] Result: ModelAndView [view="inventor/patronage/list"; model={version[2]=0, version[1]=0, info[2]=https://www.google.es/, status[0]=PROPOSED, info[1]=https://www.us.es/, list$size=3, deadline[0]=2022-09-01 20:00:00.0, info[0]=https://www.us.es/, status[1]=DENIED, status[2]=PROPOSED, budget[0]=<<EUR 32563.00>>, legalStuff[1]=No tiene trminos legales, deadline[2]=2022-11-01 20:30:00.0, legalStuff[0]=No tiene trminos legales, deadline[1]=2022-11-01 20:30:00.0, budget[1]=<<EUR 47765.00>>, budget[2]=<<EUR 47765.00>>, legalStuff[2]=No tiene trminos legales, version[0]=0, id[1]=41, id[0]=40, id[2]=42, command=list, principal=acme.framework.entities.Principal@9278655}] 
2022-05-21 13:34:27.531 DEBUG [acme.framework.components.tiles.DynamicTilesView@http-nio-8080-exec-7] View name 'inventor/patronage/list', model {version[2]=0, version[1]=0, info[2]=https://www.google.es/, status[0]=PROPOSED, info[1]=https://www.us.es/, list$size=3, deadline[0]=2022-09-01 20:00:00.0, info[0]=https://www.us.es/, status[1]=DENIED, status[2]=PROPOSED, budget[0]=<<EUR 32563.00>>, legalStuff[1]=No tiene trminos legales, deadline[2]=2022-11-01 20:30:00.0, legalStuff[0]=No tiene trminos legales, deadline[1]=2022-11-01 20:30:00.0, budget[1]=<<EUR 47765.00>>, budget[2]=<<EUR 47765.00>>, legalStuff[2]=No tiene trminos legales, version[0]=0, id[1]=41, id[0]=40, id[2]=42, command=list, principal=acme.framework.entities.Principal@9278655, org.springframework.validation.BindingResult.budget[0]=org.springframework.validation.BeanPropertyBindingResult: 0 errors, org.springframework.validation.BindingResult.budget[1]=org.springframework.validation.BeanPropertyBindingResult: 0 errors, org.springframework.validation.BindingResult.budget[2]=org.springframework.validation.BeanPropertyBindingResult: 0 errors, org.springframework.validation.BindingResult.principal=org.springframework.validation.BeanPropertyBindingResult: 0 errors} 
2022-05-21 13:34:27.532 DEBUG [org.apache.jasper.servlet.JspServlet@http-nio-8080-exec-7] JspEngine --> /WEB-INF/views/master/page.jsp 
2022-05-21 13:34:27.532 DEBUG [org.apache.jasper.servlet.JspServlet@http-nio-8080-exec-7] ServletPath: /WEB-INF/views/master/page.jsp 
2022-05-21 13:34:27.532 DEBUG [org.apache.jasper.servlet.JspServlet@http-nio-8080-exec-7] PathInfo: null 
2022-05-21 13:34:27.533 DEBUG [org.apache.jasper.servlet.JspServlet@http-nio-8080-exec-7] RealPath: C:\Users\Joserrita\Desktop\UNI\TERCERO\SEGUNDO CUATRI\MVG\Workspace-22.0\Projects\Acme-Toolkits-E3.08\target\classes\WEB-INF\views\master\page.jsp 
2022-05-21 13:34:27.533 DEBUG [org.apache.jasper.servlet.JspServlet@http-nio-8080-exec-7] RequestURI: /acme-toolkits-e3.08-1.0/WEB-INF/views/master/page.jsp 
2022-05-21 13:34:27.534 DEBUG [org.apache.jasper.servlet.JspServlet@http-nio-8080-exec-7] QueryString: null 
2022-05-21 13:34:27.664 DEBUG [org.apache.jasper.servlet.JspServlet@http-nio-8080-exec-7] JspEngine --> /WEB-INF/views/inventor/patronage/list.jsp 
2022-05-21 13:34:27.665 DEBUG [org.apache.jasper.servlet.JspServlet@http-nio-8080-exec-7] ServletPath: /WEB-INF/views/master/page.jsp 
2022-05-21 13:34:27.665 DEBUG [org.apache.jasper.servlet.JspServlet@http-nio-8080-exec-7] PathInfo: null 
2022-05-21 13:34:27.666 DEBUG [org.apache.jasper.servlet.JspServlet@http-nio-8080-exec-7] RealPath: C:\Users\Joserrita\Desktop\UNI\TERCERO\SEGUNDO CUATRI\MVG\Workspace-22.0\Projects\Acme-Toolkits-E3.08\target\classes\WEB-INF\views\inventor\patronage\list.jsp 
2022-05-21 13:34:27.667 DEBUG [org.apache.jasper.servlet.JspServlet@http-nio-8080-exec-7] RequestURI: /acme-toolkits-e3.08-1.0/WEB-INF/views/master/page.jsp 
2022-05-21 13:34:27.667 DEBUG [org.apache.jasper.servlet.JspServlet@http-nio-8080-exec-7] QueryString: null 
2022-05-21 13:34:35.193 DEBUG [acme.framework.controllers.AbstractController@http-nio-8080-exec-3] DISPATCHING GET /acme-toolkits-e3.08-1.0/inventor/item/my-tools 
2022-05-21 13:34:35.193 DEBUG [acme.framework.controllers.AbstractController@http-nio-8080-exec-3] Command: my-tools 
2022-05-21 13:34:35.193 DEBUG [acme.framework.controllers.AbstractController@http-nio-8080-exec-3] Model:   {} 
2022-05-21 13:34:35.193 DEBUG [acme.framework.controllers.AbstractController@http-nio-8080-exec-3] Locale:  es 
2022-05-21 13:34:35.199 DEBUG [org.hibernate.SQL@http-nio-8080-exec-3] select item0_.id as id1_0_, item0_.version as version2_0_, item0_.code as code1_9_, item0_.description as descript2_9_, item0_.inventor_id as invento12_9_, item0_.item_type as item_typ3_9_, item0_.link as link4_9_, item0_.name as name5_9_, item0_.published as publishe6_9_, item0_.retail_price_amount as retail_p7_9_, item0_.retail_price_currency as retail_p8_9_, item0_.system_retail_price_amount as system_r9_9_, item0_.system_retail_price_currency as system_10_9_, item0_.technology as technol11_9_ from item item0_ where item0_.item_type=? and item0_.inventor_id=? 
2022-05-21 13:34:35.199 TRACE [org.hibernate.type.descriptor.sql.BasicBinder@http-nio-8080-exec-3] binding parameter [1] as [INTEGER] - [1] 
2022-05-21 13:34:35.199 TRACE [org.hibernate.type.descriptor.sql.BasicBinder@http-nio-8080-exec-3] binding parameter [2] as [INTEGER] - [12] 
2022-05-21 13:34:35.203 DEBUG [org.hibernate.SQL@http-nio-8080-exec-3] select inventor0_.id as id1_0_0_, inventor0_.version as version2_0_0_, inventor0_.user_account_id as user_acc1_18_0_, inventor0_.company as company1_8_0_, inventor0_.info as info2_8_0_, inventor0_.statement as statemen3_8_0_, useraccoun1_.id as id1_0_1_, useraccoun1_.version as version2_0_1_, useraccoun1_.enabled as enabled1_17_1_, useraccoun1_.identity as identity2_17_1_, useraccoun1_.password as password3_17_1_, useraccoun1_.username as username4_17_1_ from inventor inventor0_ inner join user_account useraccoun1_ on inventor0_.user_account_id=useraccoun1_.id where inventor0_.id=? 
2022-05-21 13:34:35.203 TRACE [org.hibernate.type.descriptor.sql.BasicBinder@http-nio-8080-exec-3] binding parameter [1] as [INTEGER] - [12] 
2022-05-21 13:34:35.212 DEBUG [acme.framework.controllers.AbstractController@http-nio-8080-exec-3] SERVING GET /acme-toolkits-e3.08-1.0/inventor/item/my-tools 
2022-05-21 13:34:35.212 DEBUG [acme.framework.controllers.AbstractController@http-nio-8080-exec-3] Result: ModelAndView [view="inventor/item/list"; model={description[1]=Sierra circular con cable DEWALT de 1350 w y 5.332 kg de peso, published[1]=false, link[2]= https://www.leroymerlin.es/fp/83611937/escalera-madera-extensible-villar, link[0]=https://www.leroymerlin.es/fp/81968467/maceta-3-8-cm, version[1]=0, technology[0]=martillo, itemType[1]=TOOL, retailPrice[2]=<<EUR 309.00>>, list$size=3, retailPrice[0]=<<EUR 12.00>>, technology[2]=pintura, code[0]=ASD-123, id[1]=19, code[2]=PAI-432, name[1]=Sierra Electrica, link[1]=https://www.leroymerlin.es/fp/80145657/sierra-circular-con-cable-dewalt-de-1350-w-y-5-332-kg-de-peso, published[2]=true, description[2]=Escalera de madera extensible indicada para mantenimiento industrial y telecomunicaciones fabricada en pino y peldao de haya., published[0]=true, version[2]=0, description[0]=dshjhds, itemType[0]=TOOL, itemType[2]=TOOL, retailPrice[1]=<<EUR 163.00>>, technology[1]=Electrico, version[0]=0, code[1]=JAY-715, name[2]=Escalera madera extensible VILLAR, id[0]=17, id[2]=20, name[0]=Martillo, command=my-tools, principal=acme.framework.entities.Principal@9278655}] 
2022-05-21 13:34:35.212 DEBUG [acme.framework.components.tiles.DynamicTilesView@http-nio-8080-exec-3] View name 'inventor/item/list', model {description[1]=Sierra circular con cable DEWALT de 1350 w y 5.332 kg de peso, published[1]=false, link[2]= https://www.leroymerlin.es/fp/83611937/escalera-madera-extensible-villar, link[0]=https://www.leroymerlin.es/fp/81968467/maceta-3-8-cm, version[1]=0, technology[0]=martillo, itemType[1]=TOOL, retailPrice[2]=<<EUR 309.00>>, list$size=3, retailPrice[0]=<<EUR 12.00>>, technology[2]=pintura, code[0]=ASD-123, id[1]=19, code[2]=PAI-432, name[1]=Sierra Electrica, link[1]=https://www.leroymerlin.es/fp/80145657/sierra-circular-con-cable-dewalt-de-1350-w-y-5-332-kg-de-peso, published[2]=true, description[2]=Escalera de madera extensible indicada para mantenimiento industrial y telecomunicaciones fabricada en pino y peldao de haya., published[0]=true, version[2]=0, description[0]=dshjhds, itemType[0]=TOOL, itemType[2]=TOOL, retailPrice[1]=<<EUR 163.00>>, technology[1]=Electrico, version[0]=0, code[1]=JAY-715, name[2]=Escalera madera extensible VILLAR, id[0]=17, id[2]=20, name[0]=Martillo, command=my-tools, principal=acme.framework.entities.Principal@9278655, org.springframework.validation.BindingResult.retailPrice[2]=org.springframework.validation.BeanPropertyBindingResult: 0 errors, org.springframework.validation.BindingResult.retailPrice[0]=org.springframework.validation.BeanPropertyBindingResult: 0 errors, org.springframework.validation.BindingResult.retailPrice[1]=org.springframework.validation.BeanPropertyBindingResult: 0 errors, org.springframework.validation.BindingResult.principal=org.springframework.validation.BeanPropertyBindingResult: 0 errors} 
2022-05-21 13:34:35.213 DEBUG [org.apache.jasper.servlet.JspServlet@http-nio-8080-exec-3] JspEngine --> /WEB-INF/views/master/page.jsp 
2022-05-21 13:34:35.214 DEBUG [org.apache.jasper.servlet.JspServlet@http-nio-8080-exec-3] ServletPath: /WEB-INF/views/master/page.jsp 
2022-05-21 13:34:35.214 DEBUG [org.apache.jasper.servlet.JspServlet@http-nio-8080-exec-3] PathInfo: null 
2022-05-21 13:34:35.215 DEBUG [org.apache.jasper.servlet.JspServlet@http-nio-8080-exec-3] RealPath: C:\Users\Joserrita\Desktop\UNI\TERCERO\SEGUNDO CUATRI\MVG\Workspace-22.0\Projects\Acme-Toolkits-E3.08\target\classes\WEB-INF\views\master\page.jsp 
2022-05-21 13:34:35.215 DEBUG [org.apache.jasper.servlet.JspServlet@http-nio-8080-exec-3] RequestURI: /acme-toolkits-e3.08-1.0/WEB-INF/views/master/page.jsp 
2022-05-21 13:34:35.216 DEBUG [org.apache.jasper.servlet.JspServlet@http-nio-8080-exec-3] QueryString: null 
2022-05-21 13:34:35.354 DEBUG [org.apache.jasper.servlet.JspServlet@http-nio-8080-exec-3] JspEngine --> /WEB-INF/views/inventor/item/list.jsp 
2022-05-21 13:34:35.354 DEBUG [org.apache.jasper.servlet.JspServlet@http-nio-8080-exec-3] ServletPath: /WEB-INF/views/master/page.jsp 
2022-05-21 13:34:35.354 DEBUG [org.apache.jasper.servlet.JspServlet@http-nio-8080-exec-3] PathInfo: null 
2022-05-21 13:34:35.355 DEBUG [org.apache.jasper.servlet.JspServlet@http-nio-8080-exec-3] RealPath: C:\Users\Joserrita\Desktop\UNI\TERCERO\SEGUNDO CUATRI\MVG\Workspace-22.0\Projects\Acme-Toolkits-E3.08\target\classes\WEB-INF\views\inventor\item\list.jsp 
2022-05-21 13:34:35.356 DEBUG [org.apache.jasper.servlet.JspServlet@http-nio-8080-exec-3] RequestURI: /acme-toolkits-e3.08-1.0/WEB-INF/views/master/page.jsp 
2022-05-21 13:34:35.356 DEBUG [org.apache.jasper.servlet.JspServlet@http-nio-8080-exec-3] QueryString: null 
2022-05-21 13:34:37.371 DEBUG [acme.framework.controllers.AbstractController@http-nio-8080-exec-1] DISPATCHING GET /acme-toolkits-e3.08-1.0/inventor/item/show 
2022-05-21 13:34:37.372 DEBUG [acme.framework.controllers.AbstractController@http-nio-8080-exec-1] Command: show 
2022-05-21 13:34:37.372 DEBUG [acme.framework.controllers.AbstractController@http-nio-8080-exec-1] Model:   {id=20} 
2022-05-21 13:34:37.372 DEBUG [acme.framework.controllers.AbstractController@http-nio-8080-exec-1] Locale:  es 
2022-05-21 13:34:37.377 DEBUG [org.hibernate.SQL@http-nio-8080-exec-1] select item0_.id as id1_0_, item0_.version as version2_0_, item0_.code as code1_9_, item0_.description as descript2_9_, item0_.inventor_id as invento12_9_, item0_.item_type as item_typ3_9_, item0_.link as link4_9_, item0_.name as name5_9_, item0_.published as publishe6_9_, item0_.retail_price_amount as retail_p7_9_, item0_.retail_price_currency as retail_p8_9_, item0_.system_retail_price_amount as system_r9_9_, item0_.system_retail_price_currency as system_10_9_, item0_.technology as technol11_9_ from item item0_ where item0_.id=? 
2022-05-21 13:34:37.377 TRACE [org.hibernate.type.descriptor.sql.BasicBinder@http-nio-8080-exec-1] binding parameter [1] as [INTEGER] - [20] 
2022-05-21 13:34:37.378 DEBUG [org.hibernate.SQL@http-nio-8080-exec-1] select inventor0_.id as id1_0_0_, inventor0_.version as version2_0_0_, inventor0_.user_account_id as user_acc1_18_0_, inventor0_.company as company1_8_0_, inventor0_.info as info2_8_0_, inventor0_.statement as statemen3_8_0_, useraccoun1_.id as id1_0_1_, useraccoun1_.version as version2_0_1_, useraccoun1_.enabled as enabled1_17_1_, useraccoun1_.identity as identity2_17_1_, useraccoun1_.password as password3_17_1_, useraccoun1_.username as username4_17_1_ from inventor inventor0_ inner join user_account useraccoun1_ on inventor0_.user_account_id=useraccoun1_.id where inventor0_.id=? 
2022-05-21 13:34:37.378 TRACE [org.hibernate.type.descriptor.sql.BasicBinder@http-nio-8080-exec-1] binding parameter [1] as [INTEGER] - [12] 
2022-05-21 13:34:37.388 DEBUG [org.hibernate.SQL@http-nio-8080-exec-1] select item0_.id as id1_0_, item0_.version as version2_0_, item0_.code as code1_9_, item0_.description as descript2_9_, item0_.inventor_id as invento12_9_, item0_.item_type as item_typ3_9_, item0_.link as link4_9_, item0_.name as name5_9_, item0_.published as publishe6_9_, item0_.retail_price_amount as retail_p7_9_, item0_.retail_price_currency as retail_p8_9_, item0_.system_retail_price_amount as system_r9_9_, item0_.system_retail_price_currency as system_10_9_, item0_.technology as technol11_9_ from item item0_ where item0_.id=? 
2022-05-21 13:34:37.389 TRACE [org.hibernate.type.descriptor.sql.BasicBinder@http-nio-8080-exec-1] binding parameter [1] as [INTEGER] - [20] 
2022-05-21 13:34:37.391 DEBUG [org.hibernate.SQL@http-nio-8080-exec-1] select systemconf0_.id as id1_0_, systemconf0_.version as version2_0_, systemconf0_.accepted_currencies as accepted1_15_, systemconf0_.strong_spam_terms as strong_s2_15_, systemconf0_.strong_spam_threshold as strong_s3_15_, systemconf0_.system_currency as system_c4_15_, systemconf0_.weak_spam_terms as weak_spa5_15_, systemconf0_.weak_spam_threshold as weak_spa6_15_ from system_configuration systemconf0_ 
2022-05-21 13:34:38.326 DEBUG [acme.framework.controllers.AbstractController@http-nio-8080-exec-4] DISPATCHING GET /acme-toolkits-e3.08-1.0/inventor/item/create 
2022-05-21 13:34:38.326 DEBUG [acme.framework.controllers.AbstractController@http-nio-8080-exec-4] Command: create 
2022-05-21 13:34:38.326 DEBUG [acme.framework.controllers.AbstractController@http-nio-8080-exec-4] Model:   {} 
2022-05-21 13:34:38.326 DEBUG [acme.framework.controllers.AbstractController@http-nio-8080-exec-4] Locale:  es 
2022-05-21 13:34:38.331 DEBUG [org.hibernate.SQL@http-nio-8080-exec-4] select inventor0_.id as id1_0_, inventor0_.version as version2_0_, inventor0_.user_account_id as user_acc1_18_, inventor0_.company as company1_8_, inventor0_.info as info2_8_, inventor0_.statement as statemen3_8_ from inventor inventor0_ where inventor0_.id=? 
2022-05-21 13:34:38.332 TRACE [org.hibernate.type.descriptor.sql.BasicBinder@http-nio-8080-exec-4] binding parameter [1] as [INTEGER] - [12] 
2022-05-21 13:34:38.332 DEBUG [org.hibernate.SQL@http-nio-8080-exec-4] select useraccoun0_.id as id1_0_0_, useraccoun0_.version as version2_0_0_, useraccoun0_.enabled as enabled1_17_0_, useraccoun0_.identity as identity2_17_0_, useraccoun0_.password as password3_17_0_, useraccoun0_.username as username4_17_0_ from user_account useraccoun0_ where useraccoun0_.id=? 
2022-05-21 13:34:38.333 TRACE [org.hibernate.type.descriptor.sql.BasicBinder@http-nio-8080-exec-4] binding parameter [1] as [INTEGER] - [9] 
2022-05-21 13:34:38.337 DEBUG [acme.framework.controllers.AbstractController@http-nio-8080-exec-4] SERVING GET /acme-toolkits-e3.08-1.0/inventor/item/create 
2022-05-21 13:34:38.337 DEBUG [acme.framework.controllers.AbstractController@http-nio-8080-exec-4] Result: ModelAndView [view="inventor/item/form"; model={itemType=null, code=, name=null, link=, description=, technology=, id=0, retailPrice=null, version=0, command=create, principal=acme.framework.entities.Principal@9278655}] 
2022-05-21 13:34:38.338 DEBUG [acme.framework.components.tiles.DynamicTilesView@http-nio-8080-exec-4] View name 'inventor/item/form', model {itemType=null, code=, name=null, link=, description=, technology=, id=0, retailPrice=null, version=0, command=create, principal=acme.framework.entities.Principal@9278655, org.springframework.validation.BindingResult.principal=org.springframework.validation.BeanPropertyBindingResult: 0 errors} 
2022-05-21 13:34:38.339 DEBUG [org.apache.jasper.servlet.JspServlet@http-nio-8080-exec-4] JspEngine --> /WEB-INF/views/master/page.jsp 
2022-05-21 13:34:38.339 DEBUG [org.apache.jasper.servlet.JspServlet@http-nio-8080-exec-4] ServletPath: /WEB-INF/views/master/page.jsp 
2022-05-21 13:34:38.339 DEBUG [org.apache.jasper.servlet.JspServlet@http-nio-8080-exec-4] PathInfo: null 
2022-05-21 13:34:38.340 DEBUG [org.apache.jasper.servlet.JspServlet@http-nio-8080-exec-4] RealPath: C:\Users\Joserrita\Desktop\UNI\TERCERO\SEGUNDO CUATRI\MVG\Workspace-22.0\Projects\Acme-Toolkits-E3.08\target\classes\WEB-INF\views\master\page.jsp 
2022-05-21 13:34:38.341 DEBUG [org.apache.jasper.servlet.JspServlet@http-nio-8080-exec-4] RequestURI: /acme-toolkits-e3.08-1.0/WEB-INF/views/master/page.jsp 
2022-05-21 13:34:38.341 DEBUG [org.apache.jasper.servlet.JspServlet@http-nio-8080-exec-4] QueryString: null 
2022-05-21 13:34:38.492 DEBUG [org.apache.jasper.servlet.JspServlet@http-nio-8080-exec-4] JspEngine --> /WEB-INF/views/inventor/item/form.jsp 
2022-05-21 13:34:38.492 DEBUG [org.apache.jasper.servlet.JspServlet@http-nio-8080-exec-4] ServletPath: /WEB-INF/views/master/page.jsp 
2022-05-21 13:34:38.492 DEBUG [org.apache.jasper.servlet.JspServlet@http-nio-8080-exec-4] PathInfo: null 
2022-05-21 13:34:38.493 DEBUG [org.apache.jasper.servlet.JspServlet@http-nio-8080-exec-4] RealPath: C:\Users\Joserrita\Desktop\UNI\TERCERO\SEGUNDO CUATRI\MVG\Workspace-22.0\Projects\Acme-Toolkits-E3.08\target\classes\WEB-INF\views\inventor\item\form.jsp 
2022-05-21 13:34:38.493 DEBUG [org.apache.jasper.servlet.JspServlet@http-nio-8080-exec-4] RequestURI: /acme-toolkits-e3.08-1.0/WEB-INF/views/master/page.jsp 
2022-05-21 13:34:38.493 DEBUG [org.apache.jasper.servlet.JspServlet@http-nio-8080-exec-4] QueryString: null 
2022-05-21 13:34:38.950 DEBUG [acme.framework.controllers.AbstractController@http-nio-8080-exec-1] SERVING GET /acme-toolkits-e3.08-1.0/inventor/item/show 
2022-05-21 13:34:38.950 DEBUG [acme.framework.controllers.AbstractController@http-nio-8080-exec-1] Result: ModelAndView [view="master/panic"; model={oops=java.lang.AssertionError}] 
2022-05-21 13:34:38.951 DEBUG [acme.framework.components.tiles.DynamicTilesView@http-nio-8080-exec-1] View name 'master/panic', model {oops=java.lang.AssertionError, org.springframework.validation.BindingResult.oops=org.springframework.validation.BeanPropertyBindingResult: 0 errors} 
2022-05-21 13:34:38.952 DEBUG [org.apache.jasper.servlet.JspServlet@http-nio-8080-exec-1] JspEngine --> /WEB-INF/views/master/page.jsp 
2022-05-21 13:34:38.953 DEBUG [org.apache.jasper.servlet.JspServlet@http-nio-8080-exec-1] ServletPath: /WEB-INF/views/master/page.jsp 
2022-05-21 13:34:38.953 DEBUG [org.apache.jasper.servlet.JspServlet@http-nio-8080-exec-1] PathInfo: null 
2022-05-21 13:34:38.954 DEBUG [org.apache.jasper.servlet.JspServlet@http-nio-8080-exec-1] RealPath: C:\Users\Joserrita\Desktop\UNI\TERCERO\SEGUNDO CUATRI\MVG\Workspace-22.0\Projects\Acme-Toolkits-E3.08\target\classes\WEB-INF\views\master\page.jsp 
2022-05-21 13:34:38.954 DEBUG [org.apache.jasper.servlet.JspServlet@http-nio-8080-exec-1] RequestURI: /acme-toolkits-e3.08-1.0/WEB-INF/views/master/page.jsp 
2022-05-21 13:34:38.954 DEBUG [org.apache.jasper.servlet.JspServlet@http-nio-8080-exec-1] QueryString: id=20 
2022-05-21 13:34:39.129 DEBUG [org.apache.jasper.servlet.JspServlet@http-nio-8080-exec-1] JspEngine --> /WEB-INF/views/master/panic.jsp 
2022-05-21 13:34:39.130 DEBUG [org.apache.jasper.servlet.JspServlet@http-nio-8080-exec-1] ServletPath: /WEB-INF/views/master/page.jsp 
2022-05-21 13:34:39.131 DEBUG [org.apache.jasper.servlet.JspServlet@http-nio-8080-exec-1] PathInfo: null 
2022-05-21 13:34:39.133 DEBUG [org.apache.jasper.servlet.JspServlet@http-nio-8080-exec-1] RealPath: C:\Users\Joserrita\Desktop\UNI\TERCERO\SEGUNDO CUATRI\MVG\Workspace-22.0\Projects\Acme-Toolkits-E3.08\target\classes\WEB-INF\views\master\panic.jsp 
2022-05-21 13:34:39.133 DEBUG [org.apache.jasper.servlet.JspServlet@http-nio-8080-exec-1] RequestURI: /acme-toolkits-e3.08-1.0/WEB-INF/views/master/page.jsp 
2022-05-21 13:34:39.134 DEBUG [org.apache.jasper.servlet.JspServlet@http-nio-8080-exec-1] QueryString: id=20 
2022-05-21 13:34:39.275 ERROR [org.apache.jsp.WEB_002dINF.views.master.panic_jsp@http-nio-8080-exec-1] HTTP GET /acme-toolkits-e3.08-1.0/WEB-INF/views/master/page.jsp HTTP/1.1 
2022-05-21 13:34:39.275 ERROR [org.apache.jsp.WEB_002dINF.views.master.panic_jsp@http-nio-8080-exec-1] Status: 500 
2022-05-21 13:34:39.276 ERROR [org.apache.jsp.WEB_002dINF.views.master.panic_jsp@http-nio-8080-exec-1] Exception: acme.framework.controllers.AbstractController.commitTransaction(AbstractController.java:95): java.lang.AssertionError 
