2022-04-18 12:58:53.650 INFO  [acme.Launcher@main] Starting Launcher using Java 1.8.0_281 on DESKTOP-B7M6F9V with PID 4356 (P:\Workspace-22.0\Frameworks\Acme-Framework-22.3\target\classes started by pabli in P:\Workspace-22.0\Projects\Acme-Toolkits-E3.08) 
2022-04-18 12:58:53.651 DEBUG [acme.Launcher@main] Running with Spring Boot v2.4.2, Spring v5.3.3 
2022-04-18 12:58:53.651 INFO  [acme.Launcher@main] The following profiles are active: development,default 
2022-04-18 12:58:55.904 DEBUG [org.apache.jasper.servlet.JasperInitializer@main] Initializing Jasper for context [application] 
2022-04-18 12:58:59.740 DEBUG [org.apache.jasper.servlet.JspServlet@main] Scratch dir for the JSP engine is: [C:\Users\pabli\AppData\Local\Temp\tomcat.8080.7526158969062516418\work\Tomcat\localhost\acme-toolkits-e3.08-1.0] 
2022-04-18 12:58:59.742 DEBUG [org.apache.jasper.servlet.JspServlet@main] IMPORTANT: Do not modify the generated servlets 
2022-04-18 12:58:59.750 INFO  [acme.Launcher@main] Started Launcher in 6.595 seconds (JVM running for 7.086) 
2022-04-18 12:58:59.754 DEBUG [acme.Launcher@main] Found classpath entry '/P:/Workspace-22.0/Projects/Acme-Toolkits-E3.08/target/test-classes/' 
2022-04-18 12:58:59.754 DEBUG [acme.Launcher@main] Found classpath entry '/P:/Workspace-22.0/Projects/Acme-Toolkits-E3.08/target/classes/' 
2022-04-18 12:58:59.754 DEBUG [acme.Launcher@main] Found classpath entry '/P:/Workspace-22.0/Frameworks/Acme-Framework-22.3/target/classes/' 
2022-04-18 12:58:59.755 DEBUG [acme.Launcher@main] Found classpath entry '/P:/Workspace-22.0/Frameworks/Acme-Framework-22.3/target/test-classes/' 
2022-04-18 12:58:59.755 DEBUG [acme.Launcher@main] Found classpath entry '/C:/Users/pabli/.m2/repository/org/springframework/boot/spring-boot-starter-tomcat/2.4.2/spring-boot-starter-tomcat-2.4.2.jar' 
2022-04-18 12:58:59.755 DEBUG [acme.Launcher@main] Found classpath entry '/C:/Users/pabli/.m2/repository/jakarta/annotation/jakarta.annotation-api/1.3.5/jakarta.annotation-api-1.3.5.jar' 
2022-04-18 12:58:59.755 DEBUG [acme.Launcher@main] Found classpath entry '/C:/Users/pabli/.m2/repository/org/apache/tomcat/embed/tomcat-embed-core/9.0.41/tomcat-embed-core-9.0.41.jar' 
2022-04-18 12:58:59.755 DEBUG [acme.Launcher@main] Found classpath entry '/C:/Users/pabli/.m2/repository/org/glassfish/jakarta.el/3.0.3/jakarta.el-3.0.3.jar' 
2022-04-18 12:58:59.755 DEBUG [acme.Launcher@main] Found classpath entry '/C:/Users/pabli/.m2/repository/org/apache/tomcat/embed/tomcat-embed-websocket/9.0.41/tomcat-embed-websocket-9.0.41.jar' 
2022-04-18 12:58:59.756 DEBUG [acme.Launcher@main] Found classpath entry '/C:/Users/pabli/.m2/repository/org/apache/tomcat/embed/tomcat-embed-jasper/9.0.41/tomcat-embed-jasper-9.0.41.jar' 
2022-04-18 12:58:59.756 DEBUG [acme.Launcher@main] Found classpath entry '/C:/Users/pabli/.m2/repository/org/apache/tomcat/embed/tomcat-embed-el/9.0.41/tomcat-embed-el-9.0.41.jar' 
2022-04-18 12:58:59.756 DEBUG [acme.Launcher@main] Found classpath entry '/C:/Users/pabli/.m2/repository/org/eclipse/jdt/ecj/3.18.0/ecj-3.18.0.jar' 
2022-04-18 12:58:59.756 DEBUG [acme.Launcher@main] Found classpath entry '/C:/Users/pabli/.m2/repository/javax/servlet/jstl/1.2/jstl-1.2.jar' 
2022-04-18 12:58:59.756 DEBUG [acme.Launcher@main] Found classpath entry '/C:/Users/pabli/.m2/repository/org/springframework/boot/spring-boot-starter-test/2.4.2/spring-boot-starter-test-2.4.2.jar' 
2022-04-18 12:58:59.757 DEBUG [acme.Launcher@main] Found classpath entry '/C:/Users/pabli/.m2/repository/org/springframework/boot/spring-boot-starter/2.4.2/spring-boot-starter-2.4.2.jar' 
2022-04-18 12:58:59.757 DEBUG [acme.Launcher@main] Found classpath entry '/C:/Users/pabli/.m2/repository/org/springframework/boot/spring-boot/2.4.2/spring-boot-2.4.2.jar' 
2022-04-18 12:58:59.757 DEBUG [acme.Launcher@main] Found classpath entry '/C:/Users/pabli/.m2/repository/org/springframework/boot/spring-boot-autoconfigure/2.4.2/spring-boot-autoconfigure-2.4.2.jar' 
2022-04-18 12:58:59.758 DEBUG [acme.Launcher@main] Found classpath entry '/C:/Users/pabli/.m2/repository/org/springframework/boot/spring-boot-starter-logging/2.4.2/spring-boot-starter-logging-2.4.2.jar' 
2022-04-18 12:58:59.758 DEBUG [acme.Launcher@main] Found classpath entry '/C:/Users/pabli/.m2/repository/ch/qos/logback/logback-classic/1.2.3/logback-classic-1.2.3.jar' 
2022-04-18 12:58:59.758 DEBUG [acme.Launcher@main] Found classpath entry '/C:/Users/pabli/.m2/repository/ch/qos/logback/logback-core/1.2.3/logback-core-1.2.3.jar' 
2022-04-18 12:58:59.758 DEBUG [acme.Launcher@main] Found classpath entry '/C:/Users/pabli/.m2/repository/org/apache/logging/log4j/log4j-to-slf4j/2.13.3/log4j-to-slf4j-2.13.3.jar' 
2022-04-18 12:58:59.758 DEBUG [acme.Launcher@main] Found classpath entry '/C:/Users/pabli/.m2/repository/org/apache/logging/log4j/log4j-api/2.13.3/log4j-api-2.13.3.jar' 
2022-04-18 12:58:59.758 DEBUG [acme.Launcher@main] Found classpath entry '/C:/Users/pabli/.m2/repository/org/slf4j/jul-to-slf4j/1.7.30/jul-to-slf4j-1.7.30.jar' 
2022-04-18 12:58:59.758 DEBUG [acme.Launcher@main] Found classpath entry '/C:/Users/pabli/.m2/repository/org/yaml/snakeyaml/1.27/snakeyaml-1.27.jar' 
2022-04-18 12:58:59.758 DEBUG [acme.Launcher@main] Found classpath entry '/C:/Users/pabli/.m2/repository/org/springframework/boot/spring-boot-test/2.4.2/spring-boot-test-2.4.2.jar' 
2022-04-18 12:58:59.759 DEBUG [acme.Launcher@main] Found classpath entry '/C:/Users/pabli/.m2/repository/org/springframework/boot/spring-boot-test-autoconfigure/2.4.2/spring-boot-test-autoconfigure-2.4.2.jar' 
2022-04-18 12:58:59.759 DEBUG [acme.Launcher@main] Found classpath entry '/C:/Users/pabli/.m2/repository/com/jayway/jsonpath/json-path/2.4.0/json-path-2.4.0.jar' 
2022-04-18 12:58:59.759 DEBUG [acme.Launcher@main] Found classpath entry '/C:/Users/pabli/.m2/repository/net/minidev/json-smart/2.3/json-smart-2.3.jar' 
2022-04-18 12:58:59.759 DEBUG [acme.Launcher@main] Found classpath entry '/C:/Users/pabli/.m2/repository/net/minidev/accessors-smart/1.2/accessors-smart-1.2.jar' 
2022-04-18 12:58:59.759 DEBUG [acme.Launcher@main] Found classpath entry '/C:/Users/pabli/.m2/repository/org/ow2/asm/asm/5.0.4/asm-5.0.4.jar' 
2022-04-18 12:58:59.759 DEBUG [acme.Launcher@main] Found classpath entry '/C:/Users/pabli/.m2/repository/jakarta/xml/bind/jakarta.xml.bind-api/2.3.3/jakarta.xml.bind-api-2.3.3.jar' 
2022-04-18 12:58:59.759 DEBUG [acme.Launcher@main] Found classpath entry '/C:/Users/pabli/.m2/repository/jakarta/activation/jakarta.activation-api/1.2.2/jakarta.activation-api-1.2.2.jar' 
2022-04-18 12:58:59.759 DEBUG [acme.Launcher@main] Found classpath entry '/C:/Users/pabli/.m2/repository/org/assertj/assertj-core/3.18.1/assertj-core-3.18.1.jar' 
2022-04-18 12:58:59.759 DEBUG [acme.Launcher@main] Found classpath entry '/C:/Users/pabli/.m2/repository/org/hamcrest/hamcrest/2.2/hamcrest-2.2.jar' 
2022-04-18 12:58:59.759 DEBUG [acme.Launcher@main] Found classpath entry '/C:/Users/pabli/.m2/repository/org/junit/jupiter/junit-jupiter/5.7.0/junit-jupiter-5.7.0.jar' 
2022-04-18 12:58:59.760 DEBUG [acme.Launcher@main] Found classpath entry '/C:/Users/pabli/.m2/repository/org/mockito/mockito-core/3.6.28/mockito-core-3.6.28.jar' 
2022-04-18 12:58:59.760 DEBUG [acme.Launcher@main] Found classpath entry '/C:/Users/pabli/.m2/repository/net/bytebuddy/byte-buddy-agent/1.10.19/byte-buddy-agent-1.10.19.jar' 
2022-04-18 12:58:59.760 DEBUG [acme.Launcher@main] Found classpath entry '/C:/Users/pabli/.m2/repository/org/objenesis/objenesis/3.1/objenesis-3.1.jar' 
2022-04-18 12:58:59.760 DEBUG [acme.Launcher@main] Found classpath entry '/C:/Users/pabli/.m2/repository/org/mockito/mockito-junit-jupiter/3.6.28/mockito-junit-jupiter-3.6.28.jar' 
2022-04-18 12:58:59.760 DEBUG [acme.Launcher@main] Found classpath entry '/C:/Users/pabli/.m2/repository/org/skyscreamer/jsonassert/1.5.0/jsonassert-1.5.0.jar' 
2022-04-18 12:58:59.760 DEBUG [acme.Launcher@main] Found classpath entry '/C:/Users/pabli/.m2/repository/com/vaadin/external/google/android-json/0.0.20131108.vaadin1/android-json-0.0.20131108.vaadin1.jar' 
2022-04-18 12:58:59.761 DEBUG [acme.Launcher@main] Found classpath entry '/C:/Users/pabli/.m2/repository/org/springframework/spring-core/5.3.3/spring-core-5.3.3.jar' 
2022-04-18 12:58:59.761 DEBUG [acme.Launcher@main] Found classpath entry '/C:/Users/pabli/.m2/repository/org/springframework/spring-jcl/5.3.3/spring-jcl-5.3.3.jar' 
2022-04-18 12:58:59.761 DEBUG [acme.Launcher@main] Found classpath entry '/C:/Users/pabli/.m2/repository/org/springframework/spring-test/5.3.3/spring-test-5.3.3.jar' 
2022-04-18 12:58:59.761 DEBUG [acme.Launcher@main] Found classpath entry '/C:/Users/pabli/.m2/repository/org/xmlunit/xmlunit-core/2.7.0/xmlunit-core-2.7.0.jar' 
2022-04-18 12:58:59.761 DEBUG [acme.Launcher@main] Found classpath entry '/C:/Users/pabli/.m2/repository/org/springframework/boot/spring-boot-starter-security/2.4.2/spring-boot-starter-security-2.4.2.jar' 
2022-04-18 12:58:59.762 DEBUG [acme.Launcher@main] Found classpath entry '/C:/Users/pabli/.m2/repository/org/springframework/spring-aop/5.3.3/spring-aop-5.3.3.jar' 
2022-04-18 12:58:59.762 DEBUG [acme.Launcher@main] Found classpath entry '/C:/Users/pabli/.m2/repository/org/springframework/security/spring-security-web/5.4.2/spring-security-web-5.4.2.jar' 
2022-04-18 12:58:59.762 DEBUG [acme.Launcher@main] Found classpath entry '/C:/Users/pabli/.m2/repository/org/springframework/security/spring-security-core/5.4.2/spring-security-core-5.4.2.jar' 
2022-04-18 12:58:59.762 DEBUG [acme.Launcher@main] Found classpath entry '/C:/Users/pabli/.m2/repository/org/springframework/spring-beans/5.3.3/spring-beans-5.3.3.jar' 
2022-04-18 12:58:59.762 DEBUG [acme.Launcher@main] Found classpath entry '/C:/Users/pabli/.m2/repository/org/springframework/spring-context/5.3.3/spring-context-5.3.3.jar' 
2022-04-18 12:58:59.762 DEBUG [acme.Launcher@main] Found classpath entry '/C:/Users/pabli/.m2/repository/org/springframework/spring-expression/5.3.3/spring-expression-5.3.3.jar' 
2022-04-18 12:58:59.762 DEBUG [acme.Launcher@main] Found classpath entry '/C:/Users/pabli/.m2/repository/org/springframework/spring-web/5.3.3/spring-web-5.3.3.jar' 
2022-04-18 12:58:59.762 DEBUG [acme.Launcher@main] Found classpath entry '/C:/Users/pabli/.m2/repository/org/springframework/security/spring-security-config/5.4.2/spring-security-config-5.4.2.jar' 
2022-04-18 12:58:59.762 DEBUG [acme.Launcher@main] Found classpath entry '/C:/Users/pabli/.m2/repository/org/springframework/security/spring-security-taglibs/5.4.2/spring-security-taglibs-5.4.2.jar' 
2022-04-18 12:58:59.763 DEBUG [acme.Launcher@main] Found classpath entry '/C:/Users/pabli/.m2/repository/org/springframework/security/spring-security-acl/5.4.2/spring-security-acl-5.4.2.jar' 
2022-04-18 12:58:59.763 DEBUG [acme.Launcher@main] Found classpath entry '/C:/Users/pabli/.m2/repository/org/springframework/spring-jdbc/5.3.3/spring-jdbc-5.3.3.jar' 
2022-04-18 12:58:59.763 DEBUG [acme.Launcher@main] Found classpath entry '/C:/Users/pabli/.m2/repository/org/springframework/spring-tx/5.3.3/spring-tx-5.3.3.jar' 
2022-04-18 12:58:59.763 DEBUG [acme.Launcher@main] Found classpath entry '/C:/Users/pabli/.m2/repository/org/springframework/boot/spring-boot-starter-web/2.4.2/spring-boot-starter-web-2.4.2.jar' 
2022-04-18 12:58:59.763 DEBUG [acme.Launcher@main] Found classpath entry '/C:/Users/pabli/.m2/repository/org/springframework/boot/spring-boot-starter-json/2.4.2/spring-boot-starter-json-2.4.2.jar' 
2022-04-18 12:58:59.763 DEBUG [acme.Launcher@main] Found classpath entry '/C:/Users/pabli/.m2/repository/com/fasterxml/jackson/core/jackson-databind/2.11.4/jackson-databind-2.11.4.jar' 
2022-04-18 12:58:59.763 DEBUG [acme.Launcher@main] Found classpath entry '/C:/Users/pabli/.m2/repository/com/fasterxml/jackson/core/jackson-annotations/2.11.4/jackson-annotations-2.11.4.jar' 
2022-04-18 12:58:59.763 DEBUG [acme.Launcher@main] Found classpath entry '/C:/Users/pabli/.m2/repository/com/fasterxml/jackson/core/jackson-core/2.11.4/jackson-core-2.11.4.jar' 
2022-04-18 12:58:59.763 DEBUG [acme.Launcher@main] Found classpath entry '/C:/Users/pabli/.m2/repository/com/fasterxml/jackson/datatype/jackson-datatype-jdk8/2.11.4/jackson-datatype-jdk8-2.11.4.jar' 
2022-04-18 12:58:59.763 DEBUG [acme.Launcher@main] Found classpath entry '/C:/Users/pabli/.m2/repository/com/fasterxml/jackson/datatype/jackson-datatype-jsr310/2.11.4/jackson-datatype-jsr310-2.11.4.jar' 
2022-04-18 12:58:59.764 DEBUG [acme.Launcher@main] Found classpath entry '/C:/Users/pabli/.m2/repository/com/fasterxml/jackson/module/jackson-module-parameter-names/2.11.4/jackson-module-parameter-names-2.11.4.jar' 
2022-04-18 12:58:59.764 DEBUG [acme.Launcher@main] Found classpath entry '/C:/Users/pabli/.m2/repository/org/springframework/spring-webmvc/5.3.3/spring-webmvc-5.3.3.jar' 
2022-04-18 12:58:59.764 DEBUG [acme.Launcher@main] Found classpath entry '/C:/Users/pabli/.m2/repository/org/apache/tiles/tiles-jsp/3.0.8/tiles-jsp-3.0.8.jar' 
2022-04-18 12:58:59.764 DEBUG [acme.Launcher@main] Found classpath entry '/C:/Users/pabli/.m2/repository/org/apache/tiles/tiles-servlet/3.0.8/tiles-servlet-3.0.8.jar' 
2022-04-18 12:58:59.764 DEBUG [acme.Launcher@main] Found classpath entry '/C:/Users/pabli/.m2/repository/org/apache/tiles/tiles-core/3.0.8/tiles-core-3.0.8.jar' 
2022-04-18 12:58:59.764 DEBUG [acme.Launcher@main] Found classpath entry '/C:/Users/pabli/.m2/repository/commons-digester/commons-digester/2.0/commons-digester-2.0.jar' 
2022-04-18 12:58:59.764 DEBUG [acme.Launcher@main] Found classpath entry '/C:/Users/pabli/.m2/repository/org/slf4j/jcl-over-slf4j/1.7.30/jcl-over-slf4j-1.7.30.jar' 
2022-04-18 12:58:59.765 DEBUG [acme.Launcher@main] Found classpath entry '/C:/Users/pabli/.m2/repository/org/apache/tiles/tiles-request-servlet/1.0.7/tiles-request-servlet-1.0.7.jar' 
2022-04-18 12:58:59.765 DEBUG [acme.Launcher@main] Found classpath entry '/C:/Users/pabli/.m2/repository/org/apache/tiles/tiles-template/3.0.8/tiles-template-3.0.8.jar' 
2022-04-18 12:58:59.765 DEBUG [acme.Launcher@main] Found classpath entry '/C:/Users/pabli/.m2/repository/org/apache/tiles/tiles-api/3.0.8/tiles-api-3.0.8.jar' 
2022-04-18 12:58:59.765 DEBUG [acme.Launcher@main] Found classpath entry '/C:/Users/pabli/.m2/repository/org/apache/tiles/tiles-autotag-core-runtime/1.2/tiles-autotag-core-runtime-1.2.jar' 
2022-04-18 12:58:59.765 DEBUG [acme.Launcher@main] Found classpath entry '/C:/Users/pabli/.m2/repository/org/slf4j/slf4j-api/1.7.30/slf4j-api-1.7.30.jar' 
2022-04-18 12:58:59.765 DEBUG [acme.Launcher@main] Found classpath entry '/C:/Users/pabli/.m2/repository/org/apache/tiles/tiles-request-jsp/1.0.7/tiles-request-jsp-1.0.7.jar' 
2022-04-18 12:58:59.765 DEBUG [acme.Launcher@main] Found classpath entry '/C:/Users/pabli/.m2/repository/org/apache/tiles/tiles-request-api/1.0.7/tiles-request-api-1.0.7.jar' 
2022-04-18 12:58:59.765 DEBUG [acme.Launcher@main] Found classpath entry '/C:/Users/pabli/.m2/repository/org/springframework/boot/spring-boot-starter-data-jpa/2.4.2/spring-boot-starter-data-jpa-2.4.2.jar' 
2022-04-18 12:58:59.765 DEBUG [acme.Launcher@main] Found classpath entry '/C:/Users/pabli/.m2/repository/org/springframework/boot/spring-boot-starter-aop/2.4.2/spring-boot-starter-aop-2.4.2.jar' 
2022-04-18 12:58:59.766 DEBUG [acme.Launcher@main] Found classpath entry '/C:/Users/pabli/.m2/repository/org/aspectj/aspectjweaver/1.9.6/aspectjweaver-1.9.6.jar' 
2022-04-18 12:58:59.766 DEBUG [acme.Launcher@main] Found classpath entry '/C:/Users/pabli/.m2/repository/org/springframework/boot/spring-boot-starter-jdbc/2.4.2/spring-boot-starter-jdbc-2.4.2.jar' 
2022-04-18 12:58:59.766 DEBUG [acme.Launcher@main] Found classpath entry '/C:/Users/pabli/.m2/repository/jakarta/transaction/jakarta.transaction-api/1.3.3/jakarta.transaction-api-1.3.3.jar' 
2022-04-18 12:58:59.766 DEBUG [acme.Launcher@main] Found classpath entry '/C:/Users/pabli/.m2/repository/jakarta/persistence/jakarta.persistence-api/2.2.3/jakarta.persistence-api-2.2.3.jar' 
2022-04-18 12:58:59.766 DEBUG [acme.Launcher@main] Found classpath entry '/C:/Users/pabli/.m2/repository/org/hibernate/hibernate-core/5.4.27.Final/hibernate-core-5.4.27.Final.jar' 
2022-04-18 12:58:59.767 DEBUG [acme.Launcher@main] Found classpath entry '/C:/Users/pabli/.m2/repository/org/jboss/logging/jboss-logging/3.4.1.Final/jboss-logging-3.4.1.Final.jar' 
2022-04-18 12:58:59.767 DEBUG [acme.Launcher@main] Found classpath entry '/C:/Users/pabli/.m2/repository/org/javassist/javassist/3.27.0-GA/javassist-3.27.0-GA.jar' 
2022-04-18 12:58:59.767 DEBUG [acme.Launcher@main] Found classpath entry '/C:/Users/pabli/.m2/repository/antlr/antlr/2.7.7/antlr-2.7.7.jar' 
2022-04-18 12:58:59.767 DEBUG [acme.Launcher@main] Found classpath entry '/C:/Users/pabli/.m2/repository/org/jboss/jandex/2.1.3.Final/jandex-2.1.3.Final.jar' 
2022-04-18 12:58:59.767 DEBUG [acme.Launcher@main] Found classpath entry '/C:/Users/pabli/.m2/repository/com/fasterxml/classmate/1.5.1/classmate-1.5.1.jar' 
2022-04-18 12:58:59.767 DEBUG [acme.Launcher@main] Found classpath entry '/C:/Users/pabli/.m2/repository/org/dom4j/dom4j/2.1.3/dom4j-2.1.3.jar' 
2022-04-18 12:58:59.768 DEBUG [acme.Launcher@main] Found classpath entry '/C:/Users/pabli/.m2/repository/org/hibernate/common/hibernate-commons-annotations/5.1.2.Final/hibernate-commons-annotations-5.1.2.Final.jar' 
2022-04-18 12:58:59.768 DEBUG [acme.Launcher@main] Found classpath entry '/C:/Users/pabli/.m2/repository/org/glassfish/jaxb/jaxb-runtime/2.3.3/jaxb-runtime-2.3.3.jar' 
2022-04-18 12:58:59.768 DEBUG [acme.Launcher@main] Found classpath entry '/C:/Users/pabli/.m2/repository/org/glassfish/jaxb/txw2/2.3.3/txw2-2.3.3.jar' 
2022-04-18 12:58:59.768 DEBUG [acme.Launcher@main] Found classpath entry '/C:/Users/pabli/.m2/repository/com/sun/istack/istack-commons-runtime/3.0.11/istack-commons-runtime-3.0.11.jar' 
2022-04-18 12:58:59.768 DEBUG [acme.Launcher@main] Found classpath entry '/C:/Users/pabli/.m2/repository/com/sun/activation/jakarta.activation/1.2.2/jakarta.activation-1.2.2.jar' 
2022-04-18 12:58:59.768 DEBUG [acme.Launcher@main] Found classpath entry '/C:/Users/pabli/.m2/repository/org/springframework/data/spring-data-jpa/2.4.3/spring-data-jpa-2.4.3.jar' 
2022-04-18 12:58:59.768 DEBUG [acme.Launcher@main] Found classpath entry '/C:/Users/pabli/.m2/repository/org/springframework/data/spring-data-commons/2.4.3/spring-data-commons-2.4.3.jar' 
2022-04-18 12:58:59.769 DEBUG [acme.Launcher@main] Found classpath entry '/C:/Users/pabli/.m2/repository/org/springframework/spring-orm/5.3.3/spring-orm-5.3.3.jar' 
2022-04-18 12:58:59.769 DEBUG [acme.Launcher@main] Found classpath entry '/C:/Users/pabli/.m2/repository/org/springframework/spring-aspects/5.3.3/spring-aspects-5.3.3.jar' 
2022-04-18 12:58:59.769 DEBUG [acme.Launcher@main] Found classpath entry '/C:/Users/pabli/.m2/repository/org/springframework/boot/spring-boot-starter-validation/2.4.2/spring-boot-starter-validation-2.4.2.jar' 
2022-04-18 12:58:59.769 DEBUG [acme.Launcher@main] Found classpath entry '/C:/Users/pabli/.m2/repository/org/hibernate/validator/hibernate-validator/6.1.7.Final/hibernate-validator-6.1.7.Final.jar' 
2022-04-18 12:58:59.769 DEBUG [acme.Launcher@main] Found classpath entry '/C:/Users/pabli/.m2/repository/jakarta/validation/jakarta.validation-api/2.0.2/jakarta.validation-api-2.0.2.jar' 
2022-04-18 12:58:59.769 DEBUG [acme.Launcher@main] Found classpath entry '/C:/Users/pabli/.m2/repository/mysql/mysql-connector-java/8.0.22/mysql-connector-java-8.0.22.jar' 
2022-04-18 12:58:59.769 DEBUG [acme.Launcher@main] Found classpath entry '/C:/Users/pabli/.m2/repository/com/zaxxer/HikariCP/3.4.5/HikariCP-3.4.5.jar' 
2022-04-18 12:58:59.770 DEBUG [acme.Launcher@main] Found classpath entry '/C:/Users/pabli/.m2/repository/org/junit/jupiter/junit-jupiter-engine/5.7.0/junit-jupiter-engine-5.7.0.jar' 
2022-04-18 12:58:59.770 DEBUG [acme.Launcher@main] Found classpath entry '/C:/Users/pabli/.m2/repository/org/apiguardian/apiguardian-api/1.1.0/apiguardian-api-1.1.0.jar' 
2022-04-18 12:58:59.770 DEBUG [acme.Launcher@main] Found classpath entry '/C:/Users/pabli/.m2/repository/org/junit/platform/junit-platform-engine/1.7.0/junit-platform-engine-1.7.0.jar' 
2022-04-18 12:58:59.770 DEBUG [acme.Launcher@main] Found classpath entry '/C:/Users/pabli/.m2/repository/org/junit/jupiter/junit-jupiter-api/5.7.0/junit-jupiter-api-5.7.0.jar' 
2022-04-18 12:58:59.770 DEBUG [acme.Launcher@main] Found classpath entry '/C:/Users/pabli/.m2/repository/org/opentest4j/opentest4j/1.2.0/opentest4j-1.2.0.jar' 
2022-04-18 12:58:59.770 DEBUG [acme.Launcher@main] Found classpath entry '/C:/Users/pabli/.m2/repository/org/junit/platform/junit-platform-commons/1.7.0/junit-platform-commons-1.7.0.jar' 
2022-04-18 12:58:59.770 DEBUG [acme.Launcher@main] Found classpath entry '/C:/Users/pabli/.m2/repository/org/junit/jupiter/junit-jupiter-params/5.7.0/junit-jupiter-params-5.7.0.jar' 
2022-04-18 12:58:59.770 DEBUG [acme.Launcher@main] Found classpath entry '/C:/Users/pabli/.m2/repository/org/junit/platform/junit-platform-launcher/1.7.0/junit-platform-launcher-1.7.0.jar' 
2022-04-18 12:58:59.770 DEBUG [acme.Launcher@main] Found classpath entry '/C:/Users/pabli/.m2/repository/org/seleniumhq/selenium/selenium-java/3.141.59/selenium-java-3.141.59.jar' 
2022-04-18 12:58:59.771 DEBUG [acme.Launcher@main] Found classpath entry '/C:/Users/pabli/.m2/repository/org/seleniumhq/selenium/selenium-api/3.141.59/selenium-api-3.141.59.jar' 
2022-04-18 12:58:59.771 DEBUG [acme.Launcher@main] Found classpath entry '/C:/Users/pabli/.m2/repository/org/seleniumhq/selenium/selenium-chrome-driver/3.141.59/selenium-chrome-driver-3.141.59.jar' 
2022-04-18 12:58:59.771 DEBUG [acme.Launcher@main] Found classpath entry '/C:/Users/pabli/.m2/repository/org/seleniumhq/selenium/selenium-edge-driver/3.141.59/selenium-edge-driver-3.141.59.jar' 
2022-04-18 12:58:59.771 DEBUG [acme.Launcher@main] Found classpath entry '/C:/Users/pabli/.m2/repository/org/seleniumhq/selenium/selenium-firefox-driver/3.141.59/selenium-firefox-driver-3.141.59.jar' 
2022-04-18 12:58:59.771 DEBUG [acme.Launcher@main] Found classpath entry '/C:/Users/pabli/.m2/repository/org/seleniumhq/selenium/selenium-ie-driver/3.141.59/selenium-ie-driver-3.141.59.jar' 
2022-04-18 12:58:59.771 DEBUG [acme.Launcher@main] Found classpath entry '/C:/Users/pabli/.m2/repository/org/seleniumhq/selenium/selenium-opera-driver/3.141.59/selenium-opera-driver-3.141.59.jar' 
2022-04-18 12:58:59.771 DEBUG [acme.Launcher@main] Found classpath entry '/C:/Users/pabli/.m2/repository/org/seleniumhq/selenium/selenium-remote-driver/3.141.59/selenium-remote-driver-3.141.59.jar' 
2022-04-18 12:58:59.771 DEBUG [acme.Launcher@main] Found classpath entry '/C:/Users/pabli/.m2/repository/org/seleniumhq/selenium/selenium-safari-driver/3.141.59/selenium-safari-driver-3.141.59.jar' 
2022-04-18 12:58:59.771 DEBUG [acme.Launcher@main] Found classpath entry '/C:/Users/pabli/.m2/repository/org/seleniumhq/selenium/selenium-support/3.141.59/selenium-support-3.141.59.jar' 
2022-04-18 12:58:59.771 DEBUG [acme.Launcher@main] Found classpath entry '/C:/Users/pabli/.m2/repository/net/bytebuddy/byte-buddy/1.10.19/byte-buddy-1.10.19.jar' 
2022-04-18 12:58:59.771 DEBUG [acme.Launcher@main] Found classpath entry '/C:/Users/pabli/.m2/repository/org/apache/commons/commons-exec/1.3/commons-exec-1.3.jar' 
2022-04-18 12:58:59.772 DEBUG [acme.Launcher@main] Found classpath entry '/C:/Users/pabli/.m2/repository/com/google/guava/guava/25.0-jre/guava-25.0-jre.jar' 
2022-04-18 12:58:59.772 DEBUG [acme.Launcher@main] Found classpath entry '/C:/Users/pabli/.m2/repository/com/google/code/findbugs/jsr305/1.3.9/jsr305-1.3.9.jar' 
2022-04-18 12:58:59.772 DEBUG [acme.Launcher@main] Found classpath entry '/C:/Users/pabli/.m2/repository/org/checkerframework/checker-compat-qual/2.0.0/checker-compat-qual-2.0.0.jar' 
2022-04-18 12:58:59.772 DEBUG [acme.Launcher@main] Found classpath entry '/C:/Users/pabli/.m2/repository/com/google/errorprone/error_prone_annotations/2.1.3/error_prone_annotations-2.1.3.jar' 
2022-04-18 12:58:59.772 DEBUG [acme.Launcher@main] Found classpath entry '/C:/Users/pabli/.m2/repository/com/google/j2objc/j2objc-annotations/1.1/j2objc-annotations-1.1.jar' 
2022-04-18 12:58:59.773 DEBUG [acme.Launcher@main] Found classpath entry '/C:/Users/pabli/.m2/repository/org/codehaus/mojo/animal-sniffer-annotations/1.14/animal-sniffer-annotations-1.14.jar' 
2022-04-18 12:58:59.773 DEBUG [acme.Launcher@main] Found classpath entry '/C:/Users/pabli/.m2/repository/com/squareup/okhttp3/okhttp/3.14.9/okhttp-3.14.9.jar' 
2022-04-18 12:58:59.773 DEBUG [acme.Launcher@main] Found classpath entry '/C:/Users/pabli/.m2/repository/com/squareup/okio/okio/1.14.0/okio-1.14.0.jar' 
2022-04-18 12:58:59.773 DEBUG [acme.Launcher@main] Found classpath entry '/C:/Users/pabli/.m2/repository/org/apache/commons/commons-lang3/3.11/commons-lang3-3.11.jar' 
2022-04-18 12:58:59.773 DEBUG [acme.Launcher@main] Found classpath entry '/C:/Users/pabli/.m2/repository/org/apache/commons/commons-text/1.8/commons-text-1.8.jar' 
2022-04-18 12:58:59.773 DEBUG [acme.Launcher@main] Found classpath entry '/C:/Users/pabli/.m2/repository/commons-io/commons-io/2.6/commons-io-2.6.jar' 
2022-04-18 12:58:59.773 DEBUG [acme.Launcher@main] Found classpath entry '/C:/Users/pabli/.m2/repository/commons-cli/commons-cli/1.4/commons-cli-1.4.jar' 
2022-04-18 12:58:59.773 DEBUG [acme.Launcher@main] Found classpath entry '/C:/Users/pabli/.m2/repository/org/projectlombok/lombok/1.18.16/lombok-1.18.16.jar' 
2022-04-18 12:58:59.773 DEBUG [acme.Launcher@main] Found classpath entry '/C:/Users/pabli/.m2/repository/com/opencsv/opencsv/5.4/opencsv-5.4.jar' 
2022-04-18 12:58:59.774 DEBUG [acme.Launcher@main] Found classpath entry '/C:/Users/pabli/.m2/repository/commons-beanutils/commons-beanutils/1.9.4/commons-beanutils-1.9.4.jar' 
2022-04-18 12:58:59.774 DEBUG [acme.Launcher@main] Found classpath entry '/C:/Users/pabli/.m2/repository/commons-logging/commons-logging/1.2/commons-logging-1.2.jar' 
2022-04-18 12:58:59.774 DEBUG [acme.Launcher@main] Found classpath entry '/C:/Users/pabli/.m2/repository/commons-collections/commons-collections/3.2.2/commons-collections-3.2.2.jar' 
2022-04-18 12:58:59.774 DEBUG [acme.Launcher@main] Found classpath entry '/C:/Users/pabli/.m2/repository/org/apache/commons/commons-collections4/4.4/commons-collections4-4.4.jar' 
2022-04-18 12:58:59.825 DEBUG [acme.Launcher@main] Found entity class 'acme.entities.Announcement 
2022-04-18 12:58:59.825 DEBUG [acme.Launcher@main] Found entity class 'acme.entities.Chirp 
2022-04-18 12:58:59.825 DEBUG [acme.Launcher@main] Found entity class 'acme.entities.Component 
2022-04-18 12:58:59.825 DEBUG [acme.Launcher@main] Found entity class 'acme.entities.CurrencyConfiguration 
2022-04-18 12:58:59.825 DEBUG [acme.Launcher@main] Found entity class 'acme.entities.Patronage 
2022-04-18 12:58:59.825 DEBUG [acme.Launcher@main] Found entity class 'acme.entities.PatronageReport 
2022-04-18 12:58:59.825 DEBUG [acme.Launcher@main] Found entity class 'acme.entities.Quantity 
2022-04-18 12:58:59.825 DEBUG [acme.Launcher@main] Found entity class 'acme.entities.Spam 
2022-04-18 12:58:59.826 DEBUG [acme.Launcher@main] Found entity class 'acme.entities.Tool 
2022-04-18 12:58:59.826 DEBUG [acme.Launcher@main] Found entity class 'acme.entities.Toolkit 
2022-04-18 12:58:59.826 DEBUG [acme.Launcher@main] Found entity class 'acme.roles.Consumer 
2022-04-18 12:58:59.826 DEBUG [acme.Launcher@main] Found entity class 'acme.roles.Inventor 
2022-04-18 12:58:59.826 DEBUG [acme.Launcher@main] Found entity class 'acme.roles.Patron 
2022-04-18 12:58:59.826 DEBUG [acme.Launcher@main] Found entity class 'acme.roles.Provider 
2022-04-18 12:58:59.826 DEBUG [acme.Launcher@main] Found entity class 'acme.framework.entities.UserAccount 
2022-04-18 12:58:59.827 DEBUG [acme.Launcher@main] Found entity class 'acme.framework.roles.Administrator 
2022-04-18 12:58:59.827 DEBUG [acme.Launcher@main] Found entity class 'acme.framework.roles.Anonymous 
2022-04-18 12:58:59.827 DEBUG [acme.Launcher@main] Found entity class 'acme.framework.roles.Any 
2022-04-18 12:58:59.827 DEBUG [acme.Launcher@main] Found entity class 'acme.framework.roles.Authenticated 
2022-04-18 12:58:59.830 INFO  [acme.Launcher@main] Running application (Standalone) 
2022-04-18 12:59:31.822 DEBUG [org.hibernate.SQL@http-nio-8080-exec-2] select useraccoun0_.id as id1_0_, useraccoun0_.version as version2_0_, useraccoun0_.enabled as enabled1_19_, useraccoun0_.identity as identity2_19_, useraccoun0_.password as password3_19_, useraccoun0_.username as username4_19_ from user_account useraccoun0_ where useraccoun0_.username=? 
2022-04-18 12:59:31.843 TRACE [org.hibernate.type.descriptor.sql.BasicBinder@http-nio-8080-exec-2] binding parameter [1] as [VARCHAR] - [administrator] 
2022-04-18 12:59:31.899 DEBUG [org.hibernate.SQL@http-nio-8080-exec-2] select roles0_.user_account_id as user_acc1_20_0_, roles0_.id as id1_20_0_, roles0_.id as id1_0_1_, roles0_.version as version2_0_1_, roles0_.user_account_id as user_acc1_20_1_, roles0_.company as company1_8_1_, roles0_.sector as sector2_8_1_, roles0_.company as company1_10_1_, roles0_.info as info2_10_1_, roles0_.statement as statemen3_10_1_, roles0_.company as company1_11_1_, roles0_.info as info2_11_1_, roles0_.statement as statemen3_11_1_, roles0_.company as company1_14_1_, roles0_.sector as sector2_14_1_, roles0_.clazz_ as clazz_1_ from ( select id, version, user_account_id, company, sector, null as info, null as statement, 12 as clazz_ from consumer union all select id, version, user_account_id, company, null as sector, info, statement, 13 as clazz_ from inventor union all select id, version, user_account_id, company, null as sector, info, statement, 14 as clazz_ from patron union all select id, version, user_account_id, company, sector, null as info, null as statement, 15 as clazz_ from provider union all select id, version, user_account_id, null as company, null as sector, null as info, null as statement, 17 as clazz_ from administrator union all select id, version, user_account_id, null as company, null as sector, null as info, null as statement, 18 as clazz_ from anonymous union all select id, version, user_account_id, null as company, null as sector, null as info, null as statement, 19 as clazz_ from any union all select id, version, user_account_id, null as company, null as sector, null as info, null as statement, 20 as clazz_ from authenticated ) roles0_ where roles0_.user_account_id=? 
2022-04-18 12:59:31.899 TRACE [org.hibernate.type.descriptor.sql.BasicBinder@http-nio-8080-exec-2] binding parameter [1] as [INTEGER] - [2] 
2022-04-18 12:59:31.962 DEBUG [acme.framework.components.tiles.DynamicTilesView@http-nio-8080-exec-3] View name 'fragments/welcome', model {} 
2022-04-18 12:59:31.979 DEBUG [org.apache.tiles.definition.dao.BaseLocaleUrlDefinitionDAO@http-nio-8080-exec-3] File Resource file:/P:/Workspace-22.0/Projects/Acme-Toolkits-E3.08/target/classes/WEB-INF/views/master/tiles_es.xml at file:/P:/Workspace-22.0/Projects/Acme-Toolkits-E3.08/target/classes/WEB-INF/views/master/tiles_es.xml not found, continue 
2022-04-18 12:59:31.985 DEBUG [org.apache.jasper.servlet.JspServlet@http-nio-8080-exec-3] JspEngine --> /WEB-INF/views/master/page.jsp 
2022-04-18 12:59:31.986 DEBUG [org.apache.jasper.servlet.JspServlet@http-nio-8080-exec-3] ServletPath: /WEB-INF/views/master/page.jsp 
2022-04-18 12:59:31.986 DEBUG [org.apache.jasper.servlet.JspServlet@http-nio-8080-exec-3] PathInfo: null 
2022-04-18 12:59:31.987 DEBUG [org.apache.jasper.servlet.JspServlet@http-nio-8080-exec-3] RealPath: P:\Workspace-22.0\Projects\Acme-Toolkits-E3.08\target\classes\WEB-INF\views\master\page.jsp 
2022-04-18 12:59:31.987 DEBUG [org.apache.jasper.servlet.JspServlet@http-nio-8080-exec-3] RequestURI: /acme-toolkits-e3.08-1.0/WEB-INF/views/master/page.jsp 
2022-04-18 12:59:31.988 DEBUG [org.apache.jasper.servlet.JspServlet@http-nio-8080-exec-3] QueryString: null 
2022-04-18 12:59:35.025 DEBUG [acme.framework.configuration.ExtendedMessageSource@http-nio-8080-exec-3] Loading properties [P:\Workspace-22.0\Projects\Acme-Toolkits-E3.08\target\classes\WEB-INF\views\administrator\user-account\messages-en.i18n] with encoding 'utf-8' 
2022-04-18 12:59:35.026 DEBUG [acme.framework.configuration.ExtendedMessageSource@http-nio-8080-exec-3] Loading properties [P:\Workspace-22.0\Projects\Acme-Toolkits-E3.08\target\classes\WEB-INF\views\any\chirp\messsages-en.i18n] with encoding 'utf-8' 
2022-04-18 12:59:35.027 DEBUG [acme.framework.configuration.ExtendedMessageSource@http-nio-8080-exec-3] Loading properties [P:\Workspace-22.0\Projects\Acme-Toolkits-E3.08\target\classes\WEB-INF\views\authenticated\announcement\messsages-en.i18n] with encoding 'utf-8' 
2022-04-18 12:59:35.027 DEBUG [acme.framework.configuration.ExtendedMessageSource@http-nio-8080-exec-3] Loading properties [P:\Workspace-22.0\Projects\Acme-Toolkits-E3.08\target\classes\WEB-INF\views\authenticated\consumer\messsages-en.i18n] with encoding 'utf-8' 
2022-04-18 12:59:35.028 DEBUG [acme.framework.configuration.ExtendedMessageSource@http-nio-8080-exec-3] Loading properties [P:\Workspace-22.0\Projects\Acme-Toolkits-E3.08\target\classes\WEB-INF\views\authenticated\inventor\messsages-en.i18n] with encoding 'utf-8' 
2022-04-18 12:59:35.028 DEBUG [acme.framework.configuration.ExtendedMessageSource@http-nio-8080-exec-3] Loading properties [P:\Workspace-22.0\Projects\Acme-Toolkits-E3.08\target\classes\WEB-INF\views\authenticated\patron\messsages-en.i18n] with encoding 'utf-8' 
2022-04-18 12:59:35.029 DEBUG [acme.framework.configuration.ExtendedMessageSource@http-nio-8080-exec-3] Loading properties [P:\Workspace-22.0\Projects\Acme-Toolkits-E3.08\target\classes\WEB-INF\views\authenticated\provider\messsages-en.i18n] with encoding 'utf-8' 
2022-04-18 12:59:35.030 DEBUG [acme.framework.configuration.ExtendedMessageSource@http-nio-8080-exec-3] Loading properties [P:\Workspace-22.0\Projects\Acme-Toolkits-E3.08\target\classes\WEB-INF\views\fragments\banner-en.i18n] with encoding 'utf-8' 
2022-04-18 12:59:35.031 DEBUG [acme.framework.configuration.ExtendedMessageSource@http-nio-8080-exec-3] Loading properties [P:\Workspace-22.0\Projects\Acme-Toolkits-E3.08\target\classes\WEB-INF\views\fragments\company-en.i18n] with encoding 'utf-8' 
2022-04-18 12:59:35.032 DEBUG [acme.framework.configuration.ExtendedMessageSource@http-nio-8080-exec-3] Loading properties [P:\Workspace-22.0\Projects\Acme-Toolkits-E3.08\target\classes\WEB-INF\views\fragments\footer-en.i18n] with encoding 'utf-8' 
2022-04-18 12:59:35.032 DEBUG [acme.framework.configuration.ExtendedMessageSource@http-nio-8080-exec-3] Loading properties [P:\Workspace-22.0\Projects\Acme-Toolkits-E3.08\target\classes\WEB-INF\views\fragments\license-en.i18n] with encoding 'utf-8' 
2022-04-18 12:59:35.033 DEBUG [acme.framework.configuration.ExtendedMessageSource@http-nio-8080-exec-3] Loading properties [P:\Workspace-22.0\Projects\Acme-Toolkits-E3.08\target\classes\WEB-INF\views\fragments\menu-en.i18n] with encoding 'utf-8' 
2022-04-18 12:59:35.034 DEBUG [acme.framework.configuration.ExtendedMessageSource@http-nio-8080-exec-3] Loading properties [P:\Workspace-22.0\Projects\Acme-Toolkits-E3.08\target\classes\WEB-INF\views\fragments\messsages-en.i18n] with encoding 'utf-8' 
2022-04-18 12:59:35.034 DEBUG [acme.framework.configuration.ExtendedMessageSource@http-nio-8080-exec-3] Loading properties [P:\Workspace-22.0\Projects\Acme-Toolkits-E3.08\target\classes\WEB-INF\views\fragments\title-en.i18n] with encoding 'utf-8' 
2022-04-18 12:59:35.035 DEBUG [acme.framework.configuration.ExtendedMessageSource@http-nio-8080-exec-3] Loading properties [P:\Workspace-22.0\Projects\Acme-Toolkits-E3.08\target\classes\WEB-INF\views\fragments\welcome-en.i18n] with encoding 'utf-8' 
2022-04-18 12:59:35.035 DEBUG [acme.framework.configuration.ExtendedMessageSource@http-nio-8080-exec-3] Loading properties [P:\Workspace-22.0\Projects\Acme-Toolkits-E3.08\target\classes\WEB-INF\views\master\defaults-en.i18n] with encoding 'utf-8' 
2022-04-18 12:59:35.036 DEBUG [acme.framework.configuration.ExtendedMessageSource@http-nio-8080-exec-3] Loading properties [P:\Workspace-22.0\Projects\Acme-Toolkits-E3.08\target\classes\WEB-INF\views\master\master-en.i18n] with encoding 'utf-8' 
2022-04-18 12:59:35.037 DEBUG [acme.framework.configuration.ExtendedMessageSource@http-nio-8080-exec-3] Loading properties [P:\Workspace-22.0\Projects\Acme-Toolkits-E3.08\target\classes\WEB-INF\views\master\throwables-en.i18n] with encoding 'utf-8' 
2022-04-18 12:59:35.037 DEBUG [acme.framework.configuration.ExtendedMessageSource@http-nio-8080-exec-3] Loading properties [P:\Workspace-22.0\Projects\Acme-Toolkits-E3.08\target\classes\WEB-INF\views\master\validation-en.i18n] with encoding 'utf-8' 
2022-04-18 12:59:35.042 DEBUG [acme.framework.configuration.ExtendedMessageSource@http-nio-8080-exec-3] Loading properties [P:\Workspace-22.0\Projects\Acme-Toolkits-E3.08\target\classes\WEB-INF\views\administrator\user-account\messages-es.i18n] with encoding 'utf-8' 
2022-04-18 12:59:35.042 DEBUG [acme.framework.configuration.ExtendedMessageSource@http-nio-8080-exec-3] Loading properties [P:\Workspace-22.0\Projects\Acme-Toolkits-E3.08\target\classes\WEB-INF\views\any\chirp\messsages-es.i18n] with encoding 'utf-8' 
2022-04-18 12:59:35.043 DEBUG [acme.framework.configuration.ExtendedMessageSource@http-nio-8080-exec-3] Loading properties [P:\Workspace-22.0\Projects\Acme-Toolkits-E3.08\target\classes\WEB-INF\views\authenticated\announcement\messsages-es.i18n] with encoding 'utf-8' 
2022-04-18 12:59:35.044 DEBUG [acme.framework.configuration.ExtendedMessageSource@http-nio-8080-exec-3] Loading properties [P:\Workspace-22.0\Projects\Acme-Toolkits-E3.08\target\classes\WEB-INF\views\authenticated\consumer\messsages-es.i18n] with encoding 'utf-8' 
2022-04-18 12:59:35.045 DEBUG [acme.framework.configuration.ExtendedMessageSource@http-nio-8080-exec-3] Loading properties [P:\Workspace-22.0\Projects\Acme-Toolkits-E3.08\target\classes\WEB-INF\views\authenticated\inventor\messsages-es.i18n] with encoding 'utf-8' 
2022-04-18 12:59:35.045 DEBUG [acme.framework.configuration.ExtendedMessageSource@http-nio-8080-exec-3] Loading properties [P:\Workspace-22.0\Projects\Acme-Toolkits-E3.08\target\classes\WEB-INF\views\authenticated\patron\messsages-es.i18n] with encoding 'utf-8' 
2022-04-18 12:59:35.046 DEBUG [acme.framework.configuration.ExtendedMessageSource@http-nio-8080-exec-3] Loading properties [P:\Workspace-22.0\Projects\Acme-Toolkits-E3.08\target\classes\WEB-INF\views\authenticated\provider\messsages-es.i18n] with encoding 'utf-8' 
2022-04-18 12:59:35.047 DEBUG [acme.framework.configuration.ExtendedMessageSource@http-nio-8080-exec-3] Loading properties [P:\Workspace-22.0\Projects\Acme-Toolkits-E3.08\target\classes\WEB-INF\views\fragments\banner-es.i18n] with encoding 'utf-8' 
2022-04-18 12:59:35.048 DEBUG [acme.framework.configuration.ExtendedMessageSource@http-nio-8080-exec-3] Loading properties [P:\Workspace-22.0\Projects\Acme-Toolkits-E3.08\target\classes\WEB-INF\views\fragments\company-es.i18n] with encoding 'utf-8' 
2022-04-18 12:59:35.049 DEBUG [acme.framework.configuration.ExtendedMessageSource@http-nio-8080-exec-3] Loading properties [P:\Workspace-22.0\Projects\Acme-Toolkits-E3.08\target\classes\WEB-INF\views\fragments\footer-es.i18n] with encoding 'utf-8' 
2022-04-18 12:59:35.049 DEBUG [acme.framework.configuration.ExtendedMessageSource@http-nio-8080-exec-3] Loading properties [P:\Workspace-22.0\Projects\Acme-Toolkits-E3.08\target\classes\WEB-INF\views\fragments\license-es.i18n] with encoding 'utf-8' 
2022-04-18 12:59:35.050 DEBUG [acme.framework.configuration.ExtendedMessageSource@http-nio-8080-exec-3] Loading properties [P:\Workspace-22.0\Projects\Acme-Toolkits-E3.08\target\classes\WEB-INF\views\fragments\menu-es.i18n] with encoding 'utf-8' 
2022-04-18 12:59:35.051 DEBUG [acme.framework.configuration.ExtendedMessageSource@http-nio-8080-exec-3] Loading properties [P:\Workspace-22.0\Projects\Acme-Toolkits-E3.08\target\classes\WEB-INF\views\fragments\messsages-es.i18n] with encoding 'utf-8' 
2022-04-18 12:59:35.051 DEBUG [acme.framework.configuration.ExtendedMessageSource@http-nio-8080-exec-3] Loading properties [P:\Workspace-22.0\Projects\Acme-Toolkits-E3.08\target\classes\WEB-INF\views\fragments\title-es.i18n] with encoding 'utf-8' 
2022-04-18 12:59:35.052 DEBUG [acme.framework.configuration.ExtendedMessageSource@http-nio-8080-exec-3] Loading properties [P:\Workspace-22.0\Projects\Acme-Toolkits-E3.08\target\classes\WEB-INF\views\fragments\welcome-es.i18n] with encoding 'utf-8' 
2022-04-18 12:59:35.053 DEBUG [acme.framework.configuration.ExtendedMessageSource@http-nio-8080-exec-3] Loading properties [P:\Workspace-22.0\Projects\Acme-Toolkits-E3.08\target\classes\WEB-INF\views\master\defaults-es.i18n] with encoding 'utf-8' 
2022-04-18 12:59:35.053 DEBUG [acme.framework.configuration.ExtendedMessageSource@http-nio-8080-exec-3] Loading properties [P:\Workspace-22.0\Projects\Acme-Toolkits-E3.08\target\classes\WEB-INF\views\master\master-es.i18n] with encoding 'utf-8' 
2022-04-18 12:59:35.054 DEBUG [acme.framework.configuration.ExtendedMessageSource@http-nio-8080-exec-3] Loading properties [P:\Workspace-22.0\Projects\Acme-Toolkits-E3.08\target\classes\WEB-INF\views\master\throwables-es.i18n] with encoding 'utf-8' 
2022-04-18 12:59:35.054 DEBUG [acme.framework.configuration.ExtendedMessageSource@http-nio-8080-exec-3] Loading properties [P:\Workspace-22.0\Projects\Acme-Toolkits-E3.08\target\classes\WEB-INF\views\master\validation-es.i18n] with encoding 'utf-8' 
2022-04-18 12:59:35.202 DEBUG [org.apache.jasper.servlet.JspServlet@http-nio-8080-exec-3] JspEngine --> /WEB-INF/views/fragments/welcome.jsp 
2022-04-18 12:59:35.203 DEBUG [org.apache.jasper.servlet.JspServlet@http-nio-8080-exec-3] ServletPath: /WEB-INF/views/master/page.jsp 
2022-04-18 12:59:35.203 DEBUG [org.apache.jasper.servlet.JspServlet@http-nio-8080-exec-3] PathInfo: null 
2022-04-18 12:59:35.204 DEBUG [org.apache.jasper.servlet.JspServlet@http-nio-8080-exec-3] RealPath: P:\Workspace-22.0\Projects\Acme-Toolkits-E3.08\target\classes\WEB-INF\views\fragments\welcome.jsp 
2022-04-18 12:59:35.205 DEBUG [org.apache.jasper.servlet.JspServlet@http-nio-8080-exec-3] RequestURI: /acme-toolkits-e3.08-1.0/WEB-INF/views/master/page.jsp 
2022-04-18 12:59:35.205 DEBUG [org.apache.jasper.servlet.JspServlet@http-nio-8080-exec-3] QueryString: null 
2022-04-18 12:59:35.384 DEBUG [org.hibernate.SQL@http-nio-8080-exec-3] select useraccoun0_.id as id1_0_, useraccoun0_.version as version2_0_, useraccoun0_.enabled as enabled1_19_, useraccoun0_.identity as identity2_19_, useraccoun0_.password as password3_19_, useraccoun0_.username as username4_19_ from user_account useraccoun0_ where useraccoun0_.username=? 
2022-04-18 12:59:35.385 TRACE [org.hibernate.type.descriptor.sql.BasicBinder@http-nio-8080-exec-3] binding parameter [1] as [VARCHAR] - [anonymous] 
2022-04-18 12:59:35.387 DEBUG [org.hibernate.SQL@http-nio-8080-exec-3] select roles0_.user_account_id as user_acc1_20_0_, roles0_.id as id1_20_0_, roles0_.id as id1_0_1_, roles0_.version as version2_0_1_, roles0_.user_account_id as user_acc1_20_1_, roles0_.company as company1_8_1_, roles0_.sector as sector2_8_1_, roles0_.company as company1_10_1_, roles0_.info as info2_10_1_, roles0_.statement as statemen3_10_1_, roles0_.company as company1_11_1_, roles0_.info as info2_11_1_, roles0_.statement as statemen3_11_1_, roles0_.company as company1_14_1_, roles0_.sector as sector2_14_1_, roles0_.clazz_ as clazz_1_ from ( select id, version, user_account_id, company, sector, null as info, null as statement, 12 as clazz_ from consumer union all select id, version, user_account_id, company, null as sector, info, statement, 13 as clazz_ from inventor union all select id, version, user_account_id, company, null as sector, info, statement, 14 as clazz_ from patron union all select id, version, user_account_id, company, sector, null as info, null as statement, 15 as clazz_ from provider union all select id, version, user_account_id, null as company, null as sector, null as info, null as statement, 17 as clazz_ from administrator union all select id, version, user_account_id, null as company, null as sector, null as info, null as statement, 18 as clazz_ from anonymous union all select id, version, user_account_id, null as company, null as sector, null as info, null as statement, 19 as clazz_ from any union all select id, version, user_account_id, null as company, null as sector, null as info, null as statement, 20 as clazz_ from authenticated ) roles0_ where roles0_.user_account_id=? 
2022-04-18 12:59:35.388 TRACE [org.hibernate.type.descriptor.sql.BasicBinder@http-nio-8080-exec-3] binding parameter [1] as [INTEGER] - [1] 
2022-04-18 13:00:08.110 DEBUG [acme.framework.controllers.AbstractController@http-nio-8080-exec-7] DISPATCHING GET /acme-toolkits-e3.08-1.0/any/chirp/list 
2022-04-18 13:00:08.110 DEBUG [acme.framework.controllers.AbstractController@http-nio-8080-exec-7] Command: list 
2022-04-18 13:00:08.110 DEBUG [acme.framework.controllers.AbstractController@http-nio-8080-exec-7] Model:   {} 
2022-04-18 13:00:08.110 DEBUG [acme.framework.controllers.AbstractController@http-nio-8080-exec-7] Locale:  es 
2022-04-18 13:00:08.118 DEBUG [org.hibernate.SQL@http-nio-8080-exec-7] select useraccoun0_.id as id1_0_, useraccoun0_.version as version2_0_, useraccoun0_.enabled as enabled1_19_, useraccoun0_.identity as identity2_19_, useraccoun0_.password as password3_19_, useraccoun0_.username as username4_19_ from user_account useraccoun0_ where useraccoun0_.username=? 
2022-04-18 13:00:08.119 TRACE [org.hibernate.type.descriptor.sql.BasicBinder@http-nio-8080-exec-7] binding parameter [1] as [VARCHAR] - [anonymous] 
2022-04-18 13:00:08.120 DEBUG [org.hibernate.SQL@http-nio-8080-exec-7] select roles0_.user_account_id as user_acc1_20_0_, roles0_.id as id1_20_0_, roles0_.id as id1_0_1_, roles0_.version as version2_0_1_, roles0_.user_account_id as user_acc1_20_1_, roles0_.company as company1_8_1_, roles0_.sector as sector2_8_1_, roles0_.company as company1_10_1_, roles0_.info as info2_10_1_, roles0_.statement as statemen3_10_1_, roles0_.company as company1_11_1_, roles0_.info as info2_11_1_, roles0_.statement as statemen3_11_1_, roles0_.company as company1_14_1_, roles0_.sector as sector2_14_1_, roles0_.clazz_ as clazz_1_ from ( select id, version, user_account_id, company, sector, null as info, null as statement, 12 as clazz_ from consumer union all select id, version, user_account_id, company, null as sector, info, statement, 13 as clazz_ from inventor union all select id, version, user_account_id, company, null as sector, info, statement, 14 as clazz_ from patron union all select id, version, user_account_id, company, sector, null as info, null as statement, 15 as clazz_ from provider union all select id, version, user_account_id, null as company, null as sector, null as info, null as statement, 17 as clazz_ from administrator union all select id, version, user_account_id, null as company, null as sector, null as info, null as statement, 18 as clazz_ from anonymous union all select id, version, user_account_id, null as company, null as sector, null as info, null as statement, 19 as clazz_ from any union all select id, version, user_account_id, null as company, null as sector, null as info, null as statement, 20 as clazz_ from authenticated ) roles0_ where roles0_.user_account_id=? 
2022-04-18 13:00:08.120 TRACE [org.hibernate.type.descriptor.sql.BasicBinder@http-nio-8080-exec-7] binding parameter [1] as [INTEGER] - [1] 
2022-04-18 13:00:08.142 DEBUG [org.hibernate.SQL@http-nio-8080-exec-7] select chirp0_.id as id1_0_, chirp0_.version as version2_0_, chirp0_.author as author1_6_, chirp0_.body as body2_6_, chirp0_.creation_moment as creation3_6_, chirp0_.email as email4_6_, chirp0_.title as title5_6_ from chirp chirp0_ where chirp0_.creation_moment>=? 
2022-04-18 13:00:08.143 TRACE [org.hibernate.type.descriptor.sql.BasicBinder@http-nio-8080-exec-7] binding parameter [1] as [TIMESTAMP] - [Fri Mar 18 13:00:08 CET 2022] 
2022-04-18 13:00:08.194 DEBUG [acme.framework.controllers.AbstractController@http-nio-8080-exec-7] SERVING GET /acme-toolkits-e3.08-1.0/any/chirp/list 
2022-04-18 13:00:08.195 DEBUG [acme.framework.controllers.AbstractController@http-nio-8080-exec-7] Result: ModelAndView [view="any/chirp/list"; model={body[0]=This chirp will be shown on the navigator view, body[2]=You should have read boo, body[1]=I think you can show me important things, title[1]=Title 7, version[2]=0, version[1]=0, title[2]=Title 9, author[2]=Nicolás Sánchez Mendoza, list$size=3, author[0]=Rubén Suárez Davd, author[1]=Miguel Ángel Romalde Dorado, email[0]=rubsuadav@alum.us.es, email[2]=nicsanmen@alum.us.es, email[1]=null, creationMoment[2]=2022-04-01 17:45:00.0, version[0]=0, creationMoment[1]=2022-03-22 23:34:00.0, creationMoment[0]=2022-03-21 15:00:00.0, title[0]=Title 8, id[1]=34, id[0]=33, id[2]=37, command=list, principal=acme.framework.entities.Principal@223fa830}] 
2022-04-18 13:00:08.198 DEBUG [acme.framework.components.tiles.DynamicTilesView@http-nio-8080-exec-7] View name 'any/chirp/list', model {body[0]=This chirp will be shown on the navigator view, body[2]=You should have read boo, body[1]=I think you can show me important things, title[1]=Title 7, version[2]=0, version[1]=0, title[2]=Title 9, author[2]=Nicolás Sánchez Mendoza, list$size=3, author[0]=Rubén Suárez Davd, author[1]=Miguel Ángel Romalde Dorado, email[0]=rubsuadav@alum.us.es, email[2]=nicsanmen@alum.us.es, email[1]=null, creationMoment[2]=2022-04-01 17:45:00.0, version[0]=0, creationMoment[1]=2022-03-22 23:34:00.0, creationMoment[0]=2022-03-21 15:00:00.0, title[0]=Title 8, id[1]=34, id[0]=33, id[2]=37, command=list, principal=acme.framework.entities.Principal@223fa830, org.springframework.validation.BindingResult.principal=org.springframework.validation.BeanPropertyBindingResult: 0 errors} 
2022-04-18 13:00:08.199 DEBUG [org.apache.jasper.servlet.JspServlet@http-nio-8080-exec-7] JspEngine --> /WEB-INF/views/master/page.jsp 
2022-04-18 13:00:08.200 DEBUG [org.apache.jasper.servlet.JspServlet@http-nio-8080-exec-7] ServletPath: /WEB-INF/views/master/page.jsp 
2022-04-18 13:00:08.200 DEBUG [org.apache.jasper.servlet.JspServlet@http-nio-8080-exec-7] PathInfo: null 
2022-04-18 13:00:08.201 DEBUG [org.apache.jasper.servlet.JspServlet@http-nio-8080-exec-7] RealPath: P:\Workspace-22.0\Projects\Acme-Toolkits-E3.08\target\classes\WEB-INF\views\master\page.jsp 
2022-04-18 13:00:08.201 DEBUG [org.apache.jasper.servlet.JspServlet@http-nio-8080-exec-7] RequestURI: /acme-toolkits-e3.08-1.0/WEB-INF/views/master/page.jsp 
2022-04-18 13:00:08.201 DEBUG [org.apache.jasper.servlet.JspServlet@http-nio-8080-exec-7] QueryString: null 
2022-04-18 13:00:08.264 DEBUG [org.apache.jasper.servlet.JspServlet@http-nio-8080-exec-7] JspEngine --> /WEB-INF/views/any/chirp/list.jsp 
2022-04-18 13:00:08.265 DEBUG [org.apache.jasper.servlet.JspServlet@http-nio-8080-exec-7] ServletPath: /WEB-INF/views/master/page.jsp 
2022-04-18 13:00:08.265 DEBUG [org.apache.jasper.servlet.JspServlet@http-nio-8080-exec-7] PathInfo: null 
2022-04-18 13:00:08.266 DEBUG [org.apache.jasper.servlet.JspServlet@http-nio-8080-exec-7] RealPath: P:\Workspace-22.0\Projects\Acme-Toolkits-E3.08\target\classes\WEB-INF\views\any\chirp\list.jsp 
2022-04-18 13:00:08.266 DEBUG [org.apache.jasper.servlet.JspServlet@http-nio-8080-exec-7] RequestURI: /acme-toolkits-e3.08-1.0/WEB-INF/views/master/page.jsp 
2022-04-18 13:00:08.266 DEBUG [org.apache.jasper.servlet.JspServlet@http-nio-8080-exec-7] QueryString: null 
2022-04-18 13:00:09.119 DEBUG [org.hibernate.SQL@http-nio-8080-exec-7] select useraccoun0_.id as id1_0_, useraccoun0_.version as version2_0_, useraccoun0_.enabled as enabled1_19_, useraccoun0_.identity as identity2_19_, useraccoun0_.password as password3_19_, useraccoun0_.username as username4_19_ from user_account useraccoun0_ where useraccoun0_.username=? 
2022-04-18 13:00:09.120 TRACE [org.hibernate.type.descriptor.sql.BasicBinder@http-nio-8080-exec-7] binding parameter [1] as [VARCHAR] - [anonymous] 
2022-04-18 13:00:09.121 DEBUG [org.hibernate.SQL@http-nio-8080-exec-7] select roles0_.user_account_id as user_acc1_20_0_, roles0_.id as id1_20_0_, roles0_.id as id1_0_1_, roles0_.version as version2_0_1_, roles0_.user_account_id as user_acc1_20_1_, roles0_.company as company1_8_1_, roles0_.sector as sector2_8_1_, roles0_.company as company1_10_1_, roles0_.info as info2_10_1_, roles0_.statement as statemen3_10_1_, roles0_.company as company1_11_1_, roles0_.info as info2_11_1_, roles0_.statement as statemen3_11_1_, roles0_.company as company1_14_1_, roles0_.sector as sector2_14_1_, roles0_.clazz_ as clazz_1_ from ( select id, version, user_account_id, company, sector, null as info, null as statement, 12 as clazz_ from consumer union all select id, version, user_account_id, company, null as sector, info, statement, 13 as clazz_ from inventor union all select id, version, user_account_id, company, null as sector, info, statement, 14 as clazz_ from patron union all select id, version, user_account_id, company, sector, null as info, null as statement, 15 as clazz_ from provider union all select id, version, user_account_id, null as company, null as sector, null as info, null as statement, 17 as clazz_ from administrator union all select id, version, user_account_id, null as company, null as sector, null as info, null as statement, 18 as clazz_ from anonymous union all select id, version, user_account_id, null as company, null as sector, null as info, null as statement, 19 as clazz_ from any union all select id, version, user_account_id, null as company, null as sector, null as info, null as statement, 20 as clazz_ from authenticated ) roles0_ where roles0_.user_account_id=? 
2022-04-18 13:00:09.121 TRACE [org.hibernate.type.descriptor.sql.BasicBinder@http-nio-8080-exec-7] binding parameter [1] as [INTEGER] - [1] 
2022-04-18 13:00:56.437 DEBUG [acme.framework.components.tiles.DynamicTilesView@http-nio-8080-exec-3] View name 'master/sign-in', model {username=, password=, remember=false} 
2022-04-18 13:00:56.439 DEBUG [org.apache.jasper.servlet.JspServlet@http-nio-8080-exec-3] JspEngine --> /WEB-INF/views/master/page.jsp 
2022-04-18 13:00:56.440 DEBUG [org.apache.jasper.servlet.JspServlet@http-nio-8080-exec-3] ServletPath: /WEB-INF/views/master/page.jsp 
2022-04-18 13:00:56.440 DEBUG [org.apache.jasper.servlet.JspServlet@http-nio-8080-exec-3] PathInfo: null 
2022-04-18 13:00:56.441 DEBUG [org.apache.jasper.servlet.JspServlet@http-nio-8080-exec-3] RealPath: P:\Workspace-22.0\Projects\Acme-Toolkits-E3.08\target\classes\WEB-INF\views\master\page.jsp 
2022-04-18 13:00:56.442 DEBUG [org.apache.jasper.servlet.JspServlet@http-nio-8080-exec-3] RequestURI: /acme-toolkits-e3.08-1.0/WEB-INF/views/master/page.jsp 
2022-04-18 13:00:56.442 DEBUG [org.apache.jasper.servlet.JspServlet@http-nio-8080-exec-3] QueryString: null 
2022-04-18 13:00:56.513 DEBUG [org.apache.jasper.servlet.JspServlet@http-nio-8080-exec-3] JspEngine --> /WEB-INF/views/master/sign-in.jsp 
2022-04-18 13:00:56.513 DEBUG [org.apache.jasper.servlet.JspServlet@http-nio-8080-exec-3] ServletPath: /WEB-INF/views/master/page.jsp 
2022-04-18 13:00:56.513 DEBUG [org.apache.jasper.servlet.JspServlet@http-nio-8080-exec-3] PathInfo: null 
2022-04-18 13:00:56.514 DEBUG [org.apache.jasper.servlet.JspServlet@http-nio-8080-exec-3] RealPath: P:\Workspace-22.0\Projects\Acme-Toolkits-E3.08\target\classes\WEB-INF\views\master\sign-in.jsp 
2022-04-18 13:00:56.514 DEBUG [org.apache.jasper.servlet.JspServlet@http-nio-8080-exec-3] RequestURI: /acme-toolkits-e3.08-1.0/WEB-INF/views/master/page.jsp 
2022-04-18 13:00:56.514 DEBUG [org.apache.jasper.servlet.JspServlet@http-nio-8080-exec-3] QueryString: null 
2022-04-18 13:00:57.853 DEBUG [org.hibernate.SQL@http-nio-8080-exec-3] select useraccoun0_.id as id1_0_, useraccoun0_.version as version2_0_, useraccoun0_.enabled as enabled1_19_, useraccoun0_.identity as identity2_19_, useraccoun0_.password as password3_19_, useraccoun0_.username as username4_19_ from user_account useraccoun0_ where useraccoun0_.username=? 
2022-04-18 13:00:57.854 TRACE [org.hibernate.type.descriptor.sql.BasicBinder@http-nio-8080-exec-3] binding parameter [1] as [VARCHAR] - [anonymous] 
2022-04-18 13:00:57.855 DEBUG [org.hibernate.SQL@http-nio-8080-exec-3] select roles0_.user_account_id as user_acc1_20_0_, roles0_.id as id1_20_0_, roles0_.id as id1_0_1_, roles0_.version as version2_0_1_, roles0_.user_account_id as user_acc1_20_1_, roles0_.company as company1_8_1_, roles0_.sector as sector2_8_1_, roles0_.company as company1_10_1_, roles0_.info as info2_10_1_, roles0_.statement as statemen3_10_1_, roles0_.company as company1_11_1_, roles0_.info as info2_11_1_, roles0_.statement as statemen3_11_1_, roles0_.company as company1_14_1_, roles0_.sector as sector2_14_1_, roles0_.clazz_ as clazz_1_ from ( select id, version, user_account_id, company, sector, null as info, null as statement, 12 as clazz_ from consumer union all select id, version, user_account_id, company, null as sector, info, statement, 13 as clazz_ from inventor union all select id, version, user_account_id, company, null as sector, info, statement, 14 as clazz_ from patron union all select id, version, user_account_id, company, sector, null as info, null as statement, 15 as clazz_ from provider union all select id, version, user_account_id, null as company, null as sector, null as info, null as statement, 17 as clazz_ from administrator union all select id, version, user_account_id, null as company, null as sector, null as info, null as statement, 18 as clazz_ from anonymous union all select id, version, user_account_id, null as company, null as sector, null as info, null as statement, 19 as clazz_ from any union all select id, version, user_account_id, null as company, null as sector, null as info, null as statement, 20 as clazz_ from authenticated ) roles0_ where roles0_.user_account_id=? 
2022-04-18 13:00:57.855 TRACE [org.hibernate.type.descriptor.sql.BasicBinder@http-nio-8080-exec-3] binding parameter [1] as [INTEGER] - [1] 
2022-04-18 13:01:00.821 DEBUG [org.hibernate.SQL@http-nio-8080-exec-10] select useraccoun0_.id as id1_0_, useraccoun0_.version as version2_0_, useraccoun0_.enabled as enabled1_19_, useraccoun0_.identity as identity2_19_, useraccoun0_.password as password3_19_, useraccoun0_.username as username4_19_ from user_account useraccoun0_ where useraccoun0_.username=? 
2022-04-18 13:01:00.822 TRACE [org.hibernate.type.descriptor.sql.BasicBinder@http-nio-8080-exec-10] binding parameter [1] as [VARCHAR] - [administrator] 
2022-04-18 13:01:00.825 DEBUG [org.hibernate.SQL@http-nio-8080-exec-10] select roles0_.user_account_id as user_acc1_20_0_, roles0_.id as id1_20_0_, roles0_.id as id1_0_1_, roles0_.version as version2_0_1_, roles0_.user_account_id as user_acc1_20_1_, roles0_.company as company1_8_1_, roles0_.sector as sector2_8_1_, roles0_.company as company1_10_1_, roles0_.info as info2_10_1_, roles0_.statement as statemen3_10_1_, roles0_.company as company1_11_1_, roles0_.info as info2_11_1_, roles0_.statement as statemen3_11_1_, roles0_.company as company1_14_1_, roles0_.sector as sector2_14_1_, roles0_.clazz_ as clazz_1_ from ( select id, version, user_account_id, company, sector, null as info, null as statement, 12 as clazz_ from consumer union all select id, version, user_account_id, company, null as sector, info, statement, 13 as clazz_ from inventor union all select id, version, user_account_id, company, null as sector, info, statement, 14 as clazz_ from patron union all select id, version, user_account_id, company, sector, null as info, null as statement, 15 as clazz_ from provider union all select id, version, user_account_id, null as company, null as sector, null as info, null as statement, 17 as clazz_ from administrator union all select id, version, user_account_id, null as company, null as sector, null as info, null as statement, 18 as clazz_ from anonymous union all select id, version, user_account_id, null as company, null as sector, null as info, null as statement, 19 as clazz_ from any union all select id, version, user_account_id, null as company, null as sector, null as info, null as statement, 20 as clazz_ from authenticated ) roles0_ where roles0_.user_account_id=? 
2022-04-18 13:01:00.825 TRACE [org.hibernate.type.descriptor.sql.BasicBinder@http-nio-8080-exec-10] binding parameter [1] as [INTEGER] - [2] 
2022-04-18 13:01:00.845 DEBUG [acme.framework.components.tiles.DynamicTilesView@http-nio-8080-exec-3] View name 'fragments/welcome', model {} 
2022-04-18 13:01:00.845 DEBUG [org.apache.jasper.servlet.JspServlet@http-nio-8080-exec-3] JspEngine --> /WEB-INF/views/master/page.jsp 
2022-04-18 13:01:00.846 DEBUG [org.apache.jasper.servlet.JspServlet@http-nio-8080-exec-3] ServletPath: /WEB-INF/views/master/page.jsp 
2022-04-18 13:01:00.846 DEBUG [org.apache.jasper.servlet.JspServlet@http-nio-8080-exec-3] PathInfo: null 
2022-04-18 13:01:00.847 DEBUG [org.apache.jasper.servlet.JspServlet@http-nio-8080-exec-3] RealPath: P:\Workspace-22.0\Projects\Acme-Toolkits-E3.08\target\classes\WEB-INF\views\master\page.jsp 
2022-04-18 13:01:00.848 DEBUG [org.apache.jasper.servlet.JspServlet@http-nio-8080-exec-3] RequestURI: /acme-toolkits-e3.08-1.0/WEB-INF/views/master/page.jsp 
2022-04-18 13:01:00.848 DEBUG [org.apache.jasper.servlet.JspServlet@http-nio-8080-exec-3] QueryString: null 
2022-04-18 13:01:00.920 DEBUG [org.apache.jasper.servlet.JspServlet@http-nio-8080-exec-3] JspEngine --> /WEB-INF/views/fragments/welcome.jsp 
2022-04-18 13:01:00.920 DEBUG [org.apache.jasper.servlet.JspServlet@http-nio-8080-exec-3] ServletPath: /WEB-INF/views/master/page.jsp 
2022-04-18 13:01:00.920 DEBUG [org.apache.jasper.servlet.JspServlet@http-nio-8080-exec-3] PathInfo: null 
2022-04-18 13:01:00.921 DEBUG [org.apache.jasper.servlet.JspServlet@http-nio-8080-exec-3] RealPath: P:\Workspace-22.0\Projects\Acme-Toolkits-E3.08\target\classes\WEB-INF\views\fragments\welcome.jsp 
2022-04-18 13:01:00.921 DEBUG [org.apache.jasper.servlet.JspServlet@http-nio-8080-exec-3] RequestURI: /acme-toolkits-e3.08-1.0/WEB-INF/views/master/page.jsp 
2022-04-18 13:01:00.922 DEBUG [org.apache.jasper.servlet.JspServlet@http-nio-8080-exec-3] QueryString: null 
2022-04-18 13:01:04.441 DEBUG [acme.framework.controllers.AbstractController@http-nio-8080-exec-6] DISPATCHING GET /acme-toolkits-e3.08-1.0/any/chirp/list 
2022-04-18 13:01:04.441 DEBUG [acme.framework.controllers.AbstractController@http-nio-8080-exec-6] Command: list 
2022-04-18 13:01:04.442 DEBUG [acme.framework.controllers.AbstractController@http-nio-8080-exec-6] Model:   {} 
2022-04-18 13:01:04.442 DEBUG [acme.framework.controllers.AbstractController@http-nio-8080-exec-6] Locale:  es 
2022-04-18 13:01:04.443 DEBUG [org.hibernate.SQL@http-nio-8080-exec-6] select chirp0_.id as id1_0_, chirp0_.version as version2_0_, chirp0_.author as author1_6_, chirp0_.body as body2_6_, chirp0_.creation_moment as creation3_6_, chirp0_.email as email4_6_, chirp0_.title as title5_6_ from chirp chirp0_ where chirp0_.creation_moment>=? 
2022-04-18 13:01:04.443 TRACE [org.hibernate.type.descriptor.sql.BasicBinder@http-nio-8080-exec-6] binding parameter [1] as [TIMESTAMP] - [Fri Mar 18 13:01:04 CET 2022] 
2022-04-18 13:01:04.447 DEBUG [acme.framework.controllers.AbstractController@http-nio-8080-exec-6] SERVING GET /acme-toolkits-e3.08-1.0/any/chirp/list 
2022-04-18 13:01:04.447 DEBUG [acme.framework.controllers.AbstractController@http-nio-8080-exec-6] Result: ModelAndView [view="any/chirp/list"; model={body[0]=This chirp will be shown on the navigator view, body[2]=You should have read boo, body[1]=I think you can show me important things, title[1]=Title 7, version[2]=0, version[1]=0, title[2]=Title 9, author[2]=Nicolás Sánchez Mendoza, list$size=3, author[0]=Rubén Suárez Davd, author[1]=Miguel Ángel Romalde Dorado, email[0]=rubsuadav@alum.us.es, email[2]=nicsanmen@alum.us.es, email[1]=null, creationMoment[2]=2022-04-01 17:45:00.0, version[0]=0, creationMoment[1]=2022-03-22 23:34:00.0, creationMoment[0]=2022-03-21 15:00:00.0, title[0]=Title 8, id[1]=34, id[0]=33, id[2]=37, command=list, principal=acme.framework.entities.Principal@57eecca4}] 
2022-04-18 13:01:04.448 DEBUG [acme.framework.components.tiles.DynamicTilesView@http-nio-8080-exec-6] View name 'any/chirp/list', model {body[0]=This chirp will be shown on the navigator view, body[2]=You should have read boo, body[1]=I think you can show me important things, title[1]=Title 7, version[2]=0, version[1]=0, title[2]=Title 9, author[2]=Nicolás Sánchez Mendoza, list$size=3, author[0]=Rubén Suárez Davd, author[1]=Miguel Ángel Romalde Dorado, email[0]=rubsuadav@alum.us.es, email[2]=nicsanmen@alum.us.es, email[1]=null, creationMoment[2]=2022-04-01 17:45:00.0, version[0]=0, creationMoment[1]=2022-03-22 23:34:00.0, creationMoment[0]=2022-03-21 15:00:00.0, title[0]=Title 8, id[1]=34, id[0]=33, id[2]=37, command=list, principal=acme.framework.entities.Principal@57eecca4, org.springframework.validation.BindingResult.principal=org.springframework.validation.BeanPropertyBindingResult: 0 errors} 
2022-04-18 13:01:04.449 DEBUG [org.apache.jasper.servlet.JspServlet@http-nio-8080-exec-6] JspEngine --> /WEB-INF/views/master/page.jsp 
2022-04-18 13:01:04.449 DEBUG [org.apache.jasper.servlet.JspServlet@http-nio-8080-exec-6] ServletPath: /WEB-INF/views/master/page.jsp 
2022-04-18 13:01:04.449 DEBUG [org.apache.jasper.servlet.JspServlet@http-nio-8080-exec-6] PathInfo: null 
2022-04-18 13:01:04.450 DEBUG [org.apache.jasper.servlet.JspServlet@http-nio-8080-exec-6] RealPath: P:\Workspace-22.0\Projects\Acme-Toolkits-E3.08\target\classes\WEB-INF\views\master\page.jsp 
2022-04-18 13:01:04.450 DEBUG [org.apache.jasper.servlet.JspServlet@http-nio-8080-exec-6] RequestURI: /acme-toolkits-e3.08-1.0/WEB-INF/views/master/page.jsp 
2022-04-18 13:01:04.450 DEBUG [org.apache.jasper.servlet.JspServlet@http-nio-8080-exec-6] QueryString: null 
2022-04-18 13:01:04.509 DEBUG [org.apache.jasper.servlet.JspServlet@http-nio-8080-exec-6] JspEngine --> /WEB-INF/views/any/chirp/list.jsp 
2022-04-18 13:01:04.509 DEBUG [org.apache.jasper.servlet.JspServlet@http-nio-8080-exec-6] ServletPath: /WEB-INF/views/master/page.jsp 
2022-04-18 13:01:04.509 DEBUG [org.apache.jasper.servlet.JspServlet@http-nio-8080-exec-6] PathInfo: null 
2022-04-18 13:01:04.510 DEBUG [org.apache.jasper.servlet.JspServlet@http-nio-8080-exec-6] RealPath: P:\Workspace-22.0\Projects\Acme-Toolkits-E3.08\target\classes\WEB-INF\views\any\chirp\list.jsp 
2022-04-18 13:01:04.511 DEBUG [org.apache.jasper.servlet.JspServlet@http-nio-8080-exec-6] RequestURI: /acme-toolkits-e3.08-1.0/WEB-INF/views/master/page.jsp 
2022-04-18 13:01:04.511 DEBUG [org.apache.jasper.servlet.JspServlet@http-nio-8080-exec-6] QueryString: null 
2022-04-18 13:01:06.527 DEBUG [acme.framework.controllers.AbstractController@http-nio-8080-exec-3] DISPATCHING GET /acme-toolkits-e3.08-1.0/any/chirp/list 
2022-04-18 13:01:06.527 DEBUG [acme.framework.controllers.AbstractController@http-nio-8080-exec-3] Command: list 
2022-04-18 13:01:06.527 DEBUG [acme.framework.controllers.AbstractController@http-nio-8080-exec-3] Model:   {} 
2022-04-18 13:01:06.527 DEBUG [acme.framework.controllers.AbstractController@http-nio-8080-exec-3] Locale:  es 
2022-04-18 13:01:06.529 DEBUG [org.hibernate.SQL@http-nio-8080-exec-3] select chirp0_.id as id1_0_, chirp0_.version as version2_0_, chirp0_.author as author1_6_, chirp0_.body as body2_6_, chirp0_.creation_moment as creation3_6_, chirp0_.email as email4_6_, chirp0_.title as title5_6_ from chirp chirp0_ where chirp0_.creation_moment>=? 
2022-04-18 13:01:06.529 TRACE [org.hibernate.type.descriptor.sql.BasicBinder@http-nio-8080-exec-3] binding parameter [1] as [TIMESTAMP] - [Fri Mar 18 13:01:06 CET 2022] 
2022-04-18 13:01:06.532 DEBUG [acme.framework.controllers.AbstractController@http-nio-8080-exec-3] SERVING GET /acme-toolkits-e3.08-1.0/any/chirp/list 
2022-04-18 13:01:06.532 DEBUG [acme.framework.controllers.AbstractController@http-nio-8080-exec-3] Result: ModelAndView [view="any/chirp/list"; model={body[0]=This chirp will be shown on the navigator view, body[2]=You should have read boo, body[1]=I think you can show me important things, title[1]=Title 7, version[2]=0, version[1]=0, title[2]=Title 9, author[2]=Nicolás Sánchez Mendoza, list$size=3, author[0]=Rubén Suárez Davd, author[1]=Miguel Ángel Romalde Dorado, email[0]=rubsuadav@alum.us.es, email[2]=nicsanmen@alum.us.es, email[1]=null, creationMoment[2]=2022-04-01 17:45:00.0, version[0]=0, creationMoment[1]=2022-03-22 23:34:00.0, creationMoment[0]=2022-03-21 15:00:00.0, title[0]=Title 8, id[1]=34, id[0]=33, id[2]=37, command=list, principal=acme.framework.entities.Principal@57eecca4}] 
2022-04-18 13:01:06.533 DEBUG [acme.framework.components.tiles.DynamicTilesView@http-nio-8080-exec-3] View name 'any/chirp/list', model {body[0]=This chirp will be shown on the navigator view, body[2]=You should have read boo, body[1]=I think you can show me important things, title[1]=Title 7, version[2]=0, version[1]=0, title[2]=Title 9, author[2]=Nicolás Sánchez Mendoza, list$size=3, author[0]=Rubén Suárez Davd, author[1]=Miguel Ángel Romalde Dorado, email[0]=rubsuadav@alum.us.es, email[2]=nicsanmen@alum.us.es, email[1]=null, creationMoment[2]=2022-04-01 17:45:00.0, version[0]=0, creationMoment[1]=2022-03-22 23:34:00.0, creationMoment[0]=2022-03-21 15:00:00.0, title[0]=Title 8, id[1]=34, id[0]=33, id[2]=37, command=list, principal=acme.framework.entities.Principal@57eecca4, org.springframework.validation.BindingResult.principal=org.springframework.validation.BeanPropertyBindingResult: 0 errors} 
2022-04-18 13:01:06.534 DEBUG [org.apache.jasper.servlet.JspServlet@http-nio-8080-exec-3] JspEngine --> /WEB-INF/views/master/page.jsp 
2022-04-18 13:01:06.534 DEBUG [org.apache.jasper.servlet.JspServlet@http-nio-8080-exec-3] ServletPath: /WEB-INF/views/master/page.jsp 
2022-04-18 13:01:06.534 DEBUG [org.apache.jasper.servlet.JspServlet@http-nio-8080-exec-3] PathInfo: null 
2022-04-18 13:01:06.534 DEBUG [org.apache.jasper.servlet.JspServlet@http-nio-8080-exec-3] RealPath: P:\Workspace-22.0\Projects\Acme-Toolkits-E3.08\target\classes\WEB-INF\views\master\page.jsp 
2022-04-18 13:01:06.535 DEBUG [org.apache.jasper.servlet.JspServlet@http-nio-8080-exec-3] RequestURI: /acme-toolkits-e3.08-1.0/WEB-INF/views/master/page.jsp 
2022-04-18 13:01:06.535 DEBUG [org.apache.jasper.servlet.JspServlet@http-nio-8080-exec-3] QueryString: null 
2022-04-18 13:01:06.597 DEBUG [org.apache.jasper.servlet.JspServlet@http-nio-8080-exec-3] JspEngine --> /WEB-INF/views/any/chirp/list.jsp 
2022-04-18 13:01:06.597 DEBUG [org.apache.jasper.servlet.JspServlet@http-nio-8080-exec-3] ServletPath: /WEB-INF/views/master/page.jsp 
2022-04-18 13:01:06.597 DEBUG [org.apache.jasper.servlet.JspServlet@http-nio-8080-exec-3] PathInfo: null 
2022-04-18 13:01:06.597 DEBUG [org.apache.jasper.servlet.JspServlet@http-nio-8080-exec-3] RealPath: P:\Workspace-22.0\Projects\Acme-Toolkits-E3.08\target\classes\WEB-INF\views\any\chirp\list.jsp 
2022-04-18 13:01:06.598 DEBUG [org.apache.jasper.servlet.JspServlet@http-nio-8080-exec-3] RequestURI: /acme-toolkits-e3.08-1.0/WEB-INF/views/master/page.jsp 
2022-04-18 13:01:06.598 DEBUG [org.apache.jasper.servlet.JspServlet@http-nio-8080-exec-3] QueryString: null 
2022-04-18 13:04:26.903 INFO  [acme.framework.configuration.ShutdownConfiguration@http-nio-8080-exec-4] The system is shutting down... 
