2022-05-30 00:51:28.992 INFO  [acme.Launcher@main] Starting Launcher using Java 1.8.0_281 on DESKTOP-B7M6F9V with PID 7240 (P:\Workspace-22.0\Frameworks\Acme-Framework-22.7\target\classes started by pabli in P:\Workspace-22.0\Projects\Acme-Toolkits-E3.08) 
2022-05-30 00:51:28.994 DEBUG [acme.Launcher@main] Running with Spring Boot v2.4.2, Spring v5.3.3 
2022-05-30 00:51:28.995 INFO  [acme.Launcher@main] The following profiles are active: development,default 
2022-05-30 00:51:33.664 DEBUG [org.apache.jasper.servlet.JasperInitializer@main] Initializing Jasper for context [application] 
2022-05-30 00:51:41.790 DEBUG [org.apache.jasper.servlet.JspServlet@main] Scratch dir for the JSP engine is: [C:\Users\pabli\AppData\Local\Temp\tomcat.8080.6528827580162529508\work\Tomcat\localhost\acme-toolkits-e3.08-1.0] 
2022-05-30 00:51:41.792 DEBUG [org.apache.jasper.servlet.JspServlet@main] IMPORTANT: Do not modify the generated servlets 
2022-05-30 00:51:41.806 INFO  [acme.Launcher@main] Started Launcher in 13.678 seconds (JVM running for 14.327) 
2022-05-30 00:51:41.815 DEBUG [acme.Launcher@main] Found classpath entry '/P:/Workspace-22.0/Projects/Acme-Toolkits-E3.08/target/test-classes/' 
2022-05-30 00:51:41.815 DEBUG [acme.Launcher@main] Found classpath entry '/P:/Workspace-22.0/Projects/Acme-Toolkits-E3.08/target/classes/' 
2022-05-30 00:51:41.815 DEBUG [acme.Launcher@main] Found classpath entry '/P:/Workspace-22.0/Projects/Acme-Toolkits-E3.08/spam-detector/project.jar' 
2022-05-30 00:51:41.815 DEBUG [acme.Launcher@main] Found classpath entry '/P:/Workspace-22.0/Frameworks/Acme-Framework-22.7/target/classes/' 
2022-05-30 00:51:41.815 DEBUG [acme.Launcher@main] Found classpath entry '/P:/Workspace-22.0/Frameworks/Acme-Framework-22.7/target/test-classes/' 
2022-05-30 00:51:41.816 DEBUG [acme.Launcher@main] Found classpath entry '/C:/Users/pabli/.m2/repository/org/springframework/boot/spring-boot-starter-tomcat/2.4.2/spring-boot-starter-tomcat-2.4.2.jar' 
2022-05-30 00:51:41.816 DEBUG [acme.Launcher@main] Found classpath entry '/C:/Users/pabli/.m2/repository/jakarta/annotation/jakarta.annotation-api/1.3.5/jakarta.annotation-api-1.3.5.jar' 
2022-05-30 00:51:41.816 DEBUG [acme.Launcher@main] Found classpath entry '/C:/Users/pabli/.m2/repository/org/apache/tomcat/embed/tomcat-embed-core/9.0.41/tomcat-embed-core-9.0.41.jar' 
2022-05-30 00:51:41.816 DEBUG [acme.Launcher@main] Found classpath entry '/C:/Users/pabli/.m2/repository/org/glassfish/jakarta.el/3.0.3/jakarta.el-3.0.3.jar' 
2022-05-30 00:51:41.816 DEBUG [acme.Launcher@main] Found classpath entry '/C:/Users/pabli/.m2/repository/org/apache/tomcat/embed/tomcat-embed-websocket/9.0.41/tomcat-embed-websocket-9.0.41.jar' 
2022-05-30 00:51:41.816 DEBUG [acme.Launcher@main] Found classpath entry '/C:/Users/pabli/.m2/repository/org/apache/tomcat/embed/tomcat-embed-jasper/9.0.41/tomcat-embed-jasper-9.0.41.jar' 
2022-05-30 00:51:41.816 DEBUG [acme.Launcher@main] Found classpath entry '/C:/Users/pabli/.m2/repository/org/apache/tomcat/embed/tomcat-embed-el/9.0.41/tomcat-embed-el-9.0.41.jar' 
2022-05-30 00:51:41.816 DEBUG [acme.Launcher@main] Found classpath entry '/C:/Users/pabli/.m2/repository/org/eclipse/jdt/ecj/3.18.0/ecj-3.18.0.jar' 
2022-05-30 00:51:41.816 DEBUG [acme.Launcher@main] Found classpath entry '/C:/Users/pabli/.m2/repository/javax/servlet/jstl/1.2/jstl-1.2.jar' 
2022-05-30 00:51:41.817 DEBUG [acme.Launcher@main] Found classpath entry '/C:/Users/pabli/.m2/repository/org/springframework/boot/spring-boot-starter-security/2.4.2/spring-boot-starter-security-2.4.2.jar' 
2022-05-30 00:51:41.817 DEBUG [acme.Launcher@main] Found classpath entry '/C:/Users/pabli/.m2/repository/org/springframework/boot/spring-boot-starter/2.4.2/spring-boot-starter-2.4.2.jar' 
2022-05-30 00:51:41.817 DEBUG [acme.Launcher@main] Found classpath entry '/C:/Users/pabli/.m2/repository/org/springframework/boot/spring-boot/2.4.2/spring-boot-2.4.2.jar' 
2022-05-30 00:51:41.817 DEBUG [acme.Launcher@main] Found classpath entry '/C:/Users/pabli/.m2/repository/org/springframework/boot/spring-boot-autoconfigure/2.4.2/spring-boot-autoconfigure-2.4.2.jar' 
2022-05-30 00:51:41.817 DEBUG [acme.Launcher@main] Found classpath entry '/C:/Users/pabli/.m2/repository/org/springframework/boot/spring-boot-starter-logging/2.4.2/spring-boot-starter-logging-2.4.2.jar' 
2022-05-30 00:51:41.817 DEBUG [acme.Launcher@main] Found classpath entry '/C:/Users/pabli/.m2/repository/ch/qos/logback/logback-classic/1.2.3/logback-classic-1.2.3.jar' 
2022-05-30 00:51:41.817 DEBUG [acme.Launcher@main] Found classpath entry '/C:/Users/pabli/.m2/repository/ch/qos/logback/logback-core/1.2.3/logback-core-1.2.3.jar' 
2022-05-30 00:51:41.817 DEBUG [acme.Launcher@main] Found classpath entry '/C:/Users/pabli/.m2/repository/org/apache/logging/log4j/log4j-to-slf4j/2.13.3/log4j-to-slf4j-2.13.3.jar' 
2022-05-30 00:51:41.817 DEBUG [acme.Launcher@main] Found classpath entry '/C:/Users/pabli/.m2/repository/org/apache/logging/log4j/log4j-api/2.13.3/log4j-api-2.13.3.jar' 
2022-05-30 00:51:41.818 DEBUG [acme.Launcher@main] Found classpath entry '/C:/Users/pabli/.m2/repository/org/slf4j/jul-to-slf4j/1.7.30/jul-to-slf4j-1.7.30.jar' 
2022-05-30 00:51:41.818 DEBUG [acme.Launcher@main] Found classpath entry '/C:/Users/pabli/.m2/repository/org/yaml/snakeyaml/1.27/snakeyaml-1.27.jar' 
2022-05-30 00:51:41.818 DEBUG [acme.Launcher@main] Found classpath entry '/C:/Users/pabli/.m2/repository/org/springframework/spring-aop/5.3.3/spring-aop-5.3.3.jar' 
2022-05-30 00:51:41.818 DEBUG [acme.Launcher@main] Found classpath entry '/C:/Users/pabli/.m2/repository/org/springframework/security/spring-security-web/5.4.2/spring-security-web-5.4.2.jar' 
2022-05-30 00:51:41.818 DEBUG [acme.Launcher@main] Found classpath entry '/C:/Users/pabli/.m2/repository/org/springframework/security/spring-security-core/5.4.2/spring-security-core-5.4.2.jar' 
2022-05-30 00:51:41.818 DEBUG [acme.Launcher@main] Found classpath entry '/C:/Users/pabli/.m2/repository/org/springframework/spring-beans/5.3.3/spring-beans-5.3.3.jar' 
2022-05-30 00:51:41.818 DEBUG [acme.Launcher@main] Found classpath entry '/C:/Users/pabli/.m2/repository/org/springframework/spring-context/5.3.3/spring-context-5.3.3.jar' 
2022-05-30 00:51:41.818 DEBUG [acme.Launcher@main] Found classpath entry '/C:/Users/pabli/.m2/repository/org/springframework/spring-core/5.3.3/spring-core-5.3.3.jar' 
2022-05-30 00:51:41.819 DEBUG [acme.Launcher@main] Found classpath entry '/C:/Users/pabli/.m2/repository/org/springframework/spring-jcl/5.3.3/spring-jcl-5.3.3.jar' 
2022-05-30 00:51:41.819 DEBUG [acme.Launcher@main] Found classpath entry '/C:/Users/pabli/.m2/repository/org/springframework/spring-expression/5.3.3/spring-expression-5.3.3.jar' 
2022-05-30 00:51:41.819 DEBUG [acme.Launcher@main] Found classpath entry '/C:/Users/pabli/.m2/repository/org/springframework/spring-web/5.3.3/spring-web-5.3.3.jar' 
2022-05-30 00:51:41.819 DEBUG [acme.Launcher@main] Found classpath entry '/C:/Users/pabli/.m2/repository/org/springframework/security/spring-security-config/5.4.2/spring-security-config-5.4.2.jar' 
2022-05-30 00:51:41.819 DEBUG [acme.Launcher@main] Found classpath entry '/C:/Users/pabli/.m2/repository/org/springframework/security/spring-security-taglibs/5.4.2/spring-security-taglibs-5.4.2.jar' 
2022-05-30 00:51:41.819 DEBUG [acme.Launcher@main] Found classpath entry '/C:/Users/pabli/.m2/repository/org/springframework/security/spring-security-acl/5.4.2/spring-security-acl-5.4.2.jar' 
2022-05-30 00:51:41.819 DEBUG [acme.Launcher@main] Found classpath entry '/C:/Users/pabli/.m2/repository/org/springframework/spring-jdbc/5.3.3/spring-jdbc-5.3.3.jar' 
2022-05-30 00:51:41.819 DEBUG [acme.Launcher@main] Found classpath entry '/C:/Users/pabli/.m2/repository/org/springframework/spring-tx/5.3.3/spring-tx-5.3.3.jar' 
2022-05-30 00:51:41.820 DEBUG [acme.Launcher@main] Found classpath entry '/C:/Users/pabli/.m2/repository/org/springframework/boot/spring-boot-starter-web/2.4.2/spring-boot-starter-web-2.4.2.jar' 
2022-05-30 00:51:41.820 DEBUG [acme.Launcher@main] Found classpath entry '/C:/Users/pabli/.m2/repository/org/springframework/boot/spring-boot-starter-json/2.4.2/spring-boot-starter-json-2.4.2.jar' 
2022-05-30 00:51:41.851 DEBUG [acme.Launcher@main] Found classpath entry '/C:/Users/pabli/.m2/repository/com/fasterxml/jackson/core/jackson-databind/2.11.4/jackson-databind-2.11.4.jar' 
2022-05-30 00:51:41.851 DEBUG [acme.Launcher@main] Found classpath entry '/C:/Users/pabli/.m2/repository/com/fasterxml/jackson/core/jackson-annotations/2.11.4/jackson-annotations-2.11.4.jar' 
2022-05-30 00:51:41.852 DEBUG [acme.Launcher@main] Found classpath entry '/C:/Users/pabli/.m2/repository/com/fasterxml/jackson/core/jackson-core/2.11.4/jackson-core-2.11.4.jar' 
2022-05-30 00:51:41.852 DEBUG [acme.Launcher@main] Found classpath entry '/C:/Users/pabli/.m2/repository/com/fasterxml/jackson/datatype/jackson-datatype-jdk8/2.11.4/jackson-datatype-jdk8-2.11.4.jar' 
2022-05-30 00:51:41.852 DEBUG [acme.Launcher@main] Found classpath entry '/C:/Users/pabli/.m2/repository/com/fasterxml/jackson/datatype/jackson-datatype-jsr310/2.11.4/jackson-datatype-jsr310-2.11.4.jar' 
2022-05-30 00:51:41.852 DEBUG [acme.Launcher@main] Found classpath entry '/C:/Users/pabli/.m2/repository/com/fasterxml/jackson/module/jackson-module-parameter-names/2.11.4/jackson-module-parameter-names-2.11.4.jar' 
2022-05-30 00:51:41.852 DEBUG [acme.Launcher@main] Found classpath entry '/C:/Users/pabli/.m2/repository/org/springframework/spring-webmvc/5.3.3/spring-webmvc-5.3.3.jar' 
2022-05-30 00:51:41.852 DEBUG [acme.Launcher@main] Found classpath entry '/C:/Users/pabli/.m2/repository/org/apache/tiles/tiles-jsp/3.0.8/tiles-jsp-3.0.8.jar' 
2022-05-30 00:51:41.852 DEBUG [acme.Launcher@main] Found classpath entry '/C:/Users/pabli/.m2/repository/org/apache/tiles/tiles-servlet/3.0.8/tiles-servlet-3.0.8.jar' 
2022-05-30 00:51:41.852 DEBUG [acme.Launcher@main] Found classpath entry '/C:/Users/pabli/.m2/repository/org/apache/tiles/tiles-core/3.0.8/tiles-core-3.0.8.jar' 
2022-05-30 00:51:41.853 DEBUG [acme.Launcher@main] Found classpath entry '/C:/Users/pabli/.m2/repository/commons-digester/commons-digester/2.0/commons-digester-2.0.jar' 
2022-05-30 00:51:41.853 DEBUG [acme.Launcher@main] Found classpath entry '/C:/Users/pabli/.m2/repository/org/slf4j/jcl-over-slf4j/1.7.30/jcl-over-slf4j-1.7.30.jar' 
2022-05-30 00:51:41.853 DEBUG [acme.Launcher@main] Found classpath entry '/C:/Users/pabli/.m2/repository/org/apache/tiles/tiles-request-servlet/1.0.7/tiles-request-servlet-1.0.7.jar' 
2022-05-30 00:51:41.853 DEBUG [acme.Launcher@main] Found classpath entry '/C:/Users/pabli/.m2/repository/org/apache/tiles/tiles-template/3.0.8/tiles-template-3.0.8.jar' 
2022-05-30 00:51:41.853 DEBUG [acme.Launcher@main] Found classpath entry '/C:/Users/pabli/.m2/repository/org/apache/tiles/tiles-api/3.0.8/tiles-api-3.0.8.jar' 
2022-05-30 00:51:41.853 DEBUG [acme.Launcher@main] Found classpath entry '/C:/Users/pabli/.m2/repository/org/apache/tiles/tiles-autotag-core-runtime/1.2/tiles-autotag-core-runtime-1.2.jar' 
2022-05-30 00:51:41.854 DEBUG [acme.Launcher@main] Found classpath entry '/C:/Users/pabli/.m2/repository/org/slf4j/slf4j-api/1.7.30/slf4j-api-1.7.30.jar' 
2022-05-30 00:51:41.854 DEBUG [acme.Launcher@main] Found classpath entry '/C:/Users/pabli/.m2/repository/org/apache/tiles/tiles-request-jsp/1.0.7/tiles-request-jsp-1.0.7.jar' 
2022-05-30 00:51:41.854 DEBUG [acme.Launcher@main] Found classpath entry '/C:/Users/pabli/.m2/repository/org/apache/tiles/tiles-request-api/1.0.7/tiles-request-api-1.0.7.jar' 
2022-05-30 00:51:41.854 DEBUG [acme.Launcher@main] Found classpath entry '/C:/Users/pabli/.m2/repository/org/springframework/boot/spring-boot-starter-data-jpa/2.4.2/spring-boot-starter-data-jpa-2.4.2.jar' 
2022-05-30 00:51:41.854 DEBUG [acme.Launcher@main] Found classpath entry '/C:/Users/pabli/.m2/repository/org/springframework/boot/spring-boot-starter-aop/2.4.2/spring-boot-starter-aop-2.4.2.jar' 
2022-05-30 00:51:41.854 DEBUG [acme.Launcher@main] Found classpath entry '/C:/Users/pabli/.m2/repository/org/aspectj/aspectjweaver/1.9.6/aspectjweaver-1.9.6.jar' 
2022-05-30 00:51:41.855 DEBUG [acme.Launcher@main] Found classpath entry '/C:/Users/pabli/.m2/repository/org/springframework/boot/spring-boot-starter-jdbc/2.4.2/spring-boot-starter-jdbc-2.4.2.jar' 
2022-05-30 00:51:41.855 DEBUG [acme.Launcher@main] Found classpath entry '/C:/Users/pabli/.m2/repository/jakarta/transaction/jakarta.transaction-api/1.3.3/jakarta.transaction-api-1.3.3.jar' 
2022-05-30 00:51:41.855 DEBUG [acme.Launcher@main] Found classpath entry '/C:/Users/pabli/.m2/repository/jakarta/persistence/jakarta.persistence-api/2.2.3/jakarta.persistence-api-2.2.3.jar' 
2022-05-30 00:51:41.855 DEBUG [acme.Launcher@main] Found classpath entry '/C:/Users/pabli/.m2/repository/org/hibernate/hibernate-core/5.4.27.Final/hibernate-core-5.4.27.Final.jar' 
2022-05-30 00:51:41.855 DEBUG [acme.Launcher@main] Found classpath entry '/C:/Users/pabli/.m2/repository/org/jboss/logging/jboss-logging/3.4.1.Final/jboss-logging-3.4.1.Final.jar' 
2022-05-30 00:51:41.855 DEBUG [acme.Launcher@main] Found classpath entry '/C:/Users/pabli/.m2/repository/org/javassist/javassist/3.27.0-GA/javassist-3.27.0-GA.jar' 
2022-05-30 00:51:41.856 DEBUG [acme.Launcher@main] Found classpath entry '/C:/Users/pabli/.m2/repository/antlr/antlr/2.7.7/antlr-2.7.7.jar' 
2022-05-30 00:51:41.856 DEBUG [acme.Launcher@main] Found classpath entry '/C:/Users/pabli/.m2/repository/org/jboss/jandex/2.1.3.Final/jandex-2.1.3.Final.jar' 
2022-05-30 00:51:41.856 DEBUG [acme.Launcher@main] Found classpath entry '/C:/Users/pabli/.m2/repository/com/fasterxml/classmate/1.5.1/classmate-1.5.1.jar' 
2022-05-30 00:51:41.856 DEBUG [acme.Launcher@main] Found classpath entry '/C:/Users/pabli/.m2/repository/org/dom4j/dom4j/2.1.3/dom4j-2.1.3.jar' 
2022-05-30 00:51:41.856 DEBUG [acme.Launcher@main] Found classpath entry '/C:/Users/pabli/.m2/repository/org/hibernate/common/hibernate-commons-annotations/5.1.2.Final/hibernate-commons-annotations-5.1.2.Final.jar' 
2022-05-30 00:51:41.856 DEBUG [acme.Launcher@main] Found classpath entry '/C:/Users/pabli/.m2/repository/org/glassfish/jaxb/jaxb-runtime/2.3.3/jaxb-runtime-2.3.3.jar' 
2022-05-30 00:51:41.856 DEBUG [acme.Launcher@main] Found classpath entry '/C:/Users/pabli/.m2/repository/org/glassfish/jaxb/txw2/2.3.3/txw2-2.3.3.jar' 
2022-05-30 00:51:41.856 DEBUG [acme.Launcher@main] Found classpath entry '/C:/Users/pabli/.m2/repository/com/sun/istack/istack-commons-runtime/3.0.11/istack-commons-runtime-3.0.11.jar' 
2022-05-30 00:51:41.856 DEBUG [acme.Launcher@main] Found classpath entry '/C:/Users/pabli/.m2/repository/com/sun/activation/jakarta.activation/1.2.2/jakarta.activation-1.2.2.jar' 
2022-05-30 00:51:41.857 DEBUG [acme.Launcher@main] Found classpath entry '/C:/Users/pabli/.m2/repository/org/springframework/data/spring-data-jpa/2.4.3/spring-data-jpa-2.4.3.jar' 
2022-05-30 00:51:41.857 DEBUG [acme.Launcher@main] Found classpath entry '/C:/Users/pabli/.m2/repository/org/springframework/data/spring-data-commons/2.4.3/spring-data-commons-2.4.3.jar' 
2022-05-30 00:51:41.857 DEBUG [acme.Launcher@main] Found classpath entry '/C:/Users/pabli/.m2/repository/org/springframework/spring-orm/5.3.3/spring-orm-5.3.3.jar' 
2022-05-30 00:51:41.857 DEBUG [acme.Launcher@main] Found classpath entry '/C:/Users/pabli/.m2/repository/org/springframework/spring-aspects/5.3.3/spring-aspects-5.3.3.jar' 
2022-05-30 00:51:41.857 DEBUG [acme.Launcher@main] Found classpath entry '/C:/Users/pabli/.m2/repository/org/springframework/boot/spring-boot-starter-validation/2.4.2/spring-boot-starter-validation-2.4.2.jar' 
2022-05-30 00:51:41.857 DEBUG [acme.Launcher@main] Found classpath entry '/C:/Users/pabli/.m2/repository/org/hibernate/validator/hibernate-validator/6.1.7.Final/hibernate-validator-6.1.7.Final.jar' 
2022-05-30 00:51:41.857 DEBUG [acme.Launcher@main] Found classpath entry '/C:/Users/pabli/.m2/repository/jakarta/validation/jakarta.validation-api/2.0.2/jakarta.validation-api-2.0.2.jar' 
2022-05-30 00:51:41.857 DEBUG [acme.Launcher@main] Found classpath entry '/C:/Users/pabli/.m2/repository/mysql/mysql-connector-java/8.0.22/mysql-connector-java-8.0.22.jar' 
2022-05-30 00:51:41.858 DEBUG [acme.Launcher@main] Found classpath entry '/C:/Users/pabli/.m2/repository/com/zaxxer/HikariCP/3.4.5/HikariCP-3.4.5.jar' 
2022-05-30 00:51:41.859 DEBUG [acme.Launcher@main] Found classpath entry '/C:/Users/pabli/.m2/repository/org/springframework/boot/spring-boot-starter-test/2.4.2/spring-boot-starter-test-2.4.2.jar' 
2022-05-30 00:51:41.859 DEBUG [acme.Launcher@main] Found classpath entry '/C:/Users/pabli/.m2/repository/org/springframework/boot/spring-boot-test/2.4.2/spring-boot-test-2.4.2.jar' 
2022-05-30 00:51:41.859 DEBUG [acme.Launcher@main] Found classpath entry '/C:/Users/pabli/.m2/repository/org/springframework/boot/spring-boot-test-autoconfigure/2.4.2/spring-boot-test-autoconfigure-2.4.2.jar' 
2022-05-30 00:51:41.859 DEBUG [acme.Launcher@main] Found classpath entry '/C:/Users/pabli/.m2/repository/com/jayway/jsonpath/json-path/2.4.0/json-path-2.4.0.jar' 
2022-05-30 00:51:41.859 DEBUG [acme.Launcher@main] Found classpath entry '/C:/Users/pabli/.m2/repository/net/minidev/json-smart/2.3/json-smart-2.3.jar' 
2022-05-30 00:51:41.859 DEBUG [acme.Launcher@main] Found classpath entry '/C:/Users/pabli/.m2/repository/net/minidev/accessors-smart/1.2/accessors-smart-1.2.jar' 
2022-05-30 00:51:41.859 DEBUG [acme.Launcher@main] Found classpath entry '/C:/Users/pabli/.m2/repository/org/ow2/asm/asm/5.0.4/asm-5.0.4.jar' 
2022-05-30 00:51:41.860 DEBUG [acme.Launcher@main] Found classpath entry '/C:/Users/pabli/.m2/repository/jakarta/xml/bind/jakarta.xml.bind-api/2.3.3/jakarta.xml.bind-api-2.3.3.jar' 
2022-05-30 00:51:41.860 DEBUG [acme.Launcher@main] Found classpath entry '/C:/Users/pabli/.m2/repository/jakarta/activation/jakarta.activation-api/1.2.2/jakarta.activation-api-1.2.2.jar' 
2022-05-30 00:51:41.860 DEBUG [acme.Launcher@main] Found classpath entry '/C:/Users/pabli/.m2/repository/org/assertj/assertj-core/3.18.1/assertj-core-3.18.1.jar' 
2022-05-30 00:51:41.860 DEBUG [acme.Launcher@main] Found classpath entry '/C:/Users/pabli/.m2/repository/org/hamcrest/hamcrest/2.2/hamcrest-2.2.jar' 
2022-05-30 00:51:41.860 DEBUG [acme.Launcher@main] Found classpath entry '/C:/Users/pabli/.m2/repository/org/junit/jupiter/junit-jupiter/5.7.0/junit-jupiter-5.7.0.jar' 
2022-05-30 00:51:41.860 DEBUG [acme.Launcher@main] Found classpath entry '/C:/Users/pabli/.m2/repository/org/mockito/mockito-core/3.6.28/mockito-core-3.6.28.jar' 
2022-05-30 00:51:41.860 DEBUG [acme.Launcher@main] Found classpath entry '/C:/Users/pabli/.m2/repository/net/bytebuddy/byte-buddy-agent/1.10.19/byte-buddy-agent-1.10.19.jar' 
2022-05-30 00:51:41.860 DEBUG [acme.Launcher@main] Found classpath entry '/C:/Users/pabli/.m2/repository/org/objenesis/objenesis/3.1/objenesis-3.1.jar' 
2022-05-30 00:51:41.861 DEBUG [acme.Launcher@main] Found classpath entry '/C:/Users/pabli/.m2/repository/org/mockito/mockito-junit-jupiter/3.6.28/mockito-junit-jupiter-3.6.28.jar' 
2022-05-30 00:51:41.862 DEBUG [acme.Launcher@main] Found classpath entry '/C:/Users/pabli/.m2/repository/org/skyscreamer/jsonassert/1.5.0/jsonassert-1.5.0.jar' 
2022-05-30 00:51:41.862 DEBUG [acme.Launcher@main] Found classpath entry '/C:/Users/pabli/.m2/repository/com/vaadin/external/google/android-json/0.0.20131108.vaadin1/android-json-0.0.20131108.vaadin1.jar' 
2022-05-30 00:51:41.862 DEBUG [acme.Launcher@main] Found classpath entry '/C:/Users/pabli/.m2/repository/org/springframework/spring-test/5.3.3/spring-test-5.3.3.jar' 
2022-05-30 00:51:41.862 DEBUG [acme.Launcher@main] Found classpath entry '/C:/Users/pabli/.m2/repository/org/xmlunit/xmlunit-core/2.7.0/xmlunit-core-2.7.0.jar' 
2022-05-30 00:51:41.863 DEBUG [acme.Launcher@main] Found classpath entry '/C:/Users/pabli/.m2/repository/org/junit/jupiter/junit-jupiter-engine/5.7.0/junit-jupiter-engine-5.7.0.jar' 
2022-05-30 00:51:41.863 DEBUG [acme.Launcher@main] Found classpath entry '/C:/Users/pabli/.m2/repository/org/apiguardian/apiguardian-api/1.1.0/apiguardian-api-1.1.0.jar' 
2022-05-30 00:51:41.863 DEBUG [acme.Launcher@main] Found classpath entry '/C:/Users/pabli/.m2/repository/org/junit/platform/junit-platform-engine/1.7.0/junit-platform-engine-1.7.0.jar' 
2022-05-30 00:51:41.863 DEBUG [acme.Launcher@main] Found classpath entry '/C:/Users/pabli/.m2/repository/org/junit/jupiter/junit-jupiter-api/5.7.0/junit-jupiter-api-5.7.0.jar' 
2022-05-30 00:51:41.863 DEBUG [acme.Launcher@main] Found classpath entry '/C:/Users/pabli/.m2/repository/org/opentest4j/opentest4j/1.2.0/opentest4j-1.2.0.jar' 
2022-05-30 00:51:41.863 DEBUG [acme.Launcher@main] Found classpath entry '/C:/Users/pabli/.m2/repository/org/junit/platform/junit-platform-commons/1.7.0/junit-platform-commons-1.7.0.jar' 
2022-05-30 00:51:41.863 DEBUG [acme.Launcher@main] Found classpath entry '/C:/Users/pabli/.m2/repository/org/junit/jupiter/junit-jupiter-params/5.7.0/junit-jupiter-params-5.7.0.jar' 
2022-05-30 00:51:41.864 DEBUG [acme.Launcher@main] Found classpath entry '/C:/Users/pabli/.m2/repository/org/junit/platform/junit-platform-launcher/1.7.0/junit-platform-launcher-1.7.0.jar' 
2022-05-30 00:51:41.864 DEBUG [acme.Launcher@main] Found classpath entry '/C:/Users/pabli/.m2/repository/org/seleniumhq/selenium/selenium-java/3.141.59/selenium-java-3.141.59.jar' 
2022-05-30 00:51:41.864 DEBUG [acme.Launcher@main] Found classpath entry '/C:/Users/pabli/.m2/repository/org/seleniumhq/selenium/selenium-api/3.141.59/selenium-api-3.141.59.jar' 
2022-05-30 00:51:41.864 DEBUG [acme.Launcher@main] Found classpath entry '/C:/Users/pabli/.m2/repository/org/seleniumhq/selenium/selenium-chrome-driver/3.141.59/selenium-chrome-driver-3.141.59.jar' 
2022-05-30 00:51:41.865 DEBUG [acme.Launcher@main] Found classpath entry '/C:/Users/pabli/.m2/repository/org/seleniumhq/selenium/selenium-edge-driver/3.141.59/selenium-edge-driver-3.141.59.jar' 
2022-05-30 00:51:41.865 DEBUG [acme.Launcher@main] Found classpath entry '/C:/Users/pabli/.m2/repository/org/seleniumhq/selenium/selenium-firefox-driver/3.141.59/selenium-firefox-driver-3.141.59.jar' 
2022-05-30 00:51:41.865 DEBUG [acme.Launcher@main] Found classpath entry '/C:/Users/pabli/.m2/repository/org/seleniumhq/selenium/selenium-ie-driver/3.141.59/selenium-ie-driver-3.141.59.jar' 
2022-05-30 00:51:41.865 DEBUG [acme.Launcher@main] Found classpath entry '/C:/Users/pabli/.m2/repository/org/seleniumhq/selenium/selenium-opera-driver/3.141.59/selenium-opera-driver-3.141.59.jar' 
2022-05-30 00:51:41.865 DEBUG [acme.Launcher@main] Found classpath entry '/C:/Users/pabli/.m2/repository/org/seleniumhq/selenium/selenium-remote-driver/3.141.59/selenium-remote-driver-3.141.59.jar' 
2022-05-30 00:51:41.865 DEBUG [acme.Launcher@main] Found classpath entry '/C:/Users/pabli/.m2/repository/org/seleniumhq/selenium/selenium-safari-driver/3.141.59/selenium-safari-driver-3.141.59.jar' 
2022-05-30 00:51:41.865 DEBUG [acme.Launcher@main] Found classpath entry '/C:/Users/pabli/.m2/repository/org/seleniumhq/selenium/selenium-support/3.141.59/selenium-support-3.141.59.jar' 
2022-05-30 00:51:41.865 DEBUG [acme.Launcher@main] Found classpath entry '/C:/Users/pabli/.m2/repository/net/bytebuddy/byte-buddy/1.10.19/byte-buddy-1.10.19.jar' 
2022-05-30 00:51:41.865 DEBUG [acme.Launcher@main] Found classpath entry '/C:/Users/pabli/.m2/repository/org/apache/commons/commons-exec/1.3/commons-exec-1.3.jar' 
2022-05-30 00:51:41.866 DEBUG [acme.Launcher@main] Found classpath entry '/C:/Users/pabli/.m2/repository/com/google/guava/guava/25.0-jre/guava-25.0-jre.jar' 
2022-05-30 00:51:41.866 DEBUG [acme.Launcher@main] Found classpath entry '/C:/Users/pabli/.m2/repository/com/google/code/findbugs/jsr305/1.3.9/jsr305-1.3.9.jar' 
2022-05-30 00:51:41.866 DEBUG [acme.Launcher@main] Found classpath entry '/C:/Users/pabli/.m2/repository/org/checkerframework/checker-compat-qual/2.0.0/checker-compat-qual-2.0.0.jar' 
2022-05-30 00:51:41.866 DEBUG [acme.Launcher@main] Found classpath entry '/C:/Users/pabli/.m2/repository/com/google/errorprone/error_prone_annotations/2.1.3/error_prone_annotations-2.1.3.jar' 
2022-05-30 00:51:41.867 DEBUG [acme.Launcher@main] Found classpath entry '/C:/Users/pabli/.m2/repository/com/google/j2objc/j2objc-annotations/1.1/j2objc-annotations-1.1.jar' 
2022-05-30 00:51:41.867 DEBUG [acme.Launcher@main] Found classpath entry '/C:/Users/pabli/.m2/repository/org/codehaus/mojo/animal-sniffer-annotations/1.14/animal-sniffer-annotations-1.14.jar' 
2022-05-30 00:51:41.868 DEBUG [acme.Launcher@main] Found classpath entry '/C:/Users/pabli/.m2/repository/com/squareup/okhttp3/okhttp/3.14.9/okhttp-3.14.9.jar' 
2022-05-30 00:51:41.868 DEBUG [acme.Launcher@main] Found classpath entry '/C:/Users/pabli/.m2/repository/com/squareup/okio/okio/1.14.0/okio-1.14.0.jar' 
2022-05-30 00:51:41.868 DEBUG [acme.Launcher@main] Found classpath entry '/C:/Users/pabli/.m2/repository/org/apache/commons/commons-lang3/3.11/commons-lang3-3.11.jar' 
2022-05-30 00:51:41.868 DEBUG [acme.Launcher@main] Found classpath entry '/C:/Users/pabli/.m2/repository/org/apache/commons/commons-text/1.8/commons-text-1.8.jar' 
2022-05-30 00:51:41.868 DEBUG [acme.Launcher@main] Found classpath entry '/C:/Users/pabli/.m2/repository/commons-io/commons-io/2.6/commons-io-2.6.jar' 
2022-05-30 00:51:41.868 DEBUG [acme.Launcher@main] Found classpath entry '/C:/Users/pabli/.m2/repository/commons-cli/commons-cli/1.4/commons-cli-1.4.jar' 
2022-05-30 00:51:41.868 DEBUG [acme.Launcher@main] Found classpath entry '/C:/Users/pabli/.m2/repository/org/projectlombok/lombok/1.18.16/lombok-1.18.16.jar' 
2022-05-30 00:51:41.868 DEBUG [acme.Launcher@main] Found classpath entry '/C:/Users/pabli/.m2/repository/com/opencsv/opencsv/5.4/opencsv-5.4.jar' 
2022-05-30 00:51:41.870 DEBUG [acme.Launcher@main] Found classpath entry '/C:/Users/pabli/.m2/repository/commons-beanutils/commons-beanutils/1.9.4/commons-beanutils-1.9.4.jar' 
2022-05-30 00:51:41.870 DEBUG [acme.Launcher@main] Found classpath entry '/C:/Users/pabli/.m2/repository/commons-logging/commons-logging/1.2/commons-logging-1.2.jar' 
2022-05-30 00:51:41.871 DEBUG [acme.Launcher@main] Found classpath entry '/C:/Users/pabli/.m2/repository/commons-collections/commons-collections/3.2.2/commons-collections-3.2.2.jar' 
2022-05-30 00:51:41.871 DEBUG [acme.Launcher@main] Found classpath entry '/C:/Users/pabli/.m2/repository/org/apache/commons/commons-collections4/4.4/commons-collections4-4.4.jar' 
2022-05-30 00:51:42.192 DEBUG [acme.Launcher@main] Found entity class 'acme.entities.Announcement 
2022-05-30 00:51:42.192 DEBUG [acme.Launcher@main] Found entity class 'acme.entities.Chimpum 
2022-05-30 00:51:42.193 DEBUG [acme.Launcher@main] Found entity class 'acme.entities.Chirp 
2022-05-30 00:51:42.193 DEBUG [acme.Launcher@main] Found entity class 'acme.entities.Item 
2022-05-30 00:51:42.197 DEBUG [acme.Launcher@main] Found entity class 'acme.entities.Patronage 
2022-05-30 00:51:42.198 DEBUG [acme.Launcher@main] Found entity class 'acme.entities.PatronageReport 
2022-05-30 00:51:42.199 DEBUG [acme.Launcher@main] Found entity class 'acme.entities.Quantity 
2022-05-30 00:51:42.199 DEBUG [acme.Launcher@main] Found entity class 'acme.entities.SystemConfiguration 
2022-05-30 00:51:42.199 DEBUG [acme.Launcher@main] Found entity class 'acme.entities.Toolkit 
2022-05-30 00:51:42.199 DEBUG [acme.Launcher@main] Found entity class 'acme.roles.Consumer 
2022-05-30 00:51:42.199 DEBUG [acme.Launcher@main] Found entity class 'acme.roles.Inventor 
2022-05-30 00:51:42.199 DEBUG [acme.Launcher@main] Found entity class 'acme.roles.Patron 
2022-05-30 00:51:42.200 DEBUG [acme.Launcher@main] Found entity class 'acme.roles.Provider 
2022-05-30 00:51:42.200 DEBUG [acme.Launcher@main] Found entity class 'acme.framework.entities.UserAccount 
2022-05-30 00:51:42.200 DEBUG [acme.Launcher@main] Found entity class 'acme.framework.roles.Administrator 
2022-05-30 00:51:42.200 DEBUG [acme.Launcher@main] Found entity class 'acme.framework.roles.Anonymous 
2022-05-30 00:51:42.200 DEBUG [acme.Launcher@main] Found entity class 'acme.framework.roles.Any 
2022-05-30 00:51:42.200 DEBUG [acme.Launcher@main] Found entity class 'acme.framework.roles.Authenticated 
2022-05-30 00:51:42.206 INFO  [acme.Launcher@main] Running application (Standalone) 
2022-05-30 00:51:46.182 DEBUG [org.hibernate.SQL@http-nio-8080-exec-1] select useraccoun0_.id as id1_0_, useraccoun0_.version as version2_0_, useraccoun0_.enabled as enabled1_18_, useraccoun0_.identity as identity2_18_, useraccoun0_.password as password3_18_, useraccoun0_.username as username4_18_ from user_account useraccoun0_ where useraccoun0_.username=? 
2022-05-30 00:51:46.208 TRACE [org.hibernate.type.descriptor.sql.BasicBinder@http-nio-8080-exec-1] binding parameter [1] as [VARCHAR] - [inventor1] 
2022-05-30 00:51:46.262 DEBUG [org.hibernate.SQL@http-nio-8080-exec-1] select roles0_.user_account_id as user_acc1_19_0_, roles0_.id as id1_19_0_, roles0_.id as id1_0_1_, roles0_.version as version2_0_1_, roles0_.user_account_id as user_acc1_19_1_, roles0_.company as company1_8_1_, roles0_.sector as sector2_8_1_, roles0_.company as company1_9_1_, roles0_.info as info2_9_1_, roles0_.statement as statemen3_9_1_, roles0_.company as company1_11_1_, roles0_.info as info2_11_1_, roles0_.statement as statemen3_11_1_, roles0_.company as company1_14_1_, roles0_.sector as sector2_14_1_, roles0_.clazz_ as clazz_1_ from ( select id, version, user_account_id, company, sector, null as info, null as statement, 11 as clazz_ from consumer union all select id, version, user_account_id, company, null as sector, info, statement, 12 as clazz_ from inventor union all select id, version, user_account_id, company, null as sector, info, statement, 13 as clazz_ from patron union all select id, version, user_account_id, company, sector, null as info, null as statement, 14 as clazz_ from provider union all select id, version, user_account_id, null as company, null as sector, null as info, null as statement, 16 as clazz_ from administrator union all select id, version, user_account_id, null as company, null as sector, null as info, null as statement, 17 as clazz_ from anonymous union all select id, version, user_account_id, null as company, null as sector, null as info, null as statement, 18 as clazz_ from any union all select id, version, user_account_id, null as company, null as sector, null as info, null as statement, 19 as clazz_ from authenticated ) roles0_ where roles0_.user_account_id=? 
2022-05-30 00:51:46.263 TRACE [org.hibernate.type.descriptor.sql.BasicBinder@http-nio-8080-exec-1] binding parameter [1] as [INTEGER] - [9] 
2022-05-30 00:51:46.367 DEBUG [acme.framework.components.tiles.DynamicTilesView@http-nio-8080-exec-2] View name 'fragments/welcome', model {} 
2022-05-30 00:51:46.390 DEBUG [org.apache.tiles.definition.dao.BaseLocaleUrlDefinitionDAO@http-nio-8080-exec-2] File Resource file:/P:/Workspace-22.0/Projects/Acme-Toolkits-E3.08/target/classes/WEB-INF/views/master/tiles_en.xml at file:/P:/Workspace-22.0/Projects/Acme-Toolkits-E3.08/target/classes/WEB-INF/views/master/tiles_en.xml not found, continue 
2022-05-30 00:51:46.400 DEBUG [org.apache.jasper.servlet.JspServlet@http-nio-8080-exec-2] JspEngine --> /WEB-INF/views/master/page.jsp 
2022-05-30 00:51:46.401 DEBUG [org.apache.jasper.servlet.JspServlet@http-nio-8080-exec-2] ServletPath: /WEB-INF/views/master/page.jsp 
2022-05-30 00:51:46.401 DEBUG [org.apache.jasper.servlet.JspServlet@http-nio-8080-exec-2] PathInfo: null 
2022-05-30 00:51:46.403 DEBUG [org.apache.jasper.servlet.JspServlet@http-nio-8080-exec-2] RealPath: P:\Workspace-22.0\Projects\Acme-Toolkits-E3.08\target\classes\WEB-INF\views\master\page.jsp 
2022-05-30 00:51:46.404 DEBUG [org.apache.jasper.servlet.JspServlet@http-nio-8080-exec-2] RequestURI: /acme-toolkits-e3.08-1.0/WEB-INF/views/master/page.jsp 
2022-05-30 00:51:46.404 DEBUG [org.apache.jasper.servlet.JspServlet@http-nio-8080-exec-2] QueryString: null 
2022-05-30 00:51:51.281 DEBUG [acme.framework.configuration.ExtendedMessageSource@http-nio-8080-exec-2] Loading properties [P:\Workspace-22.0\Projects\Acme-Toolkits-E3.08\target\classes\WEB-INF\views\administrator\administrator-dashboard\messages-en.i18n] with encoding 'utf-8' 
2022-05-30 00:51:51.282 DEBUG [acme.framework.configuration.ExtendedMessageSource@http-nio-8080-exec-2] Loading properties [P:\Workspace-22.0\Projects\Acme-Toolkits-E3.08\target\classes\WEB-INF\views\administrator\announcement\messages-en.i18n] with encoding 'utf-8' 
2022-05-30 00:51:51.283 DEBUG [acme.framework.configuration.ExtendedMessageSource@http-nio-8080-exec-2] Loading properties [P:\Workspace-22.0\Projects\Acme-Toolkits-E3.08\target\classes\WEB-INF\views\administrator\system-configuration\messsages-en.i18n] with encoding 'utf-8' 
2022-05-30 00:51:51.285 DEBUG [acme.framework.configuration.ExtendedMessageSource@http-nio-8080-exec-2] Loading properties [P:\Workspace-22.0\Projects\Acme-Toolkits-E3.08\target\classes\WEB-INF\views\administrator\user-account\messages-en.i18n] with encoding 'utf-8' 
2022-05-30 00:51:51.287 DEBUG [acme.framework.configuration.ExtendedMessageSource@http-nio-8080-exec-2] Loading properties [P:\Workspace-22.0\Projects\Acme-Toolkits-E3.08\target\classes\WEB-INF\views\anonymous\user-account\messages-en.i18n] with encoding 'utf-8' 
2022-05-30 00:51:51.288 DEBUG [acme.framework.configuration.ExtendedMessageSource@http-nio-8080-exec-2] Loading properties [P:\Workspace-22.0\Projects\Acme-Toolkits-E3.08\target\classes\WEB-INF\views\any\chirp\messsages-en.i18n] with encoding 'utf-8' 
2022-05-30 00:51:51.291 DEBUG [acme.framework.configuration.ExtendedMessageSource@http-nio-8080-exec-2] Loading properties [P:\Workspace-22.0\Projects\Acme-Toolkits-E3.08\target\classes\WEB-INF\views\any\item\messsages-en.i18n] with encoding 'utf-8' 
2022-05-30 00:51:51.292 DEBUG [acme.framework.configuration.ExtendedMessageSource@http-nio-8080-exec-2] Loading properties [P:\Workspace-22.0\Projects\Acme-Toolkits-E3.08\target\classes\WEB-INF\views\any\toolkit\messsages-en.i18n] with encoding 'utf-8' 
2022-05-30 00:51:51.294 DEBUG [acme.framework.configuration.ExtendedMessageSource@http-nio-8080-exec-2] Loading properties [P:\Workspace-22.0\Projects\Acme-Toolkits-E3.08\target\classes\WEB-INF\views\any\user-account\messsages-en.i18n] with encoding 'utf-8' 
2022-05-30 00:51:51.295 DEBUG [acme.framework.configuration.ExtendedMessageSource@http-nio-8080-exec-2] Loading properties [P:\Workspace-22.0\Projects\Acme-Toolkits-E3.08\target\classes\WEB-INF\views\authenticated\announcement\messsages-en.i18n] with encoding 'utf-8' 
2022-05-30 00:51:51.295 DEBUG [acme.framework.configuration.ExtendedMessageSource@http-nio-8080-exec-2] Loading properties [P:\Workspace-22.0\Projects\Acme-Toolkits-E3.08\target\classes\WEB-INF\views\authenticated\consumer\messsages-en.i18n] with encoding 'utf-8' 
2022-05-30 00:51:51.296 DEBUG [acme.framework.configuration.ExtendedMessageSource@http-nio-8080-exec-2] Loading properties [P:\Workspace-22.0\Projects\Acme-Toolkits-E3.08\target\classes\WEB-INF\views\authenticated\inventor\messsages-en.i18n] with encoding 'utf-8' 
2022-05-30 00:51:51.298 DEBUG [acme.framework.configuration.ExtendedMessageSource@http-nio-8080-exec-2] Loading properties [P:\Workspace-22.0\Projects\Acme-Toolkits-E3.08\target\classes\WEB-INF\views\authenticated\patron\messsages-en.i18n] with encoding 'utf-8' 
2022-05-30 00:51:51.302 DEBUG [acme.framework.configuration.ExtendedMessageSource@http-nio-8080-exec-2] Loading properties [P:\Workspace-22.0\Projects\Acme-Toolkits-E3.08\target\classes\WEB-INF\views\authenticated\provider\messsages-en.i18n] with encoding 'utf-8' 
2022-05-30 00:51:51.304 DEBUG [acme.framework.configuration.ExtendedMessageSource@http-nio-8080-exec-2] Loading properties [P:\Workspace-22.0\Projects\Acme-Toolkits-E3.08\target\classes\WEB-INF\views\authenticated\system-configuration\messsages-en.i18n] with encoding 'utf-8' 
2022-05-30 00:51:51.309 DEBUG [acme.framework.configuration.ExtendedMessageSource@http-nio-8080-exec-2] Loading properties [P:\Workspace-22.0\Projects\Acme-Toolkits-E3.08\target\classes\WEB-INF\views\authenticated\user-account\messages-en.i18n] with encoding 'utf-8' 
2022-05-30 00:51:51.310 DEBUG [acme.framework.configuration.ExtendedMessageSource@http-nio-8080-exec-2] Loading properties [P:\Workspace-22.0\Projects\Acme-Toolkits-E3.08\target\classes\WEB-INF\views\fragments\banner-en.i18n] with encoding 'utf-8' 
2022-05-30 00:51:51.311 DEBUG [acme.framework.configuration.ExtendedMessageSource@http-nio-8080-exec-2] Loading properties [P:\Workspace-22.0\Projects\Acme-Toolkits-E3.08\target\classes\WEB-INF\views\fragments\company-en.i18n] with encoding 'utf-8' 
2022-05-30 00:51:51.312 DEBUG [acme.framework.configuration.ExtendedMessageSource@http-nio-8080-exec-2] Loading properties [P:\Workspace-22.0\Projects\Acme-Toolkits-E3.08\target\classes\WEB-INF\views\fragments\footer-en.i18n] with encoding 'utf-8' 
2022-05-30 00:51:51.312 DEBUG [acme.framework.configuration.ExtendedMessageSource@http-nio-8080-exec-2] Loading properties [P:\Workspace-22.0\Projects\Acme-Toolkits-E3.08\target\classes\WEB-INF\views\fragments\license-en.i18n] with encoding 'utf-8' 
2022-05-30 00:51:51.313 DEBUG [acme.framework.configuration.ExtendedMessageSource@http-nio-8080-exec-2] Loading properties [P:\Workspace-22.0\Projects\Acme-Toolkits-E3.08\target\classes\WEB-INF\views\fragments\menu-en.i18n] with encoding 'utf-8' 
2022-05-30 00:51:51.316 DEBUG [acme.framework.configuration.ExtendedMessageSource@http-nio-8080-exec-2] Loading properties [P:\Workspace-22.0\Projects\Acme-Toolkits-E3.08\target\classes\WEB-INF\views\fragments\messsages-en.i18n] with encoding 'utf-8' 
2022-05-30 00:51:51.316 DEBUG [acme.framework.configuration.ExtendedMessageSource@http-nio-8080-exec-2] Loading properties [P:\Workspace-22.0\Projects\Acme-Toolkits-E3.08\target\classes\WEB-INF\views\fragments\title-en.i18n] with encoding 'utf-8' 
2022-05-30 00:51:51.317 DEBUG [acme.framework.configuration.ExtendedMessageSource@http-nio-8080-exec-2] Loading properties [P:\Workspace-22.0\Projects\Acme-Toolkits-E3.08\target\classes\WEB-INF\views\fragments\welcome-en.i18n] with encoding 'utf-8' 
2022-05-30 00:51:51.318 DEBUG [acme.framework.configuration.ExtendedMessageSource@http-nio-8080-exec-2] Loading properties [P:\Workspace-22.0\Projects\Acme-Toolkits-E3.08\target\classes\WEB-INF\views\inventor\chimpum\messsages-en.i18n] with encoding 'utf-8' 
2022-05-30 00:51:51.318 DEBUG [acme.framework.configuration.ExtendedMessageSource@http-nio-8080-exec-2] Loading properties [P:\Workspace-22.0\Projects\Acme-Toolkits-E3.08\target\classes\WEB-INF\views\inventor\item\messsages-en.i18n] with encoding 'utf-8' 
2022-05-30 00:51:51.319 DEBUG [acme.framework.configuration.ExtendedMessageSource@http-nio-8080-exec-2] Loading properties [P:\Workspace-22.0\Projects\Acme-Toolkits-E3.08\target\classes\WEB-INF\views\inventor\patronage\messsages-en.i18n] with encoding 'utf-8' 
2022-05-30 00:51:51.320 DEBUG [acme.framework.configuration.ExtendedMessageSource@http-nio-8080-exec-2] Loading properties [P:\Workspace-22.0\Projects\Acme-Toolkits-E3.08\target\classes\WEB-INF\views\inventor\patronage-report\messages-en.i18n] with encoding 'utf-8' 
2022-05-30 00:51:51.321 DEBUG [acme.framework.configuration.ExtendedMessageSource@http-nio-8080-exec-2] Loading properties [P:\Workspace-22.0\Projects\Acme-Toolkits-E3.08\target\classes\WEB-INF\views\inventor\quantity\messsages-en.i18n] with encoding 'utf-8' 
2022-05-30 00:51:51.321 DEBUG [acme.framework.configuration.ExtendedMessageSource@http-nio-8080-exec-2] Loading properties [P:\Workspace-22.0\Projects\Acme-Toolkits-E3.08\target\classes\WEB-INF\views\inventor\toolkit\messsages-en.i18n] with encoding 'utf-8' 
2022-05-30 00:51:51.322 DEBUG [acme.framework.configuration.ExtendedMessageSource@http-nio-8080-exec-2] Loading properties [P:\Workspace-22.0\Projects\Acme-Toolkits-E3.08\target\classes\WEB-INF\views\master\defaults-en.i18n] with encoding 'utf-8' 
2022-05-30 00:51:51.324 DEBUG [acme.framework.configuration.ExtendedMessageSource@http-nio-8080-exec-2] Loading properties [P:\Workspace-22.0\Projects\Acme-Toolkits-E3.08\target\classes\WEB-INF\views\master\master-en.i18n] with encoding 'utf-8' 
2022-05-30 00:51:51.326 DEBUG [acme.framework.configuration.ExtendedMessageSource@http-nio-8080-exec-2] Loading properties [P:\Workspace-22.0\Projects\Acme-Toolkits-E3.08\target\classes\WEB-INF\views\master\throwables-en.i18n] with encoding 'utf-8' 
2022-05-30 00:51:51.327 DEBUG [acme.framework.configuration.ExtendedMessageSource@http-nio-8080-exec-2] Loading properties [P:\Workspace-22.0\Projects\Acme-Toolkits-E3.08\target\classes\WEB-INF\views\master\validation-en.i18n] with encoding 'utf-8' 
2022-05-30 00:51:51.328 DEBUG [acme.framework.configuration.ExtendedMessageSource@http-nio-8080-exec-2] Loading properties [P:\Workspace-22.0\Projects\Acme-Toolkits-E3.08\target\classes\WEB-INF\views\patron\patron-dashboard\messages-en.i18n] with encoding 'utf-8' 
2022-05-30 00:51:51.328 DEBUG [acme.framework.configuration.ExtendedMessageSource@http-nio-8080-exec-2] Loading properties [P:\Workspace-22.0\Projects\Acme-Toolkits-E3.08\target\classes\WEB-INF\views\patron\patronage\messsages-en.i18n] with encoding 'utf-8' 
2022-05-30 00:51:51.329 DEBUG [acme.framework.configuration.ExtendedMessageSource@http-nio-8080-exec-2] Loading properties [P:\Workspace-22.0\Projects\Acme-Toolkits-E3.08\target\classes\WEB-INF\views\patron\patronage-report\messsages-en.i18n] with encoding 'utf-8' 
2022-05-30 00:51:51.523 DEBUG [org.apache.jasper.servlet.JspServlet@http-nio-8080-exec-2] JspEngine --> /WEB-INF/views/fragments/welcome.jsp 
2022-05-30 00:51:51.523 DEBUG [org.apache.jasper.servlet.JspServlet@http-nio-8080-exec-2] ServletPath: /WEB-INF/views/master/page.jsp 
2022-05-30 00:51:51.524 DEBUG [org.apache.jasper.servlet.JspServlet@http-nio-8080-exec-2] PathInfo: null 
2022-05-30 00:51:51.525 DEBUG [org.apache.jasper.servlet.JspServlet@http-nio-8080-exec-2] RealPath: P:\Workspace-22.0\Projects\Acme-Toolkits-E3.08\target\classes\WEB-INF\views\fragments\welcome.jsp 
2022-05-30 00:51:51.526 DEBUG [org.apache.jasper.servlet.JspServlet@http-nio-8080-exec-2] RequestURI: /acme-toolkits-e3.08-1.0/WEB-INF/views/master/page.jsp 
2022-05-30 00:51:51.526 DEBUG [org.apache.jasper.servlet.JspServlet@http-nio-8080-exec-2] QueryString: null 
2022-05-30 00:51:55.879 DEBUG [acme.framework.controllers.AbstractController@http-nio-8080-exec-2] DISPATCHING GET /acme-toolkits-e3.08-1.0/inventor/item/my-tools 
2022-05-30 00:51:55.879 DEBUG [acme.framework.controllers.AbstractController@http-nio-8080-exec-2] Command: my-tools 
2022-05-30 00:51:55.879 DEBUG [acme.framework.controllers.AbstractController@http-nio-8080-exec-2] Model:   {} 
2022-05-30 00:51:55.880 DEBUG [acme.framework.controllers.AbstractController@http-nio-8080-exec-2] Locale:  en 
2022-05-30 00:51:55.880 DEBUG [acme.framework.controllers.AbstractController@http-nio-8080-exec-2] Starting transaction cc889562-914b-4494-804c-637cd4e81728 
2022-05-30 00:51:55.891 DEBUG [org.hibernate.SQL@http-nio-8080-exec-2] select item0_.id as id1_0_, item0_.version as version2_0_, item0_.code as code1_10_, item0_.description as descript2_10_, item0_.inventor_id as invento12_10_, item0_.item_type as item_typ3_10_, item0_.link as link4_10_, item0_.name as name5_10_, item0_.published as publishe6_10_, item0_.retail_price_amount as retail_p7_10_, item0_.retail_price_currency as retail_p8_10_, item0_.system_retail_price_amount as system_r9_10_, item0_.system_retail_price_currency as system_10_10_, item0_.technology as technol11_10_ from item item0_ where item0_.item_type=? and item0_.inventor_id=? 
2022-05-30 00:51:55.893 TRACE [org.hibernate.type.descriptor.sql.BasicBinder@http-nio-8080-exec-2] binding parameter [1] as [INTEGER] - [1] 
2022-05-30 00:51:55.893 TRACE [org.hibernate.type.descriptor.sql.BasicBinder@http-nio-8080-exec-2] binding parameter [2] as [INTEGER] - [21] 
2022-05-30 00:51:55.898 DEBUG [org.hibernate.SQL@http-nio-8080-exec-2] select inventor0_.id as id1_0_0_, inventor0_.version as version2_0_0_, inventor0_.user_account_id as user_acc1_19_0_, inventor0_.company as company1_9_0_, inventor0_.info as info2_9_0_, inventor0_.statement as statemen3_9_0_, useraccoun1_.id as id1_0_1_, useraccoun1_.version as version2_0_1_, useraccoun1_.enabled as enabled1_18_1_, useraccoun1_.identity as identity2_18_1_, useraccoun1_.password as password3_18_1_, useraccoun1_.username as username4_18_1_ from inventor inventor0_ inner join user_account useraccoun1_ on inventor0_.user_account_id=useraccoun1_.id where inventor0_.id=? 
2022-05-30 00:51:55.899 TRACE [org.hibernate.type.descriptor.sql.BasicBinder@http-nio-8080-exec-2] binding parameter [1] as [INTEGER] - [21] 
2022-05-30 00:51:55.936 DEBUG [acme.framework.controllers.AbstractController@http-nio-8080-exec-2] Committing transaction cc889562-914b-4494-804c-637cd4e81728 
2022-05-30 00:51:55.942 DEBUG [acme.framework.controllers.AbstractController@http-nio-8080-exec-2] Starting transaction 7073879f-cae9-4e37-9d43-267adb54a3e1 
2022-05-30 00:51:55.943 DEBUG [acme.framework.controllers.AbstractController@http-nio-8080-exec-2] Committing transaction 7073879f-cae9-4e37-9d43-267adb54a3e1 
2022-05-30 00:51:55.944 DEBUG [acme.framework.controllers.AbstractController@http-nio-8080-exec-2] SERVING GET /acme-toolkits-e3.08-1.0/inventor/item/my-tools 
2022-05-30 00:51:55.946 DEBUG [acme.framework.controllers.AbstractController@http-nio-8080-exec-2] Result: ModelAndView [view="inventor/item/list"; model={description[1]=Sierra circular con cable DEWALT de 1350 w y 5.332 kg de peso, published[1]=false, link[2]=https://www.leroymerlin.es/fp/83611937/escalera-madera-extensible-villar, link[0]=https://www.leroymerlin.es/fp/81968467/maceta-3-8-cm, version[1]=0, technology[0]=Acero, itemType[1]=TOOL, retailPrice[2]=<<EUR 309.00>>, list$size=3, retailPrice[0]=<<EUR 12.00>>, technology[2]=Pintura, code[0]=ASD-123, id[1]=24, code[2]=PAI-432, name[1]=Sierra Electrica, link[1]=https://www.leroymerlin.es/fp/80145657/sierra-circular-con-cable-dewalt-de-1350-w-y-5-332-kg-de-peso, published[2]=true, description[2]=Escalera de madera extensible indicada para mantenimiento industrial y telecomunicaciones fabricada en pino y peldaño de haya., published[0]=true, version[2]=0, description[0]=dshjhds, itemType[0]=TOOL, itemType[2]=TOOL, retailPrice[1]=<<EUR 163.00>>, technology[1]=Electrico, version[0]=1, code[1]=JAY-715, name[2]=Escalera madera extensible VILLAR, id[0]=22, id[2]=25, name[0]=Martillo, command=my-tools, principal=acme.framework.entities.Principal@21f01b37}] 
2022-05-30 00:51:55.949 DEBUG [acme.framework.components.tiles.DynamicTilesView@http-nio-8080-exec-2] View name 'inventor/item/list', model {description[1]=Sierra circular con cable DEWALT de 1350 w y 5.332 kg de peso, published[1]=false, link[2]=https://www.leroymerlin.es/fp/83611937/escalera-madera-extensible-villar, link[0]=https://www.leroymerlin.es/fp/81968467/maceta-3-8-cm, version[1]=0, technology[0]=Acero, itemType[1]=TOOL, retailPrice[2]=<<EUR 309.00>>, list$size=3, retailPrice[0]=<<EUR 12.00>>, technology[2]=Pintura, code[0]=ASD-123, id[1]=24, code[2]=PAI-432, name[1]=Sierra Electrica, link[1]=https://www.leroymerlin.es/fp/80145657/sierra-circular-con-cable-dewalt-de-1350-w-y-5-332-kg-de-peso, published[2]=true, description[2]=Escalera de madera extensible indicada para mantenimiento industrial y telecomunicaciones fabricada en pino y peldaño de haya., published[0]=true, version[2]=0, description[0]=dshjhds, itemType[0]=TOOL, itemType[2]=TOOL, retailPrice[1]=<<EUR 163.00>>, technology[1]=Electrico, version[0]=1, code[1]=JAY-715, name[2]=Escalera madera extensible VILLAR, id[0]=22, id[2]=25, name[0]=Martillo, command=my-tools, principal=acme.framework.entities.Principal@21f01b37, org.springframework.validation.BindingResult.retailPrice[2]=org.springframework.validation.BeanPropertyBindingResult: 0 errors, org.springframework.validation.BindingResult.retailPrice[0]=org.springframework.validation.BeanPropertyBindingResult: 0 errors, org.springframework.validation.BindingResult.retailPrice[1]=org.springframework.validation.BeanPropertyBindingResult: 0 errors, org.springframework.validation.BindingResult.principal=org.springframework.validation.BeanPropertyBindingResult: 0 errors} 
2022-05-30 00:51:55.950 DEBUG [org.apache.jasper.servlet.JspServlet@http-nio-8080-exec-2] JspEngine --> /WEB-INF/views/master/page.jsp 
2022-05-30 00:51:55.951 DEBUG [org.apache.jasper.servlet.JspServlet@http-nio-8080-exec-2] ServletPath: /WEB-INF/views/master/page.jsp 
2022-05-30 00:51:55.951 DEBUG [org.apache.jasper.servlet.JspServlet@http-nio-8080-exec-2] PathInfo: null 
2022-05-30 00:51:55.953 DEBUG [org.apache.jasper.servlet.JspServlet@http-nio-8080-exec-2] RealPath: P:\Workspace-22.0\Projects\Acme-Toolkits-E3.08\target\classes\WEB-INF\views\master\page.jsp 
2022-05-30 00:51:55.954 DEBUG [org.apache.jasper.servlet.JspServlet@http-nio-8080-exec-2] RequestURI: /acme-toolkits-e3.08-1.0/WEB-INF/views/master/page.jsp 
2022-05-30 00:51:55.955 DEBUG [org.apache.jasper.servlet.JspServlet@http-nio-8080-exec-2] QueryString: null 
2022-05-30 00:51:56.107 DEBUG [org.apache.jasper.servlet.JspServlet@http-nio-8080-exec-2] JspEngine --> /WEB-INF/views/inventor/item/list.jsp 
2022-05-30 00:51:56.107 DEBUG [org.apache.jasper.servlet.JspServlet@http-nio-8080-exec-2] ServletPath: /WEB-INF/views/master/page.jsp 
2022-05-30 00:51:56.107 DEBUG [org.apache.jasper.servlet.JspServlet@http-nio-8080-exec-2] PathInfo: null 
2022-05-30 00:51:56.109 DEBUG [org.apache.jasper.servlet.JspServlet@http-nio-8080-exec-2] RealPath: P:\Workspace-22.0\Projects\Acme-Toolkits-E3.08\target\classes\WEB-INF\views\inventor\item\list.jsp 
2022-05-30 00:51:56.110 DEBUG [org.apache.jasper.servlet.JspServlet@http-nio-8080-exec-2] RequestURI: /acme-toolkits-e3.08-1.0/WEB-INF/views/master/page.jsp 
2022-05-30 00:51:56.110 DEBUG [org.apache.jasper.servlet.JspServlet@http-nio-8080-exec-2] QueryString: null 
2022-05-30 00:51:59.183 DEBUG [acme.framework.controllers.AbstractController@http-nio-8080-exec-6] DISPATCHING GET /acme-toolkits-e3.08-1.0/inventor/item/show 
2022-05-30 00:51:59.183 DEBUG [acme.framework.controllers.AbstractController@http-nio-8080-exec-6] Command: show 
2022-05-30 00:51:59.184 DEBUG [acme.framework.controllers.AbstractController@http-nio-8080-exec-6] Model:   {id=22} 
2022-05-30 00:51:59.184 DEBUG [acme.framework.controllers.AbstractController@http-nio-8080-exec-6] Locale:  en 
2022-05-30 00:51:59.184 DEBUG [acme.framework.controllers.AbstractController@http-nio-8080-exec-6] Starting transaction 3c45a928-e974-4b38-85b2-c7dda5e5fab0 
2022-05-30 00:51:59.188 DEBUG [org.hibernate.SQL@http-nio-8080-exec-6] select item0_.id as id1_0_, item0_.version as version2_0_, item0_.code as code1_10_, item0_.description as descript2_10_, item0_.inventor_id as invento12_10_, item0_.item_type as item_typ3_10_, item0_.link as link4_10_, item0_.name as name5_10_, item0_.published as publishe6_10_, item0_.retail_price_amount as retail_p7_10_, item0_.retail_price_currency as retail_p8_10_, item0_.system_retail_price_amount as system_r9_10_, item0_.system_retail_price_currency as system_10_10_, item0_.technology as technol11_10_ from item item0_ where item0_.id=? 
2022-05-30 00:51:59.189 TRACE [org.hibernate.type.descriptor.sql.BasicBinder@http-nio-8080-exec-6] binding parameter [1] as [INTEGER] - [22] 
2022-05-30 00:51:59.190 DEBUG [org.hibernate.SQL@http-nio-8080-exec-6] select inventor0_.id as id1_0_0_, inventor0_.version as version2_0_0_, inventor0_.user_account_id as user_acc1_19_0_, inventor0_.company as company1_9_0_, inventor0_.info as info2_9_0_, inventor0_.statement as statemen3_9_0_, useraccoun1_.id as id1_0_1_, useraccoun1_.version as version2_0_1_, useraccoun1_.enabled as enabled1_18_1_, useraccoun1_.identity as identity2_18_1_, useraccoun1_.password as password3_18_1_, useraccoun1_.username as username4_18_1_ from inventor inventor0_ inner join user_account useraccoun1_ on inventor0_.user_account_id=useraccoun1_.id where inventor0_.id=? 
2022-05-30 00:51:59.191 TRACE [org.hibernate.type.descriptor.sql.BasicBinder@http-nio-8080-exec-6] binding parameter [1] as [INTEGER] - [21] 
2022-05-30 00:51:59.209 DEBUG [org.hibernate.SQL@http-nio-8080-exec-6] select item0_.id as id1_0_, item0_.version as version2_0_, item0_.code as code1_10_, item0_.description as descript2_10_, item0_.inventor_id as invento12_10_, item0_.item_type as item_typ3_10_, item0_.link as link4_10_, item0_.name as name5_10_, item0_.published as publishe6_10_, item0_.retail_price_amount as retail_p7_10_, item0_.retail_price_currency as retail_p8_10_, item0_.system_retail_price_amount as system_r9_10_, item0_.system_retail_price_currency as system_10_10_, item0_.technology as technol11_10_ from item item0_ where item0_.id=? 
2022-05-30 00:51:59.209 TRACE [org.hibernate.type.descriptor.sql.BasicBinder@http-nio-8080-exec-6] binding parameter [1] as [INTEGER] - [22] 
2022-05-30 00:51:59.212 DEBUG [org.hibernate.SQL@http-nio-8080-exec-6] select systemconf0_.id as id1_0_, systemconf0_.version as version2_0_, systemconf0_.accepted_currencies as accepted1_16_, systemconf0_.strong_spam_terms as strong_s2_16_, systemconf0_.strong_spam_threshold as strong_s3_16_, systemconf0_.system_currency as system_c4_16_, systemconf0_.weak_spam_terms as weak_spa5_16_, systemconf0_.weak_spam_threshold as weak_spa6_16_ from system_configuration systemconf0_ 
2022-05-30 00:51:59.982 DEBUG [acme.framework.controllers.AbstractController@http-nio-8080-exec-6] Committing transaction 3c45a928-e974-4b38-85b2-c7dda5e5fab0 
2022-05-30 00:51:59.985 DEBUG [acme.framework.controllers.AbstractController@http-nio-8080-exec-6] Starting transaction fd7722ae-0bf4-4da7-b321-67f56c6001ab 
2022-05-30 00:51:59.988 DEBUG [acme.framework.controllers.AbstractController@http-nio-8080-exec-6] Committing transaction fd7722ae-0bf4-4da7-b321-67f56c6001ab 
2022-05-30 00:51:59.990 DEBUG [acme.framework.controllers.AbstractController@http-nio-8080-exec-6] SERVING GET /acme-toolkits-e3.08-1.0/inventor/item/show 
2022-05-30 00:51:59.990 DEBUG [acme.framework.controllers.AbstractController@http-nio-8080-exec-6] Result: ModelAndView [view="inventor/item/form"; model={itemId=22, itemType=TOOL, code=ASD-123, name=Martillo, link=https://www.leroymerlin.es/fp/81968467/maceta-3-8-cm, description=dshjhds, technology=Acero, published=true, id=22, systemRetailPrice=<<EUR 12.00>>, retailPrice=<<EUR 12.00>>, version=1, command=show, principal=acme.framework.entities.Principal@21f01b37}] 
2022-05-30 00:51:59.991 DEBUG [acme.framework.components.tiles.DynamicTilesView@http-nio-8080-exec-6] View name 'inventor/item/form', model {itemId=22, itemType=TOOL, code=ASD-123, name=Martillo, link=https://www.leroymerlin.es/fp/81968467/maceta-3-8-cm, description=dshjhds, technology=Acero, published=true, id=22, systemRetailPrice=<<EUR 12.00>>, retailPrice=<<EUR 12.00>>, version=1, command=show, principal=acme.framework.entities.Principal@21f01b37, org.springframework.validation.BindingResult.systemRetailPrice=org.springframework.validation.BeanPropertyBindingResult: 0 errors, org.springframework.validation.BindingResult.retailPrice=org.springframework.validation.BeanPropertyBindingResult: 0 errors, org.springframework.validation.BindingResult.principal=org.springframework.validation.BeanPropertyBindingResult: 0 errors} 
2022-05-30 00:51:59.996 DEBUG [org.apache.jasper.servlet.JspServlet@http-nio-8080-exec-6] JspEngine --> /WEB-INF/views/master/page.jsp 
2022-05-30 00:51:59.997 DEBUG [org.apache.jasper.servlet.JspServlet@http-nio-8080-exec-6] ServletPath: /WEB-INF/views/master/page.jsp 
2022-05-30 00:51:59.998 DEBUG [org.apache.jasper.servlet.JspServlet@http-nio-8080-exec-6] PathInfo: null 
2022-05-30 00:52:00.001 DEBUG [org.apache.jasper.servlet.JspServlet@http-nio-8080-exec-6] RealPath: P:\Workspace-22.0\Projects\Acme-Toolkits-E3.08\target\classes\WEB-INF\views\master\page.jsp 
2022-05-30 00:52:00.001 DEBUG [org.apache.jasper.servlet.JspServlet@http-nio-8080-exec-6] RequestURI: /acme-toolkits-e3.08-1.0/WEB-INF/views/master/page.jsp 
2022-05-30 00:52:00.004 DEBUG [org.apache.jasper.servlet.JspServlet@http-nio-8080-exec-6] QueryString: id=22 
2022-05-30 00:52:00.166 DEBUG [org.apache.jasper.servlet.JspServlet@http-nio-8080-exec-6] JspEngine --> /WEB-INF/views/inventor/item/form.jsp 
2022-05-30 00:52:00.166 DEBUG [org.apache.jasper.servlet.JspServlet@http-nio-8080-exec-6] ServletPath: /WEB-INF/views/master/page.jsp 
2022-05-30 00:52:00.166 DEBUG [org.apache.jasper.servlet.JspServlet@http-nio-8080-exec-6] PathInfo: null 
2022-05-30 00:52:00.167 DEBUG [org.apache.jasper.servlet.JspServlet@http-nio-8080-exec-6] RealPath: P:\Workspace-22.0\Projects\Acme-Toolkits-E3.08\target\classes\WEB-INF\views\inventor\item\form.jsp 
2022-05-30 00:52:00.168 DEBUG [org.apache.jasper.servlet.JspServlet@http-nio-8080-exec-6] RequestURI: /acme-toolkits-e3.08-1.0/WEB-INF/views/master/page.jsp 
2022-05-30 00:52:00.169 DEBUG [org.apache.jasper.servlet.JspServlet@http-nio-8080-exec-6] QueryString: id=22 
2022-05-30 00:52:04.383 DEBUG [acme.framework.controllers.AbstractController@http-nio-8080-exec-2] DISPATCHING GET /acme-toolkits-e3.08-1.0/inventor/chimpum/list 
2022-05-30 00:52:04.385 DEBUG [acme.framework.controllers.AbstractController@http-nio-8080-exec-2] Command: list 
2022-05-30 00:52:04.385 DEBUG [acme.framework.controllers.AbstractController@http-nio-8080-exec-2] Model:   {id=22} 
2022-05-30 00:52:04.385 DEBUG [acme.framework.controllers.AbstractController@http-nio-8080-exec-2] Locale:  en 
2022-05-30 00:52:04.386 DEBUG [acme.framework.controllers.AbstractController@http-nio-8080-exec-2] Starting transaction c481c0e7-636b-4b3a-8961-acb0fed304f9 
2022-05-30 00:52:04.388 DEBUG [org.hibernate.SQL@http-nio-8080-exec-2] select chimpum0_.id as id1_0_, chimpum0_.version as version2_0_, chimpum0_.budget_amount as budget_a1_6_, chimpum0_.budget_currency as budget_c2_6_, chimpum0_.creation_moment as creation3_6_, chimpum0_.description as descript4_6_, chimpum0_.final_period as final_pe5_6_, chimpum0_.initial_period as initial_6_6_, chimpum0_.item_id as item_id10_6_, chimpum0_.link as link7_6_, chimpum0_.pattern as pattern8_6_, chimpum0_.title as title9_6_ from chimpum chimpum0_ where chimpum0_.item_id=? 
2022-05-30 00:52:04.388 TRACE [org.hibernate.type.descriptor.sql.BasicBinder@http-nio-8080-exec-2] binding parameter [1] as [INTEGER] - [22] 
2022-05-30 00:52:04.391 DEBUG [org.hibernate.SQL@http-nio-8080-exec-2] select item0_.id as id1_0_0_, item0_.version as version2_0_0_, item0_.code as code1_10_0_, item0_.description as descript2_10_0_, item0_.inventor_id as invento12_10_0_, item0_.item_type as item_typ3_10_0_, item0_.link as link4_10_0_, item0_.name as name5_10_0_, item0_.published as publishe6_10_0_, item0_.retail_price_amount as retail_p7_10_0_, item0_.retail_price_currency as retail_p8_10_0_, item0_.system_retail_price_amount as system_r9_10_0_, item0_.system_retail_price_currency as system_10_10_0_, item0_.technology as technol11_10_0_, inventor1_.id as id1_0_1_, inventor1_.version as version2_0_1_, inventor1_.user_account_id as user_acc1_19_1_, inventor1_.company as company1_9_1_, inventor1_.info as info2_9_1_, inventor1_.statement as statemen3_9_1_, useraccoun2_.id as id1_0_2_, useraccoun2_.version as version2_0_2_, useraccoun2_.enabled as enabled1_18_2_, useraccoun2_.identity as identity2_18_2_, useraccoun2_.password as password3_18_2_, useraccoun2_.username as username4_18_2_ from item item0_ inner join inventor inventor1_ on item0_.inventor_id=inventor1_.id inner join user_account useraccoun2_ on inventor1_.user_account_id=useraccoun2_.id where item0_.id=? 
2022-05-30 00:52:04.392 TRACE [org.hibernate.type.descriptor.sql.BasicBinder@http-nio-8080-exec-2] binding parameter [1] as [INTEGER] - [22] 
2022-05-30 00:52:04.401 DEBUG [acme.framework.controllers.AbstractController@http-nio-8080-exec-2] Committing transaction c481c0e7-636b-4b3a-8961-acb0fed304f9 
2022-05-30 00:52:04.406 DEBUG [acme.framework.controllers.AbstractController@http-nio-8080-exec-2] Starting transaction 18e7b6a5-78e2-49f2-b4da-aa16c94eef5a 
2022-05-30 00:52:04.409 DEBUG [acme.framework.controllers.AbstractController@http-nio-8080-exec-2] Committing transaction 18e7b6a5-78e2-49f2-b4da-aa16c94eef5a 
2022-05-30 00:52:04.410 DEBUG [acme.framework.controllers.AbstractController@http-nio-8080-exec-2] SERVING GET /acme-toolkits-e3.08-1.0/inventor/chimpum/list 
2022-05-30 00:52:04.411 DEBUG [acme.framework.controllers.AbstractController@http-nio-8080-exec-2] Result: ModelAndView [view="inventor/chimpum/list"; model={version[0]=0, creationMoment[0]=2022-01-01 10:00:00.0, title[0]=prueba chimpum, id[0]=49, list$size=1, command=list, principal=acme.framework.entities.Principal@21f01b37}] 
2022-05-30 00:52:04.411 DEBUG [acme.framework.components.tiles.DynamicTilesView@http-nio-8080-exec-2] View name 'inventor/chimpum/list', model {version[0]=0, creationMoment[0]=2022-01-01 10:00:00.0, title[0]=prueba chimpum, id[0]=49, list$size=1, command=list, principal=acme.framework.entities.Principal@21f01b37, org.springframework.validation.BindingResult.principal=org.springframework.validation.BeanPropertyBindingResult: 0 errors} 
2022-05-30 00:52:04.413 DEBUG [org.apache.jasper.servlet.JspServlet@http-nio-8080-exec-2] JspEngine --> /WEB-INF/views/master/page.jsp 
2022-05-30 00:52:04.414 DEBUG [org.apache.jasper.servlet.JspServlet@http-nio-8080-exec-2] ServletPath: /WEB-INF/views/master/page.jsp 
2022-05-30 00:52:04.414 DEBUG [org.apache.jasper.servlet.JspServlet@http-nio-8080-exec-2] PathInfo: null 
2022-05-30 00:52:04.417 DEBUG [org.apache.jasper.servlet.JspServlet@http-nio-8080-exec-2] RealPath: P:\Workspace-22.0\Projects\Acme-Toolkits-E3.08\target\classes\WEB-INF\views\master\page.jsp 
2022-05-30 00:52:04.419 DEBUG [org.apache.jasper.servlet.JspServlet@http-nio-8080-exec-2] RequestURI: /acme-toolkits-e3.08-1.0/WEB-INF/views/master/page.jsp 
2022-05-30 00:52:04.421 DEBUG [org.apache.jasper.servlet.JspServlet@http-nio-8080-exec-2] QueryString: id=22 
2022-05-30 00:52:04.562 DEBUG [org.apache.jasper.servlet.JspServlet@http-nio-8080-exec-2] JspEngine --> /WEB-INF/views/inventor/chimpum/list.jsp 
2022-05-30 00:52:04.563 DEBUG [org.apache.jasper.servlet.JspServlet@http-nio-8080-exec-2] ServletPath: /WEB-INF/views/master/page.jsp 
2022-05-30 00:52:04.563 DEBUG [org.apache.jasper.servlet.JspServlet@http-nio-8080-exec-2] PathInfo: null 
2022-05-30 00:52:04.565 DEBUG [org.apache.jasper.servlet.JspServlet@http-nio-8080-exec-2] RealPath: P:\Workspace-22.0\Projects\Acme-Toolkits-E3.08\target\classes\WEB-INF\views\inventor\chimpum\list.jsp 
2022-05-30 00:52:04.565 DEBUG [org.apache.jasper.servlet.JspServlet@http-nio-8080-exec-2] RequestURI: /acme-toolkits-e3.08-1.0/WEB-INF/views/master/page.jsp 
2022-05-30 00:52:04.565 DEBUG [org.apache.jasper.servlet.JspServlet@http-nio-8080-exec-2] QueryString: id=22 
2022-05-30 00:52:06.196 DEBUG [acme.framework.controllers.AbstractController@http-nio-8080-exec-8] DISPATCHING GET /acme-toolkits-e3.08-1.0/inventor/chimpum/show 
2022-05-30 00:52:06.196 DEBUG [acme.framework.controllers.AbstractController@http-nio-8080-exec-8] Command: show 
2022-05-30 00:52:06.196 DEBUG [acme.framework.controllers.AbstractController@http-nio-8080-exec-8] Model:   {id=49} 
2022-05-30 00:52:06.196 DEBUG [acme.framework.controllers.AbstractController@http-nio-8080-exec-8] Locale:  en 
2022-05-30 00:52:06.197 DEBUG [acme.framework.controllers.AbstractController@http-nio-8080-exec-8] Starting transaction 8dc868b3-8967-4415-8df3-38b08d7a20a9 
2022-05-30 00:52:06.201 DEBUG [org.hibernate.SQL@http-nio-8080-exec-8] select chimpum0_.id as id1_0_, chimpum0_.version as version2_0_, chimpum0_.budget_amount as budget_a1_6_, chimpum0_.budget_currency as budget_c2_6_, chimpum0_.creation_moment as creation3_6_, chimpum0_.description as descript4_6_, chimpum0_.final_period as final_pe5_6_, chimpum0_.initial_period as initial_6_6_, chimpum0_.item_id as item_id10_6_, chimpum0_.link as link7_6_, chimpum0_.pattern as pattern8_6_, chimpum0_.title as title9_6_ from chimpum chimpum0_ where chimpum0_.id=? 
2022-05-30 00:52:06.202 TRACE [org.hibernate.type.descriptor.sql.BasicBinder@http-nio-8080-exec-8] binding parameter [1] as [INTEGER] - [49] 
2022-05-30 00:52:06.205 DEBUG [org.hibernate.SQL@http-nio-8080-exec-8] select item0_.id as id1_0_0_, item0_.version as version2_0_0_, item0_.code as code1_10_0_, item0_.description as descript2_10_0_, item0_.inventor_id as invento12_10_0_, item0_.item_type as item_typ3_10_0_, item0_.link as link4_10_0_, item0_.name as name5_10_0_, item0_.published as publishe6_10_0_, item0_.retail_price_amount as retail_p7_10_0_, item0_.retail_price_currency as retail_p8_10_0_, item0_.system_retail_price_amount as system_r9_10_0_, item0_.system_retail_price_currency as system_10_10_0_, item0_.technology as technol11_10_0_, inventor1_.id as id1_0_1_, inventor1_.version as version2_0_1_, inventor1_.user_account_id as user_acc1_19_1_, inventor1_.company as company1_9_1_, inventor1_.info as info2_9_1_, inventor1_.statement as statemen3_9_1_, useraccoun2_.id as id1_0_2_, useraccoun2_.version as version2_0_2_, useraccoun2_.enabled as enabled1_18_2_, useraccoun2_.identity as identity2_18_2_, useraccoun2_.password as password3_18_2_, useraccoun2_.username as username4_18_2_ from item item0_ inner join inventor inventor1_ on item0_.inventor_id=inventor1_.id inner join user_account useraccoun2_ on inventor1_.user_account_id=useraccoun2_.id where item0_.id=? 
2022-05-30 00:52:06.207 TRACE [org.hibernate.type.descriptor.sql.BasicBinder@http-nio-8080-exec-8] binding parameter [1] as [INTEGER] - [22] 
2022-05-30 00:52:06.214 DEBUG [org.hibernate.SQL@http-nio-8080-exec-8] select chimpum0_.id as id1_0_, chimpum0_.version as version2_0_, chimpum0_.budget_amount as budget_a1_6_, chimpum0_.budget_currency as budget_c2_6_, chimpum0_.creation_moment as creation3_6_, chimpum0_.description as descript4_6_, chimpum0_.final_period as final_pe5_6_, chimpum0_.initial_period as initial_6_6_, chimpum0_.item_id as item_id10_6_, chimpum0_.link as link7_6_, chimpum0_.pattern as pattern8_6_, chimpum0_.title as title9_6_ from chimpum chimpum0_ where chimpum0_.id=? 
2022-05-30 00:52:06.215 TRACE [org.hibernate.type.descriptor.sql.BasicBinder@http-nio-8080-exec-8] binding parameter [1] as [INTEGER] - [49] 
2022-05-30 00:52:06.220 DEBUG [acme.framework.controllers.AbstractController@http-nio-8080-exec-8] Committing transaction 8dc868b3-8967-4415-8df3-38b08d7a20a9 
2022-05-30 00:52:06.221 DEBUG [acme.framework.controllers.AbstractController@http-nio-8080-exec-8] Starting transaction 883934d3-870c-473b-a286-06f846c5df98 
2022-05-30 00:52:06.222 DEBUG [acme.framework.controllers.AbstractController@http-nio-8080-exec-8] Committing transaction 883934d3-870c-473b-a286-06f846c5df98 
2022-05-30 00:52:06.229 DEBUG [acme.framework.controllers.AbstractController@http-nio-8080-exec-8] SERVING GET /acme-toolkits-e3.08-1.0/inventor/chimpum/show 
2022-05-30 00:52:06.229 DEBUG [acme.framework.controllers.AbstractController@http-nio-8080-exec-8] Result: ModelAndView [view="inventor/chimpum/form"; model={initialPeriod=2022-02-01 10:00:00.0, itemName=Martillo, finalPeriod=2022-02-09 10:00:00.0, creationMoment=2022-01-01 10:00:00.0, pattern=(pattern), link=https://www.us.es/, description=descripcion chimpum, id=49, title=prueba chimpum, version=0, budget=<<EUR 47765.00>>, command=show, principal=acme.framework.entities.Principal@21f01b37}] 
2022-05-30 00:52:06.230 DEBUG [acme.framework.components.tiles.DynamicTilesView@http-nio-8080-exec-8] View name 'inventor/chimpum/form', model {initialPeriod=2022-02-01 10:00:00.0, itemName=Martillo, finalPeriod=2022-02-09 10:00:00.0, creationMoment=2022-01-01 10:00:00.0, pattern=(pattern), link=https://www.us.es/, description=descripcion chimpum, id=49, title=prueba chimpum, version=0, budget=<<EUR 47765.00>>, command=show, principal=acme.framework.entities.Principal@21f01b37, org.springframework.validation.BindingResult.budget=org.springframework.validation.BeanPropertyBindingResult: 0 errors, org.springframework.validation.BindingResult.principal=org.springframework.validation.BeanPropertyBindingResult: 0 errors} 
2022-05-30 00:52:06.231 DEBUG [org.apache.jasper.servlet.JspServlet@http-nio-8080-exec-8] JspEngine --> /WEB-INF/views/master/page.jsp 
2022-05-30 00:52:06.231 DEBUG [org.apache.jasper.servlet.JspServlet@http-nio-8080-exec-8] ServletPath: /WEB-INF/views/master/page.jsp 
2022-05-30 00:52:06.231 DEBUG [org.apache.jasper.servlet.JspServlet@http-nio-8080-exec-8] PathInfo: null 
2022-05-30 00:52:06.234 DEBUG [org.apache.jasper.servlet.JspServlet@http-nio-8080-exec-8] RealPath: P:\Workspace-22.0\Projects\Acme-Toolkits-E3.08\target\classes\WEB-INF\views\master\page.jsp 
2022-05-30 00:52:06.235 DEBUG [org.apache.jasper.servlet.JspServlet@http-nio-8080-exec-8] RequestURI: /acme-toolkits-e3.08-1.0/WEB-INF/views/master/page.jsp 
2022-05-30 00:52:06.236 DEBUG [org.apache.jasper.servlet.JspServlet@http-nio-8080-exec-8] QueryString: id=49 
2022-05-30 00:52:06.345 DEBUG [org.apache.jasper.servlet.JspServlet@http-nio-8080-exec-8] JspEngine --> /WEB-INF/views/inventor/chimpum/form.jsp 
2022-05-30 00:52:06.345 DEBUG [org.apache.jasper.servlet.JspServlet@http-nio-8080-exec-8] ServletPath: /WEB-INF/views/master/page.jsp 
2022-05-30 00:52:06.345 DEBUG [org.apache.jasper.servlet.JspServlet@http-nio-8080-exec-8] PathInfo: null 
2022-05-30 00:52:06.346 DEBUG [org.apache.jasper.servlet.JspServlet@http-nio-8080-exec-8] RealPath: P:\Workspace-22.0\Projects\Acme-Toolkits-E3.08\target\classes\WEB-INF\views\inventor\chimpum\form.jsp 
2022-05-30 00:52:06.346 DEBUG [org.apache.jasper.servlet.JspServlet@http-nio-8080-exec-8] RequestURI: /acme-toolkits-e3.08-1.0/WEB-INF/views/master/page.jsp 
2022-05-30 00:52:06.347 DEBUG [org.apache.jasper.servlet.JspServlet@http-nio-8080-exec-8] QueryString: id=49 
2022-05-30 00:52:10.254 DEBUG [acme.framework.controllers.AbstractController@http-nio-8080-exec-4] DISPATCHING GET /acme-toolkits-e3.08-1.0/inventor/chimpum/list 
2022-05-30 00:52:10.254 DEBUG [acme.framework.controllers.AbstractController@http-nio-8080-exec-4] Command: list 
2022-05-30 00:52:10.254 DEBUG [acme.framework.controllers.AbstractController@http-nio-8080-exec-4] Model:   {id=22} 
2022-05-30 00:52:10.254 DEBUG [acme.framework.controllers.AbstractController@http-nio-8080-exec-4] Locale:  en 
2022-05-30 00:52:10.255 DEBUG [acme.framework.controllers.AbstractController@http-nio-8080-exec-4] Starting transaction 70356472-c9c6-4604-a4e2-76dc4b660602 
2022-05-30 00:52:10.256 DEBUG [org.hibernate.SQL@http-nio-8080-exec-4] select chimpum0_.id as id1_0_, chimpum0_.version as version2_0_, chimpum0_.budget_amount as budget_a1_6_, chimpum0_.budget_currency as budget_c2_6_, chimpum0_.creation_moment as creation3_6_, chimpum0_.description as descript4_6_, chimpum0_.final_period as final_pe5_6_, chimpum0_.initial_period as initial_6_6_, chimpum0_.item_id as item_id10_6_, chimpum0_.link as link7_6_, chimpum0_.pattern as pattern8_6_, chimpum0_.title as title9_6_ from chimpum chimpum0_ where chimpum0_.item_id=? 
2022-05-30 00:52:10.256 TRACE [org.hibernate.type.descriptor.sql.BasicBinder@http-nio-8080-exec-4] binding parameter [1] as [INTEGER] - [22] 
2022-05-30 00:52:10.257 DEBUG [org.hibernate.SQL@http-nio-8080-exec-4] select item0_.id as id1_0_0_, item0_.version as version2_0_0_, item0_.code as code1_10_0_, item0_.description as descript2_10_0_, item0_.inventor_id as invento12_10_0_, item0_.item_type as item_typ3_10_0_, item0_.link as link4_10_0_, item0_.name as name5_10_0_, item0_.published as publishe6_10_0_, item0_.retail_price_amount as retail_p7_10_0_, item0_.retail_price_currency as retail_p8_10_0_, item0_.system_retail_price_amount as system_r9_10_0_, item0_.system_retail_price_currency as system_10_10_0_, item0_.technology as technol11_10_0_, inventor1_.id as id1_0_1_, inventor1_.version as version2_0_1_, inventor1_.user_account_id as user_acc1_19_1_, inventor1_.company as company1_9_1_, inventor1_.info as info2_9_1_, inventor1_.statement as statemen3_9_1_, useraccoun2_.id as id1_0_2_, useraccoun2_.version as version2_0_2_, useraccoun2_.enabled as enabled1_18_2_, useraccoun2_.identity as identity2_18_2_, useraccoun2_.password as password3_18_2_, useraccoun2_.username as username4_18_2_ from item item0_ inner join inventor inventor1_ on item0_.inventor_id=inventor1_.id inner join user_account useraccoun2_ on inventor1_.user_account_id=useraccoun2_.id where item0_.id=? 
2022-05-30 00:52:10.258 TRACE [org.hibernate.type.descriptor.sql.BasicBinder@http-nio-8080-exec-4] binding parameter [1] as [INTEGER] - [22] 
2022-05-30 00:52:10.260 DEBUG [acme.framework.controllers.AbstractController@http-nio-8080-exec-4] Committing transaction 70356472-c9c6-4604-a4e2-76dc4b660602 
2022-05-30 00:52:10.261 DEBUG [acme.framework.controllers.AbstractController@http-nio-8080-exec-4] Starting transaction 1a8ea71d-a41e-4d8c-b1a1-09069d89e398 
2022-05-30 00:52:10.261 DEBUG [acme.framework.controllers.AbstractController@http-nio-8080-exec-4] Committing transaction 1a8ea71d-a41e-4d8c-b1a1-09069d89e398 
2022-05-30 00:52:10.261 DEBUG [acme.framework.controllers.AbstractController@http-nio-8080-exec-4] SERVING GET /acme-toolkits-e3.08-1.0/inventor/chimpum/list 
2022-05-30 00:52:10.262 DEBUG [acme.framework.controllers.AbstractController@http-nio-8080-exec-4] Result: ModelAndView [view="inventor/chimpum/list"; model={version[0]=0, creationMoment[0]=2022-01-01 10:00:00.0, title[0]=prueba chimpum, id[0]=49, list$size=1, command=list, principal=acme.framework.entities.Principal@21f01b37}] 
2022-05-30 00:52:10.262 DEBUG [acme.framework.components.tiles.DynamicTilesView@http-nio-8080-exec-4] View name 'inventor/chimpum/list', model {version[0]=0, creationMoment[0]=2022-01-01 10:00:00.0, title[0]=prueba chimpum, id[0]=49, list$size=1, command=list, principal=acme.framework.entities.Principal@21f01b37, org.springframework.validation.BindingResult.principal=org.springframework.validation.BeanPropertyBindingResult: 0 errors} 
2022-05-30 00:52:10.264 DEBUG [org.apache.jasper.servlet.JspServlet@http-nio-8080-exec-4] JspEngine --> /WEB-INF/views/master/page.jsp 
2022-05-30 00:52:10.265 DEBUG [org.apache.jasper.servlet.JspServlet@http-nio-8080-exec-4] ServletPath: /WEB-INF/views/master/page.jsp 
2022-05-30 00:52:10.267 DEBUG [org.apache.jasper.servlet.JspServlet@http-nio-8080-exec-4] PathInfo: null 
2022-05-30 00:52:10.270 DEBUG [org.apache.jasper.servlet.JspServlet@http-nio-8080-exec-4] RealPath: P:\Workspace-22.0\Projects\Acme-Toolkits-E3.08\target\classes\WEB-INF\views\master\page.jsp 
2022-05-30 00:52:10.270 DEBUG [org.apache.jasper.servlet.JspServlet@http-nio-8080-exec-4] RequestURI: /acme-toolkits-e3.08-1.0/WEB-INF/views/master/page.jsp 
2022-05-30 00:52:10.271 DEBUG [org.apache.jasper.servlet.JspServlet@http-nio-8080-exec-4] QueryString: id=22 
2022-05-30 00:52:10.378 DEBUG [org.apache.jasper.servlet.JspServlet@http-nio-8080-exec-4] JspEngine --> /WEB-INF/views/inventor/chimpum/list.jsp 
2022-05-30 00:52:10.378 DEBUG [org.apache.jasper.servlet.JspServlet@http-nio-8080-exec-4] ServletPath: /WEB-INF/views/master/page.jsp 
2022-05-30 00:52:10.378 DEBUG [org.apache.jasper.servlet.JspServlet@http-nio-8080-exec-4] PathInfo: null 
2022-05-30 00:52:10.383 DEBUG [org.apache.jasper.servlet.JspServlet@http-nio-8080-exec-4] RealPath: P:\Workspace-22.0\Projects\Acme-Toolkits-E3.08\target\classes\WEB-INF\views\inventor\chimpum\list.jsp 
2022-05-30 00:52:10.384 DEBUG [org.apache.jasper.servlet.JspServlet@http-nio-8080-exec-4] RequestURI: /acme-toolkits-e3.08-1.0/WEB-INF/views/master/page.jsp 
2022-05-30 00:52:10.385 DEBUG [org.apache.jasper.servlet.JspServlet@http-nio-8080-exec-4] QueryString: id=22 
2022-05-30 00:52:13.328 DEBUG [acme.framework.controllers.AbstractController@http-nio-8080-exec-10] DISPATCHING GET /acme-toolkits-e3.08-1.0/inventor/chimpum/create 
2022-05-30 00:52:13.328 DEBUG [acme.framework.controllers.AbstractController@http-nio-8080-exec-10] Command: create 
2022-05-30 00:52:13.328 DEBUG [acme.framework.controllers.AbstractController@http-nio-8080-exec-10] Model:   {id=} 
2022-05-30 00:52:13.328 DEBUG [acme.framework.controllers.AbstractController@http-nio-8080-exec-10] Locale:  en 
2022-05-30 00:52:13.328 DEBUG [acme.framework.controllers.AbstractController@http-nio-8080-exec-10] Starting transaction 6e4290e0-afe8-4f6d-b60e-d909b96dbce1 
2022-05-30 00:52:13.332 DEBUG [acme.framework.controllers.AbstractController@http-nio-8080-exec-10] Rolling transaction 6e4290e0-afe8-4f6d-b60e-d909b96dbce1 back 
2022-05-30 00:52:13.335 DEBUG [acme.framework.controllers.AbstractController@http-nio-8080-exec-10] Starting transaction deecab93-584f-406c-8f54-3a704dc1cd9b 
2022-05-30 00:52:13.335 DEBUG [acme.framework.controllers.AbstractController@http-nio-8080-exec-10] Committing transaction deecab93-584f-406c-8f54-3a704dc1cd9b 
2022-05-30 00:52:13.336 DEBUG [acme.framework.controllers.AbstractController@http-nio-8080-exec-10] SERVING GET /acme-toolkits-e3.08-1.0/inventor/chimpum/create 
2022-05-30 00:52:13.336 DEBUG [acme.framework.controllers.AbstractController@http-nio-8080-exec-10] Result: ModelAndView [view="master/panic"; model={oops=java.lang.NullPointerException}] 
2022-05-30 00:52:13.337 DEBUG [acme.framework.components.tiles.DynamicTilesView@http-nio-8080-exec-10] View name 'master/panic', model {oops=java.lang.NullPointerException, org.springframework.validation.BindingResult.oops=org.springframework.validation.BeanPropertyBindingResult: 0 errors} 
2022-05-30 00:52:13.338 DEBUG [org.apache.jasper.servlet.JspServlet@http-nio-8080-exec-10] JspEngine --> /WEB-INF/views/master/page.jsp 
2022-05-30 00:52:13.338 DEBUG [org.apache.jasper.servlet.JspServlet@http-nio-8080-exec-10] ServletPath: /WEB-INF/views/master/page.jsp 
2022-05-30 00:52:13.338 DEBUG [org.apache.jasper.servlet.JspServlet@http-nio-8080-exec-10] PathInfo: null 
2022-05-30 00:52:13.338 DEBUG [org.apache.jasper.servlet.JspServlet@http-nio-8080-exec-10] RealPath: P:\Workspace-22.0\Projects\Acme-Toolkits-E3.08\target\classes\WEB-INF\views\master\page.jsp 
2022-05-30 00:52:13.339 DEBUG [org.apache.jasper.servlet.JspServlet@http-nio-8080-exec-10] RequestURI: /acme-toolkits-e3.08-1.0/WEB-INF/views/master/page.jsp 
2022-05-30 00:52:13.339 DEBUG [org.apache.jasper.servlet.JspServlet@http-nio-8080-exec-10] QueryString: id= 
2022-05-30 00:52:13.440 DEBUG [org.apache.jasper.servlet.JspServlet@http-nio-8080-exec-10] JspEngine --> /WEB-INF/views/master/panic.jsp 
2022-05-30 00:52:13.440 DEBUG [org.apache.jasper.servlet.JspServlet@http-nio-8080-exec-10] ServletPath: /WEB-INF/views/master/page.jsp 
2022-05-30 00:52:13.441 DEBUG [org.apache.jasper.servlet.JspServlet@http-nio-8080-exec-10] PathInfo: null 
2022-05-30 00:52:13.443 DEBUG [org.apache.jasper.servlet.JspServlet@http-nio-8080-exec-10] RealPath: P:\Workspace-22.0\Projects\Acme-Toolkits-E3.08\target\classes\WEB-INF\views\master\panic.jsp 
2022-05-30 00:52:13.443 DEBUG [org.apache.jasper.servlet.JspServlet@http-nio-8080-exec-10] RequestURI: /acme-toolkits-e3.08-1.0/WEB-INF/views/master/page.jsp 
2022-05-30 00:52:13.444 DEBUG [org.apache.jasper.servlet.JspServlet@http-nio-8080-exec-10] QueryString: id= 
2022-05-30 00:52:13.672 ERROR [org.apache.jsp.WEB_002dINF.views.master.panic_jsp@http-nio-8080-exec-10] HTTP GET /acme-toolkits-e3.08-1.0/WEB-INF/views/master/page.jsp HTTP/1.1 
2022-05-30 00:52:13.672 ERROR [org.apache.jsp.WEB_002dINF.views.master.panic_jsp@http-nio-8080-exec-10] Status: 500 
2022-05-30 00:52:13.673 ERROR [org.apache.jsp.WEB_002dINF.views.master.panic_jsp@http-nio-8080-exec-10] Exception: acme.features.inventor.chimpum.InventorChimpumCreateService.instantiate(InventorChimpumCreateService.java:51): java.lang.NullPointerException 
