2022-05-22 21:55:01.154 INFO  [acme.Launcher@main] Starting Launcher using Java 1.8.0_281 on DESKTOP-B7M6F9V with PID 12888 (P:\Workspace-22.0\Frameworks\Acme-Framework-22.5.1\target\classes started by pabli in P:\Workspace-22.0\Projects\Acme-Toolkits-E3.08) 
2022-05-22 21:55:01.155 DEBUG [acme.Launcher@main] Running with Spring Boot v2.4.2, Spring v5.3.3 
2022-05-22 21:55:01.156 INFO  [acme.Launcher@main] The following profiles are active: development,default 
2022-05-22 21:55:03.589 DEBUG [org.apache.jasper.servlet.JasperInitializer@main] Initializing Jasper for context [application] 
2022-05-22 21:55:07.964 DEBUG [org.apache.jasper.servlet.JspServlet@main] Scratch dir for the JSP engine is: [C:\Users\pabli\AppData\Local\Temp\tomcat.8080.7433397913845291487\work\Tomcat\localhost\acme-toolkits-e3.08-1.0] 
2022-05-22 21:55:07.965 DEBUG [org.apache.jasper.servlet.JspServlet@main] IMPORTANT: Do not modify the generated servlets 
2022-05-22 21:55:07.972 INFO  [acme.Launcher@main] Started Launcher in 7.348 seconds (JVM running for 7.898) 
2022-05-22 21:55:07.976 DEBUG [acme.Launcher@main] Found classpath entry '/P:/Workspace-22.0/Projects/Acme-Toolkits-E3.08/target/test-classes/' 
2022-05-22 21:55:07.976 DEBUG [acme.Launcher@main] Found classpath entry '/P:/Workspace-22.0/Projects/Acme-Toolkits-E3.08/target/classes/' 
2022-05-22 21:55:07.976 DEBUG [acme.Launcher@main] Found classpath entry '/P:/Workspace-22.0/Frameworks/Acme-Framework-22.5.1/target/classes/' 
2022-05-22 21:55:07.977 DEBUG [acme.Launcher@main] Found classpath entry '/P:/Workspace-22.0/Frameworks/Acme-Framework-22.5.1/target/test-classes/' 
2022-05-22 21:55:07.977 DEBUG [acme.Launcher@main] Found classpath entry '/C:/Users/pabli/.m2/repository/org/springframework/boot/spring-boot-starter-tomcat/2.4.2/spring-boot-starter-tomcat-2.4.2.jar' 
2022-05-22 21:55:07.977 DEBUG [acme.Launcher@main] Found classpath entry '/C:/Users/pabli/.m2/repository/jakarta/annotation/jakarta.annotation-api/1.3.5/jakarta.annotation-api-1.3.5.jar' 
2022-05-22 21:55:07.977 DEBUG [acme.Launcher@main] Found classpath entry '/C:/Users/pabli/.m2/repository/org/apache/tomcat/embed/tomcat-embed-core/9.0.41/tomcat-embed-core-9.0.41.jar' 
2022-05-22 21:55:07.978 DEBUG [acme.Launcher@main] Found classpath entry '/C:/Users/pabli/.m2/repository/org/glassfish/jakarta.el/3.0.3/jakarta.el-3.0.3.jar' 
2022-05-22 21:55:07.978 DEBUG [acme.Launcher@main] Found classpath entry '/C:/Users/pabli/.m2/repository/org/apache/tomcat/embed/tomcat-embed-websocket/9.0.41/tomcat-embed-websocket-9.0.41.jar' 
2022-05-22 21:55:07.978 DEBUG [acme.Launcher@main] Found classpath entry '/C:/Users/pabli/.m2/repository/org/apache/tomcat/embed/tomcat-embed-jasper/9.0.41/tomcat-embed-jasper-9.0.41.jar' 
2022-05-22 21:55:07.978 DEBUG [acme.Launcher@main] Found classpath entry '/C:/Users/pabli/.m2/repository/org/apache/tomcat/embed/tomcat-embed-el/9.0.41/tomcat-embed-el-9.0.41.jar' 
2022-05-22 21:55:07.978 DEBUG [acme.Launcher@main] Found classpath entry '/C:/Users/pabli/.m2/repository/org/eclipse/jdt/ecj/3.18.0/ecj-3.18.0.jar' 
2022-05-22 21:55:07.978 DEBUG [acme.Launcher@main] Found classpath entry '/C:/Users/pabli/.m2/repository/javax/servlet/jstl/1.2/jstl-1.2.jar' 
2022-05-22 21:55:07.978 DEBUG [acme.Launcher@main] Found classpath entry '/C:/Users/pabli/.m2/repository/org/springframework/boot/spring-boot-starter-test/2.4.2/spring-boot-starter-test-2.4.2.jar' 
2022-05-22 21:55:07.978 DEBUG [acme.Launcher@main] Found classpath entry '/C:/Users/pabli/.m2/repository/org/springframework/boot/spring-boot-starter/2.4.2/spring-boot-starter-2.4.2.jar' 
2022-05-22 21:55:07.979 DEBUG [acme.Launcher@main] Found classpath entry '/C:/Users/pabli/.m2/repository/org/springframework/boot/spring-boot/2.4.2/spring-boot-2.4.2.jar' 
2022-05-22 21:55:07.979 DEBUG [acme.Launcher@main] Found classpath entry '/C:/Users/pabli/.m2/repository/org/springframework/boot/spring-boot-autoconfigure/2.4.2/spring-boot-autoconfigure-2.4.2.jar' 
2022-05-22 21:55:07.979 DEBUG [acme.Launcher@main] Found classpath entry '/C:/Users/pabli/.m2/repository/org/springframework/boot/spring-boot-starter-logging/2.4.2/spring-boot-starter-logging-2.4.2.jar' 
2022-05-22 21:55:07.979 DEBUG [acme.Launcher@main] Found classpath entry '/C:/Users/pabli/.m2/repository/ch/qos/logback/logback-classic/1.2.3/logback-classic-1.2.3.jar' 
2022-05-22 21:55:07.979 DEBUG [acme.Launcher@main] Found classpath entry '/C:/Users/pabli/.m2/repository/ch/qos/logback/logback-core/1.2.3/logback-core-1.2.3.jar' 
2022-05-22 21:55:07.979 DEBUG [acme.Launcher@main] Found classpath entry '/C:/Users/pabli/.m2/repository/org/apache/logging/log4j/log4j-to-slf4j/2.13.3/log4j-to-slf4j-2.13.3.jar' 
2022-05-22 21:55:07.979 DEBUG [acme.Launcher@main] Found classpath entry '/C:/Users/pabli/.m2/repository/org/apache/logging/log4j/log4j-api/2.13.3/log4j-api-2.13.3.jar' 
2022-05-22 21:55:07.979 DEBUG [acme.Launcher@main] Found classpath entry '/C:/Users/pabli/.m2/repository/org/slf4j/jul-to-slf4j/1.7.30/jul-to-slf4j-1.7.30.jar' 
2022-05-22 21:55:07.979 DEBUG [acme.Launcher@main] Found classpath entry '/C:/Users/pabli/.m2/repository/org/yaml/snakeyaml/1.27/snakeyaml-1.27.jar' 
2022-05-22 21:55:07.980 DEBUG [acme.Launcher@main] Found classpath entry '/C:/Users/pabli/.m2/repository/org/springframework/boot/spring-boot-test/2.4.2/spring-boot-test-2.4.2.jar' 
2022-05-22 21:55:07.980 DEBUG [acme.Launcher@main] Found classpath entry '/C:/Users/pabli/.m2/repository/org/springframework/boot/spring-boot-test-autoconfigure/2.4.2/spring-boot-test-autoconfigure-2.4.2.jar' 
2022-05-22 21:55:07.980 DEBUG [acme.Launcher@main] Found classpath entry '/C:/Users/pabli/.m2/repository/com/jayway/jsonpath/json-path/2.4.0/json-path-2.4.0.jar' 
2022-05-22 21:55:07.980 DEBUG [acme.Launcher@main] Found classpath entry '/C:/Users/pabli/.m2/repository/net/minidev/json-smart/2.3/json-smart-2.3.jar' 
2022-05-22 21:55:07.980 DEBUG [acme.Launcher@main] Found classpath entry '/C:/Users/pabli/.m2/repository/net/minidev/accessors-smart/1.2/accessors-smart-1.2.jar' 
2022-05-22 21:55:07.980 DEBUG [acme.Launcher@main] Found classpath entry '/C:/Users/pabli/.m2/repository/org/ow2/asm/asm/5.0.4/asm-5.0.4.jar' 
2022-05-22 21:55:07.980 DEBUG [acme.Launcher@main] Found classpath entry '/C:/Users/pabli/.m2/repository/jakarta/xml/bind/jakarta.xml.bind-api/2.3.3/jakarta.xml.bind-api-2.3.3.jar' 
2022-05-22 21:55:07.980 DEBUG [acme.Launcher@main] Found classpath entry '/C:/Users/pabli/.m2/repository/jakarta/activation/jakarta.activation-api/1.2.2/jakarta.activation-api-1.2.2.jar' 
2022-05-22 21:55:07.980 DEBUG [acme.Launcher@main] Found classpath entry '/C:/Users/pabli/.m2/repository/org/assertj/assertj-core/3.18.1/assertj-core-3.18.1.jar' 
2022-05-22 21:55:07.980 DEBUG [acme.Launcher@main] Found classpath entry '/C:/Users/pabli/.m2/repository/org/hamcrest/hamcrest/2.2/hamcrest-2.2.jar' 
2022-05-22 21:55:07.980 DEBUG [acme.Launcher@main] Found classpath entry '/C:/Users/pabli/.m2/repository/org/junit/jupiter/junit-jupiter/5.7.0/junit-jupiter-5.7.0.jar' 
2022-05-22 21:55:07.980 DEBUG [acme.Launcher@main] Found classpath entry '/C:/Users/pabli/.m2/repository/org/mockito/mockito-core/3.6.28/mockito-core-3.6.28.jar' 
2022-05-22 21:55:07.981 DEBUG [acme.Launcher@main] Found classpath entry '/C:/Users/pabli/.m2/repository/net/bytebuddy/byte-buddy-agent/1.10.19/byte-buddy-agent-1.10.19.jar' 
2022-05-22 21:55:07.981 DEBUG [acme.Launcher@main] Found classpath entry '/C:/Users/pabli/.m2/repository/org/objenesis/objenesis/3.1/objenesis-3.1.jar' 
2022-05-22 21:55:07.981 DEBUG [acme.Launcher@main] Found classpath entry '/C:/Users/pabli/.m2/repository/org/mockito/mockito-junit-jupiter/3.6.28/mockito-junit-jupiter-3.6.28.jar' 
2022-05-22 21:55:07.981 DEBUG [acme.Launcher@main] Found classpath entry '/C:/Users/pabli/.m2/repository/org/skyscreamer/jsonassert/1.5.0/jsonassert-1.5.0.jar' 
2022-05-22 21:55:07.981 DEBUG [acme.Launcher@main] Found classpath entry '/C:/Users/pabli/.m2/repository/com/vaadin/external/google/android-json/0.0.20131108.vaadin1/android-json-0.0.20131108.vaadin1.jar' 
2022-05-22 21:55:07.981 DEBUG [acme.Launcher@main] Found classpath entry '/C:/Users/pabli/.m2/repository/org/springframework/spring-core/5.3.3/spring-core-5.3.3.jar' 
2022-05-22 21:55:07.981 DEBUG [acme.Launcher@main] Found classpath entry '/C:/Users/pabli/.m2/repository/org/springframework/spring-jcl/5.3.3/spring-jcl-5.3.3.jar' 
2022-05-22 21:55:07.981 DEBUG [acme.Launcher@main] Found classpath entry '/C:/Users/pabli/.m2/repository/org/springframework/spring-test/5.3.3/spring-test-5.3.3.jar' 
2022-05-22 21:55:07.981 DEBUG [acme.Launcher@main] Found classpath entry '/C:/Users/pabli/.m2/repository/org/xmlunit/xmlunit-core/2.7.0/xmlunit-core-2.7.0.jar' 
2022-05-22 21:55:07.981 DEBUG [acme.Launcher@main] Found classpath entry '/C:/Users/pabli/.m2/repository/org/springframework/boot/spring-boot-starter-security/2.4.2/spring-boot-starter-security-2.4.2.jar' 
2022-05-22 21:55:07.981 DEBUG [acme.Launcher@main] Found classpath entry '/C:/Users/pabli/.m2/repository/org/springframework/spring-aop/5.3.3/spring-aop-5.3.3.jar' 
2022-05-22 21:55:07.981 DEBUG [acme.Launcher@main] Found classpath entry '/C:/Users/pabli/.m2/repository/org/springframework/security/spring-security-web/5.4.2/spring-security-web-5.4.2.jar' 
2022-05-22 21:55:07.982 DEBUG [acme.Launcher@main] Found classpath entry '/C:/Users/pabli/.m2/repository/org/springframework/security/spring-security-core/5.4.2/spring-security-core-5.4.2.jar' 
2022-05-22 21:55:07.982 DEBUG [acme.Launcher@main] Found classpath entry '/C:/Users/pabli/.m2/repository/org/springframework/spring-beans/5.3.3/spring-beans-5.3.3.jar' 
2022-05-22 21:55:07.982 DEBUG [acme.Launcher@main] Found classpath entry '/C:/Users/pabli/.m2/repository/org/springframework/spring-context/5.3.3/spring-context-5.3.3.jar' 
2022-05-22 21:55:07.982 DEBUG [acme.Launcher@main] Found classpath entry '/C:/Users/pabli/.m2/repository/org/springframework/spring-expression/5.3.3/spring-expression-5.3.3.jar' 
2022-05-22 21:55:07.982 DEBUG [acme.Launcher@main] Found classpath entry '/C:/Users/pabli/.m2/repository/org/springframework/spring-web/5.3.3/spring-web-5.3.3.jar' 
2022-05-22 21:55:07.982 DEBUG [acme.Launcher@main] Found classpath entry '/C:/Users/pabli/.m2/repository/org/springframework/security/spring-security-config/5.4.2/spring-security-config-5.4.2.jar' 
2022-05-22 21:55:07.982 DEBUG [acme.Launcher@main] Found classpath entry '/C:/Users/pabli/.m2/repository/org/springframework/security/spring-security-taglibs/5.4.2/spring-security-taglibs-5.4.2.jar' 
2022-05-22 21:55:07.982 DEBUG [acme.Launcher@main] Found classpath entry '/C:/Users/pabli/.m2/repository/org/springframework/security/spring-security-acl/5.4.2/spring-security-acl-5.4.2.jar' 
2022-05-22 21:55:07.982 DEBUG [acme.Launcher@main] Found classpath entry '/C:/Users/pabli/.m2/repository/org/springframework/spring-jdbc/5.3.3/spring-jdbc-5.3.3.jar' 
2022-05-22 21:55:07.982 DEBUG [acme.Launcher@main] Found classpath entry '/C:/Users/pabli/.m2/repository/org/springframework/spring-tx/5.3.3/spring-tx-5.3.3.jar' 
2022-05-22 21:55:07.982 DEBUG [acme.Launcher@main] Found classpath entry '/C:/Users/pabli/.m2/repository/org/springframework/boot/spring-boot-starter-web/2.4.2/spring-boot-starter-web-2.4.2.jar' 
2022-05-22 21:55:07.983 DEBUG [acme.Launcher@main] Found classpath entry '/C:/Users/pabli/.m2/repository/org/springframework/boot/spring-boot-starter-json/2.4.2/spring-boot-starter-json-2.4.2.jar' 
2022-05-22 21:55:07.983 DEBUG [acme.Launcher@main] Found classpath entry '/C:/Users/pabli/.m2/repository/com/fasterxml/jackson/core/jackson-databind/2.11.4/jackson-databind-2.11.4.jar' 
2022-05-22 21:55:07.983 DEBUG [acme.Launcher@main] Found classpath entry '/C:/Users/pabli/.m2/repository/com/fasterxml/jackson/core/jackson-annotations/2.11.4/jackson-annotations-2.11.4.jar' 
2022-05-22 21:55:07.983 DEBUG [acme.Launcher@main] Found classpath entry '/C:/Users/pabli/.m2/repository/com/fasterxml/jackson/core/jackson-core/2.11.4/jackson-core-2.11.4.jar' 
2022-05-22 21:55:07.983 DEBUG [acme.Launcher@main] Found classpath entry '/C:/Users/pabli/.m2/repository/com/fasterxml/jackson/datatype/jackson-datatype-jdk8/2.11.4/jackson-datatype-jdk8-2.11.4.jar' 
2022-05-22 21:55:07.983 DEBUG [acme.Launcher@main] Found classpath entry '/C:/Users/pabli/.m2/repository/com/fasterxml/jackson/datatype/jackson-datatype-jsr310/2.11.4/jackson-datatype-jsr310-2.11.4.jar' 
2022-05-22 21:55:07.983 DEBUG [acme.Launcher@main] Found classpath entry '/C:/Users/pabli/.m2/repository/com/fasterxml/jackson/module/jackson-module-parameter-names/2.11.4/jackson-module-parameter-names-2.11.4.jar' 
2022-05-22 21:55:07.983 DEBUG [acme.Launcher@main] Found classpath entry '/C:/Users/pabli/.m2/repository/org/springframework/spring-webmvc/5.3.3/spring-webmvc-5.3.3.jar' 
2022-05-22 21:55:07.983 DEBUG [acme.Launcher@main] Found classpath entry '/C:/Users/pabli/.m2/repository/org/apache/tiles/tiles-jsp/3.0.8/tiles-jsp-3.0.8.jar' 
2022-05-22 21:55:07.984 DEBUG [acme.Launcher@main] Found classpath entry '/C:/Users/pabli/.m2/repository/org/apache/tiles/tiles-servlet/3.0.8/tiles-servlet-3.0.8.jar' 
2022-05-22 21:55:07.984 DEBUG [acme.Launcher@main] Found classpath entry '/C:/Users/pabli/.m2/repository/org/apache/tiles/tiles-core/3.0.8/tiles-core-3.0.8.jar' 
2022-05-22 21:55:07.984 DEBUG [acme.Launcher@main] Found classpath entry '/C:/Users/pabli/.m2/repository/commons-digester/commons-digester/2.0/commons-digester-2.0.jar' 
2022-05-22 21:55:07.984 DEBUG [acme.Launcher@main] Found classpath entry '/C:/Users/pabli/.m2/repository/org/slf4j/jcl-over-slf4j/1.7.30/jcl-over-slf4j-1.7.30.jar' 
2022-05-22 21:55:07.984 DEBUG [acme.Launcher@main] Found classpath entry '/C:/Users/pabli/.m2/repository/org/apache/tiles/tiles-request-servlet/1.0.7/tiles-request-servlet-1.0.7.jar' 
2022-05-22 21:55:07.984 DEBUG [acme.Launcher@main] Found classpath entry '/C:/Users/pabli/.m2/repository/org/apache/tiles/tiles-template/3.0.8/tiles-template-3.0.8.jar' 
2022-05-22 21:55:07.984 DEBUG [acme.Launcher@main] Found classpath entry '/C:/Users/pabli/.m2/repository/org/apache/tiles/tiles-api/3.0.8/tiles-api-3.0.8.jar' 
2022-05-22 21:55:07.984 DEBUG [acme.Launcher@main] Found classpath entry '/C:/Users/pabli/.m2/repository/org/apache/tiles/tiles-autotag-core-runtime/1.2/tiles-autotag-core-runtime-1.2.jar' 
2022-05-22 21:55:07.984 DEBUG [acme.Launcher@main] Found classpath entry '/C:/Users/pabli/.m2/repository/org/slf4j/slf4j-api/1.7.30/slf4j-api-1.7.30.jar' 
2022-05-22 21:55:07.984 DEBUG [acme.Launcher@main] Found classpath entry '/C:/Users/pabli/.m2/repository/org/apache/tiles/tiles-request-jsp/1.0.7/tiles-request-jsp-1.0.7.jar' 
2022-05-22 21:55:07.984 DEBUG [acme.Launcher@main] Found classpath entry '/C:/Users/pabli/.m2/repository/org/apache/tiles/tiles-request-api/1.0.7/tiles-request-api-1.0.7.jar' 
2022-05-22 21:55:07.984 DEBUG [acme.Launcher@main] Found classpath entry '/C:/Users/pabli/.m2/repository/org/springframework/boot/spring-boot-starter-data-jpa/2.4.2/spring-boot-starter-data-jpa-2.4.2.jar' 
2022-05-22 21:55:07.984 DEBUG [acme.Launcher@main] Found classpath entry '/C:/Users/pabli/.m2/repository/org/springframework/boot/spring-boot-starter-aop/2.4.2/spring-boot-starter-aop-2.4.2.jar' 
2022-05-22 21:55:07.985 DEBUG [acme.Launcher@main] Found classpath entry '/C:/Users/pabli/.m2/repository/org/aspectj/aspectjweaver/1.9.6/aspectjweaver-1.9.6.jar' 
2022-05-22 21:55:07.985 DEBUG [acme.Launcher@main] Found classpath entry '/C:/Users/pabli/.m2/repository/org/springframework/boot/spring-boot-starter-jdbc/2.4.2/spring-boot-starter-jdbc-2.4.2.jar' 
2022-05-22 21:55:07.985 DEBUG [acme.Launcher@main] Found classpath entry '/C:/Users/pabli/.m2/repository/jakarta/transaction/jakarta.transaction-api/1.3.3/jakarta.transaction-api-1.3.3.jar' 
2022-05-22 21:55:07.985 DEBUG [acme.Launcher@main] Found classpath entry '/C:/Users/pabli/.m2/repository/jakarta/persistence/jakarta.persistence-api/2.2.3/jakarta.persistence-api-2.2.3.jar' 
2022-05-22 21:55:07.985 DEBUG [acme.Launcher@main] Found classpath entry '/C:/Users/pabli/.m2/repository/org/hibernate/hibernate-core/5.4.27.Final/hibernate-core-5.4.27.Final.jar' 
2022-05-22 21:55:07.985 DEBUG [acme.Launcher@main] Found classpath entry '/C:/Users/pabli/.m2/repository/org/jboss/logging/jboss-logging/3.4.1.Final/jboss-logging-3.4.1.Final.jar' 
2022-05-22 21:55:07.985 DEBUG [acme.Launcher@main] Found classpath entry '/C:/Users/pabli/.m2/repository/org/javassist/javassist/3.27.0-GA/javassist-3.27.0-GA.jar' 
2022-05-22 21:55:07.985 DEBUG [acme.Launcher@main] Found classpath entry '/C:/Users/pabli/.m2/repository/antlr/antlr/2.7.7/antlr-2.7.7.jar' 
2022-05-22 21:55:07.985 DEBUG [acme.Launcher@main] Found classpath entry '/C:/Users/pabli/.m2/repository/org/jboss/jandex/2.1.3.Final/jandex-2.1.3.Final.jar' 
2022-05-22 21:55:07.985 DEBUG [acme.Launcher@main] Found classpath entry '/C:/Users/pabli/.m2/repository/com/fasterxml/classmate/1.5.1/classmate-1.5.1.jar' 
2022-05-22 21:55:07.985 DEBUG [acme.Launcher@main] Found classpath entry '/C:/Users/pabli/.m2/repository/org/dom4j/dom4j/2.1.3/dom4j-2.1.3.jar' 
2022-05-22 21:55:07.986 DEBUG [acme.Launcher@main] Found classpath entry '/C:/Users/pabli/.m2/repository/org/hibernate/common/hibernate-commons-annotations/5.1.2.Final/hibernate-commons-annotations-5.1.2.Final.jar' 
2022-05-22 21:55:07.986 DEBUG [acme.Launcher@main] Found classpath entry '/C:/Users/pabli/.m2/repository/org/glassfish/jaxb/jaxb-runtime/2.3.3/jaxb-runtime-2.3.3.jar' 
2022-05-22 21:55:07.986 DEBUG [acme.Launcher@main] Found classpath entry '/C:/Users/pabli/.m2/repository/org/glassfish/jaxb/txw2/2.3.3/txw2-2.3.3.jar' 
2022-05-22 21:55:07.986 DEBUG [acme.Launcher@main] Found classpath entry '/C:/Users/pabli/.m2/repository/com/sun/istack/istack-commons-runtime/3.0.11/istack-commons-runtime-3.0.11.jar' 
2022-05-22 21:55:07.986 DEBUG [acme.Launcher@main] Found classpath entry '/C:/Users/pabli/.m2/repository/com/sun/activation/jakarta.activation/1.2.2/jakarta.activation-1.2.2.jar' 
2022-05-22 21:55:07.986 DEBUG [acme.Launcher@main] Found classpath entry '/C:/Users/pabli/.m2/repository/org/springframework/data/spring-data-jpa/2.4.3/spring-data-jpa-2.4.3.jar' 
2022-05-22 21:55:07.986 DEBUG [acme.Launcher@main] Found classpath entry '/C:/Users/pabli/.m2/repository/org/springframework/data/spring-data-commons/2.4.3/spring-data-commons-2.4.3.jar' 
2022-05-22 21:55:07.986 DEBUG [acme.Launcher@main] Found classpath entry '/C:/Users/pabli/.m2/repository/org/springframework/spring-orm/5.3.3/spring-orm-5.3.3.jar' 
2022-05-22 21:55:07.986 DEBUG [acme.Launcher@main] Found classpath entry '/C:/Users/pabli/.m2/repository/org/springframework/spring-aspects/5.3.3/spring-aspects-5.3.3.jar' 
2022-05-22 21:55:07.986 DEBUG [acme.Launcher@main] Found classpath entry '/C:/Users/pabli/.m2/repository/org/springframework/boot/spring-boot-starter-validation/2.4.2/spring-boot-starter-validation-2.4.2.jar' 
2022-05-22 21:55:07.986 DEBUG [acme.Launcher@main] Found classpath entry '/C:/Users/pabli/.m2/repository/org/hibernate/validator/hibernate-validator/6.1.7.Final/hibernate-validator-6.1.7.Final.jar' 
2022-05-22 21:55:07.986 DEBUG [acme.Launcher@main] Found classpath entry '/C:/Users/pabli/.m2/repository/jakarta/validation/jakarta.validation-api/2.0.2/jakarta.validation-api-2.0.2.jar' 
2022-05-22 21:55:07.986 DEBUG [acme.Launcher@main] Found classpath entry '/C:/Users/pabli/.m2/repository/mysql/mysql-connector-java/8.0.22/mysql-connector-java-8.0.22.jar' 
2022-05-22 21:55:07.987 DEBUG [acme.Launcher@main] Found classpath entry '/C:/Users/pabli/.m2/repository/com/zaxxer/HikariCP/3.4.5/HikariCP-3.4.5.jar' 
2022-05-22 21:55:07.987 DEBUG [acme.Launcher@main] Found classpath entry '/C:/Users/pabli/.m2/repository/org/junit/jupiter/junit-jupiter-engine/5.7.0/junit-jupiter-engine-5.7.0.jar' 
2022-05-22 21:55:07.987 DEBUG [acme.Launcher@main] Found classpath entry '/C:/Users/pabli/.m2/repository/org/apiguardian/apiguardian-api/1.1.0/apiguardian-api-1.1.0.jar' 
2022-05-22 21:55:07.987 DEBUG [acme.Launcher@main] Found classpath entry '/C:/Users/pabli/.m2/repository/org/junit/platform/junit-platform-engine/1.7.0/junit-platform-engine-1.7.0.jar' 
2022-05-22 21:55:07.987 DEBUG [acme.Launcher@main] Found classpath entry '/C:/Users/pabli/.m2/repository/org/junit/jupiter/junit-jupiter-api/5.7.0/junit-jupiter-api-5.7.0.jar' 
2022-05-22 21:55:07.987 DEBUG [acme.Launcher@main] Found classpath entry '/C:/Users/pabli/.m2/repository/org/opentest4j/opentest4j/1.2.0/opentest4j-1.2.0.jar' 
2022-05-22 21:55:07.987 DEBUG [acme.Launcher@main] Found classpath entry '/C:/Users/pabli/.m2/repository/org/junit/platform/junit-platform-commons/1.7.0/junit-platform-commons-1.7.0.jar' 
2022-05-22 21:55:07.987 DEBUG [acme.Launcher@main] Found classpath entry '/C:/Users/pabli/.m2/repository/org/junit/jupiter/junit-jupiter-params/5.7.0/junit-jupiter-params-5.7.0.jar' 
2022-05-22 21:55:07.987 DEBUG [acme.Launcher@main] Found classpath entry '/C:/Users/pabli/.m2/repository/org/junit/platform/junit-platform-launcher/1.7.0/junit-platform-launcher-1.7.0.jar' 
2022-05-22 21:55:07.988 DEBUG [acme.Launcher@main] Found classpath entry '/C:/Users/pabli/.m2/repository/org/seleniumhq/selenium/selenium-java/3.141.59/selenium-java-3.141.59.jar' 
2022-05-22 21:55:07.988 DEBUG [acme.Launcher@main] Found classpath entry '/C:/Users/pabli/.m2/repository/org/seleniumhq/selenium/selenium-api/3.141.59/selenium-api-3.141.59.jar' 
2022-05-22 21:55:07.988 DEBUG [acme.Launcher@main] Found classpath entry '/C:/Users/pabli/.m2/repository/org/seleniumhq/selenium/selenium-chrome-driver/3.141.59/selenium-chrome-driver-3.141.59.jar' 
2022-05-22 21:55:07.988 DEBUG [acme.Launcher@main] Found classpath entry '/C:/Users/pabli/.m2/repository/org/seleniumhq/selenium/selenium-edge-driver/3.141.59/selenium-edge-driver-3.141.59.jar' 
2022-05-22 21:55:07.988 DEBUG [acme.Launcher@main] Found classpath entry '/C:/Users/pabli/.m2/repository/org/seleniumhq/selenium/selenium-firefox-driver/3.141.59/selenium-firefox-driver-3.141.59.jar' 
2022-05-22 21:55:07.988 DEBUG [acme.Launcher@main] Found classpath entry '/C:/Users/pabli/.m2/repository/org/seleniumhq/selenium/selenium-ie-driver/3.141.59/selenium-ie-driver-3.141.59.jar' 
2022-05-22 21:55:07.988 DEBUG [acme.Launcher@main] Found classpath entry '/C:/Users/pabli/.m2/repository/org/seleniumhq/selenium/selenium-opera-driver/3.141.59/selenium-opera-driver-3.141.59.jar' 
2022-05-22 21:55:07.988 DEBUG [acme.Launcher@main] Found classpath entry '/C:/Users/pabli/.m2/repository/org/seleniumhq/selenium/selenium-remote-driver/3.141.59/selenium-remote-driver-3.141.59.jar' 
2022-05-22 21:55:07.988 DEBUG [acme.Launcher@main] Found classpath entry '/C:/Users/pabli/.m2/repository/org/seleniumhq/selenium/selenium-safari-driver/3.141.59/selenium-safari-driver-3.141.59.jar' 
2022-05-22 21:55:07.988 DEBUG [acme.Launcher@main] Found classpath entry '/C:/Users/pabli/.m2/repository/org/seleniumhq/selenium/selenium-support/3.141.59/selenium-support-3.141.59.jar' 
2022-05-22 21:55:07.989 DEBUG [acme.Launcher@main] Found classpath entry '/C:/Users/pabli/.m2/repository/net/bytebuddy/byte-buddy/1.10.19/byte-buddy-1.10.19.jar' 
2022-05-22 21:55:07.989 DEBUG [acme.Launcher@main] Found classpath entry '/C:/Users/pabli/.m2/repository/org/apache/commons/commons-exec/1.3/commons-exec-1.3.jar' 
2022-05-22 21:55:07.989 DEBUG [acme.Launcher@main] Found classpath entry '/C:/Users/pabli/.m2/repository/com/google/guava/guava/25.0-jre/guava-25.0-jre.jar' 
2022-05-22 21:55:07.989 DEBUG [acme.Launcher@main] Found classpath entry '/C:/Users/pabli/.m2/repository/com/google/code/findbugs/jsr305/1.3.9/jsr305-1.3.9.jar' 
2022-05-22 21:55:07.989 DEBUG [acme.Launcher@main] Found classpath entry '/C:/Users/pabli/.m2/repository/org/checkerframework/checker-compat-qual/2.0.0/checker-compat-qual-2.0.0.jar' 
2022-05-22 21:55:07.989 DEBUG [acme.Launcher@main] Found classpath entry '/C:/Users/pabli/.m2/repository/com/google/errorprone/error_prone_annotations/2.1.3/error_prone_annotations-2.1.3.jar' 
2022-05-22 21:55:07.989 DEBUG [acme.Launcher@main] Found classpath entry '/C:/Users/pabli/.m2/repository/com/google/j2objc/j2objc-annotations/1.1/j2objc-annotations-1.1.jar' 
2022-05-22 21:55:07.989 DEBUG [acme.Launcher@main] Found classpath entry '/C:/Users/pabli/.m2/repository/org/codehaus/mojo/animal-sniffer-annotations/1.14/animal-sniffer-annotations-1.14.jar' 
2022-05-22 21:55:07.989 DEBUG [acme.Launcher@main] Found classpath entry '/C:/Users/pabli/.m2/repository/com/squareup/okhttp3/okhttp/3.14.9/okhttp-3.14.9.jar' 
2022-05-22 21:55:07.989 DEBUG [acme.Launcher@main] Found classpath entry '/C:/Users/pabli/.m2/repository/com/squareup/okio/okio/1.14.0/okio-1.14.0.jar' 
2022-05-22 21:55:07.989 DEBUG [acme.Launcher@main] Found classpath entry '/C:/Users/pabli/.m2/repository/org/apache/commons/commons-lang3/3.11/commons-lang3-3.11.jar' 
2022-05-22 21:55:07.989 DEBUG [acme.Launcher@main] Found classpath entry '/C:/Users/pabli/.m2/repository/org/apache/commons/commons-text/1.8/commons-text-1.8.jar' 
2022-05-22 21:55:07.989 DEBUG [acme.Launcher@main] Found classpath entry '/C:/Users/pabli/.m2/repository/commons-io/commons-io/2.6/commons-io-2.6.jar' 
2022-05-22 21:55:07.989 DEBUG [acme.Launcher@main] Found classpath entry '/C:/Users/pabli/.m2/repository/commons-cli/commons-cli/1.4/commons-cli-1.4.jar' 
2022-05-22 21:55:07.990 DEBUG [acme.Launcher@main] Found classpath entry '/C:/Users/pabli/.m2/repository/org/projectlombok/lombok/1.18.16/lombok-1.18.16.jar' 
2022-05-22 21:55:07.990 DEBUG [acme.Launcher@main] Found classpath entry '/C:/Users/pabli/.m2/repository/com/opencsv/opencsv/5.4/opencsv-5.4.jar' 
2022-05-22 21:55:07.990 DEBUG [acme.Launcher@main] Found classpath entry '/C:/Users/pabli/.m2/repository/commons-beanutils/commons-beanutils/1.9.4/commons-beanutils-1.9.4.jar' 
2022-05-22 21:55:07.990 DEBUG [acme.Launcher@main] Found classpath entry '/C:/Users/pabli/.m2/repository/commons-logging/commons-logging/1.2/commons-logging-1.2.jar' 
2022-05-22 21:55:07.990 DEBUG [acme.Launcher@main] Found classpath entry '/C:/Users/pabli/.m2/repository/commons-collections/commons-collections/3.2.2/commons-collections-3.2.2.jar' 
2022-05-22 21:55:07.990 DEBUG [acme.Launcher@main] Found classpath entry '/C:/Users/pabli/.m2/repository/org/apache/commons/commons-collections4/4.4/commons-collections4-4.4.jar' 
2022-05-22 21:55:07.990 DEBUG [acme.Launcher@main] Found classpath entry '/P:/Workspace-22.0/Projects/Acme-Toolkits-E3.08/spam-detector/project.jar' 
2022-05-22 21:55:08.083 DEBUG [acme.Launcher@main] Found entity class 'acme.entities.Announcement 
2022-05-22 21:55:08.083 DEBUG [acme.Launcher@main] Found entity class 'acme.entities.Chirp 
2022-05-22 21:55:08.083 DEBUG [acme.Launcher@main] Found entity class 'acme.entities.Item 
2022-05-22 21:55:08.084 DEBUG [acme.Launcher@main] Found entity class 'acme.entities.Patronage 
2022-05-22 21:55:08.084 DEBUG [acme.Launcher@main] Found entity class 'acme.entities.PatronageReport 
2022-05-22 21:55:08.084 DEBUG [acme.Launcher@main] Found entity class 'acme.entities.Quantity 
2022-05-22 21:55:08.084 DEBUG [acme.Launcher@main] Found entity class 'acme.entities.SystemConfiguration 
2022-05-22 21:55:08.084 DEBUG [acme.Launcher@main] Found entity class 'acme.entities.Toolkit 
2022-05-22 21:55:08.084 DEBUG [acme.Launcher@main] Found entity class 'acme.roles.Consumer 
2022-05-22 21:55:08.084 DEBUG [acme.Launcher@main] Found entity class 'acme.roles.Inventor 
2022-05-22 21:55:08.084 DEBUG [acme.Launcher@main] Found entity class 'acme.roles.Patron 
2022-05-22 21:55:08.084 DEBUG [acme.Launcher@main] Found entity class 'acme.roles.Provider 
2022-05-22 21:55:08.084 DEBUG [acme.Launcher@main] Found entity class 'acme.framework.entities.UserAccount 
2022-05-22 21:55:08.084 DEBUG [acme.Launcher@main] Found entity class 'acme.framework.roles.Administrator 
2022-05-22 21:55:08.085 DEBUG [acme.Launcher@main] Found entity class 'acme.framework.roles.Anonymous 
2022-05-22 21:55:08.085 DEBUG [acme.Launcher@main] Found entity class 'acme.framework.roles.Any 
2022-05-22 21:55:08.085 DEBUG [acme.Launcher@main] Found entity class 'acme.framework.roles.Authenticated 
2022-05-22 21:55:08.088 INFO  [acme.Launcher@main] Running application (Standalone) 
2022-05-22 21:57:51.214 DEBUG [org.hibernate.SQL@http-nio-8080-exec-2] select useraccoun0_.id as id1_0_, useraccoun0_.version as version2_0_, useraccoun0_.enabled as enabled1_17_, useraccoun0_.identity as identity2_17_, useraccoun0_.password as password3_17_, useraccoun0_.username as username4_17_ from user_account useraccoun0_ where useraccoun0_.username=? 
2022-05-22 21:57:51.236 TRACE [org.hibernate.type.descriptor.sql.BasicBinder@http-nio-8080-exec-2] binding parameter [1] as [VARCHAR] - [inventor1] 
2022-05-22 21:57:51.270 DEBUG [org.hibernate.SQL@http-nio-8080-exec-2] select roles0_.user_account_id as user_acc1_18_0_, roles0_.id as id1_18_0_, roles0_.id as id1_0_1_, roles0_.version as version2_0_1_, roles0_.user_account_id as user_acc1_18_1_, roles0_.company as company1_7_1_, roles0_.sector as sector2_7_1_, roles0_.company as company1_8_1_, roles0_.info as info2_8_1_, roles0_.statement as statemen3_8_1_, roles0_.company as company1_10_1_, roles0_.info as info2_10_1_, roles0_.statement as statemen3_10_1_, roles0_.company as company1_13_1_, roles0_.sector as sector2_13_1_, roles0_.clazz_ as clazz_1_ from ( select id, version, user_account_id, company, sector, null as info, null as statement, 10 as clazz_ from consumer union all select id, version, user_account_id, company, null as sector, info, statement, 11 as clazz_ from inventor union all select id, version, user_account_id, company, null as sector, info, statement, 12 as clazz_ from patron union all select id, version, user_account_id, company, sector, null as info, null as statement, 13 as clazz_ from provider union all select id, version, user_account_id, null as company, null as sector, null as info, null as statement, 15 as clazz_ from administrator union all select id, version, user_account_id, null as company, null as sector, null as info, null as statement, 16 as clazz_ from anonymous union all select id, version, user_account_id, null as company, null as sector, null as info, null as statement, 17 as clazz_ from any union all select id, version, user_account_id, null as company, null as sector, null as info, null as statement, 18 as clazz_ from authenticated ) roles0_ where roles0_.user_account_id=? 
2022-05-22 21:57:51.271 TRACE [org.hibernate.type.descriptor.sql.BasicBinder@http-nio-8080-exec-2] binding parameter [1] as [INTEGER] - [9] 
2022-05-22 21:57:51.335 DEBUG [acme.framework.controllers.AbstractController@http-nio-8080-exec-2] DISPATCHING GET /acme-toolkits-e3.08-1.0/inventor/patronage-report/list 
2022-05-22 21:57:51.335 DEBUG [acme.framework.controllers.AbstractController@http-nio-8080-exec-2] Command: list 
2022-05-22 21:57:51.335 DEBUG [acme.framework.controllers.AbstractController@http-nio-8080-exec-2] Model:   {} 
2022-05-22 21:57:51.335 DEBUG [acme.framework.controllers.AbstractController@http-nio-8080-exec-2] Locale:  es 
2022-05-22 21:57:51.351 DEBUG [org.hibernate.SQL@http-nio-8080-exec-2] select patronager0_.id as id1_0_, patronager0_.version as version2_0_, patronager0_.creation_moment as creation1_12_, patronager0_.link as link2_12_, patronager0_.memorandum as memorand3_12_, patronager0_.patronage_id as patronag6_12_, patronager0_.sequence_number as sequence4_12_, patronager0_.serial_number as serial_n5_12_ from patronage_report patronager0_ cross join patronage patronage1_ where patronager0_.patronage_id=patronage1_.id and patronage1_.inventor_id=? 
2022-05-22 21:57:51.351 TRACE [org.hibernate.type.descriptor.sql.BasicBinder@http-nio-8080-exec-2] binding parameter [1] as [INTEGER] - [14] 
2022-05-22 21:57:51.354 DEBUG [org.hibernate.SQL@http-nio-8080-exec-2] select patronage0_.id as id1_0_0_, patronage0_.version as version2_0_0_, patronage0_.budget_amount as budget_a1_11_0_, patronage0_.budget_currency as budget_c2_11_0_, patronage0_.code as code3_11_0_, patronage0_.creation_date as creation4_11_0_, patronage0_.deadline as deadline5_11_0_, patronage0_.info as info6_11_0_, patronage0_.inventor_id as invento13_11_0_, patronage0_.legal_stuff as legal_st7_11_0_, patronage0_.patron_id as patron_14_11_0_, patronage0_.published as publishe8_11_0_, patronage0_.start_date as start_da9_11_0_, patronage0_.status as status10_11_0_, patronage0_.system_budget_amount as system_11_11_0_, patronage0_.system_budget_currency as system_12_11_0_, inventor1_.id as id1_0_1_, inventor1_.version as version2_0_1_, inventor1_.user_account_id as user_acc1_18_1_, inventor1_.company as company1_8_1_, inventor1_.info as info2_8_1_, inventor1_.statement as statemen3_8_1_, useraccoun2_.id as id1_0_2_, useraccoun2_.version as version2_0_2_, useraccoun2_.enabled as enabled1_17_2_, useraccoun2_.identity as identity2_17_2_, useraccoun2_.password as password3_17_2_, useraccoun2_.username as username4_17_2_, patron3_.id as id1_0_3_, patron3_.version as version2_0_3_, patron3_.user_account_id as user_acc1_18_3_, patron3_.company as company1_10_3_, patron3_.info as info2_10_3_, patron3_.statement as statemen3_10_3_, useraccoun4_.id as id1_0_4_, useraccoun4_.version as version2_0_4_, useraccoun4_.enabled as enabled1_17_4_, useraccoun4_.identity as identity2_17_4_, useraccoun4_.password as password3_17_4_, useraccoun4_.username as username4_17_4_ from patronage patronage0_ inner join inventor inventor1_ on patronage0_.inventor_id=inventor1_.id inner join user_account useraccoun2_ on inventor1_.user_account_id=useraccoun2_.id inner join patron patron3_ on patronage0_.patron_id=patron3_.id inner join user_account useraccoun4_ on patron3_.user_account_id=useraccoun4_.id where patronage0_.id=? 
2022-05-22 21:57:51.354 TRACE [org.hibernate.type.descriptor.sql.BasicBinder@http-nio-8080-exec-2] binding parameter [1] as [INTEGER] - [19] 
2022-05-22 21:57:51.383 DEBUG [acme.framework.controllers.AbstractController@http-nio-8080-exec-2] SERVING GET /acme-toolkits-e3.08-1.0/inventor/patronage-report/list 
2022-05-22 21:57:51.384 DEBUG [acme.framework.controllers.AbstractController@http-nio-8080-exec-2] Result: ModelAndView [view="inventor/patronage-report/list"; model={memorandum[0]=Aqui va el memorandum, version[0]=0, creationMoment[0]=2022-01-15 10:00:00.0, id[0]=36, list$size=1, command=list, principal=acme.framework.entities.Principal@24c3bbf3}] 
2022-05-22 21:57:51.395 DEBUG [acme.framework.components.tiles.DynamicTilesView@http-nio-8080-exec-2] View name 'inventor/patronage-report/list', model {memorandum[0]=Aqui va el memorandum, version[0]=0, creationMoment[0]=2022-01-15 10:00:00.0, id[0]=36, list$size=1, command=list, principal=acme.framework.entities.Principal@24c3bbf3, org.springframework.validation.BindingResult.principal=org.springframework.validation.BeanPropertyBindingResult: 0 errors} 
2022-05-22 21:57:51.408 DEBUG [org.apache.tiles.definition.dao.BaseLocaleUrlDefinitionDAO@http-nio-8080-exec-2] File Resource file:/P:/Workspace-22.0/Projects/Acme-Toolkits-E3.08/target/classes/WEB-INF/views/master/tiles_es.xml at file:/P:/Workspace-22.0/Projects/Acme-Toolkits-E3.08/target/classes/WEB-INF/views/master/tiles_es.xml not found, continue 
2022-05-22 21:57:51.415 DEBUG [org.apache.jasper.servlet.JspServlet@http-nio-8080-exec-2] JspEngine --> /WEB-INF/views/master/page.jsp 
2022-05-22 21:57:51.416 DEBUG [org.apache.jasper.servlet.JspServlet@http-nio-8080-exec-2] ServletPath: /WEB-INF/views/master/page.jsp 
2022-05-22 21:57:51.416 DEBUG [org.apache.jasper.servlet.JspServlet@http-nio-8080-exec-2] PathInfo: null 
2022-05-22 21:57:51.418 DEBUG [org.apache.jasper.servlet.JspServlet@http-nio-8080-exec-2] RealPath: P:\Workspace-22.0\Projects\Acme-Toolkits-E3.08\target\classes\WEB-INF\views\master\page.jsp 
2022-05-22 21:57:51.418 DEBUG [org.apache.jasper.servlet.JspServlet@http-nio-8080-exec-2] RequestURI: /acme-toolkits-e3.08-1.0/WEB-INF/views/master/page.jsp 
2022-05-22 21:57:51.419 DEBUG [org.apache.jasper.servlet.JspServlet@http-nio-8080-exec-2] QueryString: null 
2022-05-22 21:57:54.597 DEBUG [acme.framework.configuration.ExtendedMessageSource@http-nio-8080-exec-2] Loading properties [P:\Workspace-22.0\Projects\Acme-Toolkits-E3.08\target\classes\WEB-INF\views\administrator\administrator-dashboard\messages-en.i18n] with encoding 'utf-8' 
2022-05-22 21:57:54.598 DEBUG [acme.framework.configuration.ExtendedMessageSource@http-nio-8080-exec-2] Loading properties [P:\Workspace-22.0\Projects\Acme-Toolkits-E3.08\target\classes\WEB-INF\views\administrator\announcement\messages-en.i18n] with encoding 'utf-8' 
2022-05-22 21:57:54.599 DEBUG [acme.framework.configuration.ExtendedMessageSource@http-nio-8080-exec-2] Loading properties [P:\Workspace-22.0\Projects\Acme-Toolkits-E3.08\target\classes\WEB-INF\views\administrator\system-configuration\messsages-en.i18n] with encoding 'utf-8' 
2022-05-22 21:57:54.599 DEBUG [acme.framework.configuration.ExtendedMessageSource@http-nio-8080-exec-2] Loading properties [P:\Workspace-22.0\Projects\Acme-Toolkits-E3.08\target\classes\WEB-INF\views\administrator\user-account\messages-en.i18n] with encoding 'utf-8' 
2022-05-22 21:57:54.600 DEBUG [acme.framework.configuration.ExtendedMessageSource@http-nio-8080-exec-2] Loading properties [P:\Workspace-22.0\Projects\Acme-Toolkits-E3.08\target\classes\WEB-INF\views\anonymous\user-account\messages-en.i18n] with encoding 'utf-8' 
2022-05-22 21:57:54.600 DEBUG [acme.framework.configuration.ExtendedMessageSource@http-nio-8080-exec-2] Loading properties [P:\Workspace-22.0\Projects\Acme-Toolkits-E3.08\target\classes\WEB-INF\views\any\chirp\messsages-en.i18n] with encoding 'utf-8' 
2022-05-22 21:57:54.600 DEBUG [acme.framework.configuration.ExtendedMessageSource@http-nio-8080-exec-2] Loading properties [P:\Workspace-22.0\Projects\Acme-Toolkits-E3.08\target\classes\WEB-INF\views\any\item\messsages-en.i18n] with encoding 'utf-8' 
2022-05-22 21:57:54.601 DEBUG [acme.framework.configuration.ExtendedMessageSource@http-nio-8080-exec-2] Loading properties [P:\Workspace-22.0\Projects\Acme-Toolkits-E3.08\target\classes\WEB-INF\views\any\toolkit\messsages-en.i18n] with encoding 'utf-8' 
2022-05-22 21:57:54.602 DEBUG [acme.framework.configuration.ExtendedMessageSource@http-nio-8080-exec-2] Loading properties [P:\Workspace-22.0\Projects\Acme-Toolkits-E3.08\target\classes\WEB-INF\views\any\user-account\messsages-en.i18n] with encoding 'utf-8' 
2022-05-22 21:57:54.602 DEBUG [acme.framework.configuration.ExtendedMessageSource@http-nio-8080-exec-2] Loading properties [P:\Workspace-22.0\Projects\Acme-Toolkits-E3.08\target\classes\WEB-INF\views\authenticated\announcement\messsages-en.i18n] with encoding 'utf-8' 
2022-05-22 21:57:54.602 DEBUG [acme.framework.configuration.ExtendedMessageSource@http-nio-8080-exec-2] Loading properties [P:\Workspace-22.0\Projects\Acme-Toolkits-E3.08\target\classes\WEB-INF\views\authenticated\consumer\messsages-en.i18n] with encoding 'utf-8' 
2022-05-22 21:57:54.603 DEBUG [acme.framework.configuration.ExtendedMessageSource@http-nio-8080-exec-2] Loading properties [P:\Workspace-22.0\Projects\Acme-Toolkits-E3.08\target\classes\WEB-INF\views\authenticated\inventor\messsages-en.i18n] with encoding 'utf-8' 
2022-05-22 21:57:54.603 DEBUG [acme.framework.configuration.ExtendedMessageSource@http-nio-8080-exec-2] Loading properties [P:\Workspace-22.0\Projects\Acme-Toolkits-E3.08\target\classes\WEB-INF\views\authenticated\patron\messsages-en.i18n] with encoding 'utf-8' 
2022-05-22 21:57:54.603 DEBUG [acme.framework.configuration.ExtendedMessageSource@http-nio-8080-exec-2] Loading properties [P:\Workspace-22.0\Projects\Acme-Toolkits-E3.08\target\classes\WEB-INF\views\authenticated\provider\messsages-en.i18n] with encoding 'utf-8' 
2022-05-22 21:57:54.604 DEBUG [acme.framework.configuration.ExtendedMessageSource@http-nio-8080-exec-2] Loading properties [P:\Workspace-22.0\Projects\Acme-Toolkits-E3.08\target\classes\WEB-INF\views\authenticated\system-configuration\messsages-en.i18n] with encoding 'utf-8' 
2022-05-22 21:57:54.604 DEBUG [acme.framework.configuration.ExtendedMessageSource@http-nio-8080-exec-2] Loading properties [P:\Workspace-22.0\Projects\Acme-Toolkits-E3.08\target\classes\WEB-INF\views\authenticated\user-account\messages-en.i18n] with encoding 'utf-8' 
2022-05-22 21:57:54.605 DEBUG [acme.framework.configuration.ExtendedMessageSource@http-nio-8080-exec-2] Loading properties [P:\Workspace-22.0\Projects\Acme-Toolkits-E3.08\target\classes\WEB-INF\views\fragments\banner-en.i18n] with encoding 'utf-8' 
2022-05-22 21:57:54.605 DEBUG [acme.framework.configuration.ExtendedMessageSource@http-nio-8080-exec-2] Loading properties [P:\Workspace-22.0\Projects\Acme-Toolkits-E3.08\target\classes\WEB-INF\views\fragments\company-en.i18n] with encoding 'utf-8' 
2022-05-22 21:57:54.606 DEBUG [acme.framework.configuration.ExtendedMessageSource@http-nio-8080-exec-2] Loading properties [P:\Workspace-22.0\Projects\Acme-Toolkits-E3.08\target\classes\WEB-INF\views\fragments\footer-en.i18n] with encoding 'utf-8' 
2022-05-22 21:57:54.606 DEBUG [acme.framework.configuration.ExtendedMessageSource@http-nio-8080-exec-2] Loading properties [P:\Workspace-22.0\Projects\Acme-Toolkits-E3.08\target\classes\WEB-INF\views\fragments\license-en.i18n] with encoding 'utf-8' 
2022-05-22 21:57:54.607 DEBUG [acme.framework.configuration.ExtendedMessageSource@http-nio-8080-exec-2] Loading properties [P:\Workspace-22.0\Projects\Acme-Toolkits-E3.08\target\classes\WEB-INF\views\fragments\menu-en.i18n] with encoding 'utf-8' 
2022-05-22 21:57:54.608 DEBUG [acme.framework.configuration.ExtendedMessageSource@http-nio-8080-exec-2] Loading properties [P:\Workspace-22.0\Projects\Acme-Toolkits-E3.08\target\classes\WEB-INF\views\fragments\messsages-en.i18n] with encoding 'utf-8' 
2022-05-22 21:57:54.608 DEBUG [acme.framework.configuration.ExtendedMessageSource@http-nio-8080-exec-2] Loading properties [P:\Workspace-22.0\Projects\Acme-Toolkits-E3.08\target\classes\WEB-INF\views\fragments\title-en.i18n] with encoding 'utf-8' 
2022-05-22 21:57:54.609 DEBUG [acme.framework.configuration.ExtendedMessageSource@http-nio-8080-exec-2] Loading properties [P:\Workspace-22.0\Projects\Acme-Toolkits-E3.08\target\classes\WEB-INF\views\fragments\welcome-en.i18n] with encoding 'utf-8' 
2022-05-22 21:57:54.610 DEBUG [acme.framework.configuration.ExtendedMessageSource@http-nio-8080-exec-2] Loading properties [P:\Workspace-22.0\Projects\Acme-Toolkits-E3.08\target\classes\WEB-INF\views\inventor\item\messsages-en.i18n] with encoding 'utf-8' 
2022-05-22 21:57:54.612 DEBUG [acme.framework.configuration.ExtendedMessageSource@http-nio-8080-exec-2] Loading properties [P:\Workspace-22.0\Projects\Acme-Toolkits-E3.08\target\classes\WEB-INF\views\inventor\patronage\messsages-en.i18n] with encoding 'utf-8' 
2022-05-22 21:57:54.613 DEBUG [acme.framework.configuration.ExtendedMessageSource@http-nio-8080-exec-2] Loading properties [P:\Workspace-22.0\Projects\Acme-Toolkits-E3.08\target\classes\WEB-INF\views\inventor\patronage-report\messages-en.i18n] with encoding 'utf-8' 
2022-05-22 21:57:54.614 DEBUG [acme.framework.configuration.ExtendedMessageSource@http-nio-8080-exec-2] Loading properties [P:\Workspace-22.0\Projects\Acme-Toolkits-E3.08\target\classes\WEB-INF\views\inventor\toolkit\messsages-en.i18n] with encoding 'utf-8' 
2022-05-22 21:57:54.616 DEBUG [acme.framework.configuration.ExtendedMessageSource@http-nio-8080-exec-2] Loading properties [P:\Workspace-22.0\Projects\Acme-Toolkits-E3.08\target\classes\WEB-INF\views\master\defaults-en.i18n] with encoding 'utf-8' 
2022-05-22 21:57:54.617 DEBUG [acme.framework.configuration.ExtendedMessageSource@http-nio-8080-exec-2] Loading properties [P:\Workspace-22.0\Projects\Acme-Toolkits-E3.08\target\classes\WEB-INF\views\master\master-en.i18n] with encoding 'utf-8' 
2022-05-22 21:57:54.618 DEBUG [acme.framework.configuration.ExtendedMessageSource@http-nio-8080-exec-2] Loading properties [P:\Workspace-22.0\Projects\Acme-Toolkits-E3.08\target\classes\WEB-INF\views\master\throwables-en.i18n] with encoding 'utf-8' 
2022-05-22 21:57:54.618 DEBUG [acme.framework.configuration.ExtendedMessageSource@http-nio-8080-exec-2] Loading properties [P:\Workspace-22.0\Projects\Acme-Toolkits-E3.08\target\classes\WEB-INF\views\master\validation-en.i18n] with encoding 'utf-8' 
2022-05-22 21:57:54.619 DEBUG [acme.framework.configuration.ExtendedMessageSource@http-nio-8080-exec-2] Loading properties [P:\Workspace-22.0\Projects\Acme-Toolkits-E3.08\target\classes\WEB-INF\views\patron\patron-dashboard\messages-en.i18n] with encoding 'utf-8' 
2022-05-22 21:57:54.620 DEBUG [acme.framework.configuration.ExtendedMessageSource@http-nio-8080-exec-2] Loading properties [P:\Workspace-22.0\Projects\Acme-Toolkits-E3.08\target\classes\WEB-INF\views\patron\patronage\messsages-en.i18n] with encoding 'utf-8' 
2022-05-22 21:57:54.621 DEBUG [acme.framework.configuration.ExtendedMessageSource@http-nio-8080-exec-2] Loading properties [P:\Workspace-22.0\Projects\Acme-Toolkits-E3.08\target\classes\WEB-INF\views\patron\patronage-report\messsages-en.i18n] with encoding 'utf-8' 
2022-05-22 21:57:54.627 DEBUG [acme.framework.configuration.ExtendedMessageSource@http-nio-8080-exec-2] Loading properties [P:\Workspace-22.0\Projects\Acme-Toolkits-E3.08\target\classes\WEB-INF\views\administrator\administrator-dashboard\messages-es.i18n] with encoding 'utf-8' 
2022-05-22 21:57:54.630 DEBUG [acme.framework.configuration.ExtendedMessageSource@http-nio-8080-exec-2] Loading properties [P:\Workspace-22.0\Projects\Acme-Toolkits-E3.08\target\classes\WEB-INF\views\administrator\announcement\messages-es.i18n] with encoding 'utf-8' 
2022-05-22 21:57:54.631 DEBUG [acme.framework.configuration.ExtendedMessageSource@http-nio-8080-exec-2] Loading properties [P:\Workspace-22.0\Projects\Acme-Toolkits-E3.08\target\classes\WEB-INF\views\administrator\system-configuration\messsages-es.i18n] with encoding 'utf-8' 
2022-05-22 21:57:54.633 DEBUG [acme.framework.configuration.ExtendedMessageSource@http-nio-8080-exec-2] Loading properties [P:\Workspace-22.0\Projects\Acme-Toolkits-E3.08\target\classes\WEB-INF\views\administrator\user-account\messages-es.i18n] with encoding 'utf-8' 
2022-05-22 21:57:54.634 DEBUG [acme.framework.configuration.ExtendedMessageSource@http-nio-8080-exec-2] Loading properties [P:\Workspace-22.0\Projects\Acme-Toolkits-E3.08\target\classes\WEB-INF\views\anonymous\user-account\messages-es.i18n] with encoding 'utf-8' 
2022-05-22 21:57:54.634 DEBUG [acme.framework.configuration.ExtendedMessageSource@http-nio-8080-exec-2] Loading properties [P:\Workspace-22.0\Projects\Acme-Toolkits-E3.08\target\classes\WEB-INF\views\any\chirp\messsages-es.i18n] with encoding 'utf-8' 
2022-05-22 21:57:54.635 DEBUG [acme.framework.configuration.ExtendedMessageSource@http-nio-8080-exec-2] Loading properties [P:\Workspace-22.0\Projects\Acme-Toolkits-E3.08\target\classes\WEB-INF\views\any\item\messsages-es.i18n] with encoding 'utf-8' 
2022-05-22 21:57:54.635 DEBUG [acme.framework.configuration.ExtendedMessageSource@http-nio-8080-exec-2] Loading properties [P:\Workspace-22.0\Projects\Acme-Toolkits-E3.08\target\classes\WEB-INF\views\any\toolkit\messsages-es.i18n] with encoding 'utf-8' 
2022-05-22 21:57:54.636 DEBUG [acme.framework.configuration.ExtendedMessageSource@http-nio-8080-exec-2] Loading properties [P:\Workspace-22.0\Projects\Acme-Toolkits-E3.08\target\classes\WEB-INF\views\any\user-account\messsages-es.i18n] with encoding 'utf-8' 
2022-05-22 21:57:54.636 DEBUG [acme.framework.configuration.ExtendedMessageSource@http-nio-8080-exec-2] Loading properties [P:\Workspace-22.0\Projects\Acme-Toolkits-E3.08\target\classes\WEB-INF\views\authenticated\announcement\messsages-es.i18n] with encoding 'utf-8' 
2022-05-22 21:57:54.636 DEBUG [acme.framework.configuration.ExtendedMessageSource@http-nio-8080-exec-2] Loading properties [P:\Workspace-22.0\Projects\Acme-Toolkits-E3.08\target\classes\WEB-INF\views\authenticated\consumer\messsages-es.i18n] with encoding 'utf-8' 
2022-05-22 21:57:54.637 DEBUG [acme.framework.configuration.ExtendedMessageSource@http-nio-8080-exec-2] Loading properties [P:\Workspace-22.0\Projects\Acme-Toolkits-E3.08\target\classes\WEB-INF\views\authenticated\inventor\messsages-es.i18n] with encoding 'utf-8' 
2022-05-22 21:57:54.637 DEBUG [acme.framework.configuration.ExtendedMessageSource@http-nio-8080-exec-2] Loading properties [P:\Workspace-22.0\Projects\Acme-Toolkits-E3.08\target\classes\WEB-INF\views\authenticated\patron\messsages-es.i18n] with encoding 'utf-8' 
2022-05-22 21:57:54.638 DEBUG [acme.framework.configuration.ExtendedMessageSource@http-nio-8080-exec-2] Loading properties [P:\Workspace-22.0\Projects\Acme-Toolkits-E3.08\target\classes\WEB-INF\views\authenticated\provider\messsages-es.i18n] with encoding 'utf-8' 
2022-05-22 21:57:54.638 DEBUG [acme.framework.configuration.ExtendedMessageSource@http-nio-8080-exec-2] Loading properties [P:\Workspace-22.0\Projects\Acme-Toolkits-E3.08\target\classes\WEB-INF\views\authenticated\system-configuration\messsages-es.i18n] with encoding 'utf-8' 
2022-05-22 21:57:54.638 DEBUG [acme.framework.configuration.ExtendedMessageSource@http-nio-8080-exec-2] Loading properties [P:\Workspace-22.0\Projects\Acme-Toolkits-E3.08\target\classes\WEB-INF\views\authenticated\user-account\messages-es.i18n] with encoding 'utf-8' 
2022-05-22 21:57:54.639 DEBUG [acme.framework.configuration.ExtendedMessageSource@http-nio-8080-exec-2] Loading properties [P:\Workspace-22.0\Projects\Acme-Toolkits-E3.08\target\classes\WEB-INF\views\fragments\banner-es.i18n] with encoding 'utf-8' 
2022-05-22 21:57:54.639 DEBUG [acme.framework.configuration.ExtendedMessageSource@http-nio-8080-exec-2] Loading properties [P:\Workspace-22.0\Projects\Acme-Toolkits-E3.08\target\classes\WEB-INF\views\fragments\company-es.i18n] with encoding 'utf-8' 
2022-05-22 21:57:54.640 DEBUG [acme.framework.configuration.ExtendedMessageSource@http-nio-8080-exec-2] Loading properties [P:\Workspace-22.0\Projects\Acme-Toolkits-E3.08\target\classes\WEB-INF\views\fragments\footer-es.i18n] with encoding 'utf-8' 
2022-05-22 21:57:54.640 DEBUG [acme.framework.configuration.ExtendedMessageSource@http-nio-8080-exec-2] Loading properties [P:\Workspace-22.0\Projects\Acme-Toolkits-E3.08\target\classes\WEB-INF\views\fragments\license-es.i18n] with encoding 'utf-8' 
2022-05-22 21:57:54.640 DEBUG [acme.framework.configuration.ExtendedMessageSource@http-nio-8080-exec-2] Loading properties [P:\Workspace-22.0\Projects\Acme-Toolkits-E3.08\target\classes\WEB-INF\views\fragments\menu-es.i18n] with encoding 'utf-8' 
2022-05-22 21:57:54.641 DEBUG [acme.framework.configuration.ExtendedMessageSource@http-nio-8080-exec-2] Loading properties [P:\Workspace-22.0\Projects\Acme-Toolkits-E3.08\target\classes\WEB-INF\views\fragments\messsages-es.i18n] with encoding 'utf-8' 
2022-05-22 21:57:54.641 DEBUG [acme.framework.configuration.ExtendedMessageSource@http-nio-8080-exec-2] Loading properties [P:\Workspace-22.0\Projects\Acme-Toolkits-E3.08\target\classes\WEB-INF\views\fragments\title-es.i18n] with encoding 'utf-8' 
2022-05-22 21:57:54.642 DEBUG [acme.framework.configuration.ExtendedMessageSource@http-nio-8080-exec-2] Loading properties [P:\Workspace-22.0\Projects\Acme-Toolkits-E3.08\target\classes\WEB-INF\views\fragments\welcome-es.i18n] with encoding 'utf-8' 
2022-05-22 21:57:54.642 DEBUG [acme.framework.configuration.ExtendedMessageSource@http-nio-8080-exec-2] Loading properties [P:\Workspace-22.0\Projects\Acme-Toolkits-E3.08\target\classes\WEB-INF\views\inventor\item\messsages-es.i18n] with encoding 'utf-8' 
2022-05-22 21:57:54.643 DEBUG [acme.framework.configuration.ExtendedMessageSource@http-nio-8080-exec-2] Loading properties [P:\Workspace-22.0\Projects\Acme-Toolkits-E3.08\target\classes\WEB-INF\views\inventor\patronage\messsages-es.i18n] with encoding 'utf-8' 
2022-05-22 21:57:54.643 DEBUG [acme.framework.configuration.ExtendedMessageSource@http-nio-8080-exec-2] Loading properties [P:\Workspace-22.0\Projects\Acme-Toolkits-E3.08\target\classes\WEB-INF\views\inventor\patronage-report\messages-es.i18n] with encoding 'utf-8' 
2022-05-22 21:57:54.644 DEBUG [acme.framework.configuration.ExtendedMessageSource@http-nio-8080-exec-2] Loading properties [P:\Workspace-22.0\Projects\Acme-Toolkits-E3.08\target\classes\WEB-INF\views\inventor\toolkit\messsages-es.i18n] with encoding 'utf-8' 
2022-05-22 21:57:54.645 DEBUG [acme.framework.configuration.ExtendedMessageSource@http-nio-8080-exec-2] Loading properties [P:\Workspace-22.0\Projects\Acme-Toolkits-E3.08\target\classes\WEB-INF\views\master\defaults-es.i18n] with encoding 'utf-8' 
2022-05-22 21:57:54.645 DEBUG [acme.framework.configuration.ExtendedMessageSource@http-nio-8080-exec-2] Loading properties [P:\Workspace-22.0\Projects\Acme-Toolkits-E3.08\target\classes\WEB-INF\views\master\master-es.i18n] with encoding 'utf-8' 
2022-05-22 21:57:54.648 DEBUG [acme.framework.configuration.ExtendedMessageSource@http-nio-8080-exec-2] Loading properties [P:\Workspace-22.0\Projects\Acme-Toolkits-E3.08\target\classes\WEB-INF\views\master\throwables-es.i18n] with encoding 'utf-8' 
2022-05-22 21:57:54.649 DEBUG [acme.framework.configuration.ExtendedMessageSource@http-nio-8080-exec-2] Loading properties [P:\Workspace-22.0\Projects\Acme-Toolkits-E3.08\target\classes\WEB-INF\views\master\validation-es.i18n] with encoding 'utf-8' 
2022-05-22 21:57:54.650 DEBUG [acme.framework.configuration.ExtendedMessageSource@http-nio-8080-exec-2] Loading properties [P:\Workspace-22.0\Projects\Acme-Toolkits-E3.08\target\classes\WEB-INF\views\patron\patron-dashboard\messages-es.i18n] with encoding 'utf-8' 
2022-05-22 21:57:54.650 DEBUG [acme.framework.configuration.ExtendedMessageSource@http-nio-8080-exec-2] Loading properties [P:\Workspace-22.0\Projects\Acme-Toolkits-E3.08\target\classes\WEB-INF\views\patron\patronage\messsages-es.i18n] with encoding 'utf-8' 
2022-05-22 21:57:54.651 DEBUG [acme.framework.configuration.ExtendedMessageSource@http-nio-8080-exec-2] Loading properties [P:\Workspace-22.0\Projects\Acme-Toolkits-E3.08\target\classes\WEB-INF\views\patron\patronage-report\messsages-es.i18n] with encoding 'utf-8' 
2022-05-22 21:57:54.814 DEBUG [org.apache.jasper.servlet.JspServlet@http-nio-8080-exec-2] JspEngine --> /WEB-INF/views/inventor/patronage-report/list.jsp 
2022-05-22 21:57:54.815 DEBUG [org.apache.jasper.servlet.JspServlet@http-nio-8080-exec-2] ServletPath: /WEB-INF/views/master/page.jsp 
2022-05-22 21:57:54.815 DEBUG [org.apache.jasper.servlet.JspServlet@http-nio-8080-exec-2] PathInfo: null 
2022-05-22 21:57:54.816 DEBUG [org.apache.jasper.servlet.JspServlet@http-nio-8080-exec-2] RealPath: P:\Workspace-22.0\Projects\Acme-Toolkits-E3.08\target\classes\WEB-INF\views\inventor\patronage-report\list.jsp 
2022-05-22 21:57:54.816 DEBUG [org.apache.jasper.servlet.JspServlet@http-nio-8080-exec-2] RequestURI: /acme-toolkits-e3.08-1.0/WEB-INF/views/master/page.jsp 
2022-05-22 21:57:54.817 DEBUG [org.apache.jasper.servlet.JspServlet@http-nio-8080-exec-2] QueryString: null 
