1653328091300	geckodriver	INFO	Listening on 127.0.0.1:44126
console.warn: SearchSettings: "get: No settings file exists, new profile?" (new NotFoundError("Could not open the file at C:\\Users\\rober\\AppData\\Local\\Temp\\rust_mozprofileNRdh86\\search.json.mozlz4", (void 0)))
console.warn: LoginRecipes: "getRecipes: falling back to a synchronous message for:" "http://localhost:8081"
console.warn: LoginRecipes: "getRecipes: falling back to aJav synaSchcript erroronous mr: resource://gressage for:" "http://localhost:8081"
e/modules/LoginManagerParent.jsm, line 136: TypeError: gRecipeManager is null
console.warn: LoginRecipesJavaScript error: resource:://gre/modules/LoginManagerPa "gertent.jsm, line 136: TypReeEcripes:r ofra:l lging back Rteo cai synchronous pmeessage for:" "http://localhost:80M8a1n"a
ger is ncounsole.warn: LoginRecipes: "getRecipes:l lfa
lJalvaScriipntg back to a  esrynrchronous message for:" "http://localhosto:r8:0 81"
resource://gre/modules/LoginManagerParent.jsm, line 136: TypeError: gRecipeManager is null
console.warn: LoginRecipes: "getRecipes: Jfaallivng back to a synchronous message for:" "http://localhostaS:8081"
cript error: resource://gre/modules/LoginManagerParent.jsm, line 136: TypeError: gRecipeManager is null
console.warn: LoginRecipes: "getRecipes: fJalling baavaScript error: resourcck to a synchronous message for:" "http://locaelhost:8081"
://gre/modules/LoginManagerParent.jsm, line 136: TypeError: gRecipeManager is null
console.warn: LoginRecipeJavaScript erros:r "getRec:ipes: falling back to a synchronous message for:" "http://localhost:8081"
 resource://gre/modules/LoginManagerParent.jsm, line 136: TypeError: gRecipeManager is null
console.warn: LoginRecipes: "getReciJavaScriptp error: resource:e//sgre/modules/LoginManagerParen:t.jsm, line 136: TypeError: gRecipeManager is null
 falling back to a synchronous message for:" "http://localhost:8081"
console.warn: LoginRecipes: "getRecipes: falling back to a synchroJavnaoSucript ers merssoar: rgee sfoourr:c"e "http://localhost:8081:"//gre/modules/Lo
ginManagerParent.jsm, line 136: TypeError: gRecipeManager is null
console.warn: LoginRecipes: "gJeatvaScRecipeript erros: fallingr :b resource://gre/modules/LoginManaagck to a seynrcPharroennotu.sj smme,s sline 136: Typage efor:" "hEtrtror: gRecipeManagerp :i/s/ lnocualllhos
t:8081"
console.warn: LoginRecipes: "getRJavaScript error: resource://egrce/imoduples/LoginMaenagerParents.jsm, line 136: TypeError: gRecipe:M anager is null
falling back to a synchronous message for:" "http://localhost:8081"
console.warn: LoginRecipes: "getRecipes: falling back to a synchronous message for:" "JhatvtapS:c/ript e/rlroocra:lhos t:8081"
resource://gre/modules/LoginManagerParent.jsm, line 136: TypeError: gRecipeManager is null
console.warn: LoginRecipes: "getRecipes: fallJaivang Sback to a synchronous message for:" "http://localhost:8081"
cript error: resource://gre/modules/LoginManagerParent.jsm, line 136: TypeError: gRecipeManager is null
console.warn: LoginRecipes: "getRecipJes: faalling bvaScript error: resourcea://gre/modules/LoginManagerParent.jsm,c line 136: TypeError: gRecipeManager is null
k to a synchronous message for:" "http://localhost:8081"
console.warn: LoginRecipes: "getRecipes: faJavaScript error: resource://gre/mlodulles/LoginManageing back to a synchronous message for:" "http://localhost:8081"r
Parent.jsm, line 136: TypeError: gRecipeManager is null
console.warn: LoginRecipeJavaScsript error: resource://gre/modules/LoginManagerParent.jsm, li: "getRnece 136:ipes: f TyallpeError:ing ba ck to a synchronous message for:" "http://logcalhost:8081"
RecipeManager is null
console.warn: LoginRecipes: "getRecipes: falling baJacvka Stco a synchronous messarigpt error: resource://gre/modules/LoginManagerParent.jsm,e  lfior:" "hntet p1:3/6/:l TyopcaeError: lhost:8081"
gRecipeManager is null
console.warn: LoginRecipes: "getRecipes: falling back to a synchronous message for:" "http://localhost:8081"
JavaScript error: resource://gre/modules/LoginManagerParent.jsm, line 136: TypeError: gRecipeManager is null
console.warn: LoginRecipes: "JavaSgcertiRpetc ieprerso:r :f arlelsionugr cbea:c/k/ to a synchronous message for:g" "httrpe://m/oldouclaelsh/oLsotg:i8n0M8a1n"
agerParent.jsm, line 136: TypeError: gRecipeManager is null
console.warn: LoginRecipes: "getRecipesJ:a vfaaScriptl lerror: resource://gre/modules/LoginManagerParent.jsm,i nlgi nbeack to a sy n1c3h6r:o nToyupse Emrersor: gRecipeManager is null
sage for:" "http://localhost:8081"
console.warn: LoginRecipes: "getRecipes: falling bJavaScript error: resource://agcrke /tmoodules/LoginMana gerParent.jsam, line 136: TypeError: gRecipeManager is  nsuylnlch
ronous message for:" "http://localhost:8081"
console.warn: LoginRecipesJ:a va"SgcetrRecipeisp:t e falling bacrkror:  tresourceo://gre/modules/LoginManagerParent.jsm, line 136: TypeError: gRecipeManager is null
 a synchronous message for:" "http://localhost:8081"
console.warn: LoginRecipes: "getReciJpes: faavlaScripling back to a syt enchrrror: resource://gre/modules/LoginMoanagerParenous message for:" "http://localhost:8081"
nt.jsm, line 136: TypeError: gRecipeManager is null
console.warn: LoginRJavaScript erroecripe:s: "getRecipes:  fraelsloiunrgc e://back gre/moto daules/LoginManagerParent.jsm,  synchronous melssage for:"i n"eh t1t3p6::/ TypeE/rlroocr: gRecipeManager isa lnullhost:8081"

console.warn: LoginRecipes: "getRecipes: falling back to a synchronous message for:" "http://localhost:JavaScrip8t0 8e1r"ro
r: resource://gre/modules/LoginManagerParent.jsm, line 136: TypeError: gRecipeManager is null
console.warn: LoginRecipes:J "getRecipes: falling back to a synchraonous message for:"v "http://localhaoScript error: resoursce://gre/modules/LoginManagerParent.jsm, line 136: TypeErt:8081"
ror: gRecipeManager is null
console.warn: LoginRecipes: "getRecipes: fJaavaScrlling back to a synchronousi pmt error: reessosageu rfceo://gre/modurles/LoginManag:e"rParent.jsm, line 136: TypeError: gRecipeManager is null
 "http://localhost:8081"
console.warn: LoginRecipes: "getReciJpes: afavllainSgc rbipat cerror: resourcek:/ /tgre/modules/LoginManagerParent.jsm, line 136: TypeError: gRecipeManager is null
o a synchronous message for:" "http://localhost:8081"
console.warn: LoginRecipes: "getRecipes: falling back to a synchronous message for:" "http://localhost:8081"
JavaScript error: resource://gre/modules/LoginManagerParent.jsm, line 136: TypeError: gRecipeManager is null
console.warn: LoginRecipes: "getRecipes: falling back to a synchronous messagJavaScer ifpotr :e"r r"ohrt:t pr:esource://gre/module/s//LoginManagerParent.jsm, line 136: TypeError: gRecipeManager is null
localhost:8081"
