1653334564530	geckodriver	INFO	Listening on 127.0.0.1:26195
console.warn: SearchSettings: "get: No settings file exists, new profile?" (new NotFoundError("Could not open the file at C:\\Users\\rober\\AppData\\Local\\Temp\\rust_mozprofileArTUI2\\search.json.mozlz4", (void 0)))
console.warn: LoginRecipes: "getRecipes: falling back to a synchronous message for:" "http://localhost:8081"
console.warn: LoginRecipes: "getRecipes: falling back to a synchronous messaJavaScript error:ge for:" "http://localhost:8081"
 resource://gre/modules/LoginManagerParent.jsm, line 136: TypeError: gRecipeManager is null
console.warn: LoginRecipes: "getRecipes: falling back to a synchronous message for:" "JavaSchttp://lript error: resocalhost:8081"
ource://gre/modules/LoginManagerParent.jsm, line 136: TypeError: gRecipeManager is null
console.warn: LoginRecipes: "getRecipes: falling back to a syJavaScnchronous message for:" "http://localhost:8081"
ript error: resource://gre/modules/LoginManagerParent.jsm, line 136: TypeError: gRecipeManager is null
console.warn: LoginRecipes: "getRecipes: falling back to a synchronous meJavaScript essagrror: resource://gre/modules/LoginManagerParent.jsm, leine for:" "ht 136: TypeErrotp://localhost:8081"r: gRecipeMan
ager is null
console.warn: LoginRecipes: "getRecipes: falling back to a synchronous message for:" "http://localhost:8081"
JavaScript error: resource://gre/modules/LoginManagerParent.jsm, line 136: TypeError: gRecipeManager is null
console.warn: LoginRecipes: "getRecipes: falling back to a Jsynchronous message for:" a"http://localhost:8081"v
aScript error: resource://gre/modules/LoginManagerParent.jsm, line 136: TypeError: gRecipeManager is null
console.warn: LoginRecipes: "getRecipes: falling back toJavaScript  a synchronoerror: resource://gre/modules/LoginManagerParentus message.jsm, line 136: T for:" "httypeErropr: gRecipeManager is null
://localhost:8081"
console.warn: LoginRecipes: "getRecipes: falling back to a synJchronous message avaScripfor:" "httt error: resource://grpe/modules/LoginManagerParent.jsm, line 136: TypeErro://r: gRecipeManalocalhost:80ger is null
81"
console.warn: LoginRecipes: "getRecipes: falling bJavaScript eack to a syrror: resource://gre/nchronousm message odules/LoginManagerParenfor:" t.j"hsm, line 136: tTypeError: gReciptp://loceManager is null
alhost:8081"
console.warn: LoginRecipes: "getRecipes: falling back to a synchronous message for:" "http://localhost:8081"
JavaScript error: resource://gre/modules/LoginManagerParent.jsm, line 136: TypeError: gRecipeManager is null
console.warn: LoginRecipes: "getRecipes: falling back to a synchronous messJavaScript error: resource://gre/modules/LoginManagerParent.jsm, line 136: TypeError: gRecipeManager is null
age for:" "http://localhost:8081"
console.warn: LoginRecipes: "getRecipes: falling backJavaScript er to a synchror: resource://gre/modules/LoginManagerParent.jsm, line 136: TypeError: gRecipeManager is null
ronous message for:" "http://localhost:8081"
console.warn: LoginRecipes: "getRecipes: falling back to a synchronJavaScous message for:" "http://localhostript error::8081"
 resource://gre/modules/LoginManagerParent.jsm, line 136: TypeError: gRecipeManager is null
console.warn: LoginRecipes: "getRecipes: fJavaScripalling back to a synchronous message for:" "http://localhost:8081"
t error: resource://gre/modules/LoginManagerParent.jsm, line 136: TypeError: gRecipeManager is null
console.warn: LoginRecipes: "getRecipes: falling back to a synchronous message for:" "http://localhost:8081"
JavaScript error: resource://gre/modules/LoginManagerParent.jsm, line 136: TypeError: gRecipeManager is null
console.warn: LoginRecipes: "getReciJavaScript error: resource://gre/modules/LoginManagerParent.jsm, line 136: TypeError: gRecipeManager is null
pes: falling back to a synchronous message for:" "http://localhost:8081"
console.warn: LoginRecipes: "getRecipes: falling back to JavaScript error: resource://gre/modules/LoginManagerParent.jsm, line 136: TypeError: gRecipeManager is null
a synchronous message for:" "http://localhost:8081"
console.warn: LoginRecipes: "getRecipes: falling back to a synchronous message for:" "http://localhost:8081"
JavaScript error: resource://gre/modules/LoginManagerParent.jsm, line 136: TypeError: gRecipeManager is null
console.warn: LoginRecipes: "getRecipes: falling back to a synchronous message for:" "http://localhost:8081"
JavaScript error: resource://gre/modules/LoginManagerParent.jsm, line 136: TypeError: gRecipeManager is null
console.warn: LoginRecipes: "getRecipes: falling back to a synchronous message for:" "http://localhJavaScrost:8081"
ipt error: resource://gre/modules/LoginManagerParent.jsm, line 136: TypeError: gRecipeManager is null
console.warn: LoginRecipes: "getRecipes: falling back to a synchronous message for:" "http://localhost:8081"
JavaScript error: resource://gre/modules/LoginManagerParent.jsm, line 136: TypeError: gRecipeManager is null
console.warn: LoginRecipes: "getRecipes: falling back Jato vaScript error: resoa synchronurce://gre/modules/Logionus message for:" "http://locManagerParent.jsm, line 136: TypeError: gRecipeManager is null
alhost:8081"
console.warn: LoginRecipes: "getRecipes: falling back to a synchronous message for:" "http://locJavaalhost:80Script error: res81"
ource://gre/modules/LoginManagerParent.jsm, line 136: TypeError: gRecipeManager is null
console.warn: LoginRecipes: "getRecipes: falling back to a synchronous message for:" "http://lJavaScrocalhost:8081"
ipt error: resource://gre/modules/LoginManagerParent.jsm, line 136: TypeError: gRecipeManager is null
console.warn: LoginRecipes: "getRecipes: falling back to a syncJavaScript errhronous mesor: resourcsage for:"e://gre/modules/LoginManagerParent.jsm, lin "http://el 136: Tyocalhost:8081"
peError: gRecipeManager is null
console.warn: LoginRecipes: "getRecipes: falling back to a syJavaScript error:nchronous m resource://gre/modules/LoginManagerParent.jsm, line 136: TypeError: gRecipeManager is null
essage for:" "http://localhost:8081"
console.warn: LoginRecipes: "getRecipes: falling back to aJavaScript error: resource://gre/modules/LoginManagerParent.jsm, line 136: TypeError: gRecipeManager is null
 synchronous message for:" "http://localhost:8081"
console.warn: LoginRecipes: "getRecipes: falling back to a synchronous message for:" "http://localhost:8081"
JavaScript error: resource://gre/modules/LoginManagerParent.jsm, line 136: TypeError: gRecipeManager is null
console.warn: LoginRecipes: "getRecipes: falling back tJavaScripo a synchront error: resource://gre/modules/LoginManagerParent.jsm, line 136: TypeEous message for:" "http://localhost:8081"
rror: gRecipeManager is null
console.warn: LoginRecipes: "getRecipes: falling back to a synchronous message for:" "http://localhost:8081"
JavaScript error: resource://gre/modules/LoginManagerParent.jsm, line 136: TypeError: gRecipeManager is null
console.warn: LoginRecipes: "getRecipes: falling back to a syncJahronous messvaScript error: resource://gre/modules/Lage for:"oginManagerParent.jsm, line  "http://localhost:8081"
136: TypeError: gRecipeManager is null
console.warn: LoginRecipes: "getRecipes: falling back to a synchronous message for:" "http://localhost:8Jav081"
aScript error: resource://gre/modules/LoginManagerParent.jsm, line 136: TypeError: gRecipeManager is null
console.warn: LoginRecipes: "getRecipes: falling back to a synchronJous message for:" "http://localhost:8081"
avaScript error: resource://gre/modules/LoginManagerParent.jsm, line 136: TypeError: gRecipeManager is null
console.warn: LoginRecipes: "getRecipes: falling back to a synchJavaScript error: reronous message for:" "http://localhost:8081"
source://gre/modules/LoginManagerParent.jsm, line 136: TypeError: gRecipeManager is null
console.warn: LoginRecipes: "getRecipes: falling back to a synchronous message for:" "http://localhost:8081"
JavaScript error: resource://gre/modules/LoginManagerParent.jsm, line 136: TypeError: gRecipeManager is null
console.warn: LoginRecipes: "getRecipes: falling back to a synchronous message for:" "http:/JavaScrip/localhotst:8081"
 error: resource://gre/modules/LoginManagerParent.jsm, line 136: TypeError: gRecipeManager is null
console.warn: LoginRecipes: "getRecipes: falling back to a synchronous message for:" "http://localhost:8081JavaScript error: resource://gre/"
modules/LoginManagerParent.jsm, line 136: TypeError: gRecipeManager is null
console.warn: LoginRecipes: "getRecipes: falling back tJavaScript error: resoour a synchronce://gre/modules/LoginManagerParent.jsm, line 136: TypeError: gRecipeManager is null
ous message for:" "http://localhost:8081"
console.warn: LoginRecipes: "getRecipes: falling back to a synchroJavaScript nous message for:" "http://localhost:8081"
error: resource://gre/modules/LoginManagerParent.jsm, line 136: TypeError: gRecipeManager is null
console.warn: LoginRecipes: "getRecipes: falling back to a synchronous message for:" "http://localhost:8081"
JavaScript error: resource://gre/modules/LoginManagerParent.jsm, line 136: TypeError: gRecipeManager is null
console.warn: LoginRecipes: "getRecipes: falling back to a synchJavaScript error: resource://gre/modulesronous m/LoginManagerParent.jsm, liessage for:" "http://localhost:8ne 136: Ty081"
peError: gRecipeManager is null
console.warn: LoginRecipes: "getRecipes: falling back to a synchronous message for:" "http://localhost:8081"
JavaScript error: resource://gre/modules/LoginManagerParent.jsm, line 136: TypeError: gRecipeManager is null
console.warn: LoginRecipes: "getRecipes: falling back to a synchronous mesJavaScript error: resosage for:" "hturce://grtp://loce/modules/LoginManalhost:80agerParent.jsm, lin81"
e 136: TypeError: gRecipeManager is null
console.warn: LoginRecipes: "getRecipes: falling back to a synchronous message for:" "http://localhost:8081"
JavaScript error: resource://gre/modules/LoginManagerParent.jsm, line 136: TypeError: gRecipeManager is null
console.warn: LoginRecipes: "getRecipes: fJavaScripalling back to a synchronous message for:" "http://t error: resource://grlocalhost:808e1/modules/Log"inManagerParent.jsm
, line 136: TypeError: gRecipeManager is null
console.warn: LoginRecipes: "getRecipes: falling back to a synchronous message for:" "http://localhost:8081"
JavaScript error: resource://gre/modules/LoginManagerParent.jsm, line 136: TypeError: gRecipeManager is null
console.warn: LoginRecipes: "getRecipes: falling back to a synchronous message for:" "http://localhost:8081"
JavaScript error: resource://gre/modules/LoginManagerParent.jsm, line 136: TypeError: gRecipeManager is null
console.warn: LoginRecipes: "getRecipes: falling back to a synchronous message for:" "http://localhost:8081"Jav
aScript error: resource://gre/modules/LoginManagerParent.jsm, line 136: TypeError: gRecipeManager is null
console.warn: LoginRecipes: "getRecipes: falling back to a synchronous message for:" "http:/JavaS/localhost:8081"
cript error: resource://gre/modules/LoginManagerParent.jsm, line 136: TypeError: gRecipeManager is null
console.warn: LoginRecipes: "getRecipes: fallinJavaScript error: resource://gre/modules/LoginMangagerParent.jsm, line 136: T back typeError: gRecipeManager is null
o a synchronous message for:" "http://localhost:8081"
console.warn: LoginRecipes: "getRecipes: fJavaScript error: resoalling urce:back to a synchr//gonous mre/message for:" "http://localhost:8081"
odules/LoginManagerParent.jsm, line 136: TypeError: gRecipeManager is null
console.warn: LoginRecipes: "getRecipes: falling back to a synchronous message for:" "http://localhost:8081"JavaScript 
error: resource://gre/modules/LoginManagerParent.jsm, line 136: TypeError: gRecipeManager is null
console.warn: LoginRecipes: "getRecipes: fJavaScript earror:lling back to a synchronous message for:" "http://localhost:8081"
 resource://gre/modules/LoginManagerParent.jsm, line 136: TypeError: gRecipeManager is null
console.warn: LoginRecipes: "getRecipes: falling back to a synchronous message for:" "http:J/a/vaScript error: localresourchost:8081"
e://gre/modules/LoginManagerParent.jsm, line 136: TypeError: gRecipeManager is null
console.warn: LoginRecipes: "getRecipes: falling back to a synchronous message for:" "http://localhost:8081"
JavaScript error: resource://gre/modules/LoginManagerParent.jsm, line 136: TypeError: gRecipeManager is null
console.warn: LoginRecipes: "getRecipes: falling back to a synchronous messagJavaScript erroe for:" "http:/r: resource://gre/modules/LoginManagerPare/localhost:8081"
nt.jsm, line 136: TypeError: gRecipeManager is null
console.warn: LoginRecipes: "getRecipes: falling back toJ a synchronous message for:avaScript error: resource://gre/modules/LoginManagerParent.jsm, line 136: TypeError: gRecipeManager is null
" "http://localhost:8081"
console.warn: LoginRecipes: "getRecipes: falling back to a synchronous message for:" "http://localhost:8081"
JavaScript error: resource://gre/modules/LoginManagerParent.jsm, line 136: TypeError: gRecipeManager is null
console.warn: LoginRecipes: "getRecipes: falling bacJavak to a syScript nchronous message for:" "hterror: resourcet:p://local/host:80/81"
gre/modules/LoginManagerParent.jsm, line 136: TypeError: gRecipeManager is null
console.warn: LoginRecipes: "getRecipes: falling back to a synchronous meJavaScript error: resource://gre/modules/LoginManagerParent.jsm, line 136: TypeError: gRecipeManager is null
ssage for:" "http://localhost:8081"
console.warn: LoginRecipes: "getRecipes: falling back to a synchronous message for:" "http://localhost:8081"
JavaScript error: resource://gre/modules/LoginManagerParent.jsm, line 136: TypeError: gRecipeManager is null
[Parent 14264, IPC I/O Parent] WARNING: file /builds/worker/checkouts/gecko/ipc/chromium/src/base/process_util_win.cc:167
[Parent 14264, IPC I/O Parent] WARNING: file /builds/worker/checkouts/gecko/ipc/chromium/src/base/process_util_win.cc:167
