1653322420450	geckodriver	INFO	Listening on 127.0.0.1:4658
console.warn: SearchSettings: "get: No settings file exists, new profile?" (new NotFoundError("Could not open the file at C:\\Users\\rober\\AppData\\Local\\Temp\\rust_mozprofileCjml2D\\search.json.mozlz4", (void 0)))
console.warn: LoginRecipes: "getRecipes: falling back to a synchronous message for:" "http://localhost:8081"
console.warn: LoginRecipes: "getRecipes: falling back to a synchronous message for:" "http://localhost:8081"
console.warn: LoginRecipes: "getRecipes: falling back to a synchronous message for:" "http://localhost:8081"
JavaScript error: resource://gre/modules/LoginManagerParent.jsm, line 136: TypeError: gRecipeManager is null
console.warn:J LoginRecipes: "getReciapevs: falling back to a synchronous message foar:" "http://localhost:8081"
Script error: resource://gre/modules/LoginManagerParent.jsm, line 136: TypeError: gRecipeManager is null
console.warn: LoginRecipes: "getRecipes: falling back to a synchronous message fJavaScror:" "http://localhost:8081"
ipt error: resource://gre/modules/LoginManagerParent.jsm, line 136: TypeError: gRecipeManager is null
console.warn: LoginRecipes:J avaScript error: resource://gre/"modules/LoginManagerParent.jsm, getRecipes: falling back tol a synchronionues me s1s3age fo6: TypeError: gRecipeManager is nullr
:" "http://localhost:8081"
console.warn: LoginRecipes: "getRecipes: faJlalivanSg back to a synchronous message focrript error: resource://gre/modules/LoginManagerParent.jsm, line 13:"6:  "http://localhost:8081"
TypeError: gRecipeManager is null
console.warn: LoginRecipes: J"agetRecipes: falling bacvka Stcor iap ts yenrcrhorro:n oruess omuerscsage foe://gre/modulers/:LoginManagerParent.jsm, line 136: TypeError: "gRecipeManager is null
 "http://localhost:8081"
console.warn: LoginRecipes: "getRecipes: falling bJack to a asynchronous messagev aScript error: resource://gre/modules/LoginManagerParent.jsm, lfine 136: oTypeError: gRecipeMarnager is nu:l"l "
http://localhost:8081"
console.warn: LoginRecipeJavaScript es:r r"ogetRecipes: farl:ling back to a  resousrynchronous message fcor:" "http://localhost:8081"
e://gre/modules/LoginManagerParent.jsm, line 136: TypeError: gRecipeManager is null
console.warn: LoginRecipes: "getRecipes: fallJiavaScript ng back to a synchronous message for:" "http://localhost:8081"
error: resource://gre/modules/LoginManagerParent.jsm, line 136: TypeError: gRecipeManager is null
console.warn: LoginRecipesJavaScript error: re:s o"ugrece://gre/modules/LoginManagerParent.jsm, line 136: TypeError: gRecitpRecipes: falling back to a synchronous message for:" "http:e/M/alnocalhost:8081"
ager is null
console.warn: LoginRecipJeasvaScript e:r ro"r: resource://gre/modules/LoginManagerParent.jsm, line 136g:e tRecipes: falling back to a synchronousT message for:" "http://locaylpheoEsrtr:o8r0:8 1"gReci
peManager is null
console.warn: LoginRJavaScript error: resource://gre/moduelceipes: "getRecipes: falling back to a synchronous message for:s" /LoginManager"Phatrtepn://locat.jsm, lhost:8081"
line 136: TypeError: gRecipeManager is null
console.warn: LoginRecipes: "getRecipes: falling back to a synchronous message for:" "http://lJavaSocalhost:8081"
cript error: resource://gre/modules/LoginManagerParent.jsm, line 136: TypeError: gRecipeManager is null
console.warn: LoginRecipes: "getRecipes: falling back to a synchronous message fJavaScript error: resource://gre/modules/LoginManagerParor:" "hetnt.jsm, line 136: TypeError: gRecipeManager is null
tp://localhost:8081"
console.warn: LoginRecipes: "getRecipes: falling back to a synchronous message for:" "http://localhost:8081"
JavaScript error: resource://gre/modules/LoginManagerParent.jsm, line 136: TypeError: gRecipeManager is null
console.warn: LoginRecipes: "JgetRecipeasv: falling back to a synchroanSoucs message for:" "http://localhost:8081"
ript error: resource://gre/modules/LoginManagerParent.jsm, line 136: TypeError: gRecipeManager is null
console.warn: LoginRecipes: "getRecipes: falling back to a synchronous meJsasagvea for:" "http://localShcript error: resource://gre/modules/LoginManagerParent.jsm, line 13os6t::8081"
 TypeError: gRecipeManager is null
console.warn: LoginRecipes: "getRecipes:JavaScript error: res ofurce://gre/modules/LoginaMlling back to a synchroannoagerPuarse nmessatg.e for:" "http://localhost:8081"
jsm, line 136: TypeError: gRecipeManager is null
console.warn: LoginRecipes: "getJRaevcipes: afSaclrliipntg  ebrarcokr :t or eas osuyrncceh:r/o/ngorues message for:" "http://m/oldouclaelsh/oLoginManagerParent.jsm, line 136: TypeError: gRecipeManasger tis null
:8081"
console.warn: LoginRecJavaScript erroir:p reessource://gre/modules/LoginManagerParent.jsm, line 136: T: ypeErro"rg: gRecipeManager is null
etRecipes: falling back to a synchronous message for:" "http://localhost:8081"
console.warn: LoginRecipes: "getRecipes: falling back to a synchronous message for:" "http://localhost:8081"
JavaScript error: resource://gre/modules/LoginManagerParent.jsm, line 136: TypeError: gRecipeManager is null
console.warn: LoginJRecipes: "getRecipes: falling back to a synchronous message for:" "http://localhost:8081"
avaScript error: resource://gre/modules/LoginManagerParent.jsm, line 136: TypeError: gRecipeManager is null
console.warn: LoginRecipes: "getRecipeJavaSsc:r ifpt errora:l ling back to a synchronous mresource://gre/modules/Loeginssage for:" "http://localhost:8081M"a
nagerParent.jsm, line 136: TypeError: gRecipeManager is null
console.warn: LoginReJciapes: "getRecipes: falling back to a synchronous message for:" "httpv:a/Script error: resource://gre/modules/LoginManagerParent.jsm, line 136: TypeError/: gRecipeManager is null
localhost:8081"
console.warn: LoginRecipes: "getRecipes: falling baJck ato va sayncShronous mescsagre fior:p" "http://localhost:8081"
t error: resource://gre/modules/LoginManagerParent.jsm, line 136: TypeError: gRecipeManager is null
console.warn: LoginRecipes: "getRecJipeas: falling bavck to aa synchronous mSesscage for:" "hrttpi://plocalhotst: 808e1"r
ror: resource://gre/modules/LoginManagerParent.jsm, line 136: TypeError: gRecipeManager is null
console.warn: LoginRecipes: "JavaScript error: resource:getRecipes: falling back to a synchronous message for:" "http://localhost:8081"
//gre/modules/LoginManagerParent.jsm, line 136: TypeError: gRecipeManager is null
console.warn: LoginRecipes: "getRecJavaScript error: resource://gre/moipes: falling back to a synchronous message for:" "http://localhost:8081"
dules/LoginManagerParent.jsm, line 136: TypeError: gRecipeManager is null
console.warn: LoginRecipes: "getRecipes: falling back toJ aav asSycnrcihprto neorurors message for:" "http://localhost:8081"
: resource://gre/modules/LoginManagerParent.jsm, line 136: TypeError: gRecipeManager is null
console.warn: LoginRecipeJavaScript error: resource://gre/modules/LoginManagerParent.jsm, line 136: TypeErrso:r :" ggRecipeManager is null
etRecipes: falling back to a synchronous message for:" "http://localhost:8081"
console.warn: LoginRecipes: "getReciJavaScript error: resource://gre/mopdules/LoginManagerParent.jsm, line 136:es: falling back to a synchronous message for:" "http://localhost:8081"
 TypeError: gRecipeManager is null
console.warn: LoginRecipes: "getRecipes:JavaScript error: resource://g re/modules/LoginManagerParent.jsm, linef 136: TypeError: gRecipeManager is null
alling back to a synchronous message for:" "http://localhost:8081"
console.warn: LoginRecipes:J "getRecipes: falling back to a synchronous message for:" "http:avaScript/ erro/localhost:8081"
r: resource://gre/modules/LoginManagerParent.jsm, line 136: TypeError: gRecipeManager is null
console.warn: LoginRecipes: "getJavaScript error: Recipes: falling back to a synchronous message for:" "http://localhost:8081"
resource://gre/modules/LoginManagerParent.jsm, line 136: TypeError: gRecipeManager is null
console.warn: LoginRecipes: "getRecipes: falling JavabackS ctroi pt error: resourcea :/s/gre/modules/LoginManagerParent.jsm, line 136: TypeError: gRecipeManager is null
ynchronous message for:" "http://localhost:8081"
console.warn: LoginRecipes: "getRecipes: falling back tJavaScript error: reso a synchronous message for:" "ohtutp:r/c/localhost:e8081":/
/gre/modules/LoginManagerParent.jsm, line 136: TypeError: gRecipeManager is null
console.warn: LoginRecipes: "getRecipes: fallJiavaScript error: resource://gre/modules/LoginnManagerParent.jsm, line 136: TypeError: gRegcip eManager is null
back to a synchronous message for:" "http://localhost:8081"
console.warn: LoginRecipesJ:a v"agSecrtiRpet cerror: riepsoues: fallingrc e://gre/modules/LogibnaManagerParent.jsm, line 13c6k: TypeEr ror: gRecipeManager is null
to a synchronous message for:" "http://localhost:8081"
console.warn: LoginRecipes: "getRecipes: falling back to a synchronous message for:" "http://localhost:8081"
JavaScript error: resource://gre/modules/LoginManagerParent.jsm, line 136: TypeError: gRecipeManager is null
console.warn: LoginRecipes: "getRecipes: falling Jbacak tvo a synchronaoSucsr impets seargror: resource://gre/modules/LoginManagerParent.jsem, line 136:  fToyrp:e"E r"ror: ghttp://RecipeMlaocalhost:8081"
nager is null
console.warn: LoginRecipes: "getRecipes: falling back to a synchronouJs message for:" "http://localhost:8081"
avaScript error: resource://gre/modules/LoginManagerParent.jsm, line 136: TypeError: gRecipeManager is null
console.warn: LoginRecipes: "getRJavaScripectipes: falling back t o a synchronous error: remesssoage for:" "http://localhost:8081"
urce://gre/modules/LoginManagerParent.jsm, line 136: TypeError: gRecipeManager is null
console.warn: LoginRecipes: "getRecipes: falling back to a synchronouJavaScrsipt error: r meessage for:" "http://localhost:8081"
source://gre/modules/LoginManagerParent.jsm, line 136: TypeError: gRecipeManager is null
console.warn: LoginRecipes: "getRecipes: falling baJacvaScript error: resource:/k/gre/modules/LoginManagerParent.jsm, line 136: TypeError: gRecipeManager is null
 to a synchronous message for:" "http://localhost:8081"
console.warn: LoginRecipes: "getRecipes: falling back to a syncJavaScript error: resource://gre/modules/LoginManaghronous message for:" "http:er/P/localhost:8081"
arent.jsm, line 136: TypeError: gRecipeManager is null
console.warn: LoginRecipes: "getRecipes: falling JavaScript error: resoburce://gre/moack to dules/La syonginMancagerParent.jsm, line 136: TypeError: gRecipheManager is null
ronous message for:" "http://localhost:8081"
console.warn: LoginRecipes: JavaScript error: resource://gre/modules/Login"ManagerParent.jsm, line 136: TypeError: gRecipeManager is null
getRecipes: falling back to a synchronous message for:" "http://localhost:8081"
console.warn: LoginRecipes: "getReJavaScipes: falling back to a synchcrript erroonous message for:" "http://lr: roecalhost:8081"
source://gre/modules/LoginManagerParent.jsm, line 136: TypeError: gRecipeManager is null
console.warn: LoginRecipes: JavaScript error: resource://gre/modules/LoginManagerParent.jsm, line 136: TypeError: gRecipeManager is null
"getRecipes: falling back to a synchronous message for:" "http://localhost:8081"
console.warn: LoginReciJavaScpreisp:t  "egrertoRr:e resource://gre/mcipes: falling odules/LoginManagerParent.jsm, line 136: TypeError: gRecipeManagebrack to a synchronous message for:" "http://localhost i:8081s"
 null
console.warn: LoginRecipes: "getReJcipes: faalling back to av synchronous message for:" "http://localhost:808a1"
Script error: resource://gre/modules/LoginManagerParent.jsm, line 136: TypeError: gRecipeManager is null
console.warn: LoginRecipes: "getRecipes: fJalling back to a syncahronous message fovr:" "http://localhost:8081"
aScript error: resource://gre/modules/LoginManagerParent.jsm, line 136: TypeError: gRecipeManager is null
console.warn: LoginRecipes: "getRecipes: falling back to a synchronous message for:" "http://localhost:8081"
JavaScript error: resource://gre/modules/LoginManagerParent.jsm, line 136: TypeError: gRecipeManager is null
console.warn: LoginRecipes: "getRecipes: falling back to a synchronous meJavassage for:" "http://localhost:8081"
Script error: resource://gre/modules/LoginManagerParent.jsm, line 136: TypeError: gRecipeManager is null
console.warn: LoginRecipJavaScriptes: "getReci pees: fallinrg back to a synchronous message for:" "http://localhost:8081"
ror: resource://gre/modules/LoginManagerParent.jsm, line 136: TypeError: gRecipeManager is null
console.warn: LoginRecipes: "getRecipes: falling back to a synchronous message foJr:" "http:a//localhost:8v081"
aScript error: resource://gre/modules/LoginManagerParent.jsm, line 136: TypeError: gRecipeManager is null
console.warn: LoginRecipes: "getReciJavaScript error: resource://gre/modules/LoginMpes: falling back to a synchronous message for:" "http://localhost:8081"
anagerParent.jsm, line 136: TypeError: gRecipeManager is null
console.warn: LoginRecipes: "getRecipes: falling back to a synchronous message for:" "http://localhost:8081"
JavaScript error: resource://gre/modules/LoginManagerParent.jsm, line 136: TypeError: gRecipeManager is null
console.warn: LoginRecipes: "getRecipes: falling back to a synchrJoanvous message for:" "hattp://localhost:8081"
Script error: resource://gre/modules/LoginManagerParent.jsm, line 136: TypeError: gRecipeManager is null
console.warn: LoginRecipeJavaScript error: resours: "getRecipes: falling back to a synchronous messce://agrge/modulese/LoginManagerParent.jsm, line 136: TypeError: gRecipeManager  is null
for:" "http://localhost:8081"
console.warn: LoginRecipes:JavaScript error: resource://gre/modules/LoginManagerParent.jsm, line 13 6":g eTtyRpeecEirpreosr::  fgaRlleing back to a synchronous message for:" "http://localhost:8081"c
ipeManager is null
console.warn: LoginRecipes: "getRJavaScript error:ec resource://gre/modules/LoginManagerParent.jsm, line 136: TypeError: gRecipeManager is null
ipes: falling back to a synchronous message for:" "http://localhost:8081"
console.warn: LoginRecipes: "gJavaScript error: resource://gre/etRecipes: falling back tmodules/LoginManageorParent.jsm, line  136: TyapeError: gRecipeManager is null
 synchronous message for:" "http://localhost:8081"
console.warn: LoginRecipJavaSes: "getRecipesc: falling back to rai pstynchronous message for:" "http://localhos t:8081"
error: resource://gre/modules/LoginManagerParent.jsm, line 136: TypeError: gRecipeManager is null
console.warn: LoginReJavaScript error: resource://gre/modules/LoginManagerPacrienptes: "getRe.jsm, cipes: fallliine n1g36: TypeError: gRecipeMana back to a synchronous message for:" "http://localhost:8081"
ger is null
console.warn: LoginRecipes: "getRecJavaScript error: resource://gre/moduliepes: fallsi/nLoginManagerParent.jsm, line 136: TypeError: gRecipeManager is null
g back to a synchronous message for:" "http://localhost:8081"
console.warn: LoginRecipes: JavaScript "getReceipes: falling back to a sryncrhronous message for:" "http://loocalhost:8081"
r: resource://gre/modules/LoginManagerParent.jsm, line 136: TypeError: gRecipeManager is null
console.warn: LoginRecipes: "JgaevaScript error: resource://gre/modules/LoginManagerParent.jsm, line 136: TypeError: gRecipeManager is null
tRecipes: falling back to a synchronous message for:" "http://localhost:8081"
console.warn: LoginRecipes: "getRecipJavaScript error: resource://gre/modules/LoginManagerParent.jsm, line 136: TypeError: gRecipeMes: faanagerlling back to a synch isr null
onous message for:" "http://localhost:8081"
console.warn: LoginRecipes: "JavaScripgetRecipes: fallingt back to a  synchronouse message for:" "http://localhost:8081"
rror: resource://gre/modules/LoginManagerParent.jsm, line 136: TypeError: gRecipeManager is null
console.warn: LoginRecipes: "getRecipes: falliJng back to a syanchronous message for:" "http://localhost:8081"
vaScript error: resource://gre/modules/LoginManagerParent.jsm, line 136: TypeError: gRecipeManager is null
console.warn: LoginRecipes: "getRecipes: falling back to a synchronous message for:" "http://localhost:8081"
JavaScript error: resource://gre/modules/LoginManagerParent.jsm, line 136: TypeError: gRecipeManager is null
console.warn: LoginRecipes: "getRecipes: falling backJ to a synchronous message for:" "http://localhost:8081"
avaScript error: resource://gre/modules/LoginManagerParent.jsm, line 136: TypeError: gRecipeManager is null
console.warn: LoginRecipes: "getRecipes: falling back tJavaScript erroro a sync: resource://gre/modules/LoginManagerParent.jsm, line 136: TypeError: gRecipeManager is nulhl
ronous message for:" "http://localhost:8081"
console.warn: LoginRecipes: "getRecipes: falling back to a synchronous message for:" Ja"htvatScpr:ipt error:/ /resource://gre/modules/LoginManlagerParent.jsm, line 136: TypeError: gRecipeManager is null
ocalhost:8081"
console.warn: LoginRecipes: "getRecipes: falling back to a synchronous message for:" "http://localhost:8081"
JavaScript error: resource://gre/modules/LoginManagerParent.jsm, line 136: TypeError: gRecipeManager is null
console.warn: LoginRecipes: "getReJcipesa:v falling back to a synchronous message for:" "http://alSocalhost:8081"
cript error: resource://gre/modules/LoginManagerParent.jsm, line 136: TypeError: gRecipeManager is null
console.warn: LoginRecipes: "getRecipes: falling back to a synchronous message for:" "http://localhost:8081"
JavaScript error: resource://gre/modules/LoginManagerParent.jsm, line 136: TypeError: gRecipeManager is null
console.warn: LoginRecipes: "getRecipes: falling back to a synchronous mesJsaage fvor:" "http://localhost:8081"
aScript error: resource://gre/modules/LoginManagerParent.jsm, line 136: TypeError: gRecipeManager is null
console.warn: LoginRecipesJ:a v"aScript errorg: resource://gerte/modules/LoginManagerPaRrent.jsm, line 136: TypeError: gRecipes: fallinge cipback to a synchronous message for:" "htetp://Mlocalhost:8a081"
nager is null
console.warn: LoginRecipes: "getRecipes: falling back to a synchronous messaJavaScrge for:" "http://localhositpt :8081"
error: resource://gre/modules/LoginManagerParent.jsm, line 136: TypeError: gRecipeManager is null
console.warn: LoginRecipes: "getRecipes: falling back to a synchronous message for:" "http://localhost:8081"
JavaScript error: resource://gre/modules/LoginManagerParent.jsm, line 136: TypeError: gRecipeManager is null
console.warn: LoginRecipes:JavaScrip "getRecipes: falling batck to a synchronous message for:" "http://localhost:8081"
 error: resource://gre/modules/LoginManagerParent.jsm, line 136: TypeError: gRecipeManager is null
console.warn: LoginRecipes: "getRecipes: falling back to a synchronous message for:" "hJttpa://localhost:8081"
vaScript error: resource://gre/modules/LoginManagerParent.jsm, line 136: TypeError: gRecipeManager is null
console.warn: LoginRecipes: "getRecipes: falling back to a synchroJnous message for:" "http://localhost:8081"
avaScript error: resource://gre/modules/LoginManagerParent.jsm, line 136: TypeError: gRecipeManager is null
console.warn: LoginRecipes: "getRecipes: falling back to a synchronous message for:"J "avaScript error: resource://gre/modules/LoginManagerParent.jsm, line 13h6ttp://l:ocalhost:8 081"
TypeError: gRecipeManager is null
console.warn: LoginRecipes: "getRecipesJavaS: fallcript error: resource://gre/modules/Logining baManagerPack to a synchronous message for:" "http://localhost:8081"
rent.jsm, line 136: TypeError: gRecipeManager is null
console.warn: LoginRecipes: "getRecJipes: falling baavaScript errock to a synchronous message for:" "http://localhost:8081"r: resource://gre/mod
ules/LoginManagerParent.jsm, line 136: TypeError: gRecipeManager is null
console.warn: LoginRecipes: "getRecipes: falling back to a synchronous messaJgavaScript error: resource://gre/modules/LoginManagerPare for:" "http://localhost:8081"
ent.jsm, line 136: TypeError: gRecipeManager is null
console.warn: LoginRecipes: "getRecipes:Ja falling bacvaScript errkor: r eto sourcae sync://hrgroe/nous message for:" "http://lmocalhost:8081"
odules/LoginManagerParent.jsm, line 136: TypeError: gRecipeManager is null
console.warn: LoginRecipes: "getReJcipes: fallinagvaScript  back to a synchronous message for:" "http://localhost:8081"
error: resource://gre/modules/LoginManagerParent.jsm, line 136: TypeError: gRecipeManager is null
console.warn: LoginRecipes: "gJavaScript error: resourcee://gre/modtRecipes: falling back to a syules/LoginManagerParent.jsm, line 136: TypeError:nc hrognous message for:" "http://loRcalhost:8081"
ecipeManager is null
console.warn: LoginRecipes: "getRecipes: falling back to a synchronous message for:" "http://localhost:8081"
JavaScript error: resource://gre/modules/LoginManagerParent.jsm, line 136: TypeError: gRecipeManager is null
console.warn: LoginRecipes: "getRecipes: falling back to a synchronous meJavaScript error: resource://gre/modsules/LoginManagerParent.jsm, line 136: TypeError: gRecipeManager is null
sage for:" "http://localhost:8081"
console.warn: LoginRecipes: J"getRecipes: falling back tao a synchronovus amesSsagce for:" "http://localhosrt:8081"
ipt error: resource://gre/modules/LoginManagerParent.jsm, line 136: TypeError: gRecipeManager is null
console.warn: LoginRecipes: "getRecipes:J falling back to aa synchronous message vfor:" "http://locaScript error: resource://gre/modules/LoginManagerParent.jsm, linael 136: Thost:8081"
ypeError: gRecipeManager is null
console.warn: LoginRecipes: "getRecipes: falling back to a synchroJnavaScript error: resource://gre/mooudsu lmeess/sLoginManagerParent.jsm, line 136: aTgyep efEorr:" "httror: gRecipeManager is null
p://localhost:8081"
console.warn: LoginRecipes: "getRecJipes: falling back to a synchroavaScript neorror: resource://greu/msodules/LoginManagerParent.jsm, line 136:  Tmyessapge for:" "http://localhost:8081"e
Error: gRecipeManager is null
console.warn: LoginRecipes: "getRecipes: falling back to a synchronous message for:" "http://localhost:808Ja1"
vaScript error: resource://gre/modules/LoginManagerParent.jsm, line 136: TypeError: gRecipeManager is null
console.warn: LoginRecipes: "geJavaScript error: resource://gre/modultRecipes: es/LoginManagerParent.jsm, line 136: TypeError: gRecipeManager is null
falling back to a synchronous message for:" "http://localhost:8081"
console.warn: LoginRecipes: "getRecipes: falling back to a synchronous message for:" "http:J//localhost:8081"
avaScript error: resource://gre/modules/LoginManagerParent.jsm, line 136: TypeError: gRecipeManager is null
console.warn: LoginRecipes: "getRecipes: fJaavaScript errolling back to a synchrr: resource://gre/modules/LoginManagerParent.jsm, line 136: TypeError: gRecipeManager is null
onous message for:" "http://localhost:8081"
console.warn: LoginRecipes: "getReJavaSccipes: falling back to a synchronouript error: resource://gre/modules/LoginManagesrParent.jsm, line 136: TypeError: gRecipeManager is null
 message for:" "http://localhost:8081"
console.warn: LoginRecipes: "getRecipes: falling baJavaScript error: resource://gre/modules/LoginManagerParent.jsm, line 136: TypeError: gRecipeManager is null
ck to a synchronous message for:" "http://localhost:8081"
console.warn: LoginRecipes: "getRecipes: falling back to a synchronous message for:" "http://localhost:8081"
JavaScript error: resource://gre/modules/LoginManagerParent.jsm, line 136: TypeError: gRecipeManager is null
console.warn:Ja LoginRecipes: "getRecipes: falling bavaScrck to a synchronous message for:" "htitpp:t//localhost:8081"
 error: resource://gre/modules/LoginManagerParent.jsm, line 136: TypeError: gRecipeManager is null
console.warn: LoginRecipes: "getReJavaScript error: resource://gre/modules/LocginManagerParent.jsm, line 136: TypeErroir: gRecipeMpanager is null
es: falling back to a synchronous message for:" "http://localhost:8081"
console.warn: LoginRecipes: "getRJeacvipes: falling back to a synchronous maScript error: resource://gre/modules/LoginManagerParent.jsm, line 136: TypeErersor: sgage for:" "http://localhost:8081"
RecipeManager is null
console.warn: LoginRecipes: "getRecipes: falliJavaScrng back tipto a synchrono errous messarg: resoure for:" "http://localhost:8081"
ce://gre/modules/LoginManagerParent.jsm, line 136: TypeError: gRecipeManager is null
console.warn: LoginRecipes: "getRecipes: falling back to a synchronous message for:" "http://localhost:8081"
JavaScript error: resource://gre/modules/LoginManagerParent.jsm, line 136: TypeError: gRecipeManager is null
console.warn: LoginRecipes: "getReJcipes: falling back to a synchronous message for:" "http://localhost:8081"
avaScript error: resource://gre/modules/LoginManagerParent.jsm, line 136: TypeError: gRecipeManager is null
console.warn: LoginRecipes: "getRecipes: falling Jback to a synchronous message for:" "http://localhosatv:8081"
aScript error: resource://gre/modules/LoginManagerParent.jsm, line 136: TypeError: gRecipeManager is null
console.warn: LoginRecipes: "geJavaScriptt error: resource://gre/Rmodules/LoginManagerParent.jsm, line 136: TypeError: gRecipeManager is null
ecipes: falling back to a synchronous message for:" "http://localhost:8081"
console.warn: LoginRecipes: "getRecipes: falling back to a sJavaScript error: resource://gre/modules/LoginManyanchrgoenorus message for:" "http://localhosParent.jsm, line 136: TypeError: t:8081"
gRecipeManager is null
console.warn: LoginRecipes: "getReciJavaScript error: resource://gre/modules/LoginManagerParent.jsm, line 136: TypeError: gRecipeManager is null
pes: falling back to a synchronous message for:" "http://localhost:8081"
console.warn: LoginRecipes: "getRecipes: falling back to a synchronous messageJavaScript error: resource://gre/modules/LoginManagerParent.jsm, li for:" "http://localhost:8081"
ne 136: TypeError: gRecipeManager is null
console.warn: LoginRecipes: "getRecipes: falling back to a synchronous message for:" "http://localhost:8081"
JavaScript error: resource://gre/modules/LoginManagerParent.jsm, line 136: TypeError: gRecipeManager is null
console.warn: LoginRecJavaScipes: "getRecipes: falling back to a synchronous message for:" "http://localhost:8081"
ript error: resource://gre/modules/LoginManagerParent.jsm, line 136: TypeError: gRecipeManager is null
console.warn: LoginRecipes: "getRecipes: falling back to a synchronous message Jfor:" "http://localhost:8081"
avaScript error: resource://gre/modules/LoginManagerParent.jsm, line 136: TypeError: gRecipeManager is null
console.warn: LoginRecipes: "getRecipes: falling bJavaSack to a synchronous message for:" "http://localhost:8081"
cript error: resource://gre/modules/LoginManagerParent.jsm, line 136: TypeError: gRecipeManager is null
console.warn: LoginRecipJavaScript erroers:: "ge resource://gre/modules/LoginManagertRecipes: falling back to a synchronous message for:" "http://Parent.jsm, line 136: TypeElocalhost:8081"
rror: gRecipeManager is null
console.warn: LoginRecipes: "gJavaScrietRecipes:pt err falling or: resource://gre/modules/LoginManagerbParent.jsm, line 136: TypeError: gReack to a synchronous message for:" "http:cipeManager is null
//localhost:8081"
console.warn: LoginRecipes: "getReciJpeas: falling back to a synchronouvsaScript error: res message for:" "http://localhost:8081"
ource://gre/modules/LoginManagerParent.jsm, line 136: TypeError: gRecipeManager is null
console.warn: LogiJavaScript enRecipes: "getRecipers: falling barck to a synchronous message for:" "httpo://localrh:o srte:s8o0u8r1c"
e://gre/modules/LoginManagerParent.jsm, line 136: TypeError: gRecipeManager is null
console.warn: LoginRecipJes: "getRecipes: falling back to a synchronous message for:" "http://localhaovsatS:c8r0i8p1t" e
rror: resource://gre/modules/LoginManagerParent.jsm, line 136: TypeError: gRecipeManager is null
console.warn: LoginRecipes: "getRecipes: falling back to a synchJronous message for:" "http://localhost:8081"
avaScript error: resource://gre/modules/LoginManagerParent.jsm, line 136: TypeError: gRecipeManager is null
console.warn: LoginRecipes: "getRecipes: falling back to a synchronous message for:" "http://localhost:8081"
JavaScript error: resource://gre/modules/LoginManagerParent.jsm, line 136: TypeError: gRecipeManager is null
console.warn: LoginRecipes: "getRecipes: falling bacJk to a synchronous message foar:" "http://vlocaaSlchroisptt: 8081"
error: resource://gre/modules/LoginManagerParent.jsm, line 136: TypeError: gRecipeManager is null
console.warn: LoginRecipes: "getRecipes: falling back to a synchronous message for:" "http://localhost:8081"
JavaScript error: resource://gre/modules/LoginManagerParent.jsm, line 136: TypeError: gRecipeManager is null
console.warn: LoginRecipes: "getRecipes: falling back to a synchronous message for:" "htJatvp://localhost:8081"
aScript error: resource://gre/modules/LoginManagerParent.jsm, line 136: TypeError: gRecipeManager is null
console.warn: LoginRecipes: "getRecipes: falling back to a synchronous message for:" "http://localhJoasvta:8081"
Script error: resource://gre/modules/LoginManagerParent.jsm, line 136: TypeError: gRecipeManager is null
console.warn: LoginRecipes: "getRecipes: falling back to a JavaScript error: resoursynchronous mescsagee for:" "ht:t/p/:g/r/e/modules/LoginManagerParent.jsm, line 136: TypeError:loc alhost:8081"
gRecipeManager is null
console.warn: LoginRecipesJavaScript error: resource://gre/modules/Log: "getinManagerParent.jsm, line 136: TypeError: gRecipeManager is null
Recipes: falling back to a synchronous message for:" "http://localhost:8081"
console.warn: LoginRecipes: "getRecipes: falling back Jtaov aa sySnccript error: resource://grhronoue/ms message for:" "http://localhost:8081"
odules/LoginManagerParent.jsm, line 136: TypeError: gRecipeManager is null
console.warn: LoginRecipes: "getRecipes: falling back to a synchronous message for:" "http://localhost:8081"
JavaScript error: resource://gre/modules/LoginManagerParent.jsm, line 136: TypeError: gRecipeManager is null
console.warn: LoginRecipes: "getJavaScript errRecipes: falling back to a synchronous message for:" "http://localhost:8or: resource://gre/modules/LoginManagerParent.jsm, line 136: TypeError: gRecipeMan0a8ger is null
1"
console.warn: LoginRecipes: JavaScript error: resource://gre/modules/LoginManagerParent.jsm, line 136: TypeError: gRecipeManager is null
"getRecipes: falling back to a synchronous message for:" "http://localhost:8081"
console.warn: LoginRecJavipes: "getRecipes: falling back to a synchronous message for:aS"cript error: resource://gre/modules/LoginManagerParent.jsm, lin e 1"3http://localh6: TypeError: gRecipeManager is null
ost:8081"
console.warn: LoginRecipes: "getRecipes: falling back to a synchronJavaScroipt erurors:  mreesource://gre/modules/LoginManagerParent.jsm, line 136: TypeError: gRecipeManager is null
ssage for:" "http://localhost:8081"
console.warn: LoginRecipes: "getRecipes: falling back to a synchronous message for:" "http:J/a/vaScript error: resourcle://gre/modocalhost:8081"
ules/LoginManagerParent.jsm, line 136: TypeError: gRecipeManager is null
console.warn: LoginRecipes: "getRecipes: falling back to aJavaScript error: resource://gre/modules/LoginManagerParent.jsm, line 136: TypeError: gRecipeManager is null
 synchronous message for:" "http://localhost:8081"
console.warn: LoginRecipes: "getRecipes: falling back to a synchronousJavaScript er message for:" "http://localhost:8081"
ror: resource://gre/modules/LoginManagerParent.jsm, line 136: TypeError: gRecipeManager is null
console.warn: LoginRecipes: "getRecipes: falling back to a sJyanvcahSrconous message for:" "hrtitpp://localhost:8081"
t error: resource://gre/modules/LoginManagerParent.jsm, line 136: TypeError: gRecipeManager is null
console.warn: LoginRecipeJsa:vaScript error: resource://gre/modules/LoginMan a"ggetRecipes: faelling back to a synchronous messager for:" "http://localhost:8081P"
arent.jsm, line 136: TypeError: gRecipeManager is null
console.warn: LoginRecipes: "gJavaScript erreor: resource://gtre/modules/LoginManagerParent.jsRm, line 136: TypeError: gRecipeManager is null
ecipes: falling back to a synchronous message for:" "http://localhost:8081"
console.warn: LoginRecipes: "getRecipes: falling back to a synchronous meJsasvaagSec rfioprt: "e r"rhotrt:p :r/e/slooucracleh:o/s/tg:re/modules/LoginManagerParent.jsm, line 183068:1 "Ty
peError: gRecipeManager is null
console.warn: LoginRecipesJ:a "gevtRaecipes: falling back to a synchronous message for:"Scri p"http://lotca lhost:80e81"
rror: resource://gre/modules/LoginManagerParent.jsm, line 136: TypeError: gRecipeManager is null
console.warn: LoginRecipes: "geJavaStcript Reercriopre: resource://gre/modules/Logsi:nM anfagaelrlPing back to a synchronaourents.jsm, line 136: Type Error: gRmeecsipeManagers aigse  nfuolrl:"
 "http://localhost:8081"
console.warn: LoginRecipes: "getRecipes: falling back to a synchronous message for:" "http://localhost:8081"
JavaScript error: resource://gre/modules/LoginManagerParent.jsm, line 136: TypeError: gRecipeManager is null
console.warn: LoginRecipes: "getRecipes: falling back to a synchronous message for:" "http://localhost:8081"
JavaScript error: resource://gre/modules/LoginManagerParent.jsm, line 136: TypeError: gRecipeManager is null
console.warn: LoginRecipes: "getRecipes: fJavaScript erroralling back to a syn:chr ornous message for:" "http://leocaslhost:8081"
ource://gre/modules/LoginManagerParent.jsm, line 136: TypeError: gRecipeManager is null
console.warn: LoginRecipes: "geJavaScript error: resource://gre/modules/LoginManagerParent.jsm, line 136:t TypeError: gRecipeManager is null
Recipes: falling back to a synchronous message for:" "http://localhost:8081"
console.warn: LoginRecipes: "getRecipes: falling bacJavaScript error: resource://gre/modules/LoginManagerParent.jsm, line 136: TypeError: gRecipeManager is null
k to a synchronous message for:" "http://localhost:8081"
console.warn: LoginRecipes: "getRecipes: falling back to a synchronous messJage for:" "http://localhost:8081"
avaScript error: resource://gre/modules/LoginManagerParent.jsm, line 136: TypeError: gRecipeManager is null
console.warn: LoginRecipes: "getRecipes: falling back to Ja synchronous message for:" "http://locavaaScript error: reslhoosurce://gre/modules/LogtinManagerParent.jsm, line 136:: TypeEr8081"
ror: gRecipeManager is null
console.warn: LoginRecipes: "getRecipJavaScript eres: falliror: resource://gng bre/moack dules/LoginManagerParent.jsm, line 136: TypeErrto a synchronous messageo r: gRefcoir:" "http:/p/elMoacalhost:8081"
nager is null
console.warn: LoginRecipes: "geJtaRveacSicpreisp:t  fearlrloirng:  brack to a synchronous message for:" "http://localhost:8081"
esource://gre/modules/LoginManagerParent.jsm, line 136: TypeError: gRecipeManager is null
console.warn: LoginRecJavaScript error: resouipes: "getRecipes:r falling bacce:k/ /gre/modules/LogintManagerParent.jsm, o a synchronous messagel ine 136: TypeError: gRecipeManager is null
for:" "http://localhost:8081"
console.warn: LoginRecipes: "getRecipJavaScript error: resource://gre/modules/LoginManagerParenest.jsm, line 136: TypeError: gRecipeManager : falling back to a synchronous message ifor:" "http:s//localhost:8081"
 null
console.warn: LoginRecipes: "getRecipJavaScript error: res: falling back to esa synchronous messagource://gre/modules/LoginManagere for:" "http://localhost:8081"
Parent.jsm, line 136: TypeError: gRecipeManager is null
console.warn: LoginRecipes: "getRecipes: falling back to a synchroJavaScript errnous message for:" "http://localhost:8081"
or: resource://gre/modules/LoginManagerParent.jsm, line 136: TypeError: gRecipeManager is null
console.warn: LoginRecipes: "getRecipes: falling JavaScribpt error: resouracck to a synchreonous message for:" "http://localhost:8081"
://gre/modules/LoginManagerParent.jsm, line 136: TypeError: gRecipeManager is null
console.warn: LoginRecipes: "getRecipes: falling back to a synchronous message for:" "http://JlaovcaaSlchroispt:8081"
t error: resource://gre/modules/LoginManagerParent.jsm, line 136: TypeError: gRecipeManager is null
console.warn: LoginRecipes: "getRecipes: JfaavaScript error: resource://gre/modules/LoginManagerParent.jsm, lilling back to a synchronous message for:" "http://localhost:8081"n
e 136: TypeError: gRecipeManager is null
console.warn: LoginRecipes: "getRecipes: falliJnag back to a synchronous mvessage faor:" "Shttp://localhocst:8081"
ript error: resource://gre/modules/LoginManagerParent.jsm, line 136: TypeError: gRecipeManager is null
console.warn: LoginRecipes: "getRecipes: falling baJck toavaS a syncrchronipt eous mrror: resourceessage for:" "http://localhost:8081"
://gre/modules/LoginManagerParent.jsm, line 136: TypeError: gRecipeManager is null
console.warn: LoginRecipes: "getRecipes: falling back to a synchronous message for:" "http://lJavaScorciaplth oesrt:8081"
ror: resource://gre/modules/LoginManagerParent.jsm, line 136: TypeError: gRecipeManager is null
console.warn: LoginRecipes: "getRecipes: falling back to Ja synchronous maevsasage for:" "http://localhost:8081"
Script error: resource://gre/modules/LoginManagerParent.jsm, line 136: TypeError: gRecipeManager is null
console.warn: LoginRecipesJavaScr: "getRecipes: falling back to a synchronous message for:" "http://localhost:8081"
ipt error: resource://gre/modules/LoginManagerParent.jsm, line 136: TypeError: gRecipeManager is null
console.warn: LoginRecipes: "JgetRecipeasv:a Sfalling back to a synchronous message for:" "http://loccalhostr:80i81"p
t error: resource://gre/modules/LoginManagerParent.jsm, line 136: TypeError: gRecipeManager is null
console.warn: LoginRecipes: "getRecipes: fallJavaScript ering back to a synchronous mresosage for:" "http://locral:ho st:8081"
resource://gre/modules/LoginManagerParent.jsm, line 136: TypeError: gRecipeManager is null
console.warn: LoginRecipes: "getRecipes:JavaScript  error: resoufrcaelling back to a synchronous message://gre for:"/ "http:m/o/localhost:8081"d
ules/LoginManagerParent.jsm, line 136: TypeError: gRecipeManager is null
console.warn: LoginRecipes: "getRecipes:JavaScript error: resource://gre/modules/LoginManagerParent.jsm, line 136: TypeError: gRecipeManager is null
 falling back to a synchronous message for:" "http://localhost:8081"
console.warn: LoginRecipes: "getRecipes: falJavaScript error: resouling back to a synchronous message for:" "http://localhost:8081"
rce://gre/modules/LoginManagerParent.jsm, line 136: TypeError: gRecipeManager is null
console.warn: LoginRecipes: "getRecipes: falling back tJavaScript error:o resource://gre/modules/LoginManagerParent.jsm , line 136: TypeError: gRecipeManager is null
a synchronous message for:" "http://localhost:8081"
console.warn: LoginRecipes: "getRecipeJavaScript error: resource://gre/moduless/LoginManagerParent.:j sfamll,ing b ack to a synchronous messaline 136: TypeError: gRecipeManager is null
ge for:" "http://localhost:8081"
console.warn: LoginRecipes: JavaScript error: resource://gre/modules/LoginManagerParent.jsm, line 136: TypeError: gRecipeManager is null
"getRecipes: falling back to a synchronous message for:" "http://localhost:8081"
console.warn: LoginRecipes: "getRecipes: falling back to a synchronous message for:" "http://localhost:8081"
JavaScript error: resource://gre/modules/LoginManagerParent.jsm, line 136: TypeError: gRecipeManager is null
console.warn: LoginRecipes: "getRecipes: fallinJavaScrgi back to a spt error:ynchronous message f resource:o//gre/modules/LoginManagerParent.jsm, line 136: Tryp:eError:" gRecipe Manager is null
"http://localhost:8081"
console.warn: LoginRecipes: "getRecipes: falling back to a synchronous message for:" "http://localhost:8081"
JavaScript error: resource://gre/modules/LoginManagerParent.jsm, line 136: TypeError: gRecipeManager is null
console.warn: LoginRecipes: "geJtRecipes: fallinagv back ato a synchronous message for:" "http://localhost:80S81"c
ript error: resource://gre/modules/LoginManagerParent.jsm, line 136: TypeError: gRecipeManager is null
console.warn: LoginRecipJavaScript error: resource://grees/:modules/LoginManagerParent.jsm,  line "getRecip1es: falling back to 3a 6: synchroTypeErrorno: gRecipeManauger is null
s message for:" "http://localhost:8081"
console.warn: LoginRecipes: "getRecipes: falling back to a synchronous message JavaScript error: resource://gre/modules/LoginMafnagerParent.jsm, line o136: TypeError: gRecipeManager is null
r:" "http://localhost:8081"
console.warn: LoginRecipes: "getRecipes: falJavaScrling bacipt error: resourck toe://gre/modules/LoginManagerParent.jsm, line 136: TypeError: gRecipeManager is  null
a synchronous message for:" "http://localhost:8081"
console.warn: LoginRecipes: "getRecipes: falling back to a synchronous message for:" "http://localhost:8081"
JavaScript error: resource://gre/modules/LoginManagerParent.jsm, line 136: TypeError: gRecipeManager is null
console.warn: LoginRecipesJavaScript error: resource://gre/modules/Lo:g "getRecipes: falling back to ainManagerParent.jsm, line 13 synchronous message for:" "http://localhost:8081"
6: TypeError: gRecipeManager is null
console.warn: LoginRecipes: "getRecipes: falling back to a synchronous message for:JavaScript error: resource://gre/mod" "http:/u/llocaelhosst:/808L1"o
ginManagerParent.jsm, line 136: TypeError: gRecipeManager is null
console.warn: LoginRecipes: J"agveatSRcerciippte se:r rfoarl:l irnegs obuarccke :t/o/ gar es/ymnocdules/LoginManagerParenhronoust .mjessms,a glei nfeo r1:3"6 :" hTtypeError: gRecipeManager is null
tp://localhost:8081"
console.warn: LoginRecipes: "getRecipes: falling backJ to a synchronous message for:" "http://localhost:8081"
avaScript error: resource://gre/modules/LoginManagerParent.jsm, line 136: TypeError: gRecipeManager is null
console.warn: LoginRecipes: "getRecipes: falling back to aJ synchronous message aforv:" "http://localhost:8081"
aScript error: resource://gre/modules/LoginManagerParent.jsm, line 136: TypeError: gRecipeManager is null
console.warn: LoginRecipes: "getRecipes: falling back to a sJayvaScript error: resonchronous message for:" "http://localhost:8081"
urce://gre/modules/LoginManagerParent.jsm, line 136: TypeError: gRecipeManager is null
console.warn: LoginRecipes: "getRJavaScrecipes: falling back to a synchrionous messagep for:" "http://ltoc error: resource://gre/modules/LoginManagerParent.jsm, line 136: TypeError: gRecipeManagaerlhost:8081"
 is null
console.warn: LoginRecipJavaeSs: "getRecipes: falling back to a synchronous message for:" "http://localhost:8081"
cript error: resource://gre/modules/LoginManagerParent.jsm, line 136: TypeError: gRecipeManager is null
console.warn: LoginRecipes: "getRecipes: faJavalling back tSo a synchrconous message fript error: or:" "htrtp://leosource://gre/modules/LoginManagerPcalhoasrte:n8t0.8jsm, line 136: TypeEr1ror: gRecipeManager is null"

console.warn: LoginRecipes: "getRecipes: falling back to a synchronous message JavaScript error: resource://gre/modules/LoginManagerParent.jsm, line 13for:" "http://localhost:8081"
6: TypeError: gRecipeManager is null
console.warn: LoginRecipes: "getRecipes: falling back to a synchronousJavaScript error: resource://gre/modules/LoginManagerParent.jsm, line 136: TypeError: gR meecipeManager is null
ssage for:" "http://localhost:8081"
console.warn: LoginRecipes: "getRecipes: falling back to a synchronous message for:" "http://localhost:8081"
JavaScript error: resource://gre/modules/LoginManagerParent.jsm, line 136: TypeError: gRecipeManager is null
console.warn: LoginRecJavaScipes: "getRecipes: falling back to a synchronous messageript error: resource://gre/modules/LoginManagerParen for:" "http://localhost:8081"
t.jsm, line 136: TypeError: gRecipeManager is null
console.warn: LoginRecipes: "getRecipes: falling back to a synchronous message for:" "http://localhost:8081"
JavaScript error: resource://gre/modules/LoginManagerParent.jsm, line 136: TypeError: gRecipeManager is null
console.warn: LoginRecipes: "getRecipes: falling back to a synchronous message Jfor:" a"http://locvaScript error: resource://gre/modules/LoginManagerParent.jsm, alhost:8081"
line 136: TypeError: gRecipeManager is null
console.warn: LoginRecipes: "getRecipeJavaScript error: resource://gre/modus:l fes/LoginalliMang back to anagerParent.jsm, line 136: TypeErr synchronous message for:" "http://localhost:8081"
or: gRecipeManager is null
console.warn: LoginRecipes: "getRecipes: fallJavaScript error: resouing back to a synchronous message for:" "http://localhost:8081"
rce://gre/modules/LoginManagerParent.jsm, line 136: TypeError: gRecipeManager is null
console.warn: LoginRecipes: "getRecipes: falling back to a synchronous message for:" "http://localhost:8081"
JavaScript error: resource://gre/modules/LoginManagerParent.jsm, line 136: TypeError: gRecipeManager is null
console.warn: LoginRecipes: "getRecipes: faJavaScript errlor: resource://gre/modules/lLoginMiang back to anagerParent. jssynchronous message for:m" ", lhine 136:ttp:// TypeErrlocoalhost:r8081"
: gRecipeManager is null
console.warn: LoginRecipes: "getRecipes:JavaScript fall erroing br: reack to asou synchronrce://grous mee/modules/Logissage nManagerParent.for:" "htjsm, tp://loline 1calho36st:8081": TypeErr
or: gRecipeManager is null
console.warn: LoginRecipes: "getRecipes: faJavalling back tScript o a serror: resource://gre/modules/LogiynchronounManas message for:"gerPare "htnt.tpjsm, line:/ 136: Typ/localheErost:8ror: gRecipeM081"anager 
is null
console.warn: LoginRecipes: "getRecipes: falling back to a synchronous message for:" "httJavaScript error: resource://gre/modp://loulecals/LoginManahost:8081gerParent.jsm, line 136: Typ"
eError: gRecipeManager is null
console.warn: LoginRecipes: "getRecipes: falliJavng aSback to cript error:a sy rncesohronousurce:// messaggre/modue forles/Log:"in "http://loManagerPacalhrent.josst:8081"
m, line 136: TypeError: gRecipeManager is null
console.warn: LoginRecipes: "getRecipes: fallJavaScripingt e rror: rback tesoo a synchronouurcs me:/ess/gre/moduageles/Log foinMr:" ana"htgertp:Pare//locant.jslhost:8081"
m, line 136: TypeError: gRecipeManager is null
console.warn: LoginRecipes: "getRecipes: falling bJavaackScr to a ipt esynchronourror: resours mce:/essa/gre/moge dulfor:" "ehttp:s/L//locaogilhonMast:808nage1"
rParent.jsm, line 136: TypeError: gRecipeManager is null
console.warn: LoginRecipes: "getRecipes: falling back to a synchronous message for:" "http://localhost:8081"
JavaScript error: resource://gre/modules/LoginManagerParent.jsm, line 136: TypeError: gRecipeManager is null
console.warn: LoginRecipes: "getRecipes: falling back to a synchronous message for:"Java "http://Sclocalhripost:t er8081"
ror: resource://gre/modules/LoginManagerParent.jsm, line 136: TypeError: gRecipeManager is null
console.warn: LoginRecipes: "getRecipes: falling back to a synchroJavnous messaScaript gee for:" "http:/r/ror: resource:localhos//gre/modulest:8081"
/LoginManagerParent.jsm, line 136: TypeError: gRecipeManager is null
console.warn: LoginRecipes: "getRecipesJavaScr: faipt error:lling resour bacce:/k /grto a syne/chronous mmodulese/LoginManagerParssage fent.jsm, line 136:or:"  "htTypeErrtp://or: gRecipelocalhost:Mana8081"
ger is null
console.warn: LoginRecipes: "getRecipes: falling back to a synchronous message for:" "http://localhosJavaScript ert:80ror:81" resource://
gre/modules/LoginManagerParent.jsm, line 136: TypeError: gRecipeManager is null
console.warn: LoginRecipes: JavaScript "geterroRecir: rpes:es ofuarce://gre/modules/Loginlling Manaback to a gerParensynct.jsm, lihronne 1ous messa36: Typege Errofor:" "r: gRehttp:/cipeMa/localhostnager :8081"
is null
console.warn: LoginRecipes: "getRecipes: falling back to a synchronouJavaScs mesrisaptge e rrforor: :" resource://gre/modules/LoginManag"htterParp://enlt.jocalhsm, liost:8ne 136: T081"
ypeError: gRecipeManager is null
console.warn: LoginRecipes: "geJavtRaScrecipipt eresror:: fal rlesing back tource://o a synchrgre/modules/LoginonousManag message for:erP" "httparent.://lojsm, line calho136:st:8081 TypeError: gRe"
cipeManager is null
console.warn: LoginRecipes: "getRecipes: falling back to a synchronous message for:" "http://localhosJavaSctr:80ipt erro81"
r: resource://gre/modules/LoginManagerParent.jsm, line 136: TypeError: gRecipeManager is null
console.warn: LoginRecipes: "getRecipes: falling back to aJava synchScriptronous  emerror: resource:/s/gsagre/modules/LoginManagerParent.jsm, lie ne 136: Tfor:" "httpypeError:://localhost: gReci8081"peMana
ger is null
console.warn: LoginRecipes: "getRecipes: fJavallaScing bripack to a syt enchrroronous messar: ge resouforrce::" "http://loc//gre/malhost:8081"odule
s/LoginManagerParent.jsm, line 136: TypeError: gRecipeManager is null
console.warn: LoginRecipes: "getRJavaScript error: reecisoupes: rce://gre/modulesfal/LoginManagerPling back tarent.jsm, line 136: TypeError: gRecipeManager is nuo a ll
synchronous message for:" "http://localhost:8081"
console.warn: LoginRecipes: "geJavatScriptRec error: resource:ipes: f//gre/mallodules/ing bacLoginMk tanao a sgerPynchrarent.jsm, line 13onous messag6: Tye for:" "peEhttp://lrror: gReciocalhospeManagert:8081" is nul
l
console.warn: LoginRecipes: "getReciJavaScript erpes: fror: resalling back to aource://gre/modul es/synchrLoginManagoenourPas mesrent.jssage for:" "httm, p://line localhost136::80 T81"
ypeError: gRecipeManager is null
console.warn: LoginRecipes: "getRecipes: falling back to a synchronous messagJe for:" "ahvtatSpcript error: resource://gre/modules/LoginManagerParent.jsm, line 136: TypeError: gRecipeManager is null
://localhost:8081"
console.warn: LoginRecipes: "getRecipeJsa: favaScrliling backp to at  seyrnrcohrr:o nrous message for:" "http://localhoest:8081"
source://gre/modules/LoginManagerParent.jsm, line 136: TypeError: gRecipeManager is null
console.warn: LoginRecipes: "getRecipes: falling back to a synchronous message forJ:" "http://localhost:8081"
avaScript error: resource://gre/modules/LoginManagerParent.jsm, line 136: TypeError: gRecipeManager is null
console.warn: LoginRecipes: "getRecipes: falling back tJo a synchronous message for:" "http://localhost:8081"
avaScript error: resource://gre/modules/LoginManagerParent.jsm, line 136: TypeError: gRecipeManager is null
console.warn: LoginRecipes: "getRJavaScrecipes: falling back to a synchronous message for:" "http://localhost:8081"
ipt error: resource://gre/modules/LoginManagerParent.jsm, line 136: TypeError: gRecipeManager is null
console.warn: LoginRecipes: "getRJavaScript erroer: criepseosu:rce://gre/mod ulefalsl/ing back to a synchronous messagLeo ginManagerParenfto.rj:" "http://localhost:8081"
sm, line 136: TypeError: gRecipeManager is null
console.warn: LoginRecipes: "getRecJavaScript error: resource://gre/modules/LoginManagerParent.jsm, line 136: TypeError: gRecipeManager is null
ipes: falling back to a synchronous message for:" "http://localhost:8081"
console.warn: LoginRecipes: "getRecipJavaSes: fallingc back to a synchript error: resource://gre/modules/LoginManaronoguerParent.jsm, line 136: TypeError: gRse cmiepsesMaagnea gfeorr :i"s  nul"l
http://localhost:8081"
console.warn: LoginRecipes: "getReJavaScript error: resource://gre/modules/LoginManagerParent.jsm, line 136: TypeciEperror: gRecipeManager is null
s: falling back to a synchronous message for:" "http://localhost:8081"
console.warn: LoginRecipes: "getRecJavaScriipt erropes: falrl:i nrge sbource://grack to a synchronous message for:" "httep:/mod//localhost:8081"
ules/LoginManagerParent.jsm, line 136: TypeError: gRecipeManager is null
console.warn: LoginRecipes: "getRecipes: falling back to a synchronous message for:" "http://localhost:8081"
JavaScript error: resource://gre/modules/LoginManagerParent.jsm, line 136: TypeError: gRecipeManager is null
console.warn: LoginRecipJavaScript erres: "geor: rteRseocipesu:r falling back to a synchronous message for:" "http://localhost:8081"
ce://gre/modules/LoginManagerParent.jsm, line 136: TypeError: gRecipeManager is null
console.warn: LoginRecipes: "getRecipes: falling back to a synchronous message for:" "http://locJavaScript error: resource://gre/modules/LoginManagerParent.jsm, line 136: TypeError: gRecipeManagaelrh oisst :n8u0l8l1"

console.warn: LoginRecipes: "getRJeacvipes: fallianSgc back to a synchronous message for:" "hrttp://loicalhost:8081"
pt error: resource://gre/modules/LoginManagerParent.jsm, line 136: TypeError: gRecipeManager is null
console.warn: LoginRecipeJavsaScript error: resource://gre/modules/Login:M "getRecipes: falling back to a synchronous message for:" "http://localhost:8081"
anagerParent.jsm, line 136: TypeError: gRecipeManager is null
console.warn: LoginRecipes: "getRecipes: falling back to a synchronous message for:" "httJavaScript error: resource://gre/modp://localhost:8ules/LoginManagerParent.jsm, line0 8113"6: TypeErro
r: gRecipeManager is null
console.warn: LoginRecipes: "getRecipes: falling back to a synchronous message for:" "http://localhost:8081"JavaScript error: resource://gre/modules/LoginManagerParen
t.jsm, line 136: TypeError: gRecipeManager is null
console.warn: LoginRecipes: "getRecipes: falling back to a synchronous message Jfaor:" "http://locvaalShocst:8081"
ript error: resource://gre/modules/LoginManagerParent.jsm, line 136: TypeError: gRecipeManager is null
console.warn: LoginRecipes: "getRecipes: fallinJg backa tov a synchraonous message for:" "http://localhost:8081"
Script error: resource://gre/modules/LoginManagerParent.jsm, line 136: TypeError: gRecipeManager is null
console.warn: LoginRecipes: "getRecipes: falling back to a synchronous message for:" "http://localhost:8081"JavaScript error: resourc
e://gre/modules/LoginManagerParent.jsm, line 136: TypeError: gRecipeManager is null
console.warn: LoginRecipes: "getRecipes: falling back to a synchronous message for:" "http://localJavahoScript errors:t :r8e0s8o1u"r
ce://gre/modules/LoginManagerParent.jsm, line 136: TypeError: gRecipeManager is null
console.warn: LoginRecipes: "getRecipes: falling back to a synchronous message for:"J a"vhttp://localhost:808aScrip1"
t error: resource://gre/modules/LoginManagerParent.jsm, line 136: TypeError: gRecipeManager is null
console.warn: LoginRecipes: "getRecipes: falling back to a synchronous message for:" "http://JavaScript error: reslource://gre/modules/LoginManagerParent.jsm, line 136: TypeError: gRecipeocalhost:8081"
Manager is null
console.warn: LoginRecipesJavaScri:pt error:  resource:/"/ggerteR/ecmiodules/Lopes: gfalling back to a synchronous message for:" "http://localhost:8081"
inManagerParent.jsm, line 136: TypeError: gRecipeManager is null
console.warn: LoginRecipes: "getRecipesJ:avaScript er rfor: resource://aglrlei/nmgo dbuack to a synchronous message for:" "http://localhost:8081"
les/LoginManagerParent.jsm, line 136: TypeError: gRecipeManager is null
console.warn: LoginRecipes: "getRecipes: fJalliang back tvo a saynchSronocript error: resource://gre/modules/LoginManagerParent.ujss mm,e slsiange 136: TypeErroer: g RecipeManager is null
for:" "http://localhost:8081"
console.warn: LoJavaScript error:ginRecipes: "getRecipes: falling back to a synchronous mess argees ofuor:" "http://localhost:8081"
rce://gre/modules/LoginManagerParent.jsm, line 136: TypeError: gRecipeManager is null
console.warn: LoginRecipes: "getRecipes: falling back JavtaScript erroor:  ar essyonucrhcreo:n/o/ugsr emessage f/omro:d"u l"ehst/tLp:/o/logcalihosnt:8081"
ManagerParent.jsm, line 136: TypeError: gRecipeManager is null
console.warn: LoginRecipes: "getRecipes: falling back to a synchronous message for:" "http://localhosJta:v8a0S8c1r"ip
t error: resource://gre/modules/LoginManagerParent.jsm, line 136: TypeError: gRecipeManager is null
console.warn: LoginRecipes: "getRecipes: falling back to a synchronous message for:" "http://localhost:8081"
JavaScript error: resource://gre/modules/LoginManagerParent.jsm, line 136: TypeError: gRecipeManager is null
console.warn: LoginRecipes: "getRecipes: falling back to Jaa vaScript error: resource://gre/modules/LoginManagerParent.jsm, line 136: TypeError: gRecipeManager is null
synchronous message for:" "http://localhost:8081"
console.warn: LoginRecipes: "gJavaeStcRecipes: falling back to a synchronous messagreipt erro for:" "hrttp://loca: resource:l//gre/modules/LoginManagerParent.jsm, line h136: TypeError: gReciospeMt:8anager is null
081"
console.warn: LoginRecipes: "getRecipes: falling back to a synchronous message for:" "http://localhost:8081"
JavaScript error: resource://gre/modules/LoginManagerParent.jsm, line 136: TypeError: gRecipeManager is null
console.warn: LoginRecipes: "getRecipes: falling bacJk avaScto a sryinpcthro neorurso rm:essage for:" "http://localhost:8081"
 resource://gre/modules/LoginManagerParent.jsm, line 136: TypeError: gRecipeManager is null
console.warn: LoginRecipes: "getRecJipaevsa:S cfrailplti negr rbor: resaource:ck to a sync/hronous message for:" "ht/tpg://localhost:8081"
re/modules/LoginManagerParent.jsm, line 136: TypeError: gRecipeManager is null
console.warn: LoginRecipes: "getRecipes: falling back to a synchronous mesJsage for:" "http:/a/vlaocalhost:8081"
Script error: resource://gre/modules/LoginManagerParent.jsm, line 136: TypeError: gRecipeManager is null
console.warn: LoginRecipes: "getRecipes: falling back to a synchronous message for:" "http://localhoJavaScript error: resourcest:8081"
://gre/modules/LoginManagerParent.jsm, line 136: TypeError: gRecipeManager is null
console.warn: LoginRecipes: "getRecipes: falJlinga vbaaSccript error: resource://gre/moduleks/LoginManagerParent.jsm, line 136: TypeError: gRecipeManager is null
 to a synchronous message for:" "http://localhost:8081"
console.warn: LoginRecipes: "getRecipesJavaScript error: resource://gre/modules/LoginManagerParent.jsm, l:ine 136: TypeErr or:f gRecipeManager is null
alling back to a synchronous message for:" "http://localhost:8081"
console.warn: LoginRecipes: "getRecipes: fJavaScript error: resource://gre/modules/LoginManagerParent.jsm, line 136: TypeError: gRecipeManager is null
alling back to a synchronous message for:" "http://localhost:8081"
console.warn: LoginRecipes: "getRecipes: falling back to a synchronous message for:" "http://localhost:8J081"
avaScript error: resource://gre/modules/LoginManagerParent.jsm, line 136: TypeError: gRecipeManager is null
console.warn: LoginRecipes: "getReciJpes: falling back to a synchroanovuaScript ers message for:" "http://localhost:8081"
ror: resource://gre/modules/LoginManagerParent.jsm, line 136: TypeError: gRecipeManager is null
console.warn: LoginRecipes: "getRecipes: falling back to aJ asvaScript error: resource://gre/modules/LoginManagerParent.jsm, line 13ynchronous me6: TypeError: gRecipeManager is null
ssage for:" "http://localhost:8081"
console.warn: LoginRecipes: "getRecipes:J afvaalScript ling back to a synechronous messagrror: resource://gre/modules/Logine for:" "Mhttp://localhoanagerParent.jsmst:8081", line 136: TypeError: gRecipeMa
nager is null
console.warn: LoginRecipes: "getRecipes: falling back to a synchrJavaSonous mecrsipt error: resources://gare/modulegs/eLoginManagerParent.jsm, line 136: TypeError: gRecipeManager is null
 for:" "http://localhost:8081"
console.warn: LoginRecipes: "getRecipes: falling back to a synchronous message for:" "http://localhosJt:8avaScript error: resource://gre/0m8odules/LoginManagerParent.jsm, l1i"ne
 136: TypeError: gRecipeManager is null
console.warn: LoginRecipes: "getRecipes: faJllaivaSncript error: resource://gre/modulegs/LoginMa banagecrParent.jsm, line 136: TypeError: gRecipeManager is null
k to a synchronous message for:" "http://localhost:8081"
console.warn: LoginRecipes: "getRecipes: falling back to a synchrJoanous message for:" "http://localhost:8081"
vaScript error: resource://gre/modules/LoginManagerParent.jsm, line 136: TypeError: gRecipeManager is null
console.warn: LoginRecipes: "getRecipJavaScript error: resource://gre/modules/LoginManageres: fallParent.jsm, line 136: ing back to a synchronous message for:" "http://localhost:8081"
TypeError: gRecipeManager is null
console.warn: LoginRecipes: "getRecipes: falling back to a synchronous message for:" "httpJ://localhost:8081"a
vaScript error: resource://gre/modules/LoginManagerParent.jsm, line 136: TypeError: gRecipeManager is null
console.warn: LoginRecipes: "getRecipes: falling back to a synchronous message forJ:" "http://localhost:8081"
avaScript error: resource://gre/modules/LoginManagerParent.jsm, line 136: TypeError: gRecipeManager is null
console.warn: LoginRecipes: "getRecipes: falling back to a synchrJaonousva Smcerispt error: resosurage for:" "http://localhost:8081"
ce://gre/modules/LoginManagerParent.jsm, line 136: TypeError: gRecipeManager is null
console.warn: LoginRecipes: "getRecipes: falling back to a synchronous message foJr:" "http://localhost:8081"
avaScript error: resource://gre/modules/LoginManagerParent.jsm, line 136: TypeError: gRecipeManager is null
console.warn: LoginRecipes: "getRecipes: falling back to Jaa vsynchronoaScript error: resuousr cmee:s/s/agre/modugles/LoginManagerParee nfor:" "http://localhost:8081"
t.jsm, line 136: TypeError: gRecipeManager is null
console.warn: LoginRecipes: "geJtRecipes: falling back tavaScript error:o a synchron ous message for:" "hrttp://localhost:8081"
esource://gre/modules/LoginManagerParent.jsm, line 136: TypeError: gRecipeManager is null
console.warn: LoginReciJavaScript error: resource://gre/modules/LoginManagerParent.jsm, line 136p:e sT:ypeErro r": gRecipeManagger eis tnull
Recipes: falling back to a synchronous message for:" "http://localhost:8081"
console.warn: LoginRecipes: "getRecipes: falling back tJoa vaa Sscyript error: resource://gre/modnuclherso/nLoginManagerParent.jsm, line 136: TypeError: gRecipeManager is null
ous message for:" "http://localhost:8081"
console.warn: LoginRecipes: "getRecipes: falling back to a synchronous message for:" "http://localhost:8081"
JavaScript error: resource://gre/modules/LoginManagerParent.jsm, line 136: TypeError: gRecipeManager is null
console.warn: LoginRecipes: "getRecipes: falling back to a synchronous message for:" "http://localhost:8081"
JavaScript error: resource://gre/modules/LoginManagerParent.jsm, line 136: TypeError: gRecipeManager is null
console.warn: LoginRecipes: "getJavaScript error: resource://gre/modules/LoginManagerParent.jsm, line 136: TypeError: gRecipeManageRr is null
ecipes: falling back to a synchronous message for:" "http://localhost:8081"
[Parent 10896, IPC I/O Parent] WARNING: file /builds/worker/checkouts/gecko/ipc/chromium/src/base/process_util_win.cc:167
