1652632196036	geckodriver	INFO	Listening on 127.0.0.1:3231
console.warn: SearchSettings: "get: No settings file exists, new profile?" (new NotFoundError("Could not open the file at C:\\Users\\pabli\\AppData\\Local\\Temp\\rust_mozprofile1ig00o\\search.json.mozlz4", (void 0)))
console.warn: LoginRecipes: "getRecipes: falling back to a synchronous message for:" "http://localhost:8081"
console.warn: LoginRecipes: "getRecipes: falling back to a synchronous message Javafor:"Script  "http://localhost:e8rror: resource:081"
//gre/modules/LoginManagerParent.jsm, line 136: TypeError: gRecipeManager is null
console.warn:J aLvoaScript error: resource://gre/modules/LoginManagerParent.jsm, ginRecipes: "lgine 136: TypeError: gRecipetRecipes: faeManaglliner is null
g back to a synchronous message for:" "http://localhost:8081"
console.warn: LoginRecipes: "getRecipes: falling back to a JavaScript error: resource://gre/modules/Logisnynchronous message for:M" "htatp://localhost:8081"
nagerParent.jsm, line 136: TypeError: gRecipeManager is null
console.warn: LoginRecipes: "getRecipesJ:avaSc ript errfor: raelslource://gre/modules/LoginManagerParent.jsm, line 136: TypeError: gRecipeManager is null
ing back to a synchronous message for:" "http://localhost:8081"
console.warn: LoginRecipes: "getRecipes: falling back to a synchronous message for:" "http://localhost:8JavaS0c81ript e"
rror: resource://gre/modules/LoginManagerParent.jsm, line 136: TypeError: gRecipeManager is null
console.warn: LoginRecipes: "getRecipes: falling back to a synchronous message for:" "http://localhost:8081"
JavaScript error: resource://gre/modules/LoginManagerParent.jsm, line 136: TypeError: gRecipeManager is null
console.warn: LoginRecipes: "getRecipJeasv:a Sfcarlilpitn ge rbraocrk:  troe sao usrycnec:hronous mes/s/age fgorre:/"m o"dhutltpes/LoginMa://lnoacgaelrhParent.jsm, olsitn:e 136: TypeE8r0r8o1r": 
gRecipeManager is null
console.warn: LoginRecipes: "getRecJavaScript error: resource://grei/pmeosd:u lfeasl/lLionggi nbMaacnka gteor Paa rseynntch.rjosnmo,u sl imnees s1a3g6e:  fToyrp:e"E r"rhotrt:p :g/R/elcoicpaelMhaonsatg:e8r0 8i1s"
 null
console.warn: LoginRecipes: "getRecipes: falling bJaacvkaScript error: resource://gre/mod ulets/LoginManagerParent.jsm, line 136: Toy pae Errors: ygnRecipeManager is nucll
hronous message for:" "http://localhost:8081"
console.warn: LoginRecipes: "getRecipes: falling back to a syncJhraovnaoSucsr impets searror: resge for:" "http://loocurce://gre/modules/LoginaMlhost:8081"
anagerParent.jsm, line 136: TypeError: gRecipeManager is null
console.warn: LoginRecipes: "getRecipes: faJavlaScript error: resource://gre/modules/LoginManagerParent.jsml, line 136: TypeError: gRecipeManager iisn gn ulback to a synchronous lme
ssage for:" "http://localhost:8081"
console.warn: LoginRecipes: "getRecipes: falling back to a synchrJoavaScript error: renous msource://gre/emsosage for:" "httdulep:/s/Lo/loginMcalhanagost:erPa8081rent".jsm, l
ine 136: TypeError: gRecipeManager is null
console.warn: LoginRecipes: "getRecipes: falling back to a synchronous JavaSmessage criptfor:" "h terror: resource://gre/modules/LoginManagerParent.jsm, line 136: TyptepE:r/r/olro:c aglhost:8081"
RecipeManager is null
console.warn: LoginRecipes: "getRecipes: falling back to a synchJavaScript eronous mersrsoarg: rese fourcor:" e://g"httre/mp://loodulcalhes/Lost:8081"
oginManagerParent.jsm, line 136: TypeError: gRecipeManager is null
console.warn: LoginRecipes: "getRecipes: falling back to a synchronousJavaS message for:cript error: resource:" "h//grettp/modu:l//localhost:8081"
es/LoginManagerParent.jsm, line 136: TypeError: gRecipeManager is null
console.warn: LoginRecipes: "getRecipes: falling back to JavaSca syript enrchronror: ous messaresoge for:" "http://localhost:8081"u
rce://gre/modules/LoginManagerParent.jsm, line 136: TypeError: gRecipeManager is null
console.warn: LoginRecipes: "getRecipes: falling back to a synchronous meJsasvaagSec ript error: refsoorurce://gre/modules/:L"og i"htntMpa:n/a/gleorParecnatl.hjosm,s line 136: TypeError: gRt:8081"
ecipeManager is null
console.warn: LoginRecipes: "getRecipes: falling back to a synchronous message for:" "http://localJavaScript error: resource:/host:8081"
/gre/modules/LoginManagerParent.jsm, line 136: TypeError: gRecipeManager is null
console.warn: LoginRecipes: "getRecipes: fallinJavagS cbript error: resource://gre/modules/LoginManagerPareant.jsm, line 136: TypeEcrk to a synchronous message rfoor:r:" "http://localho sgtR:8081"
ecipeManager is null
