1653320060828	geckodriver	INFO	Listening on 127.0.0.1:3656
console.warn: SearchSettings: "get: No settings file exists, new profile?" (new NotFoundError("Could not open the file at C:\\Users\\rober\\AppData\\Local\\Temp\\rust_mozprofileOupggz\\search.json.mozlz4", (void 0)))
console.warn: LoginRecipes: "getRecipes: falling back to a synchronous message for:" "http://localhost:8081"
console.warn: LoginRecipes: "getRecipes: falling back to a synchronous message for:" "http://localhost:8081"
JavaScript error: resource://gre/modules/LoginManagerParent.jsm, line 136: TypeError: gRecipeManager is null
console.warn: LoginRecipeJavaScript error: resos: "getRecipes: falling back to a urce://grsynchronous message/modules/LoginManagerParent.jsm, line for:" "http://localhost:8081"
e 136: TypconeError: gRecipsole.warn: LoginRecipes: "getRecipes: falling back to a synchronous message for:" "http://localhost:8081eManager"
 is null
JavaScript error: resource://gre/modules/LoginManagerParent.jsm, line 136: TypeError: gRecipeManager is null
console.warn: LoginRecipes: "getRecipes: falling back to aJavaScript e synchronous message for:" "http://localhost:8081"
rror: resource://gre/modules/LoginManagerParent.jsm, line 136: TypeError: gRecipeManager is null
console.warn: LoginRecipes: "getRecipes: falling bacJavaSck to a syncript error: resource://gre/modules/LoginManagerParent.jsm, line 136: TypehroError: gRecipeManager is null
nous message for:" "http://localhost:8081"
console.warn: LoginRecipes: "getRecipes: falling back tJavaScript error: resource://gre/modules/Lo a synchronous message for:" "http://localhost:8081"
oginManagerParent.jsm, line 136: TypeError: gRecipeManager is null
console.warn: LoginRecipes: "getRecipes: falling back to a synchronous message for:" "http://JavaScript error: rlocalhostesource://:8081"
gre/modules/LoginManagerParent.jsm, line 136: TypeError: gRecipeManager is null
console.warn: LoginRecipes: "getRecipes: falling back to a synchronous message for:" "http://localhost:8081"
JavaScript error: resource://gre/modules/LoginManagerParent.jsm, line 136: TypeError: gRecipeManager is null
console.warn: LoginRecipes: "getRecipes: falling bJavaScript error: resource://gre/modules/LoginManagerParent.jsm, line 136: Typeack to a syncEhronorus message froror:" "http:/: gRecipeManager is null
/localhost:8081"
console.warn: LoginRecipes: "getRecipes: fallingJavaScript error: resource://gre/modules/LoginManagerParent.jsm, line 136: TypeError: ba gRecipeManager is null
ck to a synchronous message for:" "http://localhost:8081"
console.warn: LoginRecipes: "getRecipes: falling back to a synchronous message for:" "http://localhost:8081"
JavaScript error: resource://gre/modules/LoginManagerParent.jsm, line 136: TypeError: gRecipeManager is null
console.warn: LoginRecipes: "getRecipes: falling back to a syncJavaScript error: resource:hronou//gre/moduless message for:" "http://localhost:8081"
/LoginManagerParent.jsm, line 136: TypeError: gRecipeManager is null
console.warn: LoginRecipes: "getRecipes: falling back to a synchrJavaScript error: resource://gre/modulesonous message for:" "http://localhost:8081"/LoginManagerParent.jsm, 
line 136: TypeError: gRecipeManager is null
console.warn: LoginRecipes: "getRecipes: falling back to a synchronous message for:" Jav"aScript errhttp://localhost:8081"
or: resource://gre/modules/LoginManagerParent.jsm, line 136: TypeError: gRecipeManager is null
console.warn: LoginRecipes: "getRecipes: falJavaScript error: resource://gre/modules/LoginManagerParent.jsm, line 136: TypeError: gRecipeManager is null
ling back to a synchronous message for:" "http://localhost:8081"
console.warn: LoginRecipes: "getRecipes: falling baJavaScript error: resource://gre/mock to a dules/Loginsynchronous mManagerParent.jsm, line 136: eTsypeError: gRecispage for:" "http://localehMost:8081"an
ager is null
console.warn: LoginRecipes: "getRecipes: falling back to a synchronous message for:" "http://localhost:8081"
JavaScript error: resource://gre/modules/LoginManagerParent.jsm, line 136: TypeError: gRecipeManager is null
console.warn: LoginRecipes: "getRecipes: falling back to a synchronous message for:" "http://localhost:8081"
JavaScript error: resource://gre/modules/LoginManagerParent.jsm, line 136: TypeError: gRecipeManager is null
console.warn: LoginRecipes: "getRecipes: falling back to JavaScra synchronous message for:" "http://localhost:8081"
ipt error: resource://gre/modules/LoginManagerParent.jsm, line 136: TypeError: gRecipeManager is null
console.warn: LoginRecipes: "getRecipes: falling back to a JasynvaScript error: resource://gre/modules/LoginManagerParent.jsm, line 136: TypeError: gRecipeManager is null
chronous message for:" "http://localhost:8081"
console.warn: LoginRecipes: "getRecipes: falling back to a synchronous message for:" "http:JavaScript//localhost error: res:8081"
ource://gre/modules/LoginManagerParent.jsm, line 136: TypeError: gRecipeManager is null
console.warn: LoginRecipes: "getRecipes: falling back to a syncJavaScript error: reshronous message for:" "http:/o/localhost:8081"
urce://gre/modules/LoginManagerParent.jsm, line 136: TypeError: gRecipeManager is null
console.warn: LoginRecipes: "getRecipes: fallJavaScriping backt error: resourc to a synchroe://gre/modules/LoginManagerParent.jnous messm, line 136: sageTyp efEorrr:o"r : gReci"phetMtapn:a/g/elro ciasl hnousltl:8
081"
console.warn: LoginRecipes: "getRecipes: falling back to a synchronous message for:" "http://localhost:8081"
JavaScript error: resource://gre/modules/LoginManagerParent.jsm, line 136: TypeError: gRecipeManager is null
console.warn: LoginRecipes: "getRecipes: falling back toJavaScript error: a synchron resource://gre/modules/LoginManagerParent.jsm, line 136: TypeError: gRecipeManager is null
ous message for:" "http://localhost:8081"
console.warn: LoginRecipes: "getRecipes: falling back to a synchronous message for:" "http://localJavaScript error: resource://gre/modules/LoginManagerParent.jsm, line 136: TypeError: gRecipeManager is null
host:8081"
console.warn: LoginRecipes: "getRecipes: fallingJavaScript error: resource://gre/modules/LoginManagerParent.jsm, line 136: TypeError: gRecipeManager is null
 back to a synchronous message for:" "http://localhost:8081"
console.warn: LoginRecipes: "getRecipes: fallJiavaScript error: resource://gng bacre/modules/Logk to a synchronous message for:" "http://localhost:8081"
inManagerParent.jsm, line 136: TypeError: gRecipeManager is null
console.warn: LoginRecipes: "getRecipes: falling back to a synchronous message for:" "http://localhost:8081"
JavaScript error: resource://gre/modules/LoginManagerParent.jsm, line 136: TypeError: gRecipeManager is null
console.warn: LoginRecipes: "getRecipes: falling back to a synJavaScript error: resource://gre/modules/LoginManagerParent.jsm, line 136: TypeError: gRecipeManager is null
chronous message for:" "http://localhost:8081"
console.warn: LoginRecipes: "getRecipes: falling back tJavaScript error: resource://gre/modules/LoginManagerParent.jsm, line 136: TypeError: gRecipeManager is nuo a synchronousll
 message for:" "http://localhost:8081"
console.warn: LoginRecipes: "getRecipes: falling back to a JavaScrisynchronopt error: resource://gre/modules/LoginManagerParent.jsm, line 136: TypeError: gRecipeManager is nullus message for:" "http://localhost:8081"

console.warn: LoginRecipes: "getRecipes: falling back to a synchronous message for:" "http://localhost:8081"
JavaScript error: resource://gre/modules/LoginManagerParent.jsm, line 136: TypeError: gRecipeManager is null
console.warn: LoginRecipes: "getRecipes: falling back to a synchronous mJavaScript error: resource://gre/modules/LoginManagerParent.jsm, line 136: TypeError: gRecipeManager is null
essage for:" "http://localhost:8081"
console.warn: LoginRecipes: "getRecipes: falling back to a sJavaScript error: rynchronous message for:" "http://localhost:8081"
esource://gre/modules/LoginManagerParent.jsm, line 136: TypeError: gRecipeManager is null
console.warn: LoginRecipes: "getRecipes: falling back to a synchronous message for:JavaScript error: reso" "httpu://localhost:8081"
rce://gre/modules/LoginManagerParent.jsm, line 136: TypeError: gRecipeManager is null
console.warn: LoginRecipes: "getRecipes: falling back tJavaScript erroo a synchror: resource://gre/modules/LoginManagerParent.jsm, line 136: TypeError: gRecipeManager is nnous message for:" "http://localhost:8081"
ull
console.warn: LoginRecipes: "getRecipes: falling back to a synchronous message for:" "http://localhost:8081"
JavaScript error: resource://gre/modules/LoginManagerParent.jsm, line 136: TypeError: gRecipeManager is null
console.warn: LoginRecipes: "getRecipes: falling back to a synchronous JavaScript error: resource://gre/modmessage for:ules/LoginManagerParent.jsm, line 136: TypeError: gRecipeManager is null
" "http://localhost:8081"
console.warn: LoginRecipes: "getRecipes: falling back to aJavaScript er synchronous message fror: resource://gre/modules/LoginManagerParent.jsm, line 136: TypeError: gRecipeManager is null
or:" "http://localhost:8081"
console.warn: LoginRecipes: "getRecipes: falling back toJavaScript error: resource://gre/modules/LoginManagerParent.jsm, line 136: TypeE a synchronous message for:" "http://localhosrror: gRecipeManager is null
t:8081"
console.warn: LoginRecipes: "getRecipes: falling bacJavaScript error: resourcek to a synchronou://gre/modules/LoginMs message foanagerParent.jsm, line 136: TypeError: gRecipeManager is null
r:" "http://localhost:8081"
console.warn: LoginRecipes: "getRecipes: falling JavaScript error: resource://greback to a synchronous message fo/modules/Lor:" "http://localhginostManagerParent.:8081"
jsm, line 136: TypeError: gRecipeManager is null
console.warn: LoginRecipes: "getRecipes: falling back to a synchronous message for:" "http://localJavhost:8081"
aScript error: resource://gre/modules/LoginManagerParent.jsm, line 136: TypeError: gRecipeManager is null
console.warn: LoginRecipes: "getRecipes: falling back to a JavaScript ersynchronous message for:" "http://localhost:8081"
ror: resource://gre/modules/LoginManagerParent.jsm, line 136: TypeError: gRecipeManager is null
console.warn: LoginRecipes: "getRecipes: falling back to a synchJavaScript error: resource://gre/modules/LoginManagerParent.jsm, line 136: TypeError: gRecipeManager is null
ronous message for:" "http://localhost:8081"
console.warn: LoginRecipes: "getRecipes: falling bJavaScript error: resource://gre/modules/LoginManagerParent.jsm, line 136: TypeEack to a syncrror: gReciphronous meeManagssage for:"er is null
 "http://localhost:8081"
console.warn: LoginRecipes: "getRecipes: falling back to a synchronous message for:" "http://localhost:8081"
JavaScript error: resource://gre/modules/LoginManagerParent.jsm, line 136: TypeError: gRecipeManager is null
console.warn: LoginRecipes: "getRecipes: falling bacJavaScriptk to a synchronous message for:" "http://localhost:8081"
 error: resource://gre/modules/LoginManagerParent.jsm, line 136: TypeError: gRecipeManager is null
console.warn: LoginRecipes:JavaSc "getRecript error: resource://gre/modules/LoginManagerParent.jsm, line 136: TypeError: gRecipeManager is null
ipes: falling back to a synchronous message for:" "http://localhost:8081"
console.warn: LoginRecipes: "getRecipes: falling back to a synchronous message for:" "http://locJavalhost:8081"
aScript error: resource://gre/modules/LoginManagerParent.jsm, line 136: TypeError: gRecipeManager is null
console.warn: LoginRecipes: "getRecipes: falling back to a synchronous message for:" "http://localhost:8081"
JavaScript error: resource://gre/modules/LoginManagerParent.jsm, line 136: TypeError: gRecipeManager is null
console.warn: LoginRecipes: "getReciJavaScript error: resource://gpes: falling back to a synchronous message for:" "http://localhost:8081"
re/modules/LoginManagerParent.jsm, line 136: TypeError: gRecipeManager is null
console.warn: LoginRecipes: "getRecipes: falling back to a synchronous message for:" "http://localhost:8081"
JavaScript error: resource://gre/modules/LoginManagerParent.jsm, line 136: TypeError: gRecipeManager is null
console.warn: LoginRecipes: "getRecipes: falling back to a synchronous message for:" "http://localhost:8081"
JavaScript error: resource://gre/modules/LoginManagerParent.jsm, line 136: TypeError: gRecipeManager is null

###!!! [Parent][PGPUParent] Error: RunMessage(msgname=PGPU::Msg_ShutdownVR) Channel closing: too late to send/recv, messages will be lost

