1652627648086	geckodriver	INFO	Listening on 127.0.0.1:22556
console.warn: SearchSettings: "get: No settings file exists, new profile?" (new NotFoundError("Could not open the file at C:\\Users\\pabli\\AppData\\Local\\Temp\\rust_mozprofileraWYoE\\search.json.mozlz4", (void 0)))
console.warn: LoginRecipes: "getRecipes: falling back to a synchronous message for:" "http://localhost:8081"
console.warn: LoginRecipes: "getRecipes: falling back to a synchronous message for:" "http://localhost:8081J"ava
Script error: resource://gre/modules/LoginManagerParent.jsm, line 136: TypeError: gRecipeManager is null
console.warn: LoginReJcaivpaeSs: "getRecipes: fallicnrgi back to a synchronous message for:" "http://localhost:8081"
pt error: resource://gre/modules/LoginManagerParent.jsm, line 136: Typeconsole.warn: LoginRecipes: "getRecipes: falling back to a synchronous message for:" "http://localhost:8081"
Error: gRecipeManager is null
JavaScript error: resource://gre/modules/LoginManagerParent.jsm, line 136: TypeError: gRecipeManager is null
console.warn: LoginRecipes: "getRecipes: falling back to a synchronous message for:" "http://localhost:8J0a8v1a"Script error: resource://gre/modules/LoginManagerParent.jsm, line 136
: TypeError: gRecipeManager is null
console.warn: LoginRecipes: "getRecipes: falling back to a synchronous message for:" "http://localhost:8081"
JavaScript error: resource://gre/modules/LoginManagerParent.jsm, line 136: TypeError: gRecipeManager is null
console.warn: LoginRecipes: "getRecipes: falling JavaScrbiapct error: resource://gre/modules/LoginMakn ato a sgyenrcPharrent.jsm, line 136: TypeError: gRoecipeMannaogues message for:" "http://localhost:8081"
r is null
console.warn: LoginRecipes: "getRecipes: falling back to a JavaScsrynchironous message for:" "http://localhost:8081"
pt error: resource://gre/modules/LoginManagerParent.jsm, line 136: TypeError: gRecipeManager is null
console.warn: LoginRecipes: "getRecipes: falling back to a synchronous message for:" "http://localhost:8081"
JavaScript error: resource://gre/modules/LoginManagerParent.jsm, line 136: TypeError: gRecipeManager is null
console.warn: LoginRecipes: "getRecipes: falling back JavaScriptto  error: aresou rsce://gyrnec/hmroodnuoluess /mLeosgsiangMeana gfeorrP:a"r "http://leoncta.ljhost:80s81"
m, line 136: TypeError: gRecipeManager is null
console.warn: LoginRecipes: "getRecipes: falling back to a synchronous messagJe for:" "http://locavaSalhocript st:8081"
error: resource://gre/modules/LoginManagerParent.jsm, line 136: TypeError: gRecipeManager is null
console.warn: LoginRecipes: "getRecipes: falling bJaacvk to a synchronoauSsc ript error: remseosusracgee: /f/ogrr:e"/ m"ohdtutp://localhost:8081"
les/LoginManagerParent.jsm, line 136: TypeError: gRecipeManager is null
console.warn: LoginRecipes: "getRecipes: falling back to a synchronJoauvaScrsipt  message for:" "http:/e/localhost:8081"
rror: resource://gre/modules/LoginManagerParent.jsm, line 136: TypeError: gRecipeManager is null
console.warn: LoginRecipes: "getJavaScript error: resource://gre/modulReesc/iLpoegsi:n ManafgerParent.jsm, line 136: TypeErroarl: gRecilinpeManagg er ibs null
ack to a synchronous message for:" "http://localhost:8081"
