1650910254830	geckodriver	INFO	Listening on 127.0.0.1:37617
console.warn: SearchSettings: "get: No settings file exists, new profile?" (new NotFoundError("Could not open the file at C:\\Users\\JOSERR~1\\AppData\\Local\\Temp\\rust_mozprofile2oJ46P\\search.json.mozlz4", (void 0)))
console.warn: LoginRecipes: "getRecipes: falling back to a synchronous message for:" "http://localhost:8081"
console.warn: LoginRecipes: "getRecipes: falling back to a synchronous message for:" "http://localhost:8081"
JavaScript error: resource://gre/modules/LoginManagerParent.jsm, line 136: TypeError: gRecipeManager is null
console.warn: LoginRecipes: "getJavaScript error: resource://gre/modules/LoginManagerParent.jsm, line 136: TypeError: Recgipes: falling RecipeManager is nback to a synchull
ronous message for:" "http://localhost:8081"
console.warn: LoginRecipes: "getRecipes: falling back to a synchronous messaJagvaSe forcript :" error: res"htource://gre/modules/LoginManagerParent.jstp://lom, line 136: TypeErcalhost:8081"
ror: gRecipeManager is null
console.warn: LoginRecipes: "getRecipes: falling back to a synchronous message for:" "http://localhost:8081"
JavaScript error: resource://gre/modules/LoginManagerParent.jsm, line 136: TypeError: gRecipeManager is null
console.warn: LoginRecipes: "getRecipes: falling back to a synchronous JavaSmcript erroer: rssage for:" "http://esource://gre/modulocalles/LoginManaghost:erParent.jsm, l8081"
ine 136: TypeError: gRecipeManager is null
console.warn: LoginRecipes: "getRecipes: falling back to a synchronous message for:" "http://localhost:8081"
JavaScript error: resource://gre/modules/LoginManagerParent.jsm, line 136: TypeError: gRecipeManager is null
console.warn: LoginRecipes: "getRecipes: falling back to a synchroJavaScript enrror: resourceous me://gre/modules/LoginManagerParent.jsm, linessage for:" "ht 13tp://localhost:8081"
6: TypeError: gRecipeManager is null
console.warn: LoginRecipes: "getRecipes: falling back to a synchronous message for:" "http://localhost:8081"
JavaScript error: resource://gre/modules/LoginManagerParent.jsm, line 136: TypeError: gRecipeManager is null
console.warn: LoginRecipes: "getRecipes: JafvaScript allinger back to a sror: resource://gre/modules/LoginManagerParenynchronous message fot.jsm, line 136: Tr:" "ypeError: gRecipeManager is null
http://localhost:8081"
console.warn: LoginRecipes: "getRecipes: falling back to a synchronous message for:" "http://localhost:8081"
JavaScript error: resource://gre/modules/LoginManagerParent.jsm, line 136: TypeError: gRecipeManager is null
console.warn: LoginRecipes: "getRecipes: falling back to a synchronous message for:" "http:/JavaScript error: resource://g/localhost:8re/mo081dules/"
LoginManagerParent.jsm, line 136: TypeError: gRecipeManager is null
console.warn: LoginRecipes: "getRecipes: falling back to a synchronous message for:" "http://localhost:8081"
JavaScript error: resource://gre/modules/LoginManagerParent.jsm, line 136: TypeError: gRecipeManager is null
console.warn: LoginRecipes: "getRecipes: falling bacJavak to Script era syncror: resource://gre/moduhroles/LoginManagerParent.jsm, line 136: TypeError: gRecipeManagenr iouss null
 message for:" "http://localhost:8081"
console.warn: LoginRecipes: "getRecipes: falling back to a synchronous message foJavr:" "htaScript etp://rrolocar: resoulhosrce:t:8081"
//gre/modules/LoginManagerParent.jsm, line 136: TypeError: gRecipeManager is null
console.warn: LoginRecipes: "getRecipes: falling back to JavaScript error: resource://gre/modules/LoaginManagerPare synchronnous message for:t.jsm, line 136: TypeError: gRecipe" "http://lManageocalhosr ist:8081"
 null
console.warn: LoginRecipes: "getRecipes: falling back to a synchronous message for:" "http://localhost:8081"
JavaScript error: resource://gre/modules/LoginManagerParent.jsm, line 136: TypeError: gRecipeManager is null
console.warn: LoginRecipes: "getRecipes: falling back to a synchronous message fJavaScript error: resource://gre/moduleos/LoginManagerParent.jsm, lr:" "hine 136: TypeEttp://rror: gReciploceManager is null
alhost:8081"
console.warn: LoginRecipes: "getRecipes: falling back to a synchronous message for:" "http://localhost:8081JavaScript "error: res
ource://gre/modules/LoginManagerParent.jsm, line 136: TypeError: gRecipeManager is null
console.warn: LoginRecipes: "getRecipes: falling back to a synchJavaScript error: resourrce://gre/modules/LoginManonous messaagge ferParent.jsm, line 136: TypeError: gRecipeManager is nuor:"l "htl
tp://localhost:8081"
console.warn: LoginRecipes: "getRecipes: falling back to a synchronous message for:" "http://localhost:8081"
JavaScript error: resource://gre/modules/LoginManagerParent.jsm, line 136: TypeError: gRecipeManager is null
console.warn: LoginRecipes: "getRecipes: falling back to a sJavaScript error: resourcey://gre/modules/nchronous messagLe foginManaor:" "http://localhost:8081"
gerParent.jsm, line 136: TypeError: gRecipeManager is null
console.warn: LoginRecipes: "getRecipes: falling back to a synchronous message for:" "http://localhost:8081"
JavaScript error: resource://gre/modules/LoginManagerParent.jsm, line 136: TypeError: gRecipeManager is null
console.warn: LoginRecipes: "getRecipes: fallJavaSicript ng bacerror: rek to a ssource://gynchronre/modules/LoginMaous message fnagerParoent.r:" "httjsm, p://loclalhosti:ne 136: T8ypeError: gRec081"ipeManager is null

console.warn: LoginRecipes: "getRecipes: falling back to a synchronous message for:" "httpJavaScript e://localhost:8081"rro
r: resource://gre/modules/LoginManagerParent.jsm, line 136: TypeError: gRecipeManager is null
console.warn: LoginRecipes: "getRecipes: falling back to a synchronous message for:" "http://localhost:8081"
JavaScript error: resource://gre/modules/LoginManagerParent.jsm, line 136: TypeError: gRecipeManager is null
console.warn: LoginRecipes: "getRecipes: falling back to a synchronous message for:" "http://localhost:JavaScript error: resource://gre/modul8081es/LoginMana"
gerParent.jsm, line 136: TypeError: gRecipeManager is null
console.warn: LoginRecipes: "getRecipes: fallingJa back to a syvaSnchronous mcripet error:ssage for: "resource:/ "http://l/gre/mocalhost:8081"odules/
LoginManagerParent.jsm, line 136: TypeError: gRecipeManager is null
console.warn: LoginRecipes: "getRecipes: falling back to a synchronous message for:" "http://localhost:8081"
JavaScript error: resource://gre/modules/LoginManagerParent.jsm, line 136: TypeError: gRecipeManager is null
console.warn: LoginRecipes: "getRecipes: falling back to a syJavaScript enchronous message for:" "htrror: resource://tgre/p://lmodules/LoginManagerParent.jsm, line 136: TypeError: gRecipeManager isoca null
lhost:8081"
console.warn: LoginRecipes: "getRecipes: fallingJavaScrip t erbrorack t: resource://gre/modules/LoginManagerParent.jsm, line 136: Typeo aErr synchor: gRecipeMronous anamessagger is ne foullr:" "http://l
ocalhost:8081"
console.warn: LoginRecipes: "getRecipes: falling back Javtoa a synchronousScri messagpt error: resouerce:/ for:" "http:/gre//localhos/mot:8081"dules/Log
inManagerParent.jsm, line 136: TypeError: gRecipeManager is null
console.warn: LoginRecipes: "getRecipes: falling back to a synchronous message for:" "http://localhost:8081"
JavaScript error: resource://gre/modules/LoginManagerParent.jsm, line 136: TypeError: gRecipeManager is null
console.warn: LoginRecipes: "getRecipes: falling back to a sJavaSynchronous messagecript  error: resource:/for/gre/modules/LoginManagerParent:" "htt.jsm, line 136: TyppeError: gRecip:eManager is null
//localhost:8081"
console.warn: LoginRecipes: "getRecipes: falling back to a synchJavaScript error: resoronous message for:"urce://g "httre/modulep://localhoss/LoginManagert:8081"
Parent.jsm, line 136: TypeError: gRecipeManager is null
console.warn: LoginRecipes: "getRecipes: falling back to a synchJaronovaScrus message for:"ipt  "hterror: resourtp://loce://grcalhost:e/m8081"
odules/LoginManagerParent.jsm, line 136: TypeError: gRecipeManager is null
console.warn: LoginRecipes: "getRecipes: falling back to a synchronous message for:" "http://localhosJt:avaScri8pt 081"erro
r: resource://gre/modules/LoginManagerParent.jsm, line 136: TypeError: gRecipeManager is null
console.warn: LoginRecipes: "getRecipes: falling back to a synchronouJavaScript error: resource://gre/modules/LoginMasnagerP message for:" arent"http://local.jsm, lihost:8ne 136: TypeE081"rror: gRecipeManager is null

console.warn: LoginRecipes: "getRecipes: falling back to JavaScript erra synchronous omessage for:" "htrtp://localhost:8081"
: resource://gre/modules/LoginManagerParent.jsm, line 136: TypeError: gRecipeManager is null
console.warn: LoginRecipes: "getRecipes: falling JavaSback to a synchrconous message for:" "http:/ript /error: rlocalhost:808eso1"
urce://gre/modules/LoginManagerParent.jsm, line 136: TypeError: gRecipeManager is null
console.warn: LoginRecipes: "getRecipes: falling back to a synchronous message for:" "http://localhost:8081"
JavaScript error: resource://gre/modules/LoginManagerParent.jsm, line 136: TypeError: gRecipeManager is null
console.warn: LoginRecipes: "getRecipes: falling bJavaScript earror: resource:ck to a synchronous message for//gre/modules/Log:" "http://locinManagerParalhost:80ent.jsm, line 136: TypeError: 81"
gRecipeManager is null
console.warn: LoginRecipes: "getRecipes: falling back to a synchronous message for:" "http://localhost:JavaScript8081 er"
ror: resource://gre/modules/LoginManagerParent.jsm, line 136: TypeError: gRecipeManager is null
console.warn: LoginRecipes: "getRecipes: falling back to a JavaScript serrynchronor: resous message for:ource://gre/modu" "httples/Login://localhost:8081"
ManagerParent.jsm, line 136: TypeError: gRecipeManager is null
console.warn: LoginRecipes: "getRecipes: falling back to a synchronous message for:" "http://localhost:8081"
JavaScript error: resource://gre/modules/LoginManagerParent.jsm, line 136: TypeError: gRecipeManager is null
console.warn: LoginRecipes: "getRecipes: falling back to a synchronous message for:" "http://localhost:8081"
JavaScript error: resource://gre/modules/LoginManagerParent.jsm, line 136: TypeError: gRecipeManager is null
console.warn: LoginRecipes: "getRecipes: falling back to a synchronous meJasvaScript error: resource://gre/modsuage for:l" "httpes/LoginManagerParent.jsm, line 136: Typ://localhoseError: t:8081"
gRecipeManager is null
console.warn: LoginRecipes: "getRecipes: falling back JavaStcript eroror: a synchro nous mesresource://gsage re/mfor:odules/LoginManager" "http://Parentlocal.jsmhost:8, line 136: Type081"Error: g
RecipeManager is null
