1650910474645	geckodriver	INFO	Listening on 127.0.0.1:30820
console.warn: SearchSettings: "get: No settings file exists, new profile?" (new NotFoundError("Could not open the file at C:\\Users\\JOSERR~1\\AppData\\Local\\Temp\\rust_mozprofileETwGrT\\search.json.mozlz4", (void 0)))
console.warn: LoginRecipes: "getRecipes: falling back to a synchronous message for:" "http://localhost:8081"
console.warn: LoginRecipes: "getRecipes: falling back to a synchronous message for:" "http://localhost:8081"
JavaScript error: resource://gre/modules/LoginManagerParent.jsm, line 136: TypeError: gRecipeManager is null
console.warn: LoginReJavaScript error: resource://gre/modules/LoginManagerPacripes: "getRecipes: falling back to a synechrononus mest.jsm, lisage for:" "http://localhne ost136: TypeError: gRecipeMana:8081"
ger is null
console.warn: LJaovaSginRecipes: "getcrRecipes: fallinig bapt ck toerror:  a synchroresource://grenous mes/mosage fordules/Log:" "inhttp://localhost:8081"Manag
erParent.jsm, line 136: TypeError: gRecipeManager is null
console.warn: LoginRecipes: "getRecipes: falling back tJao a synchronous messagevaScr for:" ipt error: resource:"ht//gretp://loc/modalhoulest:8081"
s/LoginManagerParent.jsm, line 136: TypeError: gRecipeManager is null
console.warn: LoginRecipes: "getRecipes: falling back to a synchrJavonous aScmessript error: resourceage ://gre/modules/LoginManagerParfor:ent.jsm, lin" "httpe 136: TypeErr://or: gRelocalhost:8081"
cipeManager is null
console.warn: LoginRecipes: "getRecipes: falling back to a synchronous message for:" "http://localhost:8081"
JavaScript error: resource://gre/modules/LoginManagerParent.jsm, line 136: TypeError: gRecipeManager is null
console.warn: LoginRecipes: "getRecipes: falling back to a synchronous messagJavaScript error: re for:" "http://localhosesout:808rce://gre/modules/Log1"inManagerPare
nt.jsm, line 136: TypeError: gRecipeManager is null
console.warn: LoginRecipes: "getRecipes: falling back to a synchronJavaScroipt us message error: for:" "http://locarelhost:8081"source://g
re/modules/LoginManagerParent.jsm, line 136: TypeError: gRecipeManager is null
console.warn: LoginRecipes: "getRecipes: falling back tJavaScript eorror: res a synchrourconous e://gre/modmeussage for:les/Lo"ginManagerParen "htt.jsm,t line 136: Typep://localhost:808Err1"
or: gRecipeManager is null
console.warn: LoginRecipes: "getRecipes: falling back to a Javasynchronous message for:" "http://localhost:8081"
Script error: resource://gre/modules/LoginManagerParent.jsm, line 136: TypeError: gRecipeManager is null
console.warn: LoginRecipes: "getRecipes: falling back to a synchJavarScript erronous message for:" "http://localhost:8081"
or: resource://gre/modules/LoginManagerParent.jsm, line 136: TypeError: gRecipeManager is null
console.warn: LoginRecipes: "getRecipes: falling back to a synchronous message for:" "http://localhost:8081"
JavaScript error: resource://gre/modules/LoginManagerParent.jsm, line 136: TypeError: gRecipeManager is null
console.warn: LoginRecipes: "getRecipes: falling bJavaScript error: resource://gre/modules/LaoginManagerPareck to a synchronous message for:" "http://lnt.jsm, line 136: TypeError: gReocalhocipeManager is null
st:8081"
console.warn: LoginRecipes: "getRecipes: falling back to a synchronous messagJaveaSc for:" "http://localhost:8081"
ript error: resource://gre/modules/LoginManagerParent.jsm, line 136: TypeError: gRecipeManager is null
console.warn: LoginRecipes: "getRecipes: falling back to a synchronous message for:" "http://localhost:8081"
JavaScript error: resource://gre/modules/LoginManagerParent.jsm, line 136: TypeError: gRecipeManager is null
console.warn: LoginRecipes: "getRecipes: falling back to aJava synchronous messageScript error: for:" "http res://localhost:our8081"
ce://gre/modules/LoginManagerParent.jsm, line 136: TypeError: gRecipeManager is null
console.warn: LoginRecipes: "getRecipesJavaScript: error: falli resourcne:/g/g bacrek to a synchro/modulenous/LoginManagerPas message for:" rent."htjsm,tp line 136:/: /Typlocalhost:808e1"
Error: gRecipeManager is null
console.warn: LoginRecipes: "getRecipes: falling back to a synchrJavaScript error: oresonous murce://gre/moduessales/LoginMage fonagr:" "http:erParent.jsm, line 136: TypeErr//localor: gRecipeManaghost:8081"
er is null
console.warn: LoginRecipes: "getRecipes: falling back tJavaScript error: reso aource synchronou://grs message for:"e/m "http://odules/LoginManagelrParent.ocajsm, line 136: TypelErrhost:8or: gR081"
ecipeManager is null
console.warn: LoginRecipes: "getRecipes: falling back to a synchronous message for:" "http://localhost:8081"
JavaScript error: resource://gre/modules/LoginManagerParent.jsm, line 136: TypeError: gRecipeManager is null
console.warn: LoginRecipes: "getRecipes: falling back to a synchroJnoavaScript errous mesr: resosage urce://gre/modules/LoginManagerParent.jsm,for:" "http:// localhost:8line 136: 081"
TypeError: gRecipeManager is null
console.warn: LoginRecipes: "getRecipes: falling back to a synchronous message forJ:" "http://localhost:ava80Scrip81"
t error: resource://gre/modules/LoginManagerParent.jsm, line 136: TypeError: gRecipeManager is null
console.warn: LoginRecipes: "getRecipes: fJaalling back to a syvaScripnchront error: resourcous message for:" "http:/e://gre/module/localhs/Logiost:808nManagerParent.jsm, line 131"
6: TypeError: gRecipeManager is null
console.warn: LoginRecipes: "getRecipes: falling back to a synchronous message JavaSfor:" "http://locacrilhopt error: rst:8081eso"urce://gre/modules/LoginManagerPa
rent.jsm, line 136: TypeError: gRecipeManager is null
console.warn: LoginRecipes: "getRecipes: falling back to a synJavaSchrconoript error: resource://gre/modules/Lus message oginManagfor:" "herParent.jsm, littpne 136: TypeError: gRecipeManager:// is null
localhost:8081"
console.warn: LoginRecipes: "getRecipes: falling back to a synchronouJs message for:" "http://localhost:8081"
avaScript error: resource://gre/modules/LoginManagerParent.jsm, line 136: TypeError: gRecipeManager is null
console.warn: LoginRecipes: "getRecipes: falling back to a synchronous message for:" "http://lJaocalvaScript error: resource://gre/moduleshost/Lo:8081"
ginManagerParent.jsm, line 136: TypeError: gRecipeManager is null
console.warn: LoginRecipes: "getRecipes: falling back to a synchronous message for:" "http://localhost:8081"
JavaScript error: resource://gre/modules/LoginManagerParent.jsm, line 136: TypeError: gRecipeManager is null
console.warn: LoginRecipes: "getRecipes: falling back to a synchJavaScript eronrror:ous message fo resource://gre/modules/Lor:" "http://ginManagerParentlocalhost.js:8081"
m, line 136: TypeError: gRecipeManager is null
console.warn: LoginRecipes: "getRecipes: falling back to a synchroJavnous message for:" "hattp://localhost:8081"
Script error: resource://gre/modules/LoginManagerParent.jsm, line 136: TypeError: gRecipeManager is null
console.warn: LoginRecipes: "getRecipes: falling back to a synchronoJauvs messagaSce for:"r "http://loipt cerror: resource:alhost:8081"
//gre/modules/LoginManagerParent.jsm, line 136: TypeError: gRecipeManager is null
console.warn: LoginRecipes: "getRecipes: falling back to a synchronous message for:" "http://localhost:8081"
JavaScript error: resource://gre/modules/LoginManagerParent.jsm, line 136: TypeError: gRecipeManager is null
console.warn: LoginRecipes: "getRecipes: falling back to a synchronous message for:" "http:JavaSc//localhost:8rip081"t error: resource://
gre/modules/LoginManagerParent.jsm, line 136: TypeError: gRecipeManager is null
console.warn: LoginRecipes: "getRecipes: falling back to a synchronous message for:" "htJavatp://localhost:8081"
Script error: resource://gre/modules/LoginManagerParent.jsm, line 136: TypeError: gRecipeManager is null
console.warn: LoginRecipes: "getRecipes: falling back to a synchroJavanous messageScript error: for:" " resource://http://localhost:gre/modules/L8081"o
ginManagerParent.jsm, line 136: TypeError: gRecipeManager is null
console.warn: LoginRecipes: "getRecipes: falling back to a synchronous message for:" "http://localhost:8081"
JavaScript error: resource://gre/modules/LoginManagerParent.jsm, line 136: TypeError: gRecipeManager is null
console.warn: LoginRecipes: "getRecipes: falling back to a synchronous messJavaScage for:" "http://ript error: reslocalhource://gre/moost:808dul1"es/L
oginManagerParent.jsm, line 136: TypeError: gRecipeManager is null
console.warn: LoginRecipes: "getRecipes: falling back to a synchronous message for:" "http://lJavaScript erroroc:alhost:8081"
 resource://gre/modules/LoginManagerParent.jsm, line 136: TypeError: gRecipeManager is null
console.warn: LoginRecipes: "getRecipes: falling bJavaScript error: resource://gre/modules/LoginManagerParent.jsm, line 136: TypeErack to a synchronous messaror: gRecige forpeManag:" "http://er islocalhost:80 null
81"
console.warn: LoginRecipes: "getRecipes: falling back to a synchronous message for:" "http://localhost:8081"
JavaScript error: resource://gre/modules/LoginManagerParent.jsm, line 136: TypeError: gRecipeManager is null
console.warn: LoginRecipes: "getRecipes: falling back to a synchronous message for:" "http://localhost:8081"
JavaScript error: resource://gre/modules/LoginManagerParent.jsm, line 136: TypeError: gRecipeManager is null
console.warn: LoginRecipes: "getRecipes: falling back to a synchronous mesJavaScript error: ressouarce:ge for:" "http//gre/://locamodules/LoginManagerParent.jsm, line 1lho36: TypeErrst:8081"
or: gRecipeManager is null
console.warn: LoginRecipes: "getRecipes: falling back to a syncJavhronaScript error: resourcous messae://ge for:" "http://gre/modulelocas/Logilhost:8081"
nManagerParent.jsm, line 136: TypeError: gRecipeManager is null
console.warn: LoginRecipes: "getRecipes: falling back to a synchronous message for:" "http://localhost:8081"
JavaScript error: resource://gre/modules/LoginManagerParent.jsm, line 136: TypeError: gRecipeManager is null
console.warn: LoginRecipes: "getRecipes: falling backJ to a synchronous message foavaScript error: resor:" "http:urce//localhost://gre/mod:8081"
ules/LoginManagerParent.jsm, line 136: TypeError: gRecipeManager is null
console.warn: LoginRecipes: "getRecipes: falling back to a synchronous messJavaScript age for:" "http://locealhost:8081"
rror: resource://gre/modules/LoginManagerParent.jsm, line 136: TypeError: gRecipeManager is null
console.warn: LoginRecipes: "getRecipes: falling back to a synchronous message for:" "http://localhost:8081"
JavaScript error: resource://gre/modules/LoginManagerParent.jsm, line 136: TypeError: gRecipeManager is null
console.warn: LoginRecipes: "getRecipes: falling back to a synchronous message for:" "http://localhost:8081"
JavaScript error: resource://gre/modules/LoginManagerParent.jsm, line 136: TypeError: gRecipeManager is null
console.warn: LoginRecipes: "getRecipes: falling back to a synchronous message for:" "http://localhost:8081"
JavaScript error: resource://gre/modules/LoginManagerParent.jsm, line 136: TypeError: gRecipeManager is null
console.warn: LoginRecipes: "getRecipes: falling back to a synchronous message for:" "http://localhost:8081"
JavaScript error: resource://gre/modules/LoginManagerParent.jsm, line 136: TypeError: gRecipeManager is null
console.warn: LoginRecipes: "getRecipes: fallinJavaScrig pt error: resource://gre/modules/LoginMback to a synchronous mesanagerParesagnt.jsm, lie for:" "htne 136: TypeErtp://localhost:ror: gR8081"ecipeMan
ager is null
console.warn: LoginRecipes: "getRecipes: falling back to a synchronous message for:" "http://localhost:8Java0Scr81"
ipt error: resource://gre/modules/LoginManagerParent.jsm, line 136: TypeError: gRecipeManager is null
console.warn: LoginRecipes: "getRecipes: falling back to a synchronous message for:" "http://localhost:8081"
JavaScript error: resource://gre/modules/LoginManagerParent.jsm, line 136: TypeError: gRecipeManager is null
console.warn: LoginRecipes: "getRecipes: falling back to a synchronous message for:" "http://localhostJavaScript error: resource://g:8081re/modules/Lo"
ginManagerParent.jsm, line 136: TypeError: gRecipeManager is null
console.warn: LoginRecipes: "getRecipes: falling back to a JavaScriptsynchronou error: resous rce:message for:" "h//gre/moduttp://locales/LoginManlhageost:rParent.jsm, line 136: Type8081"Error: gRecipeManager is null

console.warn: LoginRecipes: "getRecipes: falling back to a synchronous message for:" "http://localhost:8081"JavaScript erro
r: resource://gre/modules/LoginManagerParent.jsm, line 136: TypeError: gRecipeManager is null
console.warn: LoginRecipes: "getRecipes: falling back to a synchronous message for:" "http://localhost:8081"
JavaScript error: resource://gre/modules/LoginManagerParent.jsm, line 136: TypeError: gRecipeManager is null
console.warn: LoginRecipes: "getRecipes: falling back to a synchronous message for:" "http://localhost:Java8081"
Script error: resource://gre/modules/LoginManagerParent.jsm, line 136: TypeError: gRecipeManager is null
console.warn: LoginRecipes: "getRecipes: falling back to a synchronous message for:" "http://localhost:8081"Jav
aScript error: resource://gre/modules/LoginManagerParent.jsm, line 136: TypeError: gRecipeManager is null
console.warn: LoginRecipes: "getRecipes: falling back to a synchronous message for:" "http://localhost:8081"
JavaScript error: resource://gre/modules/LoginManagerParent.jsm, line 136: TypeError: gRecipeManager is null
console.warn: LoginRecipes: "getRecipes: falling back to a synchronous message for:" "http://localhost:8081"
JavaScript error: resource://gre/modules/LoginManagerParent.jsm, line 136: TypeError: gRecipeManager is null
console.warn: LoginRecipes: "getRecipes: falling back to a synchronous message for:" "http://locJavaScralhipt erostror: :8081reso"
urce://gre/modules/LoginManagerParent.jsm, line 136: TypeError: gRecipeManager is null
console.warn: LoginRecipes: "getRecipes: falling back to a JavaScrsynchronous message foript:" "http://l erocalhror: resourcost:8081"e://gre/modules/LoginMa
nagerParent.jsm, line 136: TypeError: gRecipeManager is null
console.warn: LoginRecipes: "getRecipes: falling back to a synchronous message for:" "http://localhost:8081"
JavaScript error: resource://gre/modules/LoginManagerParent.jsm, line 136: TypeError: gRecipeManager is null
console.warn: LoginRecipes: "getRecipes: falling back to a synchJavaScript error: resource://gre/modules/LoginManagerParent.jsm, line ronous message for:" "136: Typhttp://localhost:eE8081"
rror: gRecipeManager is null
console.warn: LoginRecipes: "getRecipes: falling back to a synchronous message for:" "http://localhost:8JavaScript error:081"
 resource://gre/modules/LoginManagerParent.jsm, line 136: TypeError: gRecipeManager is null
console.warn: LoginRecipes: "getRecipes: falling back to a synJavaScript erchronous message forror:" ": httresourcp://loce://gre/modalhost:8081"
ules/LoginManagerParent.jsm, line 136: TypeError: gRecipeManager is null
console.warn: LoginRecipes: "getRecipes: falling back to a synchronous message for:" "http://localhost:8081"
JavaScript error: resource://gre/modules/LoginManagerParent.jsm, line 136: TypeError: gRecipeManager is null
console.warn: LoginRecipes: "getRecipes: falling back to a synchronous message for:" "htJavaScritp://localhospt errot:8081"
r: resource://gre/modules/LoginManagerParent.jsm, line 136: TypeError: gRecipeManager is null
console.warn: LoginRecipes: "getRecipes: falJavaScript errlinor: resourceg b://gre/moduackles to a sy/LoginManagerPanchronous message for:" "http://locrent.jsm, lalhost:808ine 1"
136: TypeError: gRecipeManager is null
console.warn: LoginRecipes: "getRecipes: falling back to a JavaSsynchronous message cript error: resource://gre/modulesfor:" "http:/LoginMa//lnageocrParent.jsm, lalhostine 1:8081"36: TypeEr
ror: gRecipeManager is null
console.warn: LoginRecipes: "getRecipes: falling back to a synchronous message for:" "http://localhost:8081"
JavaScript error: resource://gre/modules/LoginManagerParent.jsm, line 136: TypeError: gRecipeManager is null
console.warn: LoginRecipes: "getRecipes: falling back toJav a syaSnchcript error:ronous mess resage ource://gfor:"re/modules/LoginMa "http://lonagerParent.jsm, line 136: TypeError: gRecipceManager is null
alhost:8081"
console.warn: LoginRecipes: "getRecipes: falling back to a synchronous mJaessage for:" "http://localhost:8081"
vaScript error: resource://gre/modules/LoginManagerParent.jsm, line 136: TypeError: gRecipeManager is null
console.warn: LoginRecipes: "getRecipes: falling back to a synchronous message for:" "http://localhost:8081"
JavaScript error: resource://gre/modules/LoginManagerParent.jsm, line 136: TypeError: gRecipeManager is null
[Parent 23780, IPC I/O Parent] WARNING: file /builds/worker/checkouts/gecko/ipc/chromium/src/base/process_util_win.cc:167
[Parent 23780, IPC I/O Parent] WARNING: file /builds/worker/checkouts/gecko/ipc/chromium/src/base/process_util_win.cc:167
[Parent 23780, IPC I/O Parent] WARNING: file /builds/worker/checkouts/gecko/ipc/chromium/src/base/process_util_win.cc:167
[Parent 23780, IPC I/O Parent] WARNING: file /builds/worker/checkouts/gecko/ipc/chromium/src/base/process_util_win.cc:167
