1650474287448	geckodriver	INFO	Listening on 127.0.0.1:5704
console.warn: SearchSettings: "get: No settings file exists, new profile?" (new NotFoundError("Could not open the file at C:\\Users\\JOSERR~1\\AppData\\Local\\Temp\\rust_mozprofileaSoKec\\search.json.mozlz4", (void 0)))
console.warn: LoginRecipes: "getRecipes: falling back to a synchronous message for:" "http://localhost:8081"
console.warn: LoginRecipes: "getRecipes: falling back to a synchronous message for:" "http://localhost:8081"
JavaScript error: resource://gre/modules/LoginManagerParent.jsm, line 136: TypeError: gRecipeManager is null
console.warn: LoginRecipes: "getRecipes: Jfalling back to a synchronous message for:" "http://localhost:8081"
avaScript error: resourcec://gre/moonsole.warn: LoginRecipes: "getRecipes: fduleallis/Lng backoginManagerPa to a srent.jsm, lineynch 136: TypeError: gRecipeManager is null
rJavaScript erroronou: resource://gre/modules message fs/LoginManageror:"Parent "ht.jsm, linetp://lo 136: Typcalhost:8eError: gRec081"
ipeManager is null
console.warn: LoginRecipes: "getRecipes: falling back to a synchronous message for:" "http://localhostJavaS:808cript 1"
error: resource://gre/modules/LoginManagerParent.jsm, line 136: TypeError: gRecipeManager is null
console.warn: LoginRecipes: "getRecipes: falling back to a synchronous message for:" "http://localhost:8081"
JavaScript error: resource://gre/modules/LoginManagerParent.jsm, line 136: TypeError: gRecipeManager is null
console.warn: LoginRecipes: "getRecipes: falling back to a synchronous message for:" "http://localJavaScrhipt error: resourcoste:8081"
://gre/modules/LoginManagerParent.jsm, line 136: TypeError: gRecipeManager is null
console.warn: LoginRecipes: "getRecipes: falling back to a synchronous message for:" "http://localhost:8081"
JavaScript error: resource://gre/modules/LoginManagerParent.jsm, line 136: TypeError: gRecipeManager is null
console.warn: LoginRecipes: "getRecipes: falling back to a synchronous message for:JavaSc" "http://localhost:8081"
ript error: resource://gre/modules/LoginManagerParent.jsm, line 136: TypeError: gRecipeManager is null
console.warn: LoginRecipes: "getRecipes: falling back to a synchronous mesJsageavaSc for:" "hript error: resource://gre/modules/Loginttp://localhost:Man8081a"
gerParent.jsm, line 136: TypeError: gRecipeManager is null
