1653330283514	geckodriver	INFO	Listening on 127.0.0.1:37907
console.warn: SearchSettings: "get: No settings file exists, new profile?" (new NotFoundError("Could not open the file at C:\\Users\\rober\\AppData\\Local\\Temp\\rust_mozprofilevPQDFG\\search.json.mozlz4", (void 0)))
console.warn: LoginRecipes: "getRecipes: falling back to a synchronous message for:" "http://localhost:8081"
console.warn: LoginRecipes: "getRecipes: falling back to a synchronous message for:" "http://localhosJavaScript error: resource://gre/modules/LoginManagerParent.jsm, line 136: TypeError: gRecipeManager is nt:8081"
ull
console.warn: LogJavaScript error: resource://gre/modules/LogininRecipes: "getRecipes: falling back tManagerPao a synchronous message for:" "http://localhost:8081"r
console.warn: LoginRecipes: "getRecipes: falling back to a synchronous message for:" "http://localhost:8081"
ent.jsm, line 136: TypeError: gRecipeManager is null
JavaScript error: resource://gre/modules/LoginManagerParent.jsm, line 136: TypeError: gRecipeManager is null
console.warn: LoginRecipes: "getRecipes: falling back to a synchronous mesJavaScript error: resource://gre/modules/LoginManagerParent.jsm, line 136: TypeError: gRecipeManager is null
sage for:" "http://localhost:8081"
console.warn: LoginRecipes: "getRecipes: falling bacJavaScrk to a synchronous mipt error: resource://gre/modules/LoginManagessage for:" "http:e//localhost:8081"
rParent.jsm, line 136: TypeError: gRecipeManager is null
console.warn: LoginRecipes: "getRecipeJavaScript error: resource://gre/modules/LoginManagerParent.jsm, line 136: TypeError: gRecipeManager is nuls: falling back to a synchronous message for:" "httl
p://localhost:8081"
console.warn: LoginRecipes: "getRecipes: falling back to a sJavaScriptynchronous message for:" "http://localhost:8081"
 error: resource://gre/modules/LoginManagerParent.jsm, line 136: TypeError: gRecipeManager is null
console.warn: LoginRecipes: "getRecipes: falling back to a synchronouJavaScript erros messagr: re for:" "http://localhosesot:8081"
urce://gre/modules/LoginManagerParent.jsm, line 136: TypeError: gRecipeManager is null
console.warn: LoginRecipes: "getRecipes: falling backJav to a saScriptynch error: resource://gronous message for:" "http://localhost:8081"
re/modules/LoginManagerParent.jsm, line 136: TypeError: gRecipeManager is null
console.warn: LoginRecipes: "getRecipes: falling back to a synchronous message foJavaScript err:" "http://localhost:8081"
ror: resource://gre/modules/LoginManagerParent.jsm, line 136: TypeError: gRecipeManager is null
console.warn: LoginRecipes: "getRecipes: falling baJavaScript eck to a synchronorror: resous meurce:ssage fo//gre/modules/LoginManagerParenr:" "http://localhost:80t.jsm, line 136: TypeError: gRecipeMa81"
nager is null
console.warn: LoginRecipes: "getRecipes: falling back to a synJavaScricpt error: resource:h/ronous messa/ge for:" "http://localhosgt:8081"
re/modules/LoginManagerParent.jsm, line 136: TypeError: gRecipeManager is null
console.warn: LoginRecipes: "getRecipJavaScers:i pfta lelring back to a synchronous messrage for:"or: re sourc"e://gre/mhodules/LoginManagerParent.ttpj://localshost:8081"
m, line 136: TypeError: gRecipeManager is null
