1653215593874	geckodriver	INFO	Listening on 127.0.0.1:31328
console.warn: SearchSettings: "get: No settings file exists, new profile?" (new NotFoundError("Could not open the file at C:\\Users\\JOSERR~1\\AppData\\Local\\Temp\\rust_mozprofileHVduSX\\search.json.mozlz4", (void 0)))
console.warn: LoginRecipes: "getRecipes: falling back to a synchronous message for:" "http://localhost:8081"
console.warn: LoginRecipes: "getRecipes: falling back to a synchronous message for:Java"Script error: resource://gre/modules/LoginManagerParent.jsm, "http://localhost:8081"
 line 136: TypeError: gRecipeManager is null
console.warn: LoginRecipes: "getRecipes: falling back to a synchronous message for:" JavaScript "error: resource://greh/modules/Logttp://localhosinManagerParet:8081"nt.js
m, line 136: TypeError: gconRseciole.warn: LoginRecipesp: "geteManager is null
RJaveciaScriptpes: f error: resouarce://grel/modlinules/Loging baManck to a synchronous message foagerParent.jsm, line 1r:"3 6: TypeError: "http://localhost:8081gRecipeMana"
ger is null
console.warn: LoginRecipes: "getRecipes: falling back to a syJavaScnchronousript error: resource://gre/modul mees/LoginManagerParent.jsm, line 136: TypeError: gRecipessage for:" "hManttp://localhosaget:8081r is null
"
console.warn: LoginRecipes: "getRecipes: falling back to a synchronous message for:" "JavaScrhttp://liocalpt error: resource://grhost:8e/mo081dul"
es/LoginManagerParent.jsm, line 136: TypeError: gRecipeManager is null
console.warn: LoginRecipes: "getRecipes: falling back to a synchronous message for:" "http://localhost:8081"
JavaScript error: resource://gre/modules/LoginManagerParent.jsm, line 136: TypeError: gRecipeManager is null
console.warn: LoginRecipes: "getRecipes: falling back to a syJavaScript error: resource://gre/modules/LoginManagerParent.jsm, line 136: TypeEnchronous message for:" "http://localhost:8081"
rror: gRecipeManager is null
console.warn: LoginRecipes: "getRecipes: falling back to a synchronous message for:" "http://localhosJavaScript error: ret:808source://gre/modules/1LoginManagerParent.jsm, line 136: TypeError: gRecipeManager is null
"
console.warn: LoginRecipes: "getRecipes: falling back to a synchronous message for:" "http://localhost:8081"
JavaScript error: resource://gre/modules/LoginManagerParent.jsm, line 136: TypeError: gRecipeManager is null
console.warn: LoginRecipes: "getRecipes: falling back to Jaa synchrovaScript error: resounrce://gre/moduous les/LoginManagerParent.jsm, lmessage for:" "httip://localne 136: TypeError: ghost:8081"
RecipeManager is null
console.warn: LoginRecipes: "getRecipes: falling back to JavaScari syncpt errhronous messaoge for:"r: resource://gre/modules/LoginManagerPare "http://lont.caljsm, line h136: TypeError: gRecipeManager is null
ost:8081"
console.warn: LoginRecipes: "getRecipes: falling back to a synchronous message for:" "http:/J/localhavaScriost:8p081"
t error: resource://gre/modules/LoginManagerParent.jsm, line 136: TypeError: gRecipeManager is null
console.warn: LoginRecipes: "getRecipes: falling back to a synchronous message for:" "http://JavaScript error: resoulocralhost:8081"
ce://gre/modules/LoginManagerParent.jsm, line 136: TypeError: gRecipeManager is null
console.warn: LoginRecipes: "getRecipes: falling back to a synchronous message for:" "http://localhost:8081"
JavaScript error: resource://gre/modules/LoginManagerParent.jsm, line 136: TypeError: gRecipeManager is null
console.warn: LoginRecipes: "getRecipes: falling back to a synchronous message for:" "http://localhost:JavaScript erro8081"
r: resource://gre/modules/LoginManagerParent.jsm, line 136: TypeError: gRecipeManager is null
console.warn: LoginRecipes: "getRecipes: falling back to a synchronous message for:" "http://localhost:8081"
JavaScript error: resource://gre/modules/LoginManagerParent.jsm, line 136: TypeError: gRecipeManager is null
console.warn: LoginRecipes: "getRecipes: falling back to a synchroJavaScnous ripmessage for:" "httpt error: resource://gre/://localhost:8081modules/LoginManagerParent."
jsm, line 136: TypeError: gRecipeManager is null
console.warn: LoginRecipes: "getRecipes: falling back to a synJavaScript errcorhronous message for:": resource://gre/m "http://locodulalhost:8081es/Logi"
nManagerParent.jsm, line 136: TypeError: gRecipeManager is null
console.warn: LoginRecipes: "getRecipes: fallinJag back vto a saScriptynchronous mes ersage for:" "ror: reshttp://localhosourcet:8081://gr"
e/modules/LoginManagerParent.jsm, line 136: TypeError: gRecipeManager is null
console.warn: LoginRecipes: "getRecipes: falling back to a synchronous message for:" "http://localhost:8081"
JavaScript error: resource://gre/modules/LoginManagerParent.jsm, line 136: TypeError: gRecipeManager is null
console.warn: LoginRecipes: "getRecipes: falling back to a synchronous message for:" "http:/JavaScript e/rrolocalhost:80r: resource://gre/modules/L8oginManagerParent.jsm, line 136: TypeError: gRecipeManage1"
r is null
console.warn: LoginRecipes: "getRecipes: falling back to a synchronous message forJav:a" "http://localhost:80Scrip8t e1"rror: resource
://gre/modules/LoginManagerParent.jsm, line 136: TypeError: gRecipeManager is null
console.warn: LoginRecipes: "getRecipes: falling back to a synchronous message forJavaScript error: r:" "http://locaesource://glhost:80re/modules/Log81"
inManagerParent.jsm, line 136: TypeError: gRecipeManager is null
console.warn: LoginRecipes: "getRecipes: falling back to a synchronous message for:" "http://localhost:8081"
JavaScript error: resource://gre/modules/LoginManagerParent.jsm, line 136: TypeError: gRecipeManager is null
console.warn: LoginRecipes: "getRecipes: falling back to a synchronous message for:" "http://localhost:JavaScript error: resour8081"
ce://gre/modules/LoginManagerParent.jsm, line 136: TypeError: gRecipeManager is null
console.warn: LoginRecipes: "getRecipes: falling back to a synchronous message for:" "http://localhost:8081"
JavaScript error: resource://gre/modules/LoginManagerParent.jsm, line 136: TypeError: gRecipeManager is null
console.warn: LoginRecipes: "getRecipes: JavaSfalling bcack to a synchronousript err message foror: resource:/:" /gre/"mohdules/Logittp://localhost:8081"nManagerP
arent.jsm, line 136: TypeError: gRecipeManager is null
console.warn: LoginRecipes: "getRecipes: falling back to a synchronous message for:" "http://localhost:JavaScri8081"
pt error: resource://gre/modules/LoginManagerParent.jsm, line 136: TypeError: gRecipeManager is null
console.warn: LoginRecipes: "getRecipes: falling back to a syJanchrovaScript error: resource://gre/modules/Loginous messagnManage forerParen:" "htt.jsm, linet 1p://l36: ocalhost:8081"T
ypeError: gRecipeManager is null
console.warn: LoginRecipes: "getRecipes: falling back to a synchJavaScript error: resource:/ronous message/ for:" "gre/modules/LoginManahttgerParent.jsm, line 136: TypeError: gRecipeManager is null
p://localhost:8081"
console.warn: LoginRecipes: "getRecipes: falling back to a synchronous Javmessage faScript error: resouor:" rce"ht://tp://lgre/modules/ocalhosLoginMant:ager8081"
Parent.jsm, line 136: TypeError: gRecipeManager is null
console.warn: LoginRecipes: "getRecipes: falling back to a synchronous message for:" "http://localhosJavt:aScript error: resource://gre/modul8081"es/LoginManagerParent.jsm, line
 136: TypeError: gRecipeManager is null
console.warn: LoginRecipes: "getRecipes: falling back to a synchronous message for:" "http://localhJavaScript erroorst:8081"
: resource://gre/modules/LoginManagerParent.jsm, line 136: TypeError: gRecipeManager is null
console.warn: LoginRecipes: "getRecipes: falling back to a synchronous message for:" "http://localhost:8081"
JavaScript error: resource://gre/modules/LoginManagerParent.jsm, line 136: TypeError: gRecipeManager is null
console.warn: LoginRecipes: "getRecipes: falling back to a synchronous message fJavaScript error: ror:" e"http:source://gre/modules/LoginM//anagerParenlt.jsm, line 136: TypeError: gocalhost:8081"
RecipeManager is null
console.warn: LoginRecipes: "getRecipes: falling back to a synchronous message for:" "http://localhost:8081"
JavaScript error: resource://gre/modules/LoginManagerParent.jsm, line 136: TypeError: gRecipeManager is null
console.warn: LoginRecipes: "getRecipes: falling back tJavao a synchronous messageScript error: resource://gre/modules/Login for:" "http://localhosMt:80anagerParent81"
.jsm, line 136: TypeError: gRecipeManager is null
console.warn: LoginRecipes: "getRecipes: falling back to aJ synchronous message for:" "http://localhost:8081"
avaScript error: resource://gre/modules/LoginManagerParent.jsm, line 136: TypeError: gRecipeManager is null
console.warn: LoginRecipes: "getRecipes: falling back to a synchronJavaSoucs meriptssage for:" "http://localhost:8081"
 error: resource://gre/modules/LoginManagerParent.jsm, line 136: TypeError: gRecipeManager is null
console.warn: LoginRecipes: "getRecipes: falling back to a synchronous message for:" "http://localhost:JavaScript err8081"
or: resource://gre/modules/LoginManagerParent.jsm, line 136: TypeError: gRecipeManager is null
console.warn: LoginRecipes: "getRecipes: falling back JavaScto a synchript error: resource://gre/modules/LoginManagerParent.jsronous messagem, line 136: Type foError: gRer:" "http://localhost:8081"cip
eManager is null
console.warn: LoginRecipes: "getRJavaScript error: resource://gre/modules/LogeincipManagerParent.jsm, line 136: TypeError: gRecipeManagees: fallingr is null
 back to a synchronous message for:" "http://localhost:8081"
console.warn: LoginRecipes: "getRecipes: falling back toJavaScript a  error: resousynchronrce://gre/modules/ous message for:" "http://loLogicalhnost:8081"Manager
Parent.jsm, line 136: TypeError: gRecipeManager is null
console.warn: LoginRecipes: "getRecipes: falling back to a synchronous message for:" "http://localhost:8081"
JavaScript error: resource://gre/modules/LoginManagerParent.jsm, line 136: TypeError: gRecipeManager is null
console.warn: LoginRecipes: "getRecipes: falling baJavaScript errorc: resource://gre/modules/LoginMankagerPar to a synchrent.jsm, line 136: Typonous message feError: gReor:" "http:/c/localhostipeMan:808age1"
r is null
console.warn: LoginRecipes: "getRecipes: falling back to a synchronous messaJavaScript errogr: resource://gre/modules/LoginManagerPare forent.jsm, line 136: TypeError: gRe:" "http://localhoscipt:8081"
eManager is null
console.warn: LoginRecipes: "getRecipes: falling back to a synchronous message fJavaor:" "http://localScrhosipt et:8081"
rror: resource://gre/modules/LoginManagerParent.jsm, line 136: TypeError: gRecipeManager is null
console.warn: LoginRecipes: "getRecipes: falling back to a synchronous message for:" "http://localhost:8081"
JavaScript error: resource://gre/modules/LoginManagerParent.jsm, line 136: TypeError: gRecipeManager is null
console.warn: LoginRecipes: "getRecipes: falling back to a synchJavaScript error: rresource://gre/moduonous message for:" "les/LoginManagerPhttarep://locant.jslhost:8081m, line 136: Typ"
eError: gRecipeManager is null
console.warn: LoginRecipes: "getRecipes: falling back to a synchronous message for:" "http://JavaScript error: resource://glocalhost:8re/modu081"
les/LoginManagerParent.jsm, line 136: TypeError: gRecipeManager is null
console.warn: LoginRecipes: "getRecipes: falling back to a syncJavaShcript error: resource://greron/mousodules/Log message finManagerPor:" "http://localhost:8081"
arent.jsm, line 136: TypeError: gRecipeManager is null
console.warn: LoginRecipes: "getRecipes: falling back to a synchronous message for:" "http://localhost:8081"
JavaScript error: resource://gre/modules/LoginManagerParent.jsm, line 136: TypeError: gRecipeManager is null
console.warn: LoginRecipes: "getRecipes: falling back to a synchronous message for:" "http://localhost:8081"
JavaScript error: resource://gre/modules/LoginManagerParent.jsm, line 136: TypeError: gRecipeManager is null
console.warn: LoginRecipes: "getRecipes: falling back to a synchronous meJavssageaS cfor:" "httript error: resop://locaurce://grlhost:8081"
e/modules/LoginManagerParent.jsm, line 136: TypeError: gRecipeManager is null
console.warn: LoginRecipes: "getRecipes: falling back to a JavaScrisynchronous message fopt error: resor:" "http://localhurce://gost:8re/mo081"dule
s/LoginManagerParent.jsm, line 136: TypeError: gRecipeManager is null
console.warn: LoginRecipes: "getRecipes: falling back to a synchronous message for:" "http://localhost:8081"
JavaScript error: resource://gre/modules/LoginManagerParent.jsm, line 136: TypeError: gRecipeManager is null
console.warn: LoginRecipes: "getRecipes: falling back to a JavaScsynchronous messagript erre foror: r:" eso"hturce://gre/mtp://lodules/Loocalhost:8081"
ginManagerParent.jsm, line 136: TypeError: gRecipeManager is null
console.warn: LoginRecipes: "getRecipes: falling back to a synchronouJas message for:" "http://localhost:8081"
vaScript error: resource://gre/modules/LoginManagerParent.jsm, line 136: TypeError: gRecipeManager is null
console.warn: LoginRecipes: "getRecipes: falling back to a synchronous mJavaScript eerror: resoussage force://gre/modules/LoginManagerParent.jsm, lri:" "http://localhost:80ne 136:81"
 TypeError: gRecipeManager is null
console.warn: LoginRecipes: "getRecipes: falling back to a synchronous message for:" "http://localhost:8081"
JavaScript error: resource://gre/modules/LoginManagerParent.jsm, line 136: TypeError: gRecipeManager is null
console.warn: LoginRecipes: "getRecipes: falling back to a synchronous message for:" "http://loJavcalaSchost:8081ript error: res"
ource://gre/modules/LoginManagerParent.jsm, line 136: TypeError: gRecipeManager is null
[Parent 25856, IPC I/O Parent] WARNING: file /builds/worker/checkouts/gecko/ipc/chromium/src/base/process_util_win.cc:167

###!!! [Parent][PGPUParent] Error: RunMessage(msgname=PGPU::Msg_ShutdownVR) Channel closing: too late to send/recv, messages will be lost

