1653340181328	geckodriver	INFO	Listening on 127.0.0.1:31538
console.warn: SearchSettings: "get: No settings file exists, new profile?" (new NotFoundError("Could not open the file at C:\\Users\\JOSERR~1\\AppData\\Local\\Temp\\rust_mozprofileFYGRIj\\search.json.mozlz4", (void 0)))
console.warn: LoginRecipes: "getRecipes: falling back to a synchronous message for:" "http://localhost:8081"
console.warn: LoginRecipes: "getRecipes: falling back to a synchronous message for:" "httpJavaScript error:://localhost:8081"
 resource://gre/modules/LoginManagerParent.jsm, line 136: TypeError: gRecipeManager is null
console.warn: LoginRecipes: "getRecipes: falling back to a synchronous message for:" "http://localhost:8081"
JavaScriconsopt errole.warn: LoginRecipes: "getRecipers: fall: resource://gingre/modules back/Lo to a synchronginMous messanagearParent.jsm, line 136ge for:: T" "htypetp://Error: gRecipeMalocalhost:80nager is null
81JavaScript error: resource://gre/modules/Login"ManagerParen
t.jsm, line 136: TypeError: gRecipeManager is null
console.warn: LoginRecipes: "getRecipes: falling back to a synchJavronousaScript  message for:" "htterror: p:/resource://gre/l/moocalhost:8081"
dules/LoginManagerParent.jsm, line 136: TypeError: gRecipeManager is null
console.warn: LoginRecipes: "getRecipes: falling back to a synchronoJavaScrus ipt error: resourcmessae:/ge/gre/modules/LoginManagerP foarent.jsm, linr:"e 136: TypeError:  gRecipeMa"http://localnager is host:8081"
null
console.warn: LoginRecipes: "getRecipes: falling back to a synchronousJavaScript error: resource://gre/modules/LoginMan agerParemessage for:" "http://localhostnt.:8081jsm, line 136"
: TypeError: gRecipeManager is null
console.warn: LoginRecipes: "getRecipes: fallingJ back to a synchronous maessagvaScript ee for:" "http:/rro/localhost:8081"
r: resource://gre/modules/LoginManagerParent.jsm, line 136: TypeError: gRecipeManager is null
console.warn: LoginRecipes: "getRecipes: falling back to a synchronous message for:" "http://localhost:8081"
JavaScript error: resource://gre/modules/LoginManagerParent.jsm, line 136: TypeError: gRecipeManager is null
console.warn: LoginRecipes: "getRecipes: fallingJavaScript error: resou rce://gre/mback to a syodulesnchronous message for/LoginManagerParent.jsm, line 13:" 6: Typ"hteError: gRtp://localhecipeManost:8081"
ager is null
console.warn: LoginRecipes: "getRecipes: falling back to a synchJaronous message for:"vaScript er "http://localhost:808ror: res1"
ource://gre/modules/LoginManagerParent.jsm, line 136: TypeError: gRecipeManager is null
console.warn: LoginRecipes: "getRecipes: falling backJavaScript error: res to a synchronous message fource://gre/modules/Logoinr:" "http:/ManagerPa/lorent.cjsmalh, line 136: TypeError: gRost:8081"
ecipeManager is null
console.warn: LoginRecipes: "getRecipes: falling backJavaScript error:  to a synchronoreus soumessagrce://gre/me foro:" "http://locdules/LoginManagealhrost:8081"
Parent.jsm, line 136: TypeError: gRecipeManager is null
console.warn: LoginRecipes: "getRecipes: falling bacJavaScrk to a synchronous message fipt error: resource://gre/modules/LoginManor:agerPa" "renhttp://locat.jsm, line 136: Typelhost:808Error1: gRe"
cipeManager is null
console.warn: LoginRecipes: "getRecipes: falling back Jato a synchronous mevaSscrisage for:" "httpt p://errolocalhost:r: resou8rc081e:/"/g
re/modules/LoginManagerParent.jsm, line 136: TypeError: gRecipeManager is null
console.warn: LoginRecipes: "getRecipes: falling back to a sJavaScriptyn errchronous message for:" "http://locaor: resource://grelhost:8081"
/modules/LoginManagerParent.jsm, line 136: TypeError: gRecipeManager is null
console.warn: LoginRecipes: "getRecipes: falling back to a synchronous messJavaScriptage for:" "http://loca error: resolhourcst:8e081://gr"
e/modules/LoginManagerParent.jsm, line 136: TypeError: gRecipeManager is null
console.warn: LoginRecipes: "getRecipes: falling back JavaScript erroto ra synchro:nou resourcs message for:" "e://gre/modulehttp://localhost:808s/LoginMan1agerParent.jsm, li"
ne 136: TypeError: gRecipeManager is null
console.warn: LoginRecipes: "getRecipes: falling back to a synchronous mesJavaScripts error: resource://grage for:" "e/mhttp:odules/LoginManagerParent.jsm, line 13//localhost:8081"
6: TypeError: gRecipeManager is null
console.warn: LoginRecipes: "getRecipes: falling back to a synchronousJava message for:" "http://localhost:8081"
Script error: resource://gre/modules/LoginManagerParent.jsm, line 136: TypeError: gRecipeManager is null
console.warn: LoginRecipes: "getRecipes: falling back to a synchronous message for:" "http://localhost:8081"
JavaScript error: resource://gre/modules/LoginManagerParent.jsm, line 136: TypeError: gRecipeManager is null
console.warn: LoginRecipes: "getRecipes: falling baJavaSccript error: resource://gre/modules/Lok to ginManagerParent.jsm, line 1a synchronous message for:" "http36: TypeError: gRecipeMana://ger is null
localhost:8081"
console.warn: LoginRecipes: "getRecipes: falling back to a synchronous message for:" "http://localhost:8081"
JavaScript error: resource://gre/modules/LoginManagerParent.jsm, line 136: TypeError: gRecipeManager is null
console.warn: LoginRecipes: "getRecipes: falling baJavaScriptck to a s error: resouynchronous messrceage for:" "http::////logrecalhost:/modules/8081"Lo
ginManagerParent.jsm, line 136: TypeError: gRecipeManager is null
console.warn: LoginRecipes: "getRecipes: falling back to a synchronous message for:" "http://localhost:8081"
JavaScript error: resource://gre/modules/LoginManagerParent.jsm, line 136: TypeError: gRecipeManager is null
console.warn: LoginRecipes: "getRecipes: falling back to a synchronous message for:" "Javahttp://localhost:8081"
Script error: resource://gre/modules/LoginManagerParent.jsm, line 136: TypeError: gRecipeManager is null
console.warn: LoginRecipes: "getRecipes: falling back to a synchronous message for:" "http://localhost:8081"
JavaScript error: resource://gre/modules/LoginManagerParent.jsm, line 136: TypeError: gRecipeManager is null
console.warn: LoginRecipes: "getRecipes: falling back to a synchronous messageJavaScript for:" "http://l error: resoocurce://gre/modules/LoginManagerParent.alhost:8081"
jsm, line 136: TypeError: gRecipeManager is null
console.warn: LoginRecipes: "getRecipes: falling back to a synchronous message for:" "http://localhost:8081"
JavaScript error: resource://gre/modules/LoginManagerParent.jsm, line 136: TypeError: gRecipeManager is null
console.warn: LoginRecipes: "getRecipes: falling back to a synchronous message for:" "httpJ://avaScript errolocalhost:8081"
r: resource://gre/modules/LoginManagerParent.jsm, line 136: TypeError: gRecipeManager is null
console.warn: LoginRecipes: "getRecipes: falling back to aJava syScrinchronous mpt error: resource://gre/modulesessage for:" "http/LoginMa://localhostnagerParent.js:8081"
m, line 136: TypeError: gRecipeManager is null
console.warn: LoginRecipes: "getRecipes: falling back toJavaS a synchronous message focript er:" "http://localhost:8081"
rror: resource://gre/modules/LoginManagerParent.jsm, line 136: TypeError: gRecipeManager is null
console.warn: LoginRecipes: "getRecipes: falling back to a synchronous messagJe for:" "http://localhost:8081"avaSc
ript error: resource://gre/modules/LoginManagerParent.jsm, line 136: TypeError: gRecipeManager is null
console.warn: LoginRecipes: "getRecipes: falling back tJavaScript error: resource://gre/modo a suleynchronous/LoginMas menagerParent.jsm, linssage 136: TypeEre for:" "http://localhosrt:80or: gRec81"
ipeManager is null
console.warn: LoginRecipes: "getRecipes: falling bacJavaScript error: rk to a syncesource://gre/modules/LoginManhronous message for:"agerParent.j "https://lm, ocalhost:8081"
line 136: TypeError: gRecipeManager is null
console.warn: LoginRecipes: "getRecipes: falling back to a synchronous message for:" "http://locaJavaScript error: resource://gre/modules/LoginManagerParent.jsm, lhost:8081"
line 136: TypeError: gRecipeManager is null
console.warn: LoginRecipes: "getRecipes: falling back to a synchronous message for:" "httJavaScp://loriptca erlhost:8081"
ror: resource://gre/modules/LoginManagerParent.jsm, line 136: TypeError: gRecipeManager is null
console.warn: LoginRecipes: "getRecipes: falling back to a JavaScript error: resource://gre/modules/LoginManagerParent.jsm, line 136: synchronouTypseError: gRecipeM message anagefor:r is " "hnull
ttp://localhost:8081"
console.warn: LoginRecipes: "getRecipes: falling back to a synchronous message for:" "http://localhosJtavaScript error: resource://gre/modules/Logi:8081"
nManagerParent.jsm, line 136: TypeError: gRecipeManager is null
console.warn: LoginRecipes: "getRecipes: falling back to aJavaScr synchronoipt errous message for:" "http://r: resource://gre/localhosmodules/Logt:8081"
inManagerParent.jsm, line 136: TypeError: gRecipeManager is null
console.warn: LoginRecipes: "getRecipes: falling back to a synchronous message for:" "http://localhost:8081"
JavaScript error: resource://gre/modules/LoginManagerParent.jsm, line 136: TypeError: gRecipeManager is null
console.warn: LoginRecipes: "getRecipes: falling back to a synchronous message for:" "http://localJavahostScript error: :8081"
resource://gre/modules/LoginManagerParent.jsm, line 136: TypeError: gRecipeManager is null
console.warn: LoginRecipes: "getRecipes: falling back to a synchronous message for:" "http://localhost:8J081avaScript "
error: resource://gre/modules/LoginManagerParent.jsm, line 136: TypeError: gRecipeManager is null
console.warn: LoginRecipes: "getRecipes: falling back to a synchronous messageJavaScript error: reso forurc:" "e://gre/modhttulp://localhoest:8081"
s/LoginManagerParent.jsm, line 136: TypeError: gRecipeManager is null
console.warn: LoginRecipes: "getRecipes: falling back to a synchronous meJavaScript error: resource://gre/modules/LoginManagerParenssage fot.jsm, line 136: TypeError:" "httr: gRecipeManager is null
p://localhost:8081"
console.warn: LoginRecipes: "getRecipes: falling back to a synchronouJas mevaScssagript error: resoe urcfor:" "http://localhoe://gre/modules/LoginMst:8081"
anagerParent.jsm, line 136: TypeError: gRecipeManager is null
console.warn: LoginRecipes: "getRecipes: falling back to a synchronous message for:" "http://localhost:8081"
JavaScript error: resource://gre/modules/LoginManagerParent.jsm, line 136: TypeError: gRecipeManager is null
console.warn: LoginRecipes: "getRecipes: falling back JavaScript error: resource://gre/modules/LoginManagerPtarent.jsmo a synchronou, line 136: TypeErs mesror: gsage for:" "hRecttp://localhipeManager ost:808is nu1"
ll
console.warn: LoginRecipes: "getRecipes: falling back to a synchronous message for:" "http://localhost:8081"
JavaScript error: resource://gre/modules/LoginManagerParent.jsm, line 136: TypeError: gRecipeManager is null
console.warn: LoginRecipes: "getRecipes: falling back to a JavaScript error: synchresource://gre/modronoulus message for:" "http://localhost:8081"
es/LoginManagerParent.jsm, line 136: TypeError: gRecipeManager is null
console.warn: LoginRecipes: "getRecipes: falling back to a synchronousJavaScr meipt sserror: age forres:" "http://localhost:8ource://gre/modules/Logi081"
nManagerParent.jsm, line 136: TypeError: gRecipeManager is null
console.warn: LoginRecipes: "getRecipes: falling back to a synchronous message for:" "htJavaScript tp://localhost:8081"
error: resource://gre/modules/LoginManagerParent.jsm, line 136: TypeError: gRecipeManager is null
console.warn: LoginRecipes: "getRecipes: falling back to a synchronous message for:" "http://localhost:8081"
JavaScript error: resource://gre/modules/LoginManagerParent.jsm, line 136: TypeError: gRecipeManager is null
console.warn: LoginRecipes: "getRecipes: falling backJavaScript e to a syncrrorhronous message for: resource://gre/module:" "http:/s/LoginManagerParent.jsm,/localhos line 136: Tyt:8081"peE
rror: gRecipeManager is null
console.warn: LoginRecipes: "getRecipes: falling back to a synchronous message for:" "http://localhost:8081"
JavaScript error: resource://gre/modules/LoginManagerParent.jsm, line 136: TypeError: gRecipeManager is null
console.warn: LoginRecipes: "getRecipes: falling back toJavaScrip t erra synchror:onous message for:" "http://localhost:8081"
 resource://gre/modules/LoginManagerParent.jsm, line 136: TypeError: gRecipeManager is null
console.warn: LoginRecipes: "getRecipes: falling back to a synchronous message for:" "http://localhost:8081"
JavaScript error: resource://gre/modules/LoginManagerParent.jsm, line 136: TypeError: gRecipeManager is null
console.warn: LoginRecipes: "getRecipes: falling back to a synchronous message foJavr:" "http:/aScript error: resource://localhost:8081/gre/modules/LoginManagerParent.jsm, line 136: TypeError: "gR
ecipeManager is null
console.warn: LoginRecipes: "getRecipes: falling back to a synchronous message for:" "http://localhost:8081"
JavaScript error: resource://gre/modules/LoginManagerParent.jsm, line 136: TypeError: gRecipeManager is null
console.warn: LoginRecipes: "getRecipes: falling back to a synchronous message for:" "http://localhost:8JavaScript error081"
: resource://gre/modules/LoginManagerParent.jsm, line 136: TypeError: gRecipeManager is null
console.warn: LoginRecipes: "getRecipes: falling back to a syncJavaScriphrot errnous message foro:" "r: httpres://ourclocalhost:8081"e://
gre/modules/LoginManagerParent.jsm, line 136: TypeError: gRecipeManager is null
console.warn: LoginRecipes: "getRecipes: fallingJavaScript error: resource://gre/modules/LoginManagerParent.jsm, line 1 back to a sync36: TypeEhronous merror: gRecipeManager ssage foris null:" 
"http://localhost:8081"

###!!! [Parent][PGPUParent] Error: RunMessage(msgname=PGPU::Msg_ShutdownVR) Channel closing: too late to send/recv, messages will be lost

