1650906666990	geckodriver	INFO	Listening on 127.0.0.1:48014
console.warn: SearchSettings: "get: No settings file exists, new profile?" (new NotFoundError("Could not open the file at C:\\Users\\JOSERR~1\\AppData\\Local\\Temp\\rust_mozprofileXUosTk\\search.json.mozlz4", (void 0)))
console.warn: LoginRecipes: "getRecipes: falling back to a synchronous message for:" "http://localhost:8081"
console.warn: LoginRecipes: "getRecipes: falling back to a synchronous message for:" "http://localhost:8081"
JavaScript error: resource://gre/modules/LoginManagerParent.jsm, line 136: TypeError: gRecipeManager is null
console.warn: LoginRecipes: "getRecipeJs: falling back to a synchronous message for:" "http://loacalhost:8081"
vaScriconspt erroole.warn: LoginRecr: resource://gre/modipes: "ulesgetR/Loecipes: falliginManangerParentg b.jsm,ack to a synchro linne 1ous m36: TypeError: gReessage for:" "http://localhcipeManager is ost:8null
081JavaScript error: resour"
ce://gre/modules/LoginManagerParent.jsm, line 136: TypeError: gRecipeManager is null
console.warn: LoginRecipes: "getRecipes: Javfalling baaScript error: resource://gre/modules/LoginManagerParent.jsm, cline 136: k to aTypeError: gRecipeMa synchronager is null
nous message for:" "http://localhost:8081"
console.warn: LoginRecipes: "getRecipes: falling back to a synJchravaScriponous message for:" "http://loct error: resouralhost:8081"
ce://gre/modules/LoginManagerParent.jsm, line 136: TypeError: gRecipeManager is null
console.warn: LoginRecipes: "getRecipes: falling back to a synchronousJav messaScripage fotr:" "http://localhost:8081"
 error: resource://gre/modules/LoginManagerParent.jsm, line 136: TypeError: gRecipeManager is null
console.warn: LoginRecipes: "getRecipes: falling back toJavaScript erro a synchror: renous message for:"source:/ "http://localhost:8/gre/mo081"
dules/LoginManagerParent.jsm, line 136: TypeError: gRecipeManager is null
console.warn: LoginRecipes: "getRecipes: falling back to a synchronous message for:" "http:JavaScript//localhost:8081"
 error: resource://gre/modules/LoginManagerParent.jsm, line 136: TypeError: gRecipeManager is null
console.warn: LoginRecipes: "getRecipes: falling back toJa a synchvaScrronous message for:" i"http://localhost:808pt error: 1"
resource://gre/modules/LoginManagerParent.jsm, line 136: TypeError: gRecipeManager is null
console.warn: LoginRecipes: "getRecipes: falling back to a JavaScript error: resource://gre/modulses/LoginManagerPaynchronous messarenge fot.jsm, linr:" "http://locale 136: Typhost:8081"
eError: gRecipeManager is null
console.warn: LoginRecipes: "getRecipes: falling back to a synchronous messageJavaScri fopt error: resource://r:" "gre/http://localhostmodules/LoginManagerParent.jsm, li:808ne 1361: TypeError: gRecipeMa"
nager is null
console.warn: LoginRecipes: "getRecipes: falling back to a synchronous mJavaScressage foiptr :" "httpe://localhostrror: resource://:80gre/modu81les/LoginManagerParent"
.jsm, line 136: TypeError: gRecipeManager is null
console.warn: LoginRecipes: "getRecipes: falling back to a synchronous message for:" "hJavaScript errottp://localhostr: resource://g:8081"
re/modules/LoginManagerParent.jsm, line 136: TypeError: gRecipeManager is null
console.warn: LoginRecipes: "getRecipes: falling back to a synchronous message for:" "http://localhost:8081"
JavaScript error: resource://gre/modules/LoginManagerParent.jsm, line 136: TypeError: gRecipeManager is null
console.warn: LoginRecipes: "getRecipes: falling back to a synchronous messJavaScript error:a rege for:" "http:/source://gre/modules/LoginManagerParent.jsm, l/localhost:8081"
ine 136: TypeError: gRecipeManager is null
console.warn: LoginRecipes: "getRecipes: falling back to a synchronous message forJavaScr:" ipt error: resource://gre/modules/LoginM"anhttp://agerlocalPahost:8081"
rent.jsm, line 136: TypeError: gRecipeManager is null
console.warn: LoginRecipes: "getRecipes: falling back to a synchJravaSonous message for:" "htcritp://localhost:8081"
pt error: resource://gre/modules/LoginManagerParent.jsm, line 136: TypeError: gRecipeManager is null
console.warn: LoginRecipes: "getRecipes: falling back to a synchronous message for:" "http://localhost:8081"
JavaScript error: resource://gre/modules/LoginManagerParent.jsm, line 136: TypeError: gRecipeManager is null
console.warn: LoginRecipes: "getRecipes: falling back to a Javsynchronous messagaScript errore for:" "http://localhost:8081"
: resource://gre/modules/LoginManagerParent.jsm, line 136: TypeError: gRecipeManager is null
console.warn: LoginRecipes: "getRecipes: falling back to a synchronous message for:" "http://localhost:8081"
JavaScript error: resource://gre/modules/LoginManagerParent.jsm, line 136: TypeError: gRecipeManager is null
console.warn: LoginRecipes: "getRecipes: falling back to a synchJavaScript error: resronous mource:essage for//:" gre/modules/"http://lLocalhost:80o81"
ginManagerParent.jsm, line 136: TypeError: gRecipeManager is null
console.warn: LoginRecipes: "getRecipes: falling back to a synchronous message for:" "http://localhost:8081"
JavaScript error: resource://gre/modules/LoginManagerParent.jsm, line 136: TypeError: gRecipeManager is null
console.warn: LoginRecipes: "getRecipes: fJavaSallcript erroring b: resource://greack /moto a synchronous messdules/LoginManagerParent.jsma, line 136:ge fo TrypeError: gRecip:" "http://loecalManahost:8081"
ger is null
console.warn: LoginRecipes: "getReJavaScript ercipes: fallingror: resource://gre/modules/LoginManagerPare back to a synchronnt.jsm, lineous message for :" "h136: TypeError: ttp://localhost:80gRecipeManager is null
81"
console.warn: LoginRecipes: "getRecipes: falling back to a synchronous message for:" "http://lJocalhavaScript oerrosr: rt:8081"
esource://gre/modules/LoginManagerParent.jsm, line 136: TypeError: gRecipeManager is null
console.warn: LoginRecipes: "getRecipes: falling back to a synchronous message for:" "http://locaJavaScript error: resource://gre/modules/LoginManagerParentlhost:8081"
.jsm, line 136: TypeError: gRecipeManager is null
console.warn: LoginRecipes: "getRecipes: falling back to a syJavaScript erronchronous messager: resource://gre/module for:s/LoginManagerParent" "http://localhost:8081"
.jsm, line 136: TypeError: gRecipeManager is null
[Parent 13556, IPC I/O Parent] WARNING: file /builds/worker/checkouts/gecko/ipc/chromium/src/base/process_util_win.cc:167
