1653332468674	geckodriver	INFO	Listening on 127.0.0.1:31997
console.warn: SearchSettings: "get: No settings file exists, new profile?" (new NotFoundError("Could not open the file at C:\\Users\\rober\\AppData\\Local\\Temp\\rust_mozprofilebr5AFQ\\search.json.mozlz4", (void 0)))
console.warn: LoginRecipes: "getRecipes: falling back to a synchronous message for:" "http://localhost:8081"
console.warn: LoginRecipes: "getRecipes: falling back to a synchronous message for:" "http://localhost:8081"
console.warn: LoginRecipes: "getRecipes: falling back to a synchronous message for:" "http://localhost:8081"
JavaScript error: resource://gre/modules/LoginManagerParent.jsm, line 136: TypeError: gRecipeManager is null
console.warJavaScript erron: LoginRecipes: "getRecipes: falling back to a synchronous message for:" "http://localhost:8081"
r: resource://gre/modules/LoginManagerParent.jsm, line 136: TypeError: gRecipeManager is null
console.warn: LoginRecipes: "getRecipes: falling back to a JavaScript error: resource:syn//gchronous messre/modulesage for:" "http://localhost:8081"
/LoginManagerParent.jsm, line 136: TypeError: gRecipeManager is null
console.warn: LoginRecipes: "getRecipes: falling back to a synchronous message for:" "http://localhost:808JavaScrip1"
t error: resource://gre/modules/LoginManagerParent.jsm, line 136: TypeError: gRecipeManager is null
console.warn: LoginRecipes: "getRecipes: falling back to a synchroJavaScrinous message for:p"t error: resource://gre/modules/LoginManagerParent.jsm, line 136: TypeError: gRecipeManager is null
 "http://localhost:8081"
console.warn: LoginRecipes: "getRecipes: falling back to a synchrJavaScript eonous messagerror: resource://gre/modules/LoginManagerParent.jsm, line 136: TypeError: gRecipeManager is null
 for:" "http://localhost:8081"
console.warn: LoginRecipes: "getRecipes: falling back to a synchronous message for:" "http://localhost:8081"
JavaScript error: resource://gre/modules/LoginManagerParent.jsm, line 136: TypeError: gRecipeManager is null
console.warn: LoginRecipes: "getRecipes: falling back to a synchronous message for:" "http://localhost:8081"
JavaScript error: resource://gre/modules/LoginManagerParent.jsm, line 136: TypeError: gRecipeManager is null
console.warn: LoginRecipes: "getRecipes: falling backJa to a synchvaScrironous message for:" "pt error: resource://gre/modulhttp://localhost:8081"
es/LoginManagerParent.jsm, line 136: TypeError: gRecipeManager is null
console.warn: LoginRecipes: "getRecipes: falling back to a synchronous message for:" "http://localhost:8081"
JavaScript error: resource://gre/modules/LoginManagerParent.jsm, line 136: TypeError: gRecipeManager is null
console.warn: LoginRecipes: "getRecipes: falling back to JavaScript error: resource://gre/modules/LoginManagerParent.jsm, line 136: TypeError: gRecipeManager is null
a synchronous message for:" "http://localhost:8081"
console.warn: LoginRecipes: "getRecipes: falling back to a synchronous message for:" "http://localhost:8081"
JavaScript error: resource://gre/modules/LoginManagerParent.jsm, line 136: TypeError: gRecipeManager is null
console.warn: LoginRecipes: "getRecipes: falling back to a synJavaScript error: resource://gre/modules/LoginManagerParent.jsm, line 136: TypeError: gRecipeManager is null
chronous message for:" "http://localhost:8081"
console.warn: LoginRecipes: "getRecipes: falling back to a synchronous message for:" "http:/JavaScript/ error: relsocalhost:8081"
ource://gre/modules/LoginManagerParent.jsm, line 136: TypeError: gRecipeManager is null
console.warn: LoginRecipes: "getRecipes: falling back to a synchronous message for:" "http:/JavaScript/localhost:8081"
 error: resource://gre/modules/LoginManagerParent.jsm, line 136: TypeError: gRecipeManager is null
console.warn: LoginRecipes: "getRecipes: falling back tJavaScript error:o a synchro resource://gre/modules/LoginManous messagenagerParent.jsm, line 136: TypeError: gRecipeManager is null
 for:" "http://localhost:8081"
console.warn: LoginRecipes: "getRecipes: falling backJavaScript error:  to a synchronoresource://us message for:" "http://localhost:8081"
gre/modules/LoginManagerParent.jsm, line 136: TypeError: gRecipeManager is null
console.warn: LoginRecipes: "getRecipes: falling back to a synchronous message foJavaScriptr:" "http://localhost:8081"
 error: resource://gre/modules/LoginManagerParent.jsm, line 136: TypeError: gRecipeManager is null
console.warn: LoginRecipes: "getRecipes: falling back to a synchrJavaScript error:onous message for:" "http://localhost:8081" resource://gre/modules/LoginManagerParent.jsm, line 136: TypeError: gRecipeManager is null

console.warn: LoginRecipes: "getRecipes: falling back to a synchronous message for:" "http://localhost:8081"
JavaScript error: resource://gre/modules/LoginManagerParent.jsm, line 136: TypeError: gRecipeManager is null
console.warn: LoginRecipes: "getRecipes: falling back to a synchrJavaScript error: resource://gre/modules/LoginManagerParent.jsm, line 136: TypeError: gRecipeManager is null
onous message for:" "http://localhost:8081"
console.warn: LoginRecipes: "getRecipes: falling bacJavaScript error: resource://gre/modules/LoginManagerPark to a synchronous message for:" "ent.jsm, line 136: TypeError: gRecipeManager is null
http://localhost:8081"
console.warn: LoginRecipes: "getRecipes: falling back to a synchronous message for:" "http://localhost:8JavaScrip0t error: resource://gre81"
/modules/LoginManagerParent.jsm, line 136: TypeError: gRecipeManager is null
console.warn: LoginRecipes: "getRecipes: falling JavaScript error: resource://gre/modules/LoginManagerParent.jsm, linback to e 136: TypeError: gRecipeManager is null
a synchronous message for:" "http://localhost:8081"
console.warn: LoginRecipes: "getRecipes: falling JavaScript error: resource://gre/modules/LoginManagerParent.jsm, line 136: TypeError: gRecipeManager is null
back to a synchronous message for:" "http://localhost:8081"
console.warn: LoginRecipes: "getRecipes: falling back to JavaScript erroa synchronous message for:" "http://localhost:8081"
r: resource://gre/modules/LoginManagerParent.jsm, line 136: TypeError: gRecipeManager is null
console.warn: LoginRecipes: "getRecipes: falling back to JavaScript error: resource://gre/modules/LoginManagerParent.jsm, line 136: TypeError: gRecipeManager is null
a synchronous message for:" "http://localhost:8081"
console.warn: LoginRecipes: "getRecipes: falling back to a synchronous message JavaScript error: resource://gre/modules/LoginManagerParent.jsm, line 136: TypeError: gRecipeManager is nfor:" "http://localhost:8081"
ull
console.warn: LoginRecipes: "getRecipes: falling back to a synchJavaScriptr error: resouronoce://gre/modus message for:" "http://localhost:8081"
ules/LoginManagerParent.jsm, line 136: TypeError: gRecipeManager is null
console.warn: LoginRecipes: "getRecipes: falling back to a synchronous messaJgae for:" "http://localhosvaScript ert:8081"
ror: resource://gre/modules/LoginManagerParent.jsm, line 136: TypeError: gRecipeManager is null
console.warn: LoginRecipes: "getRecipes: falling back to a JavaScript synchronoues message for:" "http://localhost:8081"
rror: resource://gre/modules/LoginManagerParent.jsm, line 136: TypeError: gRecipeManager is null
console.warn: LoginRecipes: "getRecipes: falling back to a synchronous message for:" "http://localhost:8081"
JavaScript error: resource://gre/modules/LoginManagerParent.jsm, line 136: TypeError: gRecipeManager is null
console.warn: LoginRecipes: "getRecipes: falling back to a synchronous message for:" "http://locaJavaScript error: resource://gre/modules/LoginManagerParent.jsm, line 136: TypeError: gRecipeManager is null
lhost:8081"
console.warn: LoginRecipes: "getReJavaScript ecipes: falling back to a synchronous message for:" "http://lorror: recalhost:8081"source://gre/modules
/LoginManagerParent.jsm, line 136: TypeError: gRecipeManager is null
console.warn: LoginRecipes: "getRecipes: falling back to a synchronous message for:" "http://localhost:8081"
JavaScript error: resource://gre/modules/LoginManagerParent.jsm, line 136: TypeError: gRecipeManager is null
console.warn: LoginRecipes: "getRecipes: falling back to a synJavaScript errochronous message for: resource://gre/modules/LoginManagerParent.jsm, line 136: TypeError: gRecipeManager is null
r:" "http://localhost:8081"
console.warn: LoginRecipes: "getRecipes:JavaScript error: resource://gre/modules/LoginManagerParent.jsm, line 136: Ty peError: gRecipeManager is null
falling back to a synchronous message for:" "http://localhost:8081"
console.warn: LoginRecipes: "getRecipes: JavaScript error: resource:falling back to a synchronous message for:" "h//gre/modules/LoginManagerPattp://localhost:8081"
rent.jsm, line 136: TypeError: gRecipeManager is null
console.warn: LoginRecipes: "getRecipes: falling back to a synchronous message for:" "http://localhost:8081"
JavaScript error: resource://gre/modules/LoginManagerParent.jsm, line 136: TypeError: gRecipeManager is null
console.warn: LoginRecipes: "getRecipes: faJavaScript error:lling back to a synchronous m resource://gre/modules/LoginManagerParent.jsm, line 136: TypeError:essage for:" "http://localhost:8081"
 gRecipeManager is null
console.warn: LoginRecipes: "getRecipes: falling back to a synchronous message for:" "http://localhost:8081"
JavaScript error: resource://gre/modules/LoginManagerParent.jsm, line 136: TypeError: gRecipeManager is null
console.warn: LoginRecipes: "getRecipes: falling back tJavaScript error: resource://gre/modules/LoginManagerParent.jsm, line 136: TypeErroo a synchronous message for:" "http://localhost:8081"
r: gRecipeManager is null
console.warn: LoginRecipes: "getRecipes: falling back to a synchronous meJavaScript error: resource://gre/modules/LoginManassage for:" "http:gerPare/nt.jsm, l/localhost:8081"
ine 136: TypeError: gRecipeManager is null
console.warn: LoginRecipes: "getRecipes: falling back to a synchronous message for:" "http://localhost:8081"
JavaScript error: resource://gre/modules/LoginManagerParent.jsm, line 136: TypeError: gRecipeManager is null
console.warn: LoginRecipes: "getRecipes: falling back to a synJavaScript erchronous message for:" "http://ror: resourlocalhost:8081"
ce://gre/modules/LoginManagerParent.jsm, line 136: TypeError: gRecipeManager is null
console.warn: LoginRecipes: "getRecipes: falling back tJavaScript error: resourceo a synchro://gre/modules/LoginManagerParennous message for:" t".hjtsm, line 136: TypeError: gRecipeManager is null
tp://localhost:8081"
console.warn: LoginRecipes: "getRecipes: falling back to a synchronous message for:" "http://localhost:8081"
JavaScript error: resource://gre/modules/LoginManagerParent.jsm, line 136: TypeError: gRecipeManager is null
console.warn: LoginRecipes: "getRecipes: falling back to a synchronous message for:" "httJavaScript error:p resource://gre/modules/LoginManagerParent.jsm,://localhost:80 line 136: TypeError: gRecipeManager is null
81"
console.warn: LoginRecipes: "getRecipes: falling back to a synchJavaScrript error: resource://gre/moodules/LoginManagerParent.jsm, line 136: TypeError: gRecipeManager is null
nous message for:" "http://localhost:8081"
console.warn: LoginRecipes: "JavaScript error: regetRecipess: falling backource://gre/modules/Log inManagerParentto a sync.jsm, lihne 136: TrypeError: ogRecipeManager is null
nous message for:" "http://localhost:8081"
console.warn: LoginRecipes: "getRecipes: falling back to a synchronous message for:" "http://localhost:8081"
JavaScript error: resource://gre/modules/LoginManagerParent.jsm, line 136: TypeError: gRecipeManager is null
console.warn: LoginRecipes: "getRecipes: falling back to a synchronous message for:" "http://localhost:8081"
JavaScript error: resource://gre/modules/LoginManagerParent.jsm, line 136: TypeError: gRecipeManager is null
console.warn: LoginRecipes: "getRecipes: falling back to a syJavaScript error: resource://gre/modules/LoginManagerParent.jsm, line 136: TypeError: gRecipeManager is null
nchronous message for:" "http://localhost:8081"
console.warn: LoginRecipes: "getRecipes: falling back to a synchJavaScript error: resoronous message for:" "http://localhost:8081"
urce://gre/modules/LoginManagerParent.jsm, line 136: TypeError: gRecipeManager is null
console.warn: LoginRecipes: "getRecipes: falling back tJoavaScript err or: resource://gre/modules/LoginManagerParent.jsm, line 136: TypeError: gRecipeManager is null
a synchronous message for:" "http://localhost:8081"
console.warn: LoginRecipes: "getRecipes: falling back to a syncJavaScrhronous message for:ipt error: " "http://localhost:8081"
resource://gre/modules/LoginManagerParent.jsm, line 136: TypeError: gRecipeManager is null
console.warn: LoginRecipes: "getRecipes: falling back to a synchronous message for:" "http://localhostJavaS:cript er8ror: reso081"
urce://gre/modules/LoginManagerParent.jsm, line 136: TypeError: gRecipeManager is null
console.warn: LoginRecipes: "getRecipes: falling back to a synchronous message forJavaScript error: resource://gre/modules/LoginManagerParent:" "http://localhost:8081"
.jsm, line 136: TypeError: gRecipeManager is null
console.warn: LoginRecipes: "getRecipes: falling backJavaScript error: resource://gre/modules/LoginManagerParent.jsm, line 136: TypeError: gRecipeManager is null
 to a synchronous message for:" "http://localhost:8081"
console.warn: LoginRecipes: "getRecipes: falling back to a synchronous message for:" "http://localhost:8081"
JavaScript error: resource://gre/modules/LoginManagerParent.jsm, line 136: TypeError: gRecipeManager is null
console.warn: LoginRecipes: "getRecipes: falling back to a synchronous messaJavaScript error: resource://gre/mge for:"odules/LoginManagerParent.jsm, line 136: TypeError: gRecipeManager is null
 "http://localhost:8081"
console.warn: LoginRecipes: "getRecipes: falling back to a synchJavaScript error: resource:ronous message f//gre/modules/Lor:" "http://localhost:8081"
oginManagerParent.jsm, line 136: TypeError: gRecipeManager is null
console.warn: LoginRecipes: "getRecipes: falling back to a JavaScript error: resource://gre/modules/LoginManagerParent.jsm, line 136: TypeError: gRecipeManager is nullsynchronous message for:" "http://localhost:8081"

console.warn: LoginRecipes: "getRecipes: falling back to a synchronous message for:" "http://localhost:8081"
JavaScript error: resource://gre/modules/LoginManagerParent.jsm, line 136: TypeError: gRecipeManager is null
console.warn: LoginRecipes: "getRecipes: falling back to a synchronous message for:" "http://localhostJavaScript error::8081"
 resource://gre/modules/LoginManagerParent.jsm, line 136: TypeError: gRecipeManager is null
console.warn: LoginRecipes: "getRecipes: falling back to a synchronous message for:" "http://localhoJavaScst:8081"ript error: resource://gre/modules/LoginManagerP
arent.jsm, line 136: TypeError: gRecipeManager is null
console.warn: LoginRecipes: "getRecipes: falling back to a synchronous message for:" "http://lJavocalhost:8081"
aScript error: resource://gre/modules/LoginManagerParent.jsm, line 136: TypeError: gRecipeManager is null
console.warn: LoginRecipes: "getRecipes: falling back to a sJynchronous avaScript error: resource://gre/modules/LoginManagerParent.jsm, line 136: TypeErmessage for:" "httpror: gRecipeManager is null
://localhost:8081"
console.warn: LoginRecipes: "getRecipes: falling back to a syncJavhraScript onous meerror: resource://gre/modules/LoginManagerParenst.jsm, lsine age for:" "http://localhost:8081136: Typ"eError: gRecipeM
anager is null
console.warn: LoginRecipes: "getRecipes: falling baJavaScript error: resource://gre/modules/LoginManagerParent.jsm, line 136: TypeError: gRecipeck to a synchronous message fManager isor:" "ht null
tp://localhost:8081"
console.warn: LoginRecipes: "getRecipes: falling backJavaScript error: resource://g to a syncre/modules/LoginManaghronous message for:" erParent.jsm, line 136: TypeError: gRecipeManager i"http://los null
calhost:8081"
console.warn: LoginRecipes: "getRecipes: falling bJavaScript error: resource://gre/modules/LoginManagerParent.jsm, line 136: Typack to a synchroneError: gRecipeManager is null
ous message for:" "http://localhost:8081"
console.warn: LoginRecipes: "getRecipes: falling back to a synchronous message for:" "http://localhost:8081"
JavaScript error: resource://gre/modules/LoginManagerParent.jsm, line 136: TypeError: gRecipeManager is null
console.warn: LoginRecipes: "getRecipes: falling back tJao a synchronovaScript error: resource://gus messre/modules/LoginManagerParent.jsm, line 136: TypeError: gRecipeManager is null
age for:" "http://localhost:8081"
console.warn: LoginRecipes: "getRecipes: falling back to JavaScript error: resource:a/ /sgynchronous mrees/smodules/LoaginManagerPargent.jsm, leine 136:  fToyr:" p"ehEtrtrpo:r/:/ gRecipeManlaogcealhost:8081"r
 is null
console.warn: LoginRecipes: "getRecipes: falJavaScript error: resource://gre/modules/LoginManagerParent.jslming back to a synchronous messag,e line 136: TypeErr ofro:r :g"R e"http://localhost:8081"
cipeManager is null
console.warn: LoginRecipes: "getRecipes: falling back to a synchronous message for:JavaScript error: resource://gre/modules/LoginManagerParent.j" "http://localhost:8081"
sm, line 136: TypeError: gRecipeManager is null
console.warn: LoginRecipes: "getRecipes: fallJavaScript error: resourceing back to a synchronous message for:" "http://localhost:8081"
://gre/modules/LoginManagerParent.jsm, line 136: TypeError: gRecipeManager is null
console.warn: LoginRecipes: "getRecipes: falling back to a synchronous message for:" "http://localhost:8081"
JavaScript error: resource://gre/modules/LoginManagerParent.jsm, line 136: TypeError: gRecipeManager is null
console.warn: LoginRecipes: "getRecipes: falling back to a synchJavaScripronous message for:" "http://localhost:8081"
t error: resource://gre/modules/LoginManagerParent.jsm, line 136: TypeError: gRecipeManager is null
console.warn: LoginRecipes: "getRecipes: falling back to a synchJavaScript ronous messerror: resource://gre/mage for:"odules/Lo "http://loginManagerPcalhost:8081arent.jsm, line 136: TypeError: gRecipeManager is null
"
console.warn: LoginRecipes: "getRecipes: falling backJavaScript error: resour to a synchronous message for:" "http://localhost:808ce://gre/mo1"
dules/LoginManagerParent.jsm, line 136: TypeError: gRecipeManager is null
console.warn: LoginRecipes: "getRecipes: falling back tJavaScript error: resource://gre/modules/LoginManagerParent.jsm, line 136: TypeError: gRecipeManager is null
o a synchronous message for:" "http://localhost:8081"
console.warn: LoginRecipes: "getRecipes: falling back toJavaScript error: resource://gre/modules/LoginManagerParent.jsm, line 136: TypeError: gRecipeManager is null
 a synchronous message for:" "http://localhost:8081"
console.warn: LoginRecipes: "getRecipes: falling back to a synchronous JavaScript error: resource://gre/modules/LoginManagerParent.jsm, line 136: TypeError: gRecipeMamessagnager is nue for:" "http://localhost:8081"
ll
console.warn: LoginRecipes: "getRecipes: falling back to a synchronous meJavaScript error: ssage for:" "resource://gre/mohttp://localhost:8081"
dules/LoginManagerParent.jsm, line 136: TypeError: gRecipeManager is null
console.warn: LoginRecipes: "getRecipes: falling back to JavaScript erra synchronouor: resource://grs message for:" "http://localhost:8081"
e/modules/LoginManagerParent.jsm, line 136: TypeError: gRecipeManager is null
console.warn: LoginRecipes: "getRecipes: falling back to a synchronous message for:" "http://localhost:8081"
JavaScript error: resource://gre/modules/LoginManagerParent.jsm, line 136: TypeError: gRecipeManager is null
console.warn: LoginRecipes: "getRecipes: falling bacJavaScript error: k to a syncresource://hronous message for:" "http://localhost:8081"
gre/modules/LoginManagerParent.jsm, line 136: TypeError: gRecipeManager is null
console.warn: LoginRecipes: "getRecipes: falling back to a synchronous messJavaScript error: resouage for:" "http://localhost:8081"
rce://gre/modules/LoginManagerParent.jsm, line 136: TypeError: gRecipeManager is null
console.warn: LoginRecipes: "getRecipes: falling back to a synchronous message for:" "http://localhost:8081"
JavaScript error: resource://gre/modules/LoginManagerParent.jsm, line 136: TypeError: gRecipeManager is null
console.warn: LoginRecipes: "getRecipes: falling JavaScript error: resource://gre/modules/LoginManagerParent.jsm, line 136: TypeError: back to a synchgRecipeMronous message for:" "http://localhost:8081"
anager is null
console.warn: LoginRecipes: "getRecipes: falling back to a synchronous message for:" "http://localhost:8081"
JavaScript error: resource://gre/modules/LoginManagerParent.jsm, line 136: TypeError: gRecipeManager is null
console.warn: LoginRecipes: "getRecipes: falling back to a synchronoJavaScript errus message for:" "httor: resource://gre/modules/LoginManapg://localhost:8081"
erParent.jsm, line 136: TypeError: gRecipeManager is null
console.warn: LoginRecipes: "getRecipes: falling back to a synchronous message for:" "httpJavaScript er://localhost:8081"
ror: resource://gre/modules/LoginManagerParent.jsm, line 136: TypeError: gRecipeManager is null
console.warn: LoginRecipes: "getRecipes: falling back to a synchronoJuavasScript error: resou rce://messagre/moduge forles:" "http://localhost:8/Lo0ginMana81"
gerParent.jsm, line 136: TypeError: gRecipeManager is null
console.warn: LoginRecipes: "getRecipes: falling back to a synchronous message for:" "http://localhost:8081"
JavaScript error: resource://gre/modules/LoginManagerParent.jsm, line 136: TypeError: gRecipeManager is null
console.warn: LoginRecipes: "getRecipes: falling back to a synchronous message for:" "httJavaScript error: resource://gre/modules/LoginManagerParent.jsm, line 136: TypeError: gRecipeManager is null
p://localhost:8081"
console.warn: LoginRecipes: "getRecipes: falling back to a synchronous message for:" "http://localhost:8081"
JavaScript error: resource://gre/modules/LoginManagerParent.jsm, line 136: TypeError: gRecipeManager is null
console.warn: LoginRecipes: "getRecipes: falJavaScript error: resource://gre/modules/LoginManagerParent.jsm, line 136: TypeErrling back to a synchronous message for:" "http://localhoor: gRest:8081"
cipeManager is null
console.warn: LoginRecipes: "getRecipes: falling JavaScript error:back to a synch resource:/ronous message for:" "http://localhost:8081"
/gre/modules/LoginManagerParent.jsm, line 136: TypeError: gRecipeManager is null
console.warn: LoginRecipes: "getRecipes: falling back to a synchronous message for:" "http://localhost:8081"JavaScript error: resource://gre/modules/LoginManagerParent.jsm, line 136: TypeError: gRecipeManager is null

console.warn: LoginRecipes: "getRecipes: falling back to a synchronous message for:" "http://localJavaScript error: resource://gre/modules/LoginManagerParent.jsm, line 136: TypeErrhost:8081"
or: gRecipeManager is null
console.warn: LoginRecipes: "getRecipes: falling back to a JavaScript error: resource://gre/modules/LoginsynchronousManagerParent.jsm, line 136: Typ message for:" "http://localhost:8081"
eError: gRecipeManager is null
console.warn: LoginRecipes: "getRecipes: fJavaScripalling back to a synchronous message for:" "http://localhost:8081"
t error: resource://gre/modules/LoginManagerParent.jsm, line 136: TypeError: gRecipeManager is null
console.warn: LoginRecipes: "getRecipes: falling back JavaScript eto a synchronous mesrror: resource://gsage for:" "http://lre/modules/LoginManagerParent.jsm, line 136oca: TypeError: gRecipeManager is null
lhost:8081"
console.warn: LoginRecipes: "getRecipes: falling back to a synchronous message for:" "http://localhost:8081"
JavaScript error: resource://gre/modules/LoginManagerParent.jsm, line 136: TypeError: gRecipeManager is null
console.warn: LoginRecipes: "getRecipes: falling back to a synchronous JavaScript error: resource://gre/modumessales/LoginManagerParent.jsm, line 136: TypeError: gge for:" "htRecipeManager is null
tp://localhost:8081"
console.warn: LoginRecipes: "getRecipes: falling back to a synchronous message for:" "http://localhost:8081"
JavaScript error: resource://gre/modules/LoginManagerParent.jsm, line 136: TypeError: gRecipeManager is null
console.warn: LoginRecipes: "getRecipes: falliJavaScript nerror: resg back to a syource://gre/modules/LoginManagerParent.jsm, line 136: TypeError: gRecipeManager is null
nchronous message for:" "http://localhost:8081"
console.warn: LoginRecipes: "getRecipes: falling back to a synchronous message for:" "http://localhost:8081"
JavaScript error: resource://gre/modules/LoginManagerParent.jsm, line 136: TypeError: gRecipeManager is null
console.warn: LoginRecipes: "getRecipes: falling back to a synchronous messJavaScript erraor: resource://gre/modules/LoginManagerParent.jsm, linege for:" "ht tp://136: TypleErorcalhosotr::8 081"gR
ecipeManager is null
console.warn: LoginRecipes: "getRecipes: falling back to a synchronous messageJavaScript error: resource://gre/mod for:" "http://loules/LoginManagerParent.jsm, line 136: TypeError: gRecipeManager is null
calhost:8081"
console.warn: LoginRecipes: "getRecipes: falling back to a synchronous message for:" "http://localhost:808JavaScript1"
 error: resource://gre/modules/LoginManagerParent.jsm, line 136: TypeError: gRecipeManager is null
console.warn: LoginRecipes: "getRecipes: falling back to a synchronous message for:" "httJavaScript errop://localhost:8081"
r: resource://gre/modules/LoginManagerParent.jsm, line 136: TypeError: gRecipeManager is null
console.warn: LoginRecipes: "getRecipes: fallingJavaScript error: resource://gre/modules/LoginManagerParent.jsm, line 136: TypeError: gRecipeManager is null
 back to a synchronous message for:" "http://localhost:8081"
console.warn: LoginRecipes: "getRecipes: falling baJavaScript erck to a syror: resource://grenchronous message for:" "http://localhost:8081"
/modules/LoginManagerParent.jsm, line 136: TypeError: gRecipeManager is null
console.warn: LoginRecipes: "getRecipes: falling back to a synchronous message for:" "http://localhost:8081"
JavaScript error: resource://gre/modules/LoginManagerParent.jsm, line 136: TypeError: gRecipeManager is null
console.warn: LoginRecipes: "getRecipes: falling back to a synchronous message for:JavaScript err" "http://localhost:8081"
or: resource://gre/modules/LoginManagerParent.jsm, line 136: TypeError: gRecipeManager is null
console.warn: LoginRecipes: "getRecipes: fallingJavaScript error: resource://gre/modules/LoginManagerParent.jsm, line 136: TypeError: gRecipeManager  is back to a synchronous message for:" "http://localhost:8081"
null
console.warn: LoginRecipes: "getRecipes: falling back to a synchronous message for:" "http://localhost:8081"
JavaScript error: resource://gre/modules/LoginManagerParent.jsm, line 136: TypeError: gRecipeManager is null
console.warn: LoginRecipes: "getRecipes: falling back to a synchronous mesJavaScript esage for:" "http://lorror: resourcalhost:8081"
ce://gre/modules/LoginManagerParent.jsm, line 136: TypeError: gRecipeManager is null
console.warn: LoginRecipes: "getRecipes: falling back to a synchronouJavaScripts message for:" " error: resource://gre/modules/LoginManagerParenhttp://localhost:8081"
t.jsm, line 136: TypeError: gRecipeManager is null
console.warn: LoginRecipes: "getRecipes: falling baJavaScript error: resource://gre/modules/LoginManagerck to a synchronous message for:" "http://localhost:8081"
Parent.jsm, line 136: TypeError: gRecipeManager is null
console.warn: LoginRecipes: "getRecipes: falliJavaScript nerror: resource://gg back to a synchronous message for:" "http://localre/modules/Loginhost:8081"
ManagerParent.jsm, line 136: TypeError: gRecipeManager is null
console.warn: LoginRecipes: "getRecipes: falling back to a synchronous JavaScript error: remessage fosource://gre/modules/LoginManagerParent.jsm, line 136: TypeError: gRecipeManager is null
r:" "http://localhost:8081"
console.warn: LoginRecipes: "getRecipes: falling back to a synchronoJavaScript error: resource://gre/modules/LoginManagerParent.jsm, line 136: TypeError: gRecipeManager is null
us message for:" "http://localhost:8081"
console.warn: LoginRecipes: "getRecipes: falling back to JavaScript era synchronous message for:" "http://localhost:8081"
ror: resource://gre/modules/LoginManagerParent.jsm, line 136: TypeError: gRecipeManager is null
console.warn: LoginRecipes: "getRecipes: falling back to JavaScript error: resource://gre/modules/LoginManagerParent.jsm, line 136: TypeError: gRecipeManager is null
a synchronous message for:" "http://localhost:8081"
console.warn: LoginRecipes: "getRecipes: falling back to a synchronous message for:" "http://localhost:8081"
JavaScript error: resource://gre/modules/LoginManagerParent.jsm, line 136: TypeError: gRecipeManager is null
console.warn: LoginRecipes: "getRecipes: falling back to a synchronous message for:" "http://localhost:8JavaScript err081"
or: resource://gre/modules/LoginManagerParent.jsm, line 136: TypeError: gRecipeManager is null
console.warn: LoginRecipes: "getRecipes: falling back to a syJavaScript enchronours message for:" "http://rloocalhost:8081"
r: resource://gre/modules/LoginManagerParent.jsm, line 136: TypeError: gRecipeManager is null
console.warn: LoginRecipes: "getRecipes: falling back toJavaScri a synchronpt error: resource://gre/modules/LoginManagerParenous message for:" "http://localhost:8081"
t.jsm, line 136: TypeError: gRecipeManager is null
console.warn: LoginRecipes: "getRecipes: falling back to a synchronous message for:" "http://localhost:8081"
JavaScript error: resource://gre/modules/LoginManagerParent.jsm, line 136: TypeError: gRecipeManager is null
console.warn: LoginRecipes: "getRecipes: falling back to a synchronous message for:" "http://localhosJavaScript t:8081"
error: resource://gre/modules/LoginManagerParent.jsm, line 136: TypeError: gRecipeManager is null
console.warn: LoginRecipes: "getRecipes: falling back to a synchJavaScript error: resource://gre/modules/LoginManagerParent.jsm, line 136: TypeError: gRecipeManager is null
ronous message for:" "http://localhost:8081"
console.warn: LoginRecipes: "getRecipes: falling back to a synchronous message for:" "http://locJavaScript error: resource://gre/modules/Logalhost:8inManagerParent.jsm, line 136: TypeError: gRecipeManager is null
081"
console.warn: LoginRecipes: "getRecipes: falling back to a synchronous message for:" "http://localJavaScript error: resource://gre/modules/LoginManagerParent.jsm, line 136: host:8081"
TypeError: gRecipeManager is null
console.warn: LoginRecipes: "getRecipes: falling back to a synchronous message for:" "Jhttp://localhoavaScrispt:8081"
t error: resource://gre/modules/LoginManagerParent.jsm, line 136: TypeError: gRecipeManager is null
console.warn: LoginRecipes: "getRecipes: falling back to a JavaScript error: resource://synchronougre/modules/LoginManagerParent.jsm, line 136: TypeError: gRecipeManager is null
s message for:" "http://localhost:8081"
console.warn: LoginRecipes: "getRecipes: falling back to a syJavaScript errnchronous message for:" "http://localhost:8081"
or: resource://gre/modules/LoginManagerParent.jsm, line 136: TypeError: gRecipeManager is null
console.warn: LoginRecipes: "getRecipes: falliJavaScript erng back to a synchronous message for:" "http://localhost:8081"
ror: resource://gre/modules/LoginManagerParent.jsm, line 136: TypeError: gRecipeManager is null
console.warn: LoginRecipes: "getRecipes: falling back to a synchronous message for:" JavaScript error: resource://gre/modules/LoginManagerParent.jsm, line 1"http://localhost:8081"
36: TypeError: gRecipeManager is null
console.warn: LoginRecipes: "getRecipes: falling back to a synchronous message for:" "http://localhost:8081"
JavaScript error: resource://gre/modules/LoginManagerParent.jsm, line 136: TypeError: gRecipeManager is null
console.warn: LoginRecipes: "getRecipes: falling back to a synchronous message for:" "http://localhosJavaScriptt:8081"
 error: resource://gre/modules/LoginManagerParent.jsm, line 136: TypeError: gRecipeManager is null
console.warn: LoginRecipes: "getRecipes: falling back to a synchronous mJavaScript erressage for:" "http://localhost:8081"
or: resource://gre/modules/LoginManagerParent.jsm, line 136: TypeError: gRecipeManager is null
console.warn: LoginRecipes: "getRecipes: falling back to a JavaScript error: resource://gre/modules/LoginManagerParent.jsm, line 136: TypeError: gRecsipeManager is null
ynchronous message for:" "http://localhost:8081"
console.warn: LoginRecipes: "getRecipes: fallJavaScriping back to a synchronous tmessage for:" "http://localhost:8081"
 error: resource://gre/modules/LoginManagerParent.jsm, line 136: TypeError: gRecipeManager is null
console.warn: LoginRecipes: "getRecipes: falling back to a synchronous message for:" "http://localhost:8081"
JavaScript error: resource://gre/modules/LoginManagerParent.jsm, line 136: TypeError: gRecipeManager is null
console.warn: LoginRecipes: "getRecipes: fallinJavaScript eg back to a synchronous message for:rror: re" "http://localhost:8081"
source://gre/modules/LoginManagerParent.jsm, line 136: TypeError: gRecipeManager is null
console.warn: LoginRecipes: "getRecipes: falling back toJavaScript error: resource://gre/ a synchronous memodules/LoginMssage for:" "hanattp://localgerParent.jhost:8081"
sm, line 136: TypeError: gRecipeManager is null
console.warn: LoginRecipes: "getRecipes: falling back to aJavaScript error:  synchronouresource:s message for:" "http://localhost:8081"
//gre/modules/LoginManagerParent.jsm, line 136: TypeError: gRecipeManager is null
console.warn: LoginRecipes: "getRecipes: falling back to a synJchronous message for:" "http://localhost:8081"
avaScript error: resource://gre/modules/LoginManagerParent.jsm, line 136: TypeError: gRecipeManager is null
console.warn: LoginRecipes: "getJavaScript error: resource://gre/modules/LoginManagerParent.jRecipes: fasm, line 136: TypeError: gRecipeManager is null
lling back to a synchronous message for:" "http://localhost:8081"
console.warn: LoginRecipes: "getRecipes: falling back to a syncJavaScript error: resource://gre/modules/LoginManagerParent.jsm, line 136: TypeError: gRecipeManager is null
hronous message for:" "http://localhost:8081"
console.warn: LoginRecipes: "getRecipes: falling JavaSback to a synchronous mcript erroessage for:" "http://localhost:8081"
r: resource://gre/modules/LoginManagerParent.jsm, line 136: TypeError: gRecipeManager is null
console.warn: LoginRecipes: "getRecipes: falling back to a synchronous message for:"JavaScript "http://localhost:8081"
 error: resource://gre/modules/LoginManagerParent.jsm, line 136: TypeError: gRecipeManager is null
console.warn: LoginRecipes: "getRecipes: falling back to a synchronous message for:" "hJavaScript ttp://localhost:8081error: res"
ource://gre/modules/LoginManagerParent.jsm, line 136: TypeError: gRecipeManager is null
console.warn: LoginRecipes: "getRecipes: falling back to a synchronous message JavaScrfor:" "http://localhost:8081"
ipt error: resource://gre/modules/LoginManagerParent.jsm, line 136: TypeError: gRecipeManager is null
console.warn: LoginRecipes: "getRecipes: falling back tJavaScript error: resource://gre/modules/LoginManagerParent.jso a synchronous message for:" "httm, line 136: TypeError: gRecipeManagep://locr is null
alhost:8081"
console.warn: LoginRecipes: "getRecipes: falling back to aJavaScript error: r synchronoesource:/us message for:" "http://localhost:8081"
/gre/modules/LoginManagerParent.jsm, line 136: TypeError: gRecipeManager is null
console.warn: LoginRecipes: "getRecipes: falling back to a synchronous message for:" "http://localhost:8081"
JavaScript error: resource://gre/modules/LoginManagerParent.jsm, line 136: TypeError: gRecipeManager is null
console.warn: LoginRecipes: "getRecipes: falling back to a synchronous message for:" "JavaScript error: resource://gre/modules/LoginManagerParent.jsm, line 136: TypeError: gRecipeManager is null
http://localhost:8081"
console.warn: LoginRecipes: "getRecipes: falling back to a synchronous message for:" "http://localhost:80JavaScript e81"
rror: resource://gre/modules/LoginManagerParent.jsm, line 136: TypeError: gRecipeManager is null
console.warn: LoginRecipes: "getRecipes: falling back to a synchronous message for:" "http://locJavaScralhost:i8081"pt error:
 resource://gre/modules/LoginManagerParent.jsm, line 136: TypeError: gRecipeManager is null
console.warn: LoginRecipes: "getRecipes: falling back to a synchronous message for:" "htJavaScript error: resoutp://localhost:8081"
rce://gre/modules/LoginManagerParent.jsm, line 136: TypeError: gRecipeManager is null
console.warn: LoginRecipes: "getRecipes: falling back tJavaScript error: resource:o a synchro//gre/modulesnous messag/LoginManagerPare for:" "htent.jsm, line 136: TypeError: gRecipeManager is null
tp://localhost:8081"
console.warn: LoginRecipes: "getRecipes: faJavaScript error: resource://gre/modules/LoginManagerParent.jsm, line 136: TypeError: gRecipeManager is null
lling back to a synchronous message for:" "http://localhost:8081"
console.warn: LoginRecipes: "getRecipes: falling back to a synchronous message for:" "http://localhost:8081"
JavaScript error: resource://gre/modules/LoginManagerParent.jsm, line 136: TypeError: gRecipeManager is null
console.warn: LoginRecipes: "getRecipes: falling back to a syJnchronous message for:" "httpavaScript: //localhost:8081"
error: resource://gre/modules/LoginManagerParent.jsm, line 136: TypeError: gRecipeManager is null
console.warn: LoginRecipes: "getRecipes: falling back to a synJavaScript error: resource:/chronous me/gre/modules/LoginManagerParent.jsm, line 136: TypeError:ssage for:" "http://localhost:8081"
 gRecipeManager is null
console.warn: LoginRecipes: "getRecipes: fJavaScript error: resource://gre/modules/LoginManaalling back to a synchronous messagerParent.jsge for:"m, line 13 "http://localhos6: TypeError: gRt:8081"
ecipeManager is null
console.warn: LoginRecipes: "getRecipes: falling bacJavaScript error: resk to a synchronous message for:" "http://localhost:8081"
ource://gre/modules/LoginManagerParent.jsm, line 136: TypeError: gRecipeManager is null
console.warn: LoginRecipes: "getRecipes:JavaScript e falling back rror: resource://gre/moduto la synchronous message for:"es/L "http://localogihost:nManage808rParent.jsm, line 131"
6: TypeError: gRecipeManager is null
console.warn: LoginRecipes: "getRecipes: falling back to a synchJavaScript errorr: resource:/onous message for:" "http://localhost:8081"/gre/modu
les/LoginManagerParent.jsm, line 136: TypeError: gRecipeManager is null
console.warn: LoginRecipes: "getRecipes: falling back JavaScript errto a synor: resource://gre/modules/LoginManagerPachronous merent.jsm, line 136: ssage for:TypeError: g" "http://RecipeManager is null
localhost:8081"
console.warn: LoginRecipes: "getRecipes: falling back to a synchronous message for:" "http://localhost:8081"
JavaScript error: resource://gre/modules/LoginManagerParent.jsm, line 136: TypeError: gRecipeManager is null
console.warn: LoginRecipes: "getRecipes: falling Jaback to a synchronous message for:" "http://localhost:vaScript er8081"
ror: resource://gre/modules/LoginManagerParent.jsm, line 136: TypeError: gRecipeManager is null
console.warn: LoginRecipes: "getRecipes: falling back to a sJavaScript eynchronous mesrror: resource://gre/modules/LoginManagerParent.jsm, line 136: Tsage for:" "http://localhost:8081"
ypeError: gRecipeManager is null
console.warn: LoginRecipes: "getRecipes: falling back to a synchronous message for:" "http://localhost:8081"
JavaScript error: resource://gre/modules/LoginManagerParent.jsm, line 136: TypeError: gRecipeManager is null
console.warn: LoginRecipes: "getRecipes: falling back to a synchronous message for:" "http://JavaScript error: resource://gre/modulocalhost:8081"
les/LoginManagerParent.jsm, line 136: TypeError: gRecipeManager is null
console.warn: LoginRecipes: "getRecipes: falling back to a synchronous message for:" "http://localhost:8081"
JavaScript error: resource://gre/modules/LoginManagerParent.jsm, line 136: TypeError: gRecipeManager is null
console.warn: LoginRecipes: "getRecipes: falling back to a synchronous messJavaScage forript error: resource://gr:" "http://localhost:8081"
e/modules/LoginManagerParent.jsm, line 136: TypeError: gRecipeManager is null
console.warn: LoginRecipes: "getRecipes: falling backJa to a synchronovaScript error: resourceus message for:" "http://localhost:8081"
://gre/modules/LoginManagerParent.jsm, line 136: TypeError: gRecipeManager is null
console.warn: LoginRecipes: "getRecipes: falling back to a synchronous message for:" "http://localhost:8081"
JavaScript error: resource://gre/modules/LoginManagerParent.jsm, line 136: TypeError: gRecipeManager is null
console.warn: LoginRecipes: "getRecipes: falling back to a synchronous message for:" "http://localhost:8081"
JavaScript error: resource://gre/modules/LoginManagerParent.jsm, line 136: TypeError: gRecipeManager is null
console.warn: LoginRecipes: "getRecipes: falling baJavaScript error: resource://gre/modules/LoginManagerParent.jsm, line 136: Typck to a eError: gRecipesynchronousManager is null
 message for:" "http://localhost:8081"
console.warn: LoginRecipes: "getRecipes: falling back to a synchroJavaScript error: resource://gre/modules/LoginMannous message for:" "http://localhost:8081"
agerParent.jsm, line 136: TypeError: gRecipeManager is null
console.warn: LoginRecipes: "getRecipes: falling back to a synchronous message for:" "http://localhost:8081"
JavaScript error: resource://gre/modules/LoginManagerParent.jsm, line 136: TypeError: gRecipeManager is null
console.warn: LoginRecipes: "getRecipes: falling back to a synchronous message for:" "http://localhost:8081"
JavaScript error: resource://gre/modules/LoginManagerParent.jsm, line 136: TypeError: gRecipeManager is null
console.warn: LoginRecipes: "getRecipes: falling back to a synchroJavaScript error: resource://gre/modules/LoginManous mnagerParent.jsm, line 136: TypeError: gRecipeManager is null
essage for:" "http://localhost:8081"
console.warn: LoginRecipes: "getRecipes: falling back toJavaScript error: a synchrono resource://gre/modules/LoginManagerPaus messagrent.jsm, linee for:" "http://localho 136: TypeError: gRecipeManager is null
st:8081"
console.warn: LoginRecipes: "getRecipes: falling back to a synchronous message for:" "http://localhost:JavaScript error: resource://gre/modules/LoginManagerParent.jsm, line 136: TypeError: gRecipeManager is null
8081"
console.warn: LoginRecipes: "getRecipes: falling back to a synchronJavaScript error: resous message for:" "http:/ource://gre//localhost:8081modules/L"
oginManagerParent.jsm, line 136: TypeError: gRecipeManager is null
console.warn: LoginRecipes: "getRecipes: falling Jback to avaScript error: resource://gre/modules/LoginManagerParent.jsm, a slinynchronous message for:" "http://localhost:8081"
e 136: TypeError: gRecipeManager is null
console.warn: LoginRecipes: "getRecipes: falling JavaScript error: resource:back to a synchronous message for:" "http://localhost:8081"
//gre/modules/LoginManagerParent.jsm, line 136: TypeError: gRecipeManager is null
console.warn: LoginRecipes: "getRecipes: falling back to a synchronous message for:"JavaScript er "http://locaror: resource://gre/modules/LoginManagerParent.jsm, line 136: TypeError: gRecipeManager is null
lhost:8081"
console.warn: LoginRecipes: "getRecipes: falling back to a synchronous message for:" "http://localhost:8081"
JavaScript error: resource://gre/modules/LoginManagerParent.jsm, line 136: TypeError: gRecipeManager is null
console.warn: LoginRecipes: "getRecipes: falling back to a synchronousJavaScript error: r message esource://gre/modules/LoginManagerParent.jsm, line 136: TypeError: gRecipeManagfor:" "httper is null
://localhost:8081"
console.warn: LoginRecipes: "getRecipes: falling back to a synchJavaScript ronous messerror: resource:age for:" "ht//gre/modutp://localholes/LoginManagerParent.jsm, line 136: TypeError: gRecipeManager isst:80 null
81"
console.warn: LoginRecipes: "getRecipes: falling back to a synchronous message for:" "http://JavlaScrocipt error: resource://gre/modules/LoginManagerParent.jsm, line 136: TypeError: gRecipeManager is null
alhost:8081"
console.warn: LoginRecipes: "getRecipes: falling back to a synchrJavaScript eonous message for:rror: reso" "http://localhost:8081"
urce://gre/modules/LoginManagerParent.jsm, line 136: TypeError: gRecipeManager is null
console.warn: LoginRecipes: "getRecipes: falling back to JavaScript error: resource://gra synchre/modules/LoginManagerParonous message for:" "http://localhost:8081"
ent.jsm, line 136: TypeError: gRecipeManager is null
console.warn: LoginRecipes: "getRecipes: falling back to a synchronous message for:" "http://localhost:8081"
JavaScript error: resource://gre/modules/LoginManagerParent.jsm, line 136: TypeError: gRecipeManager is null
console.warn: LoginRecipes: "getRecipes: falling back to a synchronoJavaScript error: us message foresource://gre/modules/LoginManagerParent.jsr:" "http://localhost:8081"
m, line 136: TypeError: gRecipeManager is null
console.warn: LoginRecipes: "getRecipes: falling back to a synchronous message for:" "http://localhost:8081"
JavaScript error: resource://gre/modules/LoginManagerParent.jsm, line 136: TypeError: gRecipeManager is null
console.warn: LoginRecipes: "getRecipes: falling back to a synchronJavaScript error: rous message for:" "http://localhost:8081"
esource://gre/modules/LoginManagerParent.jsm, line 136: TypeError: gRecipeManager is null
console.warn: LoginRecipes: "getRecipes: falling back to a syncJavaScript error: resource://gre/modules/LoginManagerParent.jsm, line 136: TypeError: gRecipeManager hronous message for:" "http://localhost:8081"
is null
console.warn: LoginRecipes: "getRecipes: falling back to a synchronous message for:" "http://localhost:8081"
JavaScript error: resource://gre/modules/LoginManagerParent.jsm, line 136: TypeError: gRecipeManager is null
console.warn: LoginRecipes: "getRecipes: falling back to a synJavaScripchronous message for:" "http://localhost:8081"
t error: resource://gre/modules/LoginManagerParent.jsm, line 136: TypeError: gRecipeManager is null
console.warn: LoginRecipes: "getRecipes: falling JavaScript error: resouback to a syrce://gre/nchronous mmodules/LoginManagerParent.jsm, line 136: Typeessage for:Error: gReci" "http://lpeManager is null
ocalhost:8081"
console.warn: LoginRecipes: "getRecipes: falling back to a synchronous message for:" "http://localhost:8081"
JavaScript error: resource://gre/modules/LoginManagerParent.jsm, line 136: TypeError: gRecipeManager is null
console.warn: LoginRecipes: "getRecipes: falling back to a synchronous message for:" "http://localhost:8081"
JavaScript error: resource://gre/modules/LoginManagerParent.jsm, line 136: TypeError: gRecipeManager is null
console.warn: LoginRecipes: "getRecipes: falling back to a synchronous message for:" "http://localhost:8081"
JavaScript error: resource://gre/modules/LoginManagerParent.jsm, line 136: TypeError: gRecipeManager is null
console.warn: LoginRecipes: "getRecipes: falling back to a synchronous message for:" "htJavaScripttp://localh error: resource://gre/most:8081"
odules/LoginManagerParent.jsm, line 136: TypeError: gRecipeManager is null
console.warn: LoginRecipes: "getRecipes: fJavaScript error: resource://gre/modules/LoginManagerParent.jsm, line 136: TypeError: gRecipeManager is null
alling back to a synchronous message for:" "http://localhost:8081"
console.warn: LoginRecipes: "getRecipes: falling back to a synchronous message for:" "http://locaJavaScript error: lhost:8081"
resource://gre/modules/LoginManagerParent.jsm, line 136: TypeError: gRecipeManager is null
console.warn: LoginRecipes: "getRecipes: falling backJavaScript er to a synror: resouchronous message for:" "http://localhost:8081"
rce://gre/modules/LoginManagerParent.jsm, line 136: TypeError: gRecipeManager is null
console.warn: LoginRecipes: "getRecipes: falling back to a synchronoJavaScript error: resource://gre/modulus message for:" "http:es/LoginM//locanaagerParent.ljsm, line 13host:8081"
6: TypeError: gRecipeManager is null
console.warn: LoginRecipes: "getRecipes: falling back to a synchronous message for:" "http://localhost:8081"
JavaScript error: resource://gre/modules/LoginManagerParent.jsm, line 136: TypeError: gRecipeManager is null
console.warn: LoginRecipes: "getRecipes: falling back to a synchronous message JavaScript erfror: resource://greo/modulesr/:" "httLoginManagerPp://localhost:8081"
arent.jsm, line 136: TypeError: gRecipeManager is null
console.warn: LoginRecJavaScript eripes: "getRecipes: falling back to a synror: recsourhronous message for:" "http://localhosce://gre/mot:8081"
dules/LoginManagerParent.jsm, line 136: TypeError: gRecipeManager is null
console.warn: LoginRecipes: "getRecipes: falling bJavaScript error: resource://gre/modules/LoginManagerParent.jsm, line 136: TypeError: gRecipeManager is null
ack to a synchronous message for:" "http://localhost:8081"
console.warn: LoginRecipes: "getRecipes: falling back to a synchronous message for:" "http://localhost:8081"
JavaScript error: resource://gre/modules/LoginManagerParent.jsm, line 136: TypeError: gRecipeManager is null
console.warn: LoginRecipes: "getRecipes: falling back to a synchronouJavs aScript error: resource://gre/modules/LoginManagerParent.jsm, line 136: TypeError: gRecipeManager is null
message for:" "http://localhost:8081"
console.warn: LoginRecipes: "getRecipes: falling back to a synchronJavaScripous messaget error: resource://gre/modules/LoginManagerParent.jsm, line 136: TypeError: gRecipeManager is null
 for:" "http://localhost:8081"
console.warn: LoginRecipes: "getRecipes: fallingJavaScript err or: resoback to a syncurce://gre/modules/LoginManagerParent.jsm, line 136: TypeError: gRecipehronous message for:" "http://localhost:8081"
Manager is null
console.warn: LoginRecipes: "getRecipes: falling back to a synchronous message JavaScript error: resource://gre/modules/LoginManagerParent.jsm, line 136: TypeError: gRecipeManager is nufor:" "httpll
://localhost:8081"
console.warn: LoginRecipes: "getRecipes: falling back to a synchronous messJavaScript error: resource://gre/modules/LoginManagerParent.jsm, line 136: TypeError: gRecipaegMeanager is null 
for:" "http://localhost:8081"
console.warn: LoginRecipes: "getRecipes: falling back to a synchronJavaScript error: resource://gre/modules/LoginMaonagerPareunt.jsm, lisn e 136: TmypeError: gRecipeessage foManager is nr:" "http:ull//localhos
t:8081"
console.warn: LoginRecipes: "getRecipes: falling back to a synchronous message for:" "http://localhost:8081"
JavaScript error: resource://gre/modules/LoginManagerParent.jsm, line 136: TypeError: gRecipeManager is null
console.warn: LoginRecipes: "getRecipes: falling back tJavaScrio a synchrpt error: resource://gre/modules/LoginManagerParent.jsm, line 136: TypeError: gRecipeManager ionous message for:" "http://localhost:8081"
s null
console.warn: LoginRecipes: "getRecipes: falling back to a synchronous message for:" "http://localhost:8081"
JavaScript error: resource://gre/modules/LoginManagerParent.jsm, line 136: TypeError: gRecipeManager is null
console.warn: LoginRecipes: "getRecipes: faJavaScript erlling back to a synchronous message foror: resourr:" "http://localhost:8081"
ce://gre/modules/LoginManagerParent.jsm, line 136: TypeError: gRecipeManager is null
console.warn: LoginRecipes: "getRecipes: falling back to a synchronous message for:" "http://localhost:8081"
JavaScript error: resource://gre/modules/LoginManagerParent.jsm, line 136: TypeError: gRecipeManager is null
console.warn: LoginRecipes: "getRecipes:JavaScript falling back t error: resourco a synchronous message for:" "http://localhost:8081"
e://gre/modules/LoginManagerParent.jsm, line 136: TypeError: gRecipeManager is null
console.warn: LoginRecipes: "getRecipes: falling back to a synchronous message for:" "http://localhost:8081"
JavaScript error: resource://gre/modules/LoginManagerParent.jsm, line 136: TypeError: gRecipeManager is null
console.warn: LoginRecipes: "getRecipes: falling back tJavaScript error: resource://gre/modules/LoginManagerParent.jsm, line 136: TypeError: gRecipeManager is null
o a synchronous message for:" "http://localhost:8081"
console.warn: LoginRecipes: "getRecipes: falling back to a synchronous message for:" "htJavaScript etp://localhrror: resourost:8081"
ce://gre/modules/LoginManagerParent.jsm, line 136: TypeError: gRecipeManager is null
console.warn: LoginRecipes: "getRecipes: falling JavaScript error: resource://gre/modules/LoginManagerParent.jsm, line 136: TypeError: gRecipeManager back to a synchris null
onous message for:" "http://localhost:8081"
console.warn: LoginRecipes: "getRecipes: falling back to a synchronous message for:" "http://localhost:8081"
JavaScript error: resource://gre/modules/LoginManagerParent.jsm, line 136: TypeError: gRecipeManager is null
console.warn: LoginRecipes: "getRecipes: falling back to a sJavaScript error: resynchronous message for:" "http://localhost:8081"
ource://gre/modules/LoginManagerParent.jsm, line 136: TypeError: gRecipeManager is null
console.warn: LoginRecipes: "getRecipes: falling back to a synchronous messageJavaScript for:" "http://localhost:8081"
 error: resource://gre/modules/LoginManagerParent.jsm, line 136: TypeError: gRecipeManager is null
console.warn: LoginRecipes: "getRecipes: falliJavaScript error: resource://gre/modules/LoginManagerParent.jsm, line 136: TypeError: gRecipeManager is null
ng back to a synchronous message for:" "http://localhost:8081"
console.warn: LoginRecipes: "getRecipes: falling back to a synchronous message for:" "http://localhost:8081"
JavaScript error: resource://gre/modules/LoginManagerParent.jsm, line 136: TypeError: gRecipeManager is null
console.warn: LoginRecipes: "getRecipes: falling back to a syJavaScrnipt error: resource://gre/modcules/LoginManagerParehnrtonous messa.ge for:" "hjttsm, line p136: :TypeError:/ gRecipeManager is/loc nalhull
ost:8081"
console.warn: LoginRecipes: "getRecipes: falling back to aJavaScript  synchronerror: resource://greous message for:" "http://localhost:808/modules/LoginManagerParent.jsm, line 136: TypeError: gRecipeManager is null
1"
console.warn: LoginRecipes: "getRecipes: falling back to a synchronous message for:" "http://localhost:8081"
JavaScript error: resource://gre/modules/LoginManagerParent.jsm, line 136: TypeError: gRecipeManager is null
console.warn: LoginRecipes: "getRecipes: falling back to a synchronous message for:" "http://localhost:8081"
JavaScript error: resource://gre/modules/LoginManagerParent.jsm, line 136: TypeError: gRecipeManager is null
console.warn: LoginRecipes: "getRecipes: falling back to a synchronous message for:" "http://localhost:8081"
JavaScript error: resource://gre/modules/LoginManagerParent.jsm, line 136: TypeError: gRecipeManager is null
console.warn: LoginRecipes: "getRecipes: falling back to a synchronous message for:" "htJavaScritp://localhost:8081"
pt error: resource://gre/modules/LoginManagerParent.jsm, line 136: TypeError: gRecipeManager is null
console.warn: LoginRecipes: "getRecipes: falling back to a synchronousJavaScript error: reso messaurce://gre/modules/LoginManagerParent.jsm, ge for:" "http://localhost:8081"
line 136: TypeError: gRecipeManager is null
console.warn: LoginRecipes: "getRecipes: falling back to a synchronous message for:" "http://localhost:8081"
JavaScript error: resource://gre/modules/LoginManagerParent.jsm, line 136: TypeError: gRecipeManager is null
console.warn: LoginRecipes: "getRecipes: falling back to a sJavaScript eynchronous message for:" "http://localhost:8081"
rror: resource://gre/modules/LoginManagerParent.jsm, line 136: TypeError: gRecipeManager is null
console.warn: LoginRecipes: "getRecipes: falling back to a syncJavaScript hronous meerror: resource://gre/modules/LoginManagerParent.jsm, line 136: TypeError: gRecipeManager is null
ssage for:" "http://localhost:8081"
console.warn: LoginRecipes: "getRecipes: falling back to a synchronous messaJavaScript ge for:" error: resource://gre/modules/LoginManagerParent.jsm, line 136: TypeError: gRecipeManager is null
"http://localhost:8081"
console.warn: LoginRecipes: "getRecipes: falling back to a synchronous message for:" "http://localhost:8081"
JavaScript error: resource://gre/modules/LoginManagerParent.jsm, line 136: TypeError: gRecipeManager is null
console.warn: LoginRecipes: "getRecipes: falling back to a synchronousJavaScript error: resource://gre/modules/LoginManagerParent.jsm, line 136: TypeError: gRecipeManager is null
 message for:" "http://localhost:8081"
console.warn: LoginRecipes: "getRecipes: falliJavaScript error: resource://gre/modules/Lng back oginManagerto Para synchronous message for:" "http://localhost:8081"
ent.jsm, line 136: TypeError: gRecipeManager is null
console.warn: LoginRecipes: "getRecipes: falling back to a synchronous message for:" "http://localhost:8081"
JavaScript error: resource://gre/modules/LoginManagerParent.jsm, line 136: TypeError: gRecipeManager is null
console.warn: LoginRecipes: "getRecipes: falling back to a synchronJavaScript eous messagrror: resource://gre/modules/Loe for:" "http://localhost:8081"
ginManagerParent.jsm, line 136: TypeError: gRecipeManager is null
console.warn: LoginRecipes: "getRecipes: falling back tJavaScript error: resource://gre/modules/LoginManagerParent.jsm, line 136: TypeError: gRecipeManager io a synchrs null
onous message for:" "http://localhost:8081"
console.warn: LoginRecipes: "getRecipes: falling back to a sJavaScript eynchronous message for:" "http://localhost:8081"
rror: resource://gre/modules/LoginManagerParent.jsm, line 136: TypeError: gRecipeManager is null
console.warn: LoginRecipes: "getRecipes: falling back to a synchronous mJavaScriptessage for:" "http://localhost:8081"
 error: resource://gre/modules/LoginManagerParent.jsm, line 136: TypeError: gRecipeManager is null
console.warn: LoginRecipes: "getRecipes: falling baJavaScript error: resource://gre/modules/LoginManagerParent.jsm, line 136: TypeError: gRecipeMancak to a synchronous message for:" "http://localhost:8081"ger is null

console.warn: LoginRecipes: "getRecipes: fallinJavaScript erg bror: resource://gre/modules/LoginManagerParent.jsm, line 136: TypeError: gRecipeManager is null
ack to a synchronous message for:" "http://localhost:8081"
console.warn: LoginRecipes: "getRecipes: falling back to a syncJavaScript error: resource://gre/modules/LoginManagerParent.jsm, line 136: TypeError: gRecipeManager is null
hronous message for:" "http://localhost:8081"
console.warn: LoginRecipes: "getRecipes: falling back to JavaScript a synchronous error: resmessage for:" "http://localhost:8081"
ource://gre/modules/LoginManagerParent.jsm, line 136: TypeError: gRecipeManager is null
console.warn: LoginRecipes: "getRecipes: falling back to a synchronous message for:" "http://localhost:8081"
JavaScript error: resource://gre/modules/LoginManagerParent.jsm, line 136: TypeError: gRecipeManager is null
console.warn: LoginRecipes: "getRecipes: falling back to a synchronous message for:" "http://localhoJavaScript error: resourcst:8081"
e://gre/modules/LoginManagerParent.jsm, line 136: TypeError: gRecipeManager is null
console.warn: LoginRecipes: "getRecipes: falling back to a synchronous messaJavaScript ege for:" "httprror: resource://gre/modules/LoginManagerParent.jsm, line 136: TypeErr://localhost:80or: gRecipeManager is null
81"
console.warn: LoginRecipes: "getRecipes: falling back to a synchronous message for:" "http://localhost:8081"
JavaScript error: resource://gre/modules/LoginManagerParent.jsm, line 136: TypeError: gRecipeManager is null
console.warn: LoginRecipes: "getRecipes: fallJavaScript ing back to a synchronous message foerror: resor:" "http://locaulhost:8081"
rce://gre/modules/LoginManagerParent.jsm, line 136: TypeError: gRecipeManager is null
console.warn: LoginRecipes: "getRecipes: falling back to a synchronous message for:" "http://localhost:8081"
JavaScript error: resource://gre/modules/LoginManagerParent.jsm, line 136: TypeError: gRecipeManager is null
console.warn: LoginRecipes: "getRecipes: falling back to a synchronous message for:" "http://localhosJavaScript error: resource://gre/modules/LoginManagerParent.jsm, line 136: Typt:8081"
eError: gRecipeManager is null
console.warn: LoginRecipes: "getRecipes: fallingJavaScript er back to a syncror: resourhronous message ce://gre/modfor:" "http://localhost:8081"ules/LoginM
anagerParent.jsm, line 136: TypeError: gRecipeManager is null
console.warn: LoginRecipes: "getRecipes: falling back to aJavaScript error: resource://gre/modules/LoginManagerParent.jsm, line 136: TypeError: gRecipeManager is null
 synchronous message for:" "http://localhost:8081"
console.warn: LoginRecipes: "getRecipes: falling back to a synchronouJavaScript errors message for:" "http://localhost:8081"
: resource://gre/modules/LoginManagerParent.jsm, line 136: TypeError: gRecipeManager is null
console.warn: LoginRecipes: "getRecipes: falling bacJavaScript error: resource://gre/modules/LoginManagerParent.jsmk to a synchr, line 13onous message for:" "h6ttp://localhost:8081": TypeError: gRecipeMa
nager is null
console.warn: LoginRecipes: "getRecipes: falling back to a synJavaScript error: resource://gre/modules/LoginManagerParent.jsm, line 136: TypeError: gRecipeManager is null
chronous message for:" "http://localhost:8081"
console.warn: LoginRecipes: "getRecipes: falling back to a synchronous message for:" "http://localhost:8081"
JavaScript error: resource://gre/modules/LoginManagerParent.jsm, line 136: TypeError: gRecipeManager is null
console.warn: LoginRecipes: "getRecipes: falling back to a synchronous messageJavaScript error: for:" "http://localhost:8081"
 resource://gre/modules/LoginManagerParent.jsm, line 136: TypeError: gRecipeManager is null
console.warn: LoginRecipes: "getRecipes: falling back to a synchronous message for:" "http://localhost:8081"
JavaScript error: resource://gre/modules/LoginManagerParent.jsm, line 136: TypeError: gRecipeManager is null
console.warn: LoginRecipes: "getRecipes: falling back to a synchronous message for:" "http://localhost:8081"
JavaScript error: resource://gre/modules/LoginManagerParent.jsm, line 136: TypeError: gRecipeManager is null
console.warn: LoginRecipes: "getRecipes: falling back toJavaScript error: resource://gre/modules/LoginManagerParent.jsm, line 136: TypeError: gRecipeManager is null
 a synchronous message for:" "http://localhost:8081"
console.warn: LoginRecipes: "getRecipes: falling back to a synchronous message for:" "http://localhost:8081"
JavaScript error: resource://gre/modules/LoginManagerParent.jsm, line 136: TypeError: gRecipeManager is null
console.warn: LoginRecipes: "getRecipes: fJavaScript error: resource://gre/modualling back to a synchronoles/LoginManuags messaege for:" "http://localhostrPa:8081"
rent.jsm, line 136: TypeError: gRecipeManager is null
console.warn: LoginRecipes: "getRecipes: falling back to a synchronous mJavaScript error: resource://gre/modules/LoginManagerParent.jsm, line 136: TypeError: gRecipeManager is null
essage for:" "http://localhost:8081"
console.warn: LoginRecipes: "getRecipes: falling back to a synchrJavaScript error: resource://gre/modules/LoginManagerParent.jsm, line 136: TypeError: gRecipeManager is null
onous message for:" "http://localhost:8081"
console.warn: LoginRecipes: "getRecipes: falling back to a JavaScript error: resource://gre/modules/LoginManagerParent.jsm, line 136: TypeError: gRecipeManager is null
synchronous message for:" "http://localhost:8081"
console.warn: LoginRecipes: "getRecipes: fallinJavaScript error: resource://gre/modules/LoginManagerParent.jsm, line 136: TypeError: gRecipeManager is null
g back to a synchronous message for:" "http://localhost:8081"
console.warn: LoginRecipes: "getRecipes: falling bJavaScript error: resource://gre/modules/LoginManagerParent.jsm, line 136: TypeError: gRecipeManager is null
ack to a synchronous message for:" "http://localhost:8081"
console.warn: LoginRecipes: "getRecipes: falling back to a synchronous message for:" "http://localhost:8081"
JavaScript error: resource://gre/modules/LoginManagerParent.jsm, line 136: TypeError: gRecipeManager is null
console.warn: LoginRecipes: "getRecipes: falling back to a synchronous messagJavaScript ee for:" "http://localhost:8081"
rror: resource://gre/modules/LoginManagerParent.jsm, line 136: TypeError: gRecipeManager is null
console.warn: LoginRecipes: "getRecipes: falling back to a synchJavaScript error: resource://gre/modules/LoginManagerParent.jsm, line 136: TypeError: gRecipeManager is null
ronous message for:" "http://localhost:8081"
console.warn: LoginRecipes: "getRecipes: falling back to a synchronous message for:" "http://localhost:8081"
JavaScript error: resource://gre/modules/LoginManagerParent.jsm, line 136: TypeError: gRecipeManager is null
console.warn: LoginRecipes: "getRecipes: falling back to a synchronous message for:" "http://localhost:80JavaScript 81"
error: resource://gre/modules/LoginManagerParent.jsm, line 136: TypeError: gRecipeManager is null
console.warn: LoginRecipes: "getRecipes: faJavaSlling back to a synchroncript error: resource://gre/modules/LoginManagerParent.jsm, line 136: TypeError: gRecipeManager is null
ous message for:" "http://localhost:8081"
console.warn: LoginRecipes: "getRecipes: falling back to a synchronous message for:" "http://localhost:8081"
JavaScript error: resource://gre/modules/LoginManagerParent.jsm, line 136: TypeError: gRecipeManager is null
console.warn: LoginRecipes: "getRecipes: falling back to a synchroJavaScript enous message for:" "http://localhost:8081"
rror: resource://gre/modules/LoginManagerParent.jsm, line 136: TypeError: gRecipeManager is null
console.warn: LoginRecipes: "getRecipes: falling back to a synJavaScript error: resource://gre/modules/LoginManagerParent.jsm, line 136: TypeError: gRecipeManager is null
chronous message for:" "http://localhost:8081"
console.warn: LoginRecipes: "getRecipes: falling back to a synchronousJavaScript error: resource://gre/modules/LoginManagerP message for:" "http://localhost:8081"
arent.jsm, line 136: TypeError: gRecipeManager is null
console.warn: LoginRecipes: "getRecipes: falJaling back to a synchronous mevsasSacgript error: resoure cfeo:r:/"/ g"http://rel/omcoadluhloesst/:L8o0g8i1n"Ma
nagerParent.jsm, line 136: TypeError: gRecipeManager is null
console.warn: LoginRecipes: "getRecipes: falling back to a synchronous message for:" "http://localhost:8081"
JavaScript error: resource://gre/modules/LoginManagerParent.jsm, line 136: TypeError: gRecipeManager is null
console.warn: LoginRecipes: JavaScript erro"r: regseotuRecipes:r cfe://grea/modulelling bas/LoginManagerParent.jsm, line c1k36: TypeError: gRecipeManager is null
 to a synchronous message for:" "http://localhost:8081"
console.warn: LoginRecipes: "getRecipes: falling back to a synchronous message for:" "http://localhost:8081"
JavaScript error: resource://gre/modules/LoginManagerParent.jsm, line 136: TypeError: gRecipeManager is null
console.warn: LoginRecipes: "getRecipes: falling back to a synchronous message for:" "http://localhost:8081"
JavaScript error: resource://gre/modules/LoginManagerParent.jsm, line 136: TypeError: gRecipeManager is null
console.warn: LoginRecipes: "getRecipes: falling back to a synchronous mesJavaScript error: resource://gre/modules/LoginManagerParent.jsm, line 136: TypeError: gRecipeManasage foger is nullr:" "http://localhost:8081"

console.warn: LoginRecipes: "getRecipes: falling back to a synchronJavaScript error: resource://gre/modules/LoginManagerParent.jsm, line 136: TypeError: gRecipeManager is null
ous message for:" "http://localhost:8081"
console.warn: LoginRecipes: "getRecipes: falling back to a synchronous message for:" "http://localhost:8081"
JavaScript error: resource://gre/modules/LoginManagerParent.jsm, line 136: TypeError: gRecipeManager is null
console.warn: LoginRecipes: "getRecipes: falling back to a synchronous meJavaScript error: resource://gre/modules/LoginManagerParent.jsm, line 136: TypeError: gRecipeManager is null
ssage for:" "http://localhost:8081"
console.warn: LoginRecipes: "getRecipes: falling back to a synchronous message for:" "http://localhost:8081"Jav
aScript error: resource://gre/modules/LoginManagerParent.jsm, line 136: TypeError: gRecipeManager is null
console.warn: LoginRecipes: "getRecipes: falling bJavaScript error: resoack to aurce://gre/modules/LoginManagerParent.jsm, line 136: TypeError: gRecipeManager is null
 synchronous message for:" "http://localhost:8081"
console.warn: LoginRecipes: "getRecipes: falling back to a synchronous mJavaScript error: resource://gre/modules/LoginManagerParent.jsm, line 136: TypeError: gRecipeManager is null
essage for:" "http://localhost:8081"
console.warn: LoginRecipes: "getRecipes: falling back tJavaScript error: resource://gre/modules/LoginManagerParent.jsm, line 136: TypeError: gRecipeManager is null
o a synchronous message for:" "http://localhost:8081"
console.warn: LoginRecipes: "getRecipes: falling back to a synchronous message forJavaScrip:" "http://ltocalhost:80 81"
error: resource://gre/modules/LoginManagerParent.jsm, line 136: TypeError: gRecipeManager is null
console.warn: LoginRecipes: "getRecipes: falling back to a sJavaScript error: resource://gre/modules/LoginManagerParent.jsm, line 136: TypeError: gRecipeManager is null
ynchronous message for:" "http://localhost:8081"
console.warn: LoginRecipes: "getRecipes: falling back toJavaScript error: resource://gre/modules/LoginManagerParent.jsm, line 136: T ypeError:a synchrono gRecipeManager is null
us message for:" "http://localhost:8081"
console.warn: LoginRecipes: "getRecipes: falling back to a synchronous message for:" "http://localhost:8081"
JavaScript error: resource://gre/modules/LoginManagerParent.jsm, line 136: TypeError: gRecipeManager is null
console.warn: LoginRecipes: "getRecipes: falling back to a synchronous message for:" "JavaScript error: resource://gre/modules/LoginManagerParent.jsm, line 136: TypeError: gRecipeManager is null
http://localhost:8081"
console.warn: LoginRecipes: "getRecipes: falling back to a synchronous message for:" "http://localhost:8081"
JavaScript error: resource://gre/modules/LoginManagerParent.jsm, line 136: TypeError: gRecipeManager is null
console.warn: LoginRecipes: "getRecipes: falling back to a synchronous message for:" "http://localhost:8081"
JavaScript error: resource://gre/modules/LoginManagerParent.jsm, line 136: TypeError: gRecipeManager is null
console.warn: LoginRecipes: "getRecipes: falling back to a synchronous messageJavaScript error: resource://gre/mod for:" "http://localhost:u8081"
les/LoginManagerParent.jsm, line 136: TypeError: gRecipeManager is null
console.warn: LoginRecipes: "getRecipes: falling back to a synchronous message for:" "http://localhost:8081"
JavaScript error: resource://gre/modules/LoginManagerParent.jsm, line 136: TypeError: gRecipeManager is null
console.warn: LoginRecipes: "getRecipes: falling back to a synchronous mesJavaScript error: resource://gre/modules/LoginManagerParent.jsm, lsagine 136: Typee for:" "http://localhost:8081"
Error: gRecipeManager is null
console.warn: LoginRecipes: "getRecipes: fallinJavaScript g back to a synchrerror: resouonous message for:" "http://localhost:8081"
rce://gre/modules/LoginManagerParent.jsm, line 136: TypeError: gRecipeManager is null
console.warn: LoginRecipes: "getRecipes: falling back to a synchronous message for:" "http://localhost:8081"
JavaScript error: resource://gre/modules/LoginManagerParent.jsm, line 136: TypeError: gRecipeManager is null
console.warn: LoginRecipes: "getRecipes: falling back to a synchronous message for:" "http://localhost:8081"
JavaScript error: resource://gre/modules/LoginManagerParent.jsm, line 136: TypeError: gRecipeManager is null
console.warn: LoginRecipes: "getRecipes: falling back to aJavaScript error: resource://gre/modules/LoginManagerParent.jsm, line 136: TypeError: gRecipeManager i synchros null
nous message for:" "http://localhost:8081"
console.warn: LoginRecipes: "getRecipes: falling back to a synchronous message for:" "JavaScript erhttp://localhost:8081"
ror: resource://gre/modules/LoginManagerParent.jsm, line 136: TypeError: gRecipeManager is null
console.warn: LoginRecipes: "getRecipes: falling back to a synchronous message for:" "http://localhost:8081"
JavaScript error: resource://gre/modules/LoginManagerParent.jsm, line 136: TypeError: gRecipeManager is null
console.warn: LoginRecipes: "getRecipes: falling back to a synchronous message for:" "http://localhost:8081"
JavaScript error: resource://gre/modules/LoginManagerParent.jsm, line 136: TypeError: gRecipeManager is null
console.warn: LoginRecipes: "getRecipes: falling back to a synchronous message for:" "http://localhost:8081"
JavaScript error: resource://gre/modules/LoginManagerParent.jsm, line 136: TypeError: gRecipeManager is null
console.warn: LoginRecipes: "getRecipes: falling back to a synchronous meJavaScript error: resource://gre/modules/LoginManagerParent.jsm, line 136: TypeError: gRecipeManager is null
ssage for:" "http://localhost:8081"
console.warn: LoginRecipes: "getRecipes: falling back to a synchronous message for:" "http://localhost:8JavaScript error: resource://gre/modules/LoginManagerParent.jsm, line 136081"
: TypeError: gRecipeManager is null
console.warn: LoginRecipes: "getRecipes: falling back to a synchronous message for:" "http://localhost:8081"
JavaScript error: resource://gre/modules/LoginManagerParent.jsm, line 136: TypeError: gRecipeManager is null
console.warn: LoginRecipes: "getRecipes: falling bacJavaScript error: resource://gre/modules/LoginManagerParent.jsm, line 136: TypeError:k to a synchronous message for:" "http://localhost:8081"
 gRecipeManager is null
console.warn: LoginRecipes: "getRecipes: falling JavaScript error: resource://gre/modules/LoginManagerParent.jsm, line 136: TypeError: gRecipeManager is nullback to a syn
chronous message for:" "http://localhost:8081"
console.warn: LoginRecipes: "getRecipes: falling back to a synchronous message for:" "http://localhost:8081"
JavaScript error: resource://gre/modules/LoginManagerParent.jsm, line 136: TypeError: gRecipeManager is null
console.warn: LoginRecipes: "getRecipes: falling back to a synchronous message for:" "httpJavaScript error: resource://gre/modules/LoginManagerParent.jsm, line 136: TypeError: gRecipeManager is null
://localhost:8081"
console.warn: LoginRecipes: "getRecipes: fallinJavaScript error: resource://gre/modules/LoginManagerParent.jsm, line 136: TypeError: gRecipeManager is ng back ull
to a synchronous message for:" "http://localhost:8081"
console.warn: LoginRecipes: "getRecipes: falling back to a synchronous message for:" "hJavttp://localhost:8081"
aScript error: resource://gre/modules/LoginManagerParent.jsm, line 136: TypeError: gRecipeManager is null
console.warn: LoginRecipes: "getRecipes: falling back to a synchronous message for:" "http://localhost:8081"
JavaScript error: resource://gre/modules/LoginManagerParent.jsm, line 136: TypeError: gRecipeManager is null
console.warn: LoginRecipes: "getRecipes: falling back to a synchronous message for:" "http://localhoJavaScript error: resource://gre/modules/LoginManagerParent.jsm, line 136: Tst:8081ypeError"
: gRecipeManager is null
console.warn: LoginRecipes: "getRecipes: fallingJavaScri back to a synchronous messagpt error: resource://gre/modules/LoginManagerParent.jsm, line 136: Typee for:" "hError: gRecttp://localhost:8081"
ipeManager is null
console.warn: LoginRecipes: "getRecipes: falling back to a synchronous meJavaScript error: resource://gre/modules/LoginManagerParent.jsm, line 136: TypeError: gRecipeManager is null
ssage for:" "http://localhost:8081"
console.warn: LoginRecipes: "getRecipes: falling back to a synchronous message for:" "http://localhost:8081"
JavaScript error: resource://gre/modules/LoginManagerParent.jsm, line 136: TypeError: gRecipeManager is null
console.warn: LoginRecipes: "getRecipes: falling back to a synchronous message for:" "http://localhostJavaScript error: resource://gre/modules/LoginManagerParent.jsm, line 136: TypeError: g:8081"
RecipeManager is null
console.warn: LoginRecipes: "getRecipes: fallingJavaScript e back to a synchronous message for:" "http://localhost:8081"
rror: resource://gre/modules/LoginManagerParent.jsm, line 136: TypeError: gRecipeManager is null
console.warn: LoginRecipes: "getRecipes: falling back to a synchronous message for:" "http://loJavaScript error: resource://gre/modules/LoginManagerParent.jsm, licne 136: Talhost:8081"
ypeError: gRecipeManager is null
console.warn: LoginRecipes: "getRecipes: falling back to a synchronous message for:" "http://localhost:8081"
JavaScript error: resource://gre/modules/LoginManagerParent.jsm, line 136: TypeError: gRecipeManager is null
[Parent 13028, IPC I/O Parent] WARNING: file /builds/worker/checkouts/gecko/ipc/chromium/src/base/process_util_win.cc:167
[Parent 13028, IPC I/O Parent] WARNING: file /builds/worker/checkouts/gecko/ipc/chromium/src/base/process_util_win.cc:167
