1654040920883	geckodriver	INFO	Listening on 127.0.0.1:17011
console.warn: SearchSettings: "get: No settings file exists, new profile?" (new NotFoundError("Could not open the file at C:\\Users\\pabli\\AppData\\Local\\Temp\\rust_mozprofileDUC2Tu\\search.json.mozlz4", (void 0)))
console.warn: LoginRecipes: "getRecipes: falling back to a synchronous message for:" "http://localhost:8081"
console.warn: LoginRecipes: "getRecipes: falling back to a synchronous message for:" "http://lJavaScript error: resouorccae://gre/modulelhost:8081"s/Log
inManagerParent.jsm, line 136: TypeError: gRecipeManager is null
console.warn: LoginRecipes: "getRecipes: falling back to a synchronous message for:" "htJtap://localhost:8081"
vaScript error: resource://gre/modules/LoginManagerParent.jsm, line 136: TypeError: gRecipeManager is null
console.warn: LoginRecipes: "getRecipes: falling back to a synchronous message for:" "http://localhost:8081"
JavaScript error: resource://gre/modules/LoginManagerParent.jsm, line 136: TypeError: gRecipeManager is null
console.warn: LoginRecipes: "getRecipes: JfavaSalling bcriackpt er to rora synch: rersource:/o/ngore/moduules/LoginManagse rmParent.jsm, linees 136: TypeError: gRecipeManager is null
sage for:" "http://localhost:8081"
console.warn: LoginRecipes: "getRecipes: fallinJga vaScript error: resource://gre/modules/LoginbMaacnka gteor Paa rseynntc.hjrsomn,o uls meisnseage for:"  1"3h6t:t pT:y/p/elEorcraolrh:ost:8081" g
RecipeManager is null
console.warn: LoginRecipes: "getRecipes: falling back to a synchronous message forJavaScri:p"t "http://localhost:8081"
 error: resource://gre/modules/LoginManagerParent.jsm, line 136: TypeError: gRecipeManager is null
console.warn: LoginRecipes: "getRecipes: falling back tJavaScript oerror :a  rseysnchronous message forource::/" "h/tgtp:re/m//locodulalhosets:/LoginManagerPare8081"nt.j
sm, line 136: TypeError: gRecipeManager is null
console.warn: LoginRecipes: "getRecipes: falling back to a synchronous message for:" "http://lJavaScript ocalhost:8081"
error: resource://gre/modules/LoginManagerParent.jsm, line 136: TypeError: gRecipeManager is null
console.warn: LoginRecipes: "getRecipes: falling back to a synchroJavaSnouscrip mest errsageor:  foresour:" rce"htt://gp://localhost:8r081"
e/modules/LoginManagerParent.jsm, line 136: TypeError: gRecipeManager is null
console.warn: LoginRecipes: "getRecipes: JavaScfalliriptng b erracokr: res to ourca synchronous message for:" "http://localhost:8081"
e://gre/modules/LoginManagerParent.jsm, line 136: TypeError: gRecipeManager is null
console.warn: LoginRecipes: "getRecipes: falling back toJ aav asSycnchronousr impets error: ressaource://grgee for:" "h/modttp://lulesocalhos/Logit:80nMan8a1g"er
Parent.jsm, line 136: TypeError: gRecipeManager is null
console.warn: LoginRecipes: "getRecipes:Java falScripling back tt error: resouo a syrncechronous ://grmesse/moage dules/Lfor:" "http://loginMocaanaglhosterPa:808rent1"
.jsm, line 136: TypeError: gRecipeManager is null
console.warn: LoginRecipes: "getRecipes: Javfalling back atSoc rai psty necrror: resourcher:o/n/ogre/modules/Luosg imneMsasnaaggee rfPoarr:e"nt.j s"mh,t tp://localhost:8081"
line 136: TypeError: gRecipeManager is null
console.warn: LoginRecipes: "getRecipes: falling back to a synchronous message for:" J"avaScripth tterror: resop://ulrce://gre/modules/LoginoManagercalhParoesnt.jsm, line 136: TypeError: gRecipeManager is nullt
:8081"
console.warn: LoginRecipes: "getRecipes: falling back to a synchronous message for:" "http://localhost:8081"
JavaScript error: resource://gre/modules/LoginManagerParent.jsm, line 136: TypeError: gRecipeManager is null
console.warn: LoginRecipes: "getRecipes: falling back to a synchronous mesJavaScsage for:" "http://locariptlhost:8081"
 error: resource://gre/modules/LoginManagerParent.jsm, line 136: TypeError: gRecipeManager is null
console.warn: LoginRecipes: "getRecipes: falling back to a synchronous message for:" "http://locaJlahvost:a8S0c8r1i"pt
 error: resource://gre/modules/LoginManagerParent.jsm, line 136: TypeError: gRecipeManager is null
console.warn: LoginRecipes: "getRecipes: falling back to a synchronous message for:" "http://loJavaScript errocalhostr: r:8081"
esource://gre/modules/LoginManagerParent.jsm, line 136: TypeError: gRecipeManager is null
console.warn: LoginRecipes: "getRecipes: falling back to a synchronoJavaus mScressagipt error: resoure forc:e://gre/modules/" "htLogintp://ManalocalgerPhost:aren8081"t.jsm,
 line 136: TypeError: gRecipeManager is null
