1653208624532	geckodriver	INFO	Listening on 127.0.0.1:5748
console.warn: SearchSettings: "get: No settings file exists, new profile?" (new NotFoundError("Could not open the file at C:\\Users\\JOSERR~1\\AppData\\Local\\Temp\\rust_mozprofileAkpZzJ\\search.json.mozlz4", (void 0)))
console.warn: LoginRecipes: "getRecipes: falling back to a synchronous message for:" "http://localhost:8081"
console.warn: LoginRecipes: "getRecipes: falling back to a synchronous message for:" "http://localhost:8081"
JavaScript error: resource://gre/modules/LoginManagerParent.jsm, line 136: TypeError: gRecipeManager is null
console.warn: LoginRecipes: "getRecipes: falling back to a synchronous message for:" "http://localhost:8081"
JavaScript econsole.rrowarn: Loginr: resource://gre/modules/LoginManagerParent.jsm, line 136: TypeError: gRecipeManager is null
RecipesJava: "getRecipes: falling back to Scria synchronous message for:" "htpt errotp://locr: resource:/alhost:8081"
/gre/modules/LoginManagerParent.jsm, line 136: TypeError: gRecipeManager is null
console.warn: LoginRecipes: "getRecipes: falling back to a synchronousJavaScript error: resource://gr message fore/modules/LoginM:" ana"http://localgehost:8081"
rParent.jsm, line 136: TypeError: gRecipeManager is null
console.warn: LoginRecipes: "getRecipes:JavaScript error: resour ce://gfalling back to a syre/mnchrodules/LoginManagerPareonount.jsm, lis message for:" "nhttp://localhost:8081"
e 136: TypeError: gRecipeManager is null
console.warn: LoginRecipes: "getRecipes: falling bJavaScript error: resource://gre/modulesack to a synchro/LoginManagernous mParent.jsm, lineess 13age for:" "http:/6: TypeEr/localhost:8081"
ror: gRecipeManager is null
console.warn: LoginRecipes: "getRecipes: fallinJavaScript gerror: resour back toce://gre/m a synchrodulesonous message for:" "http://localhost/LoginMa:80nagerParent.jsm, lin81"e 136: T
ypeError: gRecipeManager is null
console.warn: LoginRecipes: "getRecipes: falling back to a synchroJavaScrinous mpessage for:" "http://loct error: resource://gre/moalhost:8081"
dules/LoginManagerParent.jsm, line 136: TypeError: gRecipeManager is null
console.warn: LoginRecipes: "getRecipes: falling back to a synchronouJavs message foaScript error: resource://gre/modr:"ules/LoginMan "htagerPtp://localhostarent:8081"
.jsm, line 136: TypeError: gRecipeManager is null
console.warn: LoginRecipes: "getRecipes: falling back to a synchronous message for:" "http://localhost:8081"
JavaScript error: resource://gre/modules/LoginManagerParent.jsm, line 136: TypeError: gRecipeManager is null
console.warn: LoginRecipes: "getRecipes: falling back to a synchronous message for:" "htJavaScript error: resource://gre/modules/LoginManatp://localhost:8081"
gerParent.jsm, line 136: TypeError: gRecipeManager is null
console.warn: LoginRecipes: "getRecipes: falling back toJava a synchronous message for:S" "http://locript error: calhoresousrcte::8081"
//gre/modules/LoginManagerParent.jsm, line 136: TypeError: gRecipeManager is null
console.warn: LoginRecipes: "getRecipes: falling JabavaScript error: rck to a syneschronous messaoge for:" "hturce://tgre/modules/LoginManagerParent.jsm, p:/line 136: TypeError: gRecipeManager is null
/localhost:8081"
console.warn: LoginRecipes: "getRecipes: falling back to a synchronous message JavaScript error:f resoor:" "httpurce://://lgreocalhost:8081/"
modules/LoginManagerParent.jsm, line 136: TypeError: gRecipeManager is null
console.warn: LoginRecipes: "getRecipes: falling back to a synchronous messaJavgaScript error: resource:/e for:" "http://localhost:808/gre/modules/LoginManagerPa1"
rent.jsm, line 136: TypeError: gRecipeManager is null
console.warn: LoginRecipes: "getRecipes: falling back to a synchronous message for:" "http://localhost:8081"
JavaScript error: resource://gre/modules/LoginManagerParent.jsm, line 136: TypeError: gRecipeManager is null
console.warn: LoginRecipes: "getRecipes: falling back to a syncJavaScrhronous messageipt error:  forresource://gre/modules/Logi:" "http:nManagerParent.jsm, line 136: TypeError: g//localhRecipeManager is null
ost:8081"
console.warn: LoginRecipes: "getRecipes: falling back to a synchronous message for:" "http://localhost:Ja8081"vaScript error: reso
urce://gre/modules/LoginManagerParent.jsm, line 136: TypeError: gRecipeManager is null
console.warn: LoginRecipes: "getRecipes: falJavaScrilpti eng back to a synchronous mesrrosagr: e forresource://gre/m:" odules/Lo"http://locginManagalhost:8081"
erParent.jsm, line 136: TypeError: gRecipeManager is null
console.warn: LoginRecipes: "getRecipes: falling back to a synchronous message for:"JavaS cript error: resour"http://localhost:8081ce://gre/mod"
ules/LoginManagerParent.jsm, line 136: TypeError: gRecipeManager is null
console.warn: LoginRecipes: "getRecipes: falling back to a synchronous message for:" "http://localhost:8081"
JavaScript error: resource://gre/modules/LoginManagerParent.jsm, line 136: TypeError: gRecipeManager is null
console.warn: LoginRecipes: "getRecipes: falling baJck to a synchronous amvaScressage for:" "htiptp://t erlocarlhosor: resource://gre/modut:80les/L81"
oginManagerParent.jsm, line 136: TypeError: gRecipeManager is null
console.warn: LoginRecipes: "getRecipes: falling back toJavaScript a  ersynchronous message for:" "http://lror: resocoalhost:8081"
urce://gre/modules/LoginManagerParent.jsm, line 136: TypeError: gRecipeManager is null
console.warn: LoginRecipes: "getRecipes: falling back to a synchronousJavaScrip message for:" "http://localhost:8081"
t error: resource://gre/modules/LoginManagerParent.jsm, line 136: TypeError: gRecipeManager is null
console.warn: LoginRecipes: "getRecipes: fallinJavaScript error: resource://gre/modules/LoginManagerParent.jsm, lig back to a syncne 136: TypeEhronous message for:" "http://localhost:8081"
rror: gRecipeManager is null
console.warn: LoginRecipes: "getRecipes: falling back to a synchronous message for:" "http://localhost:8081"
JavaScript error: resource://gre/modules/LoginManagerParent.jsm, line 136: TypeError: gRecipeManager is null
console.warn: LoginRecipes: "getRecipes: falling back to a synchronous message for:" "http://localhost:8081"
JavaScript error: resource://gre/modules/LoginManagerParent.jsm, line 136: TypeError: gRecipeManager is null
console.warn: LoginRecipes: "getRecipes: falling back to a synchrJavaScript error: resource://gre/modules/LoginManonoagerParent.jsm, us message for:" "http://localhost:8081"
line 136: TypeError: gRecipeManager is null
console.warn: LoginRecipes: "getRecipes: falling back to a synchronous message for:" "http://localhost:8081"
JavaScript error: resource://gre/modules/LoginManagerParent.jsm, line 136: TypeError: gRecipeManager is null
console.warn: LoginRecipes: "getRecipes: falling back to a synchronous message for:" "httJavp://localhost:8081"
aScript error: resource://gre/modules/LoginManagerParent.jsm, line 136: TypeError: gRecipeManager is null
console.warn: LoginRecipes: "getRecipes: falling back JavaScript error: resource://greto a /synchronoumodules/LoginManagerParent.s mjsm, leine 1ssage for:" 36: Typ"eErhttp://locarorlhost:8:08 gRecipeMan1"
ager is null
