2022-03-16 20:32:57.121 INFO  [acme.Launcher@main] Starting Launcher using Java 1.8.0_281 on LAPTOP-NU08JKOO with PID 11352 (C:\Users\rober\Desktop\DP2\Workspace-22.0\Frameworks\Acme-Framework-22.1\target\classes started by rober in C:\Users\rober\Desktop\DP2\Workspace-22.0\Projects\Acme-Toolkits-E3.08) 
2022-03-16 20:32:57.122 DEBUG [acme.Launcher@main] Running with Spring Boot v2.4.2, Spring v5.3.3 
2022-03-16 20:32:57.123 INFO  [acme.Launcher@main] The following profiles are active: development,populator 
2022-03-16 20:32:59.867 DEBUG [org.apache.jasper.servlet.JasperInitializer@main] Initializing Jasper for context [application] 
2022-03-16 20:33:05.217 DEBUG [org.apache.jasper.servlet.JspServlet@main] Scratch dir for the JSP engine is: [C:\Users\rober\AppData\Local\Temp\tomcat.8083.4356847309175337352\work\Tomcat\localhost\acme-toolkits-e3.08-1.0] 
2022-03-16 20:33:05.217 DEBUG [org.apache.jasper.servlet.JspServlet@main] IMPORTANT: Do not modify the generated servlets 
2022-03-16 20:33:05.226 INFO  [acme.Launcher@main] Started Launcher in 8.801 seconds (JVM running for 9.393) 
2022-03-16 20:33:05.233 DEBUG [acme.Launcher@main] Found classpath entry '/C:/Users/rober/Desktop/DP2/Workspace-22.0/Projects/Acme-Toolkits-E3.08/target/test-classes/' 
2022-03-16 20:33:05.233 DEBUG [acme.Launcher@main] Found classpath entry '/C:/Users/rober/Desktop/DP2/Workspace-22.0/Projects/Acme-Toolkits-E3.08/target/classes/' 
2022-03-16 20:33:05.233 DEBUG [acme.Launcher@main] Found classpath entry '/C:/Users/rober/Desktop/DP2/Workspace-22.0/Frameworks/Acme-Framework-22.1/target/classes/' 
2022-03-16 20:33:05.233 DEBUG [acme.Launcher@main] Found classpath entry '/C:/Users/rober/Desktop/DP2/Workspace-22.0/Frameworks/Acme-Framework-22.1/target/test-classes/' 
2022-03-16 20:33:05.233 DEBUG [acme.Launcher@main] Found classpath entry '/C:/Users/rober/.m2/repository/org/springframework/boot/spring-boot-starter-tomcat/2.4.2/spring-boot-starter-tomcat-2.4.2.jar' 
2022-03-16 20:33:05.234 DEBUG [acme.Launcher@main] Found classpath entry '/C:/Users/rober/.m2/repository/jakarta/annotation/jakarta.annotation-api/1.3.5/jakarta.annotation-api-1.3.5.jar' 
2022-03-16 20:33:05.234 DEBUG [acme.Launcher@main] Found classpath entry '/C:/Users/rober/.m2/repository/org/apache/tomcat/embed/tomcat-embed-core/9.0.41/tomcat-embed-core-9.0.41.jar' 
2022-03-16 20:33:05.234 DEBUG [acme.Launcher@main] Found classpath entry '/C:/Users/rober/.m2/repository/org/glassfish/jakarta.el/3.0.3/jakarta.el-3.0.3.jar' 
2022-03-16 20:33:05.234 DEBUG [acme.Launcher@main] Found classpath entry '/C:/Users/rober/.m2/repository/org/apache/tomcat/embed/tomcat-embed-websocket/9.0.41/tomcat-embed-websocket-9.0.41.jar' 
2022-03-16 20:33:05.234 DEBUG [acme.Launcher@main] Found classpath entry '/C:/Users/rober/.m2/repository/org/apache/tomcat/embed/tomcat-embed-jasper/9.0.41/tomcat-embed-jasper-9.0.41.jar' 
2022-03-16 20:33:05.234 DEBUG [acme.Launcher@main] Found classpath entry '/C:/Users/rober/.m2/repository/org/apache/tomcat/embed/tomcat-embed-el/9.0.41/tomcat-embed-el-9.0.41.jar' 
2022-03-16 20:33:05.234 DEBUG [acme.Launcher@main] Found classpath entry '/C:/Users/rober/.m2/repository/org/eclipse/jdt/ecj/3.18.0/ecj-3.18.0.jar' 
2022-03-16 20:33:05.234 DEBUG [acme.Launcher@main] Found classpath entry '/C:/Users/rober/.m2/repository/javax/servlet/jstl/1.2/jstl-1.2.jar' 
2022-03-16 20:33:05.234 DEBUG [acme.Launcher@main] Found classpath entry '/C:/Users/rober/.m2/repository/org/springframework/boot/spring-boot-starter-test/2.4.2/spring-boot-starter-test-2.4.2.jar' 
2022-03-16 20:33:05.235 DEBUG [acme.Launcher@main] Found classpath entry '/C:/Users/rober/.m2/repository/org/springframework/boot/spring-boot-starter/2.4.2/spring-boot-starter-2.4.2.jar' 
2022-03-16 20:33:05.235 DEBUG [acme.Launcher@main] Found classpath entry '/C:/Users/rober/.m2/repository/org/springframework/boot/spring-boot/2.4.2/spring-boot-2.4.2.jar' 
2022-03-16 20:33:05.235 DEBUG [acme.Launcher@main] Found classpath entry '/C:/Users/rober/.m2/repository/org/springframework/boot/spring-boot-autoconfigure/2.4.2/spring-boot-autoconfigure-2.4.2.jar' 
2022-03-16 20:33:05.235 DEBUG [acme.Launcher@main] Found classpath entry '/C:/Users/rober/.m2/repository/org/springframework/boot/spring-boot-starter-logging/2.4.2/spring-boot-starter-logging-2.4.2.jar' 
2022-03-16 20:33:05.235 DEBUG [acme.Launcher@main] Found classpath entry '/C:/Users/rober/.m2/repository/ch/qos/logback/logback-classic/1.2.3/logback-classic-1.2.3.jar' 
2022-03-16 20:33:05.235 DEBUG [acme.Launcher@main] Found classpath entry '/C:/Users/rober/.m2/repository/ch/qos/logback/logback-core/1.2.3/logback-core-1.2.3.jar' 
2022-03-16 20:33:05.235 DEBUG [acme.Launcher@main] Found classpath entry '/C:/Users/rober/.m2/repository/org/apache/logging/log4j/log4j-to-slf4j/2.13.3/log4j-to-slf4j-2.13.3.jar' 
2022-03-16 20:33:05.236 DEBUG [acme.Launcher@main] Found classpath entry '/C:/Users/rober/.m2/repository/org/apache/logging/log4j/log4j-api/2.13.3/log4j-api-2.13.3.jar' 
2022-03-16 20:33:05.236 DEBUG [acme.Launcher@main] Found classpath entry '/C:/Users/rober/.m2/repository/org/slf4j/jul-to-slf4j/1.7.30/jul-to-slf4j-1.7.30.jar' 
2022-03-16 20:33:05.236 DEBUG [acme.Launcher@main] Found classpath entry '/C:/Users/rober/.m2/repository/org/yaml/snakeyaml/1.27/snakeyaml-1.27.jar' 
2022-03-16 20:33:05.236 DEBUG [acme.Launcher@main] Found classpath entry '/C:/Users/rober/.m2/repository/org/springframework/boot/spring-boot-test/2.4.2/spring-boot-test-2.4.2.jar' 
2022-03-16 20:33:05.236 DEBUG [acme.Launcher@main] Found classpath entry '/C:/Users/rober/.m2/repository/org/springframework/boot/spring-boot-test-autoconfigure/2.4.2/spring-boot-test-autoconfigure-2.4.2.jar' 
2022-03-16 20:33:05.236 DEBUG [acme.Launcher@main] Found classpath entry '/C:/Users/rober/.m2/repository/com/jayway/jsonpath/json-path/2.4.0/json-path-2.4.0.jar' 
2022-03-16 20:33:05.236 DEBUG [acme.Launcher@main] Found classpath entry '/C:/Users/rober/.m2/repository/net/minidev/json-smart/2.3/json-smart-2.3.jar' 
2022-03-16 20:33:05.237 DEBUG [acme.Launcher@main] Found classpath entry '/C:/Users/rober/.m2/repository/net/minidev/accessors-smart/1.2/accessors-smart-1.2.jar' 
2022-03-16 20:33:05.237 DEBUG [acme.Launcher@main] Found classpath entry '/C:/Users/rober/.m2/repository/org/ow2/asm/asm/5.0.4/asm-5.0.4.jar' 
2022-03-16 20:33:05.237 DEBUG [acme.Launcher@main] Found classpath entry '/C:/Users/rober/.m2/repository/jakarta/xml/bind/jakarta.xml.bind-api/2.3.3/jakarta.xml.bind-api-2.3.3.jar' 
2022-03-16 20:33:05.237 DEBUG [acme.Launcher@main] Found classpath entry '/C:/Users/rober/.m2/repository/jakarta/activation/jakarta.activation-api/1.2.2/jakarta.activation-api-1.2.2.jar' 
2022-03-16 20:33:05.237 DEBUG [acme.Launcher@main] Found classpath entry '/C:/Users/rober/.m2/repository/org/assertj/assertj-core/3.18.1/assertj-core-3.18.1.jar' 
2022-03-16 20:33:05.237 DEBUG [acme.Launcher@main] Found classpath entry '/C:/Users/rober/.m2/repository/org/hamcrest/hamcrest/2.2/hamcrest-2.2.jar' 
2022-03-16 20:33:05.237 DEBUG [acme.Launcher@main] Found classpath entry '/C:/Users/rober/.m2/repository/org/junit/jupiter/junit-jupiter/5.7.0/junit-jupiter-5.7.0.jar' 
2022-03-16 20:33:05.238 DEBUG [acme.Launcher@main] Found classpath entry '/C:/Users/rober/.m2/repository/org/mockito/mockito-core/3.6.28/mockito-core-3.6.28.jar' 
2022-03-16 20:33:05.238 DEBUG [acme.Launcher@main] Found classpath entry '/C:/Users/rober/.m2/repository/net/bytebuddy/byte-buddy-agent/1.10.19/byte-buddy-agent-1.10.19.jar' 
2022-03-16 20:33:05.238 DEBUG [acme.Launcher@main] Found classpath entry '/C:/Users/rober/.m2/repository/org/objenesis/objenesis/3.1/objenesis-3.1.jar' 
2022-03-16 20:33:05.238 DEBUG [acme.Launcher@main] Found classpath entry '/C:/Users/rober/.m2/repository/org/mockito/mockito-junit-jupiter/3.6.28/mockito-junit-jupiter-3.6.28.jar' 
2022-03-16 20:33:05.238 DEBUG [acme.Launcher@main] Found classpath entry '/C:/Users/rober/.m2/repository/org/skyscreamer/jsonassert/1.5.0/jsonassert-1.5.0.jar' 
2022-03-16 20:33:05.238 DEBUG [acme.Launcher@main] Found classpath entry '/C:/Users/rober/.m2/repository/com/vaadin/external/google/android-json/0.0.20131108.vaadin1/android-json-0.0.20131108.vaadin1.jar' 
2022-03-16 20:33:05.238 DEBUG [acme.Launcher@main] Found classpath entry '/C:/Users/rober/.m2/repository/org/springframework/spring-core/5.3.3/spring-core-5.3.3.jar' 
2022-03-16 20:33:05.238 DEBUG [acme.Launcher@main] Found classpath entry '/C:/Users/rober/.m2/repository/org/springframework/spring-jcl/5.3.3/spring-jcl-5.3.3.jar' 
2022-03-16 20:33:05.239 DEBUG [acme.Launcher@main] Found classpath entry '/C:/Users/rober/.m2/repository/org/springframework/spring-test/5.3.3/spring-test-5.3.3.jar' 
2022-03-16 20:33:05.239 DEBUG [acme.Launcher@main] Found classpath entry '/C:/Users/rober/.m2/repository/org/xmlunit/xmlunit-core/2.7.0/xmlunit-core-2.7.0.jar' 
2022-03-16 20:33:05.239 DEBUG [acme.Launcher@main] Found classpath entry '/C:/Users/rober/.m2/repository/org/springframework/boot/spring-boot-starter-security/2.4.2/spring-boot-starter-security-2.4.2.jar' 
2022-03-16 20:33:05.239 DEBUG [acme.Launcher@main] Found classpath entry '/C:/Users/rober/.m2/repository/org/springframework/spring-aop/5.3.3/spring-aop-5.3.3.jar' 
2022-03-16 20:33:05.239 DEBUG [acme.Launcher@main] Found classpath entry '/C:/Users/rober/.m2/repository/org/springframework/security/spring-security-web/5.4.2/spring-security-web-5.4.2.jar' 
2022-03-16 20:33:05.239 DEBUG [acme.Launcher@main] Found classpath entry '/C:/Users/rober/.m2/repository/org/springframework/security/spring-security-core/5.4.2/spring-security-core-5.4.2.jar' 
2022-03-16 20:33:05.239 DEBUG [acme.Launcher@main] Found classpath entry '/C:/Users/rober/.m2/repository/org/springframework/spring-beans/5.3.3/spring-beans-5.3.3.jar' 
2022-03-16 20:33:05.240 DEBUG [acme.Launcher@main] Found classpath entry '/C:/Users/rober/.m2/repository/org/springframework/spring-context/5.3.3/spring-context-5.3.3.jar' 
2022-03-16 20:33:05.240 DEBUG [acme.Launcher@main] Found classpath entry '/C:/Users/rober/.m2/repository/org/springframework/spring-expression/5.3.3/spring-expression-5.3.3.jar' 
2022-03-16 20:33:05.240 DEBUG [acme.Launcher@main] Found classpath entry '/C:/Users/rober/.m2/repository/org/springframework/spring-web/5.3.3/spring-web-5.3.3.jar' 
2022-03-16 20:33:05.240 DEBUG [acme.Launcher@main] Found classpath entry '/C:/Users/rober/.m2/repository/org/springframework/security/spring-security-config/5.4.2/spring-security-config-5.4.2.jar' 
2022-03-16 20:33:05.240 DEBUG [acme.Launcher@main] Found classpath entry '/C:/Users/rober/.m2/repository/org/springframework/security/spring-security-taglibs/5.4.2/spring-security-taglibs-5.4.2.jar' 
2022-03-16 20:33:05.240 DEBUG [acme.Launcher@main] Found classpath entry '/C:/Users/rober/.m2/repository/org/springframework/security/spring-security-acl/5.4.2/spring-security-acl-5.4.2.jar' 
2022-03-16 20:33:05.240 DEBUG [acme.Launcher@main] Found classpath entry '/C:/Users/rober/.m2/repository/org/springframework/spring-jdbc/5.3.3/spring-jdbc-5.3.3.jar' 
2022-03-16 20:33:05.240 DEBUG [acme.Launcher@main] Found classpath entry '/C:/Users/rober/.m2/repository/org/springframework/spring-tx/5.3.3/spring-tx-5.3.3.jar' 
2022-03-16 20:33:05.240 DEBUG [acme.Launcher@main] Found classpath entry '/C:/Users/rober/.m2/repository/org/springframework/boot/spring-boot-starter-web/2.4.2/spring-boot-starter-web-2.4.2.jar' 
2022-03-16 20:33:05.241 DEBUG [acme.Launcher@main] Found classpath entry '/C:/Users/rober/.m2/repository/org/springframework/boot/spring-boot-starter-json/2.4.2/spring-boot-starter-json-2.4.2.jar' 
2022-03-16 20:33:05.241 DEBUG [acme.Launcher@main] Found classpath entry '/C:/Users/rober/.m2/repository/com/fasterxml/jackson/core/jackson-databind/2.11.4/jackson-databind-2.11.4.jar' 
2022-03-16 20:33:05.241 DEBUG [acme.Launcher@main] Found classpath entry '/C:/Users/rober/.m2/repository/com/fasterxml/jackson/core/jackson-annotations/2.11.4/jackson-annotations-2.11.4.jar' 
2022-03-16 20:33:05.241 DEBUG [acme.Launcher@main] Found classpath entry '/C:/Users/rober/.m2/repository/com/fasterxml/jackson/core/jackson-core/2.11.4/jackson-core-2.11.4.jar' 
2022-03-16 20:33:05.241 DEBUG [acme.Launcher@main] Found classpath entry '/C:/Users/rober/.m2/repository/com/fasterxml/jackson/datatype/jackson-datatype-jdk8/2.11.4/jackson-datatype-jdk8-2.11.4.jar' 
2022-03-16 20:33:05.241 DEBUG [acme.Launcher@main] Found classpath entry '/C:/Users/rober/.m2/repository/com/fasterxml/jackson/datatype/jackson-datatype-jsr310/2.11.4/jackson-datatype-jsr310-2.11.4.jar' 
2022-03-16 20:33:05.241 DEBUG [acme.Launcher@main] Found classpath entry '/C:/Users/rober/.m2/repository/com/fasterxml/jackson/module/jackson-module-parameter-names/2.11.4/jackson-module-parameter-names-2.11.4.jar' 
2022-03-16 20:33:05.241 DEBUG [acme.Launcher@main] Found classpath entry '/C:/Users/rober/.m2/repository/org/springframework/spring-webmvc/5.3.3/spring-webmvc-5.3.3.jar' 
2022-03-16 20:33:05.241 DEBUG [acme.Launcher@main] Found classpath entry '/C:/Users/rober/.m2/repository/org/apache/tiles/tiles-jsp/3.0.8/tiles-jsp-3.0.8.jar' 
2022-03-16 20:33:05.241 DEBUG [acme.Launcher@main] Found classpath entry '/C:/Users/rober/.m2/repository/org/apache/tiles/tiles-servlet/3.0.8/tiles-servlet-3.0.8.jar' 
2022-03-16 20:33:05.242 DEBUG [acme.Launcher@main] Found classpath entry '/C:/Users/rober/.m2/repository/org/apache/tiles/tiles-core/3.0.8/tiles-core-3.0.8.jar' 
2022-03-16 20:33:05.242 DEBUG [acme.Launcher@main] Found classpath entry '/C:/Users/rober/.m2/repository/commons-digester/commons-digester/2.0/commons-digester-2.0.jar' 
2022-03-16 20:33:05.242 DEBUG [acme.Launcher@main] Found classpath entry '/C:/Users/rober/.m2/repository/org/slf4j/jcl-over-slf4j/1.7.30/jcl-over-slf4j-1.7.30.jar' 
2022-03-16 20:33:05.242 DEBUG [acme.Launcher@main] Found classpath entry '/C:/Users/rober/.m2/repository/org/apache/tiles/tiles-request-servlet/1.0.7/tiles-request-servlet-1.0.7.jar' 
2022-03-16 20:33:05.242 DEBUG [acme.Launcher@main] Found classpath entry '/C:/Users/rober/.m2/repository/org/apache/tiles/tiles-template/3.0.8/tiles-template-3.0.8.jar' 
2022-03-16 20:33:05.242 DEBUG [acme.Launcher@main] Found classpath entry '/C:/Users/rober/.m2/repository/org/apache/tiles/tiles-api/3.0.8/tiles-api-3.0.8.jar' 
2022-03-16 20:33:05.242 DEBUG [acme.Launcher@main] Found classpath entry '/C:/Users/rober/.m2/repository/org/apache/tiles/tiles-autotag-core-runtime/1.2/tiles-autotag-core-runtime-1.2.jar' 
2022-03-16 20:33:05.242 DEBUG [acme.Launcher@main] Found classpath entry '/C:/Users/rober/.m2/repository/org/slf4j/slf4j-api/1.7.30/slf4j-api-1.7.30.jar' 
2022-03-16 20:33:05.242 DEBUG [acme.Launcher@main] Found classpath entry '/C:/Users/rober/.m2/repository/org/apache/tiles/tiles-request-jsp/1.0.7/tiles-request-jsp-1.0.7.jar' 
2022-03-16 20:33:05.242 DEBUG [acme.Launcher@main] Found classpath entry '/C:/Users/rober/.m2/repository/org/apache/tiles/tiles-request-api/1.0.7/tiles-request-api-1.0.7.jar' 
2022-03-16 20:33:05.243 DEBUG [acme.Launcher@main] Found classpath entry '/C:/Users/rober/.m2/repository/org/springframework/boot/spring-boot-starter-data-jpa/2.4.2/spring-boot-starter-data-jpa-2.4.2.jar' 
2022-03-16 20:33:05.243 DEBUG [acme.Launcher@main] Found classpath entry '/C:/Users/rober/.m2/repository/org/springframework/boot/spring-boot-starter-aop/2.4.2/spring-boot-starter-aop-2.4.2.jar' 
2022-03-16 20:33:05.243 DEBUG [acme.Launcher@main] Found classpath entry '/C:/Users/rober/.m2/repository/org/aspectj/aspectjweaver/1.9.6/aspectjweaver-1.9.6.jar' 
2022-03-16 20:33:05.243 DEBUG [acme.Launcher@main] Found classpath entry '/C:/Users/rober/.m2/repository/org/springframework/boot/spring-boot-starter-jdbc/2.4.2/spring-boot-starter-jdbc-2.4.2.jar' 
2022-03-16 20:33:05.243 DEBUG [acme.Launcher@main] Found classpath entry '/C:/Users/rober/.m2/repository/jakarta/transaction/jakarta.transaction-api/1.3.3/jakarta.transaction-api-1.3.3.jar' 
2022-03-16 20:33:05.243 DEBUG [acme.Launcher@main] Found classpath entry '/C:/Users/rober/.m2/repository/jakarta/persistence/jakarta.persistence-api/2.2.3/jakarta.persistence-api-2.2.3.jar' 
2022-03-16 20:33:05.243 DEBUG [acme.Launcher@main] Found classpath entry '/C:/Users/rober/.m2/repository/org/hibernate/hibernate-core/5.4.27.Final/hibernate-core-5.4.27.Final.jar' 
2022-03-16 20:33:05.243 DEBUG [acme.Launcher@main] Found classpath entry '/C:/Users/rober/.m2/repository/org/jboss/logging/jboss-logging/3.4.1.Final/jboss-logging-3.4.1.Final.jar' 
2022-03-16 20:33:05.243 DEBUG [acme.Launcher@main] Found classpath entry '/C:/Users/rober/.m2/repository/org/javassist/javassist/3.27.0-GA/javassist-3.27.0-GA.jar' 
2022-03-16 20:33:05.243 DEBUG [acme.Launcher@main] Found classpath entry '/C:/Users/rober/.m2/repository/antlr/antlr/2.7.7/antlr-2.7.7.jar' 
2022-03-16 20:33:05.243 DEBUG [acme.Launcher@main] Found classpath entry '/C:/Users/rober/.m2/repository/org/jboss/jandex/2.1.3.Final/jandex-2.1.3.Final.jar' 
2022-03-16 20:33:05.243 DEBUG [acme.Launcher@main] Found classpath entry '/C:/Users/rober/.m2/repository/com/fasterxml/classmate/1.5.1/classmate-1.5.1.jar' 
2022-03-16 20:33:05.243 DEBUG [acme.Launcher@main] Found classpath entry '/C:/Users/rober/.m2/repository/org/dom4j/dom4j/2.1.3/dom4j-2.1.3.jar' 
2022-03-16 20:33:05.243 DEBUG [acme.Launcher@main] Found classpath entry '/C:/Users/rober/.m2/repository/org/hibernate/common/hibernate-commons-annotations/5.1.2.Final/hibernate-commons-annotations-5.1.2.Final.jar' 
2022-03-16 20:33:05.243 DEBUG [acme.Launcher@main] Found classpath entry '/C:/Users/rober/.m2/repository/org/glassfish/jaxb/jaxb-runtime/2.3.3/jaxb-runtime-2.3.3.jar' 
2022-03-16 20:33:05.243 DEBUG [acme.Launcher@main] Found classpath entry '/C:/Users/rober/.m2/repository/org/glassfish/jaxb/txw2/2.3.3/txw2-2.3.3.jar' 
2022-03-16 20:33:05.244 DEBUG [acme.Launcher@main] Found classpath entry '/C:/Users/rober/.m2/repository/com/sun/istack/istack-commons-runtime/3.0.11/istack-commons-runtime-3.0.11.jar' 
2022-03-16 20:33:05.244 DEBUG [acme.Launcher@main] Found classpath entry '/C:/Users/rober/.m2/repository/com/sun/activation/jakarta.activation/1.2.2/jakarta.activation-1.2.2.jar' 
2022-03-16 20:33:05.244 DEBUG [acme.Launcher@main] Found classpath entry '/C:/Users/rober/.m2/repository/org/springframework/data/spring-data-jpa/2.4.3/spring-data-jpa-2.4.3.jar' 
2022-03-16 20:33:05.244 DEBUG [acme.Launcher@main] Found classpath entry '/C:/Users/rober/.m2/repository/org/springframework/data/spring-data-commons/2.4.3/spring-data-commons-2.4.3.jar' 
2022-03-16 20:33:05.244 DEBUG [acme.Launcher@main] Found classpath entry '/C:/Users/rober/.m2/repository/org/springframework/spring-orm/5.3.3/spring-orm-5.3.3.jar' 
2022-03-16 20:33:05.244 DEBUG [acme.Launcher@main] Found classpath entry '/C:/Users/rober/.m2/repository/org/springframework/spring-aspects/5.3.3/spring-aspects-5.3.3.jar' 
2022-03-16 20:33:05.244 DEBUG [acme.Launcher@main] Found classpath entry '/C:/Users/rober/.m2/repository/org/springframework/boot/spring-boot-starter-validation/2.4.2/spring-boot-starter-validation-2.4.2.jar' 
2022-03-16 20:33:05.245 DEBUG [acme.Launcher@main] Found classpath entry '/C:/Users/rober/.m2/repository/org/hibernate/validator/hibernate-validator/6.1.7.Final/hibernate-validator-6.1.7.Final.jar' 
2022-03-16 20:33:05.245 DEBUG [acme.Launcher@main] Found classpath entry '/C:/Users/rober/.m2/repository/jakarta/validation/jakarta.validation-api/2.0.2/jakarta.validation-api-2.0.2.jar' 
2022-03-16 20:33:05.245 DEBUG [acme.Launcher@main] Found classpath entry '/C:/Users/rober/.m2/repository/mysql/mysql-connector-java/8.0.22/mysql-connector-java-8.0.22.jar' 
2022-03-16 20:33:05.245 DEBUG [acme.Launcher@main] Found classpath entry '/C:/Users/rober/.m2/repository/com/zaxxer/HikariCP/3.4.5/HikariCP-3.4.5.jar' 
2022-03-16 20:33:05.245 DEBUG [acme.Launcher@main] Found classpath entry '/C:/Users/rober/.m2/repository/org/junit/jupiter/junit-jupiter-engine/5.7.0/junit-jupiter-engine-5.7.0.jar' 
2022-03-16 20:33:05.245 DEBUG [acme.Launcher@main] Found classpath entry '/C:/Users/rober/.m2/repository/org/apiguardian/apiguardian-api/1.1.0/apiguardian-api-1.1.0.jar' 
2022-03-16 20:33:05.245 DEBUG [acme.Launcher@main] Found classpath entry '/C:/Users/rober/.m2/repository/org/junit/platform/junit-platform-engine/1.7.0/junit-platform-engine-1.7.0.jar' 
2022-03-16 20:33:05.245 DEBUG [acme.Launcher@main] Found classpath entry '/C:/Users/rober/.m2/repository/org/junit/jupiter/junit-jupiter-api/5.7.0/junit-jupiter-api-5.7.0.jar' 
2022-03-16 20:33:05.247 DEBUG [acme.Launcher@main] Found classpath entry '/C:/Users/rober/.m2/repository/org/opentest4j/opentest4j/1.2.0/opentest4j-1.2.0.jar' 
2022-03-16 20:33:05.247 DEBUG [acme.Launcher@main] Found classpath entry '/C:/Users/rober/.m2/repository/org/junit/platform/junit-platform-commons/1.7.0/junit-platform-commons-1.7.0.jar' 
2022-03-16 20:33:05.247 DEBUG [acme.Launcher@main] Found classpath entry '/C:/Users/rober/.m2/repository/org/junit/jupiter/junit-jupiter-params/5.7.0/junit-jupiter-params-5.7.0.jar' 
2022-03-16 20:33:05.247 DEBUG [acme.Launcher@main] Found classpath entry '/C:/Users/rober/.m2/repository/org/junit/platform/junit-platform-launcher/1.7.0/junit-platform-launcher-1.7.0.jar' 
2022-03-16 20:33:05.248 DEBUG [acme.Launcher@main] Found classpath entry '/C:/Users/rober/.m2/repository/org/seleniumhq/selenium/selenium-java/3.141.59/selenium-java-3.141.59.jar' 
2022-03-16 20:33:05.248 DEBUG [acme.Launcher@main] Found classpath entry '/C:/Users/rober/.m2/repository/org/seleniumhq/selenium/selenium-api/3.141.59/selenium-api-3.141.59.jar' 
2022-03-16 20:33:05.248 DEBUG [acme.Launcher@main] Found classpath entry '/C:/Users/rober/.m2/repository/org/seleniumhq/selenium/selenium-chrome-driver/3.141.59/selenium-chrome-driver-3.141.59.jar' 
2022-03-16 20:33:05.248 DEBUG [acme.Launcher@main] Found classpath entry '/C:/Users/rober/.m2/repository/org/seleniumhq/selenium/selenium-edge-driver/3.141.59/selenium-edge-driver-3.141.59.jar' 
2022-03-16 20:33:05.248 DEBUG [acme.Launcher@main] Found classpath entry '/C:/Users/rober/.m2/repository/org/seleniumhq/selenium/selenium-firefox-driver/3.141.59/selenium-firefox-driver-3.141.59.jar' 
2022-03-16 20:33:05.248 DEBUG [acme.Launcher@main] Found classpath entry '/C:/Users/rober/.m2/repository/org/seleniumhq/selenium/selenium-ie-driver/3.141.59/selenium-ie-driver-3.141.59.jar' 
2022-03-16 20:33:05.248 DEBUG [acme.Launcher@main] Found classpath entry '/C:/Users/rober/.m2/repository/org/seleniumhq/selenium/selenium-opera-driver/3.141.59/selenium-opera-driver-3.141.59.jar' 
2022-03-16 20:33:05.248 DEBUG [acme.Launcher@main] Found classpath entry '/C:/Users/rober/.m2/repository/org/seleniumhq/selenium/selenium-remote-driver/3.141.59/selenium-remote-driver-3.141.59.jar' 
2022-03-16 20:33:05.248 DEBUG [acme.Launcher@main] Found classpath entry '/C:/Users/rober/.m2/repository/org/seleniumhq/selenium/selenium-safari-driver/3.141.59/selenium-safari-driver-3.141.59.jar' 
2022-03-16 20:33:05.248 DEBUG [acme.Launcher@main] Found classpath entry '/C:/Users/rober/.m2/repository/org/seleniumhq/selenium/selenium-support/3.141.59/selenium-support-3.141.59.jar' 
2022-03-16 20:33:05.248 DEBUG [acme.Launcher@main] Found classpath entry '/C:/Users/rober/.m2/repository/net/bytebuddy/byte-buddy/1.10.19/byte-buddy-1.10.19.jar' 
2022-03-16 20:33:05.248 DEBUG [acme.Launcher@main] Found classpath entry '/C:/Users/rober/.m2/repository/org/apache/commons/commons-exec/1.3/commons-exec-1.3.jar' 
2022-03-16 20:33:05.248 DEBUG [acme.Launcher@main] Found classpath entry '/C:/Users/rober/.m2/repository/com/google/guava/guava/25.0-jre/guava-25.0-jre.jar' 
2022-03-16 20:33:05.248 DEBUG [acme.Launcher@main] Found classpath entry '/C:/Users/rober/.m2/repository/com/google/code/findbugs/jsr305/1.3.9/jsr305-1.3.9.jar' 
2022-03-16 20:33:05.248 DEBUG [acme.Launcher@main] Found classpath entry '/C:/Users/rober/.m2/repository/org/checkerframework/checker-compat-qual/2.0.0/checker-compat-qual-2.0.0.jar' 
2022-03-16 20:33:05.249 DEBUG [acme.Launcher@main] Found classpath entry '/C:/Users/rober/.m2/repository/com/google/errorprone/error_prone_annotations/2.1.3/error_prone_annotations-2.1.3.jar' 
2022-03-16 20:33:05.249 DEBUG [acme.Launcher@main] Found classpath entry '/C:/Users/rober/.m2/repository/com/google/j2objc/j2objc-annotations/1.1/j2objc-annotations-1.1.jar' 
2022-03-16 20:33:05.249 DEBUG [acme.Launcher@main] Found classpath entry '/C:/Users/rober/.m2/repository/org/codehaus/mojo/animal-sniffer-annotations/1.14/animal-sniffer-annotations-1.14.jar' 
2022-03-16 20:33:05.249 DEBUG [acme.Launcher@main] Found classpath entry '/C:/Users/rober/.m2/repository/com/squareup/okhttp3/okhttp/3.14.9/okhttp-3.14.9.jar' 
2022-03-16 20:33:05.249 DEBUG [acme.Launcher@main] Found classpath entry '/C:/Users/rober/.m2/repository/com/squareup/okio/okio/1.14.0/okio-1.14.0.jar' 
2022-03-16 20:33:05.249 DEBUG [acme.Launcher@main] Found classpath entry '/C:/Users/rober/.m2/repository/org/apache/commons/commons-lang3/3.11/commons-lang3-3.11.jar' 
2022-03-16 20:33:05.249 DEBUG [acme.Launcher@main] Found classpath entry '/C:/Users/rober/.m2/repository/org/apache/commons/commons-text/1.8/commons-text-1.8.jar' 
2022-03-16 20:33:05.249 DEBUG [acme.Launcher@main] Found classpath entry '/C:/Users/rober/.m2/repository/commons-io/commons-io/2.6/commons-io-2.6.jar' 
2022-03-16 20:33:05.249 DEBUG [acme.Launcher@main] Found classpath entry '/C:/Users/rober/.m2/repository/commons-cli/commons-cli/1.4/commons-cli-1.4.jar' 
2022-03-16 20:33:05.250 DEBUG [acme.Launcher@main] Found classpath entry '/C:/Users/rober/.m2/repository/org/projectlombok/lombok/1.18.16/lombok-1.18.16.jar' 
2022-03-16 20:33:05.250 DEBUG [acme.Launcher@main] Found classpath entry '/C:/Users/rober/.m2/repository/com/opencsv/opencsv/5.4/opencsv-5.4.jar' 
2022-03-16 20:33:05.250 DEBUG [acme.Launcher@main] Found classpath entry '/C:/Users/rober/.m2/repository/commons-beanutils/commons-beanutils/1.9.4/commons-beanutils-1.9.4.jar' 
2022-03-16 20:33:05.250 DEBUG [acme.Launcher@main] Found classpath entry '/C:/Users/rober/.m2/repository/commons-logging/commons-logging/1.2/commons-logging-1.2.jar' 
2022-03-16 20:33:05.250 DEBUG [acme.Launcher@main] Found classpath entry '/C:/Users/rober/.m2/repository/commons-collections/commons-collections/3.2.2/commons-collections-3.2.2.jar' 
2022-03-16 20:33:05.250 DEBUG [acme.Launcher@main] Found classpath entry '/C:/Users/rober/.m2/repository/org/apache/commons/commons-collections4/4.4/commons-collections4-4.4.jar' 
2022-03-16 20:33:05.325 DEBUG [acme.Launcher@main] Found entity class 'acme.entities.Announcement 
2022-03-16 20:33:05.325 DEBUG [acme.Launcher@main] Found entity class 'acme.entities.Chirp 
2022-03-16 20:33:05.325 DEBUG [acme.Launcher@main] Found entity class 'acme.entities.Component 
2022-03-16 20:33:05.326 DEBUG [acme.Launcher@main] Found entity class 'acme.entities.Patronage 
2022-03-16 20:33:05.326 DEBUG [acme.Launcher@main] Found entity class 'acme.entities.Tool 
2022-03-16 20:33:05.326 DEBUG [acme.Launcher@main] Found entity class 'acme.roles.Consumer 
2022-03-16 20:33:05.326 DEBUG [acme.Launcher@main] Found entity class 'acme.roles.Inventor 
2022-03-16 20:33:05.326 DEBUG [acme.Launcher@main] Found entity class 'acme.roles.Patron 
2022-03-16 20:33:05.326 DEBUG [acme.Launcher@main] Found entity class 'acme.roles.Provider 
2022-03-16 20:33:05.327 DEBUG [acme.Launcher@main] Found entity class 'acme.framework.entities.UserAccount 
2022-03-16 20:33:05.327 DEBUG [acme.Launcher@main] Found entity class 'acme.framework.roles.Administrator 
2022-03-16 20:33:05.327 DEBUG [acme.Launcher@main] Found entity class 'acme.framework.roles.Anonymous 
2022-03-16 20:33:05.327 DEBUG [acme.Launcher@main] Found entity class 'acme.framework.roles.Authenticated 
2022-03-16 20:33:05.334 INFO  [acme.Launcher@main] Populating (sample data) 
2022-03-16 20:33:05.335 INFO  [acme.framework.components.database.DatabasePopulator@main] Building database schema 
2022-03-16 20:33:05.368 DEBUG [acme.framework.components.database.DatabaseUtil@main] Executing script. 
2022-03-16 20:33:05.369 DEBUG [acme.framework.components.database.DatabaseUtil@main] Starting new transaction. 
2022-03-16 20:33:05.376 DEBUG [acme.framework.components.database.DatabaseUtil@main] Executing command 'set transaction isolation level read uncommitted;'. 
2022-03-16 20:33:05.396 DEBUG [acme.framework.components.database.DatabaseUtil@main] Starting transaction '1212708513'. 
2022-03-16 20:33:05.397 DEBUG [acme.framework.components.database.DatabaseUtil@main] Executing script command 'set foreign_key_checks=0'. 
2022-03-16 20:33:05.398 DEBUG [acme.framework.components.database.DatabaseUtil@main] Executing script command 'drop table if exists administrator'. 
2022-03-16 20:33:05.422 DEBUG [acme.framework.components.database.DatabaseUtil@main] Executing script command 'drop table if exists announcement'. 
2022-03-16 20:33:05.432 DEBUG [acme.framework.components.database.DatabaseUtil@main] Executing script command 'drop table if exists anonymous'. 
2022-03-16 20:33:05.448 DEBUG [acme.framework.components.database.DatabaseUtil@main] Executing script command 'drop table if exists authenticated'. 
2022-03-16 20:33:05.463 DEBUG [acme.framework.components.database.DatabaseUtil@main] Executing script command 'drop table if exists chirp'. 
2022-03-16 20:33:05.480 DEBUG [acme.framework.components.database.DatabaseUtil@main] Executing script command 'drop table if exists component'. 
2022-03-16 20:33:05.493 DEBUG [acme.framework.components.database.DatabaseUtil@main] Executing script command 'drop table if exists consumer'. 
2022-03-16 20:33:05.507 DEBUG [acme.framework.components.database.DatabaseUtil@main] Executing script command 'drop table if exists hibernate_sequence'. 
2022-03-16 20:33:05.520 DEBUG [acme.framework.components.database.DatabaseUtil@main] Executing script command 'drop table if exists inventor'. 
2022-03-16 20:33:05.534 DEBUG [acme.framework.components.database.DatabaseUtil@main] Executing script command 'drop table if exists patron'. 
2022-03-16 20:33:05.546 DEBUG [acme.framework.components.database.DatabaseUtil@main] Executing script command 'drop table if exists patronage'. 
2022-03-16 20:33:05.566 DEBUG [acme.framework.components.database.DatabaseUtil@main] Executing script command 'drop table if exists provider'. 
2022-03-16 20:33:05.580 DEBUG [acme.framework.components.database.DatabaseUtil@main] Executing script command 'drop table if exists tool'. 
2022-03-16 20:33:05.593 DEBUG [acme.framework.components.database.DatabaseUtil@main] Executing script command 'drop table if exists user_account'. 
2022-03-16 20:33:05.606 DEBUG [acme.framework.components.database.DatabaseUtil@main] Executing script command 'set foreign_key_checks=1'. 
2022-03-16 20:33:05.607 DEBUG [acme.framework.components.database.DatabaseUtil@main] Committing transaction '1212708513'. 
2022-03-16 20:33:05.616 DEBUG [acme.framework.components.database.DatabaseUtil@main] Executing script. 
2022-03-16 20:33:05.616 DEBUG [acme.framework.components.database.DatabaseUtil@main] Starting new transaction. 
2022-03-16 20:33:05.617 DEBUG [acme.framework.components.database.DatabaseUtil@main] Executing command 'set transaction isolation level read uncommitted;'. 
2022-03-16 20:33:05.619 DEBUG [acme.framework.components.database.DatabaseUtil@main] Starting transaction '1211317010'. 
2022-03-16 20:33:05.619 DEBUG [acme.framework.components.database.DatabaseUtil@main] Executing script command 'set foreign_key_checks=0'. 
2022-03-16 20:33:05.620 DEBUG [acme.framework.components.database.DatabaseUtil@main] Executing script command 'create table administrator (id integer not null, version integer not null, user_account_id integer, primary key (id)) engine=InnoDB'. 
2022-03-16 20:33:05.641 DEBUG [acme.framework.components.database.DatabaseUtil@main] Executing script command 'create table announcement (id integer not null, version integer not null, body varchar(255), creation_moment datetime, critical bit, link varchar(255), title varchar(255), primary key (id)) engine=InnoDB'. 
2022-03-16 20:33:05.656 DEBUG [acme.framework.components.database.DatabaseUtil@main] Executing script command 'create table anonymous (id integer not null, version integer not null, user_account_id integer, primary key (id)) engine=InnoDB'. 
2022-03-16 20:33:05.672 DEBUG [acme.framework.components.database.DatabaseUtil@main] Executing script command 'create table authenticated (id integer not null, version integer not null, user_account_id integer, primary key (id)) engine=InnoDB'. 
2022-03-16 20:33:05.693 DEBUG [acme.framework.components.database.DatabaseUtil@main] Executing script command 'create table chirp (id integer not null, version integer not null, author varchar(255), body varchar(255), creation_moment datetime, email varchar(255), title varchar(255), primary key (id)) engine=InnoDB'. 
2022-03-16 20:33:05.710 DEBUG [acme.framework.components.database.DatabaseUtil@main] Executing script command 'create table component (id integer not null, version integer not null, code varchar(255), description varchar(255), link varchar(255), name varchar(255), retail_price double precision, technology varchar(255), primary key (id)) engine=InnoDB'. 
2022-03-16 20:33:05.729 DEBUG [acme.framework.components.database.DatabaseUtil@main] Executing script command 'create table consumer (id integer not null, version integer not null, user_account_id integer, company varchar(255), sector varchar(255), primary key (id)) engine=InnoDB'. 
2022-03-16 20:33:05.749 DEBUG [acme.framework.components.database.DatabaseUtil@main] Executing script command 'create table hibernate_sequence (next_val bigint) engine=InnoDB'. 
2022-03-16 20:33:05.769 DEBUG [acme.framework.components.database.DatabaseUtil@main] Executing script command 'insert into hibernate_sequence values ( 1 )'. 
2022-03-16 20:33:05.772 DEBUG [acme.framework.components.database.DatabaseUtil@main] Executing script command 'create table inventor (id integer not null, version integer not null, user_account_id integer, company varchar(255), info varchar(255), statement varchar(255), primary key (id)) engine=InnoDB'. 
2022-03-16 20:33:05.789 DEBUG [acme.framework.components.database.DatabaseUtil@main] Executing script command 'create table patron (id integer not null, version integer not null, user_account_id integer, company varchar(255), info varchar(255), statement varchar(255), primary key (id)) engine=InnoDB'. 
2022-03-16 20:33:05.807 DEBUG [acme.framework.components.database.DatabaseUtil@main] Executing script command 'create table patronage (id integer not null, version integer not null, budget_amount double precision, budget_currency varchar(255), code varchar(255), info varchar(255), legal_stuff varchar(255), period tinyblob, status integer, inventor_id integer not null, patron_id integer not null, primary key (id)) engine=InnoDB'. 
2022-03-16 20:33:05.828 DEBUG [acme.framework.components.database.DatabaseUtil@main] Executing script command 'create table provider (id integer not null, version integer not null, user_account_id integer, company varchar(255), sector varchar(255), primary key (id)) engine=InnoDB'. 
2022-03-16 20:33:05.848 DEBUG [acme.framework.components.database.DatabaseUtil@main] Executing script command 'create table tool (id integer not null, version integer not null, code varchar(255), description varchar(255), link varchar(255), name varchar(255), retail_price double precision, technology varchar(255), primary key (id)) engine=InnoDB'. 
2022-03-16 20:33:05.864 DEBUG [acme.framework.components.database.DatabaseUtil@main] Executing script command 'create table user_account (id integer not null, version integer not null, enabled bit not null, identity blob, password varchar(255), username varchar(255), primary key (id)) engine=InnoDB'. 
2022-03-16 20:33:05.879 DEBUG [acme.framework.components.database.DatabaseUtil@main] Executing script command 'alter table component add constraint UK_24wq1y3l3mfjohvgtsewd3vo unique (code)'. 
2022-03-16 20:33:05.909 DEBUG [acme.framework.components.database.DatabaseUtil@main] Executing script command 'alter table patronage add constraint UK_7s289l63ihnn85qwyna5cqbfh unique (code)'. 
2022-03-16 20:33:05.934 DEBUG [acme.framework.components.database.DatabaseUtil@main] Executing script command 'alter table tool add constraint UK_puoe6iyimealhblj4mlwyn3t3 unique (code)'. 
2022-03-16 20:33:05.962 DEBUG [acme.framework.components.database.DatabaseUtil@main] Executing script command 'alter table user_account add constraint UK_castjbvpeeus0r8lbpehiu0e4 unique (username)'. 
2022-03-16 20:33:05.986 DEBUG [acme.framework.components.database.DatabaseUtil@main] Executing script command 'alter table administrator add constraint FK_2a5vcjo3stlfcwadosjfq49l1 foreign key (user_account_id) references user_account (id)'. 
2022-03-16 20:33:06.011 DEBUG [acme.framework.components.database.DatabaseUtil@main] Executing script command 'alter table anonymous add constraint FK_6lnbc6fo3om54vugoh8icg78m foreign key (user_account_id) references user_account (id)'. 
2022-03-16 20:33:06.040 DEBUG [acme.framework.components.database.DatabaseUtil@main] Executing script command 'alter table authenticated add constraint FK_h52w0f3wjoi68b63wv9vwon57 foreign key (user_account_id) references user_account (id)'. 
2022-03-16 20:33:06.065 DEBUG [acme.framework.components.database.DatabaseUtil@main] Executing script command 'alter table consumer add constraint FK_6cyha9f1wpj0dpbxrrjddrqed foreign key (user_account_id) references user_account (id)'. 
2022-03-16 20:33:06.091 DEBUG [acme.framework.components.database.DatabaseUtil@main] Executing script command 'alter table inventor add constraint FK_2upmsx50p5pou2l4uy8trxor6 foreign key (user_account_id) references user_account (id)'. 
2022-03-16 20:33:06.121 DEBUG [acme.framework.components.database.DatabaseUtil@main] Executing script command 'alter table patron add constraint FK_8xx5nujhuio3advxc2freyu65 foreign key (user_account_id) references user_account (id)'. 
2022-03-16 20:33:06.148 DEBUG [acme.framework.components.database.DatabaseUtil@main] Executing script command 'alter table patronage add constraint FKgkbt6mel1m6joiypsbc2ko6mi foreign key (inventor_id) references inventor (id)'. 
2022-03-16 20:33:06.175 DEBUG [acme.framework.components.database.DatabaseUtil@main] Executing script command 'alter table patronage add constraint FK7d5o2dlu1d9orplkn5g91lsgc foreign key (patron_id) references patron (id)'. 
2022-03-16 20:33:06.202 DEBUG [acme.framework.components.database.DatabaseUtil@main] Executing script command 'alter table provider add constraint FK_b1gwnjqm6ggy9yuiqm0o4rlmd foreign key (user_account_id) references user_account (id)'. 
2022-03-16 20:33:06.228 DEBUG [acme.framework.components.database.DatabaseUtil@main] Executing script command 'set foreign_key_checks=1'. 
2022-03-16 20:33:06.229 DEBUG [acme.framework.components.database.DatabaseUtil@main] Committing transaction '1211317010'. 
2022-03-16 20:33:06.232 INFO  [acme.framework.components.database.DatabasePopulator@main] Reading entities from 'classpath:/WEB-INF/resources/initial-data' 
2022-03-16 20:33:06.237 DEBUG [acme.framework.components.database.Dataset@main] Reading dataset from 'C:\Users\rober\Desktop\DP2\Workspace-22.0\Projects\Acme-Toolkits-E3.08\target\classes\WEB-INF\resources\initial-data\administrator.csv' 
2022-03-16 20:33:06.335 DEBUG [acme.framework.components.database.Dataset@main] Reading mapping '{key:user-account=user-account-administrator-01, key=administrator-01}' from 'C:\Users\rober\Desktop\DP2\Workspace-22.0\Projects\Acme-Toolkits-E3.08\target\classes\WEB-INF\resources\initial-data\administrator.csv' 
2022-03-16 20:33:06.337 DEBUG [acme.framework.components.database.Dataset@main] Reading dataset from 'C:\Users\rober\Desktop\DP2\Workspace-22.0\Projects\Acme-Toolkits-E3.08\target\classes\WEB-INF\resources\initial-data\anonymous.csv' 
2022-03-16 20:33:06.337 DEBUG [acme.framework.components.database.Dataset@main] Reading mapping '{key:user-account=user-account-anonymous-01, key=anonymous-01}' from 'C:\Users\rober\Desktop\DP2\Workspace-22.0\Projects\Acme-Toolkits-E3.08\target\classes\WEB-INF\resources\initial-data\anonymous.csv' 
2022-03-16 20:33:06.338 DEBUG [acme.framework.components.database.Dataset@main] Reading dataset from 'C:\Users\rober\Desktop\DP2\Workspace-22.0\Projects\Acme-Toolkits-E3.08\target\classes\WEB-INF\resources\initial-data\authenticated.csv' 
2022-03-16 20:33:06.338 DEBUG [acme.framework.components.database.Dataset@main] Reading mapping '{key:user-account=user-account-administrator-01, key=authenticated-administrator-01}' from 'C:\Users\rober\Desktop\DP2\Workspace-22.0\Projects\Acme-Toolkits-E3.08\target\classes\WEB-INF\resources\initial-data\authenticated.csv' 
2022-03-16 20:33:06.339 DEBUG [acme.framework.components.database.Dataset@main] Reading dataset from 'C:\Users\rober\Desktop\DP2\Workspace-22.0\Projects\Acme-Toolkits-E3.08\target\classes\WEB-INF\resources\initial-data\user-account.csv' 
2022-03-16 20:33:06.339 DEBUG [acme.framework.components.database.Dataset@main] Reading mapping '{password=HIDDEN-PASSWORD, identity=UserIdentity{name: 'John', surname: 'Doe', email: 'john.doe@acme.com'}, key=user-account-anonymous-01, enabled=false, username=anonymous}' from 'C:\Users\rober\Desktop\DP2\Workspace-22.0\Projects\Acme-Toolkits-E3.08\target\classes\WEB-INF\resources\initial-data\user-account.csv' 
2022-03-16 20:33:06.339 DEBUG [acme.framework.components.database.Dataset@main] Reading mapping '{password=administrator, identity=UserIdentity{name: 'Administrator', surname: 'Acme', email: 'administrator@acme.com'}, key=user-account-administrator-01, enabled=true, username=administrator}' from 'C:\Users\rober\Desktop\DP2\Workspace-22.0\Projects\Acme-Toolkits-E3.08\target\classes\WEB-INF\resources\initial-data\user-account.csv' 
2022-03-16 20:33:06.340 DEBUG [acme.framework.components.database.EntityWeb@main] Setting attributes of entities of class acme.framework.roles.Authenticated 
2022-03-16 20:33:06.340 DEBUG [acme.framework.components.database.EntityWeb@main] Setting attributes of entities of class acme.framework.roles.Administrator 
2022-03-16 20:33:06.340 DEBUG [acme.framework.components.database.EntityWeb@main] Setting attributes of entities of class acme.framework.roles.Anonymous 
2022-03-16 20:33:06.340 DEBUG [acme.framework.components.database.EntityWeb@main] Setting attributes of entities of class acme.framework.entities.UserAccount 
2022-03-16 20:33:06.564 DEBUG [acme.framework.components.database.EntityWeb@main] Linking entities of class acme.framework.roles.Authenticated 
2022-03-16 20:33:06.570 DEBUG [acme.framework.components.database.EntityWeb@main] Linking entities of class acme.framework.roles.Administrator 
2022-03-16 20:33:06.573 DEBUG [acme.framework.components.database.EntityWeb@main] Linking entities of class acme.framework.roles.Anonymous 
2022-03-16 20:33:06.577 DEBUG [acme.framework.components.database.EntityWeb@main] Linking entities of class acme.framework.entities.UserAccount 
2022-03-16 20:33:06.577 INFO  [acme.framework.components.database.DatabasePopulator@main] Reading entities from 'classpath:/WEB-INF/resources/sample-data' 
2022-03-16 20:33:06.579 DEBUG [acme.framework.components.database.Dataset@main] Reading dataset from 'C:\Users\rober\Desktop\DP2\Workspace-22.0\Projects\Acme-Toolkits-E3.08\target\classes\WEB-INF\resources\sample-data\consumer.csv' 
2022-03-16 20:33:06.579 DEBUG [acme.framework.components.database.Dataset@main] Reading mapping '{key:user-account=user-account-administrator-01, company=Macarena, Inc., sector=Telecommunications, key=consumer-01}' from 'C:\Users\rober\Desktop\DP2\Workspace-22.0\Projects\Acme-Toolkits-E3.08\target\classes\WEB-INF\resources\sample-data\consumer.csv' 
2022-03-16 20:33:06.580 DEBUG [acme.framework.components.database.Dataset@main] Reading dataset from 'C:\Users\rober\Desktop\DP2\Workspace-22.0\Projects\Acme-Toolkits-E3.08\target\classes\WEB-INF\resources\sample-data\provider.csv' 
2022-03-16 20:33:06.581 DEBUG [acme.framework.components.database.Dataset@main] Reading mapping '{key:user-account=user-account-administrator-01, company=Terra Nets, S.A., sector=Internet, key=provider-01}' from 'C:\Users\rober\Desktop\DP2\Workspace-22.0\Projects\Acme-Toolkits-E3.08\target\classes\WEB-INF\resources\sample-data\provider.csv' 
2022-03-16 20:33:06.581 DEBUG [acme.framework.components.database.Dataset@main] Reading dataset from 'C:\Users\rober\Desktop\DP2\Workspace-22.0\Projects\Acme-Toolkits-E3.08\target\classes\WEB-INF\resources\sample-data\user-account.csv' 
2022-03-16 20:33:06.585 ERROR [acme.Launcher@main] acme.framework.components.database.Dataset.readDataset(Dataset.java:178): C:\Users\rober\Desktop\DP2\Workspace-22.0\Projects\Acme-Toolkits-E3.08\target\classes\WEB-INF\resources\sample-data\user-account.csv: Error on record number 2: The number of data elements is not the same as the number of header elements. Expected 5, found 7. 
2022-03-16 20:33:06.586 INFO  [acme.Launcher@main] The application log provides additional debugging messages! 
2022-03-16 20:33:07.919 INFO  [acme.framework.configuration.ShutdownConfiguration@main] The system is shutting down... 
2022-03-16 20:33:07.935 DEBUG [acme.Launcher@main] Exit code = 0 
