2022-04-21 12:23:07.674 INFO  [acme.Launcher@main] Starting Launcher using Java 1.8.0_281 on DESKTOP-6R5AMBF with PID 7792 (C:\Users\USUARIO\OneDrive - UNIVERSIDAD DE SEVILLA\Escritorio\Workspace-22.0\Frameworks\Acme-Framework-22.3\target\classes started by USUARIO in C:\Users\USUARIO\OneDrive - UNIVERSIDAD DE SEVILLA\Escritorio\Workspace-22.0\Projects\Acme-Toolkits-E3.08) 
2022-04-21 12:23:07.675 DEBUG [acme.Launcher@main] Running with Spring Boot v2.4.2, Spring v5.3.3 
2022-04-21 12:23:07.677 INFO  [acme.Launcher@main] The following profiles are active: development,populator 
2022-04-21 12:23:13.392 DEBUG [org.apache.jasper.servlet.JasperInitializer@main] Initializing Jasper for context [application] 
2022-04-21 12:23:20.755 DEBUG [org.apache.jasper.servlet.JspServlet@main] Scratch dir for the JSP engine is: [C:\Users\USUARIO\AppData\Local\Temp\tomcat.8083.5960904097587161977\work\Tomcat\localhost\acme-toolkits-e3.08-1.0] 
2022-04-21 12:23:20.756 DEBUG [org.apache.jasper.servlet.JspServlet@main] IMPORTANT: Do not modify the generated servlets 
2022-04-21 12:23:20.805 INFO  [acme.Launcher@main] Started Launcher in 14.506 seconds (JVM running for 15.684) 
2022-04-21 12:23:20.814 DEBUG [acme.Launcher@main] Found classpath entry '/C:/Users/USUARIO/OneDrive%20-%20UNIVERSIDAD%20DE%20SEVILLA/Escritorio/Workspace-22.0/Projects/Acme-Toolkits-E3.08/target/test-classes/' 
2022-04-21 12:23:20.814 DEBUG [acme.Launcher@main] Found classpath entry '/C:/Users/USUARIO/OneDrive%20-%20UNIVERSIDAD%20DE%20SEVILLA/Escritorio/Workspace-22.0/Projects/Acme-Toolkits-E3.08/target/classes/' 
2022-04-21 12:23:20.814 DEBUG [acme.Launcher@main] Found classpath entry '/C:/Users/USUARIO/OneDrive%20-%20UNIVERSIDAD%20DE%20SEVILLA/Escritorio/Workspace-22.0/Frameworks/Acme-Framework-22.3/target/classes/' 
2022-04-21 12:23:20.814 DEBUG [acme.Launcher@main] Found classpath entry '/C:/Users/USUARIO/OneDrive%20-%20UNIVERSIDAD%20DE%20SEVILLA/Escritorio/Workspace-22.0/Frameworks/Acme-Framework-22.3/target/test-classes/' 
2022-04-21 12:23:20.815 DEBUG [acme.Launcher@main] Found classpath entry '/C:/Users/USUARIO/.m2/repository/org/springframework/boot/spring-boot-starter-tomcat/2.4.2/spring-boot-starter-tomcat-2.4.2.jar' 
2022-04-21 12:23:20.815 DEBUG [acme.Launcher@main] Found classpath entry '/C:/Users/USUARIO/.m2/repository/jakarta/annotation/jakarta.annotation-api/1.3.5/jakarta.annotation-api-1.3.5.jar' 
2022-04-21 12:23:20.815 DEBUG [acme.Launcher@main] Found classpath entry '/C:/Users/USUARIO/.m2/repository/org/apache/tomcat/embed/tomcat-embed-core/9.0.41/tomcat-embed-core-9.0.41.jar' 
2022-04-21 12:23:20.816 DEBUG [acme.Launcher@main] Found classpath entry '/C:/Users/USUARIO/.m2/repository/org/glassfish/jakarta.el/3.0.3/jakarta.el-3.0.3.jar' 
2022-04-21 12:23:20.816 DEBUG [acme.Launcher@main] Found classpath entry '/C:/Users/USUARIO/.m2/repository/org/apache/tomcat/embed/tomcat-embed-websocket/9.0.41/tomcat-embed-websocket-9.0.41.jar' 
2022-04-21 12:23:20.816 DEBUG [acme.Launcher@main] Found classpath entry '/C:/Users/USUARIO/.m2/repository/org/apache/tomcat/embed/tomcat-embed-jasper/9.0.41/tomcat-embed-jasper-9.0.41.jar' 
2022-04-21 12:23:20.816 DEBUG [acme.Launcher@main] Found classpath entry '/C:/Users/USUARIO/.m2/repository/org/apache/tomcat/embed/tomcat-embed-el/9.0.41/tomcat-embed-el-9.0.41.jar' 
2022-04-21 12:23:20.816 DEBUG [acme.Launcher@main] Found classpath entry '/C:/Users/USUARIO/.m2/repository/org/eclipse/jdt/ecj/3.18.0/ecj-3.18.0.jar' 
2022-04-21 12:23:20.816 DEBUG [acme.Launcher@main] Found classpath entry '/C:/Users/USUARIO/.m2/repository/javax/servlet/jstl/1.2/jstl-1.2.jar' 
2022-04-21 12:23:20.817 DEBUG [acme.Launcher@main] Found classpath entry '/C:/Users/USUARIO/.m2/repository/org/springframework/boot/spring-boot-starter-test/2.4.2/spring-boot-starter-test-2.4.2.jar' 
2022-04-21 12:23:20.817 DEBUG [acme.Launcher@main] Found classpath entry '/C:/Users/USUARIO/.m2/repository/org/springframework/boot/spring-boot-starter/2.4.2/spring-boot-starter-2.4.2.jar' 
2022-04-21 12:23:20.818 DEBUG [acme.Launcher@main] Found classpath entry '/C:/Users/USUARIO/.m2/repository/org/springframework/boot/spring-boot/2.4.2/spring-boot-2.4.2.jar' 
2022-04-21 12:23:20.818 DEBUG [acme.Launcher@main] Found classpath entry '/C:/Users/USUARIO/.m2/repository/org/springframework/boot/spring-boot-autoconfigure/2.4.2/spring-boot-autoconfigure-2.4.2.jar' 
2022-04-21 12:23:20.818 DEBUG [acme.Launcher@main] Found classpath entry '/C:/Users/USUARIO/.m2/repository/org/springframework/boot/spring-boot-starter-logging/2.4.2/spring-boot-starter-logging-2.4.2.jar' 
2022-04-21 12:23:20.818 DEBUG [acme.Launcher@main] Found classpath entry '/C:/Users/USUARIO/.m2/repository/ch/qos/logback/logback-classic/1.2.3/logback-classic-1.2.3.jar' 
2022-04-21 12:23:20.818 DEBUG [acme.Launcher@main] Found classpath entry '/C:/Users/USUARIO/.m2/repository/ch/qos/logback/logback-core/1.2.3/logback-core-1.2.3.jar' 
2022-04-21 12:23:20.818 DEBUG [acme.Launcher@main] Found classpath entry '/C:/Users/USUARIO/.m2/repository/org/apache/logging/log4j/log4j-to-slf4j/2.13.3/log4j-to-slf4j-2.13.3.jar' 
2022-04-21 12:23:20.819 DEBUG [acme.Launcher@main] Found classpath entry '/C:/Users/USUARIO/.m2/repository/org/apache/logging/log4j/log4j-api/2.13.3/log4j-api-2.13.3.jar' 
2022-04-21 12:23:20.819 DEBUG [acme.Launcher@main] Found classpath entry '/C:/Users/USUARIO/.m2/repository/org/slf4j/jul-to-slf4j/1.7.30/jul-to-slf4j-1.7.30.jar' 
2022-04-21 12:23:20.820 DEBUG [acme.Launcher@main] Found classpath entry '/C:/Users/USUARIO/.m2/repository/org/yaml/snakeyaml/1.27/snakeyaml-1.27.jar' 
2022-04-21 12:23:20.820 DEBUG [acme.Launcher@main] Found classpath entry '/C:/Users/USUARIO/.m2/repository/org/springframework/boot/spring-boot-test/2.4.2/spring-boot-test-2.4.2.jar' 
2022-04-21 12:23:20.820 DEBUG [acme.Launcher@main] Found classpath entry '/C:/Users/USUARIO/.m2/repository/org/springframework/boot/spring-boot-test-autoconfigure/2.4.2/spring-boot-test-autoconfigure-2.4.2.jar' 
2022-04-21 12:23:20.820 DEBUG [acme.Launcher@main] Found classpath entry '/C:/Users/USUARIO/.m2/repository/com/jayway/jsonpath/json-path/2.4.0/json-path-2.4.0.jar' 
2022-04-21 12:23:20.820 DEBUG [acme.Launcher@main] Found classpath entry '/C:/Users/USUARIO/.m2/repository/net/minidev/json-smart/2.3/json-smart-2.3.jar' 
2022-04-21 12:23:20.820 DEBUG [acme.Launcher@main] Found classpath entry '/C:/Users/USUARIO/.m2/repository/net/minidev/accessors-smart/1.2/accessors-smart-1.2.jar' 
2022-04-21 12:23:20.821 DEBUG [acme.Launcher@main] Found classpath entry '/C:/Users/USUARIO/.m2/repository/org/ow2/asm/asm/5.0.4/asm-5.0.4.jar' 
2022-04-21 12:23:20.821 DEBUG [acme.Launcher@main] Found classpath entry '/C:/Users/USUARIO/.m2/repository/jakarta/xml/bind/jakarta.xml.bind-api/2.3.3/jakarta.xml.bind-api-2.3.3.jar' 
2022-04-21 12:23:20.821 DEBUG [acme.Launcher@main] Found classpath entry '/C:/Users/USUARIO/.m2/repository/jakarta/activation/jakarta.activation-api/1.2.2/jakarta.activation-api-1.2.2.jar' 
2022-04-21 12:23:20.821 DEBUG [acme.Launcher@main] Found classpath entry '/C:/Users/USUARIO/.m2/repository/org/assertj/assertj-core/3.18.1/assertj-core-3.18.1.jar' 
2022-04-21 12:23:20.822 DEBUG [acme.Launcher@main] Found classpath entry '/C:/Users/USUARIO/.m2/repository/org/hamcrest/hamcrest/2.2/hamcrest-2.2.jar' 
2022-04-21 12:23:20.822 DEBUG [acme.Launcher@main] Found classpath entry '/C:/Users/USUARIO/.m2/repository/org/junit/jupiter/junit-jupiter/5.7.0/junit-jupiter-5.7.0.jar' 
2022-04-21 12:23:20.822 DEBUG [acme.Launcher@main] Found classpath entry '/C:/Users/USUARIO/.m2/repository/org/mockito/mockito-core/3.6.28/mockito-core-3.6.28.jar' 
2022-04-21 12:23:20.822 DEBUG [acme.Launcher@main] Found classpath entry '/C:/Users/USUARIO/.m2/repository/net/bytebuddy/byte-buddy-agent/1.10.19/byte-buddy-agent-1.10.19.jar' 
2022-04-21 12:23:20.822 DEBUG [acme.Launcher@main] Found classpath entry '/C:/Users/USUARIO/.m2/repository/org/objenesis/objenesis/3.1/objenesis-3.1.jar' 
2022-04-21 12:23:20.822 DEBUG [acme.Launcher@main] Found classpath entry '/C:/Users/USUARIO/.m2/repository/org/mockito/mockito-junit-jupiter/3.6.28/mockito-junit-jupiter-3.6.28.jar' 
2022-04-21 12:23:20.823 DEBUG [acme.Launcher@main] Found classpath entry '/C:/Users/USUARIO/.m2/repository/org/skyscreamer/jsonassert/1.5.0/jsonassert-1.5.0.jar' 
2022-04-21 12:23:20.823 DEBUG [acme.Launcher@main] Found classpath entry '/C:/Users/USUARIO/.m2/repository/com/vaadin/external/google/android-json/0.0.20131108.vaadin1/android-json-0.0.20131108.vaadin1.jar' 
2022-04-21 12:23:20.823 DEBUG [acme.Launcher@main] Found classpath entry '/C:/Users/USUARIO/.m2/repository/org/springframework/spring-core/5.3.3/spring-core-5.3.3.jar' 
2022-04-21 12:23:20.823 DEBUG [acme.Launcher@main] Found classpath entry '/C:/Users/USUARIO/.m2/repository/org/springframework/spring-jcl/5.3.3/spring-jcl-5.3.3.jar' 
2022-04-21 12:23:20.823 DEBUG [acme.Launcher@main] Found classpath entry '/C:/Users/USUARIO/.m2/repository/org/springframework/spring-test/5.3.3/spring-test-5.3.3.jar' 
2022-04-21 12:23:20.824 DEBUG [acme.Launcher@main] Found classpath entry '/C:/Users/USUARIO/.m2/repository/org/xmlunit/xmlunit-core/2.7.0/xmlunit-core-2.7.0.jar' 
2022-04-21 12:23:20.824 DEBUG [acme.Launcher@main] Found classpath entry '/C:/Users/USUARIO/.m2/repository/org/springframework/boot/spring-boot-starter-security/2.4.2/spring-boot-starter-security-2.4.2.jar' 
2022-04-21 12:23:20.824 DEBUG [acme.Launcher@main] Found classpath entry '/C:/Users/USUARIO/.m2/repository/org/springframework/spring-aop/5.3.3/spring-aop-5.3.3.jar' 
2022-04-21 12:23:20.824 DEBUG [acme.Launcher@main] Found classpath entry '/C:/Users/USUARIO/.m2/repository/org/springframework/security/spring-security-web/5.4.2/spring-security-web-5.4.2.jar' 
2022-04-21 12:23:20.824 DEBUG [acme.Launcher@main] Found classpath entry '/C:/Users/USUARIO/.m2/repository/org/springframework/security/spring-security-core/5.4.2/spring-security-core-5.4.2.jar' 
2022-04-21 12:23:20.825 DEBUG [acme.Launcher@main] Found classpath entry '/C:/Users/USUARIO/.m2/repository/org/springframework/spring-beans/5.3.3/spring-beans-5.3.3.jar' 
2022-04-21 12:23:20.825 DEBUG [acme.Launcher@main] Found classpath entry '/C:/Users/USUARIO/.m2/repository/org/springframework/spring-context/5.3.3/spring-context-5.3.3.jar' 
2022-04-21 12:23:20.825 DEBUG [acme.Launcher@main] Found classpath entry '/C:/Users/USUARIO/.m2/repository/org/springframework/spring-expression/5.3.3/spring-expression-5.3.3.jar' 
2022-04-21 12:23:20.826 DEBUG [acme.Launcher@main] Found classpath entry '/C:/Users/USUARIO/.m2/repository/org/springframework/spring-web/5.3.3/spring-web-5.3.3.jar' 
2022-04-21 12:23:20.826 DEBUG [acme.Launcher@main] Found classpath entry '/C:/Users/USUARIO/.m2/repository/org/springframework/security/spring-security-config/5.4.2/spring-security-config-5.4.2.jar' 
2022-04-21 12:23:20.826 DEBUG [acme.Launcher@main] Found classpath entry '/C:/Users/USUARIO/.m2/repository/org/springframework/security/spring-security-taglibs/5.4.2/spring-security-taglibs-5.4.2.jar' 
2022-04-21 12:23:20.826 DEBUG [acme.Launcher@main] Found classpath entry '/C:/Users/USUARIO/.m2/repository/org/springframework/security/spring-security-acl/5.4.2/spring-security-acl-5.4.2.jar' 
2022-04-21 12:23:20.826 DEBUG [acme.Launcher@main] Found classpath entry '/C:/Users/USUARIO/.m2/repository/org/springframework/spring-jdbc/5.3.3/spring-jdbc-5.3.3.jar' 
2022-04-21 12:23:20.826 DEBUG [acme.Launcher@main] Found classpath entry '/C:/Users/USUARIO/.m2/repository/org/springframework/spring-tx/5.3.3/spring-tx-5.3.3.jar' 
2022-04-21 12:23:20.827 DEBUG [acme.Launcher@main] Found classpath entry '/C:/Users/USUARIO/.m2/repository/org/springframework/boot/spring-boot-starter-web/2.4.2/spring-boot-starter-web-2.4.2.jar' 
2022-04-21 12:23:20.827 DEBUG [acme.Launcher@main] Found classpath entry '/C:/Users/USUARIO/.m2/repository/org/springframework/boot/spring-boot-starter-json/2.4.2/spring-boot-starter-json-2.4.2.jar' 
2022-04-21 12:23:20.827 DEBUG [acme.Launcher@main] Found classpath entry '/C:/Users/USUARIO/.m2/repository/com/fasterxml/jackson/core/jackson-databind/2.11.4/jackson-databind-2.11.4.jar' 
2022-04-21 12:23:20.828 DEBUG [acme.Launcher@main] Found classpath entry '/C:/Users/USUARIO/.m2/repository/com/fasterxml/jackson/core/jackson-annotations/2.11.4/jackson-annotations-2.11.4.jar' 
2022-04-21 12:23:20.828 DEBUG [acme.Launcher@main] Found classpath entry '/C:/Users/USUARIO/.m2/repository/com/fasterxml/jackson/core/jackson-core/2.11.4/jackson-core-2.11.4.jar' 
2022-04-21 12:23:20.828 DEBUG [acme.Launcher@main] Found classpath entry '/C:/Users/USUARIO/.m2/repository/com/fasterxml/jackson/datatype/jackson-datatype-jdk8/2.11.4/jackson-datatype-jdk8-2.11.4.jar' 
2022-04-21 12:23:20.828 DEBUG [acme.Launcher@main] Found classpath entry '/C:/Users/USUARIO/.m2/repository/com/fasterxml/jackson/datatype/jackson-datatype-jsr310/2.11.4/jackson-datatype-jsr310-2.11.4.jar' 
2022-04-21 12:23:20.828 DEBUG [acme.Launcher@main] Found classpath entry '/C:/Users/USUARIO/.m2/repository/com/fasterxml/jackson/module/jackson-module-parameter-names/2.11.4/jackson-module-parameter-names-2.11.4.jar' 
2022-04-21 12:23:20.828 DEBUG [acme.Launcher@main] Found classpath entry '/C:/Users/USUARIO/.m2/repository/org/springframework/spring-webmvc/5.3.3/spring-webmvc-5.3.3.jar' 
2022-04-21 12:23:20.828 DEBUG [acme.Launcher@main] Found classpath entry '/C:/Users/USUARIO/.m2/repository/org/apache/tiles/tiles-jsp/3.0.8/tiles-jsp-3.0.8.jar' 
2022-04-21 12:23:20.829 DEBUG [acme.Launcher@main] Found classpath entry '/C:/Users/USUARIO/.m2/repository/org/apache/tiles/tiles-servlet/3.0.8/tiles-servlet-3.0.8.jar' 
2022-04-21 12:23:20.829 DEBUG [acme.Launcher@main] Found classpath entry '/C:/Users/USUARIO/.m2/repository/org/apache/tiles/tiles-core/3.0.8/tiles-core-3.0.8.jar' 
2022-04-21 12:23:20.829 DEBUG [acme.Launcher@main] Found classpath entry '/C:/Users/USUARIO/.m2/repository/commons-digester/commons-digester/2.0/commons-digester-2.0.jar' 
2022-04-21 12:23:20.831 DEBUG [acme.Launcher@main] Found classpath entry '/C:/Users/USUARIO/.m2/repository/org/slf4j/jcl-over-slf4j/1.7.30/jcl-over-slf4j-1.7.30.jar' 
2022-04-21 12:23:20.831 DEBUG [acme.Launcher@main] Found classpath entry '/C:/Users/USUARIO/.m2/repository/org/apache/tiles/tiles-request-servlet/1.0.7/tiles-request-servlet-1.0.7.jar' 
2022-04-21 12:23:20.832 DEBUG [acme.Launcher@main] Found classpath entry '/C:/Users/USUARIO/.m2/repository/org/apache/tiles/tiles-template/3.0.8/tiles-template-3.0.8.jar' 
2022-04-21 12:23:20.832 DEBUG [acme.Launcher@main] Found classpath entry '/C:/Users/USUARIO/.m2/repository/org/apache/tiles/tiles-api/3.0.8/tiles-api-3.0.8.jar' 
2022-04-21 12:23:20.832 DEBUG [acme.Launcher@main] Found classpath entry '/C:/Users/USUARIO/.m2/repository/org/apache/tiles/tiles-autotag-core-runtime/1.2/tiles-autotag-core-runtime-1.2.jar' 
2022-04-21 12:23:20.832 DEBUG [acme.Launcher@main] Found classpath entry '/C:/Users/USUARIO/.m2/repository/org/slf4j/slf4j-api/1.7.30/slf4j-api-1.7.30.jar' 
2022-04-21 12:23:20.832 DEBUG [acme.Launcher@main] Found classpath entry '/C:/Users/USUARIO/.m2/repository/org/apache/tiles/tiles-request-jsp/1.0.7/tiles-request-jsp-1.0.7.jar' 
2022-04-21 12:23:20.832 DEBUG [acme.Launcher@main] Found classpath entry '/C:/Users/USUARIO/.m2/repository/org/apache/tiles/tiles-request-api/1.0.7/tiles-request-api-1.0.7.jar' 
2022-04-21 12:23:20.832 DEBUG [acme.Launcher@main] Found classpath entry '/C:/Users/USUARIO/.m2/repository/org/springframework/boot/spring-boot-starter-data-jpa/2.4.2/spring-boot-starter-data-jpa-2.4.2.jar' 
2022-04-21 12:23:20.832 DEBUG [acme.Launcher@main] Found classpath entry '/C:/Users/USUARIO/.m2/repository/org/springframework/boot/spring-boot-starter-aop/2.4.2/spring-boot-starter-aop-2.4.2.jar' 
2022-04-21 12:23:20.833 DEBUG [acme.Launcher@main] Found classpath entry '/C:/Users/USUARIO/.m2/repository/org/aspectj/aspectjweaver/1.9.6/aspectjweaver-1.9.6.jar' 
2022-04-21 12:23:20.833 DEBUG [acme.Launcher@main] Found classpath entry '/C:/Users/USUARIO/.m2/repository/org/springframework/boot/spring-boot-starter-jdbc/2.4.2/spring-boot-starter-jdbc-2.4.2.jar' 
2022-04-21 12:23:20.833 DEBUG [acme.Launcher@main] Found classpath entry '/C:/Users/USUARIO/.m2/repository/jakarta/transaction/jakarta.transaction-api/1.3.3/jakarta.transaction-api-1.3.3.jar' 
2022-04-21 12:23:20.833 DEBUG [acme.Launcher@main] Found classpath entry '/C:/Users/USUARIO/.m2/repository/jakarta/persistence/jakarta.persistence-api/2.2.3/jakarta.persistence-api-2.2.3.jar' 
2022-04-21 12:23:20.834 DEBUG [acme.Launcher@main] Found classpath entry '/C:/Users/USUARIO/.m2/repository/org/hibernate/hibernate-core/5.4.27.Final/hibernate-core-5.4.27.Final.jar' 
2022-04-21 12:23:20.834 DEBUG [acme.Launcher@main] Found classpath entry '/C:/Users/USUARIO/.m2/repository/org/jboss/logging/jboss-logging/3.4.1.Final/jboss-logging-3.4.1.Final.jar' 
2022-04-21 12:23:20.834 DEBUG [acme.Launcher@main] Found classpath entry '/C:/Users/USUARIO/.m2/repository/org/javassist/javassist/3.27.0-GA/javassist-3.27.0-GA.jar' 
2022-04-21 12:23:20.834 DEBUG [acme.Launcher@main] Found classpath entry '/C:/Users/USUARIO/.m2/repository/antlr/antlr/2.7.7/antlr-2.7.7.jar' 
2022-04-21 12:23:20.834 DEBUG [acme.Launcher@main] Found classpath entry '/C:/Users/USUARIO/.m2/repository/org/jboss/jandex/2.1.3.Final/jandex-2.1.3.Final.jar' 
2022-04-21 12:23:20.834 DEBUG [acme.Launcher@main] Found classpath entry '/C:/Users/USUARIO/.m2/repository/com/fasterxml/classmate/1.5.1/classmate-1.5.1.jar' 
2022-04-21 12:23:20.834 DEBUG [acme.Launcher@main] Found classpath entry '/C:/Users/USUARIO/.m2/repository/org/dom4j/dom4j/2.1.3/dom4j-2.1.3.jar' 
2022-04-21 12:23:20.835 DEBUG [acme.Launcher@main] Found classpath entry '/C:/Users/USUARIO/.m2/repository/org/hibernate/common/hibernate-commons-annotations/5.1.2.Final/hibernate-commons-annotations-5.1.2.Final.jar' 
2022-04-21 12:23:20.835 DEBUG [acme.Launcher@main] Found classpath entry '/C:/Users/USUARIO/.m2/repository/org/glassfish/jaxb/jaxb-runtime/2.3.3/jaxb-runtime-2.3.3.jar' 
2022-04-21 12:23:20.835 DEBUG [acme.Launcher@main] Found classpath entry '/C:/Users/USUARIO/.m2/repository/org/glassfish/jaxb/txw2/2.3.3/txw2-2.3.3.jar' 
2022-04-21 12:23:20.836 DEBUG [acme.Launcher@main] Found classpath entry '/C:/Users/USUARIO/.m2/repository/com/sun/istack/istack-commons-runtime/3.0.11/istack-commons-runtime-3.0.11.jar' 
2022-04-21 12:23:20.836 DEBUG [acme.Launcher@main] Found classpath entry '/C:/Users/USUARIO/.m2/repository/com/sun/activation/jakarta.activation/1.2.2/jakarta.activation-1.2.2.jar' 
2022-04-21 12:23:20.836 DEBUG [acme.Launcher@main] Found classpath entry '/C:/Users/USUARIO/.m2/repository/org/springframework/data/spring-data-jpa/2.4.3/spring-data-jpa-2.4.3.jar' 
2022-04-21 12:23:20.836 DEBUG [acme.Launcher@main] Found classpath entry '/C:/Users/USUARIO/.m2/repository/org/springframework/data/spring-data-commons/2.4.3/spring-data-commons-2.4.3.jar' 
2022-04-21 12:23:20.836 DEBUG [acme.Launcher@main] Found classpath entry '/C:/Users/USUARIO/.m2/repository/org/springframework/spring-orm/5.3.3/spring-orm-5.3.3.jar' 
2022-04-21 12:23:20.836 DEBUG [acme.Launcher@main] Found classpath entry '/C:/Users/USUARIO/.m2/repository/org/springframework/spring-aspects/5.3.3/spring-aspects-5.3.3.jar' 
2022-04-21 12:23:20.836 DEBUG [acme.Launcher@main] Found classpath entry '/C:/Users/USUARIO/.m2/repository/org/springframework/boot/spring-boot-starter-validation/2.4.2/spring-boot-starter-validation-2.4.2.jar' 
2022-04-21 12:23:20.836 DEBUG [acme.Launcher@main] Found classpath entry '/C:/Users/USUARIO/.m2/repository/org/hibernate/validator/hibernate-validator/6.1.7.Final/hibernate-validator-6.1.7.Final.jar' 
2022-04-21 12:23:20.837 DEBUG [acme.Launcher@main] Found classpath entry '/C:/Users/USUARIO/.m2/repository/jakarta/validation/jakarta.validation-api/2.0.2/jakarta.validation-api-2.0.2.jar' 
2022-04-21 12:23:20.837 DEBUG [acme.Launcher@main] Found classpath entry '/C:/Users/USUARIO/.m2/repository/mysql/mysql-connector-java/8.0.22/mysql-connector-java-8.0.22.jar' 
2022-04-21 12:23:20.837 DEBUG [acme.Launcher@main] Found classpath entry '/C:/Users/USUARIO/.m2/repository/com/zaxxer/HikariCP/3.4.5/HikariCP-3.4.5.jar' 
2022-04-21 12:23:20.838 DEBUG [acme.Launcher@main] Found classpath entry '/C:/Users/USUARIO/.m2/repository/org/junit/jupiter/junit-jupiter-engine/5.7.0/junit-jupiter-engine-5.7.0.jar' 
2022-04-21 12:23:20.838 DEBUG [acme.Launcher@main] Found classpath entry '/C:/Users/USUARIO/.m2/repository/org/apiguardian/apiguardian-api/1.1.0/apiguardian-api-1.1.0.jar' 
2022-04-21 12:23:20.838 DEBUG [acme.Launcher@main] Found classpath entry '/C:/Users/USUARIO/.m2/repository/org/junit/platform/junit-platform-engine/1.7.0/junit-platform-engine-1.7.0.jar' 
2022-04-21 12:23:20.838 DEBUG [acme.Launcher@main] Found classpath entry '/C:/Users/USUARIO/.m2/repository/org/junit/jupiter/junit-jupiter-api/5.7.0/junit-jupiter-api-5.7.0.jar' 
2022-04-21 12:23:20.838 DEBUG [acme.Launcher@main] Found classpath entry '/C:/Users/USUARIO/.m2/repository/org/opentest4j/opentest4j/1.2.0/opentest4j-1.2.0.jar' 
2022-04-21 12:23:20.838 DEBUG [acme.Launcher@main] Found classpath entry '/C:/Users/USUARIO/.m2/repository/org/junit/platform/junit-platform-commons/1.7.0/junit-platform-commons-1.7.0.jar' 
2022-04-21 12:23:20.838 DEBUG [acme.Launcher@main] Found classpath entry '/C:/Users/USUARIO/.m2/repository/org/junit/jupiter/junit-jupiter-params/5.7.0/junit-jupiter-params-5.7.0.jar' 
2022-04-21 12:23:20.838 DEBUG [acme.Launcher@main] Found classpath entry '/C:/Users/USUARIO/.m2/repository/org/junit/platform/junit-platform-launcher/1.7.0/junit-platform-launcher-1.7.0.jar' 
2022-04-21 12:23:20.839 DEBUG [acme.Launcher@main] Found classpath entry '/C:/Users/USUARIO/.m2/repository/org/seleniumhq/selenium/selenium-java/3.141.59/selenium-java-3.141.59.jar' 
2022-04-21 12:23:20.839 DEBUG [acme.Launcher@main] Found classpath entry '/C:/Users/USUARIO/.m2/repository/org/seleniumhq/selenium/selenium-api/3.141.59/selenium-api-3.141.59.jar' 
2022-04-21 12:23:20.839 DEBUG [acme.Launcher@main] Found classpath entry '/C:/Users/USUARIO/.m2/repository/org/seleniumhq/selenium/selenium-chrome-driver/3.141.59/selenium-chrome-driver-3.141.59.jar' 
2022-04-21 12:23:20.840 DEBUG [acme.Launcher@main] Found classpath entry '/C:/Users/USUARIO/.m2/repository/org/seleniumhq/selenium/selenium-edge-driver/3.141.59/selenium-edge-driver-3.141.59.jar' 
2022-04-21 12:23:20.840 DEBUG [acme.Launcher@main] Found classpath entry '/C:/Users/USUARIO/.m2/repository/org/seleniumhq/selenium/selenium-firefox-driver/3.141.59/selenium-firefox-driver-3.141.59.jar' 
2022-04-21 12:23:20.840 DEBUG [acme.Launcher@main] Found classpath entry '/C:/Users/USUARIO/.m2/repository/org/seleniumhq/selenium/selenium-ie-driver/3.141.59/selenium-ie-driver-3.141.59.jar' 
2022-04-21 12:23:20.840 DEBUG [acme.Launcher@main] Found classpath entry '/C:/Users/USUARIO/.m2/repository/org/seleniumhq/selenium/selenium-opera-driver/3.141.59/selenium-opera-driver-3.141.59.jar' 
2022-04-21 12:23:20.840 DEBUG [acme.Launcher@main] Found classpath entry '/C:/Users/USUARIO/.m2/repository/org/seleniumhq/selenium/selenium-remote-driver/3.141.59/selenium-remote-driver-3.141.59.jar' 
2022-04-21 12:23:20.840 DEBUG [acme.Launcher@main] Found classpath entry '/C:/Users/USUARIO/.m2/repository/org/seleniumhq/selenium/selenium-safari-driver/3.141.59/selenium-safari-driver-3.141.59.jar' 
2022-04-21 12:23:20.840 DEBUG [acme.Launcher@main] Found classpath entry '/C:/Users/USUARIO/.m2/repository/org/seleniumhq/selenium/selenium-support/3.141.59/selenium-support-3.141.59.jar' 
2022-04-21 12:23:20.840 DEBUG [acme.Launcher@main] Found classpath entry '/C:/Users/USUARIO/.m2/repository/net/bytebuddy/byte-buddy/1.10.19/byte-buddy-1.10.19.jar' 
2022-04-21 12:23:20.840 DEBUG [acme.Launcher@main] Found classpath entry '/C:/Users/USUARIO/.m2/repository/org/apache/commons/commons-exec/1.3/commons-exec-1.3.jar' 
2022-04-21 12:23:20.841 DEBUG [acme.Launcher@main] Found classpath entry '/C:/Users/USUARIO/.m2/repository/com/google/guava/guava/25.0-jre/guava-25.0-jre.jar' 
2022-04-21 12:23:20.841 DEBUG [acme.Launcher@main] Found classpath entry '/C:/Users/USUARIO/.m2/repository/com/google/code/findbugs/jsr305/1.3.9/jsr305-1.3.9.jar' 
2022-04-21 12:23:20.841 DEBUG [acme.Launcher@main] Found classpath entry '/C:/Users/USUARIO/.m2/repository/org/checkerframework/checker-compat-qual/2.0.0/checker-compat-qual-2.0.0.jar' 
2022-04-21 12:23:20.841 DEBUG [acme.Launcher@main] Found classpath entry '/C:/Users/USUARIO/.m2/repository/com/google/errorprone/error_prone_annotations/2.1.3/error_prone_annotations-2.1.3.jar' 
2022-04-21 12:23:20.842 DEBUG [acme.Launcher@main] Found classpath entry '/C:/Users/USUARIO/.m2/repository/com/google/j2objc/j2objc-annotations/1.1/j2objc-annotations-1.1.jar' 
2022-04-21 12:23:20.842 DEBUG [acme.Launcher@main] Found classpath entry '/C:/Users/USUARIO/.m2/repository/org/codehaus/mojo/animal-sniffer-annotations/1.14/animal-sniffer-annotations-1.14.jar' 
2022-04-21 12:23:20.842 DEBUG [acme.Launcher@main] Found classpath entry '/C:/Users/USUARIO/.m2/repository/com/squareup/okhttp3/okhttp/3.14.9/okhttp-3.14.9.jar' 
2022-04-21 12:23:20.842 DEBUG [acme.Launcher@main] Found classpath entry '/C:/Users/USUARIO/.m2/repository/com/squareup/okio/okio/1.14.0/okio-1.14.0.jar' 
2022-04-21 12:23:20.842 DEBUG [acme.Launcher@main] Found classpath entry '/C:/Users/USUARIO/.m2/repository/org/apache/commons/commons-lang3/3.11/commons-lang3-3.11.jar' 
2022-04-21 12:23:20.842 DEBUG [acme.Launcher@main] Found classpath entry '/C:/Users/USUARIO/.m2/repository/org/apache/commons/commons-text/1.8/commons-text-1.8.jar' 
2022-04-21 12:23:20.842 DEBUG [acme.Launcher@main] Found classpath entry '/C:/Users/USUARIO/.m2/repository/commons-io/commons-io/2.6/commons-io-2.6.jar' 
2022-04-21 12:23:20.842 DEBUG [acme.Launcher@main] Found classpath entry '/C:/Users/USUARIO/.m2/repository/commons-cli/commons-cli/1.4/commons-cli-1.4.jar' 
2022-04-21 12:23:20.842 DEBUG [acme.Launcher@main] Found classpath entry '/C:/Users/USUARIO/.m2/repository/org/projectlombok/lombok/1.18.16/lombok-1.18.16.jar' 
2022-04-21 12:23:20.842 DEBUG [acme.Launcher@main] Found classpath entry '/C:/Users/USUARIO/.m2/repository/com/opencsv/opencsv/5.4/opencsv-5.4.jar' 
2022-04-21 12:23:20.843 DEBUG [acme.Launcher@main] Found classpath entry '/C:/Users/USUARIO/.m2/repository/commons-beanutils/commons-beanutils/1.9.4/commons-beanutils-1.9.4.jar' 
2022-04-21 12:23:20.843 DEBUG [acme.Launcher@main] Found classpath entry '/C:/Users/USUARIO/.m2/repository/commons-logging/commons-logging/1.2/commons-logging-1.2.jar' 
2022-04-21 12:23:20.843 DEBUG [acme.Launcher@main] Found classpath entry '/C:/Users/USUARIO/.m2/repository/commons-collections/commons-collections/3.2.2/commons-collections-3.2.2.jar' 
2022-04-21 12:23:20.843 DEBUG [acme.Launcher@main] Found classpath entry '/C:/Users/USUARIO/.m2/repository/org/apache/commons/commons-collections4/4.4/commons-collections4-4.4.jar' 
2022-04-21 12:23:20.844 DEBUG [acme.Launcher@main] Found classpath entry '/C:/Users/USUARIO/OneDrive%20-%20UNIVERSIDAD%20DE%20SEVILLA/Escritorio/Workspace-22.0/Tools/IDEs/eclipse-jee-2021-12-R/configuration/org.eclipse.osgi/418/0/.cp/lib/javaagent-shaded.jar' 
2022-04-21 12:23:21.063 DEBUG [acme.Launcher@main] Found entity class 'acme.entities.Announcement 
2022-04-21 12:23:21.064 DEBUG [acme.Launcher@main] Found entity class 'acme.entities.Chirp 
2022-04-21 12:23:21.064 DEBUG [acme.Launcher@main] Found entity class 'acme.entities.CurrencyConfiguration 
2022-04-21 12:23:21.064 DEBUG [acme.Launcher@main] Found entity class 'acme.entities.Item 
2022-04-21 12:23:21.064 DEBUG [acme.Launcher@main] Found entity class 'acme.entities.Patronage 
2022-04-21 12:23:21.064 DEBUG [acme.Launcher@main] Found entity class 'acme.entities.PatronageReport 
2022-04-21 12:23:21.064 DEBUG [acme.Launcher@main] Found entity class 'acme.entities.Quantity 
2022-04-21 12:23:21.064 DEBUG [acme.Launcher@main] Found entity class 'acme.entities.Spam 
2022-04-21 12:23:21.064 DEBUG [acme.Launcher@main] Found entity class 'acme.entities.Toolkit 
2022-04-21 12:23:21.065 DEBUG [acme.Launcher@main] Found entity class 'acme.roles.Consumer 
2022-04-21 12:23:21.065 DEBUG [acme.Launcher@main] Found entity class 'acme.roles.Inventor 
2022-04-21 12:23:21.065 DEBUG [acme.Launcher@main] Found entity class 'acme.roles.Patron 
2022-04-21 12:23:21.065 DEBUG [acme.Launcher@main] Found entity class 'acme.roles.Provider 
2022-04-21 12:23:21.065 DEBUG [acme.Launcher@main] Found entity class 'acme.framework.entities.UserAccount 
2022-04-21 12:23:21.065 DEBUG [acme.Launcher@main] Found entity class 'acme.framework.roles.Administrator 
2022-04-21 12:23:21.065 DEBUG [acme.Launcher@main] Found entity class 'acme.framework.roles.Anonymous 
2022-04-21 12:23:21.065 DEBUG [acme.Launcher@main] Found entity class 'acme.framework.roles.Any 
2022-04-21 12:23:21.065 DEBUG [acme.Launcher@main] Found entity class 'acme.framework.roles.Authenticated 
2022-04-21 12:23:21.069 INFO  [acme.Launcher@main] Populating (sample data) 
2022-04-21 12:23:21.070 INFO  [acme.framework.components.database.DatabasePopulator@main] Building database schema 
2022-04-21 12:23:21.126 DEBUG [acme.framework.components.database.DatabaseUtil@main] Executing script. 
2022-04-21 12:23:21.126 DEBUG [acme.framework.components.database.DatabaseUtil@main] Starting new transaction. 
2022-04-21 12:23:21.138 DEBUG [acme.framework.components.database.DatabaseUtil@main] Executing command 'set transaction isolation level read uncommitted;'. 
2022-04-21 12:23:21.161 DEBUG [acme.framework.components.database.DatabaseUtil@main] Starting transaction '865315398'. 
2022-04-21 12:23:21.162 DEBUG [acme.framework.components.database.DatabaseUtil@main] Executing script command 'set foreign_key_checks=0'. 
2022-04-21 12:23:21.162 DEBUG [acme.framework.components.database.DatabaseUtil@main] Executing script command 'drop table if exists administrator'. 
2022-04-21 12:23:21.178 DEBUG [acme.framework.components.database.DatabaseUtil@main] Executing script command 'drop table if exists announcement'. 
2022-04-21 12:23:21.190 DEBUG [acme.framework.components.database.DatabaseUtil@main] Executing script command 'drop table if exists anonymous'. 
2022-04-21 12:23:21.202 DEBUG [acme.framework.components.database.DatabaseUtil@main] Executing script command 'drop table if exists any'. 
2022-04-21 12:23:21.215 DEBUG [acme.framework.components.database.DatabaseUtil@main] Executing script command 'drop table if exists authenticated'. 
2022-04-21 12:23:21.227 DEBUG [acme.framework.components.database.DatabaseUtil@main] Executing script command 'drop table if exists chirp'. 
2022-04-21 12:23:21.242 DEBUG [acme.framework.components.database.DatabaseUtil@main] Executing script command 'drop table if exists consumer'. 
2022-04-21 12:23:21.255 DEBUG [acme.framework.components.database.DatabaseUtil@main] Executing script command 'drop table if exists currency_configuration'. 
2022-04-21 12:23:21.267 DEBUG [acme.framework.components.database.DatabaseUtil@main] Executing script command 'drop table if exists hibernate_sequence'. 
2022-04-21 12:23:21.280 DEBUG [acme.framework.components.database.DatabaseUtil@main] Executing script command 'drop table if exists inventor'. 
2022-04-21 12:23:21.291 DEBUG [acme.framework.components.database.DatabaseUtil@main] Executing script command 'drop table if exists item'. 
2022-04-21 12:23:21.303 DEBUG [acme.framework.components.database.DatabaseUtil@main] Executing script command 'drop table if exists patron'. 
2022-04-21 12:23:21.314 DEBUG [acme.framework.components.database.DatabaseUtil@main] Executing script command 'drop table if exists patronage'. 
2022-04-21 12:23:21.326 DEBUG [acme.framework.components.database.DatabaseUtil@main] Executing script command 'drop table if exists patronage_report'. 
2022-04-21 12:23:21.337 DEBUG [acme.framework.components.database.DatabaseUtil@main] Executing script command 'drop table if exists provider'. 
2022-04-21 12:23:21.352 DEBUG [acme.framework.components.database.DatabaseUtil@main] Executing script command 'drop table if exists quantity'. 
2022-04-21 12:23:21.363 DEBUG [acme.framework.components.database.DatabaseUtil@main] Executing script command 'drop table if exists spam'. 
2022-04-21 12:23:21.375 DEBUG [acme.framework.components.database.DatabaseUtil@main] Executing script command 'drop table if exists toolkit'. 
2022-04-21 12:23:21.386 DEBUG [acme.framework.components.database.DatabaseUtil@main] Executing script command 'drop table if exists user_account'. 
2022-04-21 12:23:21.398 DEBUG [acme.framework.components.database.DatabaseUtil@main] Executing script command 'set foreign_key_checks=1'. 
2022-04-21 12:23:21.398 DEBUG [acme.framework.components.database.DatabaseUtil@main] Committing transaction '865315398'. 
2022-04-21 12:23:21.411 DEBUG [acme.framework.components.database.DatabaseUtil@main] Executing script. 
2022-04-21 12:23:21.411 DEBUG [acme.framework.components.database.DatabaseUtil@main] Starting new transaction. 
2022-04-21 12:23:21.412 DEBUG [acme.framework.components.database.DatabaseUtil@main] Executing command 'set transaction isolation level read uncommitted;'. 
2022-04-21 12:23:21.412 DEBUG [acme.framework.components.database.DatabaseUtil@main] Starting transaction '2080837240'. 
2022-04-21 12:23:21.412 DEBUG [acme.framework.components.database.DatabaseUtil@main] Executing script command 'set foreign_key_checks=0'. 
2022-04-21 12:23:21.413 DEBUG [acme.framework.components.database.DatabaseUtil@main] Executing script command 'create table administrator (id integer not null, version integer not null, user_account_id integer, primary key (id)) engine=InnoDB'. 
2022-04-21 12:23:21.428 DEBUG [acme.framework.components.database.DatabaseUtil@main] Executing script command 'create table announcement (id integer not null, version integer not null, body varchar(255), creation_moment datetime, critical bit not null, link varchar(255), title varchar(255), primary key (id)) engine=InnoDB'. 
2022-04-21 12:23:21.444 DEBUG [acme.framework.components.database.DatabaseUtil@main] Executing script command 'create table anonymous (id integer not null, version integer not null, user_account_id integer, primary key (id)) engine=InnoDB'. 
2022-04-21 12:23:21.501 DEBUG [acme.framework.components.database.DatabaseUtil@main] Executing script command 'create table any (id integer not null, version integer not null, user_account_id integer, primary key (id)) engine=InnoDB'. 
2022-04-21 12:23:21.526 DEBUG [acme.framework.components.database.DatabaseUtil@main] Executing script command 'create table authenticated (id integer not null, version integer not null, user_account_id integer, primary key (id)) engine=InnoDB'. 
2022-04-21 12:23:21.542 DEBUG [acme.framework.components.database.DatabaseUtil@main] Executing script command 'create table chirp (id integer not null, version integer not null, author varchar(255), body varchar(255), creation_moment datetime, email varchar(255), title varchar(255), primary key (id)) engine=InnoDB'. 
2022-04-21 12:23:21.560 DEBUG [acme.framework.components.database.DatabaseUtil@main] Executing script command 'create table consumer (id integer not null, version integer not null, user_account_id integer, company varchar(255), sector varchar(255), primary key (id)) engine=InnoDB'. 
2022-04-21 12:23:21.583 DEBUG [acme.framework.components.database.DatabaseUtil@main] Executing script command 'create table currency_configuration (id integer not null, version integer not null, accepted_currencies varchar(255), default_currency varchar(255), primary key (id)) engine=InnoDB'. 
2022-04-21 12:23:21.603 DEBUG [acme.framework.components.database.DatabaseUtil@main] Executing script command 'create table hibernate_sequence (next_val bigint) engine=InnoDB'. 
2022-04-21 12:23:21.623 DEBUG [acme.framework.components.database.DatabaseUtil@main] Executing script command 'insert into hibernate_sequence values ( 1 )'. 
2022-04-21 12:23:21.627 DEBUG [acme.framework.components.database.DatabaseUtil@main] Executing script command 'create table inventor (id integer not null, version integer not null, user_account_id integer, company varchar(255), info varchar(255), statement varchar(255), primary key (id)) engine=InnoDB'. 
2022-04-21 12:23:21.644 DEBUG [acme.framework.components.database.DatabaseUtil@main] Executing script command 'create table item (id integer not null, version integer not null, code varchar(255), description varchar(255), item_type integer, link varchar(255), name varchar(255), retail_price_amount double precision, retail_price_currency varchar(255), technology varchar(255), inventor_id integer, primary key (id)) engine=InnoDB'. 
2022-04-21 12:23:21.668 DEBUG [acme.framework.components.database.DatabaseUtil@main] Executing script command 'create table patron (id integer not null, version integer not null, user_account_id integer, company varchar(255), info varchar(255), statement varchar(255), primary key (id)) engine=InnoDB'. 
2022-04-21 12:23:21.705 DEBUG [acme.framework.components.database.DatabaseUtil@main] Executing script command 'create table patronage (id integer not null, version integer not null, budget_amount double precision, budget_currency varchar(255), code varchar(255), creation_date datetime, deadline datetime, info varchar(255), legal_stuff varchar(255), start_date datetime, status integer, inventor_id integer not null, patron_id integer not null, primary key (id)) engine=InnoDB'. 
2022-04-21 12:23:21.733 DEBUG [acme.framework.components.database.DatabaseUtil@main] Executing script command 'create table patronage_report (id integer not null, version integer not null, creation_moment datetime, link varchar(255), memorandum varchar(255), patronage_id integer not null, primary key (id)) engine=InnoDB'. 
2022-04-21 12:23:21.771 DEBUG [acme.framework.components.database.DatabaseUtil@main] Executing script command 'create table provider (id integer not null, version integer not null, user_account_id integer, company varchar(255), sector varchar(255), primary key (id)) engine=InnoDB'. 
2022-04-21 12:23:21.807 DEBUG [acme.framework.components.database.DatabaseUtil@main] Executing script command 'create table quantity (id integer not null, version integer not null, items_number integer, item_id integer not null, toolkit_id integer not null, primary key (id)) engine=InnoDB'. 
2022-04-21 12:23:21.824 DEBUG [acme.framework.components.database.DatabaseUtil@main] Executing script command 'create table spam (id integer not null, version integer not null, language integer, spam_type integer, word varchar(255), primary key (id)) engine=InnoDB'. 
2022-04-21 12:23:21.840 DEBUG [acme.framework.components.database.DatabaseUtil@main] Executing script command 'create table toolkit (id integer not null, version integer not null, code varchar(255), description varchar(255), link varchar(255), notes varchar(255), title varchar(255), inventor_id integer, primary key (id)) engine=InnoDB'. 
2022-04-21 12:23:21.856 DEBUG [acme.framework.components.database.DatabaseUtil@main] Executing script command 'create table user_account (id integer not null, version integer not null, enabled bit not null, identity blob, password varchar(255), username varchar(255), primary key (id)) engine=InnoDB'. 
2022-04-21 12:23:21.875 DEBUG [acme.framework.components.database.DatabaseUtil@main] Executing script command 'alter table item add constraint UK_6cgogdarkq48dlg1lbnv4q1oq unique (code)'. 
2022-04-21 12:23:21.902 DEBUG [acme.framework.components.database.DatabaseUtil@main] Executing script command 'alter table patronage add constraint UK_7s289l63ihnn85qwyna5cqbfh unique (code)'. 
2022-04-21 12:23:21.927 DEBUG [acme.framework.components.database.DatabaseUtil@main] Executing script command 'alter table toolkit add constraint UK_qvml9bbjdvicrw1wt0e1bej3c unique (code)'. 
2022-04-21 12:23:21.950 DEBUG [acme.framework.components.database.DatabaseUtil@main] Executing script command 'alter table user_account add constraint UK_castjbvpeeus0r8lbpehiu0e4 unique (username)'. 
2022-04-21 12:23:21.970 DEBUG [acme.framework.components.database.DatabaseUtil@main] Executing script command 'alter table administrator add constraint FK_2a5vcjo3stlfcwadosjfq49l1 foreign key (user_account_id) references user_account (id)'. 
2022-04-21 12:23:21.992 DEBUG [acme.framework.components.database.DatabaseUtil@main] Executing script command 'alter table anonymous add constraint FK_6lnbc6fo3om54vugoh8icg78m foreign key (user_account_id) references user_account (id)'. 
2022-04-21 12:23:22.013 DEBUG [acme.framework.components.database.DatabaseUtil@main] Executing script command 'alter table any add constraint FK_26yflnlk4xrrxtkiwkag1l7lf foreign key (user_account_id) references user_account (id)'. 
2022-04-21 12:23:22.037 DEBUG [acme.framework.components.database.DatabaseUtil@main] Executing script command 'alter table authenticated add constraint FK_h52w0f3wjoi68b63wv9vwon57 foreign key (user_account_id) references user_account (id)'. 
2022-04-21 12:23:22.057 DEBUG [acme.framework.components.database.DatabaseUtil@main] Executing script command 'alter table consumer add constraint FK_6cyha9f1wpj0dpbxrrjddrqed foreign key (user_account_id) references user_account (id)'. 
2022-04-21 12:23:22.077 DEBUG [acme.framework.components.database.DatabaseUtil@main] Executing script command 'alter table inventor add constraint FK_2upmsx50p5pou2l4uy8trxor6 foreign key (user_account_id) references user_account (id)'. 
2022-04-21 12:23:22.098 DEBUG [acme.framework.components.database.DatabaseUtil@main] Executing script command 'alter table item add constraint FKaq1a05jpovg1rv6q65awp7ho1 foreign key (inventor_id) references inventor (id)'. 
2022-04-21 12:23:22.120 DEBUG [acme.framework.components.database.DatabaseUtil@main] Executing script command 'alter table patron add constraint FK_8xx5nujhuio3advxc2freyu65 foreign key (user_account_id) references user_account (id)'. 
2022-04-21 12:23:22.141 DEBUG [acme.framework.components.database.DatabaseUtil@main] Executing script command 'alter table patronage add constraint FKgkbt6mel1m6joiypsbc2ko6mi foreign key (inventor_id) references inventor (id)'. 
2022-04-21 12:23:22.162 DEBUG [acme.framework.components.database.DatabaseUtil@main] Executing script command 'alter table patronage add constraint FK7d5o2dlu1d9orplkn5g91lsgc foreign key (patron_id) references patron (id)'. 
2022-04-21 12:23:22.184 DEBUG [acme.framework.components.database.DatabaseUtil@main] Executing script command 'alter table patronage_report add constraint FKli7rh2qb2q6bjix6b8o2dpt41 foreign key (patronage_id) references patronage (id)'. 
2022-04-21 12:23:22.207 DEBUG [acme.framework.components.database.DatabaseUtil@main] Executing script command 'alter table provider add constraint FK_b1gwnjqm6ggy9yuiqm0o4rlmd foreign key (user_account_id) references user_account (id)'. 
2022-04-21 12:23:22.229 DEBUG [acme.framework.components.database.DatabaseUtil@main] Executing script command 'alter table quantity add constraint FK6v7ckbce1j36j4b7mubnk66bx foreign key (item_id) references item (id)'. 
2022-04-21 12:23:22.250 DEBUG [acme.framework.components.database.DatabaseUtil@main] Executing script command 'alter table quantity add constraint FKr1l7hfxuemn7o9d0qi4kawlmg foreign key (toolkit_id) references toolkit (id)'. 
2022-04-21 12:23:22.278 DEBUG [acme.framework.components.database.DatabaseUtil@main] Executing script command 'alter table toolkit add constraint FK4iumj9qpqmdp5ob49s2lvscch foreign key (inventor_id) references inventor (id)'. 
2022-04-21 12:23:22.310 DEBUG [acme.framework.components.database.DatabaseUtil@main] Executing script command 'set foreign_key_checks=1'. 
2022-04-21 12:23:22.311 DEBUG [acme.framework.components.database.DatabaseUtil@main] Committing transaction '2080837240'. 
2022-04-21 12:23:22.316 INFO  [acme.framework.components.database.DatabasePopulator@main] Reading entities from 'classpath:/WEB-INF/resources/initial-data' 
2022-04-21 12:23:22.326 DEBUG [acme.framework.components.database.Dataset@main] Reading dataset from 'C:\Users\USUARIO\OneDrive - UNIVERSIDAD DE SEVILLA\Escritorio\Workspace-22.0\Projects\Acme-Toolkits-E3.08\target\classes\WEB-INF\resources\initial-data\administrator.csv' 
2022-04-21 12:23:22.580 DEBUG [acme.framework.components.database.Dataset@main] Reading mapping '{key:user-account=user-account-administrator-01, key=administrator-01}' from 'C:\Users\USUARIO\OneDrive - UNIVERSIDAD DE SEVILLA\Escritorio\Workspace-22.0\Projects\Acme-Toolkits-E3.08\target\classes\WEB-INF\resources\initial-data\administrator.csv' 
2022-04-21 12:23:22.582 DEBUG [acme.framework.components.database.Dataset@main] Reading dataset from 'C:\Users\USUARIO\OneDrive - UNIVERSIDAD DE SEVILLA\Escritorio\Workspace-22.0\Projects\Acme-Toolkits-E3.08\target\classes\WEB-INF\resources\initial-data\anonymous.csv' 
2022-04-21 12:23:22.584 DEBUG [acme.framework.components.database.Dataset@main] Reading mapping '{key:user-account=user-account-anonymous-01, key=anonymous-01}' from 'C:\Users\USUARIO\OneDrive - UNIVERSIDAD DE SEVILLA\Escritorio\Workspace-22.0\Projects\Acme-Toolkits-E3.08\target\classes\WEB-INF\resources\initial-data\anonymous.csv' 
2022-04-21 12:23:22.584 DEBUG [acme.framework.components.database.Dataset@main] Reading dataset from 'C:\Users\USUARIO\OneDrive - UNIVERSIDAD DE SEVILLA\Escritorio\Workspace-22.0\Projects\Acme-Toolkits-E3.08\target\classes\WEB-INF\resources\initial-data\authenticated.csv' 
2022-04-21 12:23:22.586 DEBUG [acme.framework.components.database.Dataset@main] Reading mapping '{key:user-account=user-account-administrator-01, key=authenticated-administrator-01}' from 'C:\Users\USUARIO\OneDrive - UNIVERSIDAD DE SEVILLA\Escritorio\Workspace-22.0\Projects\Acme-Toolkits-E3.08\target\classes\WEB-INF\resources\initial-data\authenticated.csv' 
2022-04-21 12:23:22.587 DEBUG [acme.framework.components.database.Dataset@main] Reading dataset from 'C:\Users\USUARIO\OneDrive - UNIVERSIDAD DE SEVILLA\Escritorio\Workspace-22.0\Projects\Acme-Toolkits-E3.08\target\classes\WEB-INF\resources\initial-data\currency-configuration.csv' 
2022-04-21 12:23:22.588 DEBUG [acme.framework.components.database.Dataset@main] Reading mapping '{default-currency=EUR, accepted-currencies=EUR,USD,GBP, key=currency-configuration-01}' from 'C:\Users\USUARIO\OneDrive - UNIVERSIDAD DE SEVILLA\Escritorio\Workspace-22.0\Projects\Acme-Toolkits-E3.08\target\classes\WEB-INF\resources\initial-data\currency-configuration.csv' 
2022-04-21 12:23:22.588 DEBUG [acme.framework.components.database.Dataset@main] Reading dataset from 'C:\Users\USUARIO\OneDrive - UNIVERSIDAD DE SEVILLA\Escritorio\Workspace-22.0\Projects\Acme-Toolkits-E3.08\target\classes\WEB-INF\resources\initial-data\spam.csv' 
2022-04-21 12:23:22.589 DEBUG [acme.framework.components.database.Dataset@main] Reading mapping '{spam-type=STRONG, language=ENGLISH, word=sex, key=spam-01}' from 'C:\Users\USUARIO\OneDrive - UNIVERSIDAD DE SEVILLA\Escritorio\Workspace-22.0\Projects\Acme-Toolkits-E3.08\target\classes\WEB-INF\resources\initial-data\spam.csv' 
2022-04-21 12:23:22.590 DEBUG [acme.framework.components.database.Dataset@main] Reading mapping '{spam-type=STRONG, language=ENGLISH, word=hardcore, key=spam-02}' from 'C:\Users\USUARIO\OneDrive - UNIVERSIDAD DE SEVILLA\Escritorio\Workspace-22.0\Projects\Acme-Toolkits-E3.08\target\classes\WEB-INF\resources\initial-data\spam.csv' 
2022-04-21 12:23:22.590 DEBUG [acme.framework.components.database.Dataset@main] Reading mapping '{spam-type=STRONG, language=ENGLISH, word=viagra, key=spam-03}' from 'C:\Users\USUARIO\OneDrive - UNIVERSIDAD DE SEVILLA\Escritorio\Workspace-22.0\Projects\Acme-Toolkits-E3.08\target\classes\WEB-INF\resources\initial-data\spam.csv' 
2022-04-21 12:23:22.590 DEBUG [acme.framework.components.database.Dataset@main] Reading mapping '{spam-type=STRONG, language=ENGLISH, word=cialis, key=spam-04}' from 'C:\Users\USUARIO\OneDrive - UNIVERSIDAD DE SEVILLA\Escritorio\Workspace-22.0\Projects\Acme-Toolkits-E3.08\target\classes\WEB-INF\resources\initial-data\spam.csv' 
2022-04-21 12:23:22.590 DEBUG [acme.framework.components.database.Dataset@main] Reading mapping '{spam-type=STRONG, language=SPANISH, word=sexo, key=spam-05}' from 'C:\Users\USUARIO\OneDrive - UNIVERSIDAD DE SEVILLA\Escritorio\Workspace-22.0\Projects\Acme-Toolkits-E3.08\target\classes\WEB-INF\resources\initial-data\spam.csv' 
2022-04-21 12:23:22.590 DEBUG [acme.framework.components.database.Dataset@main] Reading mapping '{spam-type=STRONG, language=SPANISH, word=hardcore, key=spam-06}' from 'C:\Users\USUARIO\OneDrive - UNIVERSIDAD DE SEVILLA\Escritorio\Workspace-22.0\Projects\Acme-Toolkits-E3.08\target\classes\WEB-INF\resources\initial-data\spam.csv' 
2022-04-21 12:23:22.591 DEBUG [acme.framework.components.database.Dataset@main] Reading mapping '{spam-type=STRONG, language=SPANISH, word=viagra, key=spam-07}' from 'C:\Users\USUARIO\OneDrive - UNIVERSIDAD DE SEVILLA\Escritorio\Workspace-22.0\Projects\Acme-Toolkits-E3.08\target\classes\WEB-INF\resources\initial-data\spam.csv' 
2022-04-21 12:23:22.591 DEBUG [acme.framework.components.database.Dataset@main] Reading mapping '{spam-type=STRONG, language=SPANISH, word=cialis, key=spam-08}' from 'C:\Users\USUARIO\OneDrive - UNIVERSIDAD DE SEVILLA\Escritorio\Workspace-22.0\Projects\Acme-Toolkits-E3.08\target\classes\WEB-INF\resources\initial-data\spam.csv' 
2022-04-21 12:23:22.591 DEBUG [acme.framework.components.database.Dataset@main] Reading mapping '{spam-type=WEAK, language=ENGLISH, word=sexy, key=spam-09}' from 'C:\Users\USUARIO\OneDrive - UNIVERSIDAD DE SEVILLA\Escritorio\Workspace-22.0\Projects\Acme-Toolkits-E3.08\target\classes\WEB-INF\resources\initial-data\spam.csv' 
2022-04-21 12:23:22.591 DEBUG [acme.framework.components.database.Dataset@main] Reading mapping '{spam-type=WEAK, language=ENGLISH, word=nigeria, key=spam-10}' from 'C:\Users\USUARIO\OneDrive - UNIVERSIDAD DE SEVILLA\Escritorio\Workspace-22.0\Projects\Acme-Toolkits-E3.08\target\classes\WEB-INF\resources\initial-data\spam.csv' 
2022-04-21 12:23:22.591 DEBUG [acme.framework.components.database.Dataset@main] Reading mapping '{spam-type=WEAK, language=ENGLISH, word=you've won, key=spam-11}' from 'C:\Users\USUARIO\OneDrive - UNIVERSIDAD DE SEVILLA\Escritorio\Workspace-22.0\Projects\Acme-Toolkits-E3.08\target\classes\WEB-INF\resources\initial-data\spam.csv' 
2022-04-21 12:23:22.592 DEBUG [acme.framework.components.database.Dataset@main] Reading mapping '{spam-type=WEAK, language=ENGLISH, word=one million, key=spam-12}' from 'C:\Users\USUARIO\OneDrive - UNIVERSIDAD DE SEVILLA\Escritorio\Workspace-22.0\Projects\Acme-Toolkits-E3.08\target\classes\WEB-INF\resources\initial-data\spam.csv' 
2022-04-21 12:23:22.592 DEBUG [acme.framework.components.database.Dataset@main] Reading mapping '{spam-type=WEAK, language=SPANISH, word=sexy, key=spam-13}' from 'C:\Users\USUARIO\OneDrive - UNIVERSIDAD DE SEVILLA\Escritorio\Workspace-22.0\Projects\Acme-Toolkits-E3.08\target\classes\WEB-INF\resources\initial-data\spam.csv' 
2022-04-21 12:23:22.592 DEBUG [acme.framework.components.database.Dataset@main] Reading mapping '{spam-type=WEAK, language=SPANISH, word=nigeria, key=spam-14}' from 'C:\Users\USUARIO\OneDrive - UNIVERSIDAD DE SEVILLA\Escritorio\Workspace-22.0\Projects\Acme-Toolkits-E3.08\target\classes\WEB-INF\resources\initial-data\spam.csv' 
2022-04-21 12:23:22.592 DEBUG [acme.framework.components.database.Dataset@main] Reading mapping '{spam-type=WEAK, language=SPANISH, word=has ganado, key=spam-15}' from 'C:\Users\USUARIO\OneDrive - UNIVERSIDAD DE SEVILLA\Escritorio\Workspace-22.0\Projects\Acme-Toolkits-E3.08\target\classes\WEB-INF\resources\initial-data\spam.csv' 
2022-04-21 12:23:22.592 DEBUG [acme.framework.components.database.Dataset@main] Reading mapping '{spam-type=WEAK, language=SPANISH, word=un milln, key=spam-16}' from 'C:\Users\USUARIO\OneDrive - UNIVERSIDAD DE SEVILLA\Escritorio\Workspace-22.0\Projects\Acme-Toolkits-E3.08\target\classes\WEB-INF\resources\initial-data\spam.csv' 
2022-04-21 12:23:22.593 DEBUG [acme.framework.components.database.Dataset@main] Reading dataset from 'C:\Users\USUARIO\OneDrive - UNIVERSIDAD DE SEVILLA\Escritorio\Workspace-22.0\Projects\Acme-Toolkits-E3.08\target\classes\WEB-INF\resources\initial-data\user-account.csv' 
2022-04-21 12:23:22.594 DEBUG [acme.framework.components.database.Dataset@main] Reading mapping '{password=HIDDEN-PASSWORD, identity=UserIdentity{name: 'John', surname: 'Doe', email: 'john.doe@acme.com'}, key=user-account-anonymous-01, enabled=false, username=anonymous}' from 'C:\Users\USUARIO\OneDrive - UNIVERSIDAD DE SEVILLA\Escritorio\Workspace-22.0\Projects\Acme-Toolkits-E3.08\target\classes\WEB-INF\resources\initial-data\user-account.csv' 
2022-04-21 12:23:22.595 DEBUG [acme.framework.components.database.Dataset@main] Reading mapping '{password=administrator, identity=UserIdentity{name: 'Administrator', surname: 'Acme', email: 'administrator@acme.com'}, key=user-account-administrator-01, enabled=true, username=administrator}' from 'C:\Users\USUARIO\OneDrive - UNIVERSIDAD DE SEVILLA\Escritorio\Workspace-22.0\Projects\Acme-Toolkits-E3.08\target\classes\WEB-INF\resources\initial-data\user-account.csv' 
2022-04-21 12:23:22.595 DEBUG [acme.framework.components.database.EntityWeb@main] Setting attributes of entities of class acme.framework.roles.Authenticated 
2022-04-21 12:23:22.595 DEBUG [acme.framework.components.database.EntityWeb@main] Setting attributes of entities of class acme.entities.Spam 
2022-04-21 12:23:22.621 DEBUG [acme.framework.components.database.EntityWeb@main] Setting attributes of entities of class acme.framework.entities.UserAccount 
2022-04-21 12:23:22.884 DEBUG [acme.framework.components.database.EntityWeb@main] Setting attributes of entities of class acme.framework.roles.Anonymous 
2022-04-21 12:23:22.884 DEBUG [acme.framework.components.database.EntityWeb@main] Setting attributes of entities of class acme.entities.CurrencyConfiguration 
2022-04-21 12:23:22.889 DEBUG [acme.framework.components.database.EntityWeb@main] Setting attributes of entities of class acme.framework.roles.Administrator 
2022-04-21 12:23:22.889 DEBUG [acme.framework.components.database.EntityWeb@main] Linking entities of class acme.framework.roles.Authenticated 
2022-04-21 12:23:22.894 DEBUG [acme.framework.components.database.EntityWeb@main] Linking entities of class acme.entities.Spam 
2022-04-21 12:23:22.894 DEBUG [acme.framework.components.database.EntityWeb@main] Linking entities of class acme.framework.entities.UserAccount 
2022-04-21 12:23:22.894 DEBUG [acme.framework.components.database.EntityWeb@main] Linking entities of class acme.framework.roles.Anonymous 
2022-04-21 12:23:22.899 DEBUG [acme.framework.components.database.EntityWeb@main] Linking entities of class acme.entities.CurrencyConfiguration 
2022-04-21 12:23:22.899 DEBUG [acme.framework.components.database.EntityWeb@main] Linking entities of class acme.framework.roles.Administrator 
2022-04-21 12:23:22.905 INFO  [acme.framework.components.database.DatabasePopulator@main] Reading entities from 'classpath:/WEB-INF/resources/sample-data' 
2022-04-21 12:23:22.906 DEBUG [acme.framework.components.database.Dataset@main] Reading dataset from 'C:\Users\USUARIO\OneDrive - UNIVERSIDAD DE SEVILLA\Escritorio\Workspace-22.0\Projects\Acme-Toolkits-E3.08\target\classes\WEB-INF\resources\sample-data\announcement.csv' 
2022-04-21 12:23:22.907 DEBUG [acme.framework.components.database.Dataset@main] Reading mapping '{critical=0, link=null, creation-moment=2022/04/18 11:43, title=example announcement, body=this is an example of announcement, key=announcement-01}' from 'C:\Users\USUARIO\OneDrive - UNIVERSIDAD DE SEVILLA\Escritorio\Workspace-22.0\Projects\Acme-Toolkits-E3.08\target\classes\WEB-INF\resources\sample-data\announcement.csv' 
2022-04-21 12:23:22.908 DEBUG [acme.framework.components.database.Dataset@main] Reading dataset from 'C:\Users\USUARIO\OneDrive - UNIVERSIDAD DE SEVILLA\Escritorio\Workspace-22.0\Projects\Acme-Toolkits-E3.08\target\classes\WEB-INF\resources\sample-data\chirp.csv' 
2022-04-21 12:23:22.909 DEBUG [acme.framework.components.database.Dataset@main] Reading mapping '{author=Pablo Santos Prez, creation-moment=2022/04/04 20:35, title=Saludo, body=Solamente quiero saludar, key=chirp-01, email=pabsanper3@alum.us.es}' from 'C:\Users\USUARIO\OneDrive - UNIVERSIDAD DE SEVILLA\Escritorio\Workspace-22.0\Projects\Acme-Toolkits-E3.08\target\classes\WEB-INF\resources\sample-data\chirp.csv' 
2022-04-21 12:23:22.909 DEBUG [acme.framework.components.database.Dataset@main] Reading mapping '{author=Antonio Roberto Serrano Mena, creation-moment=2022/04/05 17:40, title=Saludo, body=Quiero mandar un saludo, key=chirp-02, email=antsermen@alum.us.es}' from 'C:\Users\USUARIO\OneDrive - UNIVERSIDAD DE SEVILLA\Escritorio\Workspace-22.0\Projects\Acme-Toolkits-E3.08\target\classes\WEB-INF\resources\sample-data\chirp.csv' 
2022-04-21 12:23:22.910 DEBUG [acme.framework.components.database.Dataset@main] Reading mapping '{author=Pablo Santos Prez, creation-moment=2022/04/06 16:45, title=Respuesta, body=Todo genial, key=chirp-03, email=pabsanper3@alum.us.es}' from 'C:\Users\USUARIO\OneDrive - UNIVERSIDAD DE SEVILLA\Escritorio\Workspace-22.0\Projects\Acme-Toolkits-E3.08\target\classes\WEB-INF\resources\sample-data\chirp.csv' 
2022-04-21 12:23:22.910 DEBUG [acme.framework.components.database.Dataset@main] Reading dataset from 'C:\Users\USUARIO\OneDrive - UNIVERSIDAD DE SEVILLA\Escritorio\Workspace-22.0\Projects\Acme-Toolkits-E3.08\target\classes\WEB-INF\resources\sample-data\consumer.csv' 
2022-04-21 12:23:22.911 DEBUG [acme.framework.components.database.Dataset@main] Reading mapping '{key:user-account=user-account-administrator-01, company=Macarena, Inc., sector=Telecommunications, key=consumer-01}' from 'C:\Users\USUARIO\OneDrive - UNIVERSIDAD DE SEVILLA\Escritorio\Workspace-22.0\Projects\Acme-Toolkits-E3.08\target\classes\WEB-INF\resources\sample-data\consumer.csv' 
2022-04-21 12:23:22.912 DEBUG [acme.framework.components.database.Dataset@main] Reading dataset from 'C:\Users\USUARIO\OneDrive - UNIVERSIDAD DE SEVILLA\Escritorio\Workspace-22.0\Projects\Acme-Toolkits-E3.08\target\classes\WEB-INF\resources\sample-data\inventor.csv' 
2022-04-21 12:23:22.913 DEBUG [acme.framework.components.database.Dataset@main] Reading mapping '{key:user-account=user-account-inventor1, statement=jidjscio, company=Macarena, Inc., key=inventor-01, info=https://www.leroymerlin.es/fp/81968467/maceta-3-8-cm}' from 'C:\Users\USUARIO\OneDrive - UNIVERSIDAD DE SEVILLA\Escritorio\Workspace-22.0\Projects\Acme-Toolkits-E3.08\target\classes\WEB-INF\resources\sample-data\inventor.csv' 
2022-04-21 12:23:22.913 DEBUG [acme.framework.components.database.Dataset@main] Reading mapping '{key:user-account=user-account-administrator-01, statement=Data base experts, company=US, key=inventor-02, info=https://www.us.es}' from 'C:\Users\USUARIO\OneDrive - UNIVERSIDAD DE SEVILLA\Escritorio\Workspace-22.0\Projects\Acme-Toolkits-E3.08\target\classes\WEB-INF\resources\sample-data\inventor.csv' 
2022-04-21 12:23:22.914 DEBUG [acme.framework.components.database.Dataset@main] Reading dataset from 'C:\Users\USUARIO\OneDrive - UNIVERSIDAD DE SEVILLA\Escritorio\Workspace-22.0\Projects\Acme-Toolkits-E3.08\target\classes\WEB-INF\resources\sample-data\item.csv' 
2022-04-21 12:23:22.915 DEBUG [acme.framework.components.database.Dataset@main] Reading mapping '{key:inventor=inventor-01, code=MHA-237, link=https://www.aquazon.es/martillos-y-sierras-manuales/943-stht0-54159.html, description=Herramienta formada por una cabeza, generalmente de metal, y un mango, technology=Maquina simple, retail-price=EUR 12.00, item-type=TOOL, name=Martillo, key=item-01}' from 'C:\Users\USUARIO\OneDrive - UNIVERSIDAD DE SEVILLA\Escritorio\Workspace-22.0\Projects\Acme-Toolkits-E3.08\target\classes\WEB-INF\resources\sample-data\item.csv' 
2022-04-21 12:23:22.915 DEBUG [acme.framework.components.database.Dataset@main] Reading mapping '{key:inventor=inventor-01, code=RDR-195, link=https://es.rs-online.com/web/p/remachadoras/7839962, description=Herramienta utilizada para la creacin de uniones fijas mediante remaches, technology=Tecnologa de remachado, retail-price=EUR 147.03, item-type=TOOL, name=Remachadora, key=item-02}' from 'C:\Users\USUARIO\OneDrive - UNIVERSIDAD DE SEVILLA\Escritorio\Workspace-22.0\Projects\Acme-Toolkits-E3.08\target\classes\WEB-INF\resources\sample-data\item.csv' 
2022-04-21 12:23:22.915 DEBUG [acme.framework.components.database.Dataset@main] Reading mapping '{key:inventor=inventor-01, code=SDS-985, link=https://www.ducatillon.es/poda-de-la-lena/17763-product.html?gclid=Cj0KCQjw3v6SBhCsARIsACyrRAnAHrCD56m1vE-pVZhIg4UcpWpXPk6s-cZa2O9zT7tVGlCMhUECixUaAolLEALw_wcB, description=Sierra formada por una estructura metlica en la cual se coloca una hoja dentada con dientes pequeos, technology=Maquina simple, retail-price=EUR 12.00, item-type=TOOL, name=Sierra de Arco, key=item-03}' from 'C:\Users\USUARIO\OneDrive - UNIVERSIDAD DE SEVILLA\Escritorio\Workspace-22.0\Projects\Acme-Toolkits-E3.08\target\classes\WEB-INF\resources\sample-data\item.csv' 
2022-04-21 12:23:22.915 DEBUG [acme.framework.components.database.Dataset@main] Reading mapping '{key:inventor=inventor-01, code=TOR-973, link=https://entaban.es/allen/145-tornillo-allen-iso-7380-inoxidable.html, description=Tuerca alojada en un eje roscado (tornillo), technology=Mecanismo de transformacin de circular a lineal, retail-price=EUR 0.03, item-type=COMPONENT, name=Tornillo, key=item-04}' from 'C:\Users\USUARIO\OneDrive - UNIVERSIDAD DE SEVILLA\Escritorio\Workspace-22.0\Projects\Acme-Toolkits-E3.08\target\classes\WEB-INF\resources\sample-data\item.csv' 
2022-04-21 12:23:22.916 DEBUG [acme.framework.components.database.Dataset@main] Reading mapping '{key:inventor=inventor-01, code=TOR-873, link=https://adajusa.es/es/tornillos-para-racores-neumaticos/3723-tornillo-simple-hueco-18-cabeza-hembra-8435532837237.html, description=Tornillo simple hueco 18 cabeza hembra, technology=Mecanismo de transformacin de circular a lineal, retail-price=EUR 1.42, item-type=COMPONENT, name=Tornillo, key=item-05}' from 'C:\Users\USUARIO\OneDrive - UNIVERSIDAD DE SEVILLA\Escritorio\Workspace-22.0\Projects\Acme-Toolkits-E3.08\target\classes\WEB-INF\resources\sample-data\item.csv' 
2022-04-21 12:23:22.916 DEBUG [acme.framework.components.database.Dataset@main] Reading mapping '{key:inventor=inventor-01, code=TOR-373, link=https://www.leroymerlin.es/fp/81929691/tornillo-taco, description=Tornillo Taco, technology=Mecanismo de transformacin de circular a lineal, retail-price=EUR 1.19, item-type=COMPONENT, name=Tornillo, key=item-06}' from 'C:\Users\USUARIO\OneDrive - UNIVERSIDAD DE SEVILLA\Escritorio\Workspace-22.0\Projects\Acme-Toolkits-E3.08\target\classes\WEB-INF\resources\sample-data\item.csv' 
2022-04-21 12:23:22.917 DEBUG [acme.framework.components.database.Dataset@main] Reading dataset from 'C:\Users\USUARIO\OneDrive - UNIVERSIDAD DE SEVILLA\Escritorio\Workspace-22.0\Projects\Acme-Toolkits-E3.08\target\classes\WEB-INF\resources\sample-data\patron.csv' 
2022-04-21 12:23:22.918 DEBUG [acme.framework.components.database.Dataset@main] Reading mapping '{key:user-account=user-account-administrator-01, statement=Data base experts, company=US, key=patron-01, info=https://www.us.es}' from 'C:\Users\USUARIO\OneDrive - UNIVERSIDAD DE SEVILLA\Escritorio\Workspace-22.0\Projects\Acme-Toolkits-E3.08\target\classes\WEB-INF\resources\sample-data\patron.csv' 
2022-04-21 12:23:22.918 DEBUG [acme.framework.components.database.Dataset@main] Reading mapping '{key:user-account=user-account-patron2, statement=Back-end experts, company=Google, key=patron-02, info=https://www.google.es}' from 'C:\Users\USUARIO\OneDrive - UNIVERSIDAD DE SEVILLA\Escritorio\Workspace-22.0\Projects\Acme-Toolkits-E3.08\target\classes\WEB-INF\resources\sample-data\patron.csv' 
2022-04-21 12:23:22.918 DEBUG [acme.framework.components.database.Dataset@main] Reading dataset from 'C:\Users\USUARIO\OneDrive - UNIVERSIDAD DE SEVILLA\Escritorio\Workspace-22.0\Projects\Acme-Toolkits-E3.08\target\classes\WEB-INF\resources\sample-data\patronage.csv' 
2022-04-21 12:23:22.919 DEBUG [acme.framework.components.database.Dataset@main] Reading mapping '{key:inventor=inventor-01, code=PSP-234-P, legal-stuff=No tiene trminos legales, creationDate=2022/01/15 10:00, deadline=2022/09/01 20:00, key:patron=patron-01, key=patronage-01, startDate=2022/02/01 09:00, status=PROPOSED, budget=EUR 32,563.00, info=https://www.us.es/}' from 'C:\Users\USUARIO\OneDrive - UNIVERSIDAD DE SEVILLA\Escritorio\Workspace-22.0\Projects\Acme-Toolkits-E3.08\target\classes\WEB-INF\resources\sample-data\patronage.csv' 
2022-04-21 12:23:22.920 DEBUG [acme.framework.components.database.Dataset@main] Reading mapping '{key:inventor=inventor-01, code=AGR-101-C, legal-stuff=No tiene trminos legales, creationDate=2022/03/15 10:00, deadline=2022/11/01 20:30, key:patron=patron-01, key=patronage-02, startDate=2022/04/01 10:30, status=DENIED, budget=EUR 47,765.00, info=https://www.us.es/}' from 'C:\Users\USUARIO\OneDrive - UNIVERSIDAD DE SEVILLA\Escritorio\Workspace-22.0\Projects\Acme-Toolkits-E3.08\target\classes\WEB-INF\resources\sample-data\patronage.csv' 
2022-04-21 12:23:22.920 DEBUG [acme.framework.components.database.Dataset@main] Reading mapping '{key:inventor=inventor-01, code=XDP-121-E, legal-stuff=No tiene trminos legales, creationDate=2022/03/15 10:00, deadline=2022/11/01 20:30, key:patron=patron-02, key=patronage-03, startDate=2022/04/01 10:30, status=PROPOSED, budget=EUR 47,765.00, info=https://www.google.es/}' from 'C:\Users\USUARIO\OneDrive - UNIVERSIDAD DE SEVILLA\Escritorio\Workspace-22.0\Projects\Acme-Toolkits-E3.08\target\classes\WEB-INF\resources\sample-data\patronage.csv' 
2022-04-21 12:23:22.921 DEBUG [acme.framework.components.database.Dataset@main] Reading dataset from 'C:\Users\USUARIO\OneDrive - UNIVERSIDAD DE SEVILLA\Escritorio\Workspace-22.0\Projects\Acme-Toolkits-E3.08\target\classes\WEB-INF\resources\sample-data\provider.csv' 
2022-04-21 12:23:22.922 DEBUG [acme.framework.components.database.Dataset@main] Reading mapping '{key:user-account=user-account-administrator-01, company=Terra Nets, S.A., sector=Internet, key=provider-01}' from 'C:\Users\USUARIO\OneDrive - UNIVERSIDAD DE SEVILLA\Escritorio\Workspace-22.0\Projects\Acme-Toolkits-E3.08\target\classes\WEB-INF\resources\sample-data\provider.csv' 
2022-04-21 12:23:22.923 DEBUG [acme.framework.components.database.Dataset@main] Reading dataset from 'C:\Users\USUARIO\OneDrive - UNIVERSIDAD DE SEVILLA\Escritorio\Workspace-22.0\Projects\Acme-Toolkits-E3.08\target\classes\WEB-INF\resources\sample-data\quantity.csv' 
2022-04-21 12:23:22.947 DEBUG [acme.framework.components.database.Dataset@main] Reading mapping '{key:toolkit=toolkit-01, items-number=1, key=1, key:item=item-01}' from 'C:\Users\USUARIO\OneDrive - UNIVERSIDAD DE SEVILLA\Escritorio\Workspace-22.0\Projects\Acme-Toolkits-E3.08\target\classes\WEB-INF\resources\sample-data\quantity.csv' 
2022-04-21 12:23:22.947 DEBUG [acme.framework.components.database.Dataset@main] Reading dataset from 'C:\Users\USUARIO\OneDrive - UNIVERSIDAD DE SEVILLA\Escritorio\Workspace-22.0\Projects\Acme-Toolkits-E3.08\target\classes\WEB-INF\resources\sample-data\toolkit.csv' 
2022-04-21 12:23:22.966 ERROR [acme.Launcher@main] acme.framework.components.database.Dataset.readDataset(Dataset.java:178): C:\Users\USUARIO\OneDrive - UNIVERSIDAD DE SEVILLA\Escritorio\Workspace-22.0\Projects\Acme-Toolkits-E3.08\target\classes\WEB-INF\resources\sample-data\toolkit.csv: Error on record number 2: The number of data elements is not the same as the number of header elements. Expected 8, found 7. 
2022-04-21 12:23:22.966 INFO  [acme.Launcher@main] The application log provides additional debugging messages! 
2022-04-21 12:23:24.248 INFO  [acme.framework.configuration.ShutdownConfiguration@main] The system is shutting down... 
2022-04-21 12:23:24.283 DEBUG [acme.Launcher@main] Exit code = 0 
