2022-03-20 11:29:40.223 INFO  [acme.Launcher@main] Starting Launcher using Java 1.8.0_281 on LAPTOP-NU08JKOO with PID 20120 (C:\Users\rober\Desktop\DP2\Workspace-22.0\Frameworks\Acme-Framework-22.1\target\classes started by rober in C:\Users\rober\Desktop\DP2\Workspace-22.0\Projects\Acme-Toolkits-E3.08) 
2022-03-20 11:29:40.224 DEBUG [acme.Launcher@main] Running with Spring Boot v2.4.2, Spring v5.3.3 
2022-03-20 11:29:40.226 INFO  [acme.Launcher@main] The following profiles are active: development,populator 
2022-03-20 11:29:43.394 DEBUG [org.apache.jasper.servlet.JasperInitializer@main] Initializing Jasper for context [application] 
2022-03-20 11:29:48.853 DEBUG [org.apache.jasper.servlet.JspServlet@main] Scratch dir for the JSP engine is: [C:\Users\rober\AppData\Local\Temp\tomcat.8083.7132714592582416272\work\Tomcat\localhost\acme-toolkits-e3.08-1.0] 
2022-03-20 11:29:48.854 DEBUG [org.apache.jasper.servlet.JspServlet@main] IMPORTANT: Do not modify the generated servlets 
2022-03-20 11:29:48.866 INFO  [acme.Launcher@main] Started Launcher in 9.426 seconds (JVM running for 10.186) 
2022-03-20 11:29:48.871 DEBUG [acme.Launcher@main] Found classpath entry '/C:/Users/rober/Desktop/DP2/Workspace-22.0/Projects/Acme-Toolkits-E3.08/target/test-classes/' 
2022-03-20 11:29:48.871 DEBUG [acme.Launcher@main] Found classpath entry '/C:/Users/rober/Desktop/DP2/Workspace-22.0/Projects/Acme-Toolkits-E3.08/target/classes/' 
2022-03-20 11:29:48.872 DEBUG [acme.Launcher@main] Found classpath entry '/C:/Users/rober/Desktop/DP2/Workspace-22.0/Frameworks/Acme-Framework-22.1/target/classes/' 
2022-03-20 11:29:48.872 DEBUG [acme.Launcher@main] Found classpath entry '/C:/Users/rober/Desktop/DP2/Workspace-22.0/Frameworks/Acme-Framework-22.1/target/test-classes/' 
2022-03-20 11:29:48.872 DEBUG [acme.Launcher@main] Found classpath entry '/C:/Users/rober/.m2/repository/org/springframework/boot/spring-boot-starter-tomcat/2.4.2/spring-boot-starter-tomcat-2.4.2.jar' 
2022-03-20 11:29:48.872 DEBUG [acme.Launcher@main] Found classpath entry '/C:/Users/rober/.m2/repository/jakarta/annotation/jakarta.annotation-api/1.3.5/jakarta.annotation-api-1.3.5.jar' 
2022-03-20 11:29:48.872 DEBUG [acme.Launcher@main] Found classpath entry '/C:/Users/rober/.m2/repository/org/apache/tomcat/embed/tomcat-embed-core/9.0.41/tomcat-embed-core-9.0.41.jar' 
2022-03-20 11:29:48.873 DEBUG [acme.Launcher@main] Found classpath entry '/C:/Users/rober/.m2/repository/org/glassfish/jakarta.el/3.0.3/jakarta.el-3.0.3.jar' 
2022-03-20 11:29:48.873 DEBUG [acme.Launcher@main] Found classpath entry '/C:/Users/rober/.m2/repository/org/apache/tomcat/embed/tomcat-embed-websocket/9.0.41/tomcat-embed-websocket-9.0.41.jar' 
2022-03-20 11:29:48.873 DEBUG [acme.Launcher@main] Found classpath entry '/C:/Users/rober/.m2/repository/org/apache/tomcat/embed/tomcat-embed-jasper/9.0.41/tomcat-embed-jasper-9.0.41.jar' 
2022-03-20 11:29:48.873 DEBUG [acme.Launcher@main] Found classpath entry '/C:/Users/rober/.m2/repository/org/apache/tomcat/embed/tomcat-embed-el/9.0.41/tomcat-embed-el-9.0.41.jar' 
2022-03-20 11:29:48.873 DEBUG [acme.Launcher@main] Found classpath entry '/C:/Users/rober/.m2/repository/org/eclipse/jdt/ecj/3.18.0/ecj-3.18.0.jar' 
2022-03-20 11:29:48.874 DEBUG [acme.Launcher@main] Found classpath entry '/C:/Users/rober/.m2/repository/javax/servlet/jstl/1.2/jstl-1.2.jar' 
2022-03-20 11:29:48.874 DEBUG [acme.Launcher@main] Found classpath entry '/C:/Users/rober/.m2/repository/org/springframework/boot/spring-boot-starter-test/2.4.2/spring-boot-starter-test-2.4.2.jar' 
2022-03-20 11:29:48.874 DEBUG [acme.Launcher@main] Found classpath entry '/C:/Users/rober/.m2/repository/org/springframework/boot/spring-boot-starter/2.4.2/spring-boot-starter-2.4.2.jar' 
2022-03-20 11:29:48.874 DEBUG [acme.Launcher@main] Found classpath entry '/C:/Users/rober/.m2/repository/org/springframework/boot/spring-boot/2.4.2/spring-boot-2.4.2.jar' 
2022-03-20 11:29:48.874 DEBUG [acme.Launcher@main] Found classpath entry '/C:/Users/rober/.m2/repository/org/springframework/boot/spring-boot-autoconfigure/2.4.2/spring-boot-autoconfigure-2.4.2.jar' 
2022-03-20 11:29:48.875 DEBUG [acme.Launcher@main] Found classpath entry '/C:/Users/rober/.m2/repository/org/springframework/boot/spring-boot-starter-logging/2.4.2/spring-boot-starter-logging-2.4.2.jar' 
2022-03-20 11:29:48.875 DEBUG [acme.Launcher@main] Found classpath entry '/C:/Users/rober/.m2/repository/ch/qos/logback/logback-classic/1.2.3/logback-classic-1.2.3.jar' 
2022-03-20 11:29:48.875 DEBUG [acme.Launcher@main] Found classpath entry '/C:/Users/rober/.m2/repository/ch/qos/logback/logback-core/1.2.3/logback-core-1.2.3.jar' 
2022-03-20 11:29:48.875 DEBUG [acme.Launcher@main] Found classpath entry '/C:/Users/rober/.m2/repository/org/apache/logging/log4j/log4j-to-slf4j/2.13.3/log4j-to-slf4j-2.13.3.jar' 
2022-03-20 11:29:48.875 DEBUG [acme.Launcher@main] Found classpath entry '/C:/Users/rober/.m2/repository/org/apache/logging/log4j/log4j-api/2.13.3/log4j-api-2.13.3.jar' 
2022-03-20 11:29:48.876 DEBUG [acme.Launcher@main] Found classpath entry '/C:/Users/rober/.m2/repository/org/slf4j/jul-to-slf4j/1.7.30/jul-to-slf4j-1.7.30.jar' 
2022-03-20 11:29:48.876 DEBUG [acme.Launcher@main] Found classpath entry '/C:/Users/rober/.m2/repository/org/yaml/snakeyaml/1.27/snakeyaml-1.27.jar' 
2022-03-20 11:29:48.876 DEBUG [acme.Launcher@main] Found classpath entry '/C:/Users/rober/.m2/repository/org/springframework/boot/spring-boot-test/2.4.2/spring-boot-test-2.4.2.jar' 
2022-03-20 11:29:48.876 DEBUG [acme.Launcher@main] Found classpath entry '/C:/Users/rober/.m2/repository/org/springframework/boot/spring-boot-test-autoconfigure/2.4.2/spring-boot-test-autoconfigure-2.4.2.jar' 
2022-03-20 11:29:48.876 DEBUG [acme.Launcher@main] Found classpath entry '/C:/Users/rober/.m2/repository/com/jayway/jsonpath/json-path/2.4.0/json-path-2.4.0.jar' 
2022-03-20 11:29:48.876 DEBUG [acme.Launcher@main] Found classpath entry '/C:/Users/rober/.m2/repository/net/minidev/json-smart/2.3/json-smart-2.3.jar' 
2022-03-20 11:29:48.877 DEBUG [acme.Launcher@main] Found classpath entry '/C:/Users/rober/.m2/repository/net/minidev/accessors-smart/1.2/accessors-smart-1.2.jar' 
2022-03-20 11:29:48.877 DEBUG [acme.Launcher@main] Found classpath entry '/C:/Users/rober/.m2/repository/org/ow2/asm/asm/5.0.4/asm-5.0.4.jar' 
2022-03-20 11:29:48.877 DEBUG [acme.Launcher@main] Found classpath entry '/C:/Users/rober/.m2/repository/jakarta/xml/bind/jakarta.xml.bind-api/2.3.3/jakarta.xml.bind-api-2.3.3.jar' 
2022-03-20 11:29:48.877 DEBUG [acme.Launcher@main] Found classpath entry '/C:/Users/rober/.m2/repository/jakarta/activation/jakarta.activation-api/1.2.2/jakarta.activation-api-1.2.2.jar' 
2022-03-20 11:29:48.877 DEBUG [acme.Launcher@main] Found classpath entry '/C:/Users/rober/.m2/repository/org/assertj/assertj-core/3.18.1/assertj-core-3.18.1.jar' 
2022-03-20 11:29:48.878 DEBUG [acme.Launcher@main] Found classpath entry '/C:/Users/rober/.m2/repository/org/hamcrest/hamcrest/2.2/hamcrest-2.2.jar' 
2022-03-20 11:29:48.878 DEBUG [acme.Launcher@main] Found classpath entry '/C:/Users/rober/.m2/repository/org/junit/jupiter/junit-jupiter/5.7.0/junit-jupiter-5.7.0.jar' 
2022-03-20 11:29:48.878 DEBUG [acme.Launcher@main] Found classpath entry '/C:/Users/rober/.m2/repository/org/mockito/mockito-core/3.6.28/mockito-core-3.6.28.jar' 
2022-03-20 11:29:48.878 DEBUG [acme.Launcher@main] Found classpath entry '/C:/Users/rober/.m2/repository/net/bytebuddy/byte-buddy-agent/1.10.19/byte-buddy-agent-1.10.19.jar' 
2022-03-20 11:29:48.878 DEBUG [acme.Launcher@main] Found classpath entry '/C:/Users/rober/.m2/repository/org/objenesis/objenesis/3.1/objenesis-3.1.jar' 
2022-03-20 11:29:48.878 DEBUG [acme.Launcher@main] Found classpath entry '/C:/Users/rober/.m2/repository/org/mockito/mockito-junit-jupiter/3.6.28/mockito-junit-jupiter-3.6.28.jar' 
2022-03-20 11:29:48.879 DEBUG [acme.Launcher@main] Found classpath entry '/C:/Users/rober/.m2/repository/org/skyscreamer/jsonassert/1.5.0/jsonassert-1.5.0.jar' 
2022-03-20 11:29:48.879 DEBUG [acme.Launcher@main] Found classpath entry '/C:/Users/rober/.m2/repository/com/vaadin/external/google/android-json/0.0.20131108.vaadin1/android-json-0.0.20131108.vaadin1.jar' 
2022-03-20 11:29:48.879 DEBUG [acme.Launcher@main] Found classpath entry '/C:/Users/rober/.m2/repository/org/springframework/spring-core/5.3.3/spring-core-5.3.3.jar' 
2022-03-20 11:29:48.879 DEBUG [acme.Launcher@main] Found classpath entry '/C:/Users/rober/.m2/repository/org/springframework/spring-jcl/5.3.3/spring-jcl-5.3.3.jar' 
2022-03-20 11:29:48.879 DEBUG [acme.Launcher@main] Found classpath entry '/C:/Users/rober/.m2/repository/org/springframework/spring-test/5.3.3/spring-test-5.3.3.jar' 
2022-03-20 11:29:48.880 DEBUG [acme.Launcher@main] Found classpath entry '/C:/Users/rober/.m2/repository/org/xmlunit/xmlunit-core/2.7.0/xmlunit-core-2.7.0.jar' 
2022-03-20 11:29:48.880 DEBUG [acme.Launcher@main] Found classpath entry '/C:/Users/rober/.m2/repository/org/springframework/boot/spring-boot-starter-security/2.4.2/spring-boot-starter-security-2.4.2.jar' 
2022-03-20 11:29:48.880 DEBUG [acme.Launcher@main] Found classpath entry '/C:/Users/rober/.m2/repository/org/springframework/spring-aop/5.3.3/spring-aop-5.3.3.jar' 
2022-03-20 11:29:48.880 DEBUG [acme.Launcher@main] Found classpath entry '/C:/Users/rober/.m2/repository/org/springframework/security/spring-security-web/5.4.2/spring-security-web-5.4.2.jar' 
2022-03-20 11:29:48.880 DEBUG [acme.Launcher@main] Found classpath entry '/C:/Users/rober/.m2/repository/org/springframework/security/spring-security-core/5.4.2/spring-security-core-5.4.2.jar' 
2022-03-20 11:29:48.880 DEBUG [acme.Launcher@main] Found classpath entry '/C:/Users/rober/.m2/repository/org/springframework/spring-beans/5.3.3/spring-beans-5.3.3.jar' 
2022-03-20 11:29:48.881 DEBUG [acme.Launcher@main] Found classpath entry '/C:/Users/rober/.m2/repository/org/springframework/spring-context/5.3.3/spring-context-5.3.3.jar' 
2022-03-20 11:29:48.881 DEBUG [acme.Launcher@main] Found classpath entry '/C:/Users/rober/.m2/repository/org/springframework/spring-expression/5.3.3/spring-expression-5.3.3.jar' 
2022-03-20 11:29:48.881 DEBUG [acme.Launcher@main] Found classpath entry '/C:/Users/rober/.m2/repository/org/springframework/spring-web/5.3.3/spring-web-5.3.3.jar' 
2022-03-20 11:29:48.881 DEBUG [acme.Launcher@main] Found classpath entry '/C:/Users/rober/.m2/repository/org/springframework/security/spring-security-config/5.4.2/spring-security-config-5.4.2.jar' 
2022-03-20 11:29:48.881 DEBUG [acme.Launcher@main] Found classpath entry '/C:/Users/rober/.m2/repository/org/springframework/security/spring-security-taglibs/5.4.2/spring-security-taglibs-5.4.2.jar' 
2022-03-20 11:29:48.881 DEBUG [acme.Launcher@main] Found classpath entry '/C:/Users/rober/.m2/repository/org/springframework/security/spring-security-acl/5.4.2/spring-security-acl-5.4.2.jar' 
2022-03-20 11:29:48.882 DEBUG [acme.Launcher@main] Found classpath entry '/C:/Users/rober/.m2/repository/org/springframework/spring-jdbc/5.3.3/spring-jdbc-5.3.3.jar' 
2022-03-20 11:29:48.882 DEBUG [acme.Launcher@main] Found classpath entry '/C:/Users/rober/.m2/repository/org/springframework/spring-tx/5.3.3/spring-tx-5.3.3.jar' 
2022-03-20 11:29:48.882 DEBUG [acme.Launcher@main] Found classpath entry '/C:/Users/rober/.m2/repository/org/springframework/boot/spring-boot-starter-web/2.4.2/spring-boot-starter-web-2.4.2.jar' 
2022-03-20 11:29:48.882 DEBUG [acme.Launcher@main] Found classpath entry '/C:/Users/rober/.m2/repository/org/springframework/boot/spring-boot-starter-json/2.4.2/spring-boot-starter-json-2.4.2.jar' 
2022-03-20 11:29:48.882 DEBUG [acme.Launcher@main] Found classpath entry '/C:/Users/rober/.m2/repository/com/fasterxml/jackson/core/jackson-databind/2.11.4/jackson-databind-2.11.4.jar' 
2022-03-20 11:29:48.882 DEBUG [acme.Launcher@main] Found classpath entry '/C:/Users/rober/.m2/repository/com/fasterxml/jackson/core/jackson-annotations/2.11.4/jackson-annotations-2.11.4.jar' 
2022-03-20 11:29:48.883 DEBUG [acme.Launcher@main] Found classpath entry '/C:/Users/rober/.m2/repository/com/fasterxml/jackson/core/jackson-core/2.11.4/jackson-core-2.11.4.jar' 
2022-03-20 11:29:48.883 DEBUG [acme.Launcher@main] Found classpath entry '/C:/Users/rober/.m2/repository/com/fasterxml/jackson/datatype/jackson-datatype-jdk8/2.11.4/jackson-datatype-jdk8-2.11.4.jar' 
2022-03-20 11:29:48.883 DEBUG [acme.Launcher@main] Found classpath entry '/C:/Users/rober/.m2/repository/com/fasterxml/jackson/datatype/jackson-datatype-jsr310/2.11.4/jackson-datatype-jsr310-2.11.4.jar' 
2022-03-20 11:29:48.883 DEBUG [acme.Launcher@main] Found classpath entry '/C:/Users/rober/.m2/repository/com/fasterxml/jackson/module/jackson-module-parameter-names/2.11.4/jackson-module-parameter-names-2.11.4.jar' 
2022-03-20 11:29:48.883 DEBUG [acme.Launcher@main] Found classpath entry '/C:/Users/rober/.m2/repository/org/springframework/spring-webmvc/5.3.3/spring-webmvc-5.3.3.jar' 
2022-03-20 11:29:48.883 DEBUG [acme.Launcher@main] Found classpath entry '/C:/Users/rober/.m2/repository/org/apache/tiles/tiles-jsp/3.0.8/tiles-jsp-3.0.8.jar' 
2022-03-20 11:29:48.884 DEBUG [acme.Launcher@main] Found classpath entry '/C:/Users/rober/.m2/repository/org/apache/tiles/tiles-servlet/3.0.8/tiles-servlet-3.0.8.jar' 
2022-03-20 11:29:48.884 DEBUG [acme.Launcher@main] Found classpath entry '/C:/Users/rober/.m2/repository/org/apache/tiles/tiles-core/3.0.8/tiles-core-3.0.8.jar' 
2022-03-20 11:29:48.884 DEBUG [acme.Launcher@main] Found classpath entry '/C:/Users/rober/.m2/repository/commons-digester/commons-digester/2.0/commons-digester-2.0.jar' 
2022-03-20 11:29:48.884 DEBUG [acme.Launcher@main] Found classpath entry '/C:/Users/rober/.m2/repository/org/slf4j/jcl-over-slf4j/1.7.30/jcl-over-slf4j-1.7.30.jar' 
2022-03-20 11:29:48.884 DEBUG [acme.Launcher@main] Found classpath entry '/C:/Users/rober/.m2/repository/org/apache/tiles/tiles-request-servlet/1.0.7/tiles-request-servlet-1.0.7.jar' 
2022-03-20 11:29:48.884 DEBUG [acme.Launcher@main] Found classpath entry '/C:/Users/rober/.m2/repository/org/apache/tiles/tiles-template/3.0.8/tiles-template-3.0.8.jar' 
2022-03-20 11:29:48.884 DEBUG [acme.Launcher@main] Found classpath entry '/C:/Users/rober/.m2/repository/org/apache/tiles/tiles-api/3.0.8/tiles-api-3.0.8.jar' 
2022-03-20 11:29:48.885 DEBUG [acme.Launcher@main] Found classpath entry '/C:/Users/rober/.m2/repository/org/apache/tiles/tiles-autotag-core-runtime/1.2/tiles-autotag-core-runtime-1.2.jar' 
2022-03-20 11:29:48.885 DEBUG [acme.Launcher@main] Found classpath entry '/C:/Users/rober/.m2/repository/org/slf4j/slf4j-api/1.7.30/slf4j-api-1.7.30.jar' 
2022-03-20 11:29:48.885 DEBUG [acme.Launcher@main] Found classpath entry '/C:/Users/rober/.m2/repository/org/apache/tiles/tiles-request-jsp/1.0.7/tiles-request-jsp-1.0.7.jar' 
2022-03-20 11:29:48.885 DEBUG [acme.Launcher@main] Found classpath entry '/C:/Users/rober/.m2/repository/org/apache/tiles/tiles-request-api/1.0.7/tiles-request-api-1.0.7.jar' 
2022-03-20 11:29:48.885 DEBUG [acme.Launcher@main] Found classpath entry '/C:/Users/rober/.m2/repository/org/springframework/boot/spring-boot-starter-data-jpa/2.4.2/spring-boot-starter-data-jpa-2.4.2.jar' 
2022-03-20 11:29:48.885 DEBUG [acme.Launcher@main] Found classpath entry '/C:/Users/rober/.m2/repository/org/springframework/boot/spring-boot-starter-aop/2.4.2/spring-boot-starter-aop-2.4.2.jar' 
2022-03-20 11:29:48.886 DEBUG [acme.Launcher@main] Found classpath entry '/C:/Users/rober/.m2/repository/org/aspectj/aspectjweaver/1.9.6/aspectjweaver-1.9.6.jar' 
2022-03-20 11:29:48.886 DEBUG [acme.Launcher@main] Found classpath entry '/C:/Users/rober/.m2/repository/org/springframework/boot/spring-boot-starter-jdbc/2.4.2/spring-boot-starter-jdbc-2.4.2.jar' 
2022-03-20 11:29:48.886 DEBUG [acme.Launcher@main] Found classpath entry '/C:/Users/rober/.m2/repository/jakarta/transaction/jakarta.transaction-api/1.3.3/jakarta.transaction-api-1.3.3.jar' 
2022-03-20 11:29:48.886 DEBUG [acme.Launcher@main] Found classpath entry '/C:/Users/rober/.m2/repository/jakarta/persistence/jakarta.persistence-api/2.2.3/jakarta.persistence-api-2.2.3.jar' 
2022-03-20 11:29:48.886 DEBUG [acme.Launcher@main] Found classpath entry '/C:/Users/rober/.m2/repository/org/hibernate/hibernate-core/5.4.27.Final/hibernate-core-5.4.27.Final.jar' 
2022-03-20 11:29:48.886 DEBUG [acme.Launcher@main] Found classpath entry '/C:/Users/rober/.m2/repository/org/jboss/logging/jboss-logging/3.4.1.Final/jboss-logging-3.4.1.Final.jar' 
2022-03-20 11:29:48.887 DEBUG [acme.Launcher@main] Found classpath entry '/C:/Users/rober/.m2/repository/org/javassist/javassist/3.27.0-GA/javassist-3.27.0-GA.jar' 
2022-03-20 11:29:48.887 DEBUG [acme.Launcher@main] Found classpath entry '/C:/Users/rober/.m2/repository/antlr/antlr/2.7.7/antlr-2.7.7.jar' 
2022-03-20 11:29:48.887 DEBUG [acme.Launcher@main] Found classpath entry '/C:/Users/rober/.m2/repository/org/jboss/jandex/2.1.3.Final/jandex-2.1.3.Final.jar' 
2022-03-20 11:29:48.887 DEBUG [acme.Launcher@main] Found classpath entry '/C:/Users/rober/.m2/repository/com/fasterxml/classmate/1.5.1/classmate-1.5.1.jar' 
2022-03-20 11:29:48.887 DEBUG [acme.Launcher@main] Found classpath entry '/C:/Users/rober/.m2/repository/org/dom4j/dom4j/2.1.3/dom4j-2.1.3.jar' 
2022-03-20 11:29:48.887 DEBUG [acme.Launcher@main] Found classpath entry '/C:/Users/rober/.m2/repository/org/hibernate/common/hibernate-commons-annotations/5.1.2.Final/hibernate-commons-annotations-5.1.2.Final.jar' 
2022-03-20 11:29:48.887 DEBUG [acme.Launcher@main] Found classpath entry '/C:/Users/rober/.m2/repository/org/glassfish/jaxb/jaxb-runtime/2.3.3/jaxb-runtime-2.3.3.jar' 
2022-03-20 11:29:48.888 DEBUG [acme.Launcher@main] Found classpath entry '/C:/Users/rober/.m2/repository/org/glassfish/jaxb/txw2/2.3.3/txw2-2.3.3.jar' 
2022-03-20 11:29:48.888 DEBUG [acme.Launcher@main] Found classpath entry '/C:/Users/rober/.m2/repository/com/sun/istack/istack-commons-runtime/3.0.11/istack-commons-runtime-3.0.11.jar' 
2022-03-20 11:29:48.888 DEBUG [acme.Launcher@main] Found classpath entry '/C:/Users/rober/.m2/repository/com/sun/activation/jakarta.activation/1.2.2/jakarta.activation-1.2.2.jar' 
2022-03-20 11:29:48.888 DEBUG [acme.Launcher@main] Found classpath entry '/C:/Users/rober/.m2/repository/org/springframework/data/spring-data-jpa/2.4.3/spring-data-jpa-2.4.3.jar' 
2022-03-20 11:29:48.888 DEBUG [acme.Launcher@main] Found classpath entry '/C:/Users/rober/.m2/repository/org/springframework/data/spring-data-commons/2.4.3/spring-data-commons-2.4.3.jar' 
2022-03-20 11:29:48.889 DEBUG [acme.Launcher@main] Found classpath entry '/C:/Users/rober/.m2/repository/org/springframework/spring-orm/5.3.3/spring-orm-5.3.3.jar' 
2022-03-20 11:29:48.889 DEBUG [acme.Launcher@main] Found classpath entry '/C:/Users/rober/.m2/repository/org/springframework/spring-aspects/5.3.3/spring-aspects-5.3.3.jar' 
2022-03-20 11:29:48.889 DEBUG [acme.Launcher@main] Found classpath entry '/C:/Users/rober/.m2/repository/org/springframework/boot/spring-boot-starter-validation/2.4.2/spring-boot-starter-validation-2.4.2.jar' 
2022-03-20 11:29:48.889 DEBUG [acme.Launcher@main] Found classpath entry '/C:/Users/rober/.m2/repository/org/hibernate/validator/hibernate-validator/6.1.7.Final/hibernate-validator-6.1.7.Final.jar' 
2022-03-20 11:29:48.889 DEBUG [acme.Launcher@main] Found classpath entry '/C:/Users/rober/.m2/repository/jakarta/validation/jakarta.validation-api/2.0.2/jakarta.validation-api-2.0.2.jar' 
2022-03-20 11:29:48.889 DEBUG [acme.Launcher@main] Found classpath entry '/C:/Users/rober/.m2/repository/mysql/mysql-connector-java/8.0.22/mysql-connector-java-8.0.22.jar' 
2022-03-20 11:29:48.890 DEBUG [acme.Launcher@main] Found classpath entry '/C:/Users/rober/.m2/repository/com/zaxxer/HikariCP/3.4.5/HikariCP-3.4.5.jar' 
2022-03-20 11:29:48.890 DEBUG [acme.Launcher@main] Found classpath entry '/C:/Users/rober/.m2/repository/org/junit/jupiter/junit-jupiter-engine/5.7.0/junit-jupiter-engine-5.7.0.jar' 
2022-03-20 11:29:48.890 DEBUG [acme.Launcher@main] Found classpath entry '/C:/Users/rober/.m2/repository/org/apiguardian/apiguardian-api/1.1.0/apiguardian-api-1.1.0.jar' 
2022-03-20 11:29:48.890 DEBUG [acme.Launcher@main] Found classpath entry '/C:/Users/rober/.m2/repository/org/junit/platform/junit-platform-engine/1.7.0/junit-platform-engine-1.7.0.jar' 
2022-03-20 11:29:48.890 DEBUG [acme.Launcher@main] Found classpath entry '/C:/Users/rober/.m2/repository/org/junit/jupiter/junit-jupiter-api/5.7.0/junit-jupiter-api-5.7.0.jar' 
2022-03-20 11:29:48.891 DEBUG [acme.Launcher@main] Found classpath entry '/C:/Users/rober/.m2/repository/org/opentest4j/opentest4j/1.2.0/opentest4j-1.2.0.jar' 
2022-03-20 11:29:48.891 DEBUG [acme.Launcher@main] Found classpath entry '/C:/Users/rober/.m2/repository/org/junit/platform/junit-platform-commons/1.7.0/junit-platform-commons-1.7.0.jar' 
2022-03-20 11:29:48.891 DEBUG [acme.Launcher@main] Found classpath entry '/C:/Users/rober/.m2/repository/org/junit/jupiter/junit-jupiter-params/5.7.0/junit-jupiter-params-5.7.0.jar' 
2022-03-20 11:29:48.891 DEBUG [acme.Launcher@main] Found classpath entry '/C:/Users/rober/.m2/repository/org/junit/platform/junit-platform-launcher/1.7.0/junit-platform-launcher-1.7.0.jar' 
2022-03-20 11:29:48.891 DEBUG [acme.Launcher@main] Found classpath entry '/C:/Users/rober/.m2/repository/org/seleniumhq/selenium/selenium-java/3.141.59/selenium-java-3.141.59.jar' 
2022-03-20 11:29:48.891 DEBUG [acme.Launcher@main] Found classpath entry '/C:/Users/rober/.m2/repository/org/seleniumhq/selenium/selenium-api/3.141.59/selenium-api-3.141.59.jar' 
2022-03-20 11:29:48.891 DEBUG [acme.Launcher@main] Found classpath entry '/C:/Users/rober/.m2/repository/org/seleniumhq/selenium/selenium-chrome-driver/3.141.59/selenium-chrome-driver-3.141.59.jar' 
2022-03-20 11:29:48.892 DEBUG [acme.Launcher@main] Found classpath entry '/C:/Users/rober/.m2/repository/org/seleniumhq/selenium/selenium-edge-driver/3.141.59/selenium-edge-driver-3.141.59.jar' 
2022-03-20 11:29:48.892 DEBUG [acme.Launcher@main] Found classpath entry '/C:/Users/rober/.m2/repository/org/seleniumhq/selenium/selenium-firefox-driver/3.141.59/selenium-firefox-driver-3.141.59.jar' 
2022-03-20 11:29:48.892 DEBUG [acme.Launcher@main] Found classpath entry '/C:/Users/rober/.m2/repository/org/seleniumhq/selenium/selenium-ie-driver/3.141.59/selenium-ie-driver-3.141.59.jar' 
2022-03-20 11:29:48.892 DEBUG [acme.Launcher@main] Found classpath entry '/C:/Users/rober/.m2/repository/org/seleniumhq/selenium/selenium-opera-driver/3.141.59/selenium-opera-driver-3.141.59.jar' 
2022-03-20 11:29:48.892 DEBUG [acme.Launcher@main] Found classpath entry '/C:/Users/rober/.m2/repository/org/seleniumhq/selenium/selenium-remote-driver/3.141.59/selenium-remote-driver-3.141.59.jar' 
2022-03-20 11:29:48.892 DEBUG [acme.Launcher@main] Found classpath entry '/C:/Users/rober/.m2/repository/org/seleniumhq/selenium/selenium-safari-driver/3.141.59/selenium-safari-driver-3.141.59.jar' 
2022-03-20 11:29:48.892 DEBUG [acme.Launcher@main] Found classpath entry '/C:/Users/rober/.m2/repository/org/seleniumhq/selenium/selenium-support/3.141.59/selenium-support-3.141.59.jar' 
2022-03-20 11:29:48.892 DEBUG [acme.Launcher@main] Found classpath entry '/C:/Users/rober/.m2/repository/net/bytebuddy/byte-buddy/1.10.19/byte-buddy-1.10.19.jar' 
2022-03-20 11:29:48.893 DEBUG [acme.Launcher@main] Found classpath entry '/C:/Users/rober/.m2/repository/org/apache/commons/commons-exec/1.3/commons-exec-1.3.jar' 
2022-03-20 11:29:48.893 DEBUG [acme.Launcher@main] Found classpath entry '/C:/Users/rober/.m2/repository/com/google/guava/guava/25.0-jre/guava-25.0-jre.jar' 
2022-03-20 11:29:48.893 DEBUG [acme.Launcher@main] Found classpath entry '/C:/Users/rober/.m2/repository/com/google/code/findbugs/jsr305/1.3.9/jsr305-1.3.9.jar' 
2022-03-20 11:29:48.893 DEBUG [acme.Launcher@main] Found classpath entry '/C:/Users/rober/.m2/repository/org/checkerframework/checker-compat-qual/2.0.0/checker-compat-qual-2.0.0.jar' 
2022-03-20 11:29:48.893 DEBUG [acme.Launcher@main] Found classpath entry '/C:/Users/rober/.m2/repository/com/google/errorprone/error_prone_annotations/2.1.3/error_prone_annotations-2.1.3.jar' 
2022-03-20 11:29:48.893 DEBUG [acme.Launcher@main] Found classpath entry '/C:/Users/rober/.m2/repository/com/google/j2objc/j2objc-annotations/1.1/j2objc-annotations-1.1.jar' 
2022-03-20 11:29:48.893 DEBUG [acme.Launcher@main] Found classpath entry '/C:/Users/rober/.m2/repository/org/codehaus/mojo/animal-sniffer-annotations/1.14/animal-sniffer-annotations-1.14.jar' 
2022-03-20 11:29:48.894 DEBUG [acme.Launcher@main] Found classpath entry '/C:/Users/rober/.m2/repository/com/squareup/okhttp3/okhttp/3.14.9/okhttp-3.14.9.jar' 
2022-03-20 11:29:48.894 DEBUG [acme.Launcher@main] Found classpath entry '/C:/Users/rober/.m2/repository/com/squareup/okio/okio/1.14.0/okio-1.14.0.jar' 
2022-03-20 11:29:48.894 DEBUG [acme.Launcher@main] Found classpath entry '/C:/Users/rober/.m2/repository/org/apache/commons/commons-lang3/3.11/commons-lang3-3.11.jar' 
2022-03-20 11:29:48.894 DEBUG [acme.Launcher@main] Found classpath entry '/C:/Users/rober/.m2/repository/org/apache/commons/commons-text/1.8/commons-text-1.8.jar' 
2022-03-20 11:29:48.894 DEBUG [acme.Launcher@main] Found classpath entry '/C:/Users/rober/.m2/repository/commons-io/commons-io/2.6/commons-io-2.6.jar' 
2022-03-20 11:29:48.894 DEBUG [acme.Launcher@main] Found classpath entry '/C:/Users/rober/.m2/repository/commons-cli/commons-cli/1.4/commons-cli-1.4.jar' 
2022-03-20 11:29:48.894 DEBUG [acme.Launcher@main] Found classpath entry '/C:/Users/rober/.m2/repository/org/projectlombok/lombok/1.18.16/lombok-1.18.16.jar' 
2022-03-20 11:29:48.894 DEBUG [acme.Launcher@main] Found classpath entry '/C:/Users/rober/.m2/repository/com/opencsv/opencsv/5.4/opencsv-5.4.jar' 
2022-03-20 11:29:48.895 DEBUG [acme.Launcher@main] Found classpath entry '/C:/Users/rober/.m2/repository/commons-beanutils/commons-beanutils/1.9.4/commons-beanutils-1.9.4.jar' 
2022-03-20 11:29:48.895 DEBUG [acme.Launcher@main] Found classpath entry '/C:/Users/rober/.m2/repository/commons-logging/commons-logging/1.2/commons-logging-1.2.jar' 
2022-03-20 11:29:48.895 DEBUG [acme.Launcher@main] Found classpath entry '/C:/Users/rober/.m2/repository/commons-collections/commons-collections/3.2.2/commons-collections-3.2.2.jar' 
2022-03-20 11:29:48.895 DEBUG [acme.Launcher@main] Found classpath entry '/C:/Users/rober/.m2/repository/org/apache/commons/commons-collections4/4.4/commons-collections4-4.4.jar' 
2022-03-20 11:29:48.991 DEBUG [acme.Launcher@main] Found entity class 'acme.entities.Announcement 
2022-03-20 11:29:48.991 DEBUG [acme.Launcher@main] Found entity class 'acme.entities.Chirp 
2022-03-20 11:29:48.991 DEBUG [acme.Launcher@main] Found entity class 'acme.entities.Component 
2022-03-20 11:29:48.992 DEBUG [acme.Launcher@main] Found entity class 'acme.entities.Currency 
2022-03-20 11:29:48.992 DEBUG [acme.Launcher@main] Found entity class 'acme.entities.Patronage 
2022-03-20 11:29:48.992 DEBUG [acme.Launcher@main] Found entity class 'acme.entities.PatronageReport 
2022-03-20 11:29:48.992 DEBUG [acme.Launcher@main] Found entity class 'acme.entities.Spam 
2022-03-20 11:29:48.992 DEBUG [acme.Launcher@main] Found entity class 'acme.entities.Tool 
2022-03-20 11:29:48.992 DEBUG [acme.Launcher@main] Found entity class 'acme.entities.Toolkits 
2022-03-20 11:29:48.993 DEBUG [acme.Launcher@main] Found entity class 'acme.roles.Consumer 
2022-03-20 11:29:48.993 DEBUG [acme.Launcher@main] Found entity class 'acme.roles.Inventor 
2022-03-20 11:29:48.993 DEBUG [acme.Launcher@main] Found entity class 'acme.roles.Patron 
2022-03-20 11:29:48.993 DEBUG [acme.Launcher@main] Found entity class 'acme.roles.Provider 
2022-03-20 11:29:48.993 DEBUG [acme.Launcher@main] Found entity class 'acme.framework.entities.UserAccount 
2022-03-20 11:29:48.993 DEBUG [acme.Launcher@main] Found entity class 'acme.framework.roles.Administrator 
2022-03-20 11:29:48.994 DEBUG [acme.Launcher@main] Found entity class 'acme.framework.roles.Anonymous 
2022-03-20 11:29:48.994 DEBUG [acme.Launcher@main] Found entity class 'acme.framework.roles.Authenticated 
2022-03-20 11:29:49 INFO  [acme.Launcher@main] Populating (initial data) 
2022-03-20 11:29:49.001 INFO  [acme.framework.components.database.DatabasePopulator@main] Building database schema 
2022-03-20 11:29:49.049 DEBUG [acme.framework.components.database.DatabaseUtil@main] Executing script. 
2022-03-20 11:29:49.049 DEBUG [acme.framework.components.database.DatabaseUtil@main] Starting new transaction. 
2022-03-20 11:29:49.060 DEBUG [acme.framework.components.database.DatabaseUtil@main] Executing command 'set transaction isolation level read uncommitted;'. 
2022-03-20 11:29:49.081 DEBUG [acme.framework.components.database.DatabaseUtil@main] Starting transaction '5584361'. 
2022-03-20 11:29:49.082 DEBUG [acme.framework.components.database.DatabaseUtil@main] Executing script command 'set foreign_key_checks=0'. 
2022-03-20 11:29:49.082 DEBUG [acme.framework.components.database.DatabaseUtil@main] Executing script command 'drop table if exists administrator'. 
2022-03-20 11:29:49.111 DEBUG [acme.framework.components.database.DatabaseUtil@main] Executing script command 'drop table if exists announcement'. 
2022-03-20 11:29:49.125 DEBUG [acme.framework.components.database.DatabaseUtil@main] Executing script command 'drop table if exists anonymous'. 
2022-03-20 11:29:49.140 DEBUG [acme.framework.components.database.DatabaseUtil@main] Executing script command 'drop table if exists authenticated'. 
2022-03-20 11:29:49.157 DEBUG [acme.framework.components.database.DatabaseUtil@main] Executing script command 'drop table if exists chirp'. 
2022-03-20 11:29:49.175 DEBUG [acme.framework.components.database.DatabaseUtil@main] Executing script command 'drop table if exists component'. 
2022-03-20 11:29:49.189 DEBUG [acme.framework.components.database.DatabaseUtil@main] Executing script command 'drop table if exists consumer'. 
2022-03-20 11:29:49.204 DEBUG [acme.framework.components.database.DatabaseUtil@main] Executing script command 'drop table if exists currency'. 
2022-03-20 11:29:49.218 DEBUG [acme.framework.components.database.DatabaseUtil@main] Executing script command 'drop table if exists hibernate_sequence'. 
2022-03-20 11:29:49.233 DEBUG [acme.framework.components.database.DatabaseUtil@main] Executing script command 'drop table if exists inventor'. 
2022-03-20 11:29:49.248 DEBUG [acme.framework.components.database.DatabaseUtil@main] Executing script command 'drop table if exists patron'. 
2022-03-20 11:29:49.265 DEBUG [acme.framework.components.database.DatabaseUtil@main] Executing script command 'drop table if exists patronage'. 
2022-03-20 11:29:49.281 DEBUG [acme.framework.components.database.DatabaseUtil@main] Executing script command 'drop table if exists patronage_report'. 
2022-03-20 11:29:49.295 DEBUG [acme.framework.components.database.DatabaseUtil@main] Executing script command 'drop table if exists provider'. 
2022-03-20 11:29:49.316 DEBUG [acme.framework.components.database.DatabaseUtil@main] Executing script command 'drop table if exists spam'. 
2022-03-20 11:29:49.331 DEBUG [acme.framework.components.database.DatabaseUtil@main] Executing script command 'drop table if exists tool'. 
2022-03-20 11:29:49.345 DEBUG [acme.framework.components.database.DatabaseUtil@main] Executing script command 'drop table if exists toolkits'. 
2022-03-20 11:29:49.360 DEBUG [acme.framework.components.database.DatabaseUtil@main] Executing script command 'drop table if exists toolkits_component'. 
2022-03-20 11:29:49.374 DEBUG [acme.framework.components.database.DatabaseUtil@main] Executing script command 'drop table if exists user_account'. 
2022-03-20 11:29:49.388 DEBUG [acme.framework.components.database.DatabaseUtil@main] Executing script command 'set foreign_key_checks=1'. 
2022-03-20 11:29:49.388 DEBUG [acme.framework.components.database.DatabaseUtil@main] Committing transaction '5584361'. 
2022-03-20 11:29:49.402 DEBUG [acme.framework.components.database.DatabaseUtil@main] Executing script. 
2022-03-20 11:29:49.402 DEBUG [acme.framework.components.database.DatabaseUtil@main] Starting new transaction. 
2022-03-20 11:29:49.403 DEBUG [acme.framework.components.database.DatabaseUtil@main] Executing command 'set transaction isolation level read uncommitted;'. 
2022-03-20 11:29:49.404 DEBUG [acme.framework.components.database.DatabaseUtil@main] Starting transaction '1076882309'. 
2022-03-20 11:29:49.404 DEBUG [acme.framework.components.database.DatabaseUtil@main] Executing script command 'set foreign_key_checks=0'. 
2022-03-20 11:29:49.404 DEBUG [acme.framework.components.database.DatabaseUtil@main] Executing script command 'create table administrator (id integer not null, version integer not null, user_account_id integer, primary key (id)) engine=InnoDB'. 
2022-03-20 11:29:49.424 DEBUG [acme.framework.components.database.DatabaseUtil@main] Executing script command 'create table announcement (id integer not null, version integer not null, body varchar(255), creation_moment datetime, critical bit not null, link varchar(255), title varchar(255), primary key (id)) engine=InnoDB'. 
2022-03-20 11:29:49.443 DEBUG [acme.framework.components.database.DatabaseUtil@main] Executing script command 'create table anonymous (id integer not null, version integer not null, user_account_id integer, primary key (id)) engine=InnoDB'. 
2022-03-20 11:29:49.460 DEBUG [acme.framework.components.database.DatabaseUtil@main] Executing script command 'create table authenticated (id integer not null, version integer not null, user_account_id integer, primary key (id)) engine=InnoDB'. 
2022-03-20 11:29:49.479 DEBUG [acme.framework.components.database.DatabaseUtil@main] Executing script command 'create table chirp (id integer not null, version integer not null, author varchar(255), body varchar(255), creation_moment datetime, email varchar(255), title varchar(255), primary key (id)) engine=InnoDB'. 
2022-03-20 11:29:49.497 DEBUG [acme.framework.components.database.DatabaseUtil@main] Executing script command 'create table component (id integer not null, version integer not null, code varchar(255), description varchar(255), link varchar(255), name varchar(255), retail_price double precision, technology varchar(255), primary key (id)) engine=InnoDB'. 
2022-03-20 11:29:49.513 DEBUG [acme.framework.components.database.DatabaseUtil@main] Executing script command 'create table consumer (id integer not null, version integer not null, user_account_id integer, company varchar(255), sector varchar(255), primary key (id)) engine=InnoDB'. 
2022-03-20 11:29:49.532 DEBUG [acme.framework.components.database.DatabaseUtil@main] Executing script command 'create table currency (id integer not null, version integer not null, currency_type varchar(255), primary key (id)) engine=InnoDB'. 
2022-03-20 11:29:49.549 DEBUG [acme.framework.components.database.DatabaseUtil@main] Executing script command 'create table hibernate_sequence (next_val bigint) engine=InnoDB'. 
2022-03-20 11:29:49.566 DEBUG [acme.framework.components.database.DatabaseUtil@main] Executing script command 'insert into hibernate_sequence values ( 1 )'. 
2022-03-20 11:29:49.569 DEBUG [acme.framework.components.database.DatabaseUtil@main] Executing script command 'create table inventor (id integer not null, version integer not null, user_account_id integer, company varchar(255), info varchar(255), statement varchar(255), primary key (id)) engine=InnoDB'. 
2022-03-20 11:29:49.594 DEBUG [acme.framework.components.database.DatabaseUtil@main] Executing script command 'create table patron (id integer not null, version integer not null, user_account_id integer, company varchar(255), info varchar(255), statement varchar(255), primary key (id)) engine=InnoDB'. 
2022-03-20 11:29:49.610 DEBUG [acme.framework.components.database.DatabaseUtil@main] Executing script command 'create table patronage (id integer not null, version integer not null, budget_amount double precision, budget_currency varchar(255), code varchar(255), info varchar(255), legal_stuff varchar(255), period tinyblob, status integer, inventor_id integer not null, patron_id integer not null, primary key (id)) engine=InnoDB'. 
2022-03-20 11:29:49.626 DEBUG [acme.framework.components.database.DatabaseUtil@main] Executing script command 'create table patronage_report (id integer not null, version integer not null, creation_moment datetime, link varchar(255), memorandum varchar(255), serial_number integer, patronage_id integer not null, primary key (id)) engine=InnoDB'. 
2022-03-20 11:29:49.649 DEBUG [acme.framework.components.database.DatabaseUtil@main] Executing script command 'create table provider (id integer not null, version integer not null, user_account_id integer, company varchar(255), sector varchar(255), primary key (id)) engine=InnoDB'. 
2022-03-20 11:29:49.665 DEBUG [acme.framework.components.database.DatabaseUtil@main] Executing script command 'create table spam (id integer not null, version integer not null, language integer, spam_type integer, word varchar(255), primary key (id)) engine=InnoDB'. 
2022-03-20 11:29:49.681 DEBUG [acme.framework.components.database.DatabaseUtil@main] Executing script command 'create table tool (id integer not null, version integer not null, code varchar(255), description varchar(255), link varchar(255), name varchar(255), retail_price double precision, technology varchar(255), primary key (id)) engine=InnoDB'. 
2022-03-20 11:29:49.700 DEBUG [acme.framework.components.database.DatabaseUtil@main] Executing script command 'create table toolkits (id integer not null, version integer not null, code varchar(255), description varchar(255), link varchar(255), notes varchar(255), title varchar(255), tool_id integer, primary key (id)) engine=InnoDB'. 
2022-03-20 11:29:49.720 DEBUG [acme.framework.components.database.DatabaseUtil@main] Executing script command 'create table toolkits_component (toolkits_id integer not null, component_id integer not null) engine=InnoDB'. 
2022-03-20 11:29:49.737 DEBUG [acme.framework.components.database.DatabaseUtil@main] Executing script command 'create table user_account (id integer not null, version integer not null, enabled bit not null, identity blob, password varchar(255), username varchar(255), primary key (id)) engine=InnoDB'. 
2022-03-20 11:29:49.758 DEBUG [acme.framework.components.database.DatabaseUtil@main] Executing script command 'alter table component add constraint UK_24wq1y3l3mfjohvgtsewd3vo unique (code)'. 
2022-03-20 11:29:49.782 DEBUG [acme.framework.components.database.DatabaseUtil@main] Executing script command 'alter table patronage add constraint UK_7s289l63ihnn85qwyna5cqbfh unique (code)'. 
2022-03-20 11:29:49.806 DEBUG [acme.framework.components.database.DatabaseUtil@main] Executing script command 'alter table tool add constraint UK_puoe6iyimealhblj4mlwyn3t3 unique (code)'. 
2022-03-20 11:29:49.830 DEBUG [acme.framework.components.database.DatabaseUtil@main] Executing script command 'alter table toolkits add constraint UK_mnwvso0bn62xp1ojotcmaftdf unique (code)'. 
2022-03-20 11:29:49.860 DEBUG [acme.framework.components.database.DatabaseUtil@main] Executing script command 'alter table toolkits_component add constraint UK_2v6tcl84iqjx6kyu4dquyg5n9 unique (component_id)'. 
2022-03-20 11:29:49.902 DEBUG [acme.framework.components.database.DatabaseUtil@main] Executing script command 'alter table user_account add constraint UK_castjbvpeeus0r8lbpehiu0e4 unique (username)'. 
2022-03-20 11:29:49.934 DEBUG [acme.framework.components.database.DatabaseUtil@main] Executing script command 'alter table administrator add constraint FK_2a5vcjo3stlfcwadosjfq49l1 foreign key (user_account_id) references user_account (id)'. 
2022-03-20 11:29:49.962 DEBUG [acme.framework.components.database.DatabaseUtil@main] Executing script command 'alter table anonymous add constraint FK_6lnbc6fo3om54vugoh8icg78m foreign key (user_account_id) references user_account (id)'. 
2022-03-20 11:29:49.994 DEBUG [acme.framework.components.database.DatabaseUtil@main] Executing script command 'alter table authenticated add constraint FK_h52w0f3wjoi68b63wv9vwon57 foreign key (user_account_id) references user_account (id)'. 
2022-03-20 11:29:50.022 DEBUG [acme.framework.components.database.DatabaseUtil@main] Executing script command 'alter table consumer add constraint FK_6cyha9f1wpj0dpbxrrjddrqed foreign key (user_account_id) references user_account (id)'. 
2022-03-20 11:29:50.049 DEBUG [acme.framework.components.database.DatabaseUtil@main] Executing script command 'alter table inventor add constraint FK_2upmsx50p5pou2l4uy8trxor6 foreign key (user_account_id) references user_account (id)'. 
2022-03-20 11:29:50.079 DEBUG [acme.framework.components.database.DatabaseUtil@main] Executing script command 'alter table patron add constraint FK_8xx5nujhuio3advxc2freyu65 foreign key (user_account_id) references user_account (id)'. 
2022-03-20 11:29:50.112 DEBUG [acme.framework.components.database.DatabaseUtil@main] Executing script command 'alter table patronage add constraint FKgkbt6mel1m6joiypsbc2ko6mi foreign key (inventor_id) references inventor (id)'. 
2022-03-20 11:29:50.139 DEBUG [acme.framework.components.database.DatabaseUtil@main] Executing script command 'alter table patronage add constraint FK7d5o2dlu1d9orplkn5g91lsgc foreign key (patron_id) references patron (id)'. 
2022-03-20 11:29:50.168 DEBUG [acme.framework.components.database.DatabaseUtil@main] Executing script command 'alter table patronage_report add constraint FKli7rh2qb2q6bjix6b8o2dpt41 foreign key (patronage_id) references patronage (id)'. 
2022-03-20 11:29:50.194 DEBUG [acme.framework.components.database.DatabaseUtil@main] Executing script command 'alter table provider add constraint FK_b1gwnjqm6ggy9yuiqm0o4rlmd foreign key (user_account_id) references user_account (id)'. 
2022-03-20 11:29:50.223 DEBUG [acme.framework.components.database.DatabaseUtil@main] Executing script command 'alter table toolkits add constraint FKq8g3bfo5psq4ayhifdtcy2wwo foreign key (tool_id) references tool (id)'. 
2022-03-20 11:29:50.248 DEBUG [acme.framework.components.database.DatabaseUtil@main] Executing script command 'alter table toolkits_component add constraint FKcek5ckn6s2wdjwq3916dbrlbg foreign key (component_id) references component (id)'. 
2022-03-20 11:29:50.273 DEBUG [acme.framework.components.database.DatabaseUtil@main] Executing script command 'alter table toolkits_component add constraint FK1qxxgj9vxi4lfp4fjdst61bgb foreign key (toolkits_id) references toolkits (id)'. 
2022-03-20 11:29:50.296 DEBUG [acme.framework.components.database.DatabaseUtil@main] Executing script command 'set foreign_key_checks=1'. 
2022-03-20 11:29:50.297 DEBUG [acme.framework.components.database.DatabaseUtil@main] Committing transaction '1076882309'. 
2022-03-20 11:29:50.300 INFO  [acme.framework.components.database.DatabasePopulator@main] Reading entities from 'classpath:/WEB-INF/resources/initial-data' 
2022-03-20 11:29:50.307 DEBUG [acme.framework.components.database.Dataset@main] Reading dataset from 'C:\Users\rober\Desktop\DP2\Workspace-22.0\Projects\Acme-Toolkits-E3.08\target\classes\WEB-INF\resources\initial-data\administrator.csv' 
2022-03-20 11:29:50.448 DEBUG [acme.framework.components.database.Dataset@main] Reading mapping '{key:user-account=user-account-administrator-01, key=administrator-01}' from 'C:\Users\rober\Desktop\DP2\Workspace-22.0\Projects\Acme-Toolkits-E3.08\target\classes\WEB-INF\resources\initial-data\administrator.csv' 
2022-03-20 11:29:50.452 DEBUG [acme.framework.components.database.Dataset@main] Reading dataset from 'C:\Users\rober\Desktop\DP2\Workspace-22.0\Projects\Acme-Toolkits-E3.08\target\classes\WEB-INF\resources\initial-data\anonymous.csv' 
2022-03-20 11:29:50.454 DEBUG [acme.framework.components.database.Dataset@main] Reading mapping '{key:user-account=user-account-anonymous-01, key=anonymous-01}' from 'C:\Users\rober\Desktop\DP2\Workspace-22.0\Projects\Acme-Toolkits-E3.08\target\classes\WEB-INF\resources\initial-data\anonymous.csv' 
2022-03-20 11:29:50.455 DEBUG [acme.framework.components.database.Dataset@main] Reading dataset from 'C:\Users\rober\Desktop\DP2\Workspace-22.0\Projects\Acme-Toolkits-E3.08\target\classes\WEB-INF\resources\initial-data\authenticated.csv' 
2022-03-20 11:29:50.456 DEBUG [acme.framework.components.database.Dataset@main] Reading mapping '{key:user-account=user-account-administrator-01, key=authenticated-administrator-01}' from 'C:\Users\rober\Desktop\DP2\Workspace-22.0\Projects\Acme-Toolkits-E3.08\target\classes\WEB-INF\resources\initial-data\authenticated.csv' 
2022-03-20 11:29:50.457 DEBUG [acme.framework.components.database.Dataset@main] Reading dataset from 'C:\Users\rober\Desktop\DP2\Workspace-22.0\Projects\Acme-Toolkits-E3.08\target\classes\WEB-INF\resources\initial-data\currency.csv' 
2022-03-20 11:29:50.459 DEBUG [acme.framework.components.database.Dataset@main] Reading mapping '{key=currency-01, currency-type=EUR}' from 'C:\Users\rober\Desktop\DP2\Workspace-22.0\Projects\Acme-Toolkits-E3.08\target\classes\WEB-INF\resources\initial-data\currency.csv' 
2022-03-20 11:29:50.459 DEBUG [acme.framework.components.database.Dataset@main] Reading mapping '{key=currency-02, currency-type=USD}' from 'C:\Users\rober\Desktop\DP2\Workspace-22.0\Projects\Acme-Toolkits-E3.08\target\classes\WEB-INF\resources\initial-data\currency.csv' 
2022-03-20 11:29:50.460 DEBUG [acme.framework.components.database.Dataset@main] Reading mapping '{key=currency-03, currency-type=GBP}' from 'C:\Users\rober\Desktop\DP2\Workspace-22.0\Projects\Acme-Toolkits-E3.08\target\classes\WEB-INF\resources\initial-data\currency.csv' 
2022-03-20 11:29:50.461 DEBUG [acme.framework.components.database.Dataset@main] Reading dataset from 'C:\Users\rober\Desktop\DP2\Workspace-22.0\Projects\Acme-Toolkits-E3.08\target\classes\WEB-INF\resources\initial-data\spam.csv' 
2022-03-20 11:29:50.462 DEBUG [acme.framework.components.database.Dataset@main] Reading mapping '{spam-type=STRONG, language=ENGLISH, word=sex, key=spam-01}' from 'C:\Users\rober\Desktop\DP2\Workspace-22.0\Projects\Acme-Toolkits-E3.08\target\classes\WEB-INF\resources\initial-data\spam.csv' 
2022-03-20 11:29:50.463 DEBUG [acme.framework.components.database.Dataset@main] Reading mapping '{spam-type=STRONG, language=ENGLISH, word=hardcore, key=spam-02}' from 'C:\Users\rober\Desktop\DP2\Workspace-22.0\Projects\Acme-Toolkits-E3.08\target\classes\WEB-INF\resources\initial-data\spam.csv' 
2022-03-20 11:29:50.463 DEBUG [acme.framework.components.database.Dataset@main] Reading mapping '{spam-type=STRONG, language=ENGLISH, word=viagra, key=spam-03}' from 'C:\Users\rober\Desktop\DP2\Workspace-22.0\Projects\Acme-Toolkits-E3.08\target\classes\WEB-INF\resources\initial-data\spam.csv' 
2022-03-20 11:29:50.464 DEBUG [acme.framework.components.database.Dataset@main] Reading mapping '{spam-type=STRONG, language=ENGLISH, word=cialis, key=spam-04}' from 'C:\Users\rober\Desktop\DP2\Workspace-22.0\Projects\Acme-Toolkits-E3.08\target\classes\WEB-INF\resources\initial-data\spam.csv' 
2022-03-20 11:29:50.464 DEBUG [acme.framework.components.database.Dataset@main] Reading mapping '{spam-type=STRONG, language=SPANISH, word=sexo, key=spam-05}' from 'C:\Users\rober\Desktop\DP2\Workspace-22.0\Projects\Acme-Toolkits-E3.08\target\classes\WEB-INF\resources\initial-data\spam.csv' 
2022-03-20 11:29:50.464 DEBUG [acme.framework.components.database.Dataset@main] Reading mapping '{spam-type=STRONG, language=SPANISH, word=hardcore, key=spam-06}' from 'C:\Users\rober\Desktop\DP2\Workspace-22.0\Projects\Acme-Toolkits-E3.08\target\classes\WEB-INF\resources\initial-data\spam.csv' 
2022-03-20 11:29:50.465 DEBUG [acme.framework.components.database.Dataset@main] Reading mapping '{spam-type=STRONG, language=SPANISH, word=viagra, key=spam-07}' from 'C:\Users\rober\Desktop\DP2\Workspace-22.0\Projects\Acme-Toolkits-E3.08\target\classes\WEB-INF\resources\initial-data\spam.csv' 
2022-03-20 11:29:50.465 DEBUG [acme.framework.components.database.Dataset@main] Reading mapping '{spam-type=STRONG, language=SPANISH, word=cialis, key=spam-08}' from 'C:\Users\rober\Desktop\DP2\Workspace-22.0\Projects\Acme-Toolkits-E3.08\target\classes\WEB-INF\resources\initial-data\spam.csv' 
2022-03-20 11:29:50.466 DEBUG [acme.framework.components.database.Dataset@main] Reading mapping '{spam-type=WEAK, language=ENGLISH, word=sexy, key=spam-09}' from 'C:\Users\rober\Desktop\DP2\Workspace-22.0\Projects\Acme-Toolkits-E3.08\target\classes\WEB-INF\resources\initial-data\spam.csv' 
2022-03-20 11:29:50.466 DEBUG [acme.framework.components.database.Dataset@main] Reading mapping '{spam-type=WEAK, language=ENGLISH, word=nigeria, key=spam-10}' from 'C:\Users\rober\Desktop\DP2\Workspace-22.0\Projects\Acme-Toolkits-E3.08\target\classes\WEB-INF\resources\initial-data\spam.csv' 
2022-03-20 11:29:50.466 DEBUG [acme.framework.components.database.Dataset@main] Reading mapping '{spam-type=WEAK, language=ENGLISH, word=you've won, key=spam-11}' from 'C:\Users\rober\Desktop\DP2\Workspace-22.0\Projects\Acme-Toolkits-E3.08\target\classes\WEB-INF\resources\initial-data\spam.csv' 
2022-03-20 11:29:50.467 DEBUG [acme.framework.components.database.Dataset@main] Reading mapping '{spam-type=WEAK, language=ENGLISH, word=one million, key=spam-12}' from 'C:\Users\rober\Desktop\DP2\Workspace-22.0\Projects\Acme-Toolkits-E3.08\target\classes\WEB-INF\resources\initial-data\spam.csv' 
2022-03-20 11:29:50.467 DEBUG [acme.framework.components.database.Dataset@main] Reading mapping '{spam-type=WEAK, language=SPANISH, word=sexy, key=spam-13}' from 'C:\Users\rober\Desktop\DP2\Workspace-22.0\Projects\Acme-Toolkits-E3.08\target\classes\WEB-INF\resources\initial-data\spam.csv' 
2022-03-20 11:29:50.467 DEBUG [acme.framework.components.database.Dataset@main] Reading mapping '{spam-type=WEAK, language=SPANISH, word=nigeria, key=spam-14}' from 'C:\Users\rober\Desktop\DP2\Workspace-22.0\Projects\Acme-Toolkits-E3.08\target\classes\WEB-INF\resources\initial-data\spam.csv' 
2022-03-20 11:29:50.468 DEBUG [acme.framework.components.database.Dataset@main] Reading mapping '{spam-type=WEAK, language=SPANISH, word=has ganado, key=spam-15}' from 'C:\Users\rober\Desktop\DP2\Workspace-22.0\Projects\Acme-Toolkits-E3.08\target\classes\WEB-INF\resources\initial-data\spam.csv' 
2022-03-20 11:29:50.468 DEBUG [acme.framework.components.database.Dataset@main] Reading mapping '{spam-type=WEAK, language=SPANISH, word=un milln, key=spam-16}' from 'C:\Users\rober\Desktop\DP2\Workspace-22.0\Projects\Acme-Toolkits-E3.08\target\classes\WEB-INF\resources\initial-data\spam.csv' 
2022-03-20 11:29:50.470 DEBUG [acme.framework.components.database.Dataset@main] Reading dataset from 'C:\Users\rober\Desktop\DP2\Workspace-22.0\Projects\Acme-Toolkits-E3.08\target\classes\WEB-INF\resources\initial-data\user-account.csv' 
2022-03-20 11:29:50.472 DEBUG [acme.framework.components.database.Dataset@main] Reading mapping '{password=HIDDEN-PASSWORD, identity=UserIdentity{name: 'John', surname: 'Doe', email: 'john.doe@acme.com'}, key=user-account-anonymous-01, enabled=false, username=anonymous}' from 'C:\Users\rober\Desktop\DP2\Workspace-22.0\Projects\Acme-Toolkits-E3.08\target\classes\WEB-INF\resources\initial-data\user-account.csv' 
2022-03-20 11:29:50.473 DEBUG [acme.framework.components.database.Dataset@main] Reading mapping '{password=administrator, identity=UserIdentity{name: 'Administrator', surname: 'Acme', email: 'administrator@acme.com'}, key=user-account-administrator-01, enabled=true, username=administrator}' from 'C:\Users\rober\Desktop\DP2\Workspace-22.0\Projects\Acme-Toolkits-E3.08\target\classes\WEB-INF\resources\initial-data\user-account.csv' 
2022-03-20 11:29:50.473 DEBUG [acme.framework.components.database.EntityWeb@main] Setting attributes of entities of class acme.entities.Spam 
2022-03-20 11:29:50.504 DEBUG [acme.framework.components.database.EntityWeb@main] Setting attributes of entities of class acme.framework.roles.Administrator 
2022-03-20 11:29:50.504 DEBUG [acme.framework.components.database.EntityWeb@main] Setting attributes of entities of class acme.framework.entities.UserAccount 
2022-03-20 11:29:50.736 DEBUG [acme.framework.components.database.EntityWeb@main] Setting attributes of entities of class acme.framework.roles.Authenticated 
2022-03-20 11:29:50.736 DEBUG [acme.framework.components.database.EntityWeb@main] Setting attributes of entities of class acme.framework.roles.Anonymous 
2022-03-20 11:29:50.736 DEBUG [acme.framework.components.database.EntityWeb@main] Setting attributes of entities of class acme.entities.Currency 
2022-03-20 11:29:50.740 DEBUG [acme.framework.components.database.EntityWeb@main] Linking entities of class acme.entities.Spam 
2022-03-20 11:29:50.740 DEBUG [acme.framework.components.database.EntityWeb@main] Linking entities of class acme.framework.roles.Administrator 
2022-03-20 11:29:50.745 DEBUG [acme.framework.components.database.EntityWeb@main] Linking entities of class acme.framework.entities.UserAccount 
2022-03-20 11:29:50.746 DEBUG [acme.framework.components.database.EntityWeb@main] Linking entities of class acme.framework.roles.Authenticated 
2022-03-20 11:29:50.750 DEBUG [acme.framework.components.database.EntityWeb@main] Linking entities of class acme.framework.roles.Anonymous 
2022-03-20 11:29:50.754 DEBUG [acme.framework.components.database.EntityWeb@main] Linking entities of class acme.entities.Currency 
2022-03-20 11:29:50.755 INFO  [acme.framework.components.database.DatabasePopulator@main] Validating your entities 
2022-03-20 11:29:50.822 DEBUG [acme.framework.components.database.DatabasePopulator@main] Validating 'acme.framework.entities.UserAccount@user-account-anonymous-01' ... PASS 
2022-03-20 11:29:50.824 DEBUG [acme.framework.components.database.DatabasePopulator@main] Validating 'acme.framework.entities.UserAccount@user-account-administrator-01' ... PASS 
2022-03-20 11:29:50.826 DEBUG [acme.framework.components.database.DatabasePopulator@main] Validating 'acme.entities.Currency@currency-02' ... PASS 
2022-03-20 11:29:50.826 DEBUG [acme.framework.components.database.DatabasePopulator@main] Validating 'acme.entities.Currency@currency-03' ... PASS 
2022-03-20 11:29:50.826 DEBUG [acme.framework.components.database.DatabasePopulator@main] Validating 'acme.entities.Currency@currency-01' ... PASS 
2022-03-20 11:29:50.832 DEBUG [acme.framework.components.database.DatabasePopulator@main] Validating 'acme.framework.roles.Administrator@administrator-01' ... PASS 
2022-03-20 11:29:50.835 DEBUG [acme.framework.components.database.DatabasePopulator@main] Validating 'acme.entities.Spam@spam-11' ... PASS 
2022-03-20 11:29:50.836 DEBUG [acme.framework.components.database.DatabasePopulator@main] Validating 'acme.entities.Spam@spam-01' ... PASS 
2022-03-20 11:29:50.837 DEBUG [acme.framework.components.database.DatabasePopulator@main] Validating 'acme.entities.Spam@spam-12' ... PASS 
2022-03-20 11:29:50.837 DEBUG [acme.framework.components.database.DatabasePopulator@main] Validating 'acme.entities.Spam@spam-02' ... PASS 
2022-03-20 11:29:50.838 DEBUG [acme.framework.components.database.DatabasePopulator@main] Validating 'acme.entities.Spam@spam-13' ... PASS 
2022-03-20 11:29:50.838 DEBUG [acme.framework.components.database.DatabasePopulator@main] Validating 'acme.entities.Spam@spam-03' ... PASS 
2022-03-20 11:29:50.839 DEBUG [acme.framework.components.database.DatabasePopulator@main] Validating 'acme.entities.Spam@spam-14' ... PASS 
2022-03-20 11:29:50.839 DEBUG [acme.framework.components.database.DatabasePopulator@main] Validating 'acme.entities.Spam@spam-10' ... PASS 
2022-03-20 11:29:50.840 DEBUG [acme.framework.components.database.DatabasePopulator@main] Validating 'acme.entities.Spam@spam-08' ... PASS 
2022-03-20 11:29:50.843 DEBUG [acme.framework.components.database.DatabasePopulator@main] Validating 'acme.framework.roles.Anonymous@anonymous-01' ... PASS 
2022-03-20 11:29:50.844 DEBUG [acme.framework.components.database.DatabasePopulator@main] Validating 'acme.entities.Spam@spam-09' ... PASS 
2022-03-20 11:29:50.844 DEBUG [acme.framework.components.database.DatabasePopulator@main] Validating 'acme.entities.Spam@spam-04' ... PASS 
2022-03-20 11:29:50.845 DEBUG [acme.framework.components.database.DatabasePopulator@main] Validating 'acme.entities.Spam@spam-15' ... PASS 
2022-03-20 11:29:50.849 DEBUG [acme.framework.components.database.DatabasePopulator@main] Validating 'acme.framework.roles.Authenticated@authenticated-administrator-01' ... PASS 
2022-03-20 11:29:50.849 DEBUG [acme.framework.components.database.DatabasePopulator@main] Validating 'acme.entities.Spam@spam-05' ... PASS 
2022-03-20 11:29:50.850 DEBUG [acme.framework.components.database.DatabasePopulator@main] Validating 'acme.entities.Spam@spam-16' ... PASS 
2022-03-20 11:29:50.850 DEBUG [acme.framework.components.database.DatabasePopulator@main] Validating 'acme.entities.Spam@spam-06' ... PASS 
2022-03-20 11:29:50.851 DEBUG [acme.framework.components.database.DatabasePopulator@main] Validating 'acme.entities.Spam@spam-07' ... PASS 
2022-03-20 11:29:50.851 INFO  [acme.framework.components.database.DatabasePopulator@main] Sorting your entity classes 
2022-03-20 11:29:50.851 DEBUG [acme.framework.components.database.DatabasePopulator@main] Best topological order for your entity clazzes: 
2022-03-20 11:29:50.851 DEBUG [acme.framework.components.database.DatabasePopulator@main] - acme.entities.Spam 
2022-03-20 11:29:50.851 DEBUG [acme.framework.components.database.DatabasePopulator@main] - acme.framework.entities.UserAccount 
2022-03-20 11:29:50.851 DEBUG [acme.framework.components.database.DatabasePopulator@main] - acme.framework.roles.Administrator 
2022-03-20 11:29:50.852 DEBUG [acme.framework.components.database.DatabasePopulator@main] - acme.framework.roles.Authenticated 
2022-03-20 11:29:50.852 DEBUG [acme.framework.components.database.DatabasePopulator@main] - acme.framework.roles.Anonymous 
2022-03-20 11:29:50.852 DEBUG [acme.framework.components.database.DatabasePopulator@main] - acme.entities.Currency 
2022-03-20 11:29:50.852 INFO  [acme.framework.components.database.DatabasePopulator@main] Persisting your entities 
2022-03-20 11:29:50.852 DEBUG [acme.framework.components.database.DatabaseUtil@main] Starting new transaction. 
2022-03-20 11:29:50.853 DEBUG [acme.framework.components.database.DatabaseUtil@main] Executing command 'set transaction isolation level read uncommitted;'. 
2022-03-20 11:29:50.854 DEBUG [acme.framework.components.database.DatabaseUtil@main] Starting transaction '619864203'. 
2022-03-20 11:29:50.854 DEBUG [acme.framework.components.database.DatabasePopulator@main] Persising entities of clazz 'acme.entities.Spam' 
2022-03-20 11:29:50.873 DEBUG [org.hibernate.SQL@main] select next_val as id_val from hibernate_sequence for update 
2022-03-20 11:29:50.898 DEBUG [org.hibernate.SQL@main] update hibernate_sequence set next_val= ? where next_val=? 
2022-03-20 11:29:50.937 DEBUG [acme.framework.components.database.DatabaseUtil@main] Persisting entity acme.entities.Spam{id=1, version=0} 
2022-03-20 11:29:50.937 DEBUG [org.hibernate.SQL@main] select next_val as id_val from hibernate_sequence for update 
2022-03-20 11:29:50.938 DEBUG [org.hibernate.SQL@main] update hibernate_sequence set next_val= ? where next_val=? 
2022-03-20 11:29:50.941 DEBUG [acme.framework.components.database.DatabaseUtil@main] Persisting entity acme.entities.Spam{id=2, version=0} 
2022-03-20 11:29:50.942 DEBUG [org.hibernate.SQL@main] select next_val as id_val from hibernate_sequence for update 
2022-03-20 11:29:50.942 DEBUG [org.hibernate.SQL@main] update hibernate_sequence set next_val= ? where next_val=? 
2022-03-20 11:29:50.945 DEBUG [acme.framework.components.database.DatabaseUtil@main] Persisting entity acme.entities.Spam{id=3, version=0} 
2022-03-20 11:29:50.946 DEBUG [org.hibernate.SQL@main] select next_val as id_val from hibernate_sequence for update 
2022-03-20 11:29:50.947 DEBUG [org.hibernate.SQL@main] update hibernate_sequence set next_val= ? where next_val=? 
2022-03-20 11:29:50.950 DEBUG [acme.framework.components.database.DatabaseUtil@main] Persisting entity acme.entities.Spam{id=4, version=0} 
2022-03-20 11:29:50.950 DEBUG [org.hibernate.SQL@main] select next_val as id_val from hibernate_sequence for update 
2022-03-20 11:29:50.951 DEBUG [org.hibernate.SQL@main] update hibernate_sequence set next_val= ? where next_val=? 
2022-03-20 11:29:50.953 DEBUG [acme.framework.components.database.DatabaseUtil@main] Persisting entity acme.entities.Spam{id=5, version=0} 
2022-03-20 11:29:50.954 DEBUG [org.hibernate.SQL@main] select next_val as id_val from hibernate_sequence for update 
2022-03-20 11:29:50.955 DEBUG [org.hibernate.SQL@main] update hibernate_sequence set next_val= ? where next_val=? 
2022-03-20 11:29:50.957 DEBUG [acme.framework.components.database.DatabaseUtil@main] Persisting entity acme.entities.Spam{id=6, version=0} 
2022-03-20 11:29:50.968 DEBUG [org.hibernate.SQL@main] select next_val as id_val from hibernate_sequence for update 
2022-03-20 11:29:50.969 DEBUG [org.hibernate.SQL@main] update hibernate_sequence set next_val= ? where next_val=? 
2022-03-20 11:29:50.971 DEBUG [acme.framework.components.database.DatabaseUtil@main] Persisting entity acme.entities.Spam{id=7, version=0} 
2022-03-20 11:29:50.972 DEBUG [org.hibernate.SQL@main] select next_val as id_val from hibernate_sequence for update 
2022-03-20 11:29:50.973 DEBUG [org.hibernate.SQL@main] update hibernate_sequence set next_val= ? where next_val=? 
2022-03-20 11:29:50.976 DEBUG [acme.framework.components.database.DatabaseUtil@main] Persisting entity acme.entities.Spam{id=8, version=0} 
2022-03-20 11:29:50.977 DEBUG [org.hibernate.SQL@main] select next_val as id_val from hibernate_sequence for update 
2022-03-20 11:29:50.978 DEBUG [org.hibernate.SQL@main] update hibernate_sequence set next_val= ? where next_val=? 
2022-03-20 11:29:50.981 DEBUG [acme.framework.components.database.DatabaseUtil@main] Persisting entity acme.entities.Spam{id=9, version=0} 
2022-03-20 11:29:50.981 DEBUG [org.hibernate.SQL@main] select next_val as id_val from hibernate_sequence for update 
2022-03-20 11:29:50.982 DEBUG [org.hibernate.SQL@main] update hibernate_sequence set next_val= ? where next_val=? 
2022-03-20 11:29:50.985 DEBUG [acme.framework.components.database.DatabaseUtil@main] Persisting entity acme.entities.Spam{id=10, version=0} 
2022-03-20 11:29:50.985 DEBUG [org.hibernate.SQL@main] select next_val as id_val from hibernate_sequence for update 
2022-03-20 11:29:50.986 DEBUG [org.hibernate.SQL@main] update hibernate_sequence set next_val= ? where next_val=? 
2022-03-20 11:29:50.989 DEBUG [acme.framework.components.database.DatabaseUtil@main] Persisting entity acme.entities.Spam{id=11, version=0} 
2022-03-20 11:29:50.990 DEBUG [org.hibernate.SQL@main] select next_val as id_val from hibernate_sequence for update 
2022-03-20 11:29:50.990 DEBUG [org.hibernate.SQL@main] update hibernate_sequence set next_val= ? where next_val=? 
2022-03-20 11:29:50.992 DEBUG [acme.framework.components.database.DatabaseUtil@main] Persisting entity acme.entities.Spam{id=12, version=0} 
2022-03-20 11:29:50.993 DEBUG [org.hibernate.SQL@main] select next_val as id_val from hibernate_sequence for update 
2022-03-20 11:29:50.994 DEBUG [org.hibernate.SQL@main] update hibernate_sequence set next_val= ? where next_val=? 
2022-03-20 11:29:50.996 DEBUG [acme.framework.components.database.DatabaseUtil@main] Persisting entity acme.entities.Spam{id=13, version=0} 
2022-03-20 11:29:50.997 DEBUG [org.hibernate.SQL@main] select next_val as id_val from hibernate_sequence for update 
2022-03-20 11:29:50.998 DEBUG [org.hibernate.SQL@main] update hibernate_sequence set next_val= ? where next_val=? 
2022-03-20 11:29:51.001 DEBUG [acme.framework.components.database.DatabaseUtil@main] Persisting entity acme.entities.Spam{id=14, version=0} 
2022-03-20 11:29:51.001 DEBUG [org.hibernate.SQL@main] select next_val as id_val from hibernate_sequence for update 
2022-03-20 11:29:51.002 DEBUG [org.hibernate.SQL@main] update hibernate_sequence set next_val= ? where next_val=? 
2022-03-20 11:29:51.004 DEBUG [acme.framework.components.database.DatabaseUtil@main] Persisting entity acme.entities.Spam{id=15, version=0} 
2022-03-20 11:29:51.005 DEBUG [org.hibernate.SQL@main] select next_val as id_val from hibernate_sequence for update 
2022-03-20 11:29:51.006 DEBUG [org.hibernate.SQL@main] update hibernate_sequence set next_val= ? where next_val=? 
2022-03-20 11:29:51.009 DEBUG [acme.framework.components.database.DatabaseUtil@main] Persisting entity acme.entities.Spam{id=16, version=0} 
2022-03-20 11:29:51.009 DEBUG [acme.framework.components.database.DatabasePopulator@main] Persising entities of clazz 'acme.framework.entities.UserAccount' 
2022-03-20 11:29:51.009 DEBUG [org.hibernate.SQL@main] select next_val as id_val from hibernate_sequence for update 
2022-03-20 11:29:51.010 DEBUG [org.hibernate.SQL@main] update hibernate_sequence set next_val= ? where next_val=? 
2022-03-20 11:29:51.031 DEBUG [acme.framework.components.database.DatabaseUtil@main] Persisting entity UserAccount(username=anonymous) 
2022-03-20 11:29:51.031 DEBUG [org.hibernate.SQL@main] select next_val as id_val from hibernate_sequence for update 
2022-03-20 11:29:51.032 DEBUG [org.hibernate.SQL@main] update hibernate_sequence set next_val= ? where next_val=? 
2022-03-20 11:29:51.036 DEBUG [acme.framework.components.database.DatabaseUtil@main] Persisting entity UserAccount(username=administrator) 
2022-03-20 11:29:51.036 DEBUG [acme.framework.components.database.DatabasePopulator@main] Persising entities of clazz 'acme.framework.roles.Administrator' 
2022-03-20 11:29:51.037 DEBUG [org.hibernate.SQL@main] select next_val as id_val from hibernate_sequence for update 
2022-03-20 11:29:51.038 DEBUG [org.hibernate.SQL@main] update hibernate_sequence set next_val= ? where next_val=? 
2022-03-20 11:29:51.041 DEBUG [acme.framework.components.database.DatabaseUtil@main] Persisting entity UserRole(userAccount=UserAccount(username=administrator)) 
2022-03-20 11:29:51.042 DEBUG [acme.framework.components.database.DatabasePopulator@main] Persising entities of clazz 'acme.framework.roles.Authenticated' 
2022-03-20 11:29:51.042 DEBUG [org.hibernate.SQL@main] select next_val as id_val from hibernate_sequence for update 
2022-03-20 11:29:51.043 DEBUG [org.hibernate.SQL@main] update hibernate_sequence set next_val= ? where next_val=? 
2022-03-20 11:29:51.047 DEBUG [acme.framework.components.database.DatabaseUtil@main] Persisting entity UserRole(userAccount=UserAccount(username=administrator)) 
2022-03-20 11:29:51.047 DEBUG [acme.framework.components.database.DatabasePopulator@main] Persising entities of clazz 'acme.framework.roles.Anonymous' 
2022-03-20 11:29:51.047 DEBUG [org.hibernate.SQL@main] select next_val as id_val from hibernate_sequence for update 
2022-03-20 11:29:51.048 DEBUG [org.hibernate.SQL@main] update hibernate_sequence set next_val= ? where next_val=? 
2022-03-20 11:29:51.051 DEBUG [acme.framework.components.database.DatabaseUtil@main] Persisting entity UserRole(userAccount=UserAccount(username=anonymous)) 
2022-03-20 11:29:51.051 DEBUG [acme.framework.components.database.DatabasePopulator@main] Persising entities of clazz 'acme.entities.Currency' 
2022-03-20 11:29:51.052 DEBUG [org.hibernate.SQL@main] select next_val as id_val from hibernate_sequence for update 
2022-03-20 11:29:51.053 DEBUG [org.hibernate.SQL@main] update hibernate_sequence set next_val= ? where next_val=? 
2022-03-20 11:29:51.055 DEBUG [acme.framework.components.database.DatabaseUtil@main] Persisting entity acme.entities.Currency{id=22, version=0} 
2022-03-20 11:29:51.056 DEBUG [org.hibernate.SQL@main] select next_val as id_val from hibernate_sequence for update 
2022-03-20 11:29:51.057 DEBUG [org.hibernate.SQL@main] update hibernate_sequence set next_val= ? where next_val=? 
2022-03-20 11:29:51.059 DEBUG [acme.framework.components.database.DatabaseUtil@main] Persisting entity acme.entities.Currency{id=23, version=0} 
2022-03-20 11:29:51.060 DEBUG [org.hibernate.SQL@main] select next_val as id_val from hibernate_sequence for update 
2022-03-20 11:29:51.061 DEBUG [org.hibernate.SQL@main] update hibernate_sequence set next_val= ? where next_val=? 
2022-03-20 11:29:51.064 DEBUG [acme.framework.components.database.DatabaseUtil@main] Persisting entity acme.entities.Currency{id=24, version=0} 
2022-03-20 11:29:51.064 DEBUG [acme.framework.components.database.DatabaseUtil@main] Committing transaction '619864203'. 
2022-03-20 11:29:51.107 DEBUG [org.hibernate.SQL@main] insert into spam (version, language, spam_type, word, id) values (?, ?, ?, ?, ?) 
2022-03-20 11:29:51.110 TRACE [org.hibernate.type.descriptor.sql.BasicBinder@main] binding parameter [1] as [INTEGER] - [0] 
2022-03-20 11:29:51.110 TRACE [org.hibernate.type.descriptor.sql.BasicBinder@main] binding parameter [2] as [INTEGER] - [0] 
2022-03-20 11:29:51.110 TRACE [org.hibernate.type.descriptor.sql.BasicBinder@main] binding parameter [3] as [INTEGER] - [0] 
2022-03-20 11:29:51.111 TRACE [org.hibernate.type.descriptor.sql.BasicBinder@main] binding parameter [4] as [VARCHAR] - [you've won] 
2022-03-20 11:29:51.112 TRACE [org.hibernate.type.descriptor.sql.BasicBinder@main] binding parameter [5] as [INTEGER] - [1] 
2022-03-20 11:29:51.118 DEBUG [org.hibernate.SQL@main] insert into spam (version, language, spam_type, word, id) values (?, ?, ?, ?, ?) 
2022-03-20 11:29:51.119 TRACE [org.hibernate.type.descriptor.sql.BasicBinder@main] binding parameter [1] as [INTEGER] - [0] 
2022-03-20 11:29:51.119 TRACE [org.hibernate.type.descriptor.sql.BasicBinder@main] binding parameter [2] as [INTEGER] - [0] 
2022-03-20 11:29:51.119 TRACE [org.hibernate.type.descriptor.sql.BasicBinder@main] binding parameter [3] as [INTEGER] - [1] 
2022-03-20 11:29:51.119 TRACE [org.hibernate.type.descriptor.sql.BasicBinder@main] binding parameter [4] as [VARCHAR] - [sex] 
2022-03-20 11:29:51.119 TRACE [org.hibernate.type.descriptor.sql.BasicBinder@main] binding parameter [5] as [INTEGER] - [2] 
2022-03-20 11:29:51.120 DEBUG [org.hibernate.SQL@main] insert into spam (version, language, spam_type, word, id) values (?, ?, ?, ?, ?) 
2022-03-20 11:29:51.121 TRACE [org.hibernate.type.descriptor.sql.BasicBinder@main] binding parameter [1] as [INTEGER] - [0] 
2022-03-20 11:29:51.121 TRACE [org.hibernate.type.descriptor.sql.BasicBinder@main] binding parameter [2] as [INTEGER] - [0] 
2022-03-20 11:29:51.121 TRACE [org.hibernate.type.descriptor.sql.BasicBinder@main] binding parameter [3] as [INTEGER] - [0] 
2022-03-20 11:29:51.122 TRACE [org.hibernate.type.descriptor.sql.BasicBinder@main] binding parameter [4] as [VARCHAR] - [one million] 
2022-03-20 11:29:51.122 TRACE [org.hibernate.type.descriptor.sql.BasicBinder@main] binding parameter [5] as [INTEGER] - [3] 
2022-03-20 11:29:51.123 DEBUG [org.hibernate.SQL@main] insert into spam (version, language, spam_type, word, id) values (?, ?, ?, ?, ?) 
2022-03-20 11:29:51.123 TRACE [org.hibernate.type.descriptor.sql.BasicBinder@main] binding parameter [1] as [INTEGER] - [0] 
2022-03-20 11:29:51.124 TRACE [org.hibernate.type.descriptor.sql.BasicBinder@main] binding parameter [2] as [INTEGER] - [0] 
2022-03-20 11:29:51.124 TRACE [org.hibernate.type.descriptor.sql.BasicBinder@main] binding parameter [3] as [INTEGER] - [1] 
2022-03-20 11:29:51.124 TRACE [org.hibernate.type.descriptor.sql.BasicBinder@main] binding parameter [4] as [VARCHAR] - [hardcore] 
2022-03-20 11:29:51.124 TRACE [org.hibernate.type.descriptor.sql.BasicBinder@main] binding parameter [5] as [INTEGER] - [4] 
2022-03-20 11:29:51.125 DEBUG [org.hibernate.SQL@main] insert into spam (version, language, spam_type, word, id) values (?, ?, ?, ?, ?) 
2022-03-20 11:29:51.126 TRACE [org.hibernate.type.descriptor.sql.BasicBinder@main] binding parameter [1] as [INTEGER] - [0] 
2022-03-20 11:29:51.126 TRACE [org.hibernate.type.descriptor.sql.BasicBinder@main] binding parameter [2] as [INTEGER] - [1] 
2022-03-20 11:29:51.126 TRACE [org.hibernate.type.descriptor.sql.BasicBinder@main] binding parameter [3] as [INTEGER] - [0] 
2022-03-20 11:29:51.126 TRACE [org.hibernate.type.descriptor.sql.BasicBinder@main] binding parameter [4] as [VARCHAR] - [sexy] 
2022-03-20 11:29:51.126 TRACE [org.hibernate.type.descriptor.sql.BasicBinder@main] binding parameter [5] as [INTEGER] - [5] 
2022-03-20 11:29:51.127 DEBUG [org.hibernate.SQL@main] insert into spam (version, language, spam_type, word, id) values (?, ?, ?, ?, ?) 
2022-03-20 11:29:51.128 TRACE [org.hibernate.type.descriptor.sql.BasicBinder@main] binding parameter [1] as [INTEGER] - [0] 
2022-03-20 11:29:51.128 TRACE [org.hibernate.type.descriptor.sql.BasicBinder@main] binding parameter [2] as [INTEGER] - [0] 
2022-03-20 11:29:51.128 TRACE [org.hibernate.type.descriptor.sql.BasicBinder@main] binding parameter [3] as [INTEGER] - [1] 
2022-03-20 11:29:51.128 TRACE [org.hibernate.type.descriptor.sql.BasicBinder@main] binding parameter [4] as [VARCHAR] - [viagra] 
2022-03-20 11:29:51.128 TRACE [org.hibernate.type.descriptor.sql.BasicBinder@main] binding parameter [5] as [INTEGER] - [6] 
2022-03-20 11:29:51.129 DEBUG [org.hibernate.SQL@main] insert into spam (version, language, spam_type, word, id) values (?, ?, ?, ?, ?) 
2022-03-20 11:29:51.130 TRACE [org.hibernate.type.descriptor.sql.BasicBinder@main] binding parameter [1] as [INTEGER] - [0] 
2022-03-20 11:29:51.130 TRACE [org.hibernate.type.descriptor.sql.BasicBinder@main] binding parameter [2] as [INTEGER] - [1] 
2022-03-20 11:29:51.130 TRACE [org.hibernate.type.descriptor.sql.BasicBinder@main] binding parameter [3] as [INTEGER] - [0] 
2022-03-20 11:29:51.131 TRACE [org.hibernate.type.descriptor.sql.BasicBinder@main] binding parameter [4] as [VARCHAR] - [nigeria] 
2022-03-20 11:29:51.131 TRACE [org.hibernate.type.descriptor.sql.BasicBinder@main] binding parameter [5] as [INTEGER] - [7] 
2022-03-20 11:29:51.132 DEBUG [org.hibernate.SQL@main] insert into spam (version, language, spam_type, word, id) values (?, ?, ?, ?, ?) 
2022-03-20 11:29:51.132 TRACE [org.hibernate.type.descriptor.sql.BasicBinder@main] binding parameter [1] as [INTEGER] - [0] 
2022-03-20 11:29:51.132 TRACE [org.hibernate.type.descriptor.sql.BasicBinder@main] binding parameter [2] as [INTEGER] - [0] 
2022-03-20 11:29:51.133 TRACE [org.hibernate.type.descriptor.sql.BasicBinder@main] binding parameter [3] as [INTEGER] - [0] 
2022-03-20 11:29:51.133 TRACE [org.hibernate.type.descriptor.sql.BasicBinder@main] binding parameter [4] as [VARCHAR] - [nigeria] 
2022-03-20 11:29:51.133 TRACE [org.hibernate.type.descriptor.sql.BasicBinder@main] binding parameter [5] as [INTEGER] - [8] 
2022-03-20 11:29:51.134 DEBUG [org.hibernate.SQL@main] insert into spam (version, language, spam_type, word, id) values (?, ?, ?, ?, ?) 
2022-03-20 11:29:51.134 TRACE [org.hibernate.type.descriptor.sql.BasicBinder@main] binding parameter [1] as [INTEGER] - [0] 
2022-03-20 11:29:51.134 TRACE [org.hibernate.type.descriptor.sql.BasicBinder@main] binding parameter [2] as [INTEGER] - [1] 
2022-03-20 11:29:51.134 TRACE [org.hibernate.type.descriptor.sql.BasicBinder@main] binding parameter [3] as [INTEGER] - [1] 
2022-03-20 11:29:51.135 TRACE [org.hibernate.type.descriptor.sql.BasicBinder@main] binding parameter [4] as [VARCHAR] - [cialis] 
2022-03-20 11:29:51.135 TRACE [org.hibernate.type.descriptor.sql.BasicBinder@main] binding parameter [5] as [INTEGER] - [9] 
2022-03-20 11:29:51.136 DEBUG [org.hibernate.SQL@main] insert into spam (version, language, spam_type, word, id) values (?, ?, ?, ?, ?) 
2022-03-20 11:29:51.136 TRACE [org.hibernate.type.descriptor.sql.BasicBinder@main] binding parameter [1] as [INTEGER] - [0] 
2022-03-20 11:29:51.136 TRACE [org.hibernate.type.descriptor.sql.BasicBinder@main] binding parameter [2] as [INTEGER] - [0] 
2022-03-20 11:29:51.136 TRACE [org.hibernate.type.descriptor.sql.BasicBinder@main] binding parameter [3] as [INTEGER] - [0] 
2022-03-20 11:29:51.136 TRACE [org.hibernate.type.descriptor.sql.BasicBinder@main] binding parameter [4] as [VARCHAR] - [sexy] 
2022-03-20 11:29:51.136 TRACE [org.hibernate.type.descriptor.sql.BasicBinder@main] binding parameter [5] as [INTEGER] - [10] 
2022-03-20 11:29:51.137 DEBUG [org.hibernate.SQL@main] insert into spam (version, language, spam_type, word, id) values (?, ?, ?, ?, ?) 
2022-03-20 11:29:51.138 TRACE [org.hibernate.type.descriptor.sql.BasicBinder@main] binding parameter [1] as [INTEGER] - [0] 
2022-03-20 11:29:51.138 TRACE [org.hibernate.type.descriptor.sql.BasicBinder@main] binding parameter [2] as [INTEGER] - [0] 
2022-03-20 11:29:51.138 TRACE [org.hibernate.type.descriptor.sql.BasicBinder@main] binding parameter [3] as [INTEGER] - [1] 
2022-03-20 11:29:51.138 TRACE [org.hibernate.type.descriptor.sql.BasicBinder@main] binding parameter [4] as [VARCHAR] - [cialis] 
2022-03-20 11:29:51.138 TRACE [org.hibernate.type.descriptor.sql.BasicBinder@main] binding parameter [5] as [INTEGER] - [11] 
2022-03-20 11:29:51.139 DEBUG [org.hibernate.SQL@main] insert into spam (version, language, spam_type, word, id) values (?, ?, ?, ?, ?) 
2022-03-20 11:29:51.139 TRACE [org.hibernate.type.descriptor.sql.BasicBinder@main] binding parameter [1] as [INTEGER] - [0] 
2022-03-20 11:29:51.139 TRACE [org.hibernate.type.descriptor.sql.BasicBinder@main] binding parameter [2] as [INTEGER] - [1] 
2022-03-20 11:29:51.140 TRACE [org.hibernate.type.descriptor.sql.BasicBinder@main] binding parameter [3] as [INTEGER] - [0] 
2022-03-20 11:29:51.140 TRACE [org.hibernate.type.descriptor.sql.BasicBinder@main] binding parameter [4] as [VARCHAR] - [has ganado] 
2022-03-20 11:29:51.140 TRACE [org.hibernate.type.descriptor.sql.BasicBinder@main] binding parameter [5] as [INTEGER] - [12] 
2022-03-20 11:29:51.141 DEBUG [org.hibernate.SQL@main] insert into spam (version, language, spam_type, word, id) values (?, ?, ?, ?, ?) 
2022-03-20 11:29:51.141 TRACE [org.hibernate.type.descriptor.sql.BasicBinder@main] binding parameter [1] as [INTEGER] - [0] 
2022-03-20 11:29:51.141 TRACE [org.hibernate.type.descriptor.sql.BasicBinder@main] binding parameter [2] as [INTEGER] - [1] 
2022-03-20 11:29:51.141 TRACE [org.hibernate.type.descriptor.sql.BasicBinder@main] binding parameter [3] as [INTEGER] - [1] 
2022-03-20 11:29:51.141 TRACE [org.hibernate.type.descriptor.sql.BasicBinder@main] binding parameter [4] as [VARCHAR] - [sexo] 
2022-03-20 11:29:51.141 TRACE [org.hibernate.type.descriptor.sql.BasicBinder@main] binding parameter [5] as [INTEGER] - [13] 
2022-03-20 11:29:51.142 DEBUG [org.hibernate.SQL@main] insert into spam (version, language, spam_type, word, id) values (?, ?, ?, ?, ?) 
2022-03-20 11:29:51.142 TRACE [org.hibernate.type.descriptor.sql.BasicBinder@main] binding parameter [1] as [INTEGER] - [0] 
2022-03-20 11:29:51.143 TRACE [org.hibernate.type.descriptor.sql.BasicBinder@main] binding parameter [2] as [INTEGER] - [1] 
2022-03-20 11:29:51.143 TRACE [org.hibernate.type.descriptor.sql.BasicBinder@main] binding parameter [3] as [INTEGER] - [0] 
2022-03-20 11:29:51.143 TRACE [org.hibernate.type.descriptor.sql.BasicBinder@main] binding parameter [4] as [VARCHAR] - [un milln] 
2022-03-20 11:29:51.143 TRACE [org.hibernate.type.descriptor.sql.BasicBinder@main] binding parameter [5] as [INTEGER] - [14] 
2022-03-20 11:29:51.144 DEBUG [org.hibernate.SQL@main] insert into spam (version, language, spam_type, word, id) values (?, ?, ?, ?, ?) 
2022-03-20 11:29:51.144 TRACE [org.hibernate.type.descriptor.sql.BasicBinder@main] binding parameter [1] as [INTEGER] - [0] 
2022-03-20 11:29:51.144 TRACE [org.hibernate.type.descriptor.sql.BasicBinder@main] binding parameter [2] as [INTEGER] - [1] 
2022-03-20 11:29:51.144 TRACE [org.hibernate.type.descriptor.sql.BasicBinder@main] binding parameter [3] as [INTEGER] - [1] 
2022-03-20 11:29:51.144 TRACE [org.hibernate.type.descriptor.sql.BasicBinder@main] binding parameter [4] as [VARCHAR] - [hardcore] 
2022-03-20 11:29:51.144 TRACE [org.hibernate.type.descriptor.sql.BasicBinder@main] binding parameter [5] as [INTEGER] - [15] 
2022-03-20 11:29:51.145 DEBUG [org.hibernate.SQL@main] insert into spam (version, language, spam_type, word, id) values (?, ?, ?, ?, ?) 
2022-03-20 11:29:51.145 TRACE [org.hibernate.type.descriptor.sql.BasicBinder@main] binding parameter [1] as [INTEGER] - [0] 
2022-03-20 11:29:51.145 TRACE [org.hibernate.type.descriptor.sql.BasicBinder@main] binding parameter [2] as [INTEGER] - [1] 
2022-03-20 11:29:51.146 TRACE [org.hibernate.type.descriptor.sql.BasicBinder@main] binding parameter [3] as [INTEGER] - [1] 
2022-03-20 11:29:51.146 TRACE [org.hibernate.type.descriptor.sql.BasicBinder@main] binding parameter [4] as [VARCHAR] - [viagra] 
2022-03-20 11:29:51.146 TRACE [org.hibernate.type.descriptor.sql.BasicBinder@main] binding parameter [5] as [INTEGER] - [16] 
2022-03-20 11:29:51.151 DEBUG [org.hibernate.SQL@main] insert into user_account (version, enabled, identity, password, username, id) values (?, ?, ?, ?, ?, ?) 
2022-03-20 11:29:51.152 TRACE [org.hibernate.type.descriptor.sql.BasicBinder@main] binding parameter [1] as [INTEGER] - [0] 
2022-03-20 11:29:51.153 TRACE [org.hibernate.type.descriptor.sql.BasicBinder@main] binding parameter [2] as [BOOLEAN] - [false] 
2022-03-20 11:29:51.154 TRACE [org.hibernate.type.descriptor.sql.BasicBinder@main] binding parameter [3] as [BLOB] - [DefaultUserIdentity(name=John, surname=Doe, email=john.doe@acme.com)] 
2022-03-20 11:29:51.156 TRACE [org.hibernate.type.descriptor.sql.BasicBinder@main] binding parameter [4] as [VARCHAR] - [$2a$05$sStC/8xEm/S2pjqMeqKc6udhCSI6wxHDW4/QLrvJ.f1oyaxzLnKU2] 
2022-03-20 11:29:51.156 TRACE [org.hibernate.type.descriptor.sql.BasicBinder@main] binding parameter [5] as [VARCHAR] - [anonymous] 
2022-03-20 11:29:51.156 TRACE [org.hibernate.type.descriptor.sql.BasicBinder@main] binding parameter [6] as [INTEGER] - [17] 
2022-03-20 11:29:51.162 DEBUG [org.hibernate.SQL@main] insert into user_account (version, enabled, identity, password, username, id) values (?, ?, ?, ?, ?, ?) 
2022-03-20 11:29:51.162 TRACE [org.hibernate.type.descriptor.sql.BasicBinder@main] binding parameter [1] as [INTEGER] - [0] 
2022-03-20 11:29:51.162 TRACE [org.hibernate.type.descriptor.sql.BasicBinder@main] binding parameter [2] as [BOOLEAN] - [true] 
2022-03-20 11:29:51.162 TRACE [org.hibernate.type.descriptor.sql.BasicBinder@main] binding parameter [3] as [BLOB] - [DefaultUserIdentity(name=Administrator, surname=Acme, email=administrator@acme.com)] 
2022-03-20 11:29:51.163 TRACE [org.hibernate.type.descriptor.sql.BasicBinder@main] binding parameter [4] as [VARCHAR] - [$2a$05$nZEzGDPwkQIiR8MTWxUszeuAlkpmnCO.9X97DNcbwV75mHmncN1EO] 
2022-03-20 11:29:51.163 TRACE [org.hibernate.type.descriptor.sql.BasicBinder@main] binding parameter [5] as [VARCHAR] - [administrator] 
2022-03-20 11:29:51.163 TRACE [org.hibernate.type.descriptor.sql.BasicBinder@main] binding parameter [6] as [INTEGER] - [18] 
2022-03-20 11:29:51.164 DEBUG [org.hibernate.SQL@main] insert into administrator (version, user_account_id, id) values (?, ?, ?) 
2022-03-20 11:29:51.165 TRACE [org.hibernate.type.descriptor.sql.BasicBinder@main] binding parameter [1] as [INTEGER] - [0] 
2022-03-20 11:29:51.165 TRACE [org.hibernate.type.descriptor.sql.BasicBinder@main] binding parameter [2] as [INTEGER] - [18] 
2022-03-20 11:29:51.165 TRACE [org.hibernate.type.descriptor.sql.BasicBinder@main] binding parameter [3] as [INTEGER] - [19] 
2022-03-20 11:29:51.170 DEBUG [org.hibernate.SQL@main] insert into authenticated (version, user_account_id, id) values (?, ?, ?) 
2022-03-20 11:29:51.171 TRACE [org.hibernate.type.descriptor.sql.BasicBinder@main] binding parameter [1] as [INTEGER] - [0] 
2022-03-20 11:29:51.171 TRACE [org.hibernate.type.descriptor.sql.BasicBinder@main] binding parameter [2] as [INTEGER] - [18] 
2022-03-20 11:29:51.171 TRACE [org.hibernate.type.descriptor.sql.BasicBinder@main] binding parameter [3] as [INTEGER] - [20] 
2022-03-20 11:29:51.176 DEBUG [org.hibernate.SQL@main] insert into anonymous (version, user_account_id, id) values (?, ?, ?) 
2022-03-20 11:29:51.176 TRACE [org.hibernate.type.descriptor.sql.BasicBinder@main] binding parameter [1] as [INTEGER] - [0] 
2022-03-20 11:29:51.176 TRACE [org.hibernate.type.descriptor.sql.BasicBinder@main] binding parameter [2] as [INTEGER] - [17] 
2022-03-20 11:29:51.176 TRACE [org.hibernate.type.descriptor.sql.BasicBinder@main] binding parameter [3] as [INTEGER] - [21] 
2022-03-20 11:29:51.180 DEBUG [org.hibernate.SQL@main] insert into currency (version, currency_type, id) values (?, ?, ?) 
2022-03-20 11:29:51.181 TRACE [org.hibernate.type.descriptor.sql.BasicBinder@main] binding parameter [1] as [INTEGER] - [0] 
2022-03-20 11:29:51.181 TRACE [org.hibernate.type.descriptor.sql.BasicBinder@main] binding parameter [2] as [VARCHAR] - [USD] 
2022-03-20 11:29:51.181 TRACE [org.hibernate.type.descriptor.sql.BasicBinder@main] binding parameter [3] as [INTEGER] - [22] 
2022-03-20 11:29:51.187 DEBUG [org.hibernate.SQL@main] insert into currency (version, currency_type, id) values (?, ?, ?) 
2022-03-20 11:29:51.187 TRACE [org.hibernate.type.descriptor.sql.BasicBinder@main] binding parameter [1] as [INTEGER] - [0] 
2022-03-20 11:29:51.187 TRACE [org.hibernate.type.descriptor.sql.BasicBinder@main] binding parameter [2] as [VARCHAR] - [GBP] 
2022-03-20 11:29:51.187 TRACE [org.hibernate.type.descriptor.sql.BasicBinder@main] binding parameter [3] as [INTEGER] - [23] 
2022-03-20 11:29:51.188 DEBUG [org.hibernate.SQL@main] insert into currency (version, currency_type, id) values (?, ?, ?) 
2022-03-20 11:29:51.188 TRACE [org.hibernate.type.descriptor.sql.BasicBinder@main] binding parameter [1] as [INTEGER] - [0] 
2022-03-20 11:29:51.188 TRACE [org.hibernate.type.descriptor.sql.BasicBinder@main] binding parameter [2] as [VARCHAR] - [EUR] 
2022-03-20 11:29:51.189 TRACE [org.hibernate.type.descriptor.sql.BasicBinder@main] binding parameter [3] as [INTEGER] - [24] 
2022-03-20 11:29:52.726 INFO  [acme.framework.configuration.ShutdownConfiguration@main] The system is shutting down... 
2022-03-20 11:29:52.749 DEBUG [acme.Launcher@main] Exit code = 0 
