2022-03-16 21:01:34.256 INFO  [acme.Launcher@main] Starting Launcher using Java 1.8.0_281 on LAPTOP-NU08JKOO with PID 792 (C:\Users\rober\Desktop\DP2\Workspace-22.0\Frameworks\Acme-Framework-22.1\target\classes started by rober in C:\Users\rober\Desktop\DP2\Workspace-22.0\Projects\Acme-Toolkits-E3.08) 
2022-03-16 21:01:34.256 DEBUG [acme.Launcher@main] Running with Spring Boot v2.4.2, Spring v5.3.3 
2022-03-16 21:01:34.257 INFO  [acme.Launcher@main] The following profiles are active: development,populator 
2022-03-16 21:01:37.337 DEBUG [org.apache.jasper.servlet.JasperInitializer@main] Initializing Jasper for context [application] 
2022-03-16 21:01:42.786 DEBUG [org.apache.jasper.servlet.JspServlet@main] Scratch dir for the JSP engine is: [C:\Users\rober\AppData\Local\Temp\tomcat.8083.1363203712192295\work\Tomcat\localhost\acme-toolkits-e3.08-1.0] 
2022-03-16 21:01:42.788 DEBUG [org.apache.jasper.servlet.JspServlet@main] IMPORTANT: Do not modify the generated servlets 
2022-03-16 21:01:42.804 INFO  [acme.Launcher@main] Started Launcher in 9.307 seconds (JVM running for 9.978) 
2022-03-16 21:01:42.809 DEBUG [acme.Launcher@main] Found classpath entry '/C:/Users/rober/Desktop/DP2/Workspace-22.0/Projects/Acme-Toolkits-E3.08/target/test-classes/' 
2022-03-16 21:01:42.810 DEBUG [acme.Launcher@main] Found classpath entry '/C:/Users/rober/Desktop/DP2/Workspace-22.0/Projects/Acme-Toolkits-E3.08/target/classes/' 
2022-03-16 21:01:42.810 DEBUG [acme.Launcher@main] Found classpath entry '/C:/Users/rober/Desktop/DP2/Workspace-22.0/Frameworks/Acme-Framework-22.1/target/classes/' 
2022-03-16 21:01:42.810 DEBUG [acme.Launcher@main] Found classpath entry '/C:/Users/rober/Desktop/DP2/Workspace-22.0/Frameworks/Acme-Framework-22.1/target/test-classes/' 
2022-03-16 21:01:42.810 DEBUG [acme.Launcher@main] Found classpath entry '/C:/Users/rober/.m2/repository/org/springframework/boot/spring-boot-starter-tomcat/2.4.2/spring-boot-starter-tomcat-2.4.2.jar' 
2022-03-16 21:01:42.810 DEBUG [acme.Launcher@main] Found classpath entry '/C:/Users/rober/.m2/repository/jakarta/annotation/jakarta.annotation-api/1.3.5/jakarta.annotation-api-1.3.5.jar' 
2022-03-16 21:01:42.810 DEBUG [acme.Launcher@main] Found classpath entry '/C:/Users/rober/.m2/repository/org/apache/tomcat/embed/tomcat-embed-core/9.0.41/tomcat-embed-core-9.0.41.jar' 
2022-03-16 21:01:42.810 DEBUG [acme.Launcher@main] Found classpath entry '/C:/Users/rober/.m2/repository/org/glassfish/jakarta.el/3.0.3/jakarta.el-3.0.3.jar' 
2022-03-16 21:01:42.811 DEBUG [acme.Launcher@main] Found classpath entry '/C:/Users/rober/.m2/repository/org/apache/tomcat/embed/tomcat-embed-websocket/9.0.41/tomcat-embed-websocket-9.0.41.jar' 
2022-03-16 21:01:42.811 DEBUG [acme.Launcher@main] Found classpath entry '/C:/Users/rober/.m2/repository/org/apache/tomcat/embed/tomcat-embed-jasper/9.0.41/tomcat-embed-jasper-9.0.41.jar' 
2022-03-16 21:01:42.811 DEBUG [acme.Launcher@main] Found classpath entry '/C:/Users/rober/.m2/repository/org/apache/tomcat/embed/tomcat-embed-el/9.0.41/tomcat-embed-el-9.0.41.jar' 
2022-03-16 21:01:42.811 DEBUG [acme.Launcher@main] Found classpath entry '/C:/Users/rober/.m2/repository/org/eclipse/jdt/ecj/3.18.0/ecj-3.18.0.jar' 
2022-03-16 21:01:42.811 DEBUG [acme.Launcher@main] Found classpath entry '/C:/Users/rober/.m2/repository/javax/servlet/jstl/1.2/jstl-1.2.jar' 
2022-03-16 21:01:42.811 DEBUG [acme.Launcher@main] Found classpath entry '/C:/Users/rober/.m2/repository/org/springframework/boot/spring-boot-starter-test/2.4.2/spring-boot-starter-test-2.4.2.jar' 
2022-03-16 21:01:42.811 DEBUG [acme.Launcher@main] Found classpath entry '/C:/Users/rober/.m2/repository/org/springframework/boot/spring-boot-starter/2.4.2/spring-boot-starter-2.4.2.jar' 
2022-03-16 21:01:42.812 DEBUG [acme.Launcher@main] Found classpath entry '/C:/Users/rober/.m2/repository/org/springframework/boot/spring-boot/2.4.2/spring-boot-2.4.2.jar' 
2022-03-16 21:01:42.812 DEBUG [acme.Launcher@main] Found classpath entry '/C:/Users/rober/.m2/repository/org/springframework/boot/spring-boot-autoconfigure/2.4.2/spring-boot-autoconfigure-2.4.2.jar' 
2022-03-16 21:01:42.812 DEBUG [acme.Launcher@main] Found classpath entry '/C:/Users/rober/.m2/repository/org/springframework/boot/spring-boot-starter-logging/2.4.2/spring-boot-starter-logging-2.4.2.jar' 
2022-03-16 21:01:42.812 DEBUG [acme.Launcher@main] Found classpath entry '/C:/Users/rober/.m2/repository/ch/qos/logback/logback-classic/1.2.3/logback-classic-1.2.3.jar' 
2022-03-16 21:01:42.812 DEBUG [acme.Launcher@main] Found classpath entry '/C:/Users/rober/.m2/repository/ch/qos/logback/logback-core/1.2.3/logback-core-1.2.3.jar' 
2022-03-16 21:01:42.812 DEBUG [acme.Launcher@main] Found classpath entry '/C:/Users/rober/.m2/repository/org/apache/logging/log4j/log4j-to-slf4j/2.13.3/log4j-to-slf4j-2.13.3.jar' 
2022-03-16 21:01:42.813 DEBUG [acme.Launcher@main] Found classpath entry '/C:/Users/rober/.m2/repository/org/apache/logging/log4j/log4j-api/2.13.3/log4j-api-2.13.3.jar' 
2022-03-16 21:01:42.813 DEBUG [acme.Launcher@main] Found classpath entry '/C:/Users/rober/.m2/repository/org/slf4j/jul-to-slf4j/1.7.30/jul-to-slf4j-1.7.30.jar' 
2022-03-16 21:01:42.813 DEBUG [acme.Launcher@main] Found classpath entry '/C:/Users/rober/.m2/repository/org/yaml/snakeyaml/1.27/snakeyaml-1.27.jar' 
2022-03-16 21:01:42.813 DEBUG [acme.Launcher@main] Found classpath entry '/C:/Users/rober/.m2/repository/org/springframework/boot/spring-boot-test/2.4.2/spring-boot-test-2.4.2.jar' 
2022-03-16 21:01:42.813 DEBUG [acme.Launcher@main] Found classpath entry '/C:/Users/rober/.m2/repository/org/springframework/boot/spring-boot-test-autoconfigure/2.4.2/spring-boot-test-autoconfigure-2.4.2.jar' 
2022-03-16 21:01:42.813 DEBUG [acme.Launcher@main] Found classpath entry '/C:/Users/rober/.m2/repository/com/jayway/jsonpath/json-path/2.4.0/json-path-2.4.0.jar' 
2022-03-16 21:01:42.813 DEBUG [acme.Launcher@main] Found classpath entry '/C:/Users/rober/.m2/repository/net/minidev/json-smart/2.3/json-smart-2.3.jar' 
2022-03-16 21:01:42.813 DEBUG [acme.Launcher@main] Found classpath entry '/C:/Users/rober/.m2/repository/net/minidev/accessors-smart/1.2/accessors-smart-1.2.jar' 
2022-03-16 21:01:42.813 DEBUG [acme.Launcher@main] Found classpath entry '/C:/Users/rober/.m2/repository/org/ow2/asm/asm/5.0.4/asm-5.0.4.jar' 
2022-03-16 21:01:42.813 DEBUG [acme.Launcher@main] Found classpath entry '/C:/Users/rober/.m2/repository/jakarta/xml/bind/jakarta.xml.bind-api/2.3.3/jakarta.xml.bind-api-2.3.3.jar' 
2022-03-16 21:01:42.813 DEBUG [acme.Launcher@main] Found classpath entry '/C:/Users/rober/.m2/repository/jakarta/activation/jakarta.activation-api/1.2.2/jakarta.activation-api-1.2.2.jar' 
2022-03-16 21:01:42.815 DEBUG [acme.Launcher@main] Found classpath entry '/C:/Users/rober/.m2/repository/org/assertj/assertj-core/3.18.1/assertj-core-3.18.1.jar' 
2022-03-16 21:01:42.815 DEBUG [acme.Launcher@main] Found classpath entry '/C:/Users/rober/.m2/repository/org/hamcrest/hamcrest/2.2/hamcrest-2.2.jar' 
2022-03-16 21:01:42.816 DEBUG [acme.Launcher@main] Found classpath entry '/C:/Users/rober/.m2/repository/org/junit/jupiter/junit-jupiter/5.7.0/junit-jupiter-5.7.0.jar' 
2022-03-16 21:01:42.816 DEBUG [acme.Launcher@main] Found classpath entry '/C:/Users/rober/.m2/repository/org/mockito/mockito-core/3.6.28/mockito-core-3.6.28.jar' 
2022-03-16 21:01:42.816 DEBUG [acme.Launcher@main] Found classpath entry '/C:/Users/rober/.m2/repository/net/bytebuddy/byte-buddy-agent/1.10.19/byte-buddy-agent-1.10.19.jar' 
2022-03-16 21:01:42.816 DEBUG [acme.Launcher@main] Found classpath entry '/C:/Users/rober/.m2/repository/org/objenesis/objenesis/3.1/objenesis-3.1.jar' 
2022-03-16 21:01:42.816 DEBUG [acme.Launcher@main] Found classpath entry '/C:/Users/rober/.m2/repository/org/mockito/mockito-junit-jupiter/3.6.28/mockito-junit-jupiter-3.6.28.jar' 
2022-03-16 21:01:42.817 DEBUG [acme.Launcher@main] Found classpath entry '/C:/Users/rober/.m2/repository/org/skyscreamer/jsonassert/1.5.0/jsonassert-1.5.0.jar' 
2022-03-16 21:01:42.817 DEBUG [acme.Launcher@main] Found classpath entry '/C:/Users/rober/.m2/repository/com/vaadin/external/google/android-json/0.0.20131108.vaadin1/android-json-0.0.20131108.vaadin1.jar' 
2022-03-16 21:01:42.817 DEBUG [acme.Launcher@main] Found classpath entry '/C:/Users/rober/.m2/repository/org/springframework/spring-core/5.3.3/spring-core-5.3.3.jar' 
2022-03-16 21:01:42.817 DEBUG [acme.Launcher@main] Found classpath entry '/C:/Users/rober/.m2/repository/org/springframework/spring-jcl/5.3.3/spring-jcl-5.3.3.jar' 
2022-03-16 21:01:42.817 DEBUG [acme.Launcher@main] Found classpath entry '/C:/Users/rober/.m2/repository/org/springframework/spring-test/5.3.3/spring-test-5.3.3.jar' 
2022-03-16 21:01:42.817 DEBUG [acme.Launcher@main] Found classpath entry '/C:/Users/rober/.m2/repository/org/xmlunit/xmlunit-core/2.7.0/xmlunit-core-2.7.0.jar' 
2022-03-16 21:01:42.817 DEBUG [acme.Launcher@main] Found classpath entry '/C:/Users/rober/.m2/repository/org/springframework/boot/spring-boot-starter-security/2.4.2/spring-boot-starter-security-2.4.2.jar' 
2022-03-16 21:01:42.817 DEBUG [acme.Launcher@main] Found classpath entry '/C:/Users/rober/.m2/repository/org/springframework/spring-aop/5.3.3/spring-aop-5.3.3.jar' 
2022-03-16 21:01:42.818 DEBUG [acme.Launcher@main] Found classpath entry '/C:/Users/rober/.m2/repository/org/springframework/security/spring-security-web/5.4.2/spring-security-web-5.4.2.jar' 
2022-03-16 21:01:42.818 DEBUG [acme.Launcher@main] Found classpath entry '/C:/Users/rober/.m2/repository/org/springframework/security/spring-security-core/5.4.2/spring-security-core-5.4.2.jar' 
2022-03-16 21:01:42.818 DEBUG [acme.Launcher@main] Found classpath entry '/C:/Users/rober/.m2/repository/org/springframework/spring-beans/5.3.3/spring-beans-5.3.3.jar' 
2022-03-16 21:01:42.818 DEBUG [acme.Launcher@main] Found classpath entry '/C:/Users/rober/.m2/repository/org/springframework/spring-context/5.3.3/spring-context-5.3.3.jar' 
2022-03-16 21:01:42.818 DEBUG [acme.Launcher@main] Found classpath entry '/C:/Users/rober/.m2/repository/org/springframework/spring-expression/5.3.3/spring-expression-5.3.3.jar' 
2022-03-16 21:01:42.818 DEBUG [acme.Launcher@main] Found classpath entry '/C:/Users/rober/.m2/repository/org/springframework/spring-web/5.3.3/spring-web-5.3.3.jar' 
2022-03-16 21:01:42.818 DEBUG [acme.Launcher@main] Found classpath entry '/C:/Users/rober/.m2/repository/org/springframework/security/spring-security-config/5.4.2/spring-security-config-5.4.2.jar' 
2022-03-16 21:01:42.819 DEBUG [acme.Launcher@main] Found classpath entry '/C:/Users/rober/.m2/repository/org/springframework/security/spring-security-taglibs/5.4.2/spring-security-taglibs-5.4.2.jar' 
2022-03-16 21:01:42.819 DEBUG [acme.Launcher@main] Found classpath entry '/C:/Users/rober/.m2/repository/org/springframework/security/spring-security-acl/5.4.2/spring-security-acl-5.4.2.jar' 
2022-03-16 21:01:42.819 DEBUG [acme.Launcher@main] Found classpath entry '/C:/Users/rober/.m2/repository/org/springframework/spring-jdbc/5.3.3/spring-jdbc-5.3.3.jar' 
2022-03-16 21:01:42.819 DEBUG [acme.Launcher@main] Found classpath entry '/C:/Users/rober/.m2/repository/org/springframework/spring-tx/5.3.3/spring-tx-5.3.3.jar' 
2022-03-16 21:01:42.819 DEBUG [acme.Launcher@main] Found classpath entry '/C:/Users/rober/.m2/repository/org/springframework/boot/spring-boot-starter-web/2.4.2/spring-boot-starter-web-2.4.2.jar' 
2022-03-16 21:01:42.819 DEBUG [acme.Launcher@main] Found classpath entry '/C:/Users/rober/.m2/repository/org/springframework/boot/spring-boot-starter-json/2.4.2/spring-boot-starter-json-2.4.2.jar' 
2022-03-16 21:01:42.819 DEBUG [acme.Launcher@main] Found classpath entry '/C:/Users/rober/.m2/repository/com/fasterxml/jackson/core/jackson-databind/2.11.4/jackson-databind-2.11.4.jar' 
2022-03-16 21:01:42.819 DEBUG [acme.Launcher@main] Found classpath entry '/C:/Users/rober/.m2/repository/com/fasterxml/jackson/core/jackson-annotations/2.11.4/jackson-annotations-2.11.4.jar' 
2022-03-16 21:01:42.820 DEBUG [acme.Launcher@main] Found classpath entry '/C:/Users/rober/.m2/repository/com/fasterxml/jackson/core/jackson-core/2.11.4/jackson-core-2.11.4.jar' 
2022-03-16 21:01:42.820 DEBUG [acme.Launcher@main] Found classpath entry '/C:/Users/rober/.m2/repository/com/fasterxml/jackson/datatype/jackson-datatype-jdk8/2.11.4/jackson-datatype-jdk8-2.11.4.jar' 
2022-03-16 21:01:42.820 DEBUG [acme.Launcher@main] Found classpath entry '/C:/Users/rober/.m2/repository/com/fasterxml/jackson/datatype/jackson-datatype-jsr310/2.11.4/jackson-datatype-jsr310-2.11.4.jar' 
2022-03-16 21:01:42.820 DEBUG [acme.Launcher@main] Found classpath entry '/C:/Users/rober/.m2/repository/com/fasterxml/jackson/module/jackson-module-parameter-names/2.11.4/jackson-module-parameter-names-2.11.4.jar' 
2022-03-16 21:01:42.820 DEBUG [acme.Launcher@main] Found classpath entry '/C:/Users/rober/.m2/repository/org/springframework/spring-webmvc/5.3.3/spring-webmvc-5.3.3.jar' 
2022-03-16 21:01:42.820 DEBUG [acme.Launcher@main] Found classpath entry '/C:/Users/rober/.m2/repository/org/apache/tiles/tiles-jsp/3.0.8/tiles-jsp-3.0.8.jar' 
2022-03-16 21:01:42.821 DEBUG [acme.Launcher@main] Found classpath entry '/C:/Users/rober/.m2/repository/org/apache/tiles/tiles-servlet/3.0.8/tiles-servlet-3.0.8.jar' 
2022-03-16 21:01:42.821 DEBUG [acme.Launcher@main] Found classpath entry '/C:/Users/rober/.m2/repository/org/apache/tiles/tiles-core/3.0.8/tiles-core-3.0.8.jar' 
2022-03-16 21:01:42.821 DEBUG [acme.Launcher@main] Found classpath entry '/C:/Users/rober/.m2/repository/commons-digester/commons-digester/2.0/commons-digester-2.0.jar' 
2022-03-16 21:01:42.821 DEBUG [acme.Launcher@main] Found classpath entry '/C:/Users/rober/.m2/repository/org/slf4j/jcl-over-slf4j/1.7.30/jcl-over-slf4j-1.7.30.jar' 
2022-03-16 21:01:42.821 DEBUG [acme.Launcher@main] Found classpath entry '/C:/Users/rober/.m2/repository/org/apache/tiles/tiles-request-servlet/1.0.7/tiles-request-servlet-1.0.7.jar' 
2022-03-16 21:01:42.822 DEBUG [acme.Launcher@main] Found classpath entry '/C:/Users/rober/.m2/repository/org/apache/tiles/tiles-template/3.0.8/tiles-template-3.0.8.jar' 
2022-03-16 21:01:42.822 DEBUG [acme.Launcher@main] Found classpath entry '/C:/Users/rober/.m2/repository/org/apache/tiles/tiles-api/3.0.8/tiles-api-3.0.8.jar' 
2022-03-16 21:01:42.822 DEBUG [acme.Launcher@main] Found classpath entry '/C:/Users/rober/.m2/repository/org/apache/tiles/tiles-autotag-core-runtime/1.2/tiles-autotag-core-runtime-1.2.jar' 
2022-03-16 21:01:42.822 DEBUG [acme.Launcher@main] Found classpath entry '/C:/Users/rober/.m2/repository/org/slf4j/slf4j-api/1.7.30/slf4j-api-1.7.30.jar' 
2022-03-16 21:01:42.822 DEBUG [acme.Launcher@main] Found classpath entry '/C:/Users/rober/.m2/repository/org/apache/tiles/tiles-request-jsp/1.0.7/tiles-request-jsp-1.0.7.jar' 
2022-03-16 21:01:42.822 DEBUG [acme.Launcher@main] Found classpath entry '/C:/Users/rober/.m2/repository/org/apache/tiles/tiles-request-api/1.0.7/tiles-request-api-1.0.7.jar' 
2022-03-16 21:01:42.823 DEBUG [acme.Launcher@main] Found classpath entry '/C:/Users/rober/.m2/repository/org/springframework/boot/spring-boot-starter-data-jpa/2.4.2/spring-boot-starter-data-jpa-2.4.2.jar' 
2022-03-16 21:01:42.823 DEBUG [acme.Launcher@main] Found classpath entry '/C:/Users/rober/.m2/repository/org/springframework/boot/spring-boot-starter-aop/2.4.2/spring-boot-starter-aop-2.4.2.jar' 
2022-03-16 21:01:42.823 DEBUG [acme.Launcher@main] Found classpath entry '/C:/Users/rober/.m2/repository/org/aspectj/aspectjweaver/1.9.6/aspectjweaver-1.9.6.jar' 
2022-03-16 21:01:42.823 DEBUG [acme.Launcher@main] Found classpath entry '/C:/Users/rober/.m2/repository/org/springframework/boot/spring-boot-starter-jdbc/2.4.2/spring-boot-starter-jdbc-2.4.2.jar' 
2022-03-16 21:01:42.823 DEBUG [acme.Launcher@main] Found classpath entry '/C:/Users/rober/.m2/repository/jakarta/transaction/jakarta.transaction-api/1.3.3/jakarta.transaction-api-1.3.3.jar' 
2022-03-16 21:01:42.824 DEBUG [acme.Launcher@main] Found classpath entry '/C:/Users/rober/.m2/repository/jakarta/persistence/jakarta.persistence-api/2.2.3/jakarta.persistence-api-2.2.3.jar' 
2022-03-16 21:01:42.824 DEBUG [acme.Launcher@main] Found classpath entry '/C:/Users/rober/.m2/repository/org/hibernate/hibernate-core/5.4.27.Final/hibernate-core-5.4.27.Final.jar' 
2022-03-16 21:01:42.824 DEBUG [acme.Launcher@main] Found classpath entry '/C:/Users/rober/.m2/repository/org/jboss/logging/jboss-logging/3.4.1.Final/jboss-logging-3.4.1.Final.jar' 
2022-03-16 21:01:42.825 DEBUG [acme.Launcher@main] Found classpath entry '/C:/Users/rober/.m2/repository/org/javassist/javassist/3.27.0-GA/javassist-3.27.0-GA.jar' 
2022-03-16 21:01:42.825 DEBUG [acme.Launcher@main] Found classpath entry '/C:/Users/rober/.m2/repository/antlr/antlr/2.7.7/antlr-2.7.7.jar' 
2022-03-16 21:01:42.825 DEBUG [acme.Launcher@main] Found classpath entry '/C:/Users/rober/.m2/repository/org/jboss/jandex/2.1.3.Final/jandex-2.1.3.Final.jar' 
2022-03-16 21:01:42.825 DEBUG [acme.Launcher@main] Found classpath entry '/C:/Users/rober/.m2/repository/com/fasterxml/classmate/1.5.1/classmate-1.5.1.jar' 
2022-03-16 21:01:42.825 DEBUG [acme.Launcher@main] Found classpath entry '/C:/Users/rober/.m2/repository/org/dom4j/dom4j/2.1.3/dom4j-2.1.3.jar' 
2022-03-16 21:01:42.825 DEBUG [acme.Launcher@main] Found classpath entry '/C:/Users/rober/.m2/repository/org/hibernate/common/hibernate-commons-annotations/5.1.2.Final/hibernate-commons-annotations-5.1.2.Final.jar' 
2022-03-16 21:01:42.825 DEBUG [acme.Launcher@main] Found classpath entry '/C:/Users/rober/.m2/repository/org/glassfish/jaxb/jaxb-runtime/2.3.3/jaxb-runtime-2.3.3.jar' 
2022-03-16 21:01:42.825 DEBUG [acme.Launcher@main] Found classpath entry '/C:/Users/rober/.m2/repository/org/glassfish/jaxb/txw2/2.3.3/txw2-2.3.3.jar' 
2022-03-16 21:01:42.825 DEBUG [acme.Launcher@main] Found classpath entry '/C:/Users/rober/.m2/repository/com/sun/istack/istack-commons-runtime/3.0.11/istack-commons-runtime-3.0.11.jar' 
2022-03-16 21:01:42.826 DEBUG [acme.Launcher@main] Found classpath entry '/C:/Users/rober/.m2/repository/com/sun/activation/jakarta.activation/1.2.2/jakarta.activation-1.2.2.jar' 
2022-03-16 21:01:42.826 DEBUG [acme.Launcher@main] Found classpath entry '/C:/Users/rober/.m2/repository/org/springframework/data/spring-data-jpa/2.4.3/spring-data-jpa-2.4.3.jar' 
2022-03-16 21:01:42.826 DEBUG [acme.Launcher@main] Found classpath entry '/C:/Users/rober/.m2/repository/org/springframework/data/spring-data-commons/2.4.3/spring-data-commons-2.4.3.jar' 
2022-03-16 21:01:42.826 DEBUG [acme.Launcher@main] Found classpath entry '/C:/Users/rober/.m2/repository/org/springframework/spring-orm/5.3.3/spring-orm-5.3.3.jar' 
2022-03-16 21:01:42.826 DEBUG [acme.Launcher@main] Found classpath entry '/C:/Users/rober/.m2/repository/org/springframework/spring-aspects/5.3.3/spring-aspects-5.3.3.jar' 
2022-03-16 21:01:42.826 DEBUG [acme.Launcher@main] Found classpath entry '/C:/Users/rober/.m2/repository/org/springframework/boot/spring-boot-starter-validation/2.4.2/spring-boot-starter-validation-2.4.2.jar' 
2022-03-16 21:01:42.826 DEBUG [acme.Launcher@main] Found classpath entry '/C:/Users/rober/.m2/repository/org/hibernate/validator/hibernate-validator/6.1.7.Final/hibernate-validator-6.1.7.Final.jar' 
2022-03-16 21:01:42.826 DEBUG [acme.Launcher@main] Found classpath entry '/C:/Users/rober/.m2/repository/jakarta/validation/jakarta.validation-api/2.0.2/jakarta.validation-api-2.0.2.jar' 
2022-03-16 21:01:42.827 DEBUG [acme.Launcher@main] Found classpath entry '/C:/Users/rober/.m2/repository/mysql/mysql-connector-java/8.0.22/mysql-connector-java-8.0.22.jar' 
2022-03-16 21:01:42.827 DEBUG [acme.Launcher@main] Found classpath entry '/C:/Users/rober/.m2/repository/com/zaxxer/HikariCP/3.4.5/HikariCP-3.4.5.jar' 
2022-03-16 21:01:42.827 DEBUG [acme.Launcher@main] Found classpath entry '/C:/Users/rober/.m2/repository/org/junit/jupiter/junit-jupiter-engine/5.7.0/junit-jupiter-engine-5.7.0.jar' 
2022-03-16 21:01:42.827 DEBUG [acme.Launcher@main] Found classpath entry '/C:/Users/rober/.m2/repository/org/apiguardian/apiguardian-api/1.1.0/apiguardian-api-1.1.0.jar' 
2022-03-16 21:01:42.827 DEBUG [acme.Launcher@main] Found classpath entry '/C:/Users/rober/.m2/repository/org/junit/platform/junit-platform-engine/1.7.0/junit-platform-engine-1.7.0.jar' 
2022-03-16 21:01:42.827 DEBUG [acme.Launcher@main] Found classpath entry '/C:/Users/rober/.m2/repository/org/junit/jupiter/junit-jupiter-api/5.7.0/junit-jupiter-api-5.7.0.jar' 
2022-03-16 21:01:42.827 DEBUG [acme.Launcher@main] Found classpath entry '/C:/Users/rober/.m2/repository/org/opentest4j/opentest4j/1.2.0/opentest4j-1.2.0.jar' 
2022-03-16 21:01:42.827 DEBUG [acme.Launcher@main] Found classpath entry '/C:/Users/rober/.m2/repository/org/junit/platform/junit-platform-commons/1.7.0/junit-platform-commons-1.7.0.jar' 
2022-03-16 21:01:42.828 DEBUG [acme.Launcher@main] Found classpath entry '/C:/Users/rober/.m2/repository/org/junit/jupiter/junit-jupiter-params/5.7.0/junit-jupiter-params-5.7.0.jar' 
2022-03-16 21:01:42.828 DEBUG [acme.Launcher@main] Found classpath entry '/C:/Users/rober/.m2/repository/org/junit/platform/junit-platform-launcher/1.7.0/junit-platform-launcher-1.7.0.jar' 
2022-03-16 21:01:42.828 DEBUG [acme.Launcher@main] Found classpath entry '/C:/Users/rober/.m2/repository/org/seleniumhq/selenium/selenium-java/3.141.59/selenium-java-3.141.59.jar' 
2022-03-16 21:01:42.828 DEBUG [acme.Launcher@main] Found classpath entry '/C:/Users/rober/.m2/repository/org/seleniumhq/selenium/selenium-api/3.141.59/selenium-api-3.141.59.jar' 
2022-03-16 21:01:42.828 DEBUG [acme.Launcher@main] Found classpath entry '/C:/Users/rober/.m2/repository/org/seleniumhq/selenium/selenium-chrome-driver/3.141.59/selenium-chrome-driver-3.141.59.jar' 
2022-03-16 21:01:42.828 DEBUG [acme.Launcher@main] Found classpath entry '/C:/Users/rober/.m2/repository/org/seleniumhq/selenium/selenium-edge-driver/3.141.59/selenium-edge-driver-3.141.59.jar' 
2022-03-16 21:01:42.829 DEBUG [acme.Launcher@main] Found classpath entry '/C:/Users/rober/.m2/repository/org/seleniumhq/selenium/selenium-firefox-driver/3.141.59/selenium-firefox-driver-3.141.59.jar' 
2022-03-16 21:01:42.829 DEBUG [acme.Launcher@main] Found classpath entry '/C:/Users/rober/.m2/repository/org/seleniumhq/selenium/selenium-ie-driver/3.141.59/selenium-ie-driver-3.141.59.jar' 
2022-03-16 21:01:42.829 DEBUG [acme.Launcher@main] Found classpath entry '/C:/Users/rober/.m2/repository/org/seleniumhq/selenium/selenium-opera-driver/3.141.59/selenium-opera-driver-3.141.59.jar' 
2022-03-16 21:01:42.829 DEBUG [acme.Launcher@main] Found classpath entry '/C:/Users/rober/.m2/repository/org/seleniumhq/selenium/selenium-remote-driver/3.141.59/selenium-remote-driver-3.141.59.jar' 
2022-03-16 21:01:42.829 DEBUG [acme.Launcher@main] Found classpath entry '/C:/Users/rober/.m2/repository/org/seleniumhq/selenium/selenium-safari-driver/3.141.59/selenium-safari-driver-3.141.59.jar' 
2022-03-16 21:01:42.829 DEBUG [acme.Launcher@main] Found classpath entry '/C:/Users/rober/.m2/repository/org/seleniumhq/selenium/selenium-support/3.141.59/selenium-support-3.141.59.jar' 
2022-03-16 21:01:42.830 DEBUG [acme.Launcher@main] Found classpath entry '/C:/Users/rober/.m2/repository/net/bytebuddy/byte-buddy/1.10.19/byte-buddy-1.10.19.jar' 
2022-03-16 21:01:42.830 DEBUG [acme.Launcher@main] Found classpath entry '/C:/Users/rober/.m2/repository/org/apache/commons/commons-exec/1.3/commons-exec-1.3.jar' 
2022-03-16 21:01:42.830 DEBUG [acme.Launcher@main] Found classpath entry '/C:/Users/rober/.m2/repository/com/google/guava/guava/25.0-jre/guava-25.0-jre.jar' 
2022-03-16 21:01:42.830 DEBUG [acme.Launcher@main] Found classpath entry '/C:/Users/rober/.m2/repository/com/google/code/findbugs/jsr305/1.3.9/jsr305-1.3.9.jar' 
2022-03-16 21:01:42.830 DEBUG [acme.Launcher@main] Found classpath entry '/C:/Users/rober/.m2/repository/org/checkerframework/checker-compat-qual/2.0.0/checker-compat-qual-2.0.0.jar' 
2022-03-16 21:01:42.830 DEBUG [acme.Launcher@main] Found classpath entry '/C:/Users/rober/.m2/repository/com/google/errorprone/error_prone_annotations/2.1.3/error_prone_annotations-2.1.3.jar' 
2022-03-16 21:01:42.831 DEBUG [acme.Launcher@main] Found classpath entry '/C:/Users/rober/.m2/repository/com/google/j2objc/j2objc-annotations/1.1/j2objc-annotations-1.1.jar' 
2022-03-16 21:01:42.831 DEBUG [acme.Launcher@main] Found classpath entry '/C:/Users/rober/.m2/repository/org/codehaus/mojo/animal-sniffer-annotations/1.14/animal-sniffer-annotations-1.14.jar' 
2022-03-16 21:01:42.831 DEBUG [acme.Launcher@main] Found classpath entry '/C:/Users/rober/.m2/repository/com/squareup/okhttp3/okhttp/3.14.9/okhttp-3.14.9.jar' 
2022-03-16 21:01:42.831 DEBUG [acme.Launcher@main] Found classpath entry '/C:/Users/rober/.m2/repository/com/squareup/okio/okio/1.14.0/okio-1.14.0.jar' 
2022-03-16 21:01:42.831 DEBUG [acme.Launcher@main] Found classpath entry '/C:/Users/rober/.m2/repository/org/apache/commons/commons-lang3/3.11/commons-lang3-3.11.jar' 
2022-03-16 21:01:42.831 DEBUG [acme.Launcher@main] Found classpath entry '/C:/Users/rober/.m2/repository/org/apache/commons/commons-text/1.8/commons-text-1.8.jar' 
2022-03-16 21:01:42.832 DEBUG [acme.Launcher@main] Found classpath entry '/C:/Users/rober/.m2/repository/commons-io/commons-io/2.6/commons-io-2.6.jar' 
2022-03-16 21:01:42.832 DEBUG [acme.Launcher@main] Found classpath entry '/C:/Users/rober/.m2/repository/commons-cli/commons-cli/1.4/commons-cli-1.4.jar' 
2022-03-16 21:01:42.832 DEBUG [acme.Launcher@main] Found classpath entry '/C:/Users/rober/.m2/repository/org/projectlombok/lombok/1.18.16/lombok-1.18.16.jar' 
2022-03-16 21:01:42.832 DEBUG [acme.Launcher@main] Found classpath entry '/C:/Users/rober/.m2/repository/com/opencsv/opencsv/5.4/opencsv-5.4.jar' 
2022-03-16 21:01:42.832 DEBUG [acme.Launcher@main] Found classpath entry '/C:/Users/rober/.m2/repository/commons-beanutils/commons-beanutils/1.9.4/commons-beanutils-1.9.4.jar' 
2022-03-16 21:01:42.832 DEBUG [acme.Launcher@main] Found classpath entry '/C:/Users/rober/.m2/repository/commons-logging/commons-logging/1.2/commons-logging-1.2.jar' 
2022-03-16 21:01:42.832 DEBUG [acme.Launcher@main] Found classpath entry '/C:/Users/rober/.m2/repository/commons-collections/commons-collections/3.2.2/commons-collections-3.2.2.jar' 
2022-03-16 21:01:42.832 DEBUG [acme.Launcher@main] Found classpath entry '/C:/Users/rober/.m2/repository/org/apache/commons/commons-collections4/4.4/commons-collections4-4.4.jar' 
2022-03-16 21:01:42.919 DEBUG [acme.Launcher@main] Found entity class 'acme.entities.Announcement 
2022-03-16 21:01:42.919 DEBUG [acme.Launcher@main] Found entity class 'acme.entities.Chirp 
2022-03-16 21:01:42.920 DEBUG [acme.Launcher@main] Found entity class 'acme.entities.Component 
2022-03-16 21:01:42.920 DEBUG [acme.Launcher@main] Found entity class 'acme.entities.Patronage 
2022-03-16 21:01:42.921 DEBUG [acme.Launcher@main] Found entity class 'acme.entities.Tool 
2022-03-16 21:01:42.921 DEBUG [acme.Launcher@main] Found entity class 'acme.roles.Consumer 
2022-03-16 21:01:42.922 DEBUG [acme.Launcher@main] Found entity class 'acme.roles.Inventor 
2022-03-16 21:01:42.922 DEBUG [acme.Launcher@main] Found entity class 'acme.roles.Patron 
2022-03-16 21:01:42.923 DEBUG [acme.Launcher@main] Found entity class 'acme.roles.Provider 
2022-03-16 21:01:42.923 DEBUG [acme.Launcher@main] Found entity class 'acme.framework.entities.UserAccount 
2022-03-16 21:01:42.923 DEBUG [acme.Launcher@main] Found entity class 'acme.framework.roles.Administrator 
2022-03-16 21:01:42.923 DEBUG [acme.Launcher@main] Found entity class 'acme.framework.roles.Anonymous 
2022-03-16 21:01:42.923 DEBUG [acme.Launcher@main] Found entity class 'acme.framework.roles.Authenticated 
2022-03-16 21:01:42.929 INFO  [acme.Launcher@main] Populating (sample data) 
2022-03-16 21:01:42.931 INFO  [acme.framework.components.database.DatabasePopulator@main] Building database schema 
2022-03-16 21:01:42.972 DEBUG [acme.framework.components.database.DatabaseUtil@main] Executing script. 
2022-03-16 21:01:42.972 DEBUG [acme.framework.components.database.DatabaseUtil@main] Starting new transaction. 
2022-03-16 21:01:42.983 DEBUG [acme.framework.components.database.DatabaseUtil@main] Executing command 'set transaction isolation level read uncommitted;'. 
2022-03-16 21:01:43.006 DEBUG [acme.framework.components.database.DatabaseUtil@main] Starting transaction '433699465'. 
2022-03-16 21:01:43.007 DEBUG [acme.framework.components.database.DatabaseUtil@main] Executing script command 'set foreign_key_checks=0'. 
2022-03-16 21:01:43.007 DEBUG [acme.framework.components.database.DatabaseUtil@main] Executing script command 'drop table if exists administrator'. 
2022-03-16 21:01:43.034 DEBUG [acme.framework.components.database.DatabaseUtil@main] Executing script command 'drop table if exists announcement'. 
2022-03-16 21:01:43.047 DEBUG [acme.framework.components.database.DatabaseUtil@main] Executing script command 'drop table if exists anonymous'. 
2022-03-16 21:01:43.065 DEBUG [acme.framework.components.database.DatabaseUtil@main] Executing script command 'drop table if exists authenticated'. 
2022-03-16 21:01:43.082 DEBUG [acme.framework.components.database.DatabaseUtil@main] Executing script command 'drop table if exists chirp'. 
2022-03-16 21:01:43.100 DEBUG [acme.framework.components.database.DatabaseUtil@main] Executing script command 'drop table if exists component'. 
2022-03-16 21:01:43.119 DEBUG [acme.framework.components.database.DatabaseUtil@main] Executing script command 'drop table if exists consumer'. 
2022-03-16 21:01:43.137 DEBUG [acme.framework.components.database.DatabaseUtil@main] Executing script command 'drop table if exists hibernate_sequence'. 
2022-03-16 21:01:43.158 DEBUG [acme.framework.components.database.DatabaseUtil@main] Executing script command 'drop table if exists inventor'. 
2022-03-16 21:01:43.173 DEBUG [acme.framework.components.database.DatabaseUtil@main] Executing script command 'drop table if exists patron'. 
2022-03-16 21:01:43.186 DEBUG [acme.framework.components.database.DatabaseUtil@main] Executing script command 'drop table if exists patronage'. 
2022-03-16 21:01:43.208 DEBUG [acme.framework.components.database.DatabaseUtil@main] Executing script command 'drop table if exists provider'. 
2022-03-16 21:01:43.223 DEBUG [acme.framework.components.database.DatabaseUtil@main] Executing script command 'drop table if exists tool'. 
2022-03-16 21:01:43.237 DEBUG [acme.framework.components.database.DatabaseUtil@main] Executing script command 'drop table if exists user_account'. 
2022-03-16 21:01:43.250 DEBUG [acme.framework.components.database.DatabaseUtil@main] Executing script command 'set foreign_key_checks=1'. 
2022-03-16 21:01:43.251 DEBUG [acme.framework.components.database.DatabaseUtil@main] Committing transaction '433699465'. 
2022-03-16 21:01:43.268 DEBUG [acme.framework.components.database.DatabaseUtil@main] Executing script. 
2022-03-16 21:01:43.269 DEBUG [acme.framework.components.database.DatabaseUtil@main] Starting new transaction. 
2022-03-16 21:01:43.269 DEBUG [acme.framework.components.database.DatabaseUtil@main] Executing command 'set transaction isolation level read uncommitted;'. 
2022-03-16 21:01:43.270 DEBUG [acme.framework.components.database.DatabaseUtil@main] Starting transaction '907754662'. 
2022-03-16 21:01:43.271 DEBUG [acme.framework.components.database.DatabaseUtil@main] Executing script command 'set foreign_key_checks=0'. 
2022-03-16 21:01:43.272 DEBUG [acme.framework.components.database.DatabaseUtil@main] Executing script command 'create table administrator (id integer not null, version integer not null, user_account_id integer, primary key (id)) engine=InnoDB'. 
2022-03-16 21:01:43.289 DEBUG [acme.framework.components.database.DatabaseUtil@main] Executing script command 'create table announcement (id integer not null, version integer not null, body varchar(255), creation_moment datetime, critical bit, link varchar(255), title varchar(255), primary key (id)) engine=InnoDB'. 
2022-03-16 21:01:43.307 DEBUG [acme.framework.components.database.DatabaseUtil@main] Executing script command 'create table anonymous (id integer not null, version integer not null, user_account_id integer, primary key (id)) engine=InnoDB'. 
2022-03-16 21:01:43.331 DEBUG [acme.framework.components.database.DatabaseUtil@main] Executing script command 'create table authenticated (id integer not null, version integer not null, user_account_id integer, primary key (id)) engine=InnoDB'. 
2022-03-16 21:01:43.353 DEBUG [acme.framework.components.database.DatabaseUtil@main] Executing script command 'create table chirp (id integer not null, version integer not null, author varchar(255), body varchar(255), creation_moment datetime, email varchar(255), title varchar(255), primary key (id)) engine=InnoDB'. 
2022-03-16 21:01:43.381 DEBUG [acme.framework.components.database.DatabaseUtil@main] Executing script command 'create table component (id integer not null, version integer not null, code varchar(255), description varchar(255), link varchar(255), name varchar(255), retail_price double precision, technology varchar(255), primary key (id)) engine=InnoDB'. 
2022-03-16 21:01:43.398 DEBUG [acme.framework.components.database.DatabaseUtil@main] Executing script command 'create table consumer (id integer not null, version integer not null, user_account_id integer, company varchar(255), sector varchar(255), primary key (id)) engine=InnoDB'. 
2022-03-16 21:01:43.419 DEBUG [acme.framework.components.database.DatabaseUtil@main] Executing script command 'create table hibernate_sequence (next_val bigint) engine=InnoDB'. 
2022-03-16 21:01:43.442 DEBUG [acme.framework.components.database.DatabaseUtil@main] Executing script command 'insert into hibernate_sequence values ( 1 )'. 
2022-03-16 21:01:43.444 DEBUG [acme.framework.components.database.DatabaseUtil@main] Executing script command 'create table inventor (id integer not null, version integer not null, user_account_id integer, company varchar(255), info varchar(255), statement varchar(255), primary key (id)) engine=InnoDB'. 
2022-03-16 21:01:43.462 DEBUG [acme.framework.components.database.DatabaseUtil@main] Executing script command 'create table patron (id integer not null, version integer not null, user_account_id integer, company varchar(255), info varchar(255), statement varchar(255), primary key (id)) engine=InnoDB'. 
2022-03-16 21:01:43.480 DEBUG [acme.framework.components.database.DatabaseUtil@main] Executing script command 'create table patronage (id integer not null, version integer not null, budget_amount double precision, budget_currency varchar(255), code varchar(255), info varchar(255), legal_stuff varchar(255), period tinyblob, status integer, inventor_id integer not null, patron_id integer not null, primary key (id)) engine=InnoDB'. 
2022-03-16 21:01:43.496 DEBUG [acme.framework.components.database.DatabaseUtil@main] Executing script command 'create table provider (id integer not null, version integer not null, user_account_id integer, company varchar(255), sector varchar(255), primary key (id)) engine=InnoDB'. 
2022-03-16 21:01:43.516 DEBUG [acme.framework.components.database.DatabaseUtil@main] Executing script command 'create table tool (id integer not null, version integer not null, code varchar(255), description varchar(255), link varchar(255), name varchar(255), retail_price double precision, technology varchar(255), primary key (id)) engine=InnoDB'. 
2022-03-16 21:01:43.538 DEBUG [acme.framework.components.database.DatabaseUtil@main] Executing script command 'create table user_account (id integer not null, version integer not null, enabled bit not null, identity blob, password varchar(255), username varchar(255), primary key (id)) engine=InnoDB'. 
2022-03-16 21:01:43.555 DEBUG [acme.framework.components.database.DatabaseUtil@main] Executing script command 'alter table component add constraint UK_24wq1y3l3mfjohvgtsewd3vo unique (code)'. 
2022-03-16 21:01:43.581 DEBUG [acme.framework.components.database.DatabaseUtil@main] Executing script command 'alter table patronage add constraint UK_7s289l63ihnn85qwyna5cqbfh unique (code)'. 
2022-03-16 21:01:43.610 DEBUG [acme.framework.components.database.DatabaseUtil@main] Executing script command 'alter table tool add constraint UK_puoe6iyimealhblj4mlwyn3t3 unique (code)'. 
2022-03-16 21:01:43.640 DEBUG [acme.framework.components.database.DatabaseUtil@main] Executing script command 'alter table user_account add constraint UK_castjbvpeeus0r8lbpehiu0e4 unique (username)'. 
2022-03-16 21:01:43.669 DEBUG [acme.framework.components.database.DatabaseUtil@main] Executing script command 'alter table administrator add constraint FK_2a5vcjo3stlfcwadosjfq49l1 foreign key (user_account_id) references user_account (id)'. 
2022-03-16 21:01:43.700 DEBUG [acme.framework.components.database.DatabaseUtil@main] Executing script command 'alter table anonymous add constraint FK_6lnbc6fo3om54vugoh8icg78m foreign key (user_account_id) references user_account (id)'. 
2022-03-16 21:01:43.731 DEBUG [acme.framework.components.database.DatabaseUtil@main] Executing script command 'alter table authenticated add constraint FK_h52w0f3wjoi68b63wv9vwon57 foreign key (user_account_id) references user_account (id)'. 
2022-03-16 21:01:43.755 DEBUG [acme.framework.components.database.DatabaseUtil@main] Executing script command 'alter table consumer add constraint FK_6cyha9f1wpj0dpbxrrjddrqed foreign key (user_account_id) references user_account (id)'. 
2022-03-16 21:01:43.791 DEBUG [acme.framework.components.database.DatabaseUtil@main] Executing script command 'alter table inventor add constraint FK_2upmsx50p5pou2l4uy8trxor6 foreign key (user_account_id) references user_account (id)'. 
2022-03-16 21:01:43.821 DEBUG [acme.framework.components.database.DatabaseUtil@main] Executing script command 'alter table patron add constraint FK_8xx5nujhuio3advxc2freyu65 foreign key (user_account_id) references user_account (id)'. 
2022-03-16 21:01:43.846 DEBUG [acme.framework.components.database.DatabaseUtil@main] Executing script command 'alter table patronage add constraint FKgkbt6mel1m6joiypsbc2ko6mi foreign key (inventor_id) references inventor (id)'. 
2022-03-16 21:01:43.879 DEBUG [acme.framework.components.database.DatabaseUtil@main] Executing script command 'alter table patronage add constraint FK7d5o2dlu1d9orplkn5g91lsgc foreign key (patron_id) references patron (id)'. 
2022-03-16 21:01:43.906 DEBUG [acme.framework.components.database.DatabaseUtil@main] Executing script command 'alter table provider add constraint FK_b1gwnjqm6ggy9yuiqm0o4rlmd foreign key (user_account_id) references user_account (id)'. 
2022-03-16 21:01:43.936 DEBUG [acme.framework.components.database.DatabaseUtil@main] Executing script command 'set foreign_key_checks=1'. 
2022-03-16 21:01:43.937 DEBUG [acme.framework.components.database.DatabaseUtil@main] Committing transaction '907754662'. 
2022-03-16 21:01:43.939 INFO  [acme.framework.components.database.DatabasePopulator@main] Reading entities from 'classpath:/WEB-INF/resources/initial-data' 
2022-03-16 21:01:43.944 DEBUG [acme.framework.components.database.Dataset@main] Reading dataset from 'C:\Users\rober\Desktop\DP2\Workspace-22.0\Projects\Acme-Toolkits-E3.08\target\classes\WEB-INF\resources\initial-data\administrator.csv' 
2022-03-16 21:01:44.040 DEBUG [acme.framework.components.database.Dataset@main] Reading mapping '{key:user-account=user-account-administrator-01, key=administrator-01}' from 'C:\Users\rober\Desktop\DP2\Workspace-22.0\Projects\Acme-Toolkits-E3.08\target\classes\WEB-INF\resources\initial-data\administrator.csv' 
2022-03-16 21:01:44.042 DEBUG [acme.framework.components.database.Dataset@main] Reading dataset from 'C:\Users\rober\Desktop\DP2\Workspace-22.0\Projects\Acme-Toolkits-E3.08\target\classes\WEB-INF\resources\initial-data\anonymous.csv' 
2022-03-16 21:01:44.043 DEBUG [acme.framework.components.database.Dataset@main] Reading mapping '{key:user-account=user-account-anonymous-01, key=anonymous-01}' from 'C:\Users\rober\Desktop\DP2\Workspace-22.0\Projects\Acme-Toolkits-E3.08\target\classes\WEB-INF\resources\initial-data\anonymous.csv' 
2022-03-16 21:01:44.043 DEBUG [acme.framework.components.database.Dataset@main] Reading dataset from 'C:\Users\rober\Desktop\DP2\Workspace-22.0\Projects\Acme-Toolkits-E3.08\target\classes\WEB-INF\resources\initial-data\authenticated.csv' 
2022-03-16 21:01:44.044 DEBUG [acme.framework.components.database.Dataset@main] Reading mapping '{key:user-account=user-account-administrator-01, key=authenticated-administrator-01}' from 'C:\Users\rober\Desktop\DP2\Workspace-22.0\Projects\Acme-Toolkits-E3.08\target\classes\WEB-INF\resources\initial-data\authenticated.csv' 
2022-03-16 21:01:44.044 DEBUG [acme.framework.components.database.Dataset@main] Reading dataset from 'C:\Users\rober\Desktop\DP2\Workspace-22.0\Projects\Acme-Toolkits-E3.08\target\classes\WEB-INF\resources\initial-data\user-account.csv' 
2022-03-16 21:01:44.045 DEBUG [acme.framework.components.database.Dataset@main] Reading mapping '{password=HIDDEN-PASSWORD, identity=UserIdentity{name: 'John', surname: 'Doe', email: 'john.doe@acme.com'}, key=user-account-anonymous-01, enabled=false, username=anonymous}' from 'C:\Users\rober\Desktop\DP2\Workspace-22.0\Projects\Acme-Toolkits-E3.08\target\classes\WEB-INF\resources\initial-data\user-account.csv' 
2022-03-16 21:01:44.045 DEBUG [acme.framework.components.database.Dataset@main] Reading mapping '{password=administrator, identity=UserIdentity{name: 'Administrator', surname: 'Acme', email: 'administrator@acme.com'}, key=user-account-administrator-01, enabled=true, username=administrator}' from 'C:\Users\rober\Desktop\DP2\Workspace-22.0\Projects\Acme-Toolkits-E3.08\target\classes\WEB-INF\resources\initial-data\user-account.csv' 
2022-03-16 21:01:44.046 DEBUG [acme.framework.components.database.EntityWeb@main] Setting attributes of entities of class acme.framework.roles.Authenticated 
2022-03-16 21:01:44.047 DEBUG [acme.framework.components.database.EntityWeb@main] Setting attributes of entities of class acme.framework.roles.Anonymous 
2022-03-16 21:01:44.047 DEBUG [acme.framework.components.database.EntityWeb@main] Setting attributes of entities of class acme.framework.roles.Administrator 
2022-03-16 21:01:44.047 DEBUG [acme.framework.components.database.EntityWeb@main] Setting attributes of entities of class acme.framework.entities.UserAccount 
2022-03-16 21:01:44.331 DEBUG [acme.framework.components.database.EntityWeb@main] Linking entities of class acme.framework.roles.Authenticated 
2022-03-16 21:01:44.336 DEBUG [acme.framework.components.database.EntityWeb@main] Linking entities of class acme.framework.roles.Anonymous 
2022-03-16 21:01:44.342 DEBUG [acme.framework.components.database.EntityWeb@main] Linking entities of class acme.framework.roles.Administrator 
2022-03-16 21:01:44.349 DEBUG [acme.framework.components.database.EntityWeb@main] Linking entities of class acme.framework.entities.UserAccount 
2022-03-16 21:01:44.349 INFO  [acme.framework.components.database.DatabasePopulator@main] Reading entities from 'classpath:/WEB-INF/resources/sample-data' 
2022-03-16 21:01:44.351 DEBUG [acme.framework.components.database.Dataset@main] Reading dataset from 'C:\Users\rober\Desktop\DP2\Workspace-22.0\Projects\Acme-Toolkits-E3.08\target\classes\WEB-INF\resources\sample-data\consumer.csv' 
2022-03-16 21:01:44.352 DEBUG [acme.framework.components.database.Dataset@main] Reading mapping '{key:user-account=user-account-administrator-01, company=Macarena, Inc., sector=Telecommunications, key=consumer-01}' from 'C:\Users\rober\Desktop\DP2\Workspace-22.0\Projects\Acme-Toolkits-E3.08\target\classes\WEB-INF\resources\sample-data\consumer.csv' 
2022-03-16 21:01:44.353 DEBUG [acme.framework.components.database.Dataset@main] Reading dataset from 'C:\Users\rober\Desktop\DP2\Workspace-22.0\Projects\Acme-Toolkits-E3.08\target\classes\WEB-INF\resources\sample-data\provider.csv' 
2022-03-16 21:01:44.354 DEBUG [acme.framework.components.database.Dataset@main] Reading mapping '{key:user-account=user-account-administrator-01, company=Terra Nets, S.A., sector=Internet, key=provider-01}' from 'C:\Users\rober\Desktop\DP2\Workspace-22.0\Projects\Acme-Toolkits-E3.08\target\classes\WEB-INF\resources\sample-data\provider.csv' 
2022-03-16 21:01:44.354 DEBUG [acme.framework.components.database.Dataset@main] Reading dataset from 'C:\Users\rober\Desktop\DP2\Workspace-22.0\Projects\Acme-Toolkits-E3.08\target\classes\WEB-INF\resources\sample-data\user-account.csv' 
2022-03-16 21:01:44.356 DEBUG [acme.framework.components.database.Dataset@main] Reading mapping '{password=inventor1, identity=UserIdentity{name:'Inventor',surname:'One',email:'inventor1@mail.com'}, key=user-account-inventor1, enabled=true, username=inventor1}' from 'C:\Users\rober\Desktop\DP2\Workspace-22.0\Projects\Acme-Toolkits-E3.08\target\classes\WEB-INF\resources\sample-data\user-account.csv' 
2022-03-16 21:01:44.356 DEBUG [acme.framework.components.database.Dataset@main] Reading mapping '{password=inventor2, identity=UserIdentity{name:'Inventor',surname:'Two',email:'inventor2@mail.com'}, key=user-account-inventor2, enabled=true, username=inventor2}' from 'C:\Users\rober\Desktop\DP2\Workspace-22.0\Projects\Acme-Toolkits-E3.08\target\classes\WEB-INF\resources\sample-data\user-account.csv' 
2022-03-16 21:01:44.356 DEBUG [acme.framework.components.database.Dataset@main] Reading mapping '{password=patron1, identity=UserIdentity{name:'Patron',surname:'One',email:'patron1@mail.com'}, key=user-account-patron1, enabled=true, username=patron1}' from 'C:\Users\rober\Desktop\DP2\Workspace-22.0\Projects\Acme-Toolkits-E3.08\target\classes\WEB-INF\resources\sample-data\user-account.csv' 
2022-03-16 21:01:44.357 DEBUG [acme.framework.components.database.Dataset@main] Reading mapping '{password=patron2, identity=UserIdentity{name:'Patron',surname:'Two',email:'patron2@mail.com'}, key=user-account-patron2, enabled=true, username=patron2}' from 'C:\Users\rober\Desktop\DP2\Workspace-22.0\Projects\Acme-Toolkits-E3.08\target\classes\WEB-INF\resources\sample-data\user-account.csv' 
2022-03-16 21:01:44.358 DEBUG [acme.framework.components.database.Dataset@main] Reading mapping '{password=consumer1, identity=UserIdentity{name:'Consumer',surname:'One',email:'consumer1@mail.com'}, key=user-account-consumer1, enabled=true, username=consumer1}' from 'C:\Users\rober\Desktop\DP2\Workspace-22.0\Projects\Acme-Toolkits-E3.08\target\classes\WEB-INF\resources\sample-data\user-account.csv' 
2022-03-16 21:01:44.360 DEBUG [acme.framework.components.database.Dataset@main] Reading mapping '{password=consumer2, identity=UserIdentity{name:'Consumer',surname:'Two',email:'consumer2@mail.com'}, key=user-account-consumer2, enabled=true, username=consumer2}' from 'C:\Users\rober\Desktop\DP2\Workspace-22.0\Projects\Acme-Toolkits-E3.08\target\classes\WEB-INF\resources\sample-data\user-account.csv' 
2022-03-16 21:01:44.361 DEBUG [acme.framework.components.database.Dataset@main] Reading mapping '{password=provider1, identity=UserIdentity{name:'Provider',surname:'One',email:'provider1@mail.com'}, key=user-account-provider1, enabled=true, username=provider1}' from 'C:\Users\rober\Desktop\DP2\Workspace-22.0\Projects\Acme-Toolkits-E3.08\target\classes\WEB-INF\resources\sample-data\user-account.csv' 
2022-03-16 21:01:44.362 DEBUG [acme.framework.components.database.Dataset@main] Reading mapping '{password=provider2, identity=UserIdentity{name:'Provider',surname:'Two',email:'provider2@mail.com'}, key=user-account-provider2, enabled=true, username=provider2}' from 'C:\Users\rober\Desktop\DP2\Workspace-22.0\Projects\Acme-Toolkits-E3.08\target\classes\WEB-INF\resources\sample-data\user-account.csv' 
2022-03-16 21:01:44.363 DEBUG [acme.framework.components.database.EntityWeb@main] Setting attributes of entities of class acme.roles.Provider 
2022-03-16 21:01:44.377 DEBUG [acme.framework.components.database.EntityWeb@main] Setting attributes of entities of class acme.roles.Consumer 
2022-03-16 21:01:44.385 DEBUG [acme.framework.components.database.EntityWeb@main] Setting attributes of entities of class acme.framework.entities.UserAccount 
2022-03-16 21:01:44.433 DEBUG [acme.framework.components.database.EntityWeb@main] Linking entities of class acme.roles.Provider 
2022-03-16 21:01:44.434 DEBUG [acme.framework.components.database.EntityWeb@main] Linking entities of class acme.roles.Consumer 
2022-03-16 21:01:44.434 DEBUG [acme.framework.components.database.EntityWeb@main] Linking entities of class acme.framework.entities.UserAccount 
2022-03-16 21:01:44.435 INFO  [acme.framework.components.database.DatabasePopulator@main] Validating your entities 
2022-03-16 21:01:44.530 DEBUG [acme.framework.components.database.DatabasePopulator@main] Validating 'acme.framework.entities.UserAccount@user-account-anonymous-01' ... PASS 
2022-03-16 21:01:44.531 DEBUG [acme.framework.components.database.DatabasePopulator@main] Validating 'acme.framework.entities.UserAccount@user-account-provider1' ... PASS 
2022-03-16 21:01:44.532 DEBUG [acme.framework.components.database.DatabasePopulator@main] Validating 'acme.framework.entities.UserAccount@user-account-provider2' ... PASS 
2022-03-16 21:01:44.533 DEBUG [acme.framework.components.database.DatabasePopulator@main] Validating 'acme.framework.entities.UserAccount@user-account-administrator-01' ... PASS 
2022-03-16 21:01:44.541 DEBUG [acme.framework.components.database.DatabasePopulator@main] Validating 'acme.roles.Provider@provider-01' ... PASS 
2022-03-16 21:01:44.545 DEBUG [acme.framework.components.database.DatabasePopulator@main] Validating 'acme.roles.Consumer@consumer-01' ... PASS 
2022-03-16 21:01:44.550 DEBUG [acme.framework.components.database.DatabasePopulator@main] Validating 'acme.framework.roles.Administrator@administrator-01' ... PASS 
2022-03-16 21:01:44.551 DEBUG [acme.framework.components.database.DatabasePopulator@main] Validating 'acme.framework.entities.UserAccount@user-account-patron2' ... PASS 
2022-03-16 21:01:44.552 DEBUG [acme.framework.components.database.DatabasePopulator@main] Validating 'acme.framework.entities.UserAccount@user-account-patron1' ... PASS 
2022-03-16 21:01:44.557 DEBUG [acme.framework.components.database.DatabasePopulator@main] Validating 'acme.framework.roles.Anonymous@anonymous-01' ... PASS 
2022-03-16 21:01:44.562 DEBUG [acme.framework.components.database.DatabasePopulator@main] Validating 'acme.framework.roles.Authenticated@authenticated-administrator-01' ... PASS 
2022-03-16 21:01:44.564 DEBUG [acme.framework.components.database.DatabasePopulator@main] Validating 'acme.framework.entities.UserAccount@user-account-consumer1' ... PASS 
2022-03-16 21:01:44.565 DEBUG [acme.framework.components.database.DatabasePopulator@main] Validating 'acme.framework.entities.UserAccount@user-account-inventor2' ... PASS 
2022-03-16 21:01:44.565 DEBUG [acme.framework.components.database.DatabasePopulator@main] Validating 'acme.framework.entities.UserAccount@user-account-inventor1' ... PASS 
2022-03-16 21:01:44.566 DEBUG [acme.framework.components.database.DatabasePopulator@main] Validating 'acme.framework.entities.UserAccount@user-account-consumer2' ... PASS 
2022-03-16 21:01:44.566 INFO  [acme.framework.components.database.DatabasePopulator@main] Sorting your entity classes 
2022-03-16 21:01:44.567 DEBUG [acme.framework.components.database.DatabasePopulator@main] Best topological order for your entity clazzes: 
2022-03-16 21:01:44.567 DEBUG [acme.framework.components.database.DatabasePopulator@main] - acme.framework.entities.UserAccount 
2022-03-16 21:01:44.567 DEBUG [acme.framework.components.database.DatabasePopulator@main] - acme.roles.Provider 
2022-03-16 21:01:44.567 DEBUG [acme.framework.components.database.DatabasePopulator@main] - acme.framework.roles.Authenticated 
2022-03-16 21:01:44.567 DEBUG [acme.framework.components.database.DatabasePopulator@main] - acme.framework.roles.Anonymous 
2022-03-16 21:01:44.568 DEBUG [acme.framework.components.database.DatabasePopulator@main] - acme.framework.roles.Administrator 
2022-03-16 21:01:44.568 DEBUG [acme.framework.components.database.DatabasePopulator@main] - acme.roles.Consumer 
2022-03-16 21:01:44.568 INFO  [acme.framework.components.database.DatabasePopulator@main] Persisting your entities 
2022-03-16 21:01:44.568 DEBUG [acme.framework.components.database.DatabaseUtil@main] Starting new transaction. 
2022-03-16 21:01:44.569 DEBUG [acme.framework.components.database.DatabaseUtil@main] Executing command 'set transaction isolation level read uncommitted;'. 
2022-03-16 21:01:44.570 DEBUG [acme.framework.components.database.DatabaseUtil@main] Starting transaction '2028277706'. 
2022-03-16 21:01:44.570 DEBUG [acme.framework.components.database.DatabasePopulator@main] Persising entities of clazz 'acme.framework.entities.UserAccount' 
2022-03-16 21:01:44.587 DEBUG [org.hibernate.SQL@main] select next_val as id_val from hibernate_sequence for update 
2022-03-16 21:01:44.611 DEBUG [org.hibernate.SQL@main] update hibernate_sequence set next_val= ? where next_val=? 
2022-03-16 21:01:44.666 DEBUG [acme.framework.components.database.DatabaseUtil@main] Persisting entity UserAccount(username=anonymous) 
2022-03-16 21:01:44.668 DEBUG [org.hibernate.SQL@main] select next_val as id_val from hibernate_sequence for update 
2022-03-16 21:01:44.669 DEBUG [org.hibernate.SQL@main] update hibernate_sequence set next_val= ? where next_val=? 
2022-03-16 21:01:44.672 DEBUG [acme.framework.components.database.DatabaseUtil@main] Persisting entity UserAccount(username=administrator) 
2022-03-16 21:01:44.672 DEBUG [org.hibernate.SQL@main] select next_val as id_val from hibernate_sequence for update 
2022-03-16 21:01:44.673 DEBUG [org.hibernate.SQL@main] update hibernate_sequence set next_val= ? where next_val=? 
2022-03-16 21:01:44.675 DEBUG [acme.framework.components.database.DatabaseUtil@main] Persisting entity UserAccount(username=patron2) 
2022-03-16 21:01:44.676 DEBUG [org.hibernate.SQL@main] select next_val as id_val from hibernate_sequence for update 
2022-03-16 21:01:44.678 DEBUG [org.hibernate.SQL@main] update hibernate_sequence set next_val= ? where next_val=? 
2022-03-16 21:01:44.682 DEBUG [acme.framework.components.database.DatabaseUtil@main] Persisting entity UserAccount(username=provider1) 
2022-03-16 21:01:44.683 DEBUG [org.hibernate.SQL@main] select next_val as id_val from hibernate_sequence for update 
2022-03-16 21:01:44.684 DEBUG [org.hibernate.SQL@main] update hibernate_sequence set next_val= ? where next_val=? 
2022-03-16 21:01:44.687 DEBUG [acme.framework.components.database.DatabaseUtil@main] Persisting entity UserAccount(username=provider2) 
2022-03-16 21:01:44.690 DEBUG [org.hibernate.SQL@main] select next_val as id_val from hibernate_sequence for update 
2022-03-16 21:01:44.692 DEBUG [org.hibernate.SQL@main] update hibernate_sequence set next_val= ? where next_val=? 
2022-03-16 21:01:44.697 DEBUG [acme.framework.components.database.DatabaseUtil@main] Persisting entity UserAccount(username=patron1) 
2022-03-16 21:01:44.699 DEBUG [org.hibernate.SQL@main] select next_val as id_val from hibernate_sequence for update 
2022-03-16 21:01:44.701 DEBUG [org.hibernate.SQL@main] update hibernate_sequence set next_val= ? where next_val=? 
2022-03-16 21:01:44.709 DEBUG [acme.framework.components.database.DatabaseUtil@main] Persisting entity UserAccount(username=consumer1) 
2022-03-16 21:01:44.710 DEBUG [org.hibernate.SQL@main] select next_val as id_val from hibernate_sequence for update 
2022-03-16 21:01:44.711 DEBUG [org.hibernate.SQL@main] update hibernate_sequence set next_val= ? where next_val=? 
2022-03-16 21:01:44.714 DEBUG [acme.framework.components.database.DatabaseUtil@main] Persisting entity UserAccount(username=inventor2) 
2022-03-16 21:01:44.715 DEBUG [org.hibernate.SQL@main] select next_val as id_val from hibernate_sequence for update 
2022-03-16 21:01:44.715 DEBUG [org.hibernate.SQL@main] update hibernate_sequence set next_val= ? where next_val=? 
2022-03-16 21:01:44.718 DEBUG [acme.framework.components.database.DatabaseUtil@main] Persisting entity UserAccount(username=inventor1) 
2022-03-16 21:01:44.719 DEBUG [org.hibernate.SQL@main] select next_val as id_val from hibernate_sequence for update 
2022-03-16 21:01:44.726 DEBUG [org.hibernate.SQL@main] update hibernate_sequence set next_val= ? where next_val=? 
2022-03-16 21:01:44.730 DEBUG [acme.framework.components.database.DatabaseUtil@main] Persisting entity UserAccount(username=consumer2) 
2022-03-16 21:01:44.730 DEBUG [acme.framework.components.database.DatabasePopulator@main] Persising entities of clazz 'acme.roles.Provider' 
2022-03-16 21:01:44.730 DEBUG [org.hibernate.SQL@main] select next_val as id_val from hibernate_sequence for update 
2022-03-16 21:01:44.731 DEBUG [org.hibernate.SQL@main] update hibernate_sequence set next_val= ? where next_val=? 
2022-03-16 21:01:44.736 DEBUG [acme.framework.components.database.DatabaseUtil@main] Persisting entity UserRole(userAccount=UserAccount(username=administrator)) 
2022-03-16 21:01:44.736 DEBUG [acme.framework.components.database.DatabasePopulator@main] Persising entities of clazz 'acme.framework.roles.Authenticated' 
2022-03-16 21:01:44.736 DEBUG [org.hibernate.SQL@main] select next_val as id_val from hibernate_sequence for update 
2022-03-16 21:01:44.737 DEBUG [org.hibernate.SQL@main] update hibernate_sequence set next_val= ? where next_val=? 
2022-03-16 21:01:44.740 DEBUG [acme.framework.components.database.DatabaseUtil@main] Persisting entity UserRole(userAccount=UserAccount(username=administrator)) 
2022-03-16 21:01:44.740 DEBUG [acme.framework.components.database.DatabasePopulator@main] Persising entities of clazz 'acme.framework.roles.Anonymous' 
2022-03-16 21:01:44.741 DEBUG [org.hibernate.SQL@main] select next_val as id_val from hibernate_sequence for update 
2022-03-16 21:01:44.741 DEBUG [org.hibernate.SQL@main] update hibernate_sequence set next_val= ? where next_val=? 
2022-03-16 21:01:44.744 DEBUG [acme.framework.components.database.DatabaseUtil@main] Persisting entity UserRole(userAccount=UserAccount(username=anonymous)) 
2022-03-16 21:01:44.744 DEBUG [acme.framework.components.database.DatabasePopulator@main] Persising entities of clazz 'acme.framework.roles.Administrator' 
2022-03-16 21:01:44.745 DEBUG [org.hibernate.SQL@main] select next_val as id_val from hibernate_sequence for update 
2022-03-16 21:01:44.746 DEBUG [org.hibernate.SQL@main] update hibernate_sequence set next_val= ? where next_val=? 
2022-03-16 21:01:44.748 DEBUG [acme.framework.components.database.DatabaseUtil@main] Persisting entity UserRole(userAccount=UserAccount(username=administrator)) 
2022-03-16 21:01:44.748 DEBUG [acme.framework.components.database.DatabasePopulator@main] Persising entities of clazz 'acme.roles.Consumer' 
2022-03-16 21:01:44.749 DEBUG [org.hibernate.SQL@main] select next_val as id_val from hibernate_sequence for update 
2022-03-16 21:01:44.750 DEBUG [org.hibernate.SQL@main] update hibernate_sequence set next_val= ? where next_val=? 
2022-03-16 21:01:44.755 DEBUG [acme.framework.components.database.DatabaseUtil@main] Persisting entity UserRole(userAccount=UserAccount(username=administrator)) 
2022-03-16 21:01:44.756 DEBUG [acme.framework.components.database.DatabaseUtil@main] Committing transaction '2028277706'. 
2022-03-16 21:01:44.811 DEBUG [org.hibernate.SQL@main] insert into user_account (version, enabled, identity, password, username, id) values (?, ?, ?, ?, ?, ?) 
2022-03-16 21:01:44.813 TRACE [org.hibernate.type.descriptor.sql.BasicBinder@main] binding parameter [1] as [INTEGER] - [0] 
2022-03-16 21:01:44.814 TRACE [org.hibernate.type.descriptor.sql.BasicBinder@main] binding parameter [2] as [BOOLEAN] - [false] 
2022-03-16 21:01:44.814 TRACE [org.hibernate.type.descriptor.sql.BasicBinder@main] binding parameter [3] as [BLOB] - [DefaultUserIdentity(name=John, surname=Doe, email=john.doe@acme.com)] 
2022-03-16 21:01:44.815 TRACE [org.hibernate.type.descriptor.sql.BasicBinder@main] binding parameter [4] as [VARCHAR] - [$2a$05$pErJwlzzuufuO9MwStSqV.I7NtPBw6cMhFCvzhMBvdkDJwrPF7/tS] 
2022-03-16 21:01:44.816 TRACE [org.hibernate.type.descriptor.sql.BasicBinder@main] binding parameter [5] as [VARCHAR] - [anonymous] 
2022-03-16 21:01:44.816 TRACE [org.hibernate.type.descriptor.sql.BasicBinder@main] binding parameter [6] as [INTEGER] - [1] 
2022-03-16 21:01:44.821 DEBUG [org.hibernate.SQL@main] insert into user_account (version, enabled, identity, password, username, id) values (?, ?, ?, ?, ?, ?) 
2022-03-16 21:01:44.822 TRACE [org.hibernate.type.descriptor.sql.BasicBinder@main] binding parameter [1] as [INTEGER] - [0] 
2022-03-16 21:01:44.822 TRACE [org.hibernate.type.descriptor.sql.BasicBinder@main] binding parameter [2] as [BOOLEAN] - [true] 
2022-03-16 21:01:44.822 TRACE [org.hibernate.type.descriptor.sql.BasicBinder@main] binding parameter [3] as [BLOB] - [DefaultUserIdentity(name=Administrator, surname=Acme, email=administrator@acme.com)] 
2022-03-16 21:01:44.823 TRACE [org.hibernate.type.descriptor.sql.BasicBinder@main] binding parameter [4] as [VARCHAR] - [$2a$05$iCQX5uWyI6DuydArOCjI1eaJiFkKkHXrN7PP5zYDH8Tdp416hwfo.] 
2022-03-16 21:01:44.823 TRACE [org.hibernate.type.descriptor.sql.BasicBinder@main] binding parameter [5] as [VARCHAR] - [administrator] 
2022-03-16 21:01:44.823 TRACE [org.hibernate.type.descriptor.sql.BasicBinder@main] binding parameter [6] as [INTEGER] - [2] 
2022-03-16 21:01:44.824 DEBUG [org.hibernate.SQL@main] insert into user_account (version, enabled, identity, password, username, id) values (?, ?, ?, ?, ?, ?) 
2022-03-16 21:01:44.825 TRACE [org.hibernate.type.descriptor.sql.BasicBinder@main] binding parameter [1] as [INTEGER] - [0] 
2022-03-16 21:01:44.825 TRACE [org.hibernate.type.descriptor.sql.BasicBinder@main] binding parameter [2] as [BOOLEAN] - [true] 
2022-03-16 21:01:44.825 TRACE [org.hibernate.type.descriptor.sql.BasicBinder@main] binding parameter [3] as [BLOB] - [DefaultUserIdentity(name=Patron, surname=Two, email=patron2@mail.com)] 
2022-03-16 21:01:44.825 TRACE [org.hibernate.type.descriptor.sql.BasicBinder@main] binding parameter [4] as [VARCHAR] - [$2a$05$tUgzSHw3vd14R.8CGuDUw.LgVg/5guhtsFrXpx.v6o4wSzo09VkaK] 
2022-03-16 21:01:44.825 TRACE [org.hibernate.type.descriptor.sql.BasicBinder@main] binding parameter [5] as [VARCHAR] - [patron2] 
2022-03-16 21:01:44.825 TRACE [org.hibernate.type.descriptor.sql.BasicBinder@main] binding parameter [6] as [INTEGER] - [3] 
2022-03-16 21:01:44.827 DEBUG [org.hibernate.SQL@main] insert into user_account (version, enabled, identity, password, username, id) values (?, ?, ?, ?, ?, ?) 
2022-03-16 21:01:44.827 TRACE [org.hibernate.type.descriptor.sql.BasicBinder@main] binding parameter [1] as [INTEGER] - [0] 
2022-03-16 21:01:44.827 TRACE [org.hibernate.type.descriptor.sql.BasicBinder@main] binding parameter [2] as [BOOLEAN] - [true] 
2022-03-16 21:01:44.827 TRACE [org.hibernate.type.descriptor.sql.BasicBinder@main] binding parameter [3] as [BLOB] - [DefaultUserIdentity(name=Provider, surname=One, email=provider1@mail.com)] 
2022-03-16 21:01:44.828 TRACE [org.hibernate.type.descriptor.sql.BasicBinder@main] binding parameter [4] as [VARCHAR] - [$2a$05$OZ.eAXR4e.nywuCfgG2SMOndUVko6J43q1eeGor3isvTvOL62MXxG] 
2022-03-16 21:01:44.828 TRACE [org.hibernate.type.descriptor.sql.BasicBinder@main] binding parameter [5] as [VARCHAR] - [provider1] 
2022-03-16 21:01:44.828 TRACE [org.hibernate.type.descriptor.sql.BasicBinder@main] binding parameter [6] as [INTEGER] - [4] 
2022-03-16 21:01:44.830 DEBUG [org.hibernate.SQL@main] insert into user_account (version, enabled, identity, password, username, id) values (?, ?, ?, ?, ?, ?) 
2022-03-16 21:01:44.831 TRACE [org.hibernate.type.descriptor.sql.BasicBinder@main] binding parameter [1] as [INTEGER] - [0] 
2022-03-16 21:01:44.831 TRACE [org.hibernate.type.descriptor.sql.BasicBinder@main] binding parameter [2] as [BOOLEAN] - [true] 
2022-03-16 21:01:44.831 TRACE [org.hibernate.type.descriptor.sql.BasicBinder@main] binding parameter [3] as [BLOB] - [DefaultUserIdentity(name=Provider, surname=Two, email=provider2@mail.com)] 
2022-03-16 21:01:44.832 TRACE [org.hibernate.type.descriptor.sql.BasicBinder@main] binding parameter [4] as [VARCHAR] - [$2a$05$3/lZzsGrFG/rNy12OLXd2e669Pb041RDixzaGB6JkYEU06oiNW4NK] 
2022-03-16 21:01:44.832 TRACE [org.hibernate.type.descriptor.sql.BasicBinder@main] binding parameter [5] as [VARCHAR] - [provider2] 
2022-03-16 21:01:44.832 TRACE [org.hibernate.type.descriptor.sql.BasicBinder@main] binding parameter [6] as [INTEGER] - [5] 
2022-03-16 21:01:44.835 DEBUG [org.hibernate.SQL@main] insert into user_account (version, enabled, identity, password, username, id) values (?, ?, ?, ?, ?, ?) 
2022-03-16 21:01:44.835 TRACE [org.hibernate.type.descriptor.sql.BasicBinder@main] binding parameter [1] as [INTEGER] - [0] 
2022-03-16 21:01:44.835 TRACE [org.hibernate.type.descriptor.sql.BasicBinder@main] binding parameter [2] as [BOOLEAN] - [true] 
2022-03-16 21:01:44.836 TRACE [org.hibernate.type.descriptor.sql.BasicBinder@main] binding parameter [3] as [BLOB] - [DefaultUserIdentity(name=Patron, surname=One, email=patron1@mail.com)] 
2022-03-16 21:01:44.836 TRACE [org.hibernate.type.descriptor.sql.BasicBinder@main] binding parameter [4] as [VARCHAR] - [$2a$05$Vl3p7pc39Iwafje9Rj6ObeqbXD4TMOvFcAnh/c/bLnzyJsjtzdH9u] 
2022-03-16 21:01:44.836 TRACE [org.hibernate.type.descriptor.sql.BasicBinder@main] binding parameter [5] as [VARCHAR] - [patron1] 
2022-03-16 21:01:44.836 TRACE [org.hibernate.type.descriptor.sql.BasicBinder@main] binding parameter [6] as [INTEGER] - [6] 
2022-03-16 21:01:44.838 DEBUG [org.hibernate.SQL@main] insert into user_account (version, enabled, identity, password, username, id) values (?, ?, ?, ?, ?, ?) 
2022-03-16 21:01:44.839 TRACE [org.hibernate.type.descriptor.sql.BasicBinder@main] binding parameter [1] as [INTEGER] - [0] 
2022-03-16 21:01:44.843 TRACE [org.hibernate.type.descriptor.sql.BasicBinder@main] binding parameter [2] as [BOOLEAN] - [true] 
2022-03-16 21:01:44.844 TRACE [org.hibernate.type.descriptor.sql.BasicBinder@main] binding parameter [3] as [BLOB] - [DefaultUserIdentity(name=Consumer, surname=One, email=consumer1@mail.com)] 
2022-03-16 21:01:44.844 TRACE [org.hibernate.type.descriptor.sql.BasicBinder@main] binding parameter [4] as [VARCHAR] - [$2a$05$fIZra0bAXR9F5Ru/Pxf3Sud686RrPNpawwz7L4ttdibIOsLo9aHDW] 
2022-03-16 21:01:44.845 TRACE [org.hibernate.type.descriptor.sql.BasicBinder@main] binding parameter [5] as [VARCHAR] - [consumer1] 
2022-03-16 21:01:44.845 TRACE [org.hibernate.type.descriptor.sql.BasicBinder@main] binding parameter [6] as [INTEGER] - [7] 
2022-03-16 21:01:44.848 DEBUG [org.hibernate.SQL@main] insert into user_account (version, enabled, identity, password, username, id) values (?, ?, ?, ?, ?, ?) 
2022-03-16 21:01:44.849 TRACE [org.hibernate.type.descriptor.sql.BasicBinder@main] binding parameter [1] as [INTEGER] - [0] 
2022-03-16 21:01:44.849 TRACE [org.hibernate.type.descriptor.sql.BasicBinder@main] binding parameter [2] as [BOOLEAN] - [true] 
2022-03-16 21:01:44.849 TRACE [org.hibernate.type.descriptor.sql.BasicBinder@main] binding parameter [3] as [BLOB] - [DefaultUserIdentity(name=Inventor, surname=Two, email=inventor2@mail.com)] 
2022-03-16 21:01:44.850 TRACE [org.hibernate.type.descriptor.sql.BasicBinder@main] binding parameter [4] as [VARCHAR] - [$2a$05$poMNh6ME20RHgNILg.TozeR1ggg4O4KwaynrbGdtsBEez11tkbOQe] 
2022-03-16 21:01:44.850 TRACE [org.hibernate.type.descriptor.sql.BasicBinder@main] binding parameter [5] as [VARCHAR] - [inventor2] 
2022-03-16 21:01:44.850 TRACE [org.hibernate.type.descriptor.sql.BasicBinder@main] binding parameter [6] as [INTEGER] - [8] 
2022-03-16 21:01:44.852 DEBUG [org.hibernate.SQL@main] insert into user_account (version, enabled, identity, password, username, id) values (?, ?, ?, ?, ?, ?) 
2022-03-16 21:01:44.853 TRACE [org.hibernate.type.descriptor.sql.BasicBinder@main] binding parameter [1] as [INTEGER] - [0] 
2022-03-16 21:01:44.853 TRACE [org.hibernate.type.descriptor.sql.BasicBinder@main] binding parameter [2] as [BOOLEAN] - [true] 
2022-03-16 21:01:44.853 TRACE [org.hibernate.type.descriptor.sql.BasicBinder@main] binding parameter [3] as [BLOB] - [DefaultUserIdentity(name=Inventor, surname=One, email=inventor1@mail.com)] 
2022-03-16 21:01:44.853 TRACE [org.hibernate.type.descriptor.sql.BasicBinder@main] binding parameter [4] as [VARCHAR] - [$2a$05$jxY2MSw6UKjoc0xIw0x.nus5Uzq00LiBGW7IdOQ3Q8/4CDRyImsZu] 
2022-03-16 21:01:44.853 TRACE [org.hibernate.type.descriptor.sql.BasicBinder@main] binding parameter [5] as [VARCHAR] - [inventor1] 
2022-03-16 21:01:44.853 TRACE [org.hibernate.type.descriptor.sql.BasicBinder@main] binding parameter [6] as [INTEGER] - [9] 
2022-03-16 21:01:44.855 DEBUG [org.hibernate.SQL@main] insert into user_account (version, enabled, identity, password, username, id) values (?, ?, ?, ?, ?, ?) 
2022-03-16 21:01:44.857 TRACE [org.hibernate.type.descriptor.sql.BasicBinder@main] binding parameter [1] as [INTEGER] - [0] 
2022-03-16 21:01:44.858 TRACE [org.hibernate.type.descriptor.sql.BasicBinder@main] binding parameter [2] as [BOOLEAN] - [true] 
2022-03-16 21:01:44.859 TRACE [org.hibernate.type.descriptor.sql.BasicBinder@main] binding parameter [3] as [BLOB] - [DefaultUserIdentity(name=Consumer, surname=Two, email=consumer2@mail.com)] 
2022-03-16 21:01:44.860 TRACE [org.hibernate.type.descriptor.sql.BasicBinder@main] binding parameter [4] as [VARCHAR] - [$2a$05$MN6RK3w1S3CSH8oe/X5wiOweZgzx1/fnAUFf57v0UuLkDmSHSEcoq] 
2022-03-16 21:01:44.861 TRACE [org.hibernate.type.descriptor.sql.BasicBinder@main] binding parameter [5] as [VARCHAR] - [consumer2] 
2022-03-16 21:01:44.861 TRACE [org.hibernate.type.descriptor.sql.BasicBinder@main] binding parameter [6] as [INTEGER] - [10] 
2022-03-16 21:01:44.864 DEBUG [org.hibernate.SQL@main] insert into provider (version, user_account_id, company, sector, id) values (?, ?, ?, ?, ?) 
2022-03-16 21:01:44.865 TRACE [org.hibernate.type.descriptor.sql.BasicBinder@main] binding parameter [1] as [INTEGER] - [0] 
2022-03-16 21:01:44.865 TRACE [org.hibernate.type.descriptor.sql.BasicBinder@main] binding parameter [2] as [INTEGER] - [2] 
2022-03-16 21:01:44.865 TRACE [org.hibernate.type.descriptor.sql.BasicBinder@main] binding parameter [3] as [VARCHAR] - [Terra Nets, S.A.] 
2022-03-16 21:01:44.865 TRACE [org.hibernate.type.descriptor.sql.BasicBinder@main] binding parameter [4] as [VARCHAR] - [Internet] 
2022-03-16 21:01:44.865 TRACE [org.hibernate.type.descriptor.sql.BasicBinder@main] binding parameter [5] as [INTEGER] - [11] 
2022-03-16 21:01:44.874 DEBUG [org.hibernate.SQL@main] insert into authenticated (version, user_account_id, id) values (?, ?, ?) 
2022-03-16 21:01:44.874 TRACE [org.hibernate.type.descriptor.sql.BasicBinder@main] binding parameter [1] as [INTEGER] - [0] 
2022-03-16 21:01:44.875 TRACE [org.hibernate.type.descriptor.sql.BasicBinder@main] binding parameter [2] as [INTEGER] - [2] 
2022-03-16 21:01:44.875 TRACE [org.hibernate.type.descriptor.sql.BasicBinder@main] binding parameter [3] as [INTEGER] - [12] 
2022-03-16 21:01:44.881 DEBUG [org.hibernate.SQL@main] insert into anonymous (version, user_account_id, id) values (?, ?, ?) 
2022-03-16 21:01:44.881 TRACE [org.hibernate.type.descriptor.sql.BasicBinder@main] binding parameter [1] as [INTEGER] - [0] 
2022-03-16 21:01:44.882 TRACE [org.hibernate.type.descriptor.sql.BasicBinder@main] binding parameter [2] as [INTEGER] - [1] 
2022-03-16 21:01:44.882 TRACE [org.hibernate.type.descriptor.sql.BasicBinder@main] binding parameter [3] as [INTEGER] - [13] 
2022-03-16 21:01:44.886 DEBUG [org.hibernate.SQL@main] insert into administrator (version, user_account_id, id) values (?, ?, ?) 
2022-03-16 21:01:44.886 TRACE [org.hibernate.type.descriptor.sql.BasicBinder@main] binding parameter [1] as [INTEGER] - [0] 
2022-03-16 21:01:44.886 TRACE [org.hibernate.type.descriptor.sql.BasicBinder@main] binding parameter [2] as [INTEGER] - [2] 
2022-03-16 21:01:44.886 TRACE [org.hibernate.type.descriptor.sql.BasicBinder@main] binding parameter [3] as [INTEGER] - [14] 
2022-03-16 21:01:44.890 DEBUG [org.hibernate.SQL@main] insert into consumer (version, user_account_id, company, sector, id) values (?, ?, ?, ?, ?) 
2022-03-16 21:01:44.891 TRACE [org.hibernate.type.descriptor.sql.BasicBinder@main] binding parameter [1] as [INTEGER] - [0] 
2022-03-16 21:01:44.891 TRACE [org.hibernate.type.descriptor.sql.BasicBinder@main] binding parameter [2] as [INTEGER] - [2] 
2022-03-16 21:01:44.891 TRACE [org.hibernate.type.descriptor.sql.BasicBinder@main] binding parameter [3] as [VARCHAR] - [Macarena, Inc.] 
2022-03-16 21:01:44.891 TRACE [org.hibernate.type.descriptor.sql.BasicBinder@main] binding parameter [4] as [VARCHAR] - [Telecommunications] 
2022-03-16 21:01:44.891 TRACE [org.hibernate.type.descriptor.sql.BasicBinder@main] binding parameter [5] as [INTEGER] - [15] 
2022-03-16 21:01:46.271 INFO  [acme.framework.configuration.ShutdownConfiguration@main] The system is shutting down... 
2022-03-16 21:01:46.290 DEBUG [acme.Launcher@main] Exit code = 0 
